<client>
  <version>66</version>
  <baseCurrency>EUR</baseCurrency>
  <securities>
    <security>
      <uuid>918013a9-5f0f-4cd5-baa8-74ec6fa41d57</uuid>
      <onlineId>b7f458d6debe41288ee029cbbdc9ed69</onlineId>
      <name>PROSUS (sell-buy)</name>
      <currencyCode>EUR</currencyCode>
      <isin>NL0013654783</isin>
      <tickerSymbol>1TY</tickerSymbol>
      <wkn>A2PRDK</wkn>
      <feed>PORTFOLIO-REPORT</feed>
      <prices>
        <price t="2019-09-12" v="8400000000"/>
        <price t="2019-09-13" v="7378000000"/>
        <price t="2019-09-16" v="7342000000"/>
        <price t="2019-09-17" v="6965000000"/>
        <price t="2019-09-18" v="6770000000"/>
        <price t="2019-09-19" v="6820000000"/>
        <price t="2019-09-20" v="6926000000"/>
        <price t="2019-09-23" v="6970000000"/>
        <price t="2019-09-24" v="6933000000"/>
        <price t="2019-09-25" v="6843000000"/>
        <price t="2019-09-26" v="6800000000"/>
        <price t="2019-09-27" v="6620000000"/>
        <price t="2019-09-30" v="6691000000"/>
        <price t="2019-10-01" v="6755000000"/>
        <price t="2019-10-02" v="6600000000"/>
        <price t="2019-10-04" v="6568000000"/>
        <price t="2019-10-07" v="6570000000"/>
        <price t="2019-10-08" v="6476000000"/>
        <price t="2019-10-09" v="6450000000"/>
        <price t="2019-10-10" v="6470000000"/>
        <price t="2019-10-11" v="6660000000"/>
        <price t="2019-10-14" v="6569000000"/>
        <price t="2019-10-15" v="6615000000"/>
        <price t="2019-10-16" v="6598000000"/>
        <price t="2019-10-17" v="6688000000"/>
        <price t="2019-10-18" v="6717000000"/>
        <price t="2019-10-21" v="6605000000"/>
        <price t="2019-10-22" v="6652000000"/>
        <price t="2019-10-23" v="6268000000"/>
        <price t="2019-10-24" v="6353000000"/>
        <price t="2019-10-25" v="6243000000"/>
        <price t="2019-10-28" v="6320000000"/>
        <price t="2019-10-29" v="6308000000"/>
        <price t="2019-10-30" v="6176000000"/>
        <price t="2019-10-31" v="6185000000"/>
        <price t="2019-11-01" v="6201000000"/>
        <price t="2019-11-04" v="6200000000"/>
        <price t="2019-11-05" v="6329000000"/>
        <price t="2019-11-06" v="6300000000"/>
        <price t="2019-11-07" v="6368000000"/>
        <price t="2019-11-08" v="6325000000"/>
        <price t="2019-11-11" v="6229000000"/>
        <price t="2019-11-12" v="6217000000"/>
        <price t="2019-11-13" v="6150000000"/>
        <price t="2019-11-14" v="6085000000"/>
        <price t="2019-11-15" v="6146000000"/>
        <price t="2019-11-18" v="6250000000"/>
        <price t="2019-11-19" v="6240000000"/>
        <price t="2019-11-20" v="6229000000"/>
        <price t="2019-11-21" v="6240000000"/>
        <price t="2019-11-22" v="6332000000"/>
        <price t="2019-11-25" v="6367000000"/>
        <price t="2019-11-26" v="6240000000"/>
        <price t="2019-11-27" v="6295000000"/>
        <price t="2019-11-28" v="6258000000"/>
        <price t="2019-11-29" v="6184000000"/>
        <price t="2019-12-02" v="6061000000"/>
        <price t="2019-12-03" v="5984000000"/>
        <price t="2019-12-04" v="6025000000"/>
        <price t="2019-12-05" v="5976000000"/>
        <price t="2019-12-06" v="6100000000"/>
        <price t="2019-12-09" v="6005000000"/>
        <price t="2019-12-10" v="5902000000"/>
        <price t="2019-12-11" v="5939000000"/>
        <price t="2019-12-12" v="6051000000"/>
        <price t="2019-12-13" v="6180000000"/>
        <price t="2019-12-16" v="6297000000"/>
        <price t="2019-12-17" v="6487000000"/>
        <price t="2019-12-18" v="6550000000"/>
        <price t="2019-12-19" v="6546000000"/>
        <price t="2019-12-20" v="6667000000"/>
        <price t="2019-12-23" v="6649000000"/>
        <price t="2019-12-27" v="6716000000"/>
        <price t="2019-12-30" v="6723000000"/>
        <price t="2020-01-02" v="6855000000"/>
        <price t="2020-01-03" v="6696000000"/>
        <price t="2020-01-06" v="6670000000"/>
        <price t="2020-01-07" v="6788000000"/>
        <price t="2020-01-08" v="6772000000"/>
        <price t="2020-01-09" v="6963000000"/>
        <price t="2020-01-10" v="7198000000"/>
        <price t="2020-01-13" v="7166000000"/>
        <price t="2020-01-14" v="7126000000"/>
        <price t="2020-01-15" v="7085000000"/>
        <price t="2020-01-16" v="7085000000"/>
        <price t="2020-01-17" v="7148000000"/>
        <price t="2020-01-20" v="7244000000"/>
        <price t="2020-01-21" v="7095000000"/>
        <price t="2020-01-22" v="6897000000"/>
        <price t="2020-01-23" v="6766000000"/>
        <price t="2020-01-24" v="6852000000"/>
        <price t="2020-01-27" v="6507000000"/>
        <price t="2020-01-29" v="6792000000"/>
        <price t="2020-01-30" v="6910000000"/>
        <price t="2020-01-31" v="6678000000"/>
        <price t="2020-02-03" v="6687000000"/>
        <price t="2020-02-04" v="6810000000"/>
        <price t="2020-02-05" v="6900000000"/>
        <price t="2020-02-06" v="7028000000"/>
        <price t="2020-02-07" v="6931000000"/>
        <price t="2020-02-10" v="6833000000"/>
        <price t="2020-02-11" v="7025000000"/>
        <price t="2020-02-12" v="7075000000"/>
        <price t="2020-02-13" v="7223000000"/>
        <price t="2020-02-14" v="7192000000"/>
        <price t="2020-02-17" v="7228000000"/>
        <price t="2020-02-18" v="7122000000"/>
        <price t="2020-02-19" v="7340000000"/>
        <price t="2020-02-20" v="7142000000"/>
        <price t="2020-02-21" v="7115000000"/>
        <price t="2020-02-24" v="6782000000"/>
        <price t="2020-02-26" v="6855000000"/>
        <price t="2020-02-27" v="6571000000"/>
        <price t="2020-02-28" v="6129000000"/>
        <price t="2020-03-02" v="6492000000"/>
        <price t="2020-03-03" v="6436000000"/>
        <price t="2020-03-04" v="6425000000"/>
        <price t="2020-03-06" v="6309000000"/>
        <price t="2020-03-09" v="5918000000"/>
        <price t="2020-03-10" v="6045000000"/>
        <price t="2020-03-11" v="5931000000"/>
        <price t="2020-03-12" v="5282000000"/>
        <price t="2020-03-13" v="5580000000"/>
        <price t="2020-03-16" v="4912500000"/>
        <price t="2020-03-17" v="4870500000"/>
        <price t="2020-03-18" v="4927000000"/>
        <price t="2020-03-19" v="5154000000"/>
        <price t="2020-03-20" v="5398000000"/>
        <price t="2020-03-23" v="5503000000"/>
        <price t="2020-03-24" v="5725000000"/>
        <price t="2020-03-26" v="6379000000"/>
        <price t="2020-03-27" v="5980000000"/>
        <price t="2020-03-30" v="6203000000"/>
        <price t="2020-03-31" v="6291000000"/>
        <price t="2020-04-01" v="6052000000"/>
        <price t="2020-04-02" v="6052000000"/>
        <price t="2020-04-03" v="6074000000"/>
        <price t="2020-04-06" v="6268000000"/>
        <price t="2020-04-07" v="6360000000"/>
        <price t="2020-04-08" v="6342000000"/>
        <price t="2020-04-09" v="6314000000"/>
        <price t="2020-04-14" v="6318000000"/>
        <price t="2020-04-15" v="6210000000"/>
        <price t="2020-04-16" v="6526000000"/>
        <price t="2020-04-17" v="6546000000"/>
        <price t="2020-04-20" v="6688000000"/>
        <price t="2020-04-21" v="6500000000"/>
        <price t="2020-04-22" v="6754000000"/>
        <price t="2020-04-23" v="6766000000"/>
        <price t="2020-04-24" v="6748000000"/>
        <price t="2020-04-27" v="6794000000"/>
        <price t="2020-04-28" v="6946000000"/>
        <price t="2020-04-29" v="6946000000"/>
        <price t="2020-04-30" v="6920000000"/>
        <price t="2020-05-04" v="6704000000"/>
        <price t="2020-05-05" v="6954000000"/>
        <price t="2020-05-06" v="6962000000"/>
        <price t="2020-05-07" v="7088000000"/>
        <price t="2020-05-08" v="7342000000"/>
        <price t="2020-05-11" v="7718000000"/>
        <price t="2020-05-12" v="7858000000"/>
        <price t="2020-05-13" v="8222000000"/>
        <price t="2020-05-14" v="8064000000"/>
        <price t="2020-05-15" v="7884000000"/>
        <price t="2020-05-18" v="7886000000"/>
        <price t="2020-05-19" v="8130000000"/>
        <price t="2020-05-20" v="8396000000"/>
        <price t="2020-05-21" v="8100000000"/>
        <price t="2020-05-22" v="7812000000"/>
        <price t="2020-05-25" v="7786000000"/>
        <price t="2020-05-26" v="7850000000"/>
        <price t="2020-05-27" v="7498000000"/>
        <price t="2020-05-28" v="7450000000"/>
        <price t="2020-05-29" v="7390000000"/>
        <price t="2020-06-02" v="7612000000"/>
        <price t="2020-06-03" v="7634000000"/>
        <price t="2020-06-04" v="7488000000"/>
        <price t="2020-06-05" v="7556000000"/>
        <price t="2020-06-08" v="7420000000"/>
        <price t="2020-06-09" v="7604000000"/>
        <price t="2020-06-10" v="7824000000"/>
        <price t="2020-06-11" v="7750000000"/>
        <price t="2020-06-12" v="7700000000"/>
        <price t="2020-06-15" v="7486000000"/>
        <price t="2020-06-16" v="7844000000"/>
        <price t="2020-06-17" v="7940000000"/>
        <price t="2020-06-18" v="8030000000"/>
        <price t="2020-06-19" v="8048000000"/>
        <price t="2020-06-22" v="8190000000"/>
        <price t="2020-06-23" v="8476000000"/>
        <price t="2020-06-24" v="8224000000"/>
        <price t="2020-06-25" v="8020000000"/>
        <price t="2020-06-26" v="8066000000"/>
        <price t="2020-06-29" v="8010000000"/>
        <price t="2020-06-30" v="8188000000"/>
        <price t="2020-07-01" v="8272000000"/>
        <price t="2020-07-02" v="8366000000"/>
        <price t="2020-07-03" v="8416000000"/>
        <price t="2020-07-06" v="8486000000"/>
        <price t="2020-07-07" v="8490000000"/>
        <price t="2020-07-08" v="8682000000"/>
        <price t="2020-07-09" v="8820000000"/>
        <price t="2020-07-10" v="8650000000"/>
        <price t="2020-07-13" v="8796000000"/>
        <price t="2020-07-14" v="8438000000"/>
        <price t="2020-07-15" v="8660000000"/>
        <price t="2020-07-16" v="8470000000"/>
        <price t="2020-07-17" v="8468000000"/>
        <price t="2020-07-20" v="8438000000"/>
        <price t="2020-07-21" v="8850000000"/>
        <price t="2020-07-22" v="8514000000"/>
        <price t="2020-07-23" v="8556000000"/>
        <price t="2020-07-24" v="8210000000"/>
        <price t="2020-07-27" v="8260000000"/>
        <price t="2020-07-28" v="8290000000"/>
        <price t="2020-07-29" v="8400000000"/>
        <price t="2020-07-30" v="8146000000"/>
        <price t="2020-07-31" v="8220000000"/>
        <price t="2020-08-03" v="8388000000"/>
        <price t="2020-08-04" v="8300000000"/>
        <price t="2020-08-05" v="8468000000"/>
        <price t="2020-08-06" v="8426000000"/>
        <price t="2020-08-07" v="8058000000"/>
        <price t="2020-08-10" v="7748000000"/>
        <price t="2020-08-11" v="7972000000"/>
        <price t="2020-08-12" v="8280000000"/>
        <price t="2020-08-13" v="8054000000"/>
        <price t="2020-08-14" v="7974000000"/>
        <price t="2020-08-17" v="7974000000"/>
        <price t="2020-08-18" v="7904000000"/>
        <price t="2020-08-19" v="7786000000"/>
        <price t="2020-08-20" v="7680000000"/>
        <price t="2020-08-21" v="8070000000"/>
        <price t="2020-08-24" v="8270000000"/>
        <price t="2020-08-25" v="8444000000"/>
        <price t="2020-08-26" v="8752000000"/>
        <price t="2020-08-27" v="8858000000"/>
        <price t="2020-08-28" v="8632000000"/>
        <price t="2020-08-31" v="8382000000"/>
        <price t="2020-09-01" v="8748000000"/>
        <price t="2020-09-02" v="8668000000"/>
        <price t="2020-09-03" v="8242000000"/>
        <price t="2020-09-04" v="8032000000"/>
        <price t="2020-09-07" v="8048000000"/>
        <price t="2020-09-08" v="7986000000"/>
        <price t="2020-09-09" v="8124000000"/>
        <price t="2020-09-10" v="8084000000"/>
        <price t="2020-09-11" v="8090000000"/>
        <price t="2020-09-14" v="8138000000"/>
        <price t="2020-09-15" v="8232000000"/>
        <price t="2020-09-16" v="8220000000"/>
        <price t="2020-09-17" v="8076000000"/>
        <price t="2020-09-18" v="7886000000"/>
        <price t="2020-09-21" v="7604000000"/>
        <price t="2020-09-22" v="7770000000"/>
        <price t="2020-09-23" v="8030000000"/>
        <price t="2020-09-24" v="7922000000"/>
        <price t="2020-09-25" v="7788000000"/>
        <price t="2020-09-28" v="7828000000"/>
        <price t="2020-09-29" v="7742000000"/>
        <price t="2020-09-30" v="7856000000"/>
        <price t="2020-10-01" v="7902000000"/>
        <price t="2020-10-02" v="7966000000"/>
        <price t="2020-10-05" v="8028000000"/>
        <price t="2020-10-06" v="7976000000"/>
        <price t="2020-10-07" v="7886000000"/>
        <price t="2020-10-08" v="7766000000"/>
        <price t="2020-10-09" v="8044000000"/>
        <price t="2020-10-12" v="8146000000"/>
        <price t="2020-10-13" v="8234000000"/>
        <price t="2020-10-14" v="8394000000"/>
        <price t="2020-10-15" v="8140000000"/>
        <price t="2020-10-16" v="8376000000"/>
        <price t="2020-10-19" v="8302000000"/>
        <price t="2020-10-20" v="8258000000"/>
        <price t="2020-10-21" v="8130000000"/>
        <price t="2020-10-22" v="8032000000"/>
        <price t="2020-10-23" v="7946000000"/>
        <price t="2020-10-26" v="8080000000"/>
        <price t="2020-10-27" v="8362000000"/>
        <price t="2020-10-28" v="8268000000"/>
        <price t="2020-10-29" v="8328000000"/>
        <price t="2020-10-30" v="8582000000"/>
        <price t="2020-11-02" v="8754000000"/>
        <price t="2020-11-03" v="8498000000"/>
        <price t="2020-11-04" v="9106000000"/>
        <price t="2020-11-05" v="9416000000"/>
        <price t="2020-11-06" v="9722000000"/>
        <price t="2020-11-09" v="9582000000"/>
        <price t="2020-11-10" v="8968000000"/>
        <price t="2020-11-11" v="8730000000"/>
        <price t="2020-11-12" v="8982000000"/>
        <price t="2020-11-13" v="8936000000"/>
        <price t="2020-11-16" v="8792000000"/>
        <price t="2020-11-17" v="8776000000"/>
        <price t="2020-11-18" v="8872000000"/>
        <price t="2020-11-19" v="8756000000"/>
        <price t="2020-11-20" v="9094000000"/>
        <price t="2020-11-23" v="9148000000"/>
        <price t="2020-11-24" v="9294000000"/>
        <price t="2020-11-25" v="9234000000"/>
        <price t="2020-11-26" v="9388000000"/>
        <price t="2020-11-27" v="9330000000"/>
        <price t="2020-11-30" v="9120000000"/>
        <price t="2020-12-01" v="9356000000"/>
        <price t="2020-12-02" v="9238000000"/>
        <price t="2020-12-03" v="9396000000"/>
        <price t="2020-12-04" v="9308000000"/>
        <price t="2020-12-07" v="9252000000"/>
        <price t="2020-12-08" v="9198000000"/>
        <price t="2020-12-09" v="9284000000"/>
        <price t="2020-12-10" v="9204000000"/>
        <price t="2020-12-11" v="9300000000"/>
        <price t="2020-12-14" v="9050000000"/>
        <price t="2020-12-15" v="9136000000"/>
        <price t="2020-12-16" v="9168000000"/>
        <price t="2020-12-17" v="9200000000"/>
        <price t="2020-12-18" v="8980000000"/>
        <price t="2020-12-21" v="9092000000"/>
        <price t="2020-12-22" v="8970000000"/>
        <price t="2020-12-23" v="9044000000"/>
        <price t="2020-12-28" v="8600000000"/>
        <price t="2020-12-29" v="8792000000"/>
        <price t="2020-12-30" v="8886000000"/>
        <price t="2021-01-04" v="8816000000"/>
        <price t="2021-01-05" v="9000000000"/>
        <price t="2021-01-06" v="8924000000"/>
        <price t="2021-01-07" v="8404000000"/>
        <price t="2021-01-08" v="8684000000"/>
        <price t="2021-01-11" v="8746000000"/>
        <price t="2021-01-12" v="8818000000"/>
        <price t="2021-01-13" v="8874000000"/>
        <price t="2021-01-14" v="9270000000"/>
        <price t="2021-01-15" v="9204000000"/>
        <price t="2021-01-18" v="9308000000"/>
        <price t="2021-01-19" v="9658000000"/>
        <price t="2021-01-20" v="9856000000"/>
        <price t="2021-01-21" v="9694000000"/>
        <price t="2021-01-22" v="9920000000"/>
        <price t="2021-01-25" v="10340000000"/>
        <price t="2021-01-26" v="10030000000"/>
        <price t="2021-01-27" v="9608000000"/>
        <price t="2021-01-28" v="9732000000"/>
        <price t="2021-01-29" v="9630000000"/>
        <price t="2021-02-01" v="9800000000"/>
        <price t="2021-02-02" v="9920000000"/>
        <price t="2021-02-03" v="10020000000"/>
        <price t="2021-02-04" v="10155000000"/>
        <price t="2021-02-05" v="10070000000"/>
        <price t="2021-02-08" v="10170000000"/>
        <price t="2021-02-09" v="10200000000"/>
        <price t="2021-02-10" v="10355000000"/>
        <price t="2021-02-11" v="10435000000"/>
        <price t="2021-02-12" v="10580000000"/>
        <price t="2021-02-15" v="10680000000"/>
        <price t="2021-02-16" v="10580000000"/>
        <price t="2021-02-17" v="10905000000"/>
        <price t="2021-02-18" v="10860000000"/>
        <price t="2021-02-19" v="10870000000"/>
        <price t="2021-02-22" v="10385000000"/>
        <price t="2021-02-23" v="10005000000"/>
        <price t="2021-02-24" v="10005000000"/>
        <price t="2021-02-25" v="9900000000"/>
        <price t="2021-02-26" v="9772000000"/>
        <price t="2021-03-01" v="10025000000"/>
        <price t="2021-03-02" v="10040000000"/>
        <price t="2021-03-03" v="10100000000"/>
        <price t="2021-03-04" v="9828000000"/>
        <price t="2021-03-05" v="9400000000"/>
        <price t="2021-03-08" v="9332000000"/>
        <price t="2021-03-09" v="9690000000"/>
        <price t="2021-03-10" v="9868000000"/>
        <price t="2021-03-11" v="10120000000"/>
        <price t="2021-03-12" v="9500000000"/>
        <price t="2021-03-15" v="9376000000"/>
        <price t="2021-03-16" v="9480000000"/>
        <price t="2021-03-17" v="9292000000"/>
        <price t="2021-03-18" v="9246000000"/>
        <price t="2021-03-19" v="9318000000"/>
        <price t="2021-03-22" v="9456000000"/>
        <price t="2021-03-23" v="9486000000"/>
        <price t="2021-03-24" v="9362000000"/>
        <price t="2021-03-25" v="9286000000"/>
        <price t="2021-03-26" v="9426000000"/>
        <price t="2021-03-29" v="9372000000"/>
        <price t="2021-03-30" v="9534000000"/>
        <price t="2021-03-31" v="9470000000"/>
        <price t="2021-04-01" v="10040000000"/>
        <price t="2021-04-06" v="9865000000"/>
        <price t="2021-04-07" v="9470000000"/>
        <price t="2021-04-08" v="9618000000"/>
        <price t="2021-04-09" v="9453000000"/>
        <price t="2021-04-12" v="9318000000"/>
        <price t="2021-04-13" v="9445000000"/>
        <price t="2021-04-14" v="9461000000"/>
        <price t="2021-04-15" v="9665000000"/>
        <price t="2021-04-16" v="9669000000"/>
        <price t="2021-04-19" v="9430000000"/>
        <price t="2021-04-20" v="9267000000"/>
        <price t="2021-04-21" v="9212000000"/>
        <price t="2021-04-22" v="9301000000"/>
        <price t="2021-04-23" v="9287000000"/>
        <price t="2021-04-26" v="9224000000"/>
        <price t="2021-04-27" v="9259000000"/>
        <price t="2021-04-28" v="9285000000"/>
        <price t="2021-04-29" v="9178000000"/>
        <price t="2021-04-30" v="9080000000"/>
        <price t="2021-05-03" v="9070000000"/>
        <price t="2021-05-04" v="8652000000"/>
        <price t="2021-05-05" v="8750000000"/>
        <price t="2021-05-06" v="8858000000"/>
        <price t="2021-05-07" v="8964000000"/>
        <price t="2021-05-10" v="8648000000"/>
        <price t="2021-05-11" v="8421000000"/>
        <price t="2021-05-12" v="8612000000"/>
        <price t="2021-05-13" v="8406000000"/>
        <price t="2021-05-14" v="8427000000"/>
        <price t="2021-05-17" v="8519000000"/>
        <price t="2021-05-18" v="8425000000"/>
        <price t="2021-05-19" v="8291000000"/>
        <price t="2021-05-20" v="8480000000"/>
        <price t="2021-05-21" v="8403000000"/>
        <price t="2021-05-25" v="8567000000"/>
        <price t="2021-05-26" v="8530000000"/>
        <price t="2021-05-27" v="8329000000"/>
        <price t="2021-05-28" v="8434000000"/>
        <price t="2021-05-31" v="8436000000"/>
        <price t="2021-06-01" v="8629000000"/>
        <price t="2021-06-02" v="8654000000"/>
        <price t="2021-06-03" v="8589000000"/>
        <price t="2021-06-04" v="8740000000"/>
        <price t="2021-06-07" v="8601000000"/>
        <price t="2021-06-08" v="8587000000"/>
        <price t="2021-06-09" v="8530000000"/>
        <price t="2021-06-10" v="8526000000"/>
        <price t="2021-06-11" v="8543000000"/>
        <price t="2021-06-14" v="8535000000"/>
        <price t="2021-06-15" v="8452000000"/>
        <price t="2021-06-16" v="8555000000"/>
        <price t="2021-06-17" v="8534000000"/>
        <price t="2021-06-18" v="8398000000"/>
        <price t="2021-06-21" v="8500000000"/>
        <price t="2021-06-22" v="8259000000"/>
        <price t="2021-06-23" v="8245000000"/>
        <price t="2021-06-24" v="8225000000"/>
        <price t="2021-06-25" v="8253000000"/>
        <price t="2021-06-28" v="8285000000"/>
        <price t="2021-06-29" v="8370000000"/>
        <price t="2021-06-30" v="8341000000"/>
        <price t="2021-07-01" v="8187000000"/>
        <price t="2021-07-02" v="8288000000"/>
        <price t="2021-07-05" v="7804000000"/>
        <price t="2021-07-06" v="7851000000"/>
        <price t="2021-07-07" v="8065000000"/>
        <price t="2021-07-08" v="7702000000"/>
        <price t="2021-07-09" v="7748000000"/>
        <price t="2021-07-12" v="7778000000"/>
        <price t="2021-07-13" v="7936000000"/>
        <price t="2021-07-14" v="7992000000"/>
        <price t="2021-07-15" v="8045000000"/>
        <price t="2021-07-16" v="8070000000"/>
        <price t="2021-07-19" v="8009000000"/>
        <price t="2021-07-20" v="7910000000"/>
        <price t="2021-07-21" v="8007000000"/>
        <price t="2021-07-22" v="8133000000"/>
        <price t="2021-07-23" v="7950000000"/>
        <price t="2021-07-26" v="7300000000"/>
        <price t="2021-07-27" v="6764000000"/>
        <price t="2021-07-28" v="7207000000"/>
        <price t="2021-07-29" v="7627000000"/>
        <price t="2021-07-30" v="7479000000"/>
        <price t="2021-08-02" v="7597000000"/>
        <price t="2021-08-03" v="7068000000"/>
        <price t="2021-08-04" v="7259000000"/>
        <price t="2021-08-05" v="7162000000"/>
        <price t="2021-08-06" v="7217000000"/>
        <price t="2021-08-09" v="7546000000"/>
        <price t="2021-08-10" v="7886000000"/>
        <price t="2021-08-11" v="7855000000"/>
        <price t="2021-08-12" v="7779000000"/>
        <price t="2021-08-13" v="7551000000"/>
        <price t="2021-08-16" v="7354000000"/>
        <price t="2021-08-17" v="7200000000"/>
        <price t="2021-08-18" v="7256000000"/>
        <price t="2021-08-19" v="6904000000"/>
        <price t="2021-08-20" v="6850000000"/>
        <price t="2021-08-23" v="6833000000"/>
        <price t="2021-08-24" v="7122000000"/>
        <price t="2021-08-25" v="7178000000"/>
        <price t="2021-08-26" v="7112000000"/>
        <price t="2021-08-27" v="7204000000"/>
        <price t="2021-08-30" v="7057000000"/>
        <price t="2021-08-31" v="7441000000"/>
        <price t="2021-09-01" v="7776000000"/>
        <price t="2021-09-02" v="7766000000"/>
        <price t="2021-09-03" v="7718000000"/>
        <price t="2021-09-06" v="7895000000"/>
        <price t="2021-09-07" v="7984000000"/>
        <price t="2021-09-08" v="7850000000"/>
        <price t="2021-09-09" v="7411000000"/>
        <price t="2021-09-10" v="7333000000"/>
        <price t="2021-09-13" v="7170000000"/>
        <price t="2021-09-14" v="7161000000"/>
        <price t="2021-09-15" v="6905000000"/>
        <price t="2021-09-16" v="7000000000"/>
        <price t="2021-09-17" v="6914000000"/>
        <price t="2021-09-20" v="6790000000"/>
        <price t="2021-09-21" v="6875000000"/>
        <price t="2021-09-22" v="6979000000"/>
        <price t="2021-09-23" v="7076000000"/>
        <price t="2021-09-24" v="7013000000"/>
        <price t="2021-09-27" v="7009000000"/>
        <price t="2021-09-28" v="6928000000"/>
        <price t="2021-09-29" v="6966000000"/>
        <price t="2021-09-30" v="6950000000"/>
        <price t="2021-10-01" v="6840000000"/>
        <price t="2021-10-04" v="6676000000"/>
        <price t="2021-10-05" v="6869000000"/>
        <price t="2021-10-06" v="6710000000"/>
        <price t="2021-10-07" v="7219000000"/>
        <price t="2021-10-08" v="7130000000"/>
        <price t="2021-10-11" v="7145000000"/>
        <price t="2021-10-12" v="7114000000"/>
        <price t="2021-10-13" v="7124000000"/>
        <price t="2021-10-14" v="7236000000"/>
        <price t="2021-10-15" v="7357000000"/>
        <price t="2021-10-18" v="7308000000"/>
        <price t="2021-10-19" v="7640000000"/>
        <price t="2021-10-20" v="7903000000"/>
        <price t="2021-10-21" v="7866000000"/>
        <price t="2021-10-22" v="7823000000"/>
        <price t="2021-10-25" v="7666000000"/>
        <price t="2021-10-26" v="7744000000"/>
        <price t="2021-10-27" v="7551000000"/>
        <price t="2021-10-28" v="7571000000"/>
        <price t="2021-10-29" v="7571000000"/>
        <price t="2021-11-01" v="7677000000"/>
        <price t="2021-11-02" v="7344000000"/>
        <price t="2021-11-03" v="7618000000"/>
        <price t="2021-11-04" v="7615000000"/>
        <price t="2021-11-05" v="7345000000"/>
        <price t="2021-11-08" v="7271000000"/>
        <price t="2021-11-09" v="7285000000"/>
        <price t="2021-11-10" v="7343000000"/>
        <price t="2021-11-11" v="7305000000"/>
        <price t="2021-11-12" v="7525000000"/>
        <price t="2021-11-15" v="7582000000"/>
        <price t="2021-11-16" v="7849000000"/>
        <price t="2021-11-17" v="7769000000"/>
        <price t="2021-11-18" v="7648000000"/>
        <price t="2021-11-19" v="7738000000"/>
        <price t="2021-11-22" v="7520000000"/>
        <price t="2021-11-23" v="7465000000"/>
        <price t="2021-11-24" v="7358000000"/>
        <price t="2021-11-25" v="7402000000"/>
        <price t="2021-11-26" v="7088000000"/>
        <price t="2021-11-29" v="7070000000"/>
        <price t="2021-11-30" v="7137000000"/>
        <price t="2021-12-01" v="7516000000"/>
        <price t="2021-12-02" v="7190000000"/>
        <price t="2021-12-03" v="6990000000"/>
        <price t="2021-12-06" v="7213000000"/>
        <price t="2021-12-07" v="7563000000"/>
        <price t="2021-12-08" v="7353000000"/>
        <price t="2021-12-09" v="7331000000"/>
        <price t="2021-12-10" v="7200000000"/>
        <price t="2021-12-13" v="7071000000"/>
        <price t="2021-12-14" v="6989000000"/>
        <price t="2021-12-15" v="6820000000"/>
        <price t="2021-12-16" v="7010000000"/>
        <price t="2021-12-17" v="6959000000"/>
        <price t="2021-12-20" v="6841000000"/>
        <price t="2021-12-21" v="6871000000"/>
        <price t="2021-12-22" v="7036000000"/>
        <price t="2021-12-23" v="7305000000"/>
        <price t="2021-12-27" v="7381000000"/>
        <price t="2021-12-28" v="7183000000"/>
        <price t="2021-12-29" v="7070000000"/>
        <price t="2021-12-30" v="7100000000"/>
        <price t="2022-01-03" v="7390000000"/>
        <price t="2022-01-04" v="7336000000"/>
        <price t="2022-01-05" v="7230000000"/>
        <price t="2022-01-06" v="7074000000"/>
        <price t="2022-01-07" v="7050000000"/>
        <price t="2022-01-10" v="7045000000"/>
        <price t="2022-01-11" v="7392000000"/>
        <price t="2022-01-12" v="7778000000"/>
        <price t="2022-01-13" v="7803000000"/>
        <price t="2022-01-14" v="7697000000"/>
        <price t="2022-01-17" v="7622000000"/>
        <price t="2022-01-18" v="7401000000"/>
        <price t="2022-01-19" v="7362000000"/>
        <price t="2022-01-20" v="7739000000"/>
        <price t="2022-01-21" v="7592000000"/>
        <price t="2022-01-24" v="7223000000"/>
        <price t="2022-01-25" v="6996000000"/>
        <price t="2022-01-26" v="7066000000"/>
        <price t="2022-01-27" v="7010000000"/>
        <price t="2022-01-28" v="7119000000"/>
        <price t="2022-01-31" v="7396000000"/>
        <price t="2022-02-01" v="7415000000"/>
        <price t="2022-02-02" v="7244000000"/>
        <price t="2022-02-03" v="7153000000"/>
        <price t="2022-02-04" v="7052000000"/>
        <price t="2022-02-07" v="7183000000"/>
        <price t="2022-02-08" v="7123000000"/>
        <price t="2022-02-09" v="7406000000"/>
        <price t="2022-02-10" v="7100000000"/>
        <price t="2022-02-11" v="6900000000"/>
        <price t="2022-02-14" v="6731000000"/>
        <price t="2022-02-15" v="6800000000"/>
        <price t="2022-02-16" v="6831000000"/>
        <price t="2022-02-17" v="6698000000"/>
        <price t="2022-02-18" v="6460000000"/>
        <price t="2022-02-21" v="5956000000"/>
        <price t="2022-02-22" v="5917000000"/>
        <price t="2022-02-23" v="5692000000"/>
        <price t="2022-02-24" v="5369000000"/>
        <price t="2022-02-25" v="5472000000"/>
        <price t="2022-02-28" v="5548000000"/>
        <price t="2022-03-01" v="5487000000"/>
        <price t="2022-03-02" v="5447000000"/>
        <price t="2022-03-03" v="5229000000"/>
        <price t="2022-03-04" v="4757000000"/>
        <price t="2022-03-07" v="4869000000"/>
        <price t="2022-03-08" v="5083000000"/>
        <price t="2022-03-09" v="5355000000"/>
        <price t="2022-03-10" v="5166000000"/>
        <price t="2022-03-11" v="5095000000"/>
        <price t="2022-03-14" v="4572000000"/>
        <price t="2022-03-15" v="4268000000"/>
        <price t="2022-03-16" v="5232000000"/>
        <price t="2022-03-17" v="5110000000"/>
        <price t="2022-03-18" v="5282000000"/>
        <price t="2022-03-21" v="5139000000"/>
        <price t="2022-03-22" v="5241000000"/>
        <price t="2022-03-23" v="4988000000"/>
        <price t="2022-03-24" v="4960000000"/>
        <price t="2022-03-25" v="4777500000"/>
        <price t="2022-03-28" v="4805500000"/>
        <price t="2022-03-29" v="4991500000"/>
        <price t="2022-03-30" v="4990000000"/>
        <price t="2022-03-31" v="4855500000"/>
        <price t="2022-04-01" v="5108000000"/>
        <price t="2022-04-04" v="5286000000"/>
        <price t="2022-04-05" v="5277000000"/>
        <price t="2022-04-06" v="4971000000"/>
        <price t="2022-04-07" v="4832500000"/>
        <price t="2022-04-08" v="4818500000"/>
        <price t="2022-04-11" v="4860500000"/>
        <price t="2022-04-12" v="4829000000"/>
        <price t="2022-04-13" v="4865000000"/>
        <price t="2022-04-14" v="4735000000"/>
        <price t="2022-04-19" v="4503000000"/>
        <price t="2022-04-20" v="4506000000"/>
        <price t="2022-04-21" v="4349500000"/>
        <price t="2022-04-22" v="4343500000"/>
        <price t="2022-04-25" v="4230500000"/>
        <price t="2022-04-26" v="4224500000"/>
        <price t="2022-04-27" v="4306000000"/>
        <price t="2022-04-28" v="4276500000"/>
        <price t="2022-04-29" v="4697500000"/>
        <price t="2022-05-02" v="4522500000"/>
        <price t="2022-05-03" v="4662000000"/>
        <price t="2022-05-04" v="4498000000"/>
        <price t="2022-05-05" v="4287000000"/>
        <price t="2022-05-06" v="4251000000"/>
        <price t="2022-05-09" v="4028000000"/>
        <price t="2022-05-10" v="4028000000"/>
        <price t="2022-05-11" v="4301500000"/>
        <price t="2022-05-12" v="4380000000"/>
        <price t="2022-05-13" v="4367500000"/>
        <price t="2022-05-16" v="4390500000"/>
        <price t="2022-05-17" v="4717500000"/>
        <price t="2022-05-18" v="4506500000"/>
        <price t="2022-05-19" v="4570500000"/>
        <price t="2022-05-20" v="4540000000"/>
        <price t="2022-05-23" v="4430000000"/>
        <price t="2022-05-24" v="4165500000"/>
        <price t="2022-05-25" v="4321000000"/>
        <price t="2022-05-26" v="4495000000"/>
        <price t="2022-05-27" v="4608000000"/>
        <price t="2022-05-30" v="4745000000"/>
        <price t="2022-05-31" v="4829500000"/>
        <price t="2022-06-01" v="4659000000"/>
        <price t="2022-06-02" v="4705000000"/>
        <price t="2022-06-03" v="4656500000"/>
        <price t="2022-06-06" v="4852000000"/>
        <price t="2022-06-07" v="4759000000"/>
        <price t="2022-06-08" v="5132000000"/>
        <price t="2022-06-09" v="5057000000"/>
        <price t="2022-06-10" v="4925000000"/>
        <price t="2022-06-13" v="4794000000"/>
        <price t="2022-06-14" v="4772500000"/>
        <price t="2022-06-15" v="5033000000"/>
        <price t="2022-06-16" v="4774000000"/>
        <price t="2022-06-17" v="4945000000"/>
        <price t="2022-06-20" v="4879000000"/>
        <price t="2022-06-21" v="5021000000"/>
        <price t="2022-06-22" v="4980500000"/>
        <price t="2022-06-23" v="5084000000"/>
        <price t="2022-06-24" v="5293000000"/>
        <price t="2022-06-27" v="6204000000"/>
        <price t="2022-06-28" v="6022000000"/>
        <price t="2022-06-29" v="6225000000"/>
        <price t="2022-06-30" v="6248000000"/>
        <price t="2022-07-01" v="6500000000"/>
        <price t="2022-07-04" v="6410000000"/>
        <price t="2022-07-05" v="6655000000"/>
        <price t="2022-07-06" v="6618000000"/>
        <price t="2022-07-07" v="7107000000"/>
        <price t="2022-07-08" v="6707000000"/>
        <price t="2022-07-11" v="6629000000"/>
        <price t="2022-07-12" v="6764000000"/>
        <price t="2022-07-13" v="6572000000"/>
        <price t="2022-07-14" v="6498000000"/>
        <price t="2022-07-15" v="6397000000"/>
        <price t="2022-07-18" v="6588000000"/>
        <price t="2022-07-19" v="6739000000"/>
        <price t="2022-07-20" v="6825000000"/>
        <price t="2022-07-21" v="6915000000"/>
        <price t="2022-07-22" v="6846000000"/>
        <price t="2022-07-25" v="6803000000"/>
        <price t="2022-07-26" v="6658000000"/>
        <price t="2022-07-27" v="6583000000"/>
        <price t="2022-07-28" v="6610000000"/>
        <price t="2022-07-29" v="6367000000"/>
        <price t="2022-08-01" v="6339000000"/>
        <price t="2022-08-02" v="6276000000"/>
        <price t="2022-08-03" v="6443000000"/>
        <price t="2022-08-04" v="6495000000"/>
        <price t="2022-08-05" v="6327000000"/>
        <price t="2022-08-08" v="6454000000"/>
        <price t="2022-08-09" v="6318000000"/>
        <price t="2022-08-10" v="6334000000"/>
        <price t="2022-08-11" v="6442000000"/>
        <price t="2022-08-12" v="6290000000"/>
        <price t="2022-08-15" v="6354000000"/>
        <price t="2022-08-16" v="6509000000"/>
        <price t="2022-08-17" v="6494000000"/>
        <price t="2022-08-18" v="6410000000"/>
        <price t="2022-08-19" v="6294000000"/>
        <price t="2022-08-22" v="6264000000"/>
        <price t="2022-08-23" v="6217000000"/>
        <price t="2022-08-24" v="6250000000"/>
        <price t="2022-08-25" v="6634000000"/>
        <price t="2022-08-26" v="6482000000"/>
        <price t="2022-08-29" v="6323000000"/>
        <price t="2022-08-30" v="6227000000"/>
        <price t="2022-08-31" v="6276000000"/>
        <price t="2022-09-01" v="5952000000"/>
        <price t="2022-09-02" v="6050000000"/>
        <price t="2022-09-05" v="5945000000"/>
        <price t="2022-09-06" v="5830000000"/>
        <price t="2022-09-07" v="5806000000"/>
        <price t="2022-09-08" v="5870000000"/>
        <price t="2022-09-09" v="6026000000"/>
        <price t="2022-09-12" v="6060000000"/>
        <price t="2022-09-13" v="5912000000"/>
        <price t="2022-09-14" v="5956000000"/>
        <price t="2022-09-15" v="5959000000"/>
        <price t="2022-09-16" v="5694000000"/>
        <price t="2022-09-19" v="5751000000"/>
        <price t="2022-09-20" v="5784000000"/>
        <price t="2022-09-21" v="5752000000"/>
        <price t="2022-09-22" v="5504000000"/>
        <price t="2022-09-23" v="5349000000"/>
        <price t="2022-09-26" v="5585000000"/>
        <price t="2022-09-27" v="5491000000"/>
        <price t="2022-09-28" v="5456000000"/>
        <price t="2022-09-29" v="5265000000"/>
        <price t="2022-09-30" v="5387000000"/>
        <price t="2022-10-03" v="5378000000"/>
        <price t="2022-10-04" v="5613000000"/>
        <price t="2022-10-05" v="5587000000"/>
        <price t="2022-10-06" v="5732000000"/>
        <price t="2022-10-07" v="5490000000"/>
        <price t="2022-10-10" v="5300000000"/>
        <price t="2022-10-11" v="5336000000"/>
        <price t="2022-10-12" v="5228000000"/>
        <price t="2022-10-13" v="5062000000"/>
        <price t="2022-10-14" v="5237000000"/>
        <price t="2022-10-17" v="5361000000"/>
        <price t="2022-10-18" v="5408000000"/>
        <price t="2022-10-19" v="5068000000"/>
        <price t="2022-10-20" v="5056000000"/>
        <price t="2022-10-21" v="4926500000"/>
        <price t="2022-10-24" v="4087500000"/>
        <price t="2022-10-25" v="4190500000"/>
        <price t="2022-10-26" v="4330000000"/>
        <price t="2022-10-27" v="4373500000"/>
        <price t="2022-10-28" v="4133000000"/>
        <price t="2022-10-31" v="4435500000"/>
        <price t="2022-11-01" v="4848500000"/>
        <price t="2022-11-02" v="4736000000"/>
        <price t="2022-11-03" v="4698000000"/>
        <price t="2022-11-04" v="5045000000"/>
        <price t="2022-11-07" v="5042000000"/>
        <price t="2022-11-08" v="5052000000"/>
        <price t="2022-11-09" v="4853500000"/>
        <price t="2022-11-10" v="5160000000"/>
        <price t="2022-11-11" v="5492000000"/>
        <price t="2022-11-14" v="5517000000"/>
        <price t="2022-11-15" v="5899000000"/>
        <price t="2022-11-16" v="5950000000"/>
        <price t="2022-11-17" v="6068000000"/>
        <price t="2022-11-18" v="5857000000"/>
        <price t="2022-11-21" v="5820000000"/>
        <price t="2022-11-22" v="5635000000"/>
        <price t="2022-11-23" v="5741000000"/>
        <price t="2022-11-24" v="5878000000"/>
        <price t="2022-11-25" v="5853000000"/>
        <price t="2022-11-28" v="5981000000"/>
        <price t="2022-11-29" v="6019000000"/>
        <price t="2022-11-30" v="6236000000"/>
        <price t="2022-12-01" v="6182000000"/>
        <price t="2022-12-02" v="6193000000"/>
        <price t="2022-12-05" v="6366000000"/>
        <price t="2022-12-06" v="6282000000"/>
        <price t="2022-12-07" v="6254000000"/>
        <price t="2022-12-08" v="6438000000"/>
        <price t="2022-12-09" v="6459000000"/>
        <price t="2022-12-12" v="6366000000"/>
        <price t="2022-12-13" v="6662000000"/>
        <price t="2022-12-14" v="6659000000"/>
        <price t="2022-12-15" v="6434000000"/>
        <price t="2022-12-16" v="6375000000"/>
        <price t="2022-12-19" v="6403000000"/>
        <price t="2022-12-20" v="6333000000"/>
        <price t="2022-12-21" v="6379000000"/>
        <price t="2022-12-22" v="6368000000"/>
        <price t="2022-12-23" v="6408000000"/>
        <price t="2022-12-27" v="6517000000"/>
        <price t="2022-12-28" v="6407000000"/>
        <price t="2022-12-29" v="6659000000"/>
        <price t="2022-12-30" v="6481000000"/>
        <price t="2023-01-02" v="6642000000"/>
        <price t="2023-01-03" v="6860000000"/>
        <price t="2023-01-04" v="7275000000"/>
        <price t="2023-01-05" v="7137000000"/>
        <price t="2023-01-06" v="7300000000"/>
        <price t="2023-01-09" v="7451000000"/>
        <price t="2023-01-10" v="7441000000"/>
        <price t="2023-01-11" v="7511000000"/>
        <price t="2023-01-12" v="7477000000"/>
        <price t="2023-01-13" v="7575000000"/>
        <price t="2023-01-16" v="7501000000"/>
        <price t="2023-01-17" v="7573000000"/>
        <price t="2023-01-18" v="7470000000"/>
        <price t="2023-01-19" v="7466000000"/>
        <price t="2023-01-20" v="7537000000"/>
        <price t="2023-01-23" v="7613000000"/>
        <price t="2023-01-24" v="7698000000"/>
        <price t="2023-01-25" v="7576000000"/>
        <price t="2023-01-26" v="7726000000"/>
        <price t="2023-01-27" v="7824000000"/>
        <price t="2023-01-30" v="7324000000"/>
        <price t="2023-01-31" v="7391000000"/>
        <price t="2023-02-01" v="7297000000"/>
        <price t="2023-02-02" v="7421000000"/>
        <price t="2023-02-03" v="7442000000"/>
        <price t="2023-02-06" v="7328000000"/>
        <price t="2023-02-07" v="7386000000"/>
        <price t="2023-02-08" v="7367000000"/>
        <price t="2023-02-09" v="7515000000"/>
        <price t="2023-02-10" v="7404000000"/>
        <price t="2023-02-13" v="7590000000"/>
        <price t="2023-02-14" v="7435000000"/>
        <price t="2023-02-15" v="7496000000"/>
        <price t="2023-02-16" v="7478000000"/>
        <price t="2023-02-17" v="7353000000"/>
        <price t="2023-02-20" v="7308000000"/>
        <price t="2023-02-21" v="6937000000"/>
        <price t="2023-02-22" v="6877000000"/>
        <price t="2023-02-23" v="6861000000"/>
        <price t="2023-02-24" v="6644000000"/>
        <price t="2023-02-27" v="6773000000"/>
        <price t="2023-02-28" v="6816000000"/>
        <price t="2023-03-01" v="6984000000"/>
        <price t="2023-03-02" v="6993000000"/>
        <price t="2023-03-03" v="7019000000"/>
        <price t="2023-03-06" v="6964000000"/>
        <price t="2023-03-07" v="6791000000"/>
        <price t="2023-03-08" v="6776000000"/>
        <price t="2023-03-09" v="6644000000"/>
        <price t="2023-03-10" v="6522000000"/>
        <price t="2023-03-13" v="6546000000"/>
        <price t="2023-03-14" v="6688000000"/>
        <price t="2023-03-15" v="6438000000"/>
        <price t="2023-03-16" v="6547000000"/>
        <price t="2023-03-17" v="6454000000"/>
        <price t="2023-03-20" v="6562000000"/>
        <price t="2023-03-21" v="6547000000"/>
        <price t="2023-03-22" v="6709000000"/>
        <price t="2023-03-23" v="7148000000"/>
        <price t="2023-03-24" v="7100000000"/>
        <price t="2023-03-27" v="6731000000"/>
        <price t="2023-03-28" v="6988000000"/>
        <price t="2023-03-29" v="7177000000"/>
        <price t="2023-03-30" v="7185000000"/>
        <price t="2023-03-31" v="7208000000"/>
        <price t="2023-04-03" v="7177000000"/>
        <price t="2023-04-04" v="7139000000"/>
        <price t="2023-04-05" v="6985000000"/>
        <price t="2023-04-06" v="7031000000"/>
        <price t="2023-04-11" v="6911000000"/>
        <price t="2023-04-12" v="6493000000"/>
        <price t="2023-04-13" v="6674000000"/>
        <price t="2023-04-14" v="6798000000"/>
        <price t="2023-04-17" v="7034000000"/>
        <price t="2023-04-18" v="7096000000"/>
        <price t="2023-04-19" v="6997000000"/>
        <price t="2023-04-20" v="7041000000"/>
        <price t="2023-04-21" v="6928000000"/>
        <price t="2023-04-24" v="6730000000"/>
        <price t="2023-04-25" v="6612000000"/>
        <price t="2023-04-26" v="6677000000"/>
        <price t="2023-04-27" v="6744000000"/>
        <price t="2023-04-28" v="6761000000"/>
        <price t="2023-05-02" v="6675000000"/>
        <price t="2023-05-03" v="6648000000"/>
        <price t="2023-05-04" v="6577000000"/>
        <price t="2023-05-05" v="6711000000"/>
        <price t="2023-05-08" v="6693000000"/>
        <price t="2023-05-09" v="6363000000"/>
        <price t="2023-05-10" v="6439000000"/>
        <price t="2023-05-11" v="6569000000"/>
        <price t="2023-05-12" v="6498000000"/>
        <price t="2023-05-15" v="6848000000"/>
        <price t="2023-05-16" v="6788000000"/>
        <price t="2023-05-17" v="6944000000"/>
        <price t="2023-05-18" v="6814000000"/>
        <price t="2023-05-19" v="6769000000"/>
        <price t="2023-05-22" v="6820000000"/>
        <price t="2023-05-23" v="6685000000"/>
        <price t="2023-05-24" v="6538000000"/>
        <price t="2023-05-25" v="6395000000"/>
        <price t="2023-05-26" v="6468000000"/>
        <price t="2023-05-29" v="6378000000"/>
        <price t="2023-05-30" v="6285000000"/>
        <price t="2023-05-31" v="6208000000"/>
        <price t="2023-06-01" v="6306000000"/>
        <price t="2023-06-02" v="6593000000"/>
        <price t="2023-06-05" v="6517000000"/>
        <price t="2023-06-06" v="6584000000"/>
        <price t="2023-06-07" v="6543000000"/>
        <price t="2023-06-08" v="6630000000"/>
        <price t="2023-06-09" v="6618000000"/>
        <price t="2023-06-12" v="6718000000"/>
        <price t="2023-06-13" v="6782000000"/>
        <price t="2023-06-14" v="6770000000"/>
        <price t="2023-06-15" v="6889000000"/>
        <price t="2023-06-16" v="6908000000"/>
        <price t="2023-06-19" v="6907000000"/>
        <price t="2023-06-20" v="6598000000"/>
        <price t="2023-06-21" v="6470000000"/>
        <price t="2023-06-22" v="6429000000"/>
        <price t="2023-06-23" v="6292000000"/>
        <price t="2023-06-26" v="6349000000"/>
        <price t="2023-06-27" v="6683000000"/>
        <price t="2023-06-28" v="6691000000"/>
        <price t="2023-06-29" v="6591000000"/>
        <price t="2023-06-30" v="6684000000"/>
        <price t="2023-07-03" v="6774000000"/>
        <price t="2023-07-04" v="6774000000"/>
        <price t="2023-07-05" v="6598000000"/>
        <price t="2023-07-06" v="6282000000"/>
        <price t="2023-07-07" v="6417000000"/>
        <price t="2023-07-10" v="6441000000"/>
        <price t="2023-07-11" v="6464000000"/>
        <price t="2023-07-12" v="6742000000"/>
        <price t="2023-07-13" v="6921000000"/>
        <price t="2023-07-14" v="6928000000"/>
        <price t="2023-07-17" v="6817000000"/>
        <price t="2023-07-18" v="6766000000"/>
        <price t="2023-07-19" v="6779000000"/>
        <price t="2023-07-20" v="6699000000"/>
        <price t="2023-07-21" v="6662000000"/>
        <price t="2023-07-24" v="6745000000"/>
        <price t="2023-07-25" v="6885000000"/>
        <price t="2023-07-26" v="6857000000"/>
        <price t="2023-07-27" v="6951000000"/>
        <price t="2023-07-28" v="7236000000"/>
        <price t="2023-07-31" v="7175000000"/>
        <price t="2023-08-01" v="7170000000"/>
        <price t="2023-08-02" v="6900000000"/>
        <price t="2023-08-03" v="6967000000"/>
        <price t="2023-08-04" v="6889000000"/>
        <price t="2023-08-07" v="6718000000"/>
        <price t="2023-08-08" v="6625000000"/>
        <price t="2023-08-09" v="6635000000"/>
        <price t="2023-08-10" v="6827000000"/>
        <price t="2023-08-11" v="6558000000"/>
        <price t="2023-08-14" v="6519000000"/>
        <price t="2023-08-15" v="6562000000"/>
        <price t="2023-08-16" v="6402000000"/>
        <price t="2023-08-17" v="6467000000"/>
        <price t="2023-08-18" v="6360000000"/>
        <price t="2023-08-21" v="6334000000"/>
        <price t="2023-08-22" v="6317000000"/>
        <price t="2023-08-23" v="6372000000"/>
        <price t="2023-08-24" v="6291000000"/>
        <price t="2023-08-25" v="6286000000"/>
        <price t="2023-08-28" v="6415000000"/>
        <price t="2023-08-29" v="6499000000"/>
        <price t="2023-08-30" v="6306000000"/>
        <price t="2023-08-31" v="6401000000"/>
        <price t="2023-09-01" v="6489000000"/>
        <price t="2023-09-04" v="6481000000"/>
        <price t="2023-09-05" v="6502000000"/>
        <price t="2023-09-06" v="6540000000"/>
        <price t="2023-09-07" v="6357000000"/>
        <price t="2023-09-08" v="6314000000"/>
        <price t="2023-09-11" v="6430000000"/>
        <price t="2023-09-12" v="6436000000"/>
        <price t="2023-09-13" v="6411000000"/>
        <price t="2023-09-14" v="2989500000"/>
        <price t="2023-09-15" v="2959000000"/>
        <price t="2023-09-18" v="2915000000"/>
        <price t="2023-09-19" v="2893500000"/>
        <price t="2023-09-20" v="2876500000"/>
        <price t="2023-09-21" v="2736500000"/>
        <price t="2023-09-22" v="2861000000"/>
        <price t="2023-09-25" v="2782500000"/>
        <price t="2023-09-26" v="2757000000"/>
        <price t="2023-09-27" v="2776500000"/>
        <price t="2023-09-28" v="2778000000"/>
        <price t="2023-09-29" v="2791500000"/>
        <price t="2023-10-02" v="2775000000"/>
        <price t="2023-10-03" v="2692000000"/>
        <price t="2023-10-04" v="2727000000"/>
        <price t="2023-10-05" v="2696500000"/>
        <price t="2023-10-06" v="2774500000"/>
        <price t="2023-10-09" v="2740500000"/>
        <price t="2023-10-10" v="2860000000"/>
        <price t="2023-10-11" v="2879000000"/>
        <price t="2023-10-12" v="2835500000"/>
        <price t="2023-10-13" v="2761500000"/>
        <price t="2023-10-16" v="2819000000"/>
        <price t="2023-10-17" v="2769000000"/>
        <price t="2023-10-18" v="2698500000"/>
        <price t="2023-10-19" v="2657000000"/>
        <price t="2023-10-20" v="2604500000"/>
        <price t="2023-10-23" v="2612500000"/>
        <price t="2023-10-24" v="2659500000"/>
        <price t="2023-10-25" v="2637500000"/>
        <price t="2023-10-26" v="2612000000"/>
        <price t="2023-10-27" v="2640000000"/>
        <price t="2023-10-30" v="2647500000"/>
        <price t="2023-10-31" v="2642500000"/>
        <price t="2023-11-01" v="2665500000"/>
        <price t="2023-11-02" v="2704500000"/>
        <price t="2023-11-03" v="2839000000"/>
        <price t="2023-11-06" v="2848500000"/>
        <price t="2023-11-07" v="2853500000"/>
        <price t="2023-11-08" v="2855500000"/>
        <price t="2023-11-09" v="2908500000"/>
        <price t="2023-11-10" v="2852000000"/>
        <price t="2023-11-13" v="2886000000"/>
        <price t="2023-11-14" v="2955500000"/>
        <price t="2023-11-15" v="3134000000"/>
        <price t="2023-11-16" v="3013500000"/>
        <price t="2023-11-17" v="3024000000"/>
        <price t="2023-11-20" v="3038000000"/>
        <price t="2023-11-21" v="3000500000"/>
        <price t="2023-11-22" v="3027000000"/>
        <price t="2023-11-23" v="3068000000"/>
        <price t="2023-11-24" v="3022500000"/>
        <price t="2023-11-27" v="3027500000"/>
        <price t="2023-11-28" v="3014000000"/>
        <price t="2023-11-29" v="3001500000"/>
        <price t="2023-11-30" v="3050500000"/>
        <price t="2023-12-01" v="3032000000"/>
        <price t="2023-12-04" v="3040500000"/>
        <price t="2023-12-05" v="2991500000"/>
        <price t="2023-12-06" v="3005500000"/>
        <price t="2023-12-07" v="3007000000"/>
        <price t="2023-12-08" v="2991500000"/>
        <price t="2023-12-11" v="3007500000"/>
        <price t="2023-12-12" v="2996500000"/>
        <price t="2023-12-13" v="2978000000"/>
        <price t="2023-12-14" v="3011500000"/>
        <price t="2023-12-15" v="3042000000"/>
        <price t="2023-12-18" v="2920000000"/>
        <price t="2023-12-19" v="2980500000"/>
        <price t="2023-12-20" v="2960000000"/>
        <price t="2023-12-21" v="2950000000"/>
        <price t="2023-12-22" v="2554500000"/>
        <price t="2023-12-27" v="2658000000"/>
        <price t="2023-12-28" v="2673000000"/>
        <price t="2023-12-29" v="2712500000"/>
        <price t="2024-01-02" v="2692000000"/>
        <price t="2024-01-03" v="2718000000"/>
        <price t="2024-01-04" v="2742500000"/>
        <price t="2024-01-05" v="2725500000"/>
        <price t="2024-01-08" v="2755000000"/>
        <price t="2024-01-09" v="2698000000"/>
        <price t="2024-01-10" v="2682500000"/>
        <price t="2024-01-11" v="2673000000"/>
        <price t="2024-01-12" v="2705000000"/>
        <price t="2024-01-15" v="2684000000"/>
        <price t="2024-01-16" v="2648500000"/>
        <price t="2024-01-17" v="2581000000"/>
        <price t="2024-01-18" v="2618500000"/>
        <price t="2024-01-19" v="2576000000"/>
        <price t="2024-01-22" v="2570500000"/>
        <price t="2024-01-23" v="2710000000"/>
        <price t="2024-01-24" v="2807000000"/>
        <price t="2024-01-25" v="2841000000"/>
        <price t="2024-01-26" v="2827000000"/>
        <price t="2024-01-29" v="2800000000"/>
        <price t="2024-01-30" v="2783500000"/>
        <price t="2024-01-31" v="2750000000"/>
        <price t="2024-02-01" v="2800000000"/>
        <price t="2024-02-02" v="2808500000"/>
        <price t="2024-02-05" v="2799000000"/>
        <price t="2024-02-06" v="2935500000"/>
        <price t="2024-02-07" v="2944500000"/>
        <price t="2024-02-08" v="2941500000"/>
        <price t="2024-02-09" v="2947500000"/>
        <price t="2024-02-12" v="2954000000"/>
        <price t="2024-02-13" v="2928000000"/>
        <price t="2024-02-14" v="2886500000"/>
        <price t="2024-02-15" v="2906000000"/>
        <price t="2024-02-16" v="2898000000"/>
        <price t="2024-02-19" v="2874500000"/>
        <price t="2024-02-20" v="2785000000"/>
        <price t="2024-02-21" v="2838000000"/>
        <price t="2024-02-22" v="2847000000"/>
        <price t="2024-02-23" v="2818000000"/>
        <price t="2024-02-26" v="2770000000"/>
        <price t="2024-02-27" v="2790000000"/>
        <price t="2024-02-28" v="2710000000"/>
        <price t="2024-02-29" v="2704000000"/>
        <price t="2024-03-01" v="2680500000"/>
        <price t="2024-03-04" v="2640500000"/>
        <price t="2024-03-05" v="2595000000"/>
        <price t="2024-03-06" v="2631000000"/>
        <price t="2024-03-07" v="2640000000"/>
        <price t="2024-03-08" v="2644500000"/>
        <price t="2024-03-11" v="2691500000"/>
        <price t="2024-03-12" v="2758000000"/>
        <price t="2024-03-13" v="2767500000"/>
        <price t="2024-03-14" v="2740500000"/>
        <price t="2024-03-15" v="2715500000"/>
        <price t="2024-03-18" v="2738000000"/>
        <price t="2024-03-19" v="2713500000"/>
        <price t="2024-03-20" v="2728000000"/>
        <price t="2024-03-21" v="2789500000"/>
        <price t="2024-03-22" v="2775500000"/>
        <price t="2024-03-25" v="2765500000"/>
        <price t="2024-03-26" v="2832000000"/>
        <price t="2024-03-27" v="2869000000"/>
        <price t="2024-03-28" v="2907000000"/>
        <price t="2024-04-02" v="2965000000"/>
        <price t="2024-04-03" v="2965000000"/>
        <price t="2024-04-04" v="2969500000"/>
        <price t="2024-04-05" v="2927000000"/>
        <price t="2024-04-08" v="2980000000"/>
        <price t="2024-04-09" v="2925000000"/>
        <price t="2024-04-10" v="3000000000"/>
        <price t="2024-04-11" v="2979000000"/>
        <price t="2024-04-12" v="2943000000"/>
        <price t="2024-04-15" v="2922500000"/>
        <price t="2024-04-16" v="2874000000"/>
        <price t="2024-04-17" v="2866000000"/>
        <price t="2024-04-18" v="2892500000"/>
        <price t="2024-04-19" v="2838000000"/>
        <price t="2024-04-22" v="2984500000"/>
        <price t="2024-04-23" v="3072000000"/>
        <price t="2024-04-24" v="3123500000"/>
        <price t="2024-04-25" v="3081000000"/>
        <price t="2024-04-26" v="3125000000"/>
        <price t="2024-04-29" v="3170000000"/>
        <price t="2024-04-30" v="3169000000"/>
        <price t="2024-05-02" v="3295000000"/>
        <price t="2024-05-03" v="3336000000"/>
        <price t="2024-05-06" v="3369000000"/>
        <price t="2024-05-07" v="3311500000"/>
        <price t="2024-05-08" v="3288000000"/>
        <price t="2024-05-09" v="3383500000"/>
        <price t="2024-05-10" v="3399000000"/>
        <price t="2024-05-13" v="3466000000"/>
        <price t="2024-05-14" v="3585500000"/>
        <price t="2024-05-15" v="3616500000"/>
        <price t="2024-05-16" v="3630000000"/>
        <price t="2024-05-17" v="3576000000"/>
        <price t="2024-05-20" v="3499500000"/>
        <price t="2024-05-21" v="3530500000"/>
        <price t="2024-05-22" v="3461000000"/>
        <price t="2024-05-23" v="3474000000"/>
        <price t="2024-05-24" v="3439000000"/>
        <price t="2024-05-27" v="3479000000"/>
        <price t="2024-05-28" v="3454500000"/>
        <price t="2024-05-29" v="3394000000"/>
        <price t="2024-05-30" v="3421000000"/>
        <price t="2024-05-31" v="3318000000"/>
        <price t="2024-06-03" v="3389000000"/>
        <price t="2024-06-04" v="3380500000"/>
        <price t="2024-06-05" v="3390500000"/>
        <price t="2024-06-06" v="3410000000"/>
        <price t="2024-06-07" v="3373000000"/>
        <price t="2024-06-10" v="3427000000"/>
        <price t="2024-06-11" v="3373500000"/>
        <price t="2024-06-12" v="3446500000"/>
        <price t="2024-06-13" v="3427000000"/>
        <price t="2024-06-14" v="3386000000"/>
        <price t="2024-06-17" v="3418000000"/>
        <price t="2024-06-18" v="3386000000"/>
        <price t="2024-06-19" v="3448000000"/>
        <price t="2024-06-20" v="3408500000"/>
        <price t="2024-06-21" v="3403500000"/>
        <price t="2024-06-24" v="3451500000"/>
        <price t="2024-06-25" v="3394000000"/>
        <price t="2024-06-26" v="3384000000"/>
        <price t="2024-06-27" v="3337500000"/>
        <price t="2024-06-28" v="3340500000"/>
        <price t="2024-07-01" v="3315000000"/>
        <price t="2024-07-02" v="3305000000"/>
        <price t="2024-07-03" v="3314000000"/>
        <price t="2024-07-04" v="3332000000"/>
        <price t="2024-07-05" v="3286500000"/>
        <price t="2024-07-08" v="3301000000"/>
        <price t="2024-07-09" v="3283500000"/>
        <price t="2024-07-10" v="3306500000"/>
        <price t="2024-07-11" v="3325500000"/>
        <price t="2024-07-12" v="3449000000"/>
        <price t="2024-07-15" v="3361500000"/>
        <price t="2024-07-16" v="3295000000"/>
        <price t="2024-07-17" v="3278000000"/>
        <price t="2024-07-18" v="3309500000"/>
        <price t="2024-07-19" v="3231500000"/>
        <price t="2024-07-22" v="3294500000"/>
        <price t="2024-07-23" v="3269500000"/>
        <price t="2024-07-24" v="3225000000"/>
        <price t="2024-07-25" v="3169500000"/>
        <price t="2024-07-26" v="3194000000"/>
        <price t="2024-07-29" v="3155500000"/>
        <price t="2024-07-30" v="3178500000"/>
        <price t="2024-07-31" v="3212000000"/>
        <price t="2024-08-01" v="3208500000"/>
        <price t="2024-08-02" v="3127500000"/>
        <price t="2024-08-05" v="3094500000"/>
        <price t="2024-08-06" v="3052500000"/>
        <price t="2024-08-07" v="3171500000"/>
        <price t="2024-08-08" v="3219000000"/>
        <price t="2024-08-09" v="3220000000"/>
        <price t="2024-08-12" v="3292000000"/>
        <price t="2024-08-13" v="3313500000"/>
        <price t="2024-08-14" v="3255500000"/>
        <price t="2024-08-15" v="3300500000"/>
        <price t="2024-08-16" v="3327000000"/>
        <price t="2024-08-19" v="3350000000"/>
        <price t="2024-08-20" v="3288000000"/>
        <price t="2024-08-21" v="3311000000"/>
        <price t="2024-08-22" v="3327500000"/>
        <price t="2024-08-23" v="3349500000"/>
        <price t="2024-08-26" v="3298000000"/>
        <price t="2024-08-27" v="3325000000"/>
        <price t="2024-08-28" v="3258000000"/>
        <price t="2024-08-29" v="3304000000"/>
        <price t="2024-08-30" v="3361500000"/>
        <price t="2024-09-02" v="3346500000"/>
        <price t="2024-09-03" v="3350000000"/>
        <price t="2024-09-04" v="3341000000"/>
        <price t="2024-09-05" v="3345000000"/>
        <price t="2024-09-06" v="3220500000"/>
        <price t="2024-09-09" v="3258000000"/>
        <price t="2024-09-10" v="3239000000"/>
        <price t="2024-09-11" v="3229500000"/>
        <price t="2024-09-12" v="3212000000"/>
        <price t="2024-09-13" v="3233000000"/>
        <price t="2024-09-16" v="3232000000"/>
        <price t="2024-09-17" v="3274500000"/>
        <price t="2024-09-18" v="3252000000"/>
      </prices>
      <latest t="2024-09-18" v="3252000000">
        <high>-1</high>
        <low>-1</low>
        <volume>-1</volume>
      </latest>
      <attributes>
        <map/>
      </attributes>
      <events>
        <dividendEvent>
          <date>2024-10-31</date>
          <type>DIVIDEND_PAYMENT</type>
          <source>divvydiary.com</source>
          <paymentDate>2024-11-26</paymentDate>
          <amount currency="EUR" amount="10"/>
        </dividendEvent>
        <dividendEvent>
          <date>2023-11-02</date>
          <type>DIVIDEND_PAYMENT</type>
          <source>divvydiary.com</source>
          <paymentDate>2023-11-28</paymentDate>
          <amount currency="EUR" amount="7"/>
        </dividendEvent>
        <dividendEvent>
          <date>2022-09-01</date>
          <type>DIVIDEND_PAYMENT</type>
          <source>divvydiary.com</source>
          <paymentDate>2022-09-27</paymentDate>
          <amount currency="EUR" amount="6"/>
        </dividendEvent>
        <dividendEvent>
          <date>2021-10-28</date>
          <type>DIVIDEND_PAYMENT</type>
          <source>divvydiary.com</source>
          <paymentDate>2021-11-23</paymentDate>
          <amount currency="EUR" amount="6"/>
        </dividendEvent>
        <dividendEvent>
          <date>2020-10-22</date>
          <type>DIVIDEND_PAYMENT</type>
          <source>divvydiary.com</source>
          <paymentDate>2020-11-17</paymentDate>
          <amount currency="EUR" amount="5"/>
        </dividendEvent>
      </events>
      <isRetired>false</isRetired>
      <updatedAt>2024-02-13T07:12:07.428685500Z</updatedAt>
    </security>
    <security>
      <uuid>2952115f-694c-4cd7-8476-152b14d6efad</uuid>
      <onlineId>b7f458d6debe41288ee029cbbdc9ed69</onlineId>
      <name>PROSUS (split)</name>
      <currencyCode>EUR</currencyCode>
      <isin>NL0013654783</isin>
      <tickerSymbol>1TY</tickerSymbol>
      <wkn>A2PRDK</wkn>
      <feed>PORTFOLIO-REPORT</feed>
      <prices>
        <price t="2019-09-12" v="3853918150"/>
        <price t="2019-09-13" v="3385024775"/>
        <price t="2019-09-16" v="3368507983"/>
        <price t="2019-09-17" v="3195540466"/>
        <price t="2019-09-18" v="3106074509"/>
        <price t="2019-09-19" v="3129014498"/>
        <price t="2019-09-20" v="3177647275"/>
        <price t="2019-09-23" v="3197834465"/>
        <price t="2019-09-24" v="3180858873"/>
        <price t="2019-09-25" v="3139566893"/>
        <price t="2019-09-26" v="3119838502"/>
        <price t="2019-09-27" v="3037254542"/>
        <price t="2019-09-30" v="3069829326"/>
        <price t="2019-10-01" v="3099192512"/>
        <price t="2019-10-02" v="3028078547"/>
        <price t="2019-10-04" v="3013396954"/>
        <price t="2019-10-07" v="3014314553"/>
        <price t="2019-10-08" v="2971187374"/>
        <price t="2019-10-09" v="2959258580"/>
        <price t="2019-10-10" v="2968434575"/>
        <price t="2019-10-11" v="3055606533"/>
        <price t="2019-10-14" v="3013855753"/>
        <price t="2019-10-15" v="3034960543"/>
        <price t="2019-10-16" v="3027160947"/>
        <price t="2019-10-17" v="3068452927"/>
        <price t="2019-10-18" v="3081758121"/>
        <price t="2019-10-21" v="3030372545"/>
        <price t="2019-10-22" v="3051936135"/>
        <price t="2019-10-23" v="2875757020"/>
        <price t="2019-10-24" v="2914755001"/>
        <price t="2019-10-25" v="2864287025"/>
        <price t="2019-10-28" v="2899614608"/>
        <price t="2019-10-29" v="2894109011"/>
        <price t="2019-10-30" v="2833547440"/>
        <price t="2019-10-31" v="2837676638"/>
        <price t="2019-11-01" v="2845017434"/>
        <price t="2019-11-04" v="2844558635"/>
        <price t="2019-11-05" v="2903743806"/>
        <price t="2019-11-06" v="2890438613"/>
        <price t="2019-11-07" v="2921636998"/>
        <price t="2019-11-08" v="2901908607"/>
        <price t="2019-11-11" v="2857863828"/>
        <price t="2019-11-12" v="2852358231"/>
        <price t="2019-11-13" v="2821618646"/>
        <price t="2019-11-14" v="2791796660"/>
        <price t="2019-11-15" v="2819783447"/>
        <price t="2019-11-18" v="2867498624"/>
        <price t="2019-11-19" v="2862910626"/>
        <price t="2019-11-20" v="2857863828"/>
        <price t="2019-11-21" v="2862910626"/>
        <price t="2019-11-22" v="2905120206"/>
        <price t="2019-11-25" v="2921178198"/>
        <price t="2019-11-26" v="2862910626"/>
        <price t="2019-11-27" v="2888144614"/>
        <price t="2019-11-28" v="2871169022"/>
        <price t="2019-11-29" v="2837217838"/>
        <price t="2019-12-02" v="2780785465"/>
        <price t="2019-12-03" v="2745457882"/>
        <price t="2019-12-04" v="2764268673"/>
        <price t="2019-12-05" v="2741787484"/>
        <price t="2019-12-06" v="2798678657"/>
        <price t="2019-12-09" v="2755092678"/>
        <price t="2019-12-10" v="2707836300"/>
        <price t="2019-12-11" v="2724811892"/>
        <price t="2019-12-12" v="2776197467"/>
        <price t="2019-12-13" v="2835382639"/>
        <price t="2019-12-16" v="2889062213"/>
        <price t="2019-12-17" v="2976234171"/>
        <price t="2019-12-18" v="3005138558"/>
        <price t="2019-12-19" v="3003303358"/>
        <price t="2019-12-20" v="3058818132"/>
        <price t="2019-12-23" v="3050559736"/>
        <price t="2019-12-27" v="3081299321"/>
        <price t="2019-12-30" v="3084510919"/>
        <price t="2020-01-02" v="3145072490"/>
        <price t="2020-01-03" v="3072123325"/>
        <price t="2020-01-06" v="3060194531"/>
        <price t="2020-01-07" v="3114332905"/>
        <price t="2020-01-08" v="3106992109"/>
        <price t="2020-01-09" v="3194622867"/>
        <price t="2020-01-10" v="3302440815"/>
        <price t="2020-01-13" v="3287759222"/>
        <price t="2020-01-14" v="3269407231"/>
        <price t="2020-01-15" v="3250596440"/>
        <price t="2020-01-16" v="3250596440"/>
        <price t="2020-01-17" v="3279500826"/>
        <price t="2020-01-20" v="3323545605"/>
        <price t="2020-01-21" v="3255184438"/>
        <price t="2020-01-22" v="3164342081"/>
        <price t="2020-01-23" v="3104239310"/>
        <price t="2020-01-24" v="3143696091"/>
        <price t="2020-01-27" v="2985410167"/>
        <price t="2020-01-29" v="3116168104"/>
        <price t="2020-01-30" v="3170306478"/>
        <price t="2020-01-31" v="3063864929"/>
        <price t="2020-02-03" v="3067994127"/>
        <price t="2020-02-04" v="3124426500"/>
        <price t="2020-02-05" v="3165718480"/>
        <price t="2020-02-06" v="3224444852"/>
        <price t="2020-02-07" v="3179941274"/>
        <price t="2020-02-10" v="3134978895"/>
        <price t="2020-02-11" v="3223068453"/>
        <price t="2020-02-12" v="3246008442"/>
        <price t="2020-02-13" v="3313910809"/>
        <price t="2020-02-14" v="3299688016"/>
        <price t="2020-02-17" v="3316204808"/>
        <price t="2020-02-18" v="3267572032"/>
        <price t="2020-02-19" v="3367590384"/>
        <price t="2020-02-20" v="3276748027"/>
        <price t="2020-02-21" v="3264360433"/>
        <price t="2020-02-24" v="3111580106"/>
        <price t="2020-02-26" v="3145072490"/>
        <price t="2020-02-27" v="3014773353"/>
        <price t="2020-02-28" v="2811983850"/>
        <price t="2020-03-02" v="2978528170"/>
        <price t="2020-03-03" v="2952835383"/>
        <price t="2020-03-04" v="2947788585"/>
        <price t="2020-03-06" v="2894567811"/>
        <price t="2020-03-09" v="2715177097"/>
        <price t="2020-03-10" v="2773444669"/>
        <price t="2020-03-11" v="2721141494"/>
        <price t="2020-03-12" v="2423380437"/>
        <price t="2020-03-13" v="2560102771"/>
        <price t="2020-03-16" v="2253853918"/>
        <price t="2020-03-17" v="2234584327"/>
        <price t="2020-03-18" v="2260506515"/>
        <price t="2020-03-19" v="2364654065"/>
        <price t="2020-03-20" v="2476601211"/>
        <price t="2020-03-23" v="2524775188"/>
        <price t="2020-03-24" v="2626628739"/>
        <price t="2020-03-26" v="2926683795"/>
        <price t="2020-03-27" v="2743622683"/>
        <price t="2020-03-30" v="2845935034"/>
        <price t="2020-03-31" v="2886309415"/>
        <price t="2020-04-01" v="2776656267"/>
        <price t="2020-04-02" v="2776656267"/>
        <price t="2020-04-03" v="2786749862"/>
        <price t="2020-04-06" v="2875757020"/>
        <price t="2020-04-07" v="2917966599"/>
        <price t="2020-04-08" v="2909708203"/>
        <price t="2020-04-09" v="2896861810"/>
        <price t="2020-04-14" v="2898697009"/>
        <price t="2020-04-15" v="2849146632"/>
        <price t="2020-04-16" v="2994127363"/>
        <price t="2020-04-17" v="3003303358"/>
        <price t="2020-04-20" v="3068452927"/>
        <price t="2020-04-21" v="2982198569"/>
        <price t="2020-04-22" v="3098733713"/>
        <price t="2020-04-23" v="3104239310"/>
        <price t="2020-04-24" v="3095980914"/>
        <price t="2020-04-27" v="3117085704"/>
        <price t="2020-04-28" v="3186823270"/>
        <price t="2020-04-29" v="3186823270"/>
        <price t="2020-04-30" v="3174894476"/>
        <price t="2020-05-04" v="3075793724"/>
        <price t="2020-05-05" v="3190493669"/>
        <price t="2020-05-06" v="3194164067"/>
        <price t="2020-05-07" v="3251972839"/>
        <price t="2020-05-08" v="3368507983"/>
        <price t="2020-05-11" v="3541016700"/>
        <price t="2020-05-12" v="3605248669"/>
        <price t="2020-05-13" v="3772251789"/>
        <price t="2020-05-14" v="3699761424"/>
        <price t="2020-05-15" v="3617177464"/>
        <price t="2020-05-18" v="3618095063"/>
        <price t="2020-05-19" v="3730042210"/>
        <price t="2020-05-20" v="3852082951"/>
        <price t="2020-05-21" v="3716278216"/>
        <price t="2020-05-22" v="3584143880"/>
        <price t="2020-05-25" v="3572215085"/>
        <price t="2020-05-26" v="3601578271"/>
        <price t="2020-05-27" v="3440080749"/>
        <price t="2020-05-28" v="3418058359"/>
        <price t="2020-05-29" v="3390530373"/>
        <price t="2020-06-02" v="3492383924"/>
        <price t="2020-06-03" v="3502477519"/>
        <price t="2020-06-04" v="3435492751"/>
        <price t="2020-06-05" v="3466691136"/>
        <price t="2020-06-08" v="3404294366"/>
        <price t="2020-06-09" v="3488713525"/>
        <price t="2020-06-10" v="3589649477"/>
        <price t="2020-06-11" v="3555698293"/>
        <price t="2020-06-12" v="3532758304"/>
        <price t="2020-06-15" v="3434575151"/>
        <price t="2020-06-16" v="3598825473"/>
        <price t="2020-06-17" v="3642870251"/>
        <price t="2020-06-18" v="3684162232"/>
        <price t="2020-06-19" v="3692420628"/>
        <price t="2020-06-22" v="3757570196"/>
        <price t="2020-06-23" v="3888786933"/>
        <price t="2020-06-24" v="3773169389"/>
        <price t="2020-06-25" v="3679574234"/>
        <price t="2020-06-26" v="3700679024"/>
        <price t="2020-06-29" v="3674986236"/>
        <price t="2020-06-30" v="3756652597"/>
        <price t="2020-07-01" v="3795191778"/>
        <price t="2020-07-02" v="3838318958"/>
        <price t="2020-07-03" v="3861258947"/>
        <price t="2020-07-06" v="3893374931"/>
        <price t="2020-07-07" v="3895210130"/>
        <price t="2020-07-08" v="3983299688"/>
        <price t="2020-07-09" v="4046614058"/>
        <price t="2020-07-10" v="3968618095"/>
        <price t="2020-07-13" v="4035602863"/>
        <price t="2020-07-14" v="3871352542"/>
        <price t="2020-07-15" v="3973206093"/>
        <price t="2020-07-16" v="3886034135"/>
        <price t="2020-07-17" v="3885116535"/>
        <price t="2020-07-20" v="3871352542"/>
        <price t="2020-07-21" v="4060378051"/>
        <price t="2020-07-22" v="3906221325"/>
        <price t="2020-07-23" v="3925490916"/>
        <price t="2020-07-24" v="3766746192"/>
        <price t="2020-07-27" v="3789686181"/>
        <price t="2020-07-28" v="3803450174"/>
        <price t="2020-07-29" v="3853918150"/>
        <price t="2020-07-30" v="3737383006"/>
        <price t="2020-07-31" v="3771334190"/>
        <price t="2020-08-03" v="3848412553"/>
        <price t="2020-08-04" v="3808038172"/>
        <price t="2020-08-05" v="3885116535"/>
        <price t="2020-08-06" v="3865846944"/>
        <price t="2020-08-07" v="3697008625"/>
        <price t="2020-08-10" v="3554780694"/>
        <price t="2020-08-11" v="3657551844"/>
        <price t="2020-08-12" v="3798862177"/>
        <price t="2020-08-13" v="3695173426"/>
        <price t="2020-08-14" v="3658469444"/>
        <price t="2020-08-17" v="3658469444"/>
        <price t="2020-08-18" v="3626353459"/>
        <price t="2020-08-19" v="3572215085"/>
        <price t="2020-08-20" v="3523582309"/>
        <price t="2020-08-21" v="3702514223"/>
        <price t="2020-08-24" v="3794274179"/>
        <price t="2020-08-25" v="3874105340"/>
        <price t="2020-08-26" v="4015415673"/>
        <price t="2020-08-27" v="4064048449"/>
        <price t="2020-08-28" v="3960359699"/>
        <price t="2020-08-31" v="3845659754"/>
        <price t="2020-09-01" v="4013580473"/>
        <price t="2020-09-02" v="3976876491"/>
        <price t="2020-09-03" v="3781427785"/>
        <price t="2020-09-04" v="3685079831"/>
        <price t="2020-09-07" v="3692420628"/>
        <price t="2020-09-08" v="3663975041"/>
        <price t="2020-09-09" v="3727289411"/>
        <price t="2020-09-10" v="3708937420"/>
        <price t="2020-09-11" v="3711690218"/>
        <price t="2020-09-14" v="3733712608"/>
        <price t="2020-09-15" v="3776839787"/>
        <price t="2020-09-16" v="3771334190"/>
        <price t="2020-09-17" v="3705267021"/>
        <price t="2020-09-18" v="3618095063"/>
        <price t="2020-09-21" v="3488713525"/>
        <price t="2020-09-22" v="3564874289"/>
        <price t="2020-09-23" v="3684162232"/>
        <price t="2020-09-24" v="3634611855"/>
        <price t="2020-09-25" v="3573132685"/>
        <price t="2020-09-28" v="3591484676"/>
        <price t="2020-09-29" v="3552027895"/>
        <price t="2020-09-30" v="3604331070"/>
        <price t="2020-10-01" v="3625435860"/>
        <price t="2020-10-02" v="3654799046"/>
        <price t="2020-10-05" v="3683244632"/>
        <price t="2020-10-06" v="3659387043"/>
        <price t="2020-10-07" v="3618095063"/>
        <price t="2020-10-08" v="3563039090"/>
        <price t="2020-10-09" v="3690585429"/>
        <price t="2020-10-12" v="3737383006"/>
        <price t="2020-10-13" v="3777757387"/>
        <price t="2020-10-14" v="3851165351"/>
        <price t="2020-10-15" v="3734630207"/>
        <price t="2020-10-16" v="3842906955"/>
        <price t="2020-10-19" v="3808955772"/>
        <price t="2020-10-20" v="3788768581"/>
        <price t="2020-10-21" v="3730042210"/>
        <price t="2020-10-22" v="3685079831"/>
        <price t="2020-10-23" v="3645623050"/>
        <price t="2020-10-26" v="3707102221"/>
        <price t="2020-10-27" v="3836483758"/>
        <price t="2020-10-28" v="3793356579"/>
        <price t="2020-10-29" v="3820884566"/>
        <price t="2020-10-30" v="3937419710"/>
        <price t="2020-11-02" v="4016333272"/>
        <price t="2020-11-03" v="3898880529"/>
        <price t="2020-11-04" v="4177830795"/>
        <price t="2020-11-05" v="4320058726"/>
        <price t="2020-11-06" v="4460451459"/>
        <price t="2020-11-09" v="4396219490"/>
        <price t="2020-11-10" v="4114516425"/>
        <price t="2020-11-11" v="4005322077"/>
        <price t="2020-11-12" v="4120939622"/>
        <price t="2020-11-13" v="4099834832"/>
        <price t="2020-11-16" v="4033767664"/>
        <price t="2020-11-17" v="4026426867"/>
        <price t="2020-11-18" v="4070471646"/>
        <price t="2020-11-19" v="4017250872"/>
        <price t="2020-11-20" v="4172325197"/>
        <price t="2020-11-23" v="4197100385"/>
        <price t="2020-11-24" v="4264085153"/>
        <price t="2020-11-25" v="4236557166"/>
        <price t="2020-11-26" v="4307212333"/>
        <price t="2020-11-27" v="4280601945"/>
        <price t="2020-11-30" v="4184253992"/>
        <price t="2020-12-01" v="4292530740"/>
        <price t="2020-12-02" v="4238392366"/>
        <price t="2020-12-03" v="4310882731"/>
        <price t="2020-12-04" v="4270508350"/>
        <price t="2020-12-07" v="4244815562"/>
        <price t="2020-12-08" v="4220040374"/>
        <price t="2020-12-09" v="4259497155"/>
        <price t="2020-12-10" v="4222793173"/>
        <price t="2020-12-11" v="4266837952"/>
        <price t="2020-12-14" v="4152138007"/>
        <price t="2020-12-15" v="4191594788"/>
        <price t="2020-12-16" v="4206276381"/>
        <price t="2020-12-17" v="4220957974"/>
        <price t="2020-12-18" v="4120022022"/>
        <price t="2020-12-21" v="4171407598"/>
        <price t="2020-12-22" v="4115434025"/>
        <price t="2020-12-23" v="4149385208"/>
        <price t="2020-12-28" v="3945678106"/>
        <price t="2020-12-29" v="4033767664"/>
        <price t="2020-12-30" v="4076894843"/>
        <price t="2021-01-04" v="4044778859"/>
        <price t="2021-01-05" v="4129198018"/>
        <price t="2021-01-06" v="4094329235"/>
        <price t="2021-01-07" v="3855753349"/>
        <price t="2021-01-08" v="3984217288"/>
        <price t="2021-01-11" v="4012662874"/>
        <price t="2021-01-12" v="4045696458"/>
        <price t="2021-01-13" v="4071389246"/>
        <price t="2021-01-14" v="4253073959"/>
        <price t="2021-01-15" v="4222793173"/>
        <price t="2021-01-18" v="4270508350"/>
        <price t="2021-01-19" v="4431088273"/>
        <price t="2021-01-20" v="4521930629"/>
        <price t="2021-01-21" v="4447605065"/>
        <price t="2021-01-22" v="4551293815"/>
        <price t="2021-01-25" v="4743989723"/>
        <price t="2021-01-26" v="4601761791"/>
        <price t="2021-01-27" v="4408148284"/>
        <price t="2021-01-28" v="4465039457"/>
        <price t="2021-01-29" v="4418241879"/>
        <price t="2021-02-01" v="4496237842"/>
        <price t="2021-02-02" v="4551293815"/>
        <price t="2021-02-03" v="4597173793"/>
        <price t="2021-02-04" v="4659111764"/>
        <price t="2021-02-05" v="4620113782"/>
        <price t="2021-02-08" v="4665993760"/>
        <price t="2021-02-09" v="4679757754"/>
        <price t="2021-02-10" v="4750871720"/>
        <price t="2021-02-11" v="4787575702"/>
        <price t="2021-02-12" v="4854101670"/>
        <price t="2021-02-15" v="4899981648"/>
        <price t="2021-02-16" v="4854101670"/>
        <price t="2021-02-17" v="5003211598"/>
        <price t="2021-02-18" v="4982565608"/>
        <price t="2021-02-19" v="4987153606"/>
        <price t="2021-02-22" v="4764635713"/>
        <price t="2021-02-23" v="4590291797"/>
        <price t="2021-02-24" v="4590291797"/>
        <price t="2021-02-25" v="4542117820"/>
        <price t="2021-02-26" v="4483391448"/>
        <price t="2021-03-01" v="4599467792"/>
        <price t="2021-03-02" v="4606349789"/>
        <price t="2021-03-03" v="4633877776"/>
        <price t="2021-03-04" v="4509084236"/>
        <price t="2021-03-05" v="4312717930"/>
        <price t="2021-03-08" v="4281519545"/>
        <price t="2021-03-09" v="4445769866"/>
        <price t="2021-03-10" v="4527436227"/>
        <price t="2021-03-11" v="4643053771"/>
        <price t="2021-03-12" v="4358597908"/>
        <price t="2021-03-15" v="4301706735"/>
        <price t="2021-03-16" v="4349421912"/>
        <price t="2021-03-17" v="4263167554"/>
        <price t="2021-03-18" v="4242062764"/>
        <price t="2021-03-19" v="4275096348"/>
        <price t="2021-03-22" v="4338410718"/>
        <price t="2021-03-23" v="4352174711"/>
        <price t="2021-03-24" v="4295283538"/>
        <price t="2021-03-25" v="4260414755"/>
        <price t="2021-03-26" v="4324646724"/>
        <price t="2021-03-29" v="4299871536"/>
        <price t="2021-03-30" v="4374197100"/>
        <price t="2021-03-31" v="4344833914"/>
        <price t="2021-04-01" v="4606349789"/>
        <price t="2021-04-06" v="4526059827"/>
        <price t="2021-04-07" v="4344833914"/>
        <price t="2021-04-08" v="4412736282"/>
        <price t="2021-04-09" v="4337034318"/>
        <price t="2021-04-12" v="4275096348"/>
        <price t="2021-04-13" v="4333363920"/>
        <price t="2021-04-14" v="4340704716"/>
        <price t="2021-04-15" v="4434299872"/>
        <price t="2021-04-16" v="4436135071"/>
        <price t="2021-04-19" v="4326481923"/>
        <price t="2021-04-20" v="4251697559"/>
        <price t="2021-04-21" v="4226463571"/>
        <price t="2021-04-22" v="4267296752"/>
        <price t="2021-04-23" v="4260873555"/>
        <price t="2021-04-26" v="4231969169"/>
        <price t="2021-04-27" v="4248027161"/>
        <price t="2021-04-28" v="4259955955"/>
        <price t="2021-04-29" v="4210864379"/>
        <price t="2021-04-30" v="4165902000"/>
        <price t="2021-05-03" v="4161314003"/>
        <price t="2021-05-04" v="3969535695"/>
        <price t="2021-05-05" v="4014498073"/>
        <price t="2021-05-06" v="4064048449"/>
        <price t="2021-05-07" v="4112681226"/>
        <price t="2021-05-10" v="3967700496"/>
        <price t="2021-05-11" v="3863552945"/>
        <price t="2021-05-12" v="3951183703"/>
        <price t="2021-05-13" v="3856670949"/>
        <price t="2021-05-14" v="3866305744"/>
        <price t="2021-05-17" v="3908515324"/>
        <price t="2021-05-18" v="3865388145"/>
        <price t="2021-05-19" v="3803908974"/>
        <price t="2021-05-20" v="3890622133"/>
        <price t="2021-05-21" v="3855294549"/>
        <price t="2021-05-25" v="3930537713"/>
        <price t="2021-05-26" v="3913562121"/>
        <price t="2021-05-27" v="3821343366"/>
        <price t="2021-05-28" v="3869517343"/>
        <price t="2021-05-31" v="3870434942"/>
        <price t="2021-06-01" v="3958983300"/>
        <price t="2021-06-02" v="3970453294"/>
        <price t="2021-06-03" v="3940631308"/>
        <price t="2021-06-04" v="4009910075"/>
        <price t="2021-06-07" v="3946136906"/>
        <price t="2021-06-08" v="3939713709"/>
        <price t="2021-06-09" v="3913562121"/>
        <price t="2021-06-10" v="3911726922"/>
        <price t="2021-06-11" v="3919526519"/>
        <price t="2021-06-14" v="3915856120"/>
        <price t="2021-06-15" v="3877775739"/>
        <price t="2021-06-16" v="3925032116"/>
        <price t="2021-06-17" v="3915397321"/>
        <price t="2021-06-18" v="3853000551"/>
        <price t="2021-06-21" v="3899798128"/>
        <price t="2021-06-22" v="3789227381"/>
        <price t="2021-06-23" v="3782804184"/>
        <price t="2021-06-24" v="3773628189"/>
        <price t="2021-06-25" v="3786474582"/>
        <price t="2021-06-28" v="3801156175"/>
        <price t="2021-06-29" v="3840154157"/>
        <price t="2021-06-30" v="3826848963"/>
        <price t="2021-07-01" v="3756193797"/>
        <price t="2021-07-02" v="3802532575"/>
        <price t="2021-07-05" v="3580473481"/>
        <price t="2021-07-06" v="3602037071"/>
        <price t="2021-07-07" v="3700220224"/>
        <price t="2021-07-08" v="3533675904"/>
        <price t="2021-07-09" v="3554780694"/>
        <price t="2021-07-12" v="3568544687"/>
        <price t="2021-07-13" v="3641035052"/>
        <price t="2021-07-14" v="3666727840"/>
        <price t="2021-07-15" v="3691044228"/>
        <price t="2021-07-16" v="3702514223"/>
        <price t="2021-07-19" v="3674527436"/>
        <price t="2021-07-20" v="3629106258"/>
        <price t="2021-07-21" v="3673609837"/>
        <price t="2021-07-22" v="3731418609"/>
        <price t="2021-07-23" v="3647458249"/>
        <price t="2021-07-26" v="3349238392"/>
        <price t="2021-07-27" v="3103321710"/>
        <price t="2021-07-28" v="3306570013"/>
        <price t="2021-07-29" v="3499265920"/>
        <price t="2021-07-30" v="3431363553"/>
        <price t="2021-08-02" v="3485501927"/>
        <price t="2021-08-03" v="3242796843"/>
        <price t="2021-08-04" v="3330427601"/>
        <price t="2021-08-05" v="3285924023"/>
        <price t="2021-08-06" v="3311158011"/>
        <price t="2021-08-09" v="3462103138"/>
        <price t="2021-08-10" v="3618095063"/>
        <price t="2021-08-11" v="3603872270"/>
        <price t="2021-08-12" v="3569003487"/>
        <price t="2021-08-13" v="3464397137"/>
        <price t="2021-08-16" v="3374013580"/>
        <price t="2021-08-17" v="3303358414"/>
        <price t="2021-08-18" v="3329051202"/>
        <price t="2021-08-19" v="3167553680"/>
        <price t="2021-08-20" v="3142778491"/>
        <price t="2021-08-23" v="3134978895"/>
        <price t="2021-08-24" v="3267572032"/>
        <price t="2021-08-25" v="3293264819"/>
        <price t="2021-08-26" v="3262984034"/>
        <price t="2021-08-27" v="3305193614"/>
        <price t="2021-08-30" v="3237750046"/>
        <price t="2021-08-31" v="3413929161"/>
        <price t="2021-09-01" v="3567627088"/>
        <price t="2021-09-02" v="3563039090"/>
        <price t="2021-09-03" v="3541016700"/>
        <price t="2021-09-06" v="3622224261"/>
        <price t="2021-09-07" v="3663057442"/>
        <price t="2021-09-08" v="3601578271"/>
        <price t="2021-09-09" v="3400165168"/>
        <price t="2021-09-10" v="3364378785"/>
        <price t="2021-09-13" v="3289594421"/>
        <price t="2021-09-14" v="3285465223"/>
        <price t="2021-09-15" v="3168012479"/>
        <price t="2021-09-16" v="3211598458"/>
        <price t="2021-09-17" v="3172141677"/>
        <price t="2021-09-20" v="3115250505"/>
        <price t="2021-09-21" v="3154248486"/>
        <price t="2021-09-22" v="3201963663"/>
        <price t="2021-09-23" v="3246467242"/>
        <price t="2021-09-24" v="3217562856"/>
        <price t="2021-09-27" v="3215727656"/>
        <price t="2021-09-28" v="3178564874"/>
        <price t="2021-09-29" v="3195999266"/>
        <price t="2021-09-30" v="3188658469"/>
        <price t="2021-10-01" v="3138190494"/>
        <price t="2021-10-04" v="3062947330"/>
        <price t="2021-10-05" v="3151495687"/>
        <price t="2021-10-06" v="3078546522"/>
        <price t="2021-10-07" v="3312075610"/>
        <price t="2021-10-08" v="3271242430"/>
        <price t="2021-10-11" v="3278124427"/>
        <price t="2021-10-12" v="3263901633"/>
        <price t="2021-10-13" v="3268489631"/>
        <price t="2021-10-14" v="3319875206"/>
        <price t="2021-10-15" v="3375389980"/>
        <price t="2021-10-18" v="3352908791"/>
        <price t="2021-10-19" v="3505230317"/>
        <price t="2021-10-20" v="3625894660"/>
        <price t="2021-10-21" v="3608919068"/>
        <price t="2021-10-22" v="3589190677"/>
        <price t="2021-10-25" v="3517159112"/>
        <price t="2021-10-26" v="3552945495"/>
        <price t="2021-10-27" v="3464397137"/>
        <price t="2021-10-28" v="3473573133"/>
        <price t="2021-10-29" v="3473573133"/>
        <price t="2021-11-01" v="3522205909"/>
        <price t="2021-11-02" v="3369425583"/>
        <price t="2021-11-03" v="3495136722"/>
        <price t="2021-11-04" v="3493760323"/>
        <price t="2021-11-05" v="3369884382"/>
        <price t="2021-11-08" v="3335933199"/>
        <price t="2021-11-09" v="3342356396"/>
        <price t="2021-11-10" v="3368966783"/>
        <price t="2021-11-11" v="3351532391"/>
        <price t="2021-11-12" v="3452468343"/>
        <price t="2021-11-15" v="3478619930"/>
        <price t="2021-11-16" v="3601119471"/>
        <price t="2021-11-17" v="3564415489"/>
        <price t="2021-11-18" v="3508900716"/>
        <price t="2021-11-19" v="3550192696"/>
        <price t="2021-11-22" v="3450174344"/>
        <price t="2021-11-23" v="3424940356"/>
        <price t="2021-11-24" v="3375848780"/>
        <price t="2021-11-25" v="3396035970"/>
        <price t="2021-11-26" v="3251972839"/>
        <price t="2021-11-29" v="3243714443"/>
        <price t="2021-11-30" v="3274454028"/>
        <price t="2021-12-01" v="3448339145"/>
        <price t="2021-12-02" v="3298770417"/>
        <price t="2021-12-03" v="3207010461"/>
        <price t="2021-12-06" v="3309322812"/>
        <price t="2021-12-07" v="3469902734"/>
        <price t="2021-12-08" v="3373554781"/>
        <price t="2021-12-09" v="3363461186"/>
        <price t="2021-12-10" v="3303358414"/>
        <price t="2021-12-13" v="3244173243"/>
        <price t="2021-12-14" v="3206551661"/>
        <price t="2021-12-15" v="3129014498"/>
        <price t="2021-12-16" v="3216186456"/>
        <price t="2021-12-17" v="3192787667"/>
        <price t="2021-12-20" v="3138649293"/>
        <price t="2021-12-21" v="3152413287"/>
        <price t="2021-12-22" v="3228115251"/>
        <price t="2021-12-23" v="3351532391"/>
        <price t="2021-12-27" v="3386401175"/>
        <price t="2021-12-28" v="3295558818"/>
        <price t="2021-12-29" v="3243714443"/>
        <price t="2021-12-30" v="3257478436"/>
        <price t="2022-01-03" v="3390530373"/>
        <price t="2022-01-04" v="3365755184"/>
        <price t="2022-01-05" v="3317122408"/>
        <price t="2022-01-06" v="3245549642"/>
        <price t="2022-01-07" v="3234538447"/>
        <price t="2022-01-10" v="3232244449"/>
        <price t="2022-01-11" v="3391447972"/>
        <price t="2022-01-12" v="3568544687"/>
        <price t="2022-01-13" v="3580014682"/>
        <price t="2022-01-14" v="3531381905"/>
        <price t="2022-01-17" v="3496971921"/>
        <price t="2022-01-18" v="3395577170"/>
        <price t="2022-01-19" v="3377683979"/>
        <price t="2022-01-20" v="3550651496"/>
        <price t="2022-01-21" v="3483207928"/>
        <price t="2022-01-24" v="3313910809"/>
        <price t="2022-01-25" v="3209763259"/>
        <price t="2022-01-26" v="3241879244"/>
        <price t="2022-01-27" v="3216186456"/>
        <price t="2022-01-28" v="3266195632"/>
        <price t="2022-01-31" v="3393283171"/>
        <price t="2022-02-01" v="3402000367"/>
        <price t="2022-02-02" v="3323545605"/>
        <price t="2022-02-03" v="3281794825"/>
        <price t="2022-02-04" v="3235456047"/>
        <price t="2022-02-07" v="3295558818"/>
        <price t="2022-02-08" v="3268030831"/>
        <price t="2022-02-09" v="3397871169"/>
        <price t="2022-02-10" v="3257478436"/>
        <price t="2022-02-11" v="3165718480"/>
        <price t="2022-02-14" v="3088181318"/>
        <price t="2022-02-15" v="3119838502"/>
        <price t="2022-02-16" v="3134061296"/>
        <price t="2022-02-17" v="3073040925"/>
        <price t="2022-02-18" v="2963846577"/>
        <price t="2022-02-21" v="2732611488"/>
        <price t="2022-02-22" v="2714718297"/>
        <price t="2022-02-23" v="2611488346"/>
        <price t="2022-02-24" v="2463296018"/>
        <price t="2022-02-25" v="2510552395"/>
        <price t="2022-02-28" v="2545421178"/>
        <price t="2022-03-01" v="2517434392"/>
        <price t="2022-03-02" v="2499082400"/>
        <price t="2022-03-03" v="2399064048"/>
        <price t="2022-03-04" v="2182510552"/>
        <price t="2022-03-07" v="2233896128"/>
        <price t="2022-03-08" v="2332079281"/>
        <price t="2022-03-09" v="2456872821"/>
        <price t="2022-03-10" v="2370159662"/>
        <price t="2022-03-11" v="2337584878"/>
        <price t="2022-03-14" v="2097632593"/>
        <price t="2022-03-15" v="1958157460"/>
        <price t="2022-03-16" v="2400440448"/>
        <price t="2022-03-17" v="2344466875"/>
        <price t="2022-03-18" v="2423380437"/>
        <price t="2022-03-21" v="2357772068"/>
        <price t="2022-03-22" v="2404569646"/>
        <price t="2022-03-23" v="2288493302"/>
        <price t="2022-03-24" v="2275646908"/>
        <price t="2022-03-25" v="2191915948"/>
        <price t="2022-03-28" v="2204762342"/>
        <price t="2022-03-29" v="2290099101"/>
        <price t="2022-03-30" v="2289410901"/>
        <price t="2022-03-31" v="2227702331"/>
        <price t="2022-04-01" v="2343549275"/>
        <price t="2022-04-04" v="2425215636"/>
        <price t="2022-04-05" v="2421086438"/>
        <price t="2022-04-06" v="2280693705"/>
        <price t="2022-04-07" v="2217149936"/>
        <price t="2022-04-08" v="2210726739"/>
        <price t="2022-04-11" v="2229996330"/>
        <price t="2022-04-12" v="2215544137"/>
        <price t="2022-04-13" v="2232060929"/>
        <price t="2022-04-14" v="2172416957"/>
        <price t="2022-04-19" v="2065975408"/>
        <price t="2022-04-20" v="2067351808"/>
        <price t="2022-04-21" v="1995549642"/>
        <price t="2022-04-22" v="1992796843"/>
        <price t="2022-04-25" v="1940952468"/>
        <price t="2022-04-26" v="1938199670"/>
        <price t="2022-04-27" v="1975591852"/>
        <price t="2022-04-28" v="1962057258"/>
        <price t="2022-04-29" v="2155211965"/>
        <price t="2022-05-02" v="2074922004"/>
        <price t="2022-05-03" v="2138924573"/>
        <price t="2022-05-04" v="2063681409"/>
        <price t="2022-05-05" v="1966874656"/>
        <price t="2022-05-06" v="1950357864"/>
        <price t="2022-05-09" v="1848045513"/>
        <price t="2022-05-10" v="1848045513"/>
        <price t="2022-05-11" v="1973527253"/>
        <price t="2022-05-12" v="2009543035"/>
        <price t="2022-05-13" v="2003808038"/>
        <price t="2022-05-16" v="2014360433"/>
        <price t="2022-05-17" v="2164387961"/>
        <price t="2022-05-18" v="2067581208"/>
        <price t="2022-05-19" v="2096944393"/>
        <price t="2022-05-20" v="2082951000"/>
        <price t="2022-05-23" v="2032483024"/>
        <price t="2022-05-24" v="1911130483"/>
        <price t="2022-05-25" v="1982473848"/>
        <price t="2022-05-26" v="2062305010"/>
        <price t="2022-05-27" v="2114149385"/>
        <price t="2022-05-30" v="2177004955"/>
        <price t="2022-05-31" v="2215773536"/>
        <price t="2022-06-01" v="2137548174"/>
        <price t="2022-06-02" v="2158652964"/>
        <price t="2022-06-03" v="2136401175"/>
        <price t="2022-06-06" v="2226096531"/>
        <price t="2022-06-07" v="2183428152"/>
        <price t="2022-06-08" v="2354560470"/>
        <price t="2022-06-09" v="2320150486"/>
        <price t="2022-06-10" v="2259588915"/>
        <price t="2022-06-13" v="2199486144"/>
        <price t="2022-06-14" v="2189621949"/>
        <price t="2022-06-15" v="2309139292"/>
        <price t="2022-06-16" v="2190310149"/>
        <price t="2022-06-17" v="2268764911"/>
        <price t="2022-06-20" v="2238484126"/>
        <price t="2022-06-21" v="2303633694"/>
        <price t="2022-06-22" v="2285052303"/>
        <price t="2022-06-23" v="2332538080"/>
        <price t="2022-06-24" v="2428427234"/>
        <price t="2022-06-27" v="2846393834"/>
        <price t="2022-06-28" v="2762892274"/>
        <price t="2022-06-29" v="2856028629"/>
        <price t="2022-06-30" v="2866581024"/>
        <price t="2022-07-01" v="2982198569"/>
        <price t="2022-07-04" v="2940906588"/>
        <price t="2022-07-05" v="3053312534"/>
        <price t="2022-07-06" v="3036336943"/>
        <price t="2022-07-07" v="3260690035"/>
        <price t="2022-07-08" v="3077170123"/>
        <price t="2022-07-11" v="3041383740"/>
        <price t="2022-07-12" v="3103321710"/>
        <price t="2022-07-13" v="3015232153"/>
        <price t="2022-07-14" v="2981280969"/>
        <price t="2022-07-15" v="2934942191"/>
        <price t="2022-07-18" v="3022572949"/>
        <price t="2022-07-19" v="3091851716"/>
        <price t="2022-07-20" v="3131308497"/>
        <price t="2022-07-21" v="3172600477"/>
        <price t="2022-07-22" v="3140943292"/>
        <price t="2022-07-25" v="3121214902"/>
        <price t="2022-07-26" v="3054688934"/>
        <price t="2022-07-27" v="3020278950"/>
        <price t="2022-07-28" v="3032666544"/>
        <price t="2022-07-29" v="2921178198"/>
        <price t="2022-08-01" v="2908331804"/>
        <price t="2022-08-02" v="2879427418"/>
        <price t="2022-08-03" v="2956046981"/>
        <price t="2022-08-04" v="2979904570"/>
        <price t="2022-08-05" v="2902826207"/>
        <price t="2022-08-08" v="2961093779"/>
        <price t="2022-08-09" v="2898697009"/>
        <price t="2022-08-10" v="2906037805"/>
        <price t="2022-08-11" v="2955588181"/>
        <price t="2022-08-12" v="2885850615"/>
        <price t="2022-08-15" v="2915213801"/>
        <price t="2022-08-16" v="2986327767"/>
        <price t="2022-08-17" v="2979445770"/>
        <price t="2022-08-18" v="2940906588"/>
        <price t="2022-08-19" v="2887685814"/>
        <price t="2022-08-22" v="2873921821"/>
        <price t="2022-08-23" v="2852358231"/>
        <price t="2022-08-24" v="2867498624"/>
        <price t="2022-08-25" v="3043677739"/>
        <price t="2022-08-26" v="2973940173"/>
        <price t="2022-08-29" v="2900991008"/>
        <price t="2022-08-30" v="2856946229"/>
        <price t="2022-08-31" v="2879427418"/>
        <price t="2022-09-01" v="2730776289"/>
        <price t="2022-09-02" v="2775738668"/>
        <price t="2022-09-05" v="2727564691"/>
        <price t="2022-09-06" v="2674802716"/>
        <price t="2022-09-07" v="2663791521"/>
        <price t="2022-09-08" v="2693154707"/>
        <price t="2022-09-09" v="2764727473"/>
        <price t="2022-09-12" v="2780326665"/>
        <price t="2022-09-13" v="2712424298"/>
        <price t="2022-09-14" v="2732611488"/>
        <price t="2022-09-15" v="2733987888"/>
        <price t="2022-09-16" v="2612405946"/>
        <price t="2022-09-19" v="2638557533"/>
        <price t="2022-09-20" v="2653697926"/>
        <price t="2022-09-21" v="2639016333"/>
        <price t="2022-09-22" v="2525233988"/>
        <price t="2022-09-23" v="2454120022"/>
        <price t="2022-09-26" v="2562396770"/>
        <price t="2022-09-27" v="2519269591"/>
        <price t="2022-09-28" v="2503211598"/>
        <price t="2022-09-29" v="2415580841"/>
        <price t="2022-09-30" v="2471554414"/>
        <price t="2022-10-03" v="2467425216"/>
        <price t="2022-10-04" v="2575243164"/>
        <price t="2022-10-05" v="2563314370"/>
        <price t="2022-10-06" v="2629840338"/>
        <price t="2022-10-07" v="2518810791"/>
        <price t="2022-10-10" v="2431638833"/>
        <price t="2022-10-11" v="2448155625"/>
        <price t="2022-10-12" v="2398605249"/>
        <price t="2022-10-13" v="2322444485"/>
        <price t="2022-10-14" v="2402734447"/>
        <price t="2022-10-17" v="2459625619"/>
        <price t="2022-10-18" v="2481189209"/>
        <price t="2022-10-19" v="2325197284"/>
        <price t="2022-10-20" v="2319691687"/>
        <price t="2022-10-21" v="2260277115"/>
        <price t="2022-10-24" v="1875344100"/>
        <price t="2022-10-25" v="1922600477"/>
        <price t="2022-10-26" v="1986603046"/>
        <price t="2022-10-27" v="2006560837"/>
        <price t="2022-10-28" v="1896219490"/>
        <price t="2022-10-31" v="2035006423"/>
        <price t="2022-11-01" v="2224490732"/>
        <price t="2022-11-02" v="2172875757"/>
        <price t="2022-11-03" v="2155441365"/>
        <price t="2022-11-04" v="2314644889"/>
        <price t="2022-11-07" v="2313268490"/>
        <price t="2022-11-08" v="2317856487"/>
        <price t="2022-11-09" v="2226784731"/>
        <price t="2022-11-10" v="2367406864"/>
        <price t="2022-11-11" v="2519728391"/>
        <price t="2022-11-14" v="2531198385"/>
        <price t="2022-11-15" v="2706459901"/>
        <price t="2022-11-16" v="2729858690"/>
        <price t="2022-11-17" v="2783997064"/>
        <price t="2022-11-18" v="2687190310"/>
        <price t="2022-11-21" v="2670214718"/>
        <price t="2022-11-22" v="2585336759"/>
        <price t="2022-11-23" v="2633969536"/>
        <price t="2022-11-24" v="2696825106"/>
        <price t="2022-11-25" v="2685355111"/>
        <price t="2022-11-28" v="2744081483"/>
        <price t="2022-11-29" v="2761515874"/>
        <price t="2022-11-30" v="2861075427"/>
        <price t="2022-12-01" v="2836300239"/>
        <price t="2022-12-02" v="2841347036"/>
        <price t="2022-12-05" v="2920719398"/>
        <price t="2022-12-06" v="2882180217"/>
        <price t="2022-12-07" v="2869333823"/>
        <price t="2022-12-08" v="2953752982"/>
        <price t="2022-12-09" v="2963387778"/>
        <price t="2022-12-12" v="2920719398"/>
        <price t="2022-12-13" v="3056524133"/>
        <price t="2022-12-14" v="3055147734"/>
        <price t="2022-12-15" v="2951917783"/>
        <price t="2022-12-16" v="2924848596"/>
        <price t="2022-12-19" v="2937694990"/>
        <price t="2022-12-20" v="2905579005"/>
        <price t="2022-12-21" v="2926683795"/>
        <price t="2022-12-22" v="2921636998"/>
        <price t="2022-12-23" v="2939988989"/>
        <price t="2022-12-27" v="2989998165"/>
        <price t="2022-12-28" v="2939530189"/>
        <price t="2022-12-29" v="3055147734"/>
        <price t="2022-12-30" v="2973481373"/>
        <price t="2023-01-02" v="3047348137"/>
        <price t="2023-01-03" v="3147366489"/>
        <price t="2023-01-04" v="3337768398"/>
        <price t="2023-01-05" v="3274454028"/>
        <price t="2023-01-06" v="3349238392"/>
        <price t="2023-01-09" v="3418517159"/>
        <price t="2023-01-10" v="3413929161"/>
        <price t="2023-01-11" v="3446045146"/>
        <price t="2023-01-12" v="3430445953"/>
        <price t="2023-01-13" v="3475408332"/>
        <price t="2023-01-16" v="3441457148"/>
        <price t="2023-01-17" v="3474490732"/>
        <price t="2023-01-18" v="3427234355"/>
        <price t="2023-01-19" v="3425399156"/>
        <price t="2023-01-20" v="3457973940"/>
        <price t="2023-01-23" v="3492842723"/>
        <price t="2023-01-24" v="3531840705"/>
        <price t="2023-01-25" v="3475867132"/>
        <price t="2023-01-26" v="3544687099"/>
        <price t="2023-01-27" v="3589649477"/>
        <price t="2023-01-30" v="3360249587"/>
        <price t="2023-01-31" v="3390989172"/>
        <price t="2023-02-01" v="3347861993"/>
        <price t="2023-02-02" v="3404753166"/>
        <price t="2023-02-03" v="3414387961"/>
        <price t="2023-02-06" v="3362084786"/>
        <price t="2023-02-07" v="3388695173"/>
        <price t="2023-02-08" v="3379977978"/>
        <price t="2023-02-09" v="3447880345"/>
        <price t="2023-02-10" v="3396953569"/>
        <price t="2023-02-13" v="3482290329"/>
        <price t="2023-02-14" v="3411176363"/>
        <price t="2023-02-15" v="3439163149"/>
        <price t="2023-02-16" v="3430904753"/>
        <price t="2023-02-17" v="3373554781"/>
        <price t="2023-02-20" v="3352908791"/>
        <price t="2023-02-21" v="3182694072"/>
        <price t="2023-02-22" v="3155166086"/>
        <price t="2023-02-23" v="3147825289"/>
        <price t="2023-02-24" v="3048265737"/>
        <price t="2023-02-27" v="3107450908"/>
        <price t="2023-02-28" v="3127179299"/>
        <price t="2023-03-01" v="3204257662"/>
        <price t="2023-03-02" v="3208386860"/>
        <price t="2023-03-03" v="3220315654"/>
        <price t="2023-03-06" v="3195081666"/>
        <price t="2023-03-07" v="3115709304"/>
        <price t="2023-03-08" v="3108827308"/>
        <price t="2023-03-09" v="3048265737"/>
        <price t="2023-03-10" v="2992292164"/>
        <price t="2023-03-13" v="3003303358"/>
        <price t="2023-03-14" v="3068452927"/>
        <price t="2023-03-15" v="2953752982"/>
        <price t="2023-03-16" v="3003762158"/>
        <price t="2023-03-17" v="2961093779"/>
        <price t="2023-03-20" v="3010644155"/>
        <price t="2023-03-21" v="3003762158"/>
        <price t="2023-03-22" v="3078087723"/>
        <price t="2023-03-23" v="3279500826"/>
        <price t="2023-03-24" v="3257478436"/>
        <price t="2023-03-27" v="3088181318"/>
        <price t="2023-03-28" v="3206092861"/>
        <price t="2023-03-29" v="3292806019"/>
        <price t="2023-03-30" v="3296476418"/>
        <price t="2023-03-31" v="3307028813"/>
        <price t="2023-04-03" v="3292806019"/>
        <price t="2023-04-04" v="3275371628"/>
        <price t="2023-04-05" v="3204716462"/>
        <price t="2023-04-06" v="3225821252"/>
        <price t="2023-04-11" v="3170765278"/>
        <price t="2023-04-12" v="2978986970"/>
        <price t="2023-04-13" v="3062029730"/>
        <price t="2023-04-14" v="3118920903"/>
        <price t="2023-04-17" v="3227197651"/>
        <price t="2023-04-18" v="3255643237"/>
        <price t="2023-04-19" v="3210222059"/>
        <price t="2023-04-20" v="3230409249"/>
        <price t="2023-04-21" v="3178564874"/>
        <price t="2023-04-24" v="3087722518"/>
        <price t="2023-04-25" v="3033584144"/>
        <price t="2023-04-26" v="3063406130"/>
        <price t="2023-04-27" v="3094145715"/>
        <price t="2023-04-28" v="3101945311"/>
        <price t="2023-05-02" v="3062488530"/>
        <price t="2023-05-03" v="3050100936"/>
        <price t="2023-05-04" v="3017526152"/>
        <price t="2023-05-05" v="3079005322"/>
        <price t="2023-05-08" v="3070746926"/>
        <price t="2023-05-09" v="2919342999"/>
        <price t="2023-05-10" v="2954211782"/>
        <price t="2023-05-11" v="3013855753"/>
        <price t="2023-05-12" v="2981280969"/>
        <price t="2023-05-15" v="3141860892"/>
        <price t="2023-05-16" v="3114332905"/>
        <price t="2023-05-17" v="3185905671"/>
        <price t="2023-05-18" v="3126261699"/>
        <price t="2023-05-19" v="3105615709"/>
        <price t="2023-05-22" v="3129014498"/>
        <price t="2023-05-23" v="3067076528"/>
        <price t="2023-05-24" v="2999632960"/>
        <price t="2023-05-25" v="2934024592"/>
        <price t="2023-05-26" v="2967516976"/>
        <price t="2023-05-29" v="2926224995"/>
        <price t="2023-05-30" v="2883556616"/>
        <price t="2023-05-31" v="2848229033"/>
        <price t="2023-06-01" v="2893191411"/>
        <price t="2023-06-02" v="3024866948"/>
        <price t="2023-06-05" v="2989998165"/>
        <price t="2023-06-06" v="3020737750"/>
        <price t="2023-06-07" v="3001926959"/>
        <price t="2023-06-08" v="3041842540"/>
        <price t="2023-06-09" v="3036336943"/>
        <price t="2023-06-12" v="3082216921"/>
        <price t="2023-06-13" v="3111580106"/>
        <price t="2023-06-14" v="3106074509"/>
        <price t="2023-06-15" v="3160671683"/>
        <price t="2023-06-16" v="3169388879"/>
        <price t="2023-06-19" v="3168930079"/>
        <price t="2023-06-20" v="3027160947"/>
        <price t="2023-06-21" v="2968434575"/>
        <price t="2023-06-22" v="2949623784"/>
        <price t="2023-06-23" v="2886768214"/>
        <price t="2023-06-26" v="2912919802"/>
        <price t="2023-06-27" v="3066158928"/>
        <price t="2023-06-28" v="3069829326"/>
        <price t="2023-06-29" v="3023949349"/>
        <price t="2023-06-30" v="3066617728"/>
        <price t="2023-07-03" v="3107909708"/>
        <price t="2023-07-04" v="3107909708"/>
        <price t="2023-07-05" v="3027160947"/>
        <price t="2023-07-06" v="2882180217"/>
        <price t="2023-07-07" v="2944118187"/>
        <price t="2023-07-10" v="2955129382"/>
        <price t="2023-07-11" v="2965681776"/>
        <price t="2023-07-12" v="3093228115"/>
        <price t="2023-07-13" v="3175353276"/>
        <price t="2023-07-14" v="3178564874"/>
        <price t="2023-07-17" v="3127638099"/>
        <price t="2023-07-18" v="3104239310"/>
        <price t="2023-07-19" v="3110203707"/>
        <price t="2023-07-20" v="3073499725"/>
        <price t="2023-07-21" v="3056524133"/>
        <price t="2023-07-24" v="3094604515"/>
        <price t="2023-07-25" v="3158836484"/>
        <price t="2023-07-26" v="3145990090"/>
        <price t="2023-07-27" v="3189117269"/>
        <price t="2023-07-28" v="3319875206"/>
        <price t="2023-07-31" v="3291888420"/>
        <price t="2023-08-01" v="3289594421"/>
        <price t="2023-08-02" v="3165718480"/>
        <price t="2023-08-03" v="3196458066"/>
        <price t="2023-08-04" v="3160671683"/>
        <price t="2023-08-07" v="3082216921"/>
        <price t="2023-08-08" v="3039548541"/>
        <price t="2023-08-09" v="3044136539"/>
        <price t="2023-08-10" v="3132226097"/>
        <price t="2023-08-11" v="3008808956"/>
        <price t="2023-08-14" v="2990915764"/>
        <price t="2023-08-15" v="3010644155"/>
        <price t="2023-08-16" v="2937236190"/>
        <price t="2023-08-17" v="2967058176"/>
        <price t="2023-08-18" v="2917966599"/>
        <price t="2023-08-21" v="2906037805"/>
        <price t="2023-08-22" v="2898238209"/>
        <price t="2023-08-23" v="2923472197"/>
        <price t="2023-08-24" v="2886309415"/>
        <price t="2023-08-25" v="2884015416"/>
        <price t="2023-08-28" v="2943200587"/>
        <price t="2023-08-29" v="2981739769"/>
        <price t="2023-08-30" v="2893191411"/>
        <price t="2023-08-31" v="2936777390"/>
        <price t="2023-09-01" v="2977151771"/>
        <price t="2023-09-04" v="2973481373"/>
        <price t="2023-09-05" v="2983116168"/>
        <price t="2023-09-06" v="3000550560"/>
        <price t="2023-09-07" v="2916590200"/>
        <price t="2023-09-08" v="2896861810"/>
        <price t="2023-09-11" v="2950082584"/>
        <price t="2023-09-12" v="2952835383"/>
        <price t="2023-09-13" v="2941365388"/>
        <price t="2023-09-14" v="2989500000"/>
        <price t="2023-09-15" v="2959000000"/>
        <price t="2023-09-18" v="2915000000"/>
        <price t="2023-09-19" v="2893500000"/>
        <price t="2023-09-20" v="2876500000"/>
        <price t="2023-09-21" v="2736500000"/>
        <price t="2023-09-22" v="2861000000"/>
        <price t="2023-09-25" v="2782500000"/>
        <price t="2023-09-26" v="2757000000"/>
        <price t="2023-09-27" v="2776500000"/>
        <price t="2023-09-28" v="2778000000"/>
        <price t="2023-09-29" v="2791500000"/>
        <price t="2023-10-02" v="2775000000"/>
        <price t="2023-10-03" v="2692000000"/>
        <price t="2023-10-04" v="2727000000"/>
        <price t="2023-10-05" v="2696500000"/>
        <price t="2023-10-06" v="2774500000"/>
        <price t="2023-10-09" v="2740500000"/>
        <price t="2023-10-10" v="2860000000"/>
        <price t="2023-10-11" v="2879000000"/>
        <price t="2023-10-12" v="2835500000"/>
        <price t="2023-10-13" v="2761500000"/>
        <price t="2023-10-16" v="2819000000"/>
        <price t="2023-10-17" v="2769000000"/>
        <price t="2023-10-18" v="2698500000"/>
        <price t="2023-10-19" v="2657000000"/>
        <price t="2023-10-20" v="2604500000"/>
        <price t="2023-10-23" v="2612500000"/>
        <price t="2023-10-24" v="2659500000"/>
        <price t="2023-10-25" v="2637500000"/>
        <price t="2023-10-26" v="2612000000"/>
        <price t="2023-10-27" v="2640000000"/>
        <price t="2023-10-30" v="2647500000"/>
        <price t="2023-10-31" v="2642500000"/>
        <price t="2023-11-01" v="2665500000"/>
        <price t="2023-11-02" v="2704500000"/>
        <price t="2023-11-03" v="2839000000"/>
        <price t="2023-11-06" v="2848500000"/>
        <price t="2023-11-07" v="2853500000"/>
        <price t="2023-11-08" v="2855500000"/>
        <price t="2023-11-09" v="2908500000"/>
        <price t="2023-11-10" v="2852000000"/>
        <price t="2023-11-13" v="2886000000"/>
        <price t="2023-11-14" v="2955500000"/>
        <price t="2023-11-15" v="3134000000"/>
        <price t="2023-11-16" v="3013500000"/>
        <price t="2023-11-17" v="3024000000"/>
        <price t="2023-11-20" v="3038000000"/>
        <price t="2023-11-21" v="3000500000"/>
        <price t="2023-11-22" v="3027000000"/>
        <price t="2023-11-23" v="3068000000"/>
        <price t="2023-11-24" v="3022500000"/>
        <price t="2023-11-27" v="3027500000"/>
        <price t="2023-11-28" v="3014000000"/>
        <price t="2023-11-29" v="3001500000"/>
        <price t="2023-11-30" v="3050500000"/>
        <price t="2023-12-01" v="3032000000"/>
        <price t="2023-12-04" v="3040500000"/>
        <price t="2023-12-05" v="2991500000"/>
        <price t="2023-12-06" v="3005500000"/>
        <price t="2023-12-07" v="3007000000"/>
        <price t="2023-12-08" v="2991500000"/>
        <price t="2023-12-11" v="3007500000"/>
        <price t="2023-12-12" v="2996500000"/>
        <price t="2023-12-13" v="2978000000"/>
        <price t="2023-12-14" v="3011500000"/>
        <price t="2023-12-15" v="3042000000"/>
        <price t="2023-12-18" v="2920000000"/>
        <price t="2023-12-19" v="2980500000"/>
        <price t="2023-12-20" v="2960000000"/>
        <price t="2023-12-21" v="2950000000"/>
        <price t="2023-12-22" v="2554500000"/>
        <price t="2023-12-27" v="2658000000"/>
        <price t="2023-12-28" v="2673000000"/>
        <price t="2023-12-29" v="2712500000"/>
        <price t="2024-01-02" v="2692000000"/>
        <price t="2024-01-03" v="2718000000"/>
        <price t="2024-01-04" v="2742500000"/>
        <price t="2024-01-05" v="2725500000"/>
        <price t="2024-01-08" v="2755000000"/>
        <price t="2024-01-09" v="2698000000"/>
        <price t="2024-01-10" v="2682500000"/>
        <price t="2024-01-11" v="2673000000"/>
        <price t="2024-01-12" v="2705000000"/>
        <price t="2024-01-15" v="2684000000"/>
        <price t="2024-01-16" v="2648500000"/>
        <price t="2024-01-17" v="2581000000"/>
        <price t="2024-01-18" v="2618500000"/>
        <price t="2024-01-19" v="2576000000"/>
        <price t="2024-01-22" v="2570500000"/>
        <price t="2024-01-23" v="2710000000"/>
        <price t="2024-01-24" v="2807000000"/>
        <price t="2024-01-25" v="2841000000"/>
        <price t="2024-01-26" v="2827000000"/>
        <price t="2024-01-29" v="2800000000"/>
        <price t="2024-01-30" v="2783500000"/>
        <price t="2024-01-31" v="2750000000"/>
        <price t="2024-02-01" v="2800000000"/>
        <price t="2024-02-02" v="2808500000"/>
        <price t="2024-02-05" v="2799000000"/>
        <price t="2024-02-06" v="2935500000"/>
        <price t="2024-02-07" v="2944500000"/>
        <price t="2024-02-08" v="2941500000"/>
        <price t="2024-02-09" v="2947500000"/>
        <price t="2024-02-12" v="2954000000"/>
        <price t="2024-02-13" v="2928000000"/>
        <price t="2024-02-14" v="2886500000"/>
        <price t="2024-02-15" v="2906000000"/>
        <price t="2024-02-16" v="2898000000"/>
        <price t="2024-02-19" v="2874500000"/>
        <price t="2024-02-20" v="2785000000"/>
        <price t="2024-02-21" v="2838000000"/>
        <price t="2024-02-22" v="2847000000"/>
        <price t="2024-02-23" v="2818000000"/>
        <price t="2024-02-26" v="2770000000"/>
        <price t="2024-02-27" v="2790000000"/>
        <price t="2024-02-28" v="2710000000"/>
        <price t="2024-02-29" v="2704000000"/>
        <price t="2024-03-01" v="2680500000"/>
        <price t="2024-03-04" v="2640500000"/>
        <price t="2024-03-05" v="2595000000"/>
        <price t="2024-03-06" v="2631000000"/>
        <price t="2024-03-07" v="2640000000"/>
        <price t="2024-03-08" v="2644500000"/>
        <price t="2024-03-11" v="2691500000"/>
        <price t="2024-03-12" v="2758000000"/>
        <price t="2024-03-13" v="2767500000"/>
        <price t="2024-03-14" v="2740500000"/>
        <price t="2024-03-15" v="2715500000"/>
        <price t="2024-03-18" v="2738000000"/>
        <price t="2024-03-19" v="2713500000"/>
        <price t="2024-03-20" v="2728000000"/>
        <price t="2024-03-21" v="2789500000"/>
        <price t="2024-03-22" v="2775500000"/>
        <price t="2024-03-25" v="2765500000"/>
        <price t="2024-03-26" v="2832000000"/>
        <price t="2024-03-27" v="2869000000"/>
        <price t="2024-03-28" v="2907000000"/>
        <price t="2024-04-02" v="2965000000"/>
        <price t="2024-04-03" v="2965000000"/>
        <price t="2024-04-04" v="2969500000"/>
        <price t="2024-04-05" v="2927000000"/>
        <price t="2024-04-08" v="2980000000"/>
        <price t="2024-04-09" v="2925000000"/>
        <price t="2024-04-10" v="3000000000"/>
        <price t="2024-04-11" v="2979000000"/>
        <price t="2024-04-12" v="2943000000"/>
        <price t="2024-04-15" v="2922500000"/>
        <price t="2024-04-16" v="2874000000"/>
        <price t="2024-04-17" v="2866000000"/>
        <price t="2024-04-18" v="2892500000"/>
        <price t="2024-04-19" v="2838000000"/>
        <price t="2024-04-22" v="2984500000"/>
        <price t="2024-04-23" v="3072000000"/>
        <price t="2024-04-24" v="3123500000"/>
        <price t="2024-04-25" v="3081000000"/>
        <price t="2024-04-26" v="3125000000"/>
        <price t="2024-04-29" v="3170000000"/>
        <price t="2024-04-30" v="3169000000"/>
        <price t="2024-05-02" v="3295000000"/>
        <price t="2024-05-03" v="3336000000"/>
        <price t="2024-05-06" v="3369000000"/>
        <price t="2024-05-07" v="3311500000"/>
        <price t="2024-05-08" v="3288000000"/>
        <price t="2024-05-09" v="3383500000"/>
        <price t="2024-05-10" v="3399000000"/>
        <price t="2024-05-13" v="3466000000"/>
        <price t="2024-05-14" v="3585500000"/>
        <price t="2024-05-15" v="3616500000"/>
        <price t="2024-05-16" v="3630000000"/>
        <price t="2024-05-17" v="3576000000"/>
        <price t="2024-05-20" v="3499500000"/>
        <price t="2024-05-21" v="3530500000"/>
        <price t="2024-05-22" v="3461000000"/>
        <price t="2024-05-23" v="3474000000"/>
        <price t="2024-05-24" v="3439000000"/>
        <price t="2024-05-27" v="3479000000"/>
        <price t="2024-05-28" v="3454500000"/>
        <price t="2024-05-29" v="3394000000"/>
        <price t="2024-05-30" v="3421000000"/>
        <price t="2024-05-31" v="3318000000"/>
        <price t="2024-06-03" v="3389000000"/>
        <price t="2024-06-04" v="3380500000"/>
        <price t="2024-06-05" v="3390500000"/>
        <price t="2024-06-06" v="3410000000"/>
        <price t="2024-06-07" v="3373000000"/>
        <price t="2024-06-10" v="3427000000"/>
        <price t="2024-06-11" v="3373500000"/>
        <price t="2024-06-12" v="3446500000"/>
        <price t="2024-06-13" v="3427000000"/>
        <price t="2024-06-14" v="3386000000"/>
        <price t="2024-06-17" v="3418000000"/>
        <price t="2024-06-18" v="3386000000"/>
        <price t="2024-06-19" v="3448000000"/>
        <price t="2024-06-20" v="3408500000"/>
        <price t="2024-06-21" v="3403500000"/>
        <price t="2024-06-24" v="3451500000"/>
        <price t="2024-06-25" v="3394000000"/>
        <price t="2024-06-26" v="3384000000"/>
        <price t="2024-06-27" v="3337500000"/>
        <price t="2024-06-28" v="3340500000"/>
        <price t="2024-07-01" v="3315000000"/>
        <price t="2024-07-02" v="3305000000"/>
        <price t="2024-07-03" v="3314000000"/>
        <price t="2024-07-04" v="3332000000"/>
        <price t="2024-07-05" v="3286500000"/>
        <price t="2024-07-08" v="3301000000"/>
        <price t="2024-07-09" v="3283500000"/>
        <price t="2024-07-10" v="3306500000"/>
        <price t="2024-07-11" v="3325500000"/>
        <price t="2024-07-12" v="3449000000"/>
        <price t="2024-07-15" v="3361500000"/>
        <price t="2024-07-16" v="3295000000"/>
        <price t="2024-07-17" v="3278000000"/>
        <price t="2024-07-18" v="3309500000"/>
        <price t="2024-07-19" v="3231500000"/>
        <price t="2024-07-22" v="3294500000"/>
        <price t="2024-07-23" v="3269500000"/>
        <price t="2024-07-24" v="3225000000"/>
        <price t="2024-07-25" v="3169500000"/>
        <price t="2024-07-26" v="3194000000"/>
        <price t="2024-07-29" v="3155500000"/>
        <price t="2024-07-30" v="3178500000"/>
        <price t="2024-07-31" v="3212000000"/>
        <price t="2024-08-01" v="3208500000"/>
        <price t="2024-08-02" v="3127500000"/>
        <price t="2024-08-05" v="3094500000"/>
        <price t="2024-08-06" v="3052500000"/>
        <price t="2024-08-07" v="3171500000"/>
        <price t="2024-08-08" v="3219000000"/>
        <price t="2024-08-09" v="3220000000"/>
        <price t="2024-08-12" v="3292000000"/>
        <price t="2024-08-13" v="3313500000"/>
        <price t="2024-08-14" v="3255500000"/>
        <price t="2024-08-15" v="3300500000"/>
        <price t="2024-08-16" v="3327000000"/>
        <price t="2024-08-19" v="3350000000"/>
        <price t="2024-08-20" v="3288000000"/>
        <price t="2024-08-21" v="3311000000"/>
        <price t="2024-08-22" v="3327500000"/>
        <price t="2024-08-23" v="3349500000"/>
        <price t="2024-08-26" v="3298000000"/>
        <price t="2024-08-27" v="3325000000"/>
        <price t="2024-08-28" v="3258000000"/>
        <price t="2024-08-29" v="3304000000"/>
        <price t="2024-08-30" v="3361500000"/>
        <price t="2024-09-02" v="3346500000"/>
        <price t="2024-09-03" v="3350000000"/>
        <price t="2024-09-04" v="3341000000"/>
        <price t="2024-09-05" v="3345000000"/>
        <price t="2024-09-06" v="3220500000"/>
        <price t="2024-09-09" v="3258000000"/>
        <price t="2024-09-10" v="3239000000"/>
        <price t="2024-09-11" v="3229500000"/>
        <price t="2024-09-12" v="3212000000"/>
        <price t="2024-09-13" v="3233000000"/>
        <price t="2024-09-16" v="3232000000"/>
        <price t="2024-09-17" v="3274500000"/>
        <price t="2024-09-18" v="3252000000"/>
      </prices>
      <latest t="2024-09-18" v="3252000000">
        <high>-1</high>
        <low>-1</low>
        <volume>-1</volume>
      </latest>
      <attributes>
        <map/>
      </attributes>
      <events>
        <event>
          <date>2023-09-14</date>
          <type>STOCK_SPLIT</type>
          <details>2.1796:1</details>
        </event>
        <dividendEvent>
          <date>2024-10-31</date>
          <type>DIVIDEND_PAYMENT</type>
          <source>divvydiary.com</source>
          <paymentDate>2024-11-26</paymentDate>
          <amount currency="EUR" amount="10"/>
        </dividendEvent>
        <dividendEvent>
          <date>2023-11-02</date>
          <type>DIVIDEND_PAYMENT</type>
          <source>divvydiary.com</source>
          <paymentDate>2023-11-28</paymentDate>
          <amount currency="EUR" amount="7"/>
        </dividendEvent>
        <dividendEvent>
          <date>2022-09-01</date>
          <type>DIVIDEND_PAYMENT</type>
          <source>divvydiary.com</source>
          <paymentDate>2022-09-27</paymentDate>
          <amount currency="EUR" amount="6"/>
        </dividendEvent>
        <dividendEvent>
          <date>2021-10-28</date>
          <type>DIVIDEND_PAYMENT</type>
          <source>divvydiary.com</source>
          <paymentDate>2021-11-23</paymentDate>
          <amount currency="EUR" amount="6"/>
        </dividendEvent>
        <dividendEvent>
          <date>2020-10-22</date>
          <type>DIVIDEND_PAYMENT</type>
          <source>divvydiary.com</source>
          <paymentDate>2020-11-17</paymentDate>
          <amount currency="EUR" amount="5"/>
        </dividendEvent>
        <event>
          <date>2024-08-21</date>
          <type>NOTE</type>
          <details>Annual General Meeting</details>
        </event>
      </events>
      <isRetired>false</isRetired>
      <updatedAt>2024-02-13T08:06:40.170515200Z</updatedAt>
    </security>
    <security>
      <uuid>c8566c0c-ec34-495b-b7f3-36c8de4f0202</uuid>
      <onlineId>8761e2dd873a4f1c99c565939819eed9</onlineId>
      <name>Amazon.com Inc.</name>
      <currencyCode>USD</currencyCode>
      <isin>US0231351067</isin>
      <tickerSymbol></tickerSymbol>
      <wkn>906866</wkn>
      <feed>PORTFOLIO-REPORT</feed>
      <prices>
        <price t="2000-01-03" v="394014500"/>
        <price t="2000-01-04" v="402410250"/>
        <price t="2000-01-05" v="368167680"/>
        <price t="2000-01-06" v="337610000"/>
        <price t="2000-01-07" v="344514000"/>
        <price t="2000-01-10" v="333976850"/>
        <price t="2000-01-11" v="343576000"/>
        <price t="2000-01-12" v="335010000"/>
        <price t="2000-01-13" v="333970000"/>
        <price t="2000-01-14" v="332312500"/>
        <price t="2000-01-17" v="328055000"/>
        <price t="2000-01-18" v="328022500"/>
        <price t="2000-01-19" v="328412500"/>
        <price t="2000-01-20" v="327892500"/>
        <price t="2000-01-21" v="320074900"/>
        <price t="2000-01-24" v="351195675"/>
        <price t="2000-01-25" v="350530200"/>
        <price t="2000-01-26" v="336137450"/>
        <price t="2000-01-27" v="334694800"/>
        <price t="2000-01-28" v="315136000"/>
        <price t="2000-01-31" v="313312000"/>
        <price t="2000-02-01" v="339898550"/>
        <price t="2000-02-02" v="345682275"/>
        <price t="2000-02-03" v="399716740"/>
        <price t="2000-02-04" v="403284175"/>
        <price t="2000-02-07" v="400495835"/>
        <price t="2000-02-08" v="403299675"/>
        <price t="2000-02-09" v="405307200"/>
        <price t="2000-02-10" v="387319000"/>
        <price t="2000-02-11" v="387139500"/>
        <price t="2000-02-14" v="379336815"/>
        <price t="2000-02-15" v="375915210"/>
        <price t="2000-02-16" v="376914780"/>
        <price t="2000-02-17" v="346917025"/>
        <price t="2000-02-18" v="344748575"/>
        <price t="2000-02-21" v="320598925"/>
        <price t="2000-02-22" v="325464450"/>
        <price t="2000-02-23" v="342211320"/>
        <price t="2000-02-24" v="329108500"/>
        <price t="2000-02-25" v="326282250"/>
        <price t="2000-02-28" v="331437015"/>
        <price t="2000-02-29" v="334015890"/>
        <price t="2000-03-01" v="331094750"/>
        <price t="2000-03-02" v="333081250"/>
        <price t="2000-03-03" v="330820750"/>
        <price t="2000-03-06" v="330170000"/>
        <price t="2000-03-07" v="328560250"/>
        <price t="2000-03-08" v="307761750"/>
        <price t="2000-03-09" v="310116000"/>
        <price t="2000-03-10" v="329245250"/>
        <price t="2000-03-13" v="332773000"/>
        <price t="2000-03-14" v="329485000"/>
        <price t="2000-03-15" v="330409750"/>
        <price t="2000-03-16" v="308249700"/>
        <price t="2000-03-17" v="322561200"/>
        <price t="2000-03-20" v="323995250"/>
        <price t="2000-03-21" v="323528350"/>
        <price t="2000-03-22" v="367794900"/>
        <price t="2000-03-23" v="369824800"/>
        <price t="2000-03-24" v="372084500"/>
        <price t="2000-03-27" v="367842000"/>
        <price t="2000-03-28" v="365380125"/>
        <price t="2000-03-29" v="362388000"/>
        <price t="2000-03-30" v="361895625"/>
        <price t="2000-03-31" v="361819875"/>
        <price t="2000-04-03" v="362236500"/>
        <price t="2000-04-04" v="361251750"/>
        <price t="2000-04-05" v="366364875"/>
        <price t="2000-04-06" v="364546875"/>
        <price t="2000-04-07" v="362236500"/>
        <price t="2000-04-10" v="363221250"/>
        <price t="2000-04-11" v="363372750"/>
        <price t="2000-04-12" v="362691000"/>
        <price t="2000-04-13" v="361213875"/>
        <price t="2000-04-14" v="210357000"/>
        <price t="2000-04-17" v="211084650"/>
        <price t="2000-04-18" v="261167500"/>
        <price t="2000-04-19" v="260177500"/>
        <price t="2000-04-20" v="257840000"/>
        <price t="2000-04-21" v="257840000"/>
        <price t="2000-04-24" v="257840000"/>
        <price t="2000-04-25" v="255805000"/>
        <price t="2000-04-26" v="278088250"/>
        <price t="2000-04-27" v="277180750"/>
        <price t="2000-04-28" v="274821250"/>
        <price t="2000-05-01" v="274821250"/>
        <price t="2000-05-02" v="275759000"/>
        <price t="2000-05-03" v="275857350"/>
        <price t="2000-05-04" v="276909650"/>
        <price t="2000-05-05" v="278054800"/>
        <price t="2000-05-08" v="277064400"/>
        <price t="2000-05-09" v="277869100"/>
        <price t="2000-05-10" v="281861650"/>
        <price t="2000-05-11" v="272823950"/>
        <price t="2000-05-12" v="271321450"/>
        <price t="2000-05-15" v="274867350"/>
        <price t="2000-05-16" v="285547500"/>
        <price t="2000-05-17" v="289518900"/>
        <price t="2000-05-18" v="290167900"/>
        <price t="2000-05-19" v="287993750"/>
        <price t="2000-05-22" v="292050000"/>
        <price t="2000-05-23" v="295651950"/>
        <price t="2000-05-24" v="225175500"/>
        <price t="2000-05-25" v="222279750"/>
        <price t="2000-05-26" v="228575000"/>
        <price t="2000-05-29" v="231550000"/>
        <price t="2000-05-30" v="233975000"/>
        <price t="2000-05-31" v="258158250"/>
        <price t="2000-06-01" v="258907500"/>
        <price t="2000-06-02" v="259601250"/>
        <price t="2000-06-05" v="261765750"/>
        <price t="2000-06-06" v="263208750"/>
        <price t="2000-06-07" v="265123500"/>
        <price t="2000-06-08" v="268287000"/>
        <price t="2000-06-09" v="263347500"/>
        <price t="2000-06-12" v="242986135"/>
        <price t="2000-06-13" v="244414415"/>
        <price t="2000-06-14" v="245766180"/>
        <price t="2000-06-15" v="242909620"/>
        <price t="2000-06-16" v="243955325"/>
        <price t="2000-06-19" v="245868200"/>
        <price t="2000-06-20" v="243266690"/>
        <price t="2000-06-21" v="241532350"/>
        <price t="2000-06-22" v="223321725"/>
        <price t="2000-06-23" v="169339870"/>
        <price t="2000-06-26" v="167792730"/>
        <price t="2000-06-27" v="175093625"/>
        <price t="2000-06-28" v="188300000"/>
        <price t="2000-06-29" v="190080000"/>
        <price t="2000-06-30" v="191120000"/>
        <price t="2000-07-03" v="189860000"/>
        <price t="2000-07-04" v="189740000"/>
        <price t="2000-07-05" v="190740000"/>
        <price t="2000-07-06" v="190840000"/>
        <price t="2000-07-07" v="189660000"/>
        <price t="2000-07-10" v="190460000"/>
        <price t="2000-07-11" v="190540000"/>
        <price t="2000-07-12" v="189980000"/>
        <price t="2000-07-13" v="186980000"/>
        <price t="2000-07-14" v="207904000"/>
        <price t="2000-07-17" v="208082000"/>
        <price t="2000-07-18" v="208104250"/>
        <price t="2000-07-19" v="205056000"/>
        <price t="2000-07-20" v="205145000"/>
        <price t="2000-07-21" v="208326750"/>
        <price t="2000-07-24" v="207637000"/>
        <price t="2000-07-25" v="209372500"/>
        <price t="2000-07-26" v="208927500"/>
        <price t="2000-07-27" v="208905250"/>
        <price t="2000-07-28" v="206391000"/>
        <price t="2000-07-31" v="205656750"/>
        <price t="2000-08-01" v="206124000"/>
        <price t="2000-08-02" v="203409500"/>
        <price t="2000-08-03" v="200873000"/>
        <price t="2000-08-04" v="158719825"/>
        <price t="2000-08-07" v="164647500"/>
        <price t="2000-08-08" v="166871915"/>
        <price t="2000-08-09" v="165506985"/>
        <price t="2000-08-10" v="166576795"/>
        <price t="2000-08-11" v="168439740"/>
        <price t="2000-08-14" v="173461750"/>
        <price t="2000-08-15" v="175521500"/>
        <price t="2000-08-16" v="188244000"/>
        <price t="2000-08-17" v="189655000"/>
        <price t="2000-08-18" v="189385250"/>
        <price t="2000-08-21" v="187227250"/>
        <price t="2000-08-22" v="186169000"/>
        <price t="2000-08-23" v="185048500"/>
        <price t="2000-08-24" v="186999000"/>
        <price t="2000-08-25" v="187185750"/>
        <price t="2000-08-28" v="186895250"/>
        <price t="2000-08-29" v="186023750"/>
        <price t="2000-08-30" v="184861750"/>
        <price t="2000-08-31" v="184799500"/>
        <price t="2000-09-01" v="210532300"/>
        <price t="2000-09-04" v="204750000"/>
        <price t="2000-09-05" v="219928500"/>
        <price t="2000-09-06" v="240334590"/>
        <price t="2000-09-07" v="220370400"/>
        <price t="2000-09-08" v="222742500"/>
        <price t="2000-09-11" v="223403550"/>
        <price t="2000-09-12" v="217934200"/>
        <price t="2000-09-13" v="207696000"/>
        <price t="2000-09-14" v="232537750"/>
        <price t="2000-09-15" v="221405500"/>
        <price t="2000-09-18" v="214642050"/>
        <price t="2000-09-19" v="200713500"/>
        <price t="2000-09-20" v="196219400"/>
        <price t="2000-09-21" v="198183000"/>
        <price t="2000-09-22" v="196913500"/>
        <price t="2000-09-25" v="207410500"/>
        <price t="2000-09-26" v="200973150"/>
        <price t="2000-09-27" v="187853200"/>
        <price t="2000-09-28" v="187680000"/>
        <price t="2000-09-29" v="192830000"/>
        <price t="2000-10-02" v="183345660"/>
        <price t="2000-10-04" v="163251000"/>
        <price t="2000-10-05" v="180113000"/>
        <price t="2000-10-06" v="156654000"/>
        <price t="2000-10-09" v="147815000"/>
        <price t="2000-10-10" v="160030350"/>
        <price t="2000-10-11" v="146714000"/>
        <price t="2000-10-12" v="133611600"/>
        <price t="2000-10-13" v="137169300"/>
        <price t="2000-10-16" v="130218300"/>
        <price t="2000-10-17" v="107686800"/>
        <price t="2000-10-18" v="123612500"/>
        <price t="2000-10-19" v="128267750"/>
        <price t="2000-10-20" v="147487400"/>
        <price t="2000-10-23" v="140314750"/>
        <price t="2000-10-24" v="161011200"/>
        <price t="2000-10-25" v="176523750"/>
        <price t="2000-10-26" v="160914000"/>
        <price t="2000-10-27" v="174804000"/>
        <price t="2000-10-30" v="164550800"/>
        <price t="2000-10-31" v="174021475"/>
        <price t="2000-11-01" v="185621800"/>
        <price t="2000-11-02" v="194535000"/>
        <price t="2000-11-03" v="204718500"/>
        <price t="2000-11-06" v="190457325"/>
        <price t="2000-11-07" v="197286325"/>
        <price t="2000-11-08" v="175459500"/>
        <price t="2000-11-09" v="151425250"/>
        <price t="2000-11-10" v="149609250"/>
        <price t="2000-11-13" v="146540000"/>
        <price t="2000-11-14" v="146769300"/>
        <price t="2000-11-15" v="146132000"/>
        <price t="2000-11-16" v="149529050"/>
        <price t="2000-11-17" v="138267000"/>
        <price t="2000-11-20" v="133686000"/>
        <price t="2000-11-21" v="127110000"/>
        <price t="2000-11-22" v="126435000"/>
        <price t="2000-11-23" v="132725250"/>
        <price t="2000-11-24" v="144255600"/>
        <price t="2000-11-27" v="142902000"/>
        <price t="2000-11-28" v="129699150"/>
        <price t="2000-11-29" v="125425000"/>
        <price t="2000-11-30" v="115063000"/>
        <price t="2000-12-01" v="130588250"/>
        <price t="2000-12-04" v="129611400"/>
        <price t="2000-12-05" v="129947500"/>
        <price t="2000-12-06" v="121782260"/>
        <price t="2000-12-07" v="106868850"/>
        <price t="2000-12-08" v="118303500"/>
        <price t="2000-12-11" v="125457000"/>
        <price t="2000-12-12" v="128217200"/>
        <price t="2000-12-13" v="122909400"/>
        <price t="2000-12-14" v="116674800"/>
        <price t="2000-12-15" v="117241200"/>
        <price t="2000-12-18" v="100195050"/>
        <price t="2000-12-19" v="100158750"/>
        <price t="2000-12-20" v="81531000"/>
        <price t="2000-12-21" v="78747060"/>
        <price t="2000-12-22" v="82236000"/>
        <price t="2000-12-25" v="82236000"/>
        <price t="2000-12-26" v="82236000"/>
        <price t="2000-12-27" v="79600500"/>
        <price t="2000-12-28" v="83565000"/>
        <price t="2000-12-29" v="76905825"/>
        <price t="2001-01-01" v="76905825"/>
        <price t="2001-01-02" v="68787900"/>
        <price t="2001-01-03" v="83864000"/>
        <price t="2001-01-04" v="85122000"/>
        <price t="2001-01-05" v="71348875"/>
        <price t="2001-01-08" v="73601750"/>
        <price t="2001-01-09" v="75678050"/>
        <price t="2001-01-10" v="76848980"/>
        <price t="2001-01-11" v="84278550"/>
        <price t="2001-01-12" v="94495500"/>
        <price t="2001-01-15" v="89566000"/>
        <price t="2001-01-16" v="87061000"/>
        <price t="2001-01-17" v="97248600"/>
        <price t="2001-01-18" v="89761180"/>
        <price t="2001-01-19" v="89723000"/>
        <price t="2001-01-22" v="95919250"/>
        <price t="2001-01-23" v="95010700"/>
        <price t="2001-01-24" v="103023990"/>
        <price t="2001-01-25" v="100606000"/>
        <price t="2001-01-26" v="100815900"/>
        <price t="2001-01-29" v="102823705"/>
        <price t="2001-01-30" v="96614485"/>
        <price t="2001-01-31" v="88283500"/>
        <price t="2001-02-01" v="82302500"/>
        <price t="2001-02-02" v="75256000"/>
        <price t="2001-02-05" v="72572500"/>
        <price t="2001-02-06" v="76626840"/>
        <price t="2001-02-07" v="74600000"/>
        <price t="2001-02-08" v="74912500"/>
        <price t="2001-02-09" v="69202500"/>
        <price t="2001-02-12" v="73282320"/>
        <price t="2001-02-13" v="75220250"/>
        <price t="2001-02-14" v="70670600"/>
        <price t="2001-02-15" v="68856750"/>
        <price t="2001-02-16" v="66752725"/>
        <price t="2001-02-19" v="70571580"/>
        <price t="2001-02-20" v="66664500"/>
        <price t="2001-02-21" v="60546520"/>
        <price t="2001-02-22" v="56056640"/>
        <price t="2001-02-23" v="56106160"/>
        <price t="2001-02-26" v="58272000"/>
        <price t="2001-02-27" v="58643200"/>
        <price t="2001-02-28" v="52482400"/>
        <price t="2001-03-01" v="50655085"/>
        <price t="2001-03-02" v="53135025"/>
        <price t="2001-03-05" v="64390600"/>
        <price t="2001-03-06" v="68664600"/>
        <price t="2001-03-07" v="59937080"/>
        <price t="2001-03-08" v="58246560"/>
        <price t="2001-03-09" v="58481250"/>
        <price t="2001-03-12" v="53777600"/>
        <price t="2001-03-13" v="52635440"/>
        <price t="2001-03-14" v="53255600"/>
        <price t="2001-03-15" v="55290400"/>
        <price t="2001-03-16" v="53682000"/>
        <price t="2001-03-19" v="51727000"/>
        <price t="2001-03-20" v="54976900"/>
        <price t="2001-03-21" v="50793500"/>
        <price t="2001-03-22" v="50222850"/>
        <price t="2001-03-23" v="52639800"/>
        <price t="2001-03-26" v="53610000"/>
        <price t="2001-03-27" v="53712000"/>
        <price t="2001-03-28" v="55729400"/>
        <price t="2001-03-29" v="52642200"/>
        <price t="2001-03-30" v="51004800"/>
        <price t="2001-04-02" v="43860000"/>
        <price t="2001-04-03" v="43738525"/>
        <price t="2001-04-04" v="42676200"/>
        <price t="2001-04-05" v="44333300"/>
        <price t="2001-04-06" v="45683400"/>
        <price t="2001-04-09" v="53657100"/>
        <price t="2001-04-10" v="61407425"/>
        <price t="2001-04-11" v="67184000"/>
        <price t="2001-04-12" v="72340575"/>
        <price t="2001-04-13" v="72340575"/>
        <price t="2001-04-16" v="72340575"/>
        <price t="2001-04-17" v="71514785"/>
        <price t="2001-04-18" v="87780000"/>
        <price t="2001-04-19" v="83106205"/>
        <price t="2001-04-20" v="74428920"/>
        <price t="2001-04-23" v="74536560"/>
        <price t="2001-04-24" v="84301335"/>
        <price t="2001-04-25" v="76049500"/>
        <price t="2001-04-26" v="82468950"/>
        <price t="2001-04-27" v="78094065"/>
        <price t="2001-04-30" v="82990600"/>
        <price t="2001-05-01" v="82990600"/>
        <price t="2001-05-02" v="85061850"/>
        <price t="2001-05-03" v="81996630"/>
        <price t="2001-05-04" v="81568375"/>
        <price t="2001-05-07" v="82010205"/>
        <price t="2001-05-08" v="80370290"/>
        <price t="2001-05-09" v="79443000"/>
        <price t="2001-05-10" v="75402000"/>
        <price t="2001-05-11" v="73254550"/>
        <price t="2001-05-14" v="67773750"/>
        <price t="2001-05-15" v="68083520"/>
        <price t="2001-05-16" v="69170220"/>
        <price t="2001-05-17" v="75324175"/>
        <price t="2001-05-18" v="74604500"/>
        <price t="2001-05-21" v="76116030"/>
        <price t="2001-05-22" v="81508725"/>
        <price t="2001-05-23" v="78552750"/>
        <price t="2001-05-24" v="78726600"/>
        <price t="2001-05-25" v="82172915"/>
        <price t="2001-05-28" v="85797080"/>
        <price t="2001-05-29" v="87658000"/>
        <price t="2001-05-30" v="83868400"/>
        <price t="2001-05-31" v="83104000"/>
        <price t="2001-06-01" v="81812700"/>
        <price t="2001-06-04" v="86704905"/>
        <price t="2001-06-05" v="84650000"/>
        <price t="2001-06-06" v="80774065"/>
        <price t="2001-06-07" v="79580400"/>
        <price t="2001-06-08" v="81292800"/>
        <price t="2001-06-11" v="74619790"/>
        <price t="2001-06-12" v="73215360"/>
        <price t="2001-06-13" v="74956050"/>
        <price t="2001-06-14" v="70059000"/>
        <price t="2001-06-15" v="65831200"/>
        <price t="2001-06-18" v="63499400"/>
        <price t="2001-06-19" v="59084700"/>
        <price t="2001-06-20" v="60910515"/>
        <price t="2001-06-21" v="64140000"/>
        <price t="2001-06-22" v="63960000"/>
        <price t="2001-06-25" v="63691800"/>
        <price t="2001-06-26" v="59631175"/>
        <price t="2001-06-27" v="68976000"/>
        <price t="2001-06-28" v="73790370"/>
        <price t="2001-06-29" v="71147200"/>
        <price t="2001-07-02" v="69838300"/>
        <price t="2001-07-03" v="74093840"/>
        <price t="2001-07-04" v="67624000"/>
        <price t="2001-07-05" v="74955800"/>
        <price t="2001-07-06" v="76084800"/>
        <price t="2001-07-09" v="76850015"/>
        <price t="2001-07-10" v="81177500"/>
        <price t="2001-07-11" v="76767065"/>
        <price t="2001-07-12" v="81281760"/>
        <price t="2001-07-13" v="81120500"/>
        <price t="2001-07-16" v="81538500"/>
        <price t="2001-07-17" v="78602680"/>
        <price t="2001-07-18" v="79654900"/>
        <price t="2001-07-19" v="82563195"/>
        <price t="2001-07-20" v="83064840"/>
        <price t="2001-07-23" v="81077220"/>
        <price t="2001-07-24" v="61826800"/>
        <price t="2001-07-25" v="57550185"/>
        <price t="2001-07-26" v="59595200"/>
        <price t="2001-07-27" v="60937600"/>
        <price t="2001-07-30" v="61475775"/>
        <price t="2001-07-31" v="62160500"/>
        <price t="2001-08-01" v="63702825"/>
        <price t="2001-08-02" v="61691760"/>
        <price t="2001-08-03" v="62258420"/>
        <price t="2001-08-06" v="62251350"/>
        <price t="2001-08-07" v="58745600"/>
        <price t="2001-08-08" v="58273950"/>
        <price t="2001-08-09" v="55331250"/>
        <price t="2001-08-10" v="51158600"/>
        <price t="2001-08-13" v="49450500"/>
        <price t="2001-08-14" v="52821520"/>
        <price t="2001-08-15" v="53772600"/>
        <price t="2001-08-16" v="51435000"/>
        <price t="2001-08-17" v="48431400"/>
        <price t="2001-08-20" v="51691850"/>
        <price t="2001-08-21" v="54311600"/>
        <price t="2001-08-22" v="50227200"/>
        <price t="2001-08-23" v="49204800"/>
        <price t="2001-08-24" v="49410900"/>
        <price t="2001-08-27" v="51403950"/>
        <price t="2001-08-28" v="49278900"/>
        <price t="2001-08-29" v="48118550"/>
        <price t="2001-08-30" v="43792425"/>
        <price t="2001-08-31" v="46705800"/>
        <price t="2001-09-03" v="45360000"/>
        <price t="2001-09-04" v="46464600"/>
        <price t="2001-09-05" v="38097935"/>
        <price t="2001-09-06" v="37943675"/>
        <price t="2001-09-07" v="38448840"/>
        <price t="2001-09-10" v="42204255"/>
        <price t="2001-09-11" v="33615000"/>
        <price t="2001-09-12" v="33945000"/>
        <price t="2001-09-13" v="33975000"/>
        <price t="2001-09-14" v="34571250"/>
        <price t="2001-09-17" v="39161525"/>
        <price t="2001-09-18" v="37949600"/>
        <price t="2001-09-19" v="34578630"/>
        <price t="2001-09-20" v="36017510"/>
        <price t="2001-09-21" v="37950000"/>
        <price t="2001-09-24" v="38305520"/>
        <price t="2001-09-25" v="35786400"/>
        <price t="2001-09-26" v="35954100"/>
        <price t="2001-09-27" v="29824200"/>
        <price t="2001-09-28" v="30543195"/>
        <price t="2001-10-01" v="29017500"/>
        <price t="2001-10-02" v="30966930"/>
        <price t="2001-10-03" v="35915100"/>
        <price t="2001-10-04" v="38291400"/>
        <price t="2001-10-05" v="34081410"/>
        <price t="2001-10-08" v="35658180"/>
        <price t="2001-10-09" v="35576910"/>
        <price t="2001-10-10" v="35356320"/>
        <price t="2001-10-11" v="38060400"/>
        <price t="2001-10-12" v="38374800"/>
        <price t="2001-10-15" v="43893025"/>
        <price t="2001-10-16" v="47341960"/>
        <price t="2001-10-17" v="45110000"/>
        <price t="2001-10-18" v="43460190"/>
        <price t="2001-10-19" v="39189150"/>
        <price t="2001-10-22" v="43140890"/>
        <price t="2001-10-23" v="46167965"/>
        <price t="2001-10-24" v="38610610"/>
        <price t="2001-10-25" v="37556025"/>
        <price t="2001-10-26" v="38406410"/>
        <price t="2001-10-29" v="37595875"/>
        <price t="2001-10-30" v="32358480"/>
        <price t="2001-10-31" v="34088340"/>
        <price t="2001-11-01" v="35114420"/>
        <price t="2001-11-02" v="34050560"/>
        <price t="2001-11-05" v="35575170"/>
        <price t="2001-11-06" v="34947900"/>
        <price t="2001-11-07" v="37858800"/>
        <price t="2001-11-08" v="37233800"/>
        <price t="2001-11-09" v="36300450"/>
        <price t="2001-11-12" v="35720595"/>
        <price t="2001-11-13" v="37224820"/>
        <price t="2001-11-14" v="44675225"/>
        <price t="2001-11-15" v="46287125"/>
        <price t="2001-11-16" v="44225000"/>
        <price t="2001-11-19" v="45503775"/>
        <price t="2001-11-20" v="44693560"/>
        <price t="2001-11-21" v="42636350"/>
        <price t="2001-11-22" v="44680020"/>
        <price t="2001-11-23" v="45470150"/>
        <price t="2001-11-26" v="54230700"/>
        <price t="2001-11-27" v="60417500"/>
        <price t="2001-11-28" v="61154675"/>
        <price t="2001-11-29" v="55188270"/>
        <price t="2001-11-30" v="55390050"/>
        <price t="2001-12-03" v="54710250"/>
        <price t="2001-12-04" v="55637500"/>
        <price t="2001-12-05" v="61451910"/>
        <price t="2001-12-06" v="60045195"/>
        <price t="2001-12-07" v="59837365"/>
        <price t="2001-12-10" v="58852500"/>
        <price t="2001-12-11" v="61465200"/>
        <price t="2001-12-12" v="58677970"/>
        <price t="2001-12-13" v="55869375"/>
        <price t="2001-12-14" v="52608360"/>
        <price t="2001-12-17" v="53479590"/>
        <price t="2001-12-18" v="53936820"/>
        <price t="2001-12-19" v="54616640"/>
        <price t="2001-12-20" v="52133130"/>
        <price t="2001-12-21" v="52763700"/>
        <price t="2001-12-24" v="51908200"/>
        <price t="2001-12-25" v="51908200"/>
        <price t="2001-12-26" v="51908200"/>
        <price t="2001-12-27" v="54040875"/>
        <price t="2001-12-28" v="54067755"/>
        <price t="2001-12-31" v="54067755"/>
        <price t="2002-01-01" v="54067755"/>
        <price t="2002-01-02" v="52781920"/>
        <price t="2002-01-03" v="58734000"/>
        <price t="2002-01-04" v="60439500"/>
        <price t="2002-01-07" v="60999250"/>
        <price t="2002-01-08" v="60714835"/>
        <price t="2002-01-09" v="57317425"/>
        <price t="2002-01-10" v="56928510"/>
        <price t="2002-01-11" v="55253205"/>
        <price t="2002-01-14" v="51330250"/>
        <price t="2002-01-15" v="51747600"/>
        <price t="2002-01-16" v="48228990"/>
        <price t="2002-01-17" v="47975360"/>
        <price t="2002-01-18" v="51538500"/>
        <price t="2002-01-21" v="52465400"/>
        <price t="2002-01-22" v="62251500"/>
        <price t="2002-01-23" v="63276120"/>
        <price t="2002-01-24" v="67856580"/>
        <price t="2002-01-25" v="75627990"/>
        <price t="2002-01-28" v="74542820"/>
        <price t="2002-01-29" v="69940640"/>
        <price t="2002-01-30" v="68531060"/>
        <price t="2002-01-31" v="69571035"/>
        <price t="2002-02-01" v="68538080"/>
        <price t="2002-02-04" v="63965600"/>
        <price t="2002-02-05" v="60563925"/>
        <price t="2002-02-06" v="58178760"/>
        <price t="2002-02-07" v="59131800"/>
        <price t="2002-02-08" v="58121000"/>
        <price t="2002-02-11" v="66394700"/>
        <price t="2002-02-12" v="65735030"/>
        <price t="2002-02-13" v="65919050"/>
        <price t="2002-02-14" v="68892025"/>
        <price t="2002-02-15" v="67420225"/>
        <price t="2002-02-18" v="66539025"/>
        <price t="2002-02-19" v="64972700"/>
        <price t="2002-02-20" v="62031585"/>
        <price t="2002-02-21" v="67519760"/>
        <price t="2002-02-22" v="65646235"/>
        <price t="2002-02-25" v="66956700"/>
        <price t="2002-02-26" v="70628070"/>
        <price t="2002-02-27" v="71916435"/>
        <price t="2002-02-28" v="70159610"/>
        <price t="2002-03-01" v="74943165"/>
        <price t="2002-03-04" v="79354575"/>
        <price t="2002-03-05" v="79787580"/>
        <price t="2002-03-06" v="78800040"/>
        <price t="2002-03-07" v="77429940"/>
        <price t="2002-03-08" v="82251950"/>
        <price t="2002-03-11" v="81029070"/>
        <price t="2002-03-12" v="81653550"/>
        <price t="2002-03-13" v="80352800"/>
        <price t="2002-03-14" v="73813155"/>
        <price t="2002-03-15" v="69451785"/>
        <price t="2002-03-18" v="74732000"/>
        <price t="2002-03-19" v="76105980"/>
        <price t="2002-03-20" v="72539220"/>
        <price t="2002-03-21" v="74327310"/>
        <price t="2002-03-22" v="77439975"/>
        <price t="2002-03-25" v="75371195"/>
        <price t="2002-03-26" v="75487680"/>
        <price t="2002-03-27" v="70492760"/>
        <price t="2002-03-28" v="71973000"/>
        <price t="2002-03-29" v="71973000"/>
        <price t="2002-04-01" v="71973000"/>
        <price t="2002-04-02" v="72484500"/>
        <price t="2002-04-03" v="69807790"/>
        <price t="2002-04-04" v="67898600"/>
        <price t="2002-04-05" v="66905390"/>
        <price t="2002-04-08" v="68643960"/>
        <price t="2002-04-09" v="69665850"/>
        <price t="2002-04-10" v="67172730"/>
        <price t="2002-04-11" v="63404740"/>
        <price t="2002-04-12" v="66330605"/>
        <price t="2002-04-15" v="68875650"/>
        <price t="2002-04-16" v="68663400"/>
        <price t="2002-04-17" v="72816000"/>
        <price t="2002-04-18" v="71604750"/>
        <price t="2002-04-19" v="72420900"/>
        <price t="2002-04-22" v="71544510"/>
        <price t="2002-04-23" v="70709840"/>
        <price t="2002-04-24" v="81850860"/>
        <price t="2002-04-25" v="83904995"/>
        <price t="2002-04-26" v="82443490"/>
        <price t="2002-04-29" v="80076680"/>
        <price t="2002-04-30" v="83188880"/>
        <price t="2002-05-01" v="83188880"/>
        <price t="2002-05-02" v="81017040"/>
        <price t="2002-05-03" v="78567950"/>
        <price t="2002-05-06" v="81564480"/>
        <price t="2002-05-07" v="81258125"/>
        <price t="2002-05-08" v="84927360"/>
        <price t="2002-05-09" v="88797800"/>
        <price t="2002-05-10" v="84523860"/>
        <price t="2002-05-13" v="86438640"/>
        <price t="2002-05-14" v="94833830"/>
        <price t="2002-05-15" v="98697900"/>
        <price t="2002-05-16" v="97672420"/>
        <price t="2002-05-17" v="94311360"/>
        <price t="2002-05-20" v="97173120"/>
        <price t="2002-05-21" v="94617510"/>
        <price t="2002-05-22" v="91720300"/>
        <price t="2002-05-23" v="94893900"/>
        <price t="2002-05-24" v="97254980"/>
        <price t="2002-05-27" v="97873500"/>
        <price t="2002-05-28" v="95187675"/>
        <price t="2002-05-29" v="95390200"/>
        <price t="2002-05-30" v="91781250"/>
        <price t="2002-05-31" v="94339350"/>
        <price t="2002-06-03" v="89311670"/>
        <price t="2002-06-04" v="87509625"/>
        <price t="2002-06-05" v="88087400"/>
        <price t="2002-06-06" v="90809550"/>
        <price t="2002-06-07" v="90739200"/>
        <price t="2002-06-10" v="86360670"/>
        <price t="2002-06-11" v="86965995"/>
        <price t="2002-06-12" v="84737180"/>
        <price t="2002-06-13" v="86259720"/>
        <price t="2002-06-14" v="82695550"/>
        <price t="2002-06-17" v="90253950"/>
        <price t="2002-06-18" v="93417400"/>
        <price t="2002-06-19" v="93410970"/>
        <price t="2002-06-20" v="89157640"/>
        <price t="2002-06-21" v="87205800"/>
        <price t="2002-06-24" v="86610755"/>
        <price t="2002-06-25" v="77793120"/>
        <price t="2002-06-26" v="77600525"/>
        <price t="2002-06-27" v="77020160"/>
        <price t="2002-06-28" v="80897250"/>
        <price t="2002-07-01" v="72117075"/>
        <price t="2002-07-02" v="67095160"/>
        <price t="2002-07-03" v="70367100"/>
        <price t="2002-07-04" v="69802700"/>
        <price t="2002-07-05" v="75077000"/>
        <price t="2002-07-08" v="76265280"/>
        <price t="2002-07-09" v="78943500"/>
        <price t="2002-07-10" v="79184000"/>
        <price t="2002-07-11" v="73130660"/>
        <price t="2002-07-12" v="79132095"/>
        <price t="2002-07-15" v="76884080"/>
        <price t="2002-07-16" v="85269340"/>
        <price t="2002-07-17" v="79404960"/>
        <price t="2002-07-18" v="81268640"/>
        <price t="2002-07-19" v="75486240"/>
        <price t="2002-07-22" v="77006610"/>
        <price t="2002-07-23" v="74523200"/>
        <price t="2002-07-24" v="69355425"/>
        <price t="2002-07-25" v="64640370"/>
        <price t="2002-07-26" v="65352240"/>
        <price t="2002-07-29" v="71693300"/>
        <price t="2002-07-30" v="73762500"/>
        <price t="2002-07-31" v="71220240"/>
        <price t="2002-08-01" v="70320800"/>
        <price t="2002-08-02" v="68271795"/>
        <price t="2002-08-05" v="64179900"/>
        <price t="2002-08-06" v="68016780"/>
        <price t="2002-08-07" v="67061670"/>
        <price t="2002-08-08" v="69068310"/>
        <price t="2002-08-09" v="71994600"/>
        <price t="2002-08-12" v="71345100"/>
        <price t="2002-08-13" v="72512600"/>
        <price t="2002-08-14" v="67175455"/>
        <price t="2002-08-15" v="71567640"/>
        <price t="2002-08-16" v="74424375"/>
        <price t="2002-08-19" v="75893255"/>
        <price t="2002-08-20" v="78923520"/>
        <price t="2002-08-21" v="77022180"/>
        <price t="2002-08-22" v="78062300"/>
        <price t="2002-08-23" v="76363875"/>
        <price t="2002-08-26" v="75037235"/>
        <price t="2002-08-27" v="73305000"/>
        <price t="2002-08-28" v="73203700"/>
        <price t="2002-08-29" v="74757585"/>
        <price t="2002-08-30" v="76353245"/>
        <price t="2002-09-02" v="74541390"/>
        <price t="2002-09-03" v="73234900"/>
        <price t="2002-09-04" v="72861775"/>
        <price t="2002-09-05" v="73416000"/>
        <price t="2002-09-06" v="75823110"/>
        <price t="2002-09-09" v="77715390"/>
        <price t="2002-09-10" v="85058400"/>
        <price t="2002-09-11" v="85547475"/>
        <price t="2002-09-12" v="84934685"/>
        <price t="2002-09-13" v="83630250"/>
        <price t="2002-09-16" v="83757950"/>
        <price t="2002-09-17" v="87612920"/>
        <price t="2002-09-18" v="86212125"/>
        <price t="2002-09-19" v="87688090"/>
        <price t="2002-09-20" v="83117100"/>
        <price t="2002-09-23" v="80270115"/>
        <price t="2002-09-24" v="80589600"/>
        <price t="2002-09-25" v="78119145"/>
        <price t="2002-09-26" v="81600680"/>
        <price t="2002-09-27" v="85175090"/>
        <price t="2002-09-30" v="80950600"/>
        <price t="2002-10-01" v="83029620"/>
        <price t="2002-10-02" v="87285625"/>
        <price t="2002-10-03" v="84312250"/>
        <price t="2002-10-04" v="83211275"/>
        <price t="2002-10-07" v="83858400"/>
        <price t="2002-10-08" v="84672000"/>
        <price t="2002-10-09" v="83369930"/>
        <price t="2002-10-10" v="87887500"/>
        <price t="2002-10-11" v="92409375"/>
        <price t="2002-10-14" v="94385880"/>
        <price t="2002-10-15" v="97854750"/>
        <price t="2002-10-16" v="96216285"/>
        <price t="2002-10-17" v="95677400"/>
        <price t="2002-10-18" v="95451675"/>
        <price t="2002-10-21" v="97333780"/>
        <price t="2002-10-22" v="96947400"/>
        <price t="2002-10-23" v="98629750"/>
        <price t="2002-10-24" v="100057950"/>
        <price t="2002-10-25" v="95384510"/>
        <price t="2002-10-28" v="93600725"/>
        <price t="2002-10-29" v="93633700"/>
        <price t="2002-10-30" v="94811250"/>
        <price t="2002-10-31" v="96321960"/>
        <price t="2002-11-01" v="98493250"/>
        <price t="2002-11-04" v="96705400"/>
        <price t="2002-11-05" v="91970200"/>
        <price t="2002-11-06" v="92531725"/>
        <price t="2002-11-07" v="95073435"/>
        <price t="2002-11-08" v="95309010"/>
        <price t="2002-11-11" v="95235030"/>
        <price t="2002-11-12" v="98894610"/>
        <price t="2002-11-13" v="103851420"/>
        <price t="2002-11-14" v="107309850"/>
        <price t="2002-11-15" v="110369145"/>
        <price t="2002-11-18" v="116754000"/>
        <price t="2002-11-19" v="108894375"/>
        <price t="2002-11-20" v="114216600"/>
        <price t="2002-11-21" v="117397800"/>
        <price t="2002-11-22" v="120037400"/>
        <price t="2002-11-25" v="119355250"/>
        <price t="2002-11-26" v="117582150"/>
        <price t="2002-11-27" v="120861225"/>
        <price t="2002-11-28" v="119704700"/>
        <price t="2002-11-29" v="117436410"/>
        <price t="2002-12-02" v="119932650"/>
        <price t="2002-12-03" v="118059115"/>
        <price t="2002-12-04" v="115607720"/>
        <price t="2002-12-05" v="112348795"/>
        <price t="2002-12-06" v="109515670"/>
        <price t="2002-12-09" v="109660445"/>
        <price t="2002-12-10" v="108592140"/>
        <price t="2002-12-11" v="110334320"/>
        <price t="2002-12-12" v="109329340"/>
        <price t="2002-12-13" v="110386800"/>
        <price t="2002-12-16" v="112280940"/>
        <price t="2002-12-17" v="111470205"/>
        <price t="2002-12-18" v="110080000"/>
        <price t="2002-12-19" v="110332020"/>
        <price t="2002-12-20" v="108754275"/>
        <price t="2002-12-23" v="111713930"/>
        <price t="2002-12-24" v="111866040"/>
        <price t="2002-12-25" v="111866040"/>
        <price t="2002-12-26" v="111866040"/>
        <price t="2002-12-27" v="94784760"/>
        <price t="2002-12-30" v="93798000"/>
        <price t="2002-12-31" v="94383000"/>
        <price t="2003-01-02" v="97513410"/>
        <price t="2003-01-03" v="99139680"/>
        <price t="2003-01-06" v="104040960"/>
        <price t="2003-01-07" v="106178625"/>
        <price t="2003-01-08" v="103614345"/>
        <price t="2003-01-09" v="107066330"/>
        <price t="2003-01-10" v="105502635"/>
        <price t="2003-01-13" v="106544900"/>
        <price t="2003-01-14" v="108943100"/>
        <price t="2003-01-15" v="111312450"/>
        <price t="2003-01-16" v="106960500"/>
        <price t="2003-01-17" v="106946080"/>
        <price t="2003-01-20" v="109512840"/>
        <price t="2003-01-21" v="104452665"/>
        <price t="2003-01-22" v="106804870"/>
        <price t="2003-01-23" v="109291120"/>
        <price t="2003-01-24" v="111506560"/>
        <price t="2003-01-27" v="110330500"/>
        <price t="2003-01-28" v="108674440"/>
        <price t="2003-01-29" v="109114720"/>
        <price t="2003-01-30" v="109092200"/>
        <price t="2003-01-31" v="111621120"/>
        <price t="2003-02-03" v="110830570"/>
        <price t="2003-02-04" v="107678900"/>
        <price t="2003-02-05" v="113300350"/>
        <price t="2003-02-06" v="109589755"/>
        <price t="2003-02-07" v="110803030"/>
        <price t="2003-02-10" v="106512840"/>
        <price t="2003-02-11" v="105882340"/>
        <price t="2003-02-12" v="105432075"/>
        <price t="2003-02-13" v="100587300"/>
        <price t="2003-02-14" v="98971810"/>
        <price t="2003-02-17" v="102123480"/>
        <price t="2003-02-18" v="105907890"/>
        <price t="2003-02-19" v="104865845"/>
        <price t="2003-02-20" v="105208325"/>
        <price t="2003-02-21" v="105399550"/>
        <price t="2003-02-24" v="108282100"/>
        <price t="2003-02-25" v="107362910"/>
        <price t="2003-02-26" v="108712830"/>
        <price t="2003-02-27" v="108003560"/>
        <price t="2003-02-28" v="109545120"/>
        <price t="2003-03-03" v="110538000"/>
        <price t="2003-03-04" v="110718660"/>
        <price t="2003-03-05" v="112017690"/>
        <price t="2003-03-06" v="111987045"/>
        <price t="2003-03-07" v="112432215"/>
        <price t="2003-03-10" v="113235710"/>
        <price t="2003-03-11" v="113182200"/>
        <price t="2003-03-12" v="114415500"/>
        <price t="2003-03-13" v="120427440"/>
        <price t="2003-03-14" v="124343500"/>
        <price t="2003-03-17" v="130908120"/>
        <price t="2003-03-18" v="130842960"/>
        <price t="2003-03-19" v="132653500"/>
        <price t="2003-03-20" v="134836160"/>
        <price t="2003-03-21" v="137753160"/>
        <price t="2003-03-24" v="131489410"/>
        <price t="2003-03-25" v="135775700"/>
        <price t="2003-03-26" v="136910945"/>
        <price t="2003-03-27" v="139399000"/>
        <price t="2003-03-28" v="135627200"/>
        <price t="2003-03-31" v="130740000"/>
        <price t="2003-04-01" v="126607875"/>
        <price t="2003-04-02" v="132017700"/>
        <price t="2003-04-03" v="130617910"/>
        <price t="2003-04-04" v="130784000"/>
        <price t="2003-04-07" v="137036900"/>
        <price t="2003-04-08" v="132343900"/>
        <price t="2003-04-09" v="126057370"/>
        <price t="2003-04-10" v="127228875"/>
        <price t="2003-04-11" v="130161875"/>
        <price t="2003-04-14" v="124978680"/>
        <price t="2003-04-15" v="126442400"/>
        <price t="2003-04-16" v="121146480"/>
        <price t="2003-04-17" v="124815600"/>
        <price t="2003-04-22" v="126440775"/>
        <price t="2003-04-23" v="128756160"/>
        <price t="2003-04-24" v="126536960"/>
        <price t="2003-04-25" v="142868460"/>
        <price t="2003-04-28" v="145364625"/>
        <price t="2003-04-29" v="142537560"/>
        <price t="2003-04-30" v="143200315"/>
        <price t="2003-05-02" v="145320270"/>
        <price t="2003-05-05" v="146563170"/>
        <price t="2003-05-06" v="153030560"/>
        <price t="2003-05-07" v="154150230"/>
        <price t="2003-05-08" v="151742450"/>
        <price t="2003-05-09" v="152612460"/>
        <price t="2003-05-12" v="158009125"/>
        <price t="2003-05-13" v="166895820"/>
        <price t="2003-05-14" v="162595860"/>
        <price t="2003-05-15" v="162703600"/>
        <price t="2003-05-16" v="163473700"/>
        <price t="2003-05-19" v="158700240"/>
        <price t="2003-05-20" v="157194000"/>
        <price t="2003-05-21" v="156048150"/>
        <price t="2003-05-22" v="161208600"/>
        <price t="2003-05-23" v="164411550"/>
        <price t="2003-05-26" v="161247450"/>
        <price t="2003-05-27" v="172266975"/>
        <price t="2003-05-28" v="174720130"/>
        <price t="2003-05-29" v="175164400"/>
        <price t="2003-05-30" v="175734030"/>
        <price t="2003-06-02" v="180916000"/>
        <price t="2003-06-03" v="174614085"/>
        <price t="2003-06-04" v="175715730"/>
        <price t="2003-06-05" v="176036250"/>
        <price t="2003-06-06" v="176427155"/>
        <price t="2003-06-09" v="164222630"/>
        <price t="2003-06-10" v="165306870"/>
        <price t="2003-06-11" v="168583800"/>
        <price t="2003-06-12" v="175247290"/>
        <price t="2003-06-13" v="170330745"/>
        <price t="2003-06-16" v="177572920"/>
        <price t="2003-06-17" v="179196430"/>
        <price t="2003-06-18" v="184668715"/>
        <price t="2003-06-19" v="181584900"/>
        <price t="2003-06-20" v="176981175"/>
        <price t="2003-06-23" v="174815850"/>
        <price t="2003-06-24" v="174978450"/>
        <price t="2003-06-25" v="180542130"/>
        <price t="2003-06-26" v="181654480"/>
        <price t="2003-06-27" v="179811815"/>
        <price t="2003-06-30" v="180603735"/>
        <price t="2003-07-01" v="177011905"/>
        <price t="2003-07-02" v="186867000"/>
        <price t="2003-07-03" v="187035525"/>
        <price t="2003-07-04" v="187755750"/>
        <price t="2003-07-07" v="192608800"/>
        <price t="2003-07-08" v="201319650"/>
        <price t="2003-07-09" v="200642850"/>
        <price t="2003-07-10" v="191963350"/>
        <price t="2003-07-11" v="189526250"/>
        <price t="2003-07-14" v="196489610"/>
        <price t="2003-07-15" v="196950600"/>
        <price t="2003-07-16" v="188844790"/>
        <price t="2003-07-17" v="179696000"/>
        <price t="2003-07-18" v="173733525"/>
        <price t="2003-07-21" v="177102380"/>
        <price t="2003-07-22" v="175135920"/>
        <price t="2003-07-23" v="193246950"/>
        <price t="2003-07-24" v="208183385"/>
        <price t="2003-07-25" v="201995200"/>
        <price t="2003-07-28" v="207204115"/>
        <price t="2003-07-29" v="207748750"/>
        <price t="2003-07-30" v="206302300"/>
        <price t="2003-07-31" v="209439590"/>
        <price t="2003-08-01" v="202661505"/>
        <price t="2003-08-04" v="197702895"/>
        <price t="2003-08-05" v="195834240"/>
        <price t="2003-08-06" v="191328640"/>
        <price t="2003-08-07" v="194363360"/>
        <price t="2003-08-08" v="195316870"/>
        <price t="2003-08-11" v="193426875"/>
        <price t="2003-08-12" v="193435200"/>
        <price t="2003-08-13" v="198982665"/>
        <price t="2003-08-14" v="200436950"/>
        <price t="2003-08-15" v="199634250"/>
        <price t="2003-08-18" v="211397260"/>
        <price t="2003-08-19" v="215048275"/>
        <price t="2003-08-20" v="219402750"/>
        <price t="2003-08-21" v="220785495"/>
        <price t="2003-08-22" v="227956950"/>
        <price t="2003-08-25" v="225926000"/>
        <price t="2003-08-26" v="227136000"/>
        <price t="2003-08-27" v="226701995"/>
        <price t="2003-08-28" v="227063160"/>
        <price t="2003-08-29" v="228647475"/>
        <price t="2003-09-01" v="235144425"/>
        <price t="2003-09-02" v="233741705"/>
        <price t="2003-09-03" v="237819065"/>
        <price t="2003-09-04" v="234209700"/>
        <price t="2003-09-05" v="233206050"/>
        <price t="2003-09-08" v="233819520"/>
        <price t="2003-09-09" v="232665825"/>
        <price t="2003-09-10" v="233829960"/>
        <price t="2003-09-11" v="226246890"/>
        <price t="2003-09-12" v="222657960"/>
        <price t="2003-09-15" v="227030125"/>
        <price t="2003-09-16" v="228351375"/>
        <price t="2003-09-17" v="227603600"/>
        <price t="2003-09-18" v="237654500"/>
        <price t="2003-09-19" v="235911760"/>
        <price t="2003-09-22" v="237158240"/>
        <price t="2003-09-23" v="250316440"/>
        <price t="2003-09-24" v="249500160"/>
        <price t="2003-09-25" v="252558675"/>
        <price t="2003-09-26" v="248176635"/>
        <price t="2003-09-29" v="243325160"/>
        <price t="2003-09-30" v="249644100"/>
        <price t="2003-10-01" v="241706410"/>
        <price t="2003-10-02" v="247051960"/>
        <price t="2003-10-03" v="266440800"/>
        <price t="2003-10-06" v="263711725"/>
        <price t="2003-10-07" v="277901320"/>
        <price t="2003-10-08" v="278797365"/>
        <price t="2003-10-09" v="296468200"/>
        <price t="2003-10-10" v="288157660"/>
        <price t="2003-10-13" v="287700120"/>
        <price t="2003-10-14" v="294863730"/>
        <price t="2003-10-15" v="298084605"/>
        <price t="2003-10-16" v="293569125"/>
        <price t="2003-10-17" v="294511865"/>
        <price t="2003-10-20" v="296190630"/>
        <price t="2003-10-21" v="302314230"/>
        <price t="2003-10-22" v="271593150"/>
        <price t="2003-10-23" v="271078000"/>
        <price t="2003-10-24" v="263894400"/>
        <price t="2003-10-27" v="274903200"/>
        <price t="2003-10-28" v="276066450"/>
        <price t="2003-10-29" v="283921200"/>
        <price t="2003-10-30" v="285888960"/>
        <price t="2003-10-31" v="274802190"/>
        <price t="2003-11-03" v="278193945"/>
        <price t="2003-11-04" v="282972900"/>
        <price t="2003-11-05" v="281719515"/>
        <price t="2003-11-06" v="279470090"/>
        <price t="2003-11-07" v="269492160"/>
        <price t="2003-11-10" v="264109000"/>
        <price t="2003-11-11" v="254371125"/>
        <price t="2003-11-12" v="260188000"/>
        <price t="2003-11-13" v="270333600"/>
        <price t="2003-11-14" v="266889025"/>
        <price t="2003-11-17" v="252739830"/>
        <price t="2003-11-18" v="237150030"/>
        <price t="2003-11-19" v="247132500"/>
        <price t="2003-11-20" v="247111750"/>
        <price t="2003-11-21" v="242442125"/>
        <price t="2003-11-24" v="252657510"/>
        <price t="2003-11-25" v="263323080"/>
        <price t="2003-11-26" v="259033200"/>
        <price t="2003-11-27" v="263034200"/>
        <price t="2003-11-28" v="265247310"/>
        <price t="2003-12-01" v="271088545"/>
        <price t="2003-12-02" v="271952250"/>
        <price t="2003-12-03" v="263218500"/>
        <price t="2003-12-04" v="259591000"/>
        <price t="2003-12-05" v="259870500"/>
        <price t="2003-12-08" v="252057340"/>
        <price t="2003-12-09" v="254905110"/>
        <price t="2003-12-10" v="247594970"/>
        <price t="2003-12-11" v="248858540"/>
        <price t="2003-12-12" v="249981600"/>
        <price t="2003-12-15" v="259887500"/>
        <price t="2003-12-16" v="248013900"/>
        <price t="2003-12-17" v="241558460"/>
        <price t="2003-12-18" v="238819765"/>
        <price t="2003-12-19" v="242771900"/>
        <price t="2003-12-22" v="248306980"/>
        <price t="2003-12-23" v="259488480"/>
        <price t="2003-12-29" v="263666405"/>
        <price t="2003-12-30" v="268039200"/>
        <price t="2004-01-02" v="264306080"/>
        <price t="2004-01-05" v="257316810"/>
        <price t="2004-01-06" v="263985420"/>
        <price t="2004-01-07" v="256876540"/>
        <price t="2004-01-08" v="250784900"/>
        <price t="2004-01-09" v="250855215"/>
        <price t="2004-01-12" v="255405480"/>
        <price t="2004-01-13" v="267729000"/>
        <price t="2004-01-14" v="274654880"/>
        <price t="2004-01-15" v="276959200"/>
        <price t="2004-01-16" v="280467850"/>
        <price t="2004-01-19" v="275917900"/>
        <price t="2004-01-20" v="280054240"/>
        <price t="2004-01-21" v="279182015"/>
        <price t="2004-01-22" v="284576900"/>
        <price t="2004-01-23" v="285506540"/>
        <price t="2004-01-26" v="281680000"/>
        <price t="2004-01-27" v="280568555"/>
        <price t="2004-01-28" v="268848200"/>
        <price t="2004-01-29" v="255594000"/>
        <price t="2004-01-30" v="252695520"/>
        <price t="2004-02-02" v="246104750"/>
        <price t="2004-02-03" v="234710250"/>
        <price t="2004-02-04" v="223803880"/>
        <price t="2004-02-05" v="233666310"/>
        <price t="2004-02-06" v="227088125"/>
        <price t="2004-02-09" v="230232430"/>
        <price t="2004-02-10" v="231028400"/>
        <price t="2004-02-11" v="229508000"/>
        <price t="2004-02-12" v="235876850"/>
        <price t="2004-02-13" v="233956080"/>
        <price t="2004-02-16" v="231249150"/>
        <price t="2004-02-17" v="225786480"/>
        <price t="2004-02-18" v="224804720"/>
        <price t="2004-02-19" v="229286480"/>
        <price t="2004-02-20" v="225401400"/>
        <price t="2004-02-23" v="220142880"/>
        <price t="2004-02-24" v="215437475"/>
        <price t="2004-02-25" v="216145335"/>
        <price t="2004-02-26" v="218392200"/>
        <price t="2004-02-27" v="214831400"/>
        <price t="2004-03-01" v="215973200"/>
        <price t="2004-03-02" v="217035000"/>
        <price t="2004-03-03" v="211713205"/>
        <price t="2004-03-04" v="218220855"/>
        <price t="2004-03-05" v="218480640"/>
        <price t="2004-03-08" v="223890720"/>
        <price t="2004-03-09" v="217862625"/>
        <price t="2004-03-10" v="215232500"/>
        <price t="2004-03-11" v="209087360"/>
        <price t="2004-03-12" v="209830250"/>
        <price t="2004-03-15" v="206884300"/>
        <price t="2004-03-16" v="209023750"/>
        <price t="2004-03-17" v="215617600"/>
        <price t="2004-03-18" v="214506195"/>
        <price t="2004-03-19" v="214168400"/>
        <price t="2004-03-22" v="204812740"/>
        <price t="2004-03-23" v="199546380"/>
        <price t="2004-03-24" v="197880100"/>
        <price t="2004-03-25" v="203211000"/>
        <price t="2004-03-26" v="209923385"/>
        <price t="2004-03-29" v="211034970"/>
        <price t="2004-03-30" v="212053800"/>
        <price t="2004-03-31" v="216364800"/>
        <price t="2004-04-01" v="215168800"/>
        <price t="2004-04-02" v="231947940"/>
        <price t="2004-04-05" v="233623750"/>
        <price t="2004-04-06" v="230495850"/>
        <price t="2004-04-07" v="227680315"/>
        <price t="2004-04-08" v="236113920"/>
        <price t="2004-04-13" v="238901250"/>
        <price t="2004-04-14" v="230192820"/>
        <price t="2004-04-15" v="232522240"/>
        <price t="2004-04-16" v="233867200"/>
        <price t="2004-04-19" v="225825000"/>
        <price t="2004-04-20" v="236015540"/>
        <price t="2004-04-21" v="227547100"/>
        <price t="2004-04-22" v="238291110"/>
        <price t="2004-04-23" v="230331300"/>
        <price t="2004-04-26" v="236427450"/>
        <price t="2004-04-27" v="235362600"/>
        <price t="2004-04-28" v="236830230"/>
        <price t="2004-04-29" v="231789600"/>
        <price t="2004-04-30" v="226037240"/>
        <price t="2004-05-03" v="222266035"/>
        <price t="2004-05-04" v="220414775"/>
        <price t="2004-05-05" v="223664070"/>
        <price t="2004-05-06" v="218936120"/>
        <price t="2004-05-07" v="220030425"/>
        <price t="2004-05-10" v="202929805"/>
        <price t="2004-05-11" v="212472000"/>
        <price t="2004-05-12" v="209276050"/>
        <price t="2004-05-13" v="211927275"/>
        <price t="2004-05-14" v="213734220"/>
        <price t="2004-05-17" v="208538935"/>
        <price t="2004-05-18" v="210541310"/>
        <price t="2004-05-19" v="211006400"/>
        <price t="2004-05-20" v="205535280"/>
        <price t="2004-05-21" v="206211340"/>
        <price t="2004-05-24" v="205610240"/>
        <price t="2004-05-25" v="208328010"/>
        <price t="2004-05-26" v="222024040"/>
        <price t="2004-05-27" v="226633950"/>
        <price t="2004-05-28" v="237878550"/>
        <price t="2004-05-31" v="236946150"/>
        <price t="2004-06-01" v="244620000"/>
        <price t="2004-06-02" v="250798680"/>
        <price t="2004-06-03" v="247821020"/>
        <price t="2004-06-04" v="252663115"/>
        <price t="2004-06-07" v="256235200"/>
        <price t="2004-06-08" v="257559300"/>
        <price t="2004-06-09" v="257059765"/>
        <price t="2004-06-10" v="248451980"/>
        <price t="2004-06-11" v="243841860"/>
        <price t="2004-06-14" v="246740560"/>
        <price t="2004-06-15" v="248310855"/>
        <price t="2004-06-16" v="250263790"/>
        <price t="2004-06-17" v="252282525"/>
        <price t="2004-06-18" v="248306040"/>
        <price t="2004-06-21" v="249810000"/>
        <price t="2004-06-22" v="246716855"/>
        <price t="2004-06-23" v="244761750"/>
        <price t="2004-06-24" v="255471150"/>
        <price t="2004-06-25" v="257932500"/>
        <price t="2004-06-28" v="265707120"/>
        <price t="2004-06-29" v="266257720"/>
        <price t="2004-06-30" v="267774650"/>
        <price t="2004-07-01" v="267696000"/>
        <price t="2004-07-02" v="260574600"/>
        <price t="2004-07-05" v="264130560"/>
        <price t="2004-07-06" v="261073890"/>
        <price t="2004-07-07" v="252082800"/>
        <price t="2004-07-08" v="246651300"/>
        <price t="2004-07-09" v="250347420"/>
        <price t="2004-07-12" v="247754045"/>
        <price t="2004-07-13" v="242862360"/>
        <price t="2004-07-14" v="246381900"/>
        <price t="2004-07-15" v="240798040"/>
        <price t="2004-07-16" v="239030550"/>
        <price t="2004-07-19" v="229622000"/>
        <price t="2004-07-20" v="232156825"/>
        <price t="2004-07-21" v="236698000"/>
        <price t="2004-07-22" v="220824000"/>
        <price t="2004-07-23" v="210294750"/>
        <price t="2004-07-26" v="195033705"/>
        <price t="2004-07-27" v="198946800"/>
        <price t="2004-07-28" v="193145700"/>
        <price t="2004-07-29" v="188206900"/>
        <price t="2004-07-30" v="194550240"/>
        <price t="2004-08-02" v="193121100"/>
        <price t="2004-08-03" v="190428480"/>
        <price t="2004-08-04" v="182800665"/>
        <price t="2004-08-05" v="184302810"/>
        <price t="2004-08-06" v="179452000"/>
        <price t="2004-08-09" v="179663490"/>
        <price t="2004-08-10" v="180255720"/>
        <price t="2004-08-11" v="180008595"/>
        <price t="2004-08-12" v="180347040"/>
        <price t="2004-08-13" v="181329960"/>
        <price t="2004-08-16" v="178886500"/>
        <price t="2004-08-17" v="194940400"/>
        <price t="2004-08-18" v="192178635"/>
        <price t="2004-08-19" v="202193240"/>
        <price t="2004-08-20" v="193614750"/>
        <price t="2004-08-23" v="199368750"/>
        <price t="2004-08-24" v="196651800"/>
        <price t="2004-08-25" v="191785875"/>
        <price t="2004-08-26" v="201162500"/>
        <price t="2004-08-27" v="200127600"/>
        <price t="2004-08-30" v="199377850"/>
        <price t="2004-08-31" v="189839925"/>
        <price t="2004-09-01" v="195783120"/>
        <price t="2004-09-02" v="191709000"/>
        <price t="2004-09-03" v="199730875"/>
        <price t="2004-09-06" v="191928900"/>
        <price t="2004-09-07" v="193264000"/>
        <price t="2004-09-08" v="189915225"/>
        <price t="2004-09-09" v="188229040"/>
        <price t="2004-09-10" v="189761070"/>
        <price t="2004-09-13" v="196999600"/>
        <price t="2004-09-14" v="206621745"/>
        <price t="2004-09-15" v="213920240"/>
        <price t="2004-09-16" v="218053730"/>
        <price t="2004-09-17" v="214303050"/>
        <price t="2004-09-20" v="215646300"/>
        <price t="2004-09-21" v="214830000"/>
        <price t="2004-09-22" v="212450750"/>
        <price t="2004-09-23" v="205044750"/>
        <price t="2004-09-24" v="207160470"/>
        <price t="2004-09-27" v="199740200"/>
        <price t="2004-09-28" v="201060500"/>
        <price t="2004-09-29" v="198831605"/>
        <price t="2004-09-30" v="200467395"/>
        <price t="2004-10-01" v="200532015"/>
        <price t="2004-10-04" v="205985700"/>
        <price t="2004-10-05" v="204061840"/>
        <price t="2004-10-06" v="206337600"/>
        <price t="2004-10-07" v="209117000"/>
        <price t="2004-10-08" v="198887250"/>
        <price t="2004-10-11" v="198086120"/>
        <price t="2004-10-12" v="196807320"/>
        <price t="2004-10-13" v="205472250"/>
        <price t="2004-10-14" v="194071360"/>
        <price t="2004-10-15" v="192665280"/>
        <price t="2004-10-18" v="193347000"/>
        <price t="2004-10-19" v="195890940"/>
        <price t="2004-10-20" v="197159400"/>
        <price t="2004-10-21" v="195393000"/>
        <price t="2004-10-22" v="176547030"/>
        <price t="2004-10-25" v="170709240"/>
        <price t="2004-10-26" v="168748800"/>
        <price t="2004-10-27" v="169621920"/>
        <price t="2004-10-28" v="171916275"/>
        <price t="2004-10-29" v="171312650"/>
        <price t="2004-11-01" v="172225480"/>
        <price t="2004-11-02" v="177870000"/>
        <price t="2004-11-03" v="183466290"/>
        <price t="2004-11-04" v="180042890"/>
        <price t="2004-11-05" v="180112560"/>
        <price t="2004-11-08" v="184971440"/>
        <price t="2004-11-09" v="184369080"/>
        <price t="2004-11-10" v="192384025"/>
        <price t="2004-11-11" v="191674300"/>
        <price t="2004-11-12" v="198918795"/>
        <price t="2004-11-15" v="204689000"/>
        <price t="2004-11-16" v="201569340"/>
        <price t="2004-11-17" v="200991180"/>
        <price t="2004-11-18" v="203239520"/>
        <price t="2004-11-19" v="195300000"/>
        <price t="2004-11-22" v="191650265"/>
        <price t="2004-11-23" v="189790500"/>
        <price t="2004-11-24" v="191208570"/>
        <price t="2004-11-25" v="192579475"/>
        <price t="2004-11-26" v="193473370"/>
        <price t="2004-11-29" v="190160685"/>
        <price t="2004-11-30" v="195768875"/>
        <price t="2004-12-01" v="199077650"/>
        <price t="2004-12-02" v="203238210"/>
        <price t="2004-12-03" v="199500000"/>
        <price t="2004-12-06" v="195882300"/>
        <price t="2004-12-07" v="196524880"/>
        <price t="2004-12-08" v="191453500"/>
        <price t="2004-12-09" v="194718675"/>
        <price t="2004-12-10" v="195952305"/>
        <price t="2004-12-13" v="194840580"/>
        <price t="2004-12-14" v="200753775"/>
        <price t="2004-12-15" v="203287770"/>
        <price t="2004-12-16" v="205035300"/>
        <price t="2004-12-17" v="200286400"/>
        <price t="2004-12-20" v="198261960"/>
        <price t="2004-12-21" v="195753310"/>
        <price t="2004-12-22" v="194670280"/>
        <price t="2004-12-23" v="196390320"/>
        <price t="2004-12-27" v="203851890"/>
        <price t="2004-12-28" v="218128000"/>
        <price t="2004-12-29" v="226845360"/>
        <price t="2004-12-30" v="228683240"/>
        <price t="2005-01-03" v="222797965"/>
        <price t="2005-01-04" v="213840000"/>
        <price t="2005-01-05" v="212509680"/>
        <price t="2005-01-06" v="206182120"/>
        <price t="2005-01-07" v="209880000"/>
        <price t="2005-01-10" v="213120295"/>
        <price t="2005-01-11" v="210156570"/>
        <price t="2005-01-12" v="204837010"/>
        <price t="2005-01-13" v="217401760"/>
        <price t="2005-01-14" v="215674225"/>
        <price t="2005-01-17" v="221136500"/>
        <price t="2005-01-18" v="223652500"/>
        <price t="2005-01-19" v="221102700"/>
        <price t="2005-01-20" v="210856800"/>
        <price t="2005-01-21" v="210324675"/>
        <price t="2005-01-24" v="204793875"/>
        <price t="2005-01-25" v="206120625"/>
        <price t="2005-01-26" v="204958800"/>
        <price t="2005-01-27" v="207113400"/>
        <price t="2005-01-28" v="212861550"/>
        <price t="2005-01-31" v="214425750"/>
        <price t="2005-02-01" v="215336310"/>
        <price t="2005-02-02" v="211000455"/>
        <price t="2005-02-03" v="175383490"/>
        <price t="2005-02-04" v="178172500"/>
        <price t="2005-02-07" v="178981140"/>
        <price t="2005-02-08" v="181759360"/>
        <price t="2005-02-09" v="181986120"/>
        <price t="2005-02-10" v="176194830"/>
        <price t="2005-02-11" v="177527550"/>
        <price t="2005-02-14" v="181084155"/>
        <price t="2005-02-15" v="182744640"/>
        <price t="2005-02-16" v="181582000"/>
        <price t="2005-02-17" v="176249115"/>
        <price t="2005-02-18" v="175570135"/>
        <price t="2005-02-21" v="175393925"/>
        <price t="2005-02-22" v="174807250"/>
        <price t="2005-02-23" v="170450730"/>
        <price t="2005-02-24" v="170125800"/>
        <price t="2005-02-25" v="174041300"/>
        <price t="2005-02-28" v="174992400"/>
        <price t="2005-03-01" v="175045920"/>
        <price t="2005-03-02" v="178566630"/>
        <price t="2005-03-03" v="178364080"/>
        <price t="2005-03-04" v="177445950"/>
        <price t="2005-03-07" v="180996855"/>
        <price t="2005-03-08" v="180410520"/>
        <price t="2005-03-09" v="176634310"/>
        <price t="2005-03-10" v="173914730"/>
        <price t="2005-03-11" v="170718600"/>
        <price t="2005-03-14" v="171161600"/>
        <price t="2005-03-15" v="172306125"/>
        <price t="2005-03-16" v="167898015"/>
        <price t="2005-03-17" v="169967490"/>
        <price t="2005-03-18" v="168510510"/>
        <price t="2005-03-21" v="169409165"/>
        <price t="2005-03-22" v="167454250"/>
        <price t="2005-03-23" v="166322250"/>
        <price t="2005-03-24" v="166429240"/>
        <price t="2005-03-29" v="170041530"/>
        <price t="2005-03-30" v="169100295"/>
        <price t="2005-03-31" v="170606240"/>
        <price t="2005-04-01" v="172030725"/>
        <price t="2005-04-04" v="172374540"/>
        <price t="2005-04-05" v="174984600"/>
        <price t="2005-04-06" v="174381600"/>
        <price t="2005-04-07" v="173103585"/>
        <price t="2005-04-08" v="172992405"/>
        <price t="2005-04-11" v="173162850"/>
        <price t="2005-04-12" v="171856475"/>
        <price t="2005-04-13" v="172508700"/>
        <price t="2005-04-14" v="171275200"/>
        <price t="2005-04-15" v="167412680"/>
        <price t="2005-04-18" v="166690785"/>
        <price t="2005-04-19" v="160825500"/>
        <price t="2005-04-20" v="168658325"/>
        <price t="2005-04-21" v="165183700"/>
        <price t="2005-04-22" v="166274055"/>
        <price t="2005-04-25" v="166224120"/>
        <price t="2005-04-26" v="168493380"/>
        <price t="2005-04-27" v="155040000"/>
        <price t="2005-04-28" v="162344900"/>
        <price t="2005-04-29" v="159630240"/>
        <price t="2005-05-02" v="165482495"/>
        <price t="2005-05-03" v="165199600"/>
        <price t="2005-05-04" v="168129940"/>
        <price t="2005-05-05" v="169373550"/>
        <price t="2005-05-06" v="174525560"/>
        <price t="2005-05-09" v="172033960"/>
        <price t="2005-05-10" v="170893930"/>
        <price t="2005-05-11" v="171137370"/>
        <price t="2005-05-12" v="170301285"/>
        <price t="2005-05-13" v="170067100"/>
        <price t="2005-05-16" v="172397640"/>
        <price t="2005-05-17" v="173113200"/>
        <price t="2005-05-18" v="174927060"/>
        <price t="2005-05-19" v="177620100"/>
        <price t="2005-05-20" v="176498000"/>
        <price t="2005-05-23" v="178056120"/>
        <price t="2005-05-24" v="177584275"/>
        <price t="2005-05-25" v="175519080"/>
        <price t="2005-05-26" v="176887375"/>
        <price t="2005-05-27" v="176404305"/>
        <price t="2005-05-30" v="173984400"/>
        <price t="2005-05-31" v="178799500"/>
        <price t="2005-06-01" v="182197200"/>
        <price t="2005-06-02" v="180817935"/>
        <price t="2005-06-03" v="180648300"/>
        <price t="2005-06-06" v="178925760"/>
        <price t="2005-06-07" v="179913825"/>
        <price t="2005-06-08" v="174815940"/>
        <price t="2005-06-09" v="172753485"/>
        <price t="2005-06-10" v="175302715"/>
        <price t="2005-06-13" v="176708300"/>
        <price t="2005-06-14" v="176018850"/>
        <price t="2005-06-15" v="173793600"/>
        <price t="2005-06-16" v="177484750"/>
        <price t="2005-06-17" v="177418890"/>
        <price t="2005-06-20" v="177106050"/>
        <price t="2005-06-21" v="176785040"/>
        <price t="2005-06-22" v="175851720"/>
        <price t="2005-06-23" v="176042940"/>
        <price t="2005-06-24" v="175793100"/>
        <price t="2005-06-27" v="174006020"/>
        <price t="2005-06-28" v="168604300"/>
        <price t="2005-06-29" v="171769500"/>
        <price t="2005-06-30" v="166385920"/>
        <price t="2005-07-01" v="166196250"/>
        <price t="2005-07-04" v="161877340"/>
        <price t="2005-07-05" v="169748655"/>
        <price t="2005-07-06" v="170177205"/>
        <price t="2005-07-07" v="172360155"/>
        <price t="2005-07-08" v="171000960"/>
        <price t="2005-07-11" v="178889400"/>
        <price t="2005-07-12" v="179326840"/>
        <price t="2005-07-13" v="183612880"/>
        <price t="2005-07-14" v="184564765"/>
        <price t="2005-07-15" v="185622375"/>
        <price t="2005-07-18" v="184426200"/>
        <price t="2005-07-19" v="187252250"/>
        <price t="2005-07-20" v="188665320"/>
        <price t="2005-07-21" v="197855945"/>
        <price t="2005-07-22" v="188398645"/>
        <price t="2005-07-25" v="193220975"/>
        <price t="2005-07-26" v="189634340"/>
        <price t="2005-07-27" v="211263800"/>
        <price t="2005-07-28" v="221490500"/>
        <price t="2005-07-29" v="224506545"/>
        <price t="2005-08-01" v="223363320"/>
        <price t="2005-08-02" v="232550595"/>
        <price t="2005-08-03" v="229790360"/>
        <price t="2005-08-04" v="226792790"/>
        <price t="2005-08-05" v="228521700"/>
        <price t="2005-08-08" v="227608000"/>
        <price t="2005-08-09" v="230211705"/>
        <price t="2005-08-10" v="225385170"/>
        <price t="2005-08-11" v="224406450"/>
        <price t="2005-08-12" v="224350570"/>
        <price t="2005-08-15" v="219514760"/>
        <price t="2005-08-16" v="226128245"/>
        <price t="2005-08-17" v="220528760"/>
        <price t="2005-08-18" v="219040155"/>
        <price t="2005-08-19" v="217953870"/>
        <price t="2005-08-22" v="218078730"/>
        <price t="2005-08-23" v="219582350"/>
        <price t="2005-08-24" v="215279930"/>
        <price t="2005-08-25" v="212796480"/>
        <price t="2005-08-26" v="211865005"/>
        <price t="2005-08-29" v="214074380"/>
        <price t="2005-08-30" v="209025960"/>
        <price t="2005-08-31" v="210354510"/>
        <price t="2005-09-01" v="211958680"/>
        <price t="2005-09-02" v="208619535"/>
        <price t="2005-09-05" v="208130800"/>
        <price t="2005-09-06" v="212211000"/>
        <price t="2005-09-07" v="221005250"/>
        <price t="2005-09-08" v="216942460"/>
        <price t="2005-09-09" v="215089875"/>
        <price t="2005-09-12" v="220033310"/>
        <price t="2005-09-13" v="220661100"/>
        <price t="2005-09-14" v="221221010"/>
        <price t="2005-09-15" v="215369260"/>
        <price t="2005-09-16" v="212416050"/>
        <price t="2005-09-19" v="214314045"/>
        <price t="2005-09-20" v="212695000"/>
        <price t="2005-09-21" v="210392250"/>
        <price t="2005-09-22" v="209213760"/>
        <price t="2005-09-23" v="208853730"/>
        <price t="2005-09-26" v="214873660"/>
        <price t="2005-09-27" v="215309675"/>
        <price t="2005-09-28" v="217207665"/>
        <price t="2005-09-29" v="216410220"/>
        <price t="2005-09-30" v="227292750"/>
        <price t="2005-10-03" v="227920300"/>
        <price t="2005-10-04" v="225628200"/>
        <price t="2005-10-05" v="223229695"/>
        <price t="2005-10-06" v="222706365"/>
        <price t="2005-10-07" v="219381360"/>
        <price t="2005-10-10" v="220787320"/>
        <price t="2005-10-11" v="217658310"/>
        <price t="2005-10-12" v="213622320"/>
        <price t="2005-10-13" v="211746500"/>
        <price t="2005-10-14" v="214542120"/>
        <price t="2005-10-17" v="222407000"/>
        <price t="2005-10-18" v="224176860"/>
        <price t="2005-10-19" v="227050000"/>
        <price t="2005-10-20" v="227943710"/>
        <price t="2005-10-21" v="229429200"/>
        <price t="2005-10-24" v="232908000"/>
        <price t="2005-10-25" v="231086910"/>
        <price t="2005-10-26" v="202832380"/>
        <price t="2005-10-27" v="196809250"/>
        <price t="2005-10-28" v="195725250"/>
        <price t="2005-10-31" v="202467320"/>
        <price t="2005-11-01" v="203655680"/>
        <price t="2005-11-02" v="201825360"/>
        <price t="2005-11-03" v="207707250"/>
        <price t="2005-11-04" v="207097215"/>
        <price t="2005-11-07" v="204614320"/>
        <price t="2005-11-08" v="208050520"/>
        <price t="2005-11-09" v="207879980"/>
        <price t="2005-11-10" v="206070240"/>
        <price t="2005-11-11" v="213938130"/>
        <price t="2005-11-14" v="213352295"/>
        <price t="2005-11-15" v="224706420"/>
        <price t="2005-11-16" v="226066720"/>
        <price t="2005-11-17" v="229864720"/>
        <price t="2005-11-18" v="235331850"/>
        <price t="2005-11-21" v="239881410"/>
        <price t="2005-11-22" v="236418705"/>
        <price t="2005-11-23" v="241996800"/>
        <price t="2005-11-24" v="241021265"/>
        <price t="2005-11-25" v="239553495"/>
        <price t="2005-11-28" v="239503550"/>
        <price t="2005-11-29" v="243820275"/>
        <price t="2005-11-30" v="239675685"/>
        <price t="2005-12-01" v="245411775"/>
        <price t="2005-12-02" v="247391550"/>
        <price t="2005-12-05" v="245694960"/>
        <price t="2005-12-06" v="247089510"/>
        <price t="2005-12-07" v="244387700"/>
        <price t="2005-12-08" v="242514860"/>
        <price t="2005-12-09" v="241769275"/>
        <price t="2005-12-12" v="244462500"/>
        <price t="2005-12-13" v="243747000"/>
        <price t="2005-12-14" v="244186300"/>
        <price t="2005-12-15" v="249519205"/>
        <price t="2005-12-16" v="243794135"/>
        <price t="2005-12-19" v="247325050"/>
        <price t="2005-12-20" v="241730100"/>
        <price t="2005-12-21" v="242485600"/>
        <price t="2005-12-22" v="242764770"/>
        <price t="2005-12-23" v="246014955"/>
        <price t="2005-12-27" v="243499340"/>
        <price t="2005-12-28" v="239928660"/>
        <price t="2005-12-29" v="240402250"/>
        <price t="2005-12-30" v="237473610"/>
        <price t="2006-01-02" v="236520000"/>
        <price t="2006-01-03" v="230790625"/>
        <price t="2006-01-04" v="236343480"/>
        <price t="2006-01-05" v="236320400"/>
        <price t="2006-01-06" v="237264660"/>
        <price t="2006-01-09" v="234675540"/>
        <price t="2006-01-10" v="229336640"/>
        <price t="2006-01-11" v="223748880"/>
        <price t="2006-01-12" v="223848240"/>
        <price t="2006-01-13" v="219771945"/>
        <price t="2006-01-16" v="220438400"/>
        <price t="2006-01-17" v="220187625"/>
        <price t="2006-01-18" v="218492500"/>
        <price t="2006-01-19" v="222626120"/>
        <price t="2006-01-20" v="217646380"/>
        <price t="2006-01-23" v="218285060"/>
        <price t="2006-01-24" v="218625680"/>
        <price t="2006-01-25" v="218218500"/>
        <price t="2006-01-26" v="220755810"/>
        <price t="2006-01-27" v="225060280"/>
        <price t="2006-01-30" v="225752170"/>
        <price t="2006-01-31" v="222850020"/>
        <price t="2006-02-01" v="219832560"/>
        <price t="2006-02-02" v="217791300"/>
        <price t="2006-02-03" v="188814955"/>
        <price t="2006-02-06" v="189539420"/>
        <price t="2006-02-07" v="189173400"/>
        <price t="2006-02-08" v="186687500"/>
        <price t="2006-02-09" v="193048500"/>
        <price t="2006-02-10" v="189904050"/>
        <price t="2006-02-13" v="187949280"/>
        <price t="2006-02-14" v="188464320"/>
        <price t="2006-02-15" v="192963840"/>
        <price t="2006-02-16" v="194352620"/>
        <price t="2006-02-17" v="194375255"/>
        <price t="2006-02-20" v="194789900"/>
        <price t="2006-02-21" v="193174850"/>
        <price t="2006-02-22" v="190831250"/>
        <price t="2006-02-23" v="192447915"/>
        <price t="2006-02-24" v="190990280"/>
        <price t="2006-02-27" v="191172760"/>
        <price t="2006-02-28" v="186140625"/>
        <price t="2006-03-01" v="185466310"/>
        <price t="2006-03-02" v="180066705"/>
        <price t="2006-03-03" v="185829200"/>
        <price t="2006-03-06" v="185782820"/>
        <price t="2006-03-07" v="185187585"/>
        <price t="2006-03-08" v="184190440"/>
        <price t="2006-03-09" v="182316400"/>
        <price t="2006-03-10" v="181407180"/>
        <price t="2006-03-13" v="182346990"/>
        <price t="2006-03-14" v="181131680"/>
        <price t="2006-03-15" v="183456630"/>
        <price t="2006-03-16" v="183328110"/>
        <price t="2006-03-17" v="182775000"/>
        <price t="2006-03-20" v="184436100"/>
        <price t="2006-03-21" v="179549040"/>
        <price t="2006-03-22" v="179828100"/>
        <price t="2006-03-23" v="179438675"/>
        <price t="2006-03-24" v="178038875"/>
        <price t="2006-03-27" v="176647250"/>
        <price t="2006-03-28" v="176063880"/>
        <price t="2006-03-29" v="180180000"/>
        <price t="2006-03-30" v="181440000"/>
        <price t="2006-03-31" v="182588840"/>
        <price t="2006-04-03" v="184563900"/>
        <price t="2006-04-04" v="182827405"/>
        <price t="2006-04-05" v="183194280"/>
        <price t="2006-04-06" v="192498120"/>
        <price t="2006-04-07" v="189078975"/>
        <price t="2006-04-10" v="183239355"/>
        <price t="2006-04-11" v="178911900"/>
        <price t="2006-04-12" v="181329375"/>
        <price t="2006-04-13" v="178386500"/>
        <price t="2006-04-18" v="176061240"/>
        <price t="2006-04-19" v="183708480"/>
        <price t="2006-04-20" v="185190000"/>
        <price t="2006-04-21" v="183370350"/>
        <price t="2006-04-24" v="176819500"/>
        <price t="2006-04-25" v="178112375"/>
        <price t="2006-04-26" v="177553250"/>
        <price t="2006-04-27" v="175844310"/>
        <price t="2006-04-28" v="177900030"/>
        <price t="2006-05-02" v="171565510"/>
        <price t="2006-05-03" v="169387240"/>
        <price t="2006-05-04" v="171628960"/>
        <price t="2006-05-05" v="171288000"/>
        <price t="2006-05-08" v="173672940"/>
        <price t="2006-05-09" v="173314050"/>
        <price t="2006-05-10" v="173411030"/>
        <price t="2006-05-11" v="166770340"/>
        <price t="2006-05-12" v="167882000"/>
        <price t="2006-05-15" v="162248900"/>
        <price t="2006-05-16" v="161430115"/>
        <price t="2006-05-17" v="162055560"/>
        <price t="2006-05-18" v="160263500"/>
        <price t="2006-05-19" v="161757890"/>
        <price t="2006-05-22" v="166554180"/>
        <price t="2006-05-23" v="173738730"/>
        <price t="2006-05-24" v="171946380"/>
        <price t="2006-05-25" v="173468000"/>
        <price t="2006-05-26" v="180949580"/>
        <price t="2006-05-29" v="179568850"/>
        <price t="2006-05-30" v="173326500"/>
        <price t="2006-05-31" v="169214200"/>
        <price t="2006-06-01" v="171553920"/>
        <price t="2006-06-02" v="171721000"/>
        <price t="2006-06-05" v="170332910"/>
        <price t="2006-06-06" v="165340890"/>
        <price t="2006-06-07" v="168750855"/>
        <price t="2006-06-08" v="166828500"/>
        <price t="2006-06-09" v="170896500"/>
        <price t="2006-06-12" v="168150500"/>
        <price t="2006-06-13" v="166062910"/>
        <price t="2006-06-14" v="166208490"/>
        <price t="2006-06-15" v="168847900"/>
        <price t="2006-06-16" v="175406115"/>
        <price t="2006-06-19" v="175518540"/>
        <price t="2006-06-20" v="174953970"/>
        <price t="2006-06-21" v="178427000"/>
        <price t="2006-06-22" v="182690640"/>
        <price t="2006-06-23" v="181279000"/>
        <price t="2006-06-26" v="183579015"/>
        <price t="2006-06-27" v="181216140"/>
        <price t="2006-06-28" v="181699350"/>
        <price t="2006-06-29" v="186055650"/>
        <price t="2006-06-30" v="190377175"/>
        <price t="2006-07-03" v="193001100"/>
        <price t="2006-07-04" v="192824325"/>
        <price t="2006-07-05" v="187879890"/>
        <price t="2006-07-06" v="186886125"/>
        <price t="2006-07-07" v="180425360"/>
        <price t="2006-07-10" v="183118720"/>
        <price t="2006-07-11" v="177667200"/>
        <price t="2006-07-12" v="178744100"/>
        <price t="2006-07-13" v="171849680"/>
        <price t="2006-07-14" v="164974650"/>
        <price t="2006-07-17" v="165854725"/>
        <price t="2006-07-18" v="167539470"/>
        <price t="2006-07-19" v="169068690"/>
        <price t="2006-07-20" v="169858705"/>
        <price t="2006-07-21" v="166868800"/>
        <price t="2006-07-24" v="164229000"/>
        <price t="2006-07-25" v="168501060"/>
        <price t="2006-07-26" v="136568950"/>
        <price t="2006-07-27" v="132655855"/>
        <price t="2006-07-28" v="132908680"/>
        <price t="2006-07-31" v="135266365"/>
        <price t="2006-08-01" v="131417700"/>
        <price t="2006-08-02" v="131243490"/>
        <price t="2006-08-03" v="131452585"/>
        <price t="2006-08-04" v="136426680"/>
        <price t="2006-08-07" v="135439000"/>
        <price t="2006-08-08" v="134360135"/>
        <price t="2006-08-09" v="131752170"/>
        <price t="2006-08-10" v="132169960"/>
        <price t="2006-08-11" v="129985625"/>
        <price t="2006-08-14" v="133856950"/>
        <price t="2006-08-15" v="133548875"/>
        <price t="2006-08-16" v="138804050"/>
        <price t="2006-08-17" v="141218235"/>
        <price t="2006-08-18" v="143830470"/>
        <price t="2006-08-21" v="143659280"/>
        <price t="2006-08-22" v="143366280"/>
        <price t="2006-08-23" v="140932000"/>
        <price t="2006-08-24" v="139023885"/>
        <price t="2006-08-25" v="139169610"/>
        <price t="2006-08-28" v="143680000"/>
        <price t="2006-08-29" v="144602320"/>
        <price t="2006-08-30" v="150996040"/>
        <price t="2006-08-31" v="153505195"/>
        <price t="2006-09-01" v="156815995"/>
        <price t="2006-09-04" v="159364800"/>
        <price t="2006-09-05" v="156922500"/>
        <price t="2006-09-06" v="159080955"/>
        <price t="2006-09-07" v="150225800"/>
        <price t="2006-09-08" v="150649050"/>
        <price t="2006-09-11" v="150585485"/>
        <price t="2006-09-12" v="156701970"/>
        <price t="2006-09-13" v="158399115"/>
        <price t="2006-09-14" v="158401350"/>
        <price t="2006-09-15" v="160592250"/>
        <price t="2006-09-18" v="161415425"/>
        <price t="2006-09-19" v="159440400"/>
        <price t="2006-09-20" v="161555620"/>
        <price t="2006-09-21" v="160856185"/>
        <price t="2006-09-22" v="152522300"/>
        <price t="2006-09-25" v="153982080"/>
        <price t="2006-09-26" v="160591750"/>
        <price t="2006-09-27" v="160833120"/>
        <price t="2006-09-28" v="158340415"/>
        <price t="2006-09-29" v="160212300"/>
        <price t="2006-10-02" v="157294000"/>
        <price t="2006-10-03" v="155518770"/>
        <price t="2006-10-04" v="161974680"/>
        <price t="2006-10-05" v="163464850"/>
        <price t="2006-10-06" v="165138560"/>
        <price t="2006-10-09" v="164343120"/>
        <price t="2006-10-10" v="167131540"/>
        <price t="2006-10-11" v="163623435"/>
        <price t="2006-10-12" v="166411680"/>
        <price t="2006-10-13" v="167166000"/>
        <price t="2006-10-16" v="163633625"/>
        <price t="2006-10-17" v="159994100"/>
        <price t="2006-10-18" v="162745425"/>
        <price t="2006-10-19" v="162350925"/>
        <price t="2006-10-20" v="163024560"/>
        <price t="2006-10-23" v="161344600"/>
        <price t="2006-10-24" v="166669890"/>
        <price t="2006-10-25" v="187442000"/>
        <price t="2006-10-26" v="188213375"/>
        <price t="2006-10-27" v="190371830"/>
        <price t="2006-10-30" v="190818585"/>
        <price t="2006-10-31" v="189487800"/>
        <price t="2006-11-01" v="188357105"/>
        <price t="2006-11-02" v="188121745"/>
        <price t="2006-11-03" v="186423600"/>
        <price t="2006-11-06" v="190466490"/>
        <price t="2006-11-07" v="191325000"/>
        <price t="2006-11-08" v="194003560"/>
        <price t="2006-11-09" v="196290640"/>
        <price t="2006-11-10" v="196176000"/>
        <price t="2006-11-13" v="198800850"/>
        <price t="2006-11-14" v="199605560"/>
        <price t="2006-11-15" v="212155320"/>
        <price t="2006-11-16" v="212738460"/>
        <price t="2006-11-17" v="210515520"/>
        <price t="2006-11-20" v="210142965"/>
        <price t="2006-11-21" v="215082990"/>
        <price t="2006-11-22" v="211394830"/>
        <price t="2006-11-23" v="215084565"/>
        <price t="2006-11-24" v="212255940"/>
        <price t="2006-11-27" v="206545500"/>
        <price t="2006-11-28" v="201346305"/>
        <price t="2006-11-29" v="204328210"/>
        <price t="2006-11-30" v="198660000"/>
        <price t="2006-12-01" v="194753020"/>
        <price t="2006-12-04" v="196307750"/>
        <price t="2006-12-05" v="194299325"/>
        <price t="2006-12-06" v="193933140"/>
        <price t="2006-12-07" v="191875710"/>
        <price t="2006-12-08" v="190510600"/>
        <price t="2006-12-11" v="191066500"/>
        <price t="2006-12-12" v="190514940"/>
        <price t="2006-12-13" v="190153775"/>
        <price t="2006-12-14" v="195703320"/>
        <price t="2006-12-15" v="200718390"/>
        <price t="2006-12-18" v="200877300"/>
        <price t="2006-12-19" v="192435750"/>
        <price t="2006-12-20" v="201015675"/>
        <price t="2006-12-21" v="200503270"/>
        <price t="2006-12-22" v="200452440"/>
        <price t="2006-12-27" v="199358850"/>
        <price t="2006-12-28" v="203325255"/>
        <price t="2006-12-29" v="198603600"/>
        <price t="2007-01-02" v="196727750"/>
        <price t="2007-01-03" v="195157250"/>
        <price t="2007-01-04" v="192723730"/>
        <price t="2007-01-05" v="193577780"/>
        <price t="2007-01-08" v="187936700"/>
        <price t="2007-01-09" v="187914830"/>
        <price t="2007-01-10" v="186247920"/>
        <price t="2007-01-11" v="188268000"/>
        <price t="2007-01-12" v="187399755"/>
        <price t="2007-01-15" v="190297405"/>
        <price t="2007-01-16" v="190473865"/>
        <price t="2007-01-17" v="189826845"/>
        <price t="2007-01-18" v="190018010"/>
        <price t="2007-01-19" v="190547390"/>
        <price t="2007-01-22" v="190223880"/>
        <price t="2007-01-23" v="191753200"/>
        <price t="2007-01-24" v="191238525"/>
        <price t="2007-01-25" v="190841490"/>
        <price t="2007-01-26" v="189709205"/>
        <price t="2007-01-29" v="190003305"/>
        <price t="2007-01-30" v="190753260"/>
        <price t="2007-01-31" v="190488570"/>
        <price t="2007-02-01" v="191459100"/>
        <price t="2007-02-02" v="191459100"/>
        <price t="2007-02-05" v="190062125"/>
        <price t="2007-02-06" v="190503275"/>
        <price t="2007-02-07" v="190973835"/>
        <price t="2007-02-08" v="191032655"/>
        <price t="2007-02-09" v="191267935"/>
        <price t="2007-02-12" v="190517980"/>
        <price t="2007-02-13" v="191488510"/>
        <price t="2007-02-14" v="192370810"/>
        <price t="2007-02-15" v="193179585"/>
        <price t="2007-02-16" v="200392725"/>
        <price t="2007-02-19" v="200985260"/>
        <price t="2007-02-20" v="206245050"/>
        <price t="2007-02-21" v="204339025"/>
        <price t="2007-02-22" v="205567610"/>
        <price t="2007-02-23" v="204233700"/>
        <price t="2007-02-26" v="205296000"/>
        <price t="2007-02-27" v="201294450"/>
        <price t="2007-02-28" v="196117295"/>
        <price t="2007-03-01" v="192754375"/>
        <price t="2007-03-02" v="189744645"/>
        <price t="2007-03-05" v="187741050"/>
        <price t="2007-03-06" v="187723000"/>
        <price t="2007-03-07" v="192230725"/>
        <price t="2007-03-08" v="194781120"/>
        <price t="2007-03-09" v="191405250"/>
        <price t="2007-03-12" v="189972640"/>
        <price t="2007-03-13" v="193775880"/>
        <price t="2007-03-14" v="187132685"/>
        <price t="2007-03-15" v="189528580"/>
        <price t="2007-03-16" v="189215000"/>
        <price t="2007-03-19" v="189900325"/>
        <price t="2007-03-20" v="191861280"/>
        <price t="2007-03-21" v="190887480"/>
        <price t="2007-03-22" v="195525395"/>
        <price t="2007-03-23" v="196773155"/>
        <price t="2007-03-26" v="191811900"/>
        <price t="2007-03-27" v="192997620"/>
        <price t="2007-03-28" v="194947540"/>
        <price t="2007-03-29" v="197542840"/>
        <price t="2007-03-30" v="197705710"/>
        <price t="2007-04-02" v="198685590"/>
        <price t="2007-04-03" v="206180730"/>
        <price t="2007-04-04" v="205353760"/>
        <price t="2007-04-05" v="207214635"/>
        <price t="2007-04-10" v="208975690"/>
        <price t="2007-04-11" v="207979000"/>
        <price t="2007-04-12" v="206853120"/>
        <price t="2007-04-13" v="210151960"/>
        <price t="2007-04-16" v="222152250"/>
        <price t="2007-04-17" v="224168205"/>
        <price t="2007-04-18" v="224020500"/>
        <price t="2007-04-19" v="222104330"/>
        <price t="2007-04-20" v="224499000"/>
        <price t="2007-04-23" v="222673725"/>
        <price t="2007-04-24" v="222337340"/>
        <price t="2007-04-25" v="273662450"/>
        <price t="2007-04-26" v="284292360"/>
        <price t="2007-04-27" v="308331800"/>
        <price t="2007-04-30" v="305160150"/>
        <price t="2007-05-02" v="308039960"/>
        <price t="2007-05-03" v="311601570"/>
        <price t="2007-05-04" v="315361055"/>
        <price t="2007-05-07" v="313961900"/>
        <price t="2007-05-08" v="303428040"/>
        <price t="2007-05-09" v="308394975"/>
        <price t="2007-05-10" v="312879510"/>
        <price t="2007-05-11" v="302625840"/>
        <price t="2007-05-14" v="303633090"/>
        <price t="2007-05-15" v="305349590"/>
        <price t="2007-05-16" v="301274930"/>
        <price t="2007-05-17" v="314787640"/>
        <price t="2007-05-18" v="311992550"/>
        <price t="2007-05-21" v="329982980"/>
        <price t="2007-05-22" v="339309880"/>
        <price t="2007-05-23" v="350132950"/>
        <price t="2007-05-24" v="342924000"/>
        <price t="2007-05-25" v="342745500"/>
        <price t="2007-05-29" v="347519025"/>
        <price t="2007-05-30" v="344223000"/>
        <price t="2007-05-31" v="346818340"/>
        <price t="2007-06-01" v="343491340"/>
        <price t="2007-06-04" v="340218270"/>
        <price t="2007-06-05" v="362928240"/>
        <price t="2007-06-06" v="364175350"/>
        <price t="2007-06-07" v="371772000"/>
        <price t="2007-06-08" v="359221590"/>
        <price t="2007-06-11" v="357787128"/>
        <price t="2007-06-12" v="353041975"/>
        <price t="2007-06-13" v="349321874"/>
        <price t="2007-06-14" v="356480680"/>
        <price t="2007-06-15" v="358146600"/>
        <price t="2007-06-18" v="360902700"/>
        <price t="2007-06-19" v="355916665"/>
        <price t="2007-06-20" v="347557895"/>
        <price t="2007-06-21" v="344704810"/>
        <price t="2007-06-22" v="346172955"/>
        <price t="2007-06-25" v="343598756"/>
        <price t="2007-06-26" v="339528500"/>
        <price t="2007-06-27" v="336756280"/>
        <price t="2007-06-28" v="347852610"/>
        <price t="2007-06-29" v="340933725"/>
        <price t="2007-07-02" v="340379400"/>
        <price t="2007-07-03" v="346281460"/>
        <price t="2007-07-04" v="344337939"/>
        <price t="2007-07-05" v="345092000"/>
        <price t="2007-07-06" v="339356160"/>
        <price t="2007-07-09" v="351353695"/>
        <price t="2007-07-10" v="350122920"/>
        <price t="2007-07-11" v="356752820"/>
        <price t="2007-07-12" v="365382000"/>
        <price t="2007-07-13" v="365160981"/>
        <price t="2007-07-16" v="371742475"/>
        <price t="2007-07-17" v="369062800"/>
        <price t="2007-07-18" v="365350185"/>
        <price t="2007-07-19" v="367819300"/>
        <price t="2007-07-20" v="355917256"/>
        <price t="2007-07-23" v="358309425"/>
        <price t="2007-07-24" v="354401460"/>
        <price t="2007-07-25" v="426514005"/>
        <price t="2007-07-26" v="435056010"/>
        <price t="2007-07-27" v="416492010"/>
        <price t="2007-07-30" v="409633410"/>
        <price t="2007-07-31" v="398531025"/>
        <price t="2007-08-01" v="380446235"/>
        <price t="2007-08-02" v="386964480"/>
        <price t="2007-08-03" v="397666913"/>
        <price t="2007-08-06" v="387940350"/>
        <price t="2007-08-07" v="396018843"/>
        <price t="2007-08-08" v="398025870"/>
        <price t="2007-08-09" v="383725550"/>
        <price t="2007-08-10" v="366502500"/>
        <price t="2007-08-13" v="380316860"/>
        <price t="2007-08-14" v="369743155"/>
        <price t="2007-08-15" v="373561458"/>
        <price t="2007-08-16" v="356237875"/>
        <price t="2007-08-17" v="369985000"/>
        <price t="2007-08-20" v="375306600"/>
        <price t="2007-08-21" v="389037154"/>
        <price t="2007-08-22" v="392174045"/>
        <price t="2007-08-23" v="390937987"/>
        <price t="2007-08-24" v="392792750"/>
        <price t="2007-08-27" v="396908309"/>
        <price t="2007-08-28" v="390318992"/>
        <price t="2007-08-29" v="383780805"/>
        <price t="2007-08-30" v="391423600"/>
        <price t="2007-08-31" v="402927000"/>
        <price t="2007-09-03" v="401053440"/>
        <price t="2007-09-04" v="409912300"/>
        <price t="2007-09-05" v="418510400"/>
        <price t="2007-09-06" v="420185060"/>
        <price t="2007-09-07" v="417728000"/>
        <price t="2007-09-10" v="414539750"/>
        <price t="2007-09-11" v="425433600"/>
        <price t="2007-09-12" v="439460250"/>
        <price t="2007-09-13" v="434976100"/>
        <price t="2007-09-14" v="436590000"/>
        <price t="2007-09-17" v="432407320"/>
        <price t="2007-09-18" v="440277250"/>
        <price t="2007-09-19" v="443915875"/>
        <price t="2007-09-20" v="448328650"/>
        <price t="2007-09-21" v="449006040"/>
        <price t="2007-09-24" v="467845950"/>
        <price t="2007-09-25" v="456611220"/>
        <price t="2007-09-26" v="464425125"/>
        <price t="2007-09-27" v="470988700"/>
        <price t="2007-09-28" v="459045125"/>
        <price t="2007-10-01" v="466098000"/>
        <price t="2007-10-02" v="460362500"/>
        <price t="2007-10-03" v="463395775"/>
        <price t="2007-10-04" v="458613045"/>
        <price t="2007-10-05" v="464014200"/>
        <price t="2007-10-08" v="474094850"/>
        <price t="2007-10-09" v="476135040"/>
        <price t="2007-10-10" v="475305600"/>
        <price t="2007-10-11" v="477860246"/>
        <price t="2007-10-12" v="460693365"/>
        <price t="2007-10-15" v="453382620"/>
        <price t="2007-10-16" v="441409250"/>
        <price t="2007-10-17" v="461074000"/>
        <price t="2007-10-18" v="449203085"/>
        <price t="2007-10-19" v="448786080"/>
        <price t="2007-10-22" v="453382830"/>
        <price t="2007-10-23" v="474586930"/>
        <price t="2007-10-24" v="418504300"/>
        <price t="2007-10-25" v="436281410"/>
        <price t="2007-10-26" v="441588800"/>
        <price t="2007-10-29" v="452021310"/>
        <price t="2007-10-30" v="447337350"/>
        <price t="2007-10-31" v="438321980"/>
        <price t="2007-11-01" v="441415915"/>
        <price t="2007-11-02" v="428578400"/>
        <price t="2007-11-05" v="425939956"/>
        <price t="2007-11-06" v="425936160"/>
        <price t="2007-11-07" v="442101660"/>
        <price t="2007-11-08" v="420034240"/>
        <price t="2007-11-09" v="402240785"/>
        <price t="2007-11-12" v="395819850"/>
        <price t="2007-11-13" v="396360945"/>
        <price t="2007-11-14" v="403294500"/>
        <price t="2007-11-15" v="390056155"/>
        <price t="2007-11-16" v="390229385"/>
        <price t="2007-11-19" v="389942940"/>
        <price t="2007-11-20" v="406661425"/>
        <price t="2007-11-21" v="394422750"/>
        <price t="2007-11-22" v="400383000"/>
        <price t="2007-11-23" v="401323900"/>
        <price t="2007-11-26" v="418925900"/>
        <price t="2007-11-27" v="421901010"/>
        <price t="2007-11-28" v="442859784"/>
        <price t="2007-11-29" v="450393280"/>
        <price t="2007-11-30" v="447110690"/>
        <price t="2007-12-03" v="448486280"/>
        <price t="2007-12-04" v="450779780"/>
        <price t="2007-12-05" v="464710400"/>
        <price t="2007-12-06" v="468711570"/>
        <price t="2007-12-07" v="466936875"/>
        <price t="2007-12-10" v="463617000"/>
        <price t="2007-12-11" v="476840000"/>
        <price t="2007-12-12" v="461675500"/>
        <price t="2007-12-13" v="458256430"/>
        <price t="2007-12-14" v="456598230"/>
        <price t="2007-12-17" v="433733055"/>
        <price t="2007-12-18" v="427643432"/>
        <price t="2007-12-19" v="440396775"/>
        <price t="2007-12-20" v="451993500"/>
        <price t="2007-12-21" v="458290600"/>
        <price t="2007-12-27" v="468141000"/>
        <price t="2007-12-28" v="473817000"/>
        <price t="2008-01-02" v="477360000"/>
        <price t="2008-01-03" v="480578975"/>
        <price t="2008-01-04" v="448584420"/>
        <price t="2008-01-07" v="444487370"/>
        <price t="2008-01-08" v="456149100"/>
        <price t="2008-01-09" v="416178000"/>
        <price t="2008-01-10" v="415594390"/>
        <price t="2008-01-11" v="414249960"/>
        <price t="2008-01-14" v="405888750"/>
        <price t="2008-01-15" v="395223300"/>
        <price t="2008-01-16" v="401085080"/>
        <price t="2008-01-17" v="401651940"/>
        <price t="2008-01-18" v="410651890"/>
        <price t="2008-01-21" v="380224910"/>
        <price t="2008-01-22" v="388221790"/>
        <price t="2008-01-23" v="362309640"/>
        <price t="2008-01-24" v="373393295"/>
        <price t="2008-01-25" v="387476750"/>
        <price t="2008-01-28" v="383334900"/>
        <price t="2008-01-29" v="368364755"/>
        <price t="2008-01-30" v="377655000"/>
        <price t="2008-01-31" v="371750000"/>
        <price t="2008-02-01" v="374979465"/>
        <price t="2008-02-04" v="376656600"/>
        <price t="2008-02-05" v="365364000"/>
        <price t="2008-02-06" v="357044820"/>
        <price t="2008-02-07" v="346013750"/>
        <price t="2008-02-08" v="365727600"/>
        <price t="2008-02-11" v="371184550"/>
        <price t="2008-02-12" v="378860280"/>
        <price t="2008-02-13" v="379090140"/>
        <price t="2008-02-14" v="377716450"/>
        <price t="2008-02-15" v="366116300"/>
        <price t="2008-02-18" v="364436400"/>
        <price t="2008-02-19" v="366707250"/>
        <price t="2008-02-20" v="365667200"/>
        <price t="2008-02-21" v="363463440"/>
        <price t="2008-02-22" v="356352000"/>
        <price t="2008-02-25" v="359015910"/>
        <price t="2008-02-26" v="352588170"/>
        <price t="2008-02-27" v="353150378"/>
        <price t="2008-02-28" v="341432180"/>
        <price t="2008-02-29" v="328517220"/>
        <price t="2008-03-03" v="315462250"/>
        <price t="2008-03-04" v="307921500"/>
        <price t="2008-03-05" v="328613500"/>
        <price t="2008-03-06" v="323077710"/>
        <price t="2008-03-07" v="320981940"/>
        <price t="2008-03-10" v="319148700"/>
        <price t="2008-03-11" v="326419275"/>
        <price t="2008-03-12" v="336779520"/>
        <price t="2008-03-13" v="328051620"/>
        <price t="2008-03-14" v="338451750"/>
        <price t="2008-03-17" v="330539200"/>
        <price t="2008-03-18" v="346252305"/>
        <price t="2008-03-19" v="367663560"/>
        <price t="2008-03-20" v="349716525"/>
        <price t="2008-03-25" v="375913505"/>
        <price t="2008-03-26" v="371855700"/>
        <price t="2008-03-27" v="362683350"/>
        <price t="2008-03-28" v="357937360"/>
        <price t="2008-03-31" v="348654600"/>
        <price t="2008-04-01" v="374352300"/>
        <price t="2008-04-02" v="392597680"/>
        <price t="2008-04-03" v="375651570"/>
        <price t="2008-04-04" v="374655260"/>
        <price t="2008-04-07" v="388323285"/>
        <price t="2008-04-08" v="387092510"/>
        <price t="2008-04-09" v="374986470"/>
        <price t="2008-04-10" v="370760625"/>
        <price t="2008-04-11" v="368117250"/>
        <price t="2008-04-14" v="366335865"/>
        <price t="2008-04-15" v="364044000"/>
        <price t="2008-04-16" v="365945800"/>
        <price t="2008-04-17" v="370769920"/>
        <price t="2008-04-18" v="398523900"/>
        <price t="2008-04-21" v="404047670"/>
        <price t="2008-04-22" v="392221220"/>
        <price t="2008-04-23" v="404876000"/>
        <price t="2008-04-24" v="394225000"/>
        <price t="2008-04-25" v="391927480"/>
        <price t="2008-04-28" v="406874980"/>
        <price t="2008-04-29" v="409673010"/>
        <price t="2008-04-30" v="403962300"/>
        <price t="2008-05-02" v="392014880"/>
        <price t="2008-05-05" v="385734730"/>
        <price t="2008-05-06" v="377485680"/>
        <price t="2008-05-07" v="378806500"/>
        <price t="2008-05-08" v="359119800"/>
        <price t="2008-05-09" v="363958610"/>
        <price t="2008-05-12" v="363607950"/>
        <price t="2008-05-13" v="369031050"/>
        <price t="2008-05-14" v="376943185"/>
        <price t="2008-05-15" v="369441750"/>
        <price t="2008-05-16" v="378306180"/>
        <price t="2008-05-19" v="415127050"/>
        <price t="2008-05-20" v="404893710"/>
        <price t="2008-05-21" v="398314605"/>
        <price t="2008-05-22" v="393087250"/>
        <price t="2008-05-23" v="388827400"/>
        <price t="2008-05-26" v="393158145"/>
        <price t="2008-05-27" v="397940000"/>
        <price t="2008-05-28" v="403142000"/>
        <price t="2008-05-29" v="400749270"/>
        <price t="2008-05-30" v="404060940"/>
        <price t="2008-06-02" v="407348645"/>
        <price t="2008-06-03" v="405340035"/>
        <price t="2008-06-04" v="408302400"/>
        <price t="2008-06-05" v="416470080"/>
        <price t="2008-06-06" v="409811175"/>
        <price t="2008-06-09" v="405254200"/>
        <price t="2008-06-10" v="397155080"/>
        <price t="2008-06-11" v="389736800"/>
        <price t="2008-06-12" v="386195850"/>
        <price t="2008-06-13" v="398812680"/>
        <price t="2008-06-16" v="405412275"/>
        <price t="2008-06-17" v="417492075"/>
        <price t="2008-06-18" v="408318015"/>
        <price t="2008-06-19" v="409704665"/>
        <price t="2008-06-20" v="407967350"/>
        <price t="2008-06-23" v="404019390"/>
        <price t="2008-06-24" v="389744880"/>
        <price t="2008-06-25" v="412203575"/>
        <price t="2008-06-26" v="393196345"/>
        <price t="2008-06-27" v="369290600"/>
        <price t="2008-06-30" v="377863080"/>
        <price t="2008-07-01" v="358565750"/>
        <price t="2008-07-02" v="366462110"/>
        <price t="2008-07-03" v="358365600"/>
        <price t="2008-07-04" v="360824775"/>
        <price t="2008-07-07" v="362171966"/>
        <price t="2008-07-08" v="368252325"/>
        <price t="2008-07-09" v="377160000"/>
        <price t="2008-07-10" v="347539500"/>
        <price t="2008-07-11" v="338789825"/>
        <price t="2008-07-14" v="352595750"/>
        <price t="2008-07-15" v="322518300"/>
        <price t="2008-07-16" v="363199680"/>
        <price t="2008-07-17" v="344953485"/>
        <price t="2008-07-18" v="347003040"/>
        <price t="2008-07-21" v="343325700"/>
        <price t="2008-07-22" v="337721585"/>
        <price t="2008-07-23" v="347876100"/>
        <price t="2008-07-24" v="396008858"/>
        <price t="2008-07-25" v="393350000"/>
        <price t="2008-07-28" v="382155420"/>
        <price t="2008-07-29" v="383673150"/>
        <price t="2008-07-30" v="381938294"/>
        <price t="2008-07-31" v="388479735"/>
        <price t="2008-08-01" v="375255530"/>
        <price t="2008-08-04" v="380510870"/>
        <price t="2008-08-05" v="385161690"/>
        <price t="2008-08-06" v="384628300"/>
        <price t="2008-08-07" v="385854476"/>
        <price t="2008-08-08" v="392903810"/>
        <price t="2008-08-11" v="435348000"/>
        <price t="2008-08-12" v="440501850"/>
        <price t="2008-08-13" v="432708605"/>
        <price t="2008-08-14" v="439383825"/>
        <price t="2008-08-15" v="442606450"/>
        <price t="2008-08-18" v="427886400"/>
        <price t="2008-08-19" v="408827835"/>
        <price t="2008-08-20" v="413657050"/>
        <price t="2008-08-21" v="410421870"/>
        <price t="2008-08-22" v="423138600"/>
        <price t="2008-08-25" v="422705375"/>
        <price t="2008-08-26" v="411663600"/>
        <price t="2008-08-27" v="410891775"/>
        <price t="2008-08-28" v="413735710"/>
        <price t="2008-08-29" v="410664450"/>
        <price t="2008-09-01" v="404636175"/>
        <price t="2008-09-02" v="416246300"/>
        <price t="2008-09-03" v="407958250"/>
        <price t="2008-09-04" v="399506600"/>
        <price t="2008-09-05" v="389869155"/>
        <price t="2008-09-08" v="412206000"/>
        <price t="2008-09-09" v="410105280"/>
        <price t="2008-09-10" v="395054820"/>
        <price t="2008-09-11" v="384926750"/>
        <price t="2008-09-12" v="390823810"/>
        <price t="2008-09-15" v="396015735"/>
        <price t="2008-09-16" v="396408595"/>
        <price t="2008-09-17" v="370890800"/>
        <price t="2008-09-18" v="365160360"/>
        <price t="2008-09-19" v="394479560"/>
        <price t="2008-09-22" v="399609675"/>
        <price t="2008-09-23" v="372105060"/>
        <price t="2008-09-24" v="356085600"/>
        <price t="2008-09-25" v="359415000"/>
        <price t="2008-09-26" v="365121600"/>
        <price t="2008-09-29" v="327874650"/>
        <price t="2008-09-30" v="346847750"/>
        <price t="2008-10-01" v="361740890"/>
        <price t="2008-10-02" v="330891400"/>
        <price t="2008-10-03" v="343498220"/>
        <price t="2008-10-06" v="307514870"/>
        <price t="2008-10-07" v="313536000"/>
        <price t="2008-10-08" v="290410650"/>
        <price t="2008-10-09" v="311812780"/>
        <price t="2008-10-10" v="283461625"/>
        <price t="2008-10-13" v="295352545"/>
        <price t="2008-10-14" v="297111960"/>
        <price t="2008-10-15" v="258875000"/>
        <price t="2008-10-16" v="226573172"/>
        <price t="2008-10-17" v="258295080"/>
        <price t="2008-10-20" v="259284560"/>
        <price t="2008-10-21" v="262361600"/>
        <price t="2008-10-22" v="247869900"/>
        <price t="2008-10-23" v="211365000"/>
        <price t="2008-10-24" v="253557480"/>
        <price t="2008-10-27" v="249200000"/>
        <price t="2008-10-28" v="260108653"/>
        <price t="2008-10-29" v="281323100"/>
        <price t="2008-10-30" v="287747625"/>
        <price t="2008-10-31" v="278612880"/>
        <price t="2008-11-03" v="283494420"/>
        <price t="2008-11-04" v="280437500"/>
        <price t="2008-11-05" v="282239100"/>
        <price t="2008-11-06" v="252973700"/>
        <price t="2008-11-07" v="238664760"/>
        <price t="2008-11-10" v="238741320"/>
        <price t="2008-11-11" v="241166866"/>
        <price t="2008-11-12" v="220841250"/>
        <price t="2008-11-13" v="205410000"/>
        <price t="2008-11-14" v="214461000"/>
        <price t="2008-11-17" v="201420600"/>
        <price t="2008-11-18" v="198145980"/>
        <price t="2008-11-19" v="192668500"/>
        <price t="2008-11-20" v="184806370"/>
        <price t="2008-11-21" v="186887660"/>
        <price t="2008-11-24" v="201047020"/>
        <price t="2008-11-25" v="212150160"/>
        <price t="2008-11-26" v="202497425"/>
        <price t="2008-11-27" v="212721000"/>
        <price t="2008-11-28" v="219540750"/>
        <price t="2008-12-01" v="209671040"/>
        <price t="2008-12-02" v="201564875"/>
        <price t="2008-12-03" v="213139355"/>
        <price t="2008-12-04" v="243117990"/>
        <price t="2008-12-05" v="232086125"/>
        <price t="2008-12-08" v="247053880"/>
        <price t="2008-12-09" v="260033690"/>
        <price t="2008-12-10" v="260632625"/>
        <price t="2008-12-11" v="241041600"/>
        <price t="2008-12-12" v="244722300"/>
        <price t="2008-12-15" v="257027750"/>
        <price t="2008-12-16" v="251759100"/>
        <price t="2008-12-17" v="254889670"/>
        <price t="2008-12-18" v="271126800"/>
        <price t="2008-12-19" v="260678000"/>
        <price t="2008-12-22" v="260191250"/>
        <price t="2008-12-23" v="251604000"/>
        <price t="2008-12-29" v="255076250"/>
        <price t="2008-12-30" v="253059100"/>
        <price t="2009-01-02" v="263107350"/>
        <price t="2009-01-05" v="264034080"/>
        <price t="2009-01-06" v="268839780"/>
        <price t="2009-01-07" v="282776000"/>
        <price t="2009-01-08" v="279148500"/>
        <price t="2009-01-09" v="283806160"/>
        <price t="2009-01-12" v="281274000"/>
        <price t="2009-01-13" v="261261400"/>
        <price t="2009-01-14" v="248179320"/>
        <price t="2009-01-15" v="242595900"/>
        <price t="2009-01-16" v="258499600"/>
        <price t="2009-01-19" v="258367200"/>
        <price t="2009-01-20" v="242831865"/>
        <price t="2009-01-21" v="244644500"/>
        <price t="2009-01-22" v="242476200"/>
        <price t="2009-01-23" v="246111825"/>
        <price t="2009-01-26" v="249408000"/>
        <price t="2009-01-27" v="247341850"/>
        <price t="2009-01-28" v="250945500"/>
        <price t="2009-01-29" v="256444604"/>
        <price t="2009-01-30" v="291756240"/>
        <price t="2009-02-02" v="298584000"/>
        <price t="2009-02-03" v="305035260"/>
        <price t="2009-02-04" v="308721530"/>
        <price t="2009-02-05" v="302193510"/>
        <price t="2009-02-06" v="325914120"/>
        <price t="2009-02-09" v="330663360"/>
        <price t="2009-02-10" v="331890365"/>
        <price t="2009-02-11" v="317369140"/>
        <price t="2009-02-12" v="316198704"/>
        <price t="2009-02-13" v="316728100"/>
        <price t="2009-02-16" v="313380750"/>
        <price t="2009-02-17" v="311238590"/>
        <price t="2009-02-18" v="314900000"/>
        <price t="2009-02-19" v="317625000"/>
        <price t="2009-02-20" v="308794275"/>
        <price t="2009-02-23" v="321485760"/>
        <price t="2009-02-24" v="315246100"/>
        <price t="2009-02-25" v="324033375"/>
        <price t="2009-02-26" v="324023700"/>
        <price t="2009-02-27" v="314898820"/>
        <price t="2009-03-02" v="321449920"/>
        <price t="2009-03-03" v="315501150"/>
        <price t="2009-03-04" v="318457575"/>
        <price t="2009-03-05" v="327057750"/>
        <price t="2009-03-06" v="316196840"/>
        <price t="2009-03-09" v="318271450"/>
        <price t="2009-03-10" v="310946475"/>
        <price t="2009-03-11" v="333267090"/>
        <price t="2009-03-12" v="342365870"/>
        <price t="2009-03-13" v="343014900"/>
        <price t="2009-03-16" v="339092000"/>
        <price t="2009-03-17" v="344063070"/>
        <price t="2009-03-18" v="355626050"/>
        <price t="2009-03-19" v="347995305"/>
        <price t="2009-03-20" v="351054590"/>
        <price t="2009-03-23" v="366066000"/>
        <price t="2009-03-24" v="370361940"/>
        <price t="2009-03-25" v="358468110"/>
        <price t="2009-03-26" v="370790750"/>
        <price t="2009-03-27" v="358832050"/>
        <price t="2009-03-30" v="352912750"/>
        <price t="2009-03-31" v="365970000"/>
        <price t="2009-04-01" v="369430940"/>
        <price t="2009-04-02" v="373368960"/>
        <price t="2009-04-03" v="378786375"/>
        <price t="2009-04-06" v="387470160"/>
        <price t="2009-04-07" v="382340475"/>
        <price t="2009-04-08" v="377083500"/>
        <price t="2009-04-09" v="396862700"/>
        <price t="2009-04-14" v="391642000"/>
        <price t="2009-04-15" v="371873790"/>
        <price t="2009-04-16" v="380440680"/>
        <price t="2009-04-17" v="383774620"/>
        <price t="2009-04-20" v="392740140"/>
        <price t="2009-04-21" v="390675720"/>
        <price t="2009-04-22" v="402917114"/>
        <price t="2009-04-23" v="406768500"/>
        <price t="2009-04-24" v="427128960"/>
        <price t="2009-04-27" v="418031250"/>
        <price t="2009-04-28" v="419641600"/>
        <price t="2009-04-29" v="413633880"/>
        <price t="2009-04-30" v="411525000"/>
        <price t="2009-05-04" v="398012300"/>
        <price t="2009-05-05" v="406110900"/>
        <price t="2009-05-06" v="415113520"/>
        <price t="2009-05-07" v="397676198"/>
        <price t="2009-05-08" v="381270000"/>
        <price t="2009-05-11" v="386451780"/>
        <price t="2009-05-12" v="389965500"/>
        <price t="2009-05-13" v="378446940"/>
        <price t="2009-05-14" v="367421670"/>
        <price t="2009-05-15" v="372157299"/>
        <price t="2009-05-18" v="366024750"/>
        <price t="2009-05-19" v="384539000"/>
        <price t="2009-05-20" v="395777900"/>
        <price t="2009-05-21" v="382489525"/>
        <price t="2009-05-22" v="380597280"/>
        <price t="2009-05-25" v="374844555"/>
        <price t="2009-05-26" v="385738380"/>
        <price t="2009-05-27" v="395761470"/>
        <price t="2009-05-28" v="379585120"/>
        <price t="2009-05-29" v="387695000"/>
        <price t="2009-06-01" v="410318100"/>
        <price t="2009-06-02" v="416390310"/>
        <price t="2009-06-03" v="424789300"/>
        <price t="2009-06-04" v="423484275"/>
        <price t="2009-06-05" v="433320005"/>
        <price t="2009-06-08" v="428528730"/>
        <price t="2009-06-09" v="431961255"/>
        <price t="2009-06-10" v="431873750"/>
        <price t="2009-06-11" v="428568920"/>
        <price t="2009-06-12" v="420120000"/>
        <price t="2009-06-15" v="410860250"/>
        <price t="2009-06-16" v="414616500"/>
        <price t="2009-06-17" v="408280000"/>
        <price t="2009-06-18" v="410640000"/>
        <price t="2009-06-19" v="415521900"/>
        <price t="2009-06-22" v="405277210"/>
        <price t="2009-06-23" v="381809070"/>
        <price t="2009-06-24" v="391829970"/>
        <price t="2009-06-25" v="406281300"/>
        <price t="2009-06-26" v="415691040"/>
        <price t="2009-06-29" v="414570420"/>
        <price t="2009-06-30" v="422818610"/>
        <price t="2009-07-01" v="416536800"/>
        <price t="2009-07-02" v="403908750"/>
        <price t="2009-07-03" v="383916645"/>
        <price t="2009-07-06" v="391200550"/>
        <price t="2009-07-07" v="386924400"/>
        <price t="2009-07-08" v="387142850"/>
        <price t="2009-07-09" v="393119000"/>
        <price t="2009-07-10" v="382277500"/>
        <price t="2009-07-13" v="399685000"/>
        <price t="2009-07-14" v="408467245"/>
        <price t="2009-07-15" v="417738850"/>
        <price t="2009-07-16" v="420367500"/>
        <price t="2009-07-17" v="430449500"/>
        <price t="2009-07-20" v="433618500"/>
        <price t="2009-07-21" v="440913000"/>
        <price t="2009-07-22" v="442049650"/>
        <price t="2009-07-23" v="466220300"/>
        <price t="2009-07-24" v="432429665"/>
        <price t="2009-07-27" v="425073510"/>
        <price t="2009-07-28" v="420395805"/>
        <price t="2009-07-29" v="421709600"/>
        <price t="2009-07-30" v="428967825"/>
        <price t="2009-07-31" v="427674500"/>
        <price t="2009-08-03" v="438959070"/>
        <price t="2009-08-04" v="434900240"/>
        <price t="2009-08-05" v="421564550"/>
        <price t="2009-08-06" v="415939650"/>
        <price t="2009-08-07" v="431284280"/>
        <price t="2009-08-10" v="426905019"/>
        <price t="2009-08-11" v="419880240"/>
        <price t="2009-08-12" v="418015000"/>
        <price t="2009-08-13" v="425216750"/>
        <price t="2009-08-14" v="424174450"/>
        <price t="2009-08-17" v="401192720"/>
        <price t="2009-08-18" v="408364960"/>
        <price t="2009-08-19" v="403956000"/>
        <price t="2009-08-20" v="415190572"/>
        <price t="2009-08-21" v="422735000"/>
        <price t="2009-08-24" v="427541550"/>
        <price t="2009-08-25" v="429720000"/>
        <price t="2009-08-26" v="420965000"/>
        <price t="2009-08-27" v="419122500"/>
        <price t="2009-08-28" v="422086140"/>
        <price t="2009-08-31" v="404611200"/>
        <price t="2009-09-01" v="404370500"/>
        <price t="2009-09-02" v="397093500"/>
        <price t="2009-09-03" v="390700425"/>
        <price t="2009-09-04" v="388996050"/>
        <price t="2009-09-07" v="394791500"/>
        <price t="2009-09-08" v="397645675"/>
        <price t="2009-09-09" v="404873360"/>
        <price t="2009-09-10" v="415259750"/>
        <price t="2009-09-11" v="423298970"/>
        <price t="2009-09-14" v="415279720"/>
        <price t="2009-09-15" v="420796800"/>
        <price t="2009-09-16" v="439543160"/>
        <price t="2009-09-17" v="446362080"/>
        <price t="2009-09-18" v="452914000"/>
        <price t="2009-09-21" v="449121120"/>
        <price t="2009-09-22" v="464092000"/>
        <price t="2009-09-23" v="466403650"/>
        <price t="2009-09-24" v="455223600"/>
        <price t="2009-09-25" v="456970500"/>
        <price t="2009-09-28" v="464038750"/>
        <price t="2009-09-29" v="453274095"/>
        <price t="2009-09-30" v="460741995"/>
        <price t="2009-10-01" v="455361480"/>
        <price t="2009-10-02" v="454644675"/>
        <price t="2009-10-05" v="452657520"/>
        <price t="2009-10-06" v="442028050"/>
        <price t="2009-10-07" v="471530460"/>
        <price t="2009-10-08" v="479797500"/>
        <price t="2009-10-09" v="477678750"/>
        <price t="2009-10-12" v="475063875"/>
        <price t="2009-10-13" v="473641360"/>
        <price t="2009-10-14" v="486534295"/>
        <price t="2009-10-15" v="474161600"/>
        <price t="2009-10-16" v="472611165"/>
        <price t="2009-10-19" v="474168630"/>
        <price t="2009-10-20" v="476826350"/>
        <price t="2009-10-21" v="478740285"/>
        <price t="2009-10-22" v="458475000"/>
        <price t="2009-10-23" v="576918200"/>
        <price t="2009-10-26" v="619683940"/>
        <price t="2009-10-27" v="609982740"/>
        <price t="2009-10-28" v="607293875"/>
        <price t="2009-10-29" v="605568600"/>
        <price t="2009-10-30" v="615680000"/>
        <price t="2009-11-02" v="593834400"/>
        <price t="2009-11-03" v="584854200"/>
        <price t="2009-11-04" v="587856825"/>
        <price t="2009-11-05" v="602113500"/>
        <price t="2009-11-06" v="629554320"/>
        <price t="2009-11-09" v="638693000"/>
        <price t="2009-11-10" v="636055000"/>
        <price t="2009-11-11" v="651102100"/>
        <price t="2009-11-12" v="658731690"/>
        <price t="2009-11-13" v="654117660"/>
        <price t="2009-11-16" v="670506825"/>
        <price t="2009-11-17" v="650781250"/>
        <price t="2009-11-18" v="651003425"/>
        <price t="2009-11-19" v="642824750"/>
        <price t="2009-11-20" v="641933950"/>
        <price t="2009-11-23" v="662034640"/>
        <price t="2009-11-24" v="669031970"/>
        <price t="2009-11-25" v="663274925"/>
        <price t="2009-11-26" v="651293265"/>
        <price t="2009-11-27" v="661314940"/>
        <price t="2009-11-30" v="669049305"/>
        <price t="2009-12-01" v="691444380"/>
        <price t="2009-12-02" v="711568950"/>
        <price t="2009-12-03" v="725994360"/>
        <price t="2009-12-04" v="706907686"/>
        <price t="2009-12-07" v="685451385"/>
        <price t="2009-12-08" v="670961210"/>
        <price t="2009-12-09" v="655034640"/>
        <price t="2009-12-10" v="652759950"/>
        <price t="2009-12-11" v="676608450"/>
        <price t="2009-12-14" v="653102406"/>
        <price t="2009-12-15" v="661615500"/>
        <price t="2009-12-16" v="649521600"/>
        <price t="2009-12-17" v="643140120"/>
        <price t="2009-12-18" v="632405070"/>
        <price t="2009-12-21" v="664879200"/>
        <price t="2009-12-22" v="677824130"/>
        <price t="2009-12-23" v="681821760"/>
        <price t="2009-12-28" v="708005750"/>
        <price t="2009-12-29" v="705052050"/>
        <price t="2009-12-30" v="691815669"/>
        <price t="2010-01-04" v="667289875"/>
        <price t="2010-01-05" v="675235710"/>
        <price t="2010-01-06" v="663902750"/>
        <price t="2010-01-07" v="650545920"/>
        <price t="2010-01-08" v="652918385"/>
        <price t="2010-01-11" v="647295040"/>
        <price t="2010-01-12" v="638250075"/>
        <price t="2010-01-13" v="638878810"/>
        <price t="2010-01-14" v="639194750"/>
        <price t="2010-01-15" v="643444923"/>
        <price t="2010-01-18" v="633385520"/>
        <price t="2010-01-19" v="628347395"/>
        <price t="2010-01-20" v="630852480"/>
        <price t="2010-01-21" v="627254400"/>
        <price t="2010-01-22" v="629007500"/>
        <price t="2010-01-25" v="594342000"/>
        <price t="2010-01-26" v="607267732"/>
        <price t="2010-01-27" v="614172440"/>
        <price t="2010-01-28" v="623655450"/>
        <price t="2010-01-29" v="645787840"/>
        <price t="2010-02-01" v="581285140"/>
        <price t="2010-02-02" v="574901250"/>
        <price t="2010-02-03" v="598235520"/>
        <price t="2010-02-04" v="587597445"/>
        <price t="2010-02-05" v="584811065"/>
        <price t="2010-02-08" v="595272750"/>
        <price t="2010-02-09" v="588377600"/>
        <price t="2010-02-10" v="592194000"/>
        <price t="2010-02-11" v="596184280"/>
        <price t="2010-02-12" v="592417800"/>
        <price t="2010-02-15" v="597551405"/>
        <price t="2010-02-16" v="589636800"/>
        <price t="2010-02-17" v="582943220"/>
        <price t="2010-02-18" v="574291110"/>
        <price t="2010-02-19" v="588752450"/>
        <price t="2010-02-22" v="591027750"/>
        <price t="2010-02-23" v="588223525"/>
        <price t="2010-02-24" v="591597490"/>
        <price t="2010-02-25" v="577598980"/>
        <price t="2010-02-26" v="586902500"/>
        <price t="2010-03-01" v="601862500"/>
        <price t="2010-03-02" v="633369000"/>
        <price t="2010-03-03" v="626394720"/>
        <price t="2010-03-04" v="641370900"/>
        <price t="2010-03-05" v="639848020"/>
        <price t="2010-03-08" v="645871050"/>
        <price t="2010-03-09" v="649041375"/>
        <price t="2010-03-10" v="651374600"/>
        <price t="2010-03-11" v="662159645"/>
        <price t="2010-03-12" v="660169400"/>
        <price t="2010-03-15" v="650850450"/>
        <price t="2010-03-16" v="659801840"/>
        <price t="2010-03-17" v="663727000"/>
        <price t="2010-03-18" v="662988100"/>
        <price t="2010-03-19" v="655181280"/>
        <price t="2010-03-22" v="645126190"/>
        <price t="2010-03-23" v="644180350"/>
        <price t="2010-03-24" v="637823160"/>
        <price t="2010-03-25" v="679486500"/>
        <price t="2010-03-26" v="674660325"/>
        <price t="2010-03-29" v="674897100"/>
        <price t="2010-03-30" v="690278400"/>
        <price t="2010-03-31" v="675297900"/>
        <price t="2010-04-01" v="666329300"/>
        <price t="2010-04-06" v="678172500"/>
        <price t="2010-04-07" v="678672500"/>
        <price t="2010-04-08" v="693386400"/>
        <price t="2010-04-09" v="695298800"/>
        <price t="2010-04-12" v="710495500"/>
        <price t="2010-04-13" v="701901525"/>
        <price t="2010-04-14" v="717850875"/>
        <price t="2010-04-15" v="726974200"/>
        <price t="2010-04-16" v="724122500"/>
        <price t="2010-04-19" v="702829400"/>
        <price t="2010-04-20" v="715769450"/>
        <price t="2010-04-21" v="723479300"/>
        <price t="2010-04-22" v="737313225"/>
        <price t="2010-04-23" v="713136825"/>
        <price t="2010-04-26" v="731655925"/>
        <price t="2010-04-27" v="716663250"/>
        <price t="2010-04-28" v="705627375"/>
        <price t="2010-04-29" v="703237428"/>
        <price t="2010-04-30" v="692712875"/>
        <price t="2010-05-03" v="686065969"/>
        <price t="2010-05-04" v="664593975"/>
        <price t="2010-05-05" v="655893000"/>
        <price t="2010-05-06" v="651297862"/>
        <price t="2010-05-07" v="641123800"/>
        <price t="2010-05-10" v="663364350"/>
        <price t="2010-05-11" v="652042300"/>
        <price t="2010-05-12" v="650157500"/>
        <price t="2010-05-13" v="678439300"/>
        <price t="2010-05-14" v="653019300"/>
        <price t="2010-05-17" v="641530550"/>
        <price t="2010-05-18" v="647809500"/>
        <price t="2010-05-19" v="626383500"/>
        <price t="2010-05-20" v="613616500"/>
        <price t="2010-05-21" v="612790395"/>
        <price t="2010-05-24" v="614910000"/>
        <price t="2010-05-25" v="607849790"/>
        <price t="2010-05-26" v="625604925"/>
        <price t="2010-05-27" v="621022125"/>
        <price t="2010-05-28" v="638079408"/>
        <price t="2010-05-31" v="627657000"/>
        <price t="2010-06-01" v="618993375"/>
        <price t="2010-06-02" v="613038150"/>
        <price t="2010-06-03" v="634255600"/>
        <price t="2010-06-04" v="640084500"/>
        <price t="2010-06-07" v="620971075"/>
        <price t="2010-06-08" v="589039150"/>
        <price t="2010-06-09" v="601701000"/>
        <price t="2010-06-10" v="605863500"/>
        <price t="2010-06-11" v="612110325"/>
        <price t="2010-06-14" v="622861650"/>
        <price t="2010-06-15" v="622706400"/>
        <price t="2010-06-16" v="633186275"/>
        <price t="2010-06-17" v="628040400"/>
        <price t="2010-06-18" v="635611500"/>
        <price t="2010-06-21" v="631011675"/>
        <price t="2010-06-22" v="619948350"/>
        <price t="2010-06-23" v="607414500"/>
        <price t="2010-06-24" v="585817050"/>
        <price t="2010-06-25" v="601975710"/>
        <price t="2010-06-28" v="597824550"/>
        <price t="2010-06-29" v="559339290"/>
        <price t="2010-06-30" v="559066760"/>
        <price t="2010-07-01" v="540151320"/>
        <price t="2010-07-02" v="544583200"/>
        <price t="2010-07-05" v="543845400"/>
        <price t="2010-07-06" v="560394450"/>
        <price t="2010-07-07" v="553890525"/>
        <price t="2010-07-08" v="578372100"/>
        <price t="2010-07-09" v="579911930"/>
        <price t="2010-07-12" v="588369600"/>
        <price t="2010-07-13" v="608025375"/>
        <price t="2010-07-14" v="614507625"/>
        <price t="2010-07-15" v="599965560"/>
        <price t="2010-07-16" v="602160000"/>
        <price t="2010-07-19" v="589090005"/>
        <price t="2010-07-20" v="588897400"/>
        <price t="2010-07-21" v="593427100"/>
        <price t="2010-07-22" v="591093575"/>
        <price t="2010-07-23" v="562309200"/>
        <price t="2010-07-26" v="580925175"/>
        <price t="2010-07-27" v="578991025"/>
        <price t="2010-07-28" v="583990400"/>
        <price t="2010-07-29" v="581243775"/>
        <price t="2010-07-30" v="582677300"/>
        <price t="2010-08-02" v="588285000"/>
        <price t="2010-08-03" v="611471250"/>
        <price t="2010-08-04" v="630593103"/>
        <price t="2010-08-05" v="630854400"/>
        <price t="2010-08-06" v="624871800"/>
        <price t="2010-08-09" v="644095800"/>
        <price t="2010-08-10" v="642866916"/>
        <price t="2010-08-11" v="633944280"/>
        <price t="2010-08-12" v="627029750"/>
        <price t="2010-08-13" v="623311300"/>
        <price t="2010-08-16" v="631385000"/>
        <price t="2010-08-17" v="634641000"/>
        <price t="2010-08-18" v="646254000"/>
        <price t="2010-08-19" v="635061100"/>
        <price t="2010-08-20" v="633834015"/>
        <price t="2010-08-23" v="635200000"/>
        <price t="2010-08-24" v="618254275"/>
        <price t="2010-08-25" v="625667865"/>
        <price t="2010-08-26" v="631794075"/>
        <price t="2010-08-27" v="624526125"/>
        <price t="2010-08-30" v="626427500"/>
        <price t="2010-08-31" v="621637000"/>
        <price t="2010-09-01" v="653113600"/>
        <price t="2010-09-02" v="671022300"/>
        <price t="2010-09-03" v="686619000"/>
        <price t="2010-09-06" v="695189563"/>
        <price t="2010-09-07" v="690087600"/>
        <price t="2010-09-08" v="687859975"/>
        <price t="2010-09-09" v="699325000"/>
        <price t="2010-09-10" v="709100625"/>
        <price t="2010-09-13" v="724536600"/>
        <price t="2010-09-14" v="720563750"/>
        <price t="2010-09-15" v="717635756"/>
        <price t="2010-09-16" v="733675800"/>
        <price t="2010-09-17" v="736257500"/>
        <price t="2010-09-20" v="751755000"/>
        <price t="2010-09-21" v="760960000"/>
        <price t="2010-09-22" v="752059100"/>
        <price t="2010-09-23" v="776397825"/>
        <price t="2010-09-24" v="790965994"/>
        <price t="2010-09-27" v="799866688"/>
        <price t="2010-09-28" v="788756000"/>
        <price t="2010-09-29" v="803389275"/>
        <price t="2010-09-30" v="785783600"/>
        <price t="2010-10-01" v="762479300"/>
        <price t="2010-10-04" v="773647250"/>
        <price t="2010-10-05" v="790283000"/>
        <price t="2010-10-06" v="792209872"/>
        <price t="2010-10-07" v="782320000"/>
        <price t="2010-10-08" v="762723150"/>
        <price t="2010-10-11" v="776932000"/>
        <price t="2010-10-12" v="771535575"/>
        <price t="2010-10-13" v="775359921"/>
        <price t="2010-10-14" v="778375200"/>
        <price t="2010-10-15" v="798148894"/>
        <price t="2010-10-18" v="823338000"/>
        <price t="2010-10-19" v="807979700"/>
        <price t="2010-10-20" v="781767330"/>
        <price t="2010-10-21" v="829396800"/>
        <price t="2010-10-22" v="839523500"/>
        <price t="2010-10-25" v="850271584"/>
        <price t="2010-10-26" v="848979800"/>
        <price t="2010-10-27" v="837842100"/>
        <price t="2010-10-28" v="827262900"/>
        <price t="2010-10-29" v="836269950"/>
        <price t="2010-11-01" v="816063600"/>
        <price t="2010-11-02" v="817950300"/>
        <price t="2010-11-03" v="813162350"/>
        <price t="2010-11-04" v="853571700"/>
        <price t="2010-11-05" v="856307200"/>
        <price t="2010-11-08" v="859374750"/>
        <price t="2010-11-09" v="864241375"/>
        <price t="2010-11-10" v="860625000"/>
        <price t="2010-11-11" v="851112500"/>
        <price t="2010-11-12" v="845625925"/>
        <price t="2010-11-15" v="806318550"/>
        <price t="2010-11-16" v="792899000"/>
        <price t="2010-11-17" v="796053050"/>
        <price t="2010-11-18" v="823255275"/>
        <price t="2010-11-19" v="820440000"/>
        <price t="2010-11-22" v="844749300"/>
        <price t="2010-11-23" v="832028400"/>
        <price t="2010-11-24" v="880380670"/>
        <price t="2010-11-25" v="895830590"/>
        <price t="2010-11-26" v="885413750"/>
        <price t="2010-11-29" v="902801550"/>
        <price t="2010-11-30" v="881589350"/>
        <price t="2010-12-01" v="897393875"/>
        <price t="2010-12-02" v="876451875"/>
        <price t="2010-12-03" v="868937600"/>
        <price t="2010-12-06" v="877144000"/>
        <price t="2010-12-07" v="900666200"/>
        <price t="2010-12-08" v="880770000"/>
        <price t="2010-12-09" v="877409600"/>
        <price t="2010-12-10" v="876752800"/>
        <price t="2010-12-13" v="880265450"/>
        <price t="2010-12-14" v="875290250"/>
        <price t="2010-12-15" v="890778000"/>
        <price t="2010-12-16" v="892903100"/>
        <price t="2010-12-17" v="897363870"/>
        <price t="2010-12-20" v="899254800"/>
        <price t="2010-12-21" v="916903500"/>
        <price t="2010-12-22" v="923084800"/>
        <price t="2010-12-23" v="910560800"/>
        <price t="2010-12-27" v="903756800"/>
        <price t="2010-12-28" v="910784875"/>
        <price t="2010-12-29" v="907040800"/>
        <price t="2010-12-30" v="908352000"/>
        <price t="2011-01-03" v="926017500"/>
        <price t="2011-01-04" v="930746350"/>
        <price t="2011-01-05" v="935480400"/>
        <price t="2011-01-06" v="936006500"/>
        <price t="2011-01-07" v="925091375"/>
        <price t="2011-01-10" v="912242100"/>
        <price t="2011-01-11" v="919955400"/>
        <price t="2011-01-12" v="913947850"/>
        <price t="2011-01-13" v="919310350"/>
        <price t="2011-01-14" v="938100975"/>
        <price t="2011-01-17" v="945081000"/>
        <price t="2011-01-18" v="950343825"/>
        <price t="2011-01-19" v="938667000"/>
        <price t="2011-01-20" v="913738400"/>
        <price t="2011-01-21" v="900160575"/>
        <price t="2011-01-24" v="873972400"/>
        <price t="2011-01-25" v="873543000"/>
        <price t="2011-01-26" v="875241975"/>
        <price t="2011-01-27" v="895654800"/>
        <price t="2011-01-28" v="853790250"/>
        <price t="2011-01-31" v="848219400"/>
        <price t="2011-02-01" v="858999750"/>
        <price t="2011-02-02" v="864757950"/>
        <price t="2011-02-03" v="869371250"/>
        <price t="2011-02-04" v="882607250"/>
        <price t="2011-02-07" v="880267350"/>
        <price t="2011-02-08" v="890024625"/>
        <price t="2011-02-09" v="918443100"/>
        <price t="2011-02-10" v="930853700"/>
        <price t="2011-02-11" v="932479800"/>
        <price t="2011-02-14" v="949872000"/>
        <price t="2011-02-15" v="949077500"/>
        <price t="2011-02-16" v="935229750"/>
        <price t="2011-02-17" v="936318000"/>
        <price t="2011-02-18" v="939581650"/>
        <price t="2011-02-21" v="926007000"/>
        <price t="2011-02-22" v="915005650"/>
        <price t="2011-02-23" v="881530200"/>
        <price t="2011-02-24" v="888358500"/>
        <price t="2011-02-25" v="894530000"/>
        <price t="2011-02-28" v="869121050"/>
        <price t="2011-03-01" v="855076250"/>
        <price t="2011-03-02" v="858229350"/>
        <price t="2011-03-03" v="863201250"/>
        <price t="2011-03-04" v="855913025"/>
        <price t="2011-03-07" v="845888400"/>
        <price t="2011-03-08" v="843956050"/>
        <price t="2011-03-09" v="837421000"/>
        <price t="2011-03-10" v="837310200"/>
        <price t="2011-03-11" v="832233525"/>
        <price t="2011-03-14" v="821885900"/>
        <price t="2011-03-15" v="826098000"/>
        <price t="2011-03-16" v="827643075"/>
        <price t="2011-03-17" v="822735000"/>
        <price t="2011-03-18" v="805410000"/>
        <price t="2011-03-21" v="822542300"/>
        <price t="2011-03-22" v="815711400"/>
        <price t="2011-03-23" v="814587000"/>
        <price t="2011-03-24" v="848739600"/>
        <price t="2011-03-25" v="863132250"/>
        <price t="2011-03-28" v="846831200"/>
        <price t="2011-03-29" v="867872200"/>
        <price t="2011-03-30" v="894362750"/>
        <price t="2011-03-31" v="903565200"/>
        <price t="2011-04-01" v="912801550"/>
        <price t="2011-04-04" v="908156000"/>
        <price t="2011-04-05" v="922914900"/>
        <price t="2011-04-06" v="917345000"/>
        <price t="2011-04-07" v="915540300"/>
        <price t="2011-04-08" v="925984300"/>
        <price t="2011-04-11" v="923054300"/>
        <price t="2011-04-12" v="916312750"/>
        <price t="2011-04-13" v="912334350"/>
        <price t="2011-04-14" v="895382175"/>
        <price t="2011-04-15" v="906015000"/>
        <price t="2011-04-18" v="886834375"/>
        <price t="2011-04-19" v="882433400"/>
        <price t="2011-04-20" v="921339625"/>
        <price t="2011-04-21" v="922073400"/>
        <price t="2011-04-26" v="923063550"/>
        <price t="2011-04-27" v="951953200"/>
        <price t="2011-04-28" v="981212050"/>
        <price t="2011-04-29" v="980760000"/>
        <price t="2011-05-02" v="992224375"/>
        <price t="2011-05-03" v="992107500"/>
        <price t="2011-05-04" v="982956100"/>
        <price t="2011-05-05" v="1012166550"/>
        <price t="2011-05-06" v="995131125"/>
        <price t="2011-05-09" v="1011389250"/>
        <price t="2011-05-10" v="1013674800"/>
        <price t="2011-05-11" v="1027243350"/>
        <price t="2011-05-12" v="1014416275"/>
        <price t="2011-05-13" v="1026375000"/>
        <price t="2011-05-16" v="983292075"/>
        <price t="2011-05-17" v="968942125"/>
        <price t="2011-05-18" v="976327875"/>
        <price t="2011-05-19" v="992844000"/>
        <price t="2011-05-20" v="993386675"/>
        <price t="2011-05-23" v="974039500"/>
        <price t="2011-05-24" v="975311025"/>
        <price t="2011-05-25" v="956692000"/>
        <price t="2011-05-26" v="972279000"/>
        <price t="2011-05-27" v="976439250"/>
        <price t="2011-05-30" v="964073600"/>
        <price t="2011-05-31" v="979618500"/>
        <price t="2011-06-01" v="976142000"/>
        <price t="2011-06-02" v="969543000"/>
        <price t="2011-06-03" v="956570200"/>
        <price t="2011-06-06" v="937063200"/>
        <price t="2011-06-07" v="947251800"/>
        <price t="2011-06-08" v="942216000"/>
        <price t="2011-06-09" v="952467450"/>
        <price t="2011-06-10" v="957162450"/>
        <price t="2011-06-13" v="934086550"/>
        <price t="2011-06-14" v="944899200"/>
        <price t="2011-06-15" v="953633700"/>
        <price t="2011-06-16" v="923116200"/>
        <price t="2011-06-17" v="926836500"/>
        <price t="2011-06-20" v="931680750"/>
        <price t="2011-06-21" v="966943575"/>
        <price t="2011-06-22" v="964239075"/>
        <price t="2011-06-23" v="953269900"/>
        <price t="2011-06-24" v="971581500"/>
        <price t="2011-06-27" v="992574375"/>
        <price t="2011-06-28" v="999339575"/>
        <price t="2011-06-29" v="1028141875"/>
        <price t="2011-06-30" v="1009180725"/>
        <price t="2011-07-01" v="1031907800"/>
        <price t="2011-07-04" v="1044000000"/>
        <price t="2011-07-05" v="1059991300"/>
        <price t="2011-07-06" v="1064901250"/>
        <price t="2011-07-07" v="1081347300"/>
        <price t="2011-07-08" v="1075271000"/>
        <price t="2011-07-11" v="1063336400"/>
        <price t="2011-07-12" v="1066641875"/>
        <price t="2011-07-13" v="1072714425"/>
        <price t="2011-07-14" v="1067280300"/>
        <price t="2011-07-15" v="1052816050"/>
        <price t="2011-07-18" v="1049512625"/>
        <price t="2011-07-19" v="1083594000"/>
        <price t="2011-07-20" v="1082928575"/>
        <price t="2011-07-21" v="1058472350"/>
        <price t="2011-07-22" v="1064581421"/>
        <price t="2011-07-25" v="1070950500"/>
        <price t="2011-07-26" v="1060362525"/>
        <price t="2011-07-27" v="1127510300"/>
        <price t="2011-07-28" v="1119410000"/>
        <price t="2011-07-29" v="1113349500"/>
        <price t="2011-08-01" v="1127253000"/>
        <price t="2011-08-02" v="1107385500"/>
        <price t="2011-08-03" v="1051050000"/>
        <price t="2011-08-04" v="1032669675"/>
        <price t="2011-08-05" v="1001466250"/>
        <price t="2011-08-08" v="990771250"/>
        <price t="2011-08-09" v="995836600"/>
        <price t="2011-08-10" v="1011077625"/>
        <price t="2011-08-11" v="978695600"/>
        <price t="2011-08-12" v="1009968750"/>
        <price t="2011-08-15" v="984459200"/>
        <price t="2011-08-16" v="990840000"/>
        <price t="2011-08-17" v="994569900"/>
        <price t="2011-08-18" v="941887950"/>
        <price t="2011-08-19" v="931069125"/>
        <price t="2011-08-22" v="896128275"/>
        <price t="2011-08-23" v="925929550"/>
        <price t="2011-08-24" v="967732650"/>
        <price t="2011-08-25" v="968932200"/>
        <price t="2011-08-26" v="978975950"/>
        <price t="2011-08-29" v="1022420025"/>
        <price t="2011-08-30" v="1034783700"/>
        <price t="2011-08-31" v="1077977225"/>
        <price t="2011-09-01" v="1083517250"/>
        <price t="2011-09-02" v="1051662625"/>
        <price t="2011-09-05" v="1025194450"/>
        <price t="2011-09-06" v="1054252725"/>
        <price t="2011-09-07" v="1083228300"/>
        <price t="2011-09-08" v="1101400700"/>
        <price t="2011-09-09" v="1091543000"/>
        <price t="2011-09-12" v="1076092800"/>
        <price t="2011-09-13" v="1080684000"/>
        <price t="2011-09-14" v="1106900625"/>
        <price t="2011-09-15" v="1110842375"/>
        <price t="2011-09-16" v="1155840000"/>
        <price t="2011-09-19" v="1189836225"/>
        <price t="2011-09-20" v="1187971500"/>
        <price t="2011-09-21" v="1175423200"/>
        <price t="2011-09-22" v="1128952876"/>
        <price t="2011-09-23" v="1108653215"/>
        <price t="2011-09-26" v="1130287500"/>
        <price t="2011-09-27" v="1131470175"/>
        <price t="2011-09-28" v="1158635000"/>
        <price t="2011-09-29" v="1124599000"/>
        <price t="2011-09-30" v="1115010225"/>
        <price t="2011-10-03" v="1090481775"/>
        <price t="2011-10-04" v="1028447525"/>
        <price t="2011-10-05" v="1064626025"/>
        <price t="2011-10-06" v="1084077300"/>
        <price t="2011-10-07" v="1094871000"/>
        <price t="2011-10-10" v="1149967800"/>
        <price t="2011-10-11" v="1173603750"/>
        <price t="2011-10-12" v="1196609550"/>
        <price t="2011-10-13" v="1189101375"/>
        <price t="2011-10-14" v="1202934875"/>
        <price t="2011-10-17" v="1220202312"/>
        <price t="2011-10-18" v="1192547200"/>
        <price t="2011-10-19" v="1189553700"/>
        <price t="2011-10-20" v="1166346325"/>
        <price t="2011-10-21" v="1170415350"/>
        <price t="2011-10-24" v="1188152000"/>
        <price t="2011-10-25" v="1155541950"/>
        <price t="2011-10-26" v="1011796550"/>
        <price t="2011-10-27" v="1004418900"/>
        <price t="2011-10-28" v="1068718920"/>
        <price t="2011-10-31" v="1074576750"/>
        <price t="2011-11-01" v="1046553600"/>
        <price t="2011-11-02" v="1074340200"/>
        <price t="2011-11-03" v="1078770225"/>
        <price t="2011-11-04" v="1076704275"/>
        <price t="2011-11-07" v="1073593750"/>
        <price t="2011-11-08" v="1079262594"/>
        <price t="2011-11-09" v="1074621225"/>
        <price t="2011-11-10" v="1058303600"/>
        <price t="2011-11-11" v="1072207500"/>
        <price t="2011-11-14" v="1095793275"/>
        <price t="2011-11-15" v="1080191900"/>
        <price t="2011-11-16" v="1076697400"/>
        <price t="2011-11-17" v="1029872000"/>
        <price t="2011-11-18" v="1010733200"/>
        <price t="2011-11-21" v="929611350"/>
        <price t="2011-11-22" v="928162625"/>
        <price t="2011-11-23" v="952819725"/>
        <price t="2011-11-24" v="935441350"/>
        <price t="2011-11-25" v="923384200"/>
        <price t="2011-11-28" v="963391900"/>
        <price t="2011-11-29" v="947856200"/>
        <price t="2011-11-30" v="955026150"/>
        <price t="2011-12-01" v="984916000"/>
        <price t="2011-12-02" v="1000489550"/>
        <price t="2011-12-05" v="982610200"/>
        <price t="2011-12-06" v="965037700"/>
        <price t="2011-12-07" v="975852150"/>
        <price t="2011-12-08" v="973230750"/>
        <price t="2011-12-09" v="961975000"/>
        <price t="2011-12-12" v="951090525"/>
        <price t="2011-12-13" v="916079500"/>
        <price t="2011-12-14" v="855264225"/>
        <price t="2011-12-15" v="905796925"/>
        <price t="2011-12-16" v="918399200"/>
        <price t="2011-12-19" v="908166350"/>
        <price t="2011-12-20" v="906028200"/>
        <price t="2011-12-21" v="885061200"/>
        <price t="2011-12-22" v="894371850"/>
        <price t="2011-12-23" v="887876000"/>
        <price t="2011-12-27" v="885424750"/>
        <price t="2011-12-28" v="878245950"/>
        <price t="2011-12-29" v="855829600"/>
        <price t="2011-12-30" v="873382500"/>
        <price t="2012-01-02" v="879580000"/>
        <price t="2012-01-03" v="880071750"/>
        <price t="2012-01-04" v="889527600"/>
        <price t="2012-01-05" v="882841600"/>
        <price t="2012-01-06" v="922746600"/>
        <price t="2012-01-09" v="886823400"/>
        <price t="2012-01-10" v="895919600"/>
        <price t="2012-01-11" v="899798500"/>
        <price t="2012-01-12" v="880694400"/>
        <price t="2012-01-13" v="887265225"/>
        <price t="2012-01-16" v="893481225"/>
        <price t="2012-01-17" v="911607250"/>
        <price t="2012-01-18" v="933776025"/>
        <price t="2012-01-19" v="971875525"/>
        <price t="2012-01-20" v="948942100"/>
        <price t="2012-01-23" v="933969750"/>
        <price t="2012-01-24" v="934265550"/>
        <price t="2012-01-25" v="925353000"/>
        <price t="2012-01-26" v="965171625"/>
        <price t="2012-01-27" v="971744125"/>
        <price t="2012-01-30" v="958668750"/>
        <price t="2012-01-31" v="958883400"/>
        <price t="2012-02-01" v="883383750"/>
        <price t="2012-02-02" v="884499700"/>
        <price t="2012-02-03" v="924161000"/>
        <price t="2012-02-06" v="914244200"/>
        <price t="2012-02-07" v="912009150"/>
        <price t="2012-02-08" v="918228950"/>
        <price t="2012-02-09" v="913550000"/>
        <price t="2012-02-10" v="932792025"/>
        <price t="2012-02-13" v="953956650"/>
        <price t="2012-02-14" v="952777150"/>
        <price t="2012-02-15" v="953424900"/>
        <price t="2012-02-16" v="876285000"/>
        <price t="2012-02-17" v="905668175"/>
        <price t="2012-02-20" v="918670500"/>
        <price t="2012-02-21" v="908681950"/>
        <price t="2012-02-22" v="903278250"/>
        <price t="2012-02-23" v="899080000"/>
        <price t="2012-02-24" v="896927500"/>
        <price t="2012-02-27" v="888293800"/>
        <price t="2012-02-28" v="911172150"/>
        <price t="2012-02-29" v="907066425"/>
        <price t="2012-03-01" v="893900800"/>
        <price t="2012-03-02" v="904373225"/>
        <price t="2012-03-05" v="897638000"/>
        <price t="2012-03-06" v="902624625"/>
        <price t="2012-03-07" v="915448000"/>
        <price t="2012-03-08" v="929257350"/>
        <price t="2012-03-09" v="928646400"/>
        <price t="2012-03-12" v="913738350"/>
        <price t="2012-03-13" v="913990000"/>
        <price t="2012-03-14" v="912054150"/>
        <price t="2012-03-15" v="912357875"/>
        <price t="2012-03-16" v="912873600"/>
        <price t="2012-03-19" v="917212500"/>
        <price t="2012-03-20" v="933758500"/>
        <price t="2012-03-21" v="967739375"/>
        <price t="2012-03-22" v="961520175"/>
        <price t="2012-03-23" v="972955950"/>
        <price t="2012-03-26" v="982424000"/>
        <price t="2012-03-27" v="1036974075"/>
        <price t="2012-03-28" v="1015279125"/>
        <price t="2012-03-29" v="1028248200"/>
        <price t="2012-03-30" v="1020398400"/>
        <price t="2012-04-02" v="1010905441"/>
        <price t="2012-04-03" v="1002952375"/>
        <price t="2012-04-04" v="970536700"/>
        <price t="2012-04-05" v="975199500"/>
        <price t="2012-04-10" v="955027050"/>
        <price t="2012-04-11" v="955280250"/>
        <price t="2012-04-12" v="952606025"/>
        <price t="2012-04-13" v="938109800"/>
        <price t="2012-04-16" v="924378400"/>
        <price t="2012-04-17" v="945504000"/>
        <price t="2012-04-18" v="953497725"/>
        <price t="2012-04-19" v="967055400"/>
        <price t="2012-04-20" v="958398800"/>
        <price t="2012-04-23" v="937881675"/>
        <price t="2012-04-24" v="946933950"/>
        <price t="2012-04-25" v="968990250"/>
        <price t="2012-04-26" v="967338000"/>
        <price t="2012-04-27" v="1124465000"/>
        <price t="2012-04-30" v="1146975200"/>
        <price t="2012-05-02" v="1151916975"/>
        <price t="2012-05-03" v="1154824000"/>
        <price t="2012-05-04" v="1141170800"/>
        <price t="2012-05-07" v="1120838000"/>
        <price t="2012-05-08" v="1096705000"/>
        <price t="2012-05-09" v="1112405000"/>
        <price t="2012-05-10" v="1118210275"/>
        <price t="2012-05-11" v="1136806800"/>
        <price t="2012-05-14" v="1130979275"/>
        <price t="2012-05-15" v="1152338175"/>
        <price t="2012-05-16" v="1132089750"/>
        <price t="2012-05-17" v="1106504500"/>
        <price t="2012-05-18" v="1094006000"/>
        <price t="2012-05-21" v="1077375000"/>
        <price t="2012-05-22" v="1085280000"/>
        <price t="2012-05-23" v="1076647950"/>
        <price t="2012-05-24" v="1071426025"/>
        <price t="2012-05-25" v="1072683000"/>
        <price t="2012-05-28" v="1072822250"/>
        <price t="2012-05-29" v="1075412625"/>
        <price t="2012-05-30" v="1056601881"/>
        <price t="2012-05-31" v="1044332600"/>
        <price t="2012-06-01" v="1038128500"/>
        <price t="2012-06-04" v="1048750025"/>
        <price t="2012-06-05" v="1058950800"/>
        <price t="2012-06-06" v="1087755625"/>
        <price t="2012-06-07" v="1094190625"/>
        <price t="2012-06-08" v="1101859500"/>
        <price t="2012-06-11" v="1083801600"/>
        <price t="2012-06-12" v="1086804000"/>
        <price t="2012-06-13" v="1071970350"/>
        <price t="2012-06-14" v="1077817125"/>
        <price t="2012-06-15" v="1072234500"/>
        <price t="2012-06-18" v="1113538500"/>
        <price t="2012-06-19" v="1103847025"/>
        <price t="2012-06-20" v="1118269600"/>
        <price t="2012-06-21" v="1126363000"/>
        <price t="2012-06-22" v="1099043350"/>
        <price t="2012-06-25" v="1092700000"/>
        <price t="2012-06-26" v="1113705625"/>
        <price t="2012-06-27" v="1136745800"/>
        <price t="2012-06-28" v="1108616950"/>
        <price t="2012-06-29" v="1137191750"/>
        <price t="2012-07-02" v="1139351675"/>
        <price t="2012-07-03" v="1138037500"/>
        <price t="2012-07-04" v="1161800000"/>
        <price t="2012-07-05" v="1151890200"/>
        <price t="2012-07-06" v="1144872500"/>
        <price t="2012-07-09" v="1124809500"/>
        <price t="2012-07-10" v="1117627875"/>
        <price t="2012-07-11" v="1092059500"/>
        <price t="2012-07-12" v="1063748300"/>
        <price t="2012-07-13" v="1073498500"/>
        <price t="2012-07-16" v="1091972475"/>
        <price t="2012-07-17" v="1079199016"/>
        <price t="2012-07-18" v="1080873900"/>
        <price t="2012-07-19" v="1127332250"/>
        <price t="2012-07-20" v="1148630000"/>
        <price t="2012-07-23" v="1111844250"/>
        <price t="2012-07-24" v="1111583550"/>
        <price t="2012-07-25" v="1088723150"/>
        <price t="2012-07-26" v="1079186500"/>
        <price t="2012-07-27" v="1162108950"/>
        <price t="2012-07-30" v="1191229650"/>
        <price t="2012-07-31" v="1171893600"/>
        <price t="2012-08-01" v="1164005700"/>
        <price t="2012-08-02" v="1159289400"/>
        <price t="2012-08-03" v="1169703625"/>
        <price t="2012-08-06" v="1170434450"/>
        <price t="2012-08-07" v="1200074000"/>
        <price t="2012-08-08" v="1176237600"/>
        <price t="2012-08-09" v="1170132625"/>
        <price t="2012-08-10" v="1166422750"/>
        <price t="2012-08-13" v="1157398200"/>
        <price t="2012-08-14" v="1174984000"/>
        <price t="2012-08-15" v="1176961500"/>
        <price t="2012-08-16" v="1189528125"/>
        <price t="2012-08-17" v="1207792300"/>
        <price t="2012-08-20" v="1190640000"/>
        <price t="2012-08-21" v="1197748500"/>
        <price t="2012-08-22" v="1196252800"/>
        <price t="2012-08-23" v="1210012800"/>
        <price t="2012-08-24" v="1227249375"/>
        <price t="2012-08-27" v="1222608485"/>
        <price t="2012-08-28" v="1217156000"/>
        <price t="2012-08-29" v="1225960125"/>
        <price t="2012-08-30" v="1237152000"/>
        <price t="2012-08-31" v="1243759875"/>
        <price t="2012-09-03" v="1249567116"/>
        <price t="2012-09-04" v="1229597250"/>
        <price t="2012-09-05" v="1233587350"/>
        <price t="2012-09-06" v="1257481000"/>
        <price t="2012-09-07" v="1286476147"/>
        <price t="2012-09-10" v="1303152000"/>
        <price t="2012-09-11" v="1267511375"/>
        <price t="2012-09-12" v="1267676800"/>
        <price t="2012-09-13" v="1276476250"/>
        <price t="2012-09-17" v="1294205400"/>
        <price t="2012-09-18" v="1305073650"/>
        <price t="2012-09-19" v="1300200000"/>
        <price t="2012-09-20" v="1308354000"/>
        <price t="2012-09-21" v="1299774100"/>
        <price t="2012-09-24" v="1275455000"/>
        <price t="2012-09-25" v="1283177700"/>
        <price t="2012-09-26" v="1248534000"/>
        <price t="2012-09-27" v="1270341950"/>
        <price t="2012-09-28" v="1277484000"/>
        <price t="2012-10-01" v="1264521400"/>
        <price t="2012-10-02" v="1253563500"/>
        <price t="2012-10-03" v="1265237200"/>
        <price t="2012-10-04" v="1286358075"/>
        <price t="2012-10-05" v="1296624450"/>
        <price t="2012-10-08" v="1280250400"/>
        <price t="2012-10-09" v="1272956075"/>
        <price t="2012-10-10" v="1250555225"/>
        <price t="2012-10-11" v="1223011650"/>
        <price t="2012-10-12" v="1216910250"/>
        <price t="2012-10-15" v="1210518575"/>
        <price t="2012-10-16" v="1223708277"/>
        <price t="2012-10-17" v="1229672000"/>
        <price t="2012-10-18" v="1242930500"/>
        <price t="2012-10-19" v="1213551983"/>
        <price t="2012-10-22" v="1173057400"/>
        <price t="2012-10-23" v="1169474625"/>
        <price t="2012-10-24" v="1146014100"/>
        <price t="2012-10-25" v="1141110225"/>
        <price t="2012-10-26" v="1148166600"/>
        <price t="2012-10-29" v="1185003750"/>
        <price t="2012-10-30" v="1192504000"/>
        <price t="2012-10-31" v="1163847975"/>
        <price t="2012-11-01" v="1165155000"/>
        <price t="2012-11-02" v="1172241250"/>
        <price t="2012-11-05" v="1165901250"/>
        <price t="2012-11-06" v="1179520000"/>
        <price t="2012-11-07" v="1149689200"/>
        <price t="2012-11-08" v="1151652800"/>
        <price t="2012-11-09" v="1141184253"/>
        <price t="2012-11-12" v="1139145750"/>
        <price t="2012-11-13" v="1130896200"/>
        <price t="2012-11-14" v="1126887300"/>
        <price t="2012-11-15" v="1116150000"/>
        <price t="2012-11-16" v="1110408125"/>
        <price t="2012-11-19" v="1152727650"/>
        <price t="2012-11-20" v="1165932821"/>
        <price t="2012-11-21" v="1174858750"/>
        <price t="2012-11-22" v="1199049000"/>
        <price t="2012-11-23" v="1188273450"/>
        <price t="2012-11-26" v="1205652000"/>
        <price t="2012-11-27" v="1228054750"/>
        <price t="2012-11-28" v="1221422250"/>
        <price t="2012-11-29" v="1254245850"/>
        <price t="2012-11-30" v="1242110900"/>
        <price t="2012-12-03" v="1260000500"/>
        <price t="2012-12-04" v="1254213600"/>
        <price t="2012-12-05" v="1262079000"/>
        <price t="2012-12-06" v="1284650800"/>
        <price t="2012-12-07" v="1272433000"/>
        <price t="2012-12-10" v="1258089000"/>
        <price t="2012-12-11" v="1265843025"/>
        <price t="2012-12-12" v="1259990000"/>
        <price t="2012-12-13" v="1265520137"/>
        <price t="2012-12-14" v="1240405825"/>
        <price t="2012-12-17" v="1260070000"/>
        <price t="2012-12-18" v="1300998050"/>
        <price t="2012-12-19" v="1303928550"/>
        <price t="2012-12-20" v="1298439150"/>
        <price t="2012-12-21" v="1285572530"/>
        <price t="2012-12-27" v="1236391200"/>
        <price t="2012-12-28" v="1245793500"/>
        <price t="2013-01-02" v="1278456800"/>
        <price t="2013-01-03" v="1294150050"/>
        <price t="2013-01-04" v="1290465100"/>
        <price t="2013-01-07" v="1333237750"/>
        <price t="2013-01-08" v="1325284650"/>
        <price t="2013-01-09" v="1340851200"/>
        <price t="2013-01-10" v="1306054800"/>
        <price t="2013-01-11" v="1327068150"/>
        <price t="2013-01-14" v="1367452500"/>
        <price t="2013-01-15" v="1354682887"/>
        <price t="2013-01-16" v="1350934750"/>
        <price t="2013-01-17" v="1359191400"/>
        <price t="2013-01-18" v="1363378300"/>
        <price t="2013-01-21" v="1370263889"/>
        <price t="2013-01-22" v="1352341350"/>
        <price t="2013-01-23" v="1340331500"/>
        <price t="2013-01-24" v="1379619150"/>
        <price t="2013-01-25" v="1386296825"/>
        <price t="2013-01-28" v="1389773500"/>
        <price t="2013-01-29" v="1340277575"/>
        <price t="2013-01-30" v="1379150850"/>
        <price t="2013-01-31" v="1360420000"/>
        <price t="2013-02-01" v="1315281600"/>
        <price t="2013-02-04" v="1307429200"/>
        <price t="2013-02-05" v="1330687100"/>
        <price t="2013-02-06" v="1319597125"/>
        <price t="2013-02-07" v="1308543600"/>
        <price t="2013-02-08" v="1318007700"/>
        <price t="2013-02-11" v="1288548975"/>
        <price t="2013-02-12" v="1295416481"/>
        <price t="2013-02-13" v="1334513260"/>
        <price t="2013-02-14" v="1342695250"/>
        <price t="2013-02-15" v="1327836250"/>
        <price t="2013-02-18" v="1323517000"/>
        <price t="2013-02-19" v="1336234900"/>
        <price t="2013-02-20" v="1355383750"/>
        <price t="2013-02-21" v="1343317157"/>
        <price t="2013-02-22" v="1313655250"/>
        <price t="2013-02-25" v="1343704000"/>
        <price t="2013-02-26" v="1285142175"/>
        <price t="2013-02-27" v="1315266225"/>
        <price t="2013-02-28" v="1325700775"/>
        <price t="2013-03-01" v="1322100000"/>
        <price t="2013-03-04" v="1345899325"/>
        <price t="2013-03-05" v="1364985650"/>
        <price t="2013-03-06" v="1367697375"/>
        <price t="2013-03-07" v="1363448000"/>
        <price t="2013-03-08" v="1373795500"/>
        <price t="2013-03-11" v="1359172400"/>
        <price t="2013-03-12" v="1368607050"/>
        <price t="2013-03-13" v="1367223825"/>
        <price t="2013-03-14" v="1340596625"/>
        <price t="2013-03-15" v="1319723100"/>
        <price t="2013-03-18" v="1285789050"/>
        <price t="2013-03-19" v="1285339200"/>
        <price t="2013-03-20" v="1281231375"/>
        <price t="2013-03-21" v="1278090000"/>
        <price t="2013-03-22" v="1265667000"/>
        <price t="2013-03-25" v="1283152000"/>
        <price t="2013-03-26" v="1302176250"/>
        <price t="2013-03-27" v="1322764800"/>
        <price t="2013-03-28" v="1323396750"/>
        <price t="2013-04-02" v="1328619000"/>
        <price t="2013-04-03" v="1303966200"/>
        <price t="2013-04-04" v="1289170350"/>
        <price t="2013-04-05" v="1268512000"/>
        <price t="2013-04-08" v="1287649125"/>
        <price t="2013-04-09" v="1292590000"/>
        <price t="2013-04-10" v="1319395950"/>
        <price t="2013-04-11" v="1345353450"/>
        <price t="2013-04-12" v="1344029700"/>
        <price t="2013-04-15" v="1360424000"/>
        <price t="2013-04-16" v="1357210375"/>
        <price t="2013-04-17" v="1340799125"/>
        <price t="2013-04-18" v="1307109000"/>
        <price t="2013-04-19" v="1306581875"/>
        <price t="2013-04-22" v="1303374075"/>
        <price t="2013-04-23" v="1339593750"/>
        <price t="2013-04-24" v="1347096450"/>
        <price t="2013-04-25" v="1371111000"/>
        <price t="2013-04-26" v="1278776625"/>
        <price t="2013-04-29" v="1270321875"/>
        <price t="2013-04-30" v="1263408800"/>
        <price t="2013-05-02" v="1259740500"/>
        <price t="2013-05-03" v="1293696100"/>
        <price t="2013-05-06" v="1277604825"/>
        <price t="2013-05-07" v="1286452050"/>
        <price t="2013-05-08" v="1291498875"/>
        <price t="2013-05-09" v="1297115400"/>
        <price t="2013-05-10" v="1311138600"/>
        <price t="2013-05-13" v="1320327075"/>
        <price t="2013-05-14" v="1339226400"/>
        <price t="2013-05-15" v="1344609600"/>
        <price t="2013-05-16" v="1325736500"/>
        <price t="2013-05-17" v="1342558425"/>
        <price t="2013-05-20" v="1335748025"/>
        <price t="2013-05-21" v="1332917600"/>
        <price t="2013-05-22" v="1335915125"/>
        <price t="2013-05-23" v="1304910000"/>
        <price t="2013-05-24" v="1301339925"/>
        <price t="2013-05-27" v="1305221625"/>
        <price t="2013-05-28" v="1353638250"/>
        <price t="2013-05-29" v="1330818000"/>
        <price t="2013-05-30" v="1326760000"/>
        <price t="2013-05-31" v="1359777300"/>
        <price t="2013-06-03" v="1313808000"/>
        <price t="2013-06-04" v="1335711300"/>
        <price t="2013-06-05" v="1337734125"/>
        <price t="2013-06-06" v="1323934150"/>
        <price t="2013-06-07" v="1383018000"/>
        <price t="2013-06-10" v="1399493550"/>
        <price t="2013-06-11" v="1388023975"/>
        <price t="2013-06-12" v="1368194850"/>
        <price t="2013-06-13" v="1363456000"/>
        <price t="2013-06-14" v="1372204450"/>
        <price t="2013-06-17" v="1398384450"/>
        <price t="2013-06-18" v="1402932600"/>
        <price t="2013-06-19" v="1415003300"/>
        <price t="2013-06-20" v="1378410000"/>
        <price t="2013-06-21" v="1360505500"/>
        <price t="2013-06-24" v="1335099150"/>
        <price t="2013-06-25" v="1359697350"/>
        <price t="2013-06-26" v="1390963200"/>
        <price t="2013-06-27" v="1386604800"/>
        <price t="2013-06-28" v="1398252000"/>
        <price t="2013-07-01" v="1399847875"/>
        <price t="2013-07-02" v="1416900450"/>
        <price t="2013-07-03" v="1413502925"/>
        <price t="2013-07-04" v="1421748000"/>
        <price t="2013-07-05" v="1422283200"/>
        <price t="2013-07-08" v="1445625000"/>
        <price t="2013-07-09" v="1459912350"/>
        <price t="2013-07-10" v="1448509650"/>
        <price t="2013-07-11" v="1485385500"/>
        <price t="2013-07-12" v="1514876650"/>
        <price t="2013-07-15" v="1525331700"/>
        <price t="2013-07-16" v="1538085500"/>
        <price t="2013-07-17" v="1532642800"/>
        <price t="2013-07-18" v="1528607750"/>
        <price t="2013-07-19" v="1523580300"/>
        <price t="2013-07-22" v="1508165300"/>
        <price t="2013-07-23" v="1503838000"/>
        <price t="2013-07-24" v="1505739050"/>
        <price t="2013-07-25" v="1493146200"/>
        <price t="2013-07-26" v="1534845000"/>
        <price t="2013-07-29" v="1542305750"/>
        <price t="2013-07-30" v="1533637800"/>
        <price t="2013-07-31" v="1513350000"/>
        <price t="2013-08-01" v="1501293300"/>
        <price t="2013-08-02" v="1508112675"/>
        <price t="2013-08-05" v="1499698125"/>
        <price t="2013-08-06" v="1497320000"/>
        <price t="2013-08-07" v="1482509625"/>
        <price t="2013-08-08" v="1473274000"/>
        <price t="2013-08-09" v="1491423825"/>
        <price t="2013-08-12" v="1484040000"/>
        <price t="2013-08-13" v="1467216000"/>
        <price t="2013-08-14" v="1464013650"/>
        <price t="2013-08-15" v="1441062375"/>
        <price t="2013-08-16" v="1433383000"/>
        <price t="2013-08-19" v="1441152000"/>
        <price t="2013-08-20" v="1439305200"/>
        <price t="2013-08-21" v="1435768600"/>
        <price t="2013-08-22" v="1435886325"/>
        <price t="2013-08-23" v="1442340000"/>
        <price t="2013-08-26" v="1442988000"/>
        <price t="2013-08-27" v="1402490700"/>
        <price t="2013-08-28" v="1406440125"/>
        <price t="2013-08-29" v="1427753250"/>
        <price t="2013-08-30" v="1410520125"/>
        <price t="2013-09-02" v="1415460225"/>
        <price t="2013-09-03" v="1445297700"/>
        <price t="2013-09-04" v="1452432025"/>
        <price t="2013-09-05" v="1480274250"/>
        <price t="2013-09-06" v="1472055325"/>
        <price t="2013-09-09" v="1483665300"/>
        <price t="2013-09-10" v="1497113000"/>
        <price t="2013-09-11" v="1491986600"/>
        <price t="2013-09-12" v="1503763500"/>
        <price t="2013-09-13" v="1490701875"/>
        <price t="2013-09-16" v="1489305500"/>
        <price t="2013-09-17" v="1509228000"/>
        <price t="2013-09-18" v="1525799800"/>
        <price t="2013-09-19" v="1564108875"/>
        <price t="2013-09-20" v="1590259950"/>
        <price t="2013-09-23" v="1547003700"/>
        <price t="2013-09-24" v="1583751150"/>
        <price t="2013-09-25" v="1573891200"/>
        <price t="2013-09-26" v="1588157350"/>
        <price t="2013-09-27" v="1574691525"/>
        <price t="2013-09-30" v="1563541375"/>
        <price t="2013-10-01" v="1591239600"/>
        <price t="2013-10-02" v="1587336750"/>
        <price t="2013-10-03" v="1597634850"/>
        <price t="2013-10-04" v="1571010975"/>
        <price t="2013-10-07" v="1565869500"/>
        <price t="2013-10-08" v="1514063400"/>
        <price t="2013-10-09" v="1486650000"/>
        <price t="2013-10-10" v="1518967000"/>
        <price t="2013-10-11" v="1544489100"/>
        <price t="2013-10-14" v="1536801200"/>
        <price t="2013-10-15" v="1543261875"/>
        <price t="2013-10-16" v="1553073525"/>
        <price t="2013-10-17" v="1548929250"/>
        <price t="2013-10-18" v="1623948700"/>
        <price t="2013-10-21" v="1626031325"/>
        <price t="2013-10-22" v="1630966350"/>
        <price t="2013-10-23" v="1623423600"/>
        <price t="2013-10-24" v="1659015875"/>
        <price t="2013-10-25" v="1786188050"/>
        <price t="2013-10-28" v="1802947200"/>
        <price t="2013-10-29" v="1812557200"/>
        <price t="2013-10-30" v="1805343750"/>
        <price t="2013-10-31" v="1836419625"/>
        <price t="2013-11-01" v="1796502625"/>
        <price t="2013-11-04" v="1783129650"/>
        <price t="2013-11-05" v="1789979100"/>
        <price t="2013-11-06" v="1787623250"/>
        <price t="2013-11-07" v="1732104000"/>
        <price t="2013-11-08" v="1747373100"/>
        <price t="2013-11-11" v="1763654950"/>
        <price t="2013-11-12" v="1750525400"/>
        <price t="2013-11-13" v="1748980625"/>
        <price t="2013-11-14" v="1825280600"/>
        <price t="2013-11-15" v="1843347000"/>
        <price t="2013-11-18" v="1844732575"/>
        <price t="2013-11-19" v="1835596900"/>
        <price t="2013-11-20" v="1841362875"/>
        <price t="2013-11-21" v="1838254400"/>
        <price t="2013-11-22" v="1857373200"/>
        <price t="2013-11-25" v="1877770300"/>
        <price t="2013-11-26" v="1888790475"/>
        <price t="2013-11-27" v="1933351200"/>
        <price t="2013-11-28" v="1943656000"/>
        <price t="2013-11-29" v="1961004825"/>
        <price t="2013-12-02" v="1952568000"/>
        <price t="2013-12-03" v="1912800750"/>
        <price t="2013-12-04" v="1931083400"/>
        <price t="2013-12-05" v="1905538950"/>
        <price t="2013-12-06" v="1924151850"/>
        <price t="2013-12-09" v="1924510500"/>
        <price t="2013-12-10" v="1933593750"/>
        <price t="2013-12-11" v="1931165925"/>
        <price t="2013-12-12" v="1908181875"/>
        <price t="2013-12-13" v="1936193350"/>
        <price t="2013-12-16" v="1949648400"/>
        <price t="2013-12-17" v="1933453125"/>
        <price t="2013-12-18" v="1934140575"/>
        <price t="2013-12-19" v="1981715000"/>
        <price t="2013-12-20" v="2013429750"/>
        <price t="2013-12-23" v="2016934400"/>
        <price t="2013-12-27" v="2008210250"/>
        <price t="2013-12-30" v="1998535000"/>
        <price t="2014-01-02" v="1982800150"/>
        <price t="2014-01-03" v="2001130350"/>
        <price t="2014-01-06" v="1948826550"/>
        <price t="2014-01-07" v="1995337275"/>
        <price t="2014-01-08" v="2002056350"/>
        <price t="2014-01-09" v="2005387900"/>
        <price t="2014-01-10" v="1971473700"/>
        <price t="2014-01-13" v="1994508050"/>
        <price t="2014-01-14" v="1972831450"/>
        <price t="2014-01-15" v="1971849550"/>
        <price t="2014-01-16" v="1974964250"/>
        <price t="2014-01-17" v="2010432000"/>
        <price t="2014-01-20" v="1994202000"/>
        <price t="2014-01-21" v="2010639900"/>
        <price t="2014-01-22" v="2017264200"/>
        <price t="2014-01-23" v="2007660800"/>
        <price t="2014-01-24" v="1964084500"/>
        <price t="2014-01-27" v="1927485250"/>
        <price t="2014-01-28" v="1950442100"/>
        <price t="2014-01-29" v="1941521400"/>
        <price t="2014-01-30" v="1992663200"/>
        <price t="2014-01-31" v="1833445400"/>
        <price t="2014-02-03" v="1740229650"/>
        <price t="2014-02-04" v="1755442150"/>
        <price t="2014-02-05" v="1722669600"/>
        <price t="2014-02-06" v="1745240875"/>
        <price t="2014-02-07" v="1767674150"/>
        <price t="2014-02-10" v="1806694050"/>
        <price t="2014-02-11" v="1784718000"/>
        <price t="2014-02-12" v="1746845100"/>
        <price t="2014-02-13" v="1772280000"/>
        <price t="2014-02-14" v="1772657775"/>
        <price t="2014-02-17" v="1777787725"/>
        <price t="2014-02-18" v="1755508350"/>
        <price t="2014-02-19" v="1731870000"/>
        <price t="2014-02-20" v="1744431150"/>
        <price t="2014-02-21" v="1755866700"/>
        <price t="2014-02-24" v="1755333000"/>
        <price t="2014-02-25" v="1802805550"/>
        <price t="2014-02-26" v="1827273750"/>
        <price t="2014-02-27" v="1774597200"/>
        <price t="2014-02-28" v="1827459900"/>
        <price t="2014-03-03" v="1789840000"/>
        <price t="2014-03-04" v="1824948400"/>
        <price t="2014-03-05" v="1849013800"/>
        <price t="2014-03-06" v="1845953500"/>
        <price t="2014-03-07" v="1852417550"/>
        <price t="2014-03-10" v="1848255150"/>
        <price t="2014-03-11" v="1850706250"/>
        <price t="2014-03-12" v="1842457725"/>
        <price t="2014-03-13" v="1877638850"/>
        <price t="2014-03-14" v="1865315400"/>
        <price t="2014-03-17" v="1882872400"/>
        <price t="2014-03-18" v="1881983250"/>
        <price t="2014-03-19" v="1885907150"/>
        <price t="2014-03-20" v="1844452050"/>
        <price t="2014-03-21" v="1829639500"/>
        <price t="2014-03-24" v="1748609300"/>
        <price t="2014-03-25" v="1756029150"/>
        <price t="2014-03-26" v="1752491325"/>
        <price t="2014-03-27" v="1700144850"/>
        <price t="2014-03-28" v="1720218975"/>
        <price t="2014-03-31" v="1699026300"/>
        <price t="2014-04-01" v="1706857250"/>
        <price t="2014-04-02" v="1730237875"/>
        <price t="2014-04-03" v="1680062000"/>
        <price t="2014-04-04" v="1616600000"/>
        <price t="2014-04-07" v="1598729500"/>
        <price t="2014-04-08" v="1631530300"/>
        <price t="2014-04-09" v="1619415600"/>
        <price t="2014-04-10" v="1606145275"/>
        <price t="2014-04-11" v="1569270000"/>
        <price t="2014-04-14" v="1594944450"/>
        <price t="2014-04-15" v="1549386750"/>
        <price t="2014-04-16" v="1589178000"/>
        <price t="2014-04-17" v="1631426250"/>
        <price t="2014-04-22" v="1668748175"/>
        <price t="2014-04-23" v="1636216350"/>
        <price t="2014-04-24" v="1667383000"/>
        <price t="2014-04-25" v="1531091700"/>
        <price t="2014-04-28" v="1457137625"/>
        <price t="2014-04-29" v="1477653750"/>
        <price t="2014-04-30" v="1504802500"/>
        <price t="2014-05-02" v="1528285500"/>
        <price t="2014-05-05" v="1538626600"/>
        <price t="2014-05-06" v="1520353625"/>
        <price t="2014-05-07" v="1452237925"/>
        <price t="2014-05-08" v="1483901550"/>
        <price t="2014-05-09" v="1439769975"/>
        <price t="2014-05-12" v="1500385000"/>
        <price t="2014-05-13" v="1521033000"/>
        <price t="2014-05-14" v="1499143725"/>
        <price t="2014-05-15" v="1458439725"/>
        <price t="2014-05-16" v="1478140800"/>
        <price t="2014-05-19" v="1494935000"/>
        <price t="2014-05-20" v="1511673150"/>
        <price t="2014-05-21" v="1522138800"/>
        <price t="2014-05-22" v="1542092100"/>
        <price t="2014-05-23" v="1537123250"/>
        <price t="2014-05-26" v="1575183375"/>
        <price t="2014-05-27" v="1547913000"/>
        <price t="2014-05-28" v="1563559200"/>
        <price t="2014-05-29" v="1573206900"/>
        <price t="2014-05-30" v="1540652575"/>
        <price t="2014-06-02" v="1549612350"/>
        <price t="2014-06-03" v="1534039125"/>
        <price t="2014-06-04" v="1538147625"/>
        <price t="2014-06-05" v="1582590550"/>
        <price t="2014-06-06" v="1649317800"/>
        <price t="2014-06-09" v="1643166000"/>
        <price t="2014-06-10" v="1672377150"/>
        <price t="2014-06-11" v="1694729700"/>
        <price t="2014-06-12" v="1647372200"/>
        <price t="2014-06-13" v="1637275650"/>
        <price t="2014-06-16" v="1615720800"/>
        <price t="2014-06-17" v="1629516800"/>
        <price t="2014-06-18" v="1634341500"/>
        <price t="2014-06-19" v="1651765500"/>
        <price t="2014-06-20" v="1611197100"/>
        <price t="2014-06-23" v="1619963400"/>
        <price t="2014-06-24" v="1645735300"/>
        <price t="2014-06-25" v="1622227250"/>
        <price t="2014-06-26" v="1625576850"/>
        <price t="2014-06-27" v="1619077500"/>
        <price t="2014-06-30" v="1618473000"/>
        <price t="2014-07-01" v="1653168200"/>
        <price t="2014-07-02" v="1667739000"/>
        <price t="2014-07-03" v="1688692500"/>
        <price t="2014-07-04" v="1688309000"/>
        <price t="2014-07-07" v="1663660800"/>
        <price t="2014-07-08" v="1610975950"/>
        <price t="2014-07-09" v="1643582475"/>
        <price t="2014-07-10" v="1641322600"/>
        <price t="2014-07-11" v="1705832625"/>
        <price t="2014-07-14" v="1771510000"/>
        <price t="2014-07-15" v="1771051300"/>
        <price t="2014-07-16" v="1779119700"/>
        <price t="2014-07-17" v="1758250000"/>
        <price t="2014-07-18" v="1777185000"/>
        <price t="2014-07-21" v="1798569900"/>
        <price t="2014-07-22" v="1809824250"/>
        <price t="2014-07-23" v="1786132250"/>
        <price t="2014-07-24" v="1800196000"/>
        <price t="2014-07-25" v="1592304000"/>
        <price t="2014-07-28" v="1592817975"/>
        <price t="2014-07-29" v="1606444125"/>
        <price t="2014-07-30" v="1602089550"/>
        <price t="2014-07-31" v="1571363550"/>
        <price t="2014-08-01" v="1536741375"/>
        <price t="2014-08-04" v="1566347400"/>
        <price t="2014-08-05" v="1568370400"/>
        <price t="2014-08-06" v="1573375500"/>
        <price t="2014-08-07" v="1560714000"/>
        <price t="2014-08-08" v="1570747100"/>
        <price t="2014-08-11" v="1593268650"/>
        <price t="2014-08-12" v="1592511450"/>
        <price t="2014-08-13" v="1652298000"/>
        <price t="2014-08-14" v="1652568475"/>
        <price t="2014-08-15" v="1648732200"/>
        <price t="2014-08-18" v="1677893625"/>
        <price t="2014-08-19" v="1674925450"/>
        <price t="2014-08-20" v="1679761800"/>
        <price t="2014-08-21" v="1665044100"/>
        <price t="2014-08-22" v="1657711650"/>
        <price t="2014-08-25" v="1675410000"/>
        <price t="2014-08-26" v="1713970600"/>
        <price t="2014-08-27" v="1720916200"/>
        <price t="2014-08-28" v="1701609250"/>
        <price t="2014-08-29" v="1694658000"/>
        <price t="2014-09-01" v="1702036800"/>
        <price t="2014-09-02" v="1697736750"/>
        <price t="2014-09-03" v="1698780425"/>
        <price t="2014-09-04" v="1738478625"/>
        <price t="2014-09-05" v="1717552200"/>
        <price t="2014-09-08" v="1720656300"/>
        <price t="2014-09-09" v="1678227650"/>
        <price t="2014-09-10" v="1662669400"/>
        <price t="2014-09-11" v="1648320000"/>
        <price t="2014-09-12" v="1659047300"/>
        <price t="2014-09-15" v="1608065050"/>
        <price t="2014-09-16" v="1621538525"/>
        <price t="2014-09-17" v="1622415100"/>
        <price t="2014-09-18" v="1627664400"/>
        <price t="2014-09-19" v="1653731100"/>
        <price t="2014-09-22" v="1613653125"/>
        <price t="2014-09-23" v="1626648100"/>
        <price t="2014-09-24" v="1632429150"/>
        <price t="2014-09-25" v="1610928200"/>
        <price t="2014-09-26" v="1593728100"/>
        <price t="2014-09-29" v="1610486800"/>
        <price t="2014-09-30" v="1604647075"/>
        <price t="2014-10-01" v="1591128750"/>
        <price t="2014-10-02" v="1566875550"/>
        <price t="2014-10-06" v="1605492875"/>
        <price t="2014-10-07" v="1592894450"/>
        <price t="2014-10-08" v="1590741000"/>
        <price t="2014-10-09" v="1615795800"/>
        <price t="2014-10-10" v="1576274550"/>
        <price t="2014-10-13" v="1545570100"/>
        <price t="2014-10-14" v="1555458000"/>
        <price t="2014-10-15" v="1507254000"/>
        <price t="2014-10-16" v="1511393950"/>
        <price t="2014-10-17" v="1542606900"/>
        <price t="2014-10-20" v="1519667675"/>
        <price t="2014-10-21" v="1563983100"/>
        <price t="2014-10-22" v="1594240800"/>
        <price t="2014-10-23" v="1574123250"/>
        <price t="2014-10-24" v="1446923700"/>
        <price t="2014-10-27" v="1432093050"/>
        <price t="2014-10-28" v="1481955000"/>
        <price t="2014-10-29" v="1483223650"/>
        <price t="2014-10-30" v="1485304200"/>
        <price t="2014-10-31" v="1514777800"/>
        <price t="2014-11-03" v="1533828075"/>
        <price t="2014-11-04" v="1500115750"/>
        <price t="2014-11-05" v="1499784000"/>
        <price t="2014-11-06" v="1493278100"/>
        <price t="2014-11-07" v="1491187725"/>
        <price t="2014-11-10" v="1527662100"/>
        <price t="2014-11-11" v="1545235000"/>
        <price t="2014-11-12" v="1551206475"/>
        <price t="2014-11-13" v="1574127000"/>
        <price t="2014-11-14" v="1636888500"/>
        <price t="2014-11-17" v="1597613600"/>
        <price t="2014-11-18" v="1631512750"/>
        <price t="2014-11-19" v="1630176750"/>
        <price t="2014-11-20" v="1661417500"/>
        <price t="2014-11-21" v="1672311750"/>
        <price t="2014-11-24" v="1675350000"/>
        <price t="2014-11-25" v="1655808600"/>
        <price t="2014-11-26" v="1664165000"/>
        <price t="2014-11-27" v="1670760000"/>
        <price t="2014-11-28" v="1707050250"/>
        <price t="2014-12-01" v="1644972825"/>
        <price t="2014-12-02" v="1625991000"/>
        <price t="2014-12-03" v="1579292825"/>
        <price t="2014-12-04" v="1558264825"/>
        <price t="2014-12-05" v="1569664950"/>
        <price t="2014-12-08" v="1550330550"/>
        <price t="2014-12-09" v="1535920575"/>
        <price t="2014-12-10" v="1542184400"/>
        <price t="2014-12-11" v="1561578200"/>
        <price t="2014-12-12" v="1537575000"/>
        <price t="2014-12-15" v="1518767850"/>
        <price t="2014-12-16" v="1509141375"/>
        <price t="2014-12-17" v="1482556800"/>
        <price t="2014-12-18" v="1474200000"/>
        <price t="2014-12-19" v="1486986900"/>
        <price t="2014-12-22" v="1529616725"/>
        <price t="2014-12-23" v="1523266425"/>
        <price t="2014-12-29" v="1570973600"/>
        <price t="2014-12-30" v="1540976000"/>
        <price t="2015-01-02" v="1545116900"/>
        <price t="2015-01-05" v="1520056125"/>
        <price t="2015-01-06" v="1480314500"/>
        <price t="2015-01-07" v="1503128550"/>
        <price t="2015-01-08" v="1498654800"/>
        <price t="2015-01-09" v="1488733325"/>
        <price t="2015-01-12" v="1459564600"/>
        <price t="2015-01-13" v="1505739600"/>
        <price t="2015-01-14" v="1430956875"/>
        <price t="2015-01-15" v="1467012400"/>
        <price t="2015-01-16" v="1447920600"/>
        <price t="2015-01-19" v="1446563250"/>
        <price t="2015-01-20" v="1441006550"/>
        <price t="2015-01-21" v="1487092075"/>
        <price t="2015-01-22" v="1566106400"/>
        <price t="2015-01-23" v="1551202950"/>
        <price t="2015-01-26" v="1535930400"/>
        <price t="2015-01-27" v="1526310000"/>
        <price t="2015-01-28" v="1529171200"/>
        <price t="2015-01-29" v="1517624375"/>
        <price t="2015-01-30" v="1735317500"/>
        <price t="2015-02-02" v="1798855500"/>
        <price t="2015-02-03" v="1807646400"/>
        <price t="2015-02-04" v="1835938400"/>
        <price t="2015-02-05" v="1881794250"/>
        <price t="2015-02-06" v="1891616750"/>
        <price t="2015-02-09" v="1837825000"/>
        <price t="2015-02-10" v="1857226800"/>
        <price t="2015-02-11" v="1878972550"/>
        <price t="2015-02-12" v="1866288000"/>
        <price t="2015-02-13" v="1896928175"/>
        <price t="2015-02-16" v="1901143200"/>
        <price t="2015-02-17" v="1870633125"/>
        <price t="2015-02-18" v="1877517200"/>
        <price t="2015-02-19" v="1898782250"/>
        <price t="2015-02-20" v="1877445150"/>
        <price t="2015-02-23" v="1888178250"/>
        <price t="2015-02-24" v="1894324800"/>
        <price t="2015-02-25" v="1925983500"/>
        <price t="2015-02-26" v="1947655700"/>
        <price t="2015-02-27" v="1925693000"/>
        <price t="2015-03-02" v="1932447375"/>
        <price t="2015-03-03" v="1914195200"/>
        <price t="2015-03-04" v="1932795000"/>
        <price t="2015-03-05" v="1938181900"/>
        <price t="2015-03-06" v="1931680600"/>
        <price t="2015-03-09" v="1883124000"/>
        <price t="2015-03-10" v="1858479350"/>
        <price t="2015-03-11" v="1853794500"/>
        <price t="2015-03-12" v="1864969425"/>
        <price t="2015-03-13" v="1851421500"/>
        <price t="2015-03-16" v="1851169950"/>
        <price t="2015-03-17" v="1869898875"/>
        <price t="2015-03-18" v="1827649600"/>
        <price t="2015-03-19" v="1874614275"/>
        <price t="2015-03-20" v="1887685800"/>
        <price t="2015-03-23" v="1887503200"/>
        <price t="2015-03-24" v="1873271250"/>
        <price t="2015-03-25" v="1872393250"/>
        <price t="2015-03-26" v="1848401850"/>
        <price t="2015-03-27" v="1850948000"/>
        <price t="2015-03-30" v="1871575875"/>
        <price t="2015-03-31" v="1888204500"/>
        <price t="2015-04-01" v="1854430875"/>
        <price t="2015-04-02" v="1840558500"/>
        <price t="2015-04-07" v="1884937425"/>
        <price t="2015-04-08" v="1917957650"/>
        <price t="2015-04-09" v="1912654350"/>
        <price t="2015-04-10" v="1920833250"/>
        <price t="2015-04-13" v="1905163600"/>
        <price t="2015-04-14" v="1899407200"/>
        <price t="2015-04-15" v="1913212150"/>
        <price t="2015-04-16" v="1930122200"/>
        <price t="2015-04-17" v="1901101200"/>
        <price t="2015-04-20" v="1904672875"/>
        <price t="2015-04-21" v="1937235000"/>
        <price t="2015-04-22" v="1963820400"/>
        <price t="2015-04-23" v="1933035400"/>
        <price t="2015-04-24" v="2226767400"/>
        <price t="2015-04-27" v="2200653700"/>
        <price t="2015-04-28" v="2163819175"/>
        <price t="2015-04-29" v="2133287800"/>
        <price t="2015-04-30" v="2148794000"/>
        <price t="2015-05-04" v="2126686400"/>
        <price t="2015-05-05" v="2105281875"/>
        <price t="2015-05-06" v="2077269250"/>
        <price t="2015-05-07" v="2134101375"/>
        <price t="2015-05-08" v="2169860875"/>
        <price t="2015-05-11" v="2164612050"/>
        <price t="2015-05-12" v="2160135800"/>
        <price t="2015-05-13" v="2121049525"/>
        <price t="2015-05-14" v="2167611675"/>
        <price t="2015-05-15" v="2115504000"/>
        <price t="2015-05-18" v="2132874975"/>
        <price t="2015-05-19" v="2122243500"/>
        <price t="2015-05-20" v="2122148250"/>
        <price t="2015-05-21" v="2176779825"/>
        <price t="2015-05-22" v="2173351700"/>
        <price t="2015-05-26" v="2124014400"/>
        <price t="2015-05-27" v="2143269900"/>
        <price t="2015-05-28" v="2133436800"/>
        <price t="2015-05-29" v="2147926000"/>
        <price t="2015-06-01" v="2157062400"/>
        <price t="2015-06-02" v="2125564025"/>
        <price t="2015-06-03" v="2158604250"/>
        <price t="2015-06-04" v="2174844475"/>
        <price t="2015-06-05" v="2159184550"/>
        <price t="2015-06-08" v="2117431400"/>
        <price t="2015-06-09" v="2113687100"/>
        <price t="2015-06-10" v="2146393700"/>
        <price t="2015-06-11" v="2190520800"/>
        <price t="2015-06-12" v="2136007500"/>
        <price t="2015-06-15" v="2120202000"/>
        <price t="2015-06-16" v="2122438750"/>
        <price t="2015-06-17" v="2139344325"/>
        <price t="2015-06-18" v="2175313000"/>
        <price t="2015-06-19" v="2174210075"/>
        <price t="2015-06-22" v="2179090875"/>
        <price t="2015-06-23" v="2210269100"/>
        <price t="2015-06-24" v="2221014975"/>
        <price t="2015-06-25" v="2210383500"/>
        <price t="2015-06-26" v="2200072800"/>
        <price t="2015-06-29" v="2171213325"/>
        <price t="2015-06-30" v="2179057750"/>
        <price t="2015-07-01" v="2197800000"/>
        <price t="2015-07-02" v="2165616200"/>
        <price t="2015-07-03" v="2174816000"/>
        <price t="2015-07-06" v="2174355200"/>
        <price t="2015-07-07" v="2137283775"/>
        <price t="2015-07-08" v="2144994800"/>
        <price t="2015-07-09" v="2186481200"/>
        <price t="2015-07-10" v="2207639375"/>
        <price t="2015-07-13" v="2276370225"/>
        <price t="2015-07-14" v="2331677625"/>
        <price t="2015-07-15" v="2327853050"/>
        <price t="2015-07-16" v="2339393425"/>
        <price t="2015-07-17" v="2424708075"/>
        <price t="2015-07-20" v="2449025100"/>
        <price t="2015-07-21" v="2404323750"/>
        <price t="2015-07-22" v="2444500950"/>
        <price t="2015-07-23" v="2421429850"/>
        <price t="2015-07-24" v="2795734925"/>
        <price t="2015-07-27" v="2677418250"/>
        <price t="2015-07-28" v="2639936250"/>
        <price t="2015-07-29" v="2638651750"/>
        <price t="2015-07-30" v="2675758750"/>
        <price t="2015-07-31" v="2675948000"/>
        <price t="2015-08-03" v="2678888375"/>
        <price t="2015-08-04" v="2674394425"/>
        <price t="2015-08-05" v="2689461375"/>
        <price t="2015-08-06" v="2658389125"/>
        <price t="2015-08-07" v="2603137425"/>
        <price t="2015-08-10" v="2616974000"/>
        <price t="2015-08-11" v="2617824000"/>
        <price t="2015-08-12" v="2580430375"/>
        <price t="2015-08-13" v="2654217825"/>
        <price t="2015-08-14" v="2671544650"/>
        <price t="2015-08-17" v="2672047500"/>
        <price t="2015-08-18" v="2698087000"/>
        <price t="2015-08-19" v="2644595525"/>
        <price t="2015-08-20" v="2600606650"/>
        <price t="2015-08-21" v="2510304525"/>
        <price t="2015-08-24" v="2349411950"/>
        <price t="2015-08-25" v="2441285550"/>
        <price t="2015-08-26" v="2427200750"/>
        <price t="2015-08-27" v="2583471800"/>
        <price t="2015-08-28" v="2622063600"/>
        <price t="2015-08-31" v="2576926625"/>
        <price t="2015-09-01" v="2526976400"/>
        <price t="2015-09-02" v="2522808250"/>
        <price t="2015-09-03" v="2592495375"/>
        <price t="2015-09-04" v="2506606900"/>
        <price t="2015-09-07" v="2519553300"/>
        <price t="2015-09-08" v="2570329550"/>
        <price t="2015-09-09" v="2623234500"/>
        <price t="2015-09-10" v="2589886750"/>
        <price t="2015-09-11" v="2613612600"/>
        <price t="2015-09-14" v="2594214875"/>
        <price t="2015-09-15" v="2630768000"/>
        <price t="2015-09-16" v="2598159200"/>
        <price t="2015-09-17" v="2663976000"/>
        <price t="2015-09-18" v="2728570050"/>
        <price t="2015-09-21" v="2749500000"/>
        <price t="2015-09-22" v="2677200000"/>
        <price t="2015-09-23" v="2683805000"/>
        <price t="2015-09-24" v="2615780700"/>
        <price t="2015-09-25" v="2678191425"/>
        <price t="2015-09-28" v="2518555750"/>
        <price t="2015-09-29" v="2515017900"/>
        <price t="2015-09-30" v="2553443775"/>
        <price t="2015-10-01" v="2563517050"/>
        <price t="2015-10-02" v="2565126000"/>
        <price t="2015-10-05" v="2715460300"/>
        <price t="2015-10-06" v="2703581000"/>
        <price t="2015-10-07" v="2667507150"/>
        <price t="2015-10-08" v="2644690000"/>
        <price t="2015-10-09" v="2696202600"/>
        <price t="2015-10-12" v="2742883275"/>
        <price t="2015-10-13" v="2744830550"/>
        <price t="2015-10-14" v="2725278500"/>
        <price t="2015-10-15" v="2763948375"/>
        <price t="2015-10-16" v="2833184000"/>
        <price t="2015-10-19" v="2889631675"/>
        <price t="2015-10-20" v="2811689925"/>
        <price t="2015-10-21" v="2799896400"/>
        <price t="2015-10-22" v="2876047425"/>
        <price t="2015-10-23" v="3040895400"/>
        <price t="2015-10-26" v="3006003000"/>
        <price t="2015-10-27" v="3066385725"/>
        <price t="2015-10-28" v="3076918875"/>
        <price t="2015-10-29" v="3116689500"/>
        <price t="2015-10-30" v="3139294150"/>
        <price t="2015-11-02" v="3117091600"/>
        <price t="2015-11-03" v="3126513600"/>
        <price t="2015-11-04" v="3202588125"/>
        <price t="2015-11-05" v="3266532450"/>
        <price t="2015-11-06" v="3325470400"/>
        <price t="2015-11-09" v="3250311000"/>
        <price t="2015-11-10" v="3283189275"/>
        <price t="2015-11-11" v="3351696900"/>
        <price t="2015-11-12" v="3339271950"/>
        <price t="2015-11-13" v="3270641400"/>
        <price t="2015-11-16" v="3132724450"/>
        <price t="2015-11-17" v="3222340000"/>
        <price t="2015-11-18" v="3291794250"/>
        <price t="2015-11-19" v="3308160850"/>
        <price t="2015-11-20" v="3335992000"/>
        <price t="2015-11-23" v="3405375075"/>
        <price t="2015-11-24" v="3353999900"/>
        <price t="2015-11-25" v="3361848950"/>
        <price t="2015-11-26" v="3403799000"/>
        <price t="2015-11-27" v="3381103500"/>
        <price t="2015-11-30" v="3342435050"/>
        <price t="2015-12-01" v="3365500000"/>
        <price t="2015-12-02" v="3411758000"/>
        <price t="2015-12-03" v="3322949400"/>
        <price t="2015-12-04" v="3363539550"/>
        <price t="2015-12-07" v="3291880950"/>
        <price t="2015-12-08" v="3354665625"/>
        <price t="2015-12-09" v="3346578375"/>
        <price t="2015-12-10" v="3316549725"/>
        <price t="2015-12-11" v="3232987500"/>
        <price t="2015-12-14" v="3189188625"/>
        <price t="2015-12-15" v="3364039000"/>
        <price t="2015-12-16" v="3314612275"/>
        <price t="2015-12-17" v="3391877875"/>
        <price t="2015-12-18" v="3348594900"/>
        <price t="2015-12-21" v="3296599250"/>
        <price t="2015-12-22" v="3316539400"/>
        <price t="2015-12-23" v="3300725500"/>
        <price t="2015-12-28" v="3325596750"/>
        <price t="2015-12-29" v="3471784000"/>
        <price t="2015-12-30" v="3437046450"/>
        <price t="2016-01-04" v="3230712100"/>
        <price t="2016-01-05" v="3172219200"/>
        <price t="2016-01-06" v="3177483600"/>
        <price t="2016-01-07" v="3129984000"/>
        <price t="2016-01-08" v="3049225750"/>
        <price t="2016-01-11" v="3039385200"/>
        <price t="2016-01-12" v="3105055800"/>
        <price t="2016-01-13" v="3012796800"/>
        <price t="2016-01-14" v="2968887150"/>
        <price t="2016-01-15" v="2849918250"/>
        <price t="2016-01-18" v="2862145300"/>
        <price t="2016-01-19" v="2875129400"/>
        <price t="2016-01-20" v="2750739947"/>
        <price t="2016-01-21" v="2926676775"/>
        <price t="2016-01-22" v="2959770800"/>
        <price t="2016-01-25" v="3001162500"/>
        <price t="2016-01-26" v="2956062675"/>
        <price t="2016-01-27" v="2974057200"/>
        <price t="2016-01-28" v="3046843350"/>
        <price t="2016-01-29" v="2935842000"/>
        <price t="2016-02-01" v="2888885700"/>
        <price t="2016-02-02" v="2806183000"/>
        <price t="2016-02-03" v="2632666400"/>
        <price t="2016-02-04" v="2658063200"/>
        <price t="2016-02-05" v="2548735050"/>
        <price t="2016-02-08" v="2390322825"/>
        <price t="2016-02-09" v="2426414200"/>
        <price t="2016-02-10" v="2500742550"/>
        <price t="2016-02-11" v="2469107200"/>
        <price t="2016-02-12" v="2588740000"/>
        <price t="2016-02-15" v="2603822000"/>
        <price t="2016-02-16" v="2576275350"/>
        <price t="2016-02-17" v="2660947200"/>
        <price t="2016-02-18" v="2668473000"/>
        <price t="2016-02-19" v="2641957600"/>
        <price t="2016-02-22" v="2799225750"/>
        <price t="2016-02-23" v="2734822150"/>
        <price t="2016-02-24" v="2664265125"/>
        <price t="2016-02-25" v="2745998675"/>
        <price t="2016-02-26" v="2808180900"/>
        <price t="2016-02-29" v="2801482400"/>
        <price t="2016-03-01" v="2843843400"/>
        <price t="2016-03-02" v="2901266000"/>
        <price t="2016-03-03" v="2863420175"/>
        <price t="2016-03-04" v="2887029750"/>
        <price t="2016-03-07" v="2808623025"/>
        <price t="2016-03-08" v="2816826900"/>
        <price t="2016-03-09" v="2754228487"/>
        <price t="2016-03-10" v="2708821500"/>
        <price t="2016-03-11" v="2816028250"/>
        <price t="2016-03-14" v="2875373400"/>
        <price t="2016-03-15" v="2870843325"/>
        <price t="2016-03-16" v="2870831400"/>
        <price t="2016-03-17" v="2788727050"/>
        <price t="2016-03-18" v="2765328825"/>
        <price t="2016-03-21" v="2724476840"/>
        <price t="2016-03-22" v="2790947100"/>
        <price t="2016-03-23" v="2836875450"/>
        <price t="2016-03-24" v="2886934050"/>
        <price t="2016-03-29" v="2944022000"/>
        <price t="2016-03-30" v="2983307800"/>
        <price t="2016-03-31" v="2980308375"/>
        <price t="2016-04-01" v="2998899400"/>
        <price t="2016-04-04" v="2965912500"/>
        <price t="2016-04-05" v="2944053000"/>
        <price t="2016-04-06" v="2961530000"/>
        <price t="2016-04-07" v="2947821600"/>
        <price t="2016-04-08" v="2948698500"/>
        <price t="2016-04-11" v="2985319000"/>
        <price t="2016-04-12" v="3001421500"/>
        <price t="2016-04-13" v="3074750700"/>
        <price t="2016-04-14" v="3097675600"/>
        <price t="2016-04-15" v="3115512400"/>
        <price t="2016-04-18" v="3144763900"/>
        <price t="2016-04-19" v="3140876700"/>
        <price t="2016-04-20" v="3190381436"/>
        <price t="2016-04-21" v="3193877625"/>
        <price t="2016-04-22" v="3073109550"/>
        <price t="2016-04-25" v="3097600000"/>
        <price t="2016-04-26" v="3082761875"/>
        <price t="2016-04-27" v="3023552500"/>
        <price t="2016-04-28" v="3117203100"/>
        <price t="2016-04-29" v="3282353550"/>
        <price t="2016-05-02" v="3374344800"/>
        <price t="2016-05-03" v="3394055375"/>
        <price t="2016-05-04" v="3343353000"/>
        <price t="2016-05-05" v="3351912975"/>
        <price t="2016-05-06" v="3316115400"/>
        <price t="2016-05-09" v="3385454500"/>
        <price t="2016-05-10" v="3485584375"/>
        <price t="2016-05-11" v="3551906925"/>
        <price t="2016-05-12" v="3571590400"/>
        <price t="2016-05-13" v="3574620000"/>
        <price t="2016-05-17" v="3525557000"/>
        <price t="2016-05-18" v="3489440625"/>
        <price t="2016-05-19" v="3455394200"/>
        <price t="2016-05-20" v="3533985000"/>
        <price t="2016-05-23" v="3497678125"/>
        <price t="2016-05-24" v="3533276000"/>
        <price t="2016-05-25" v="3536068500"/>
        <price t="2016-05-26" v="3568176000"/>
        <price t="2016-05-27" v="3584928000"/>
        <price t="2016-05-30" v="3575619000"/>
        <price t="2016-05-31" v="3621982650"/>
        <price t="2016-06-01" v="3612274850"/>
        <price t="2016-06-02" v="3609248800"/>
        <price t="2016-06-03" v="3546972000"/>
        <price t="2016-06-06" v="3639624300"/>
        <price t="2016-06-07" v="3625686000"/>
        <price t="2016-06-08" v="3625884150"/>
        <price t="2016-06-09" v="3635431500"/>
        <price t="2016-06-10" v="3597498000"/>
        <price t="2016-06-13" v="3588576300"/>
        <price t="2016-06-14" v="3579371875"/>
        <price t="2016-06-15" v="3578338430"/>
        <price t="2016-06-16" v="3544951500"/>
        <price t="2016-06-17" v="3529254400"/>
        <price t="2016-06-20" v="3609525300"/>
        <price t="2016-06-21" v="3582578100"/>
        <price t="2016-06-22" v="3558940275"/>
        <price t="2016-06-23" v="3602340700"/>
        <price t="2016-06-24" v="3506815400"/>
        <price t="2016-06-27" v="3437699850"/>
        <price t="2016-06-28" v="3530349225"/>
        <price t="2016-06-29" v="3583179000"/>
        <price t="2016-06-30" v="3592329650"/>
        <price t="2016-07-01" v="3624164125"/>
        <price t="2016-07-04" v="3647695000"/>
        <price t="2016-07-05" v="3623564600"/>
        <price t="2016-07-06" v="3666606250"/>
        <price t="2016-07-07" v="3671358000"/>
        <price t="2016-07-08" v="3727822500"/>
        <price t="2016-07-11" v="3778205550"/>
        <price t="2016-07-12" v="3766011300"/>
        <price t="2016-07-13" v="3726004800"/>
        <price t="2016-07-14" v="3740384250"/>
        <price t="2016-07-15" v="3705624000"/>
        <price t="2016-07-18" v="3685070200"/>
        <price t="2016-07-19" v="3723484875"/>
        <price t="2016-07-20" v="3725978732"/>
        <price t="2016-07-21" v="3736563375"/>
        <price t="2016-07-22" v="3757150750"/>
        <price t="2016-07-25" v="3711641450"/>
        <price t="2016-07-26" v="3687843950"/>
        <price t="2016-07-27" v="3693525550"/>
        <price t="2016-07-28" v="3746479250"/>
        <price t="2016-07-29" v="3805646850"/>
        <price t="2016-08-01" v="3836787700"/>
        <price t="2016-08-02" v="3785746829"/>
        <price t="2016-08-03" v="3777200000"/>
        <price t="2016-08-04" v="3784848000"/>
        <price t="2016-08-05" v="3866664022"/>
        <price t="2016-08-08" v="3819471500"/>
        <price t="2016-08-09" v="3845173800"/>
        <price t="2016-08-10" v="3844220400"/>
        <price t="2016-08-11" v="3845554400"/>
        <price t="2016-08-12" v="3851741600"/>
        <price t="2016-08-15" v="3840330000"/>
        <price t="2016-08-16" v="3832675875"/>
        <price t="2016-08-17" v="3801985300"/>
        <price t="2016-08-18" v="3811497675"/>
        <price t="2016-08-19" v="3798179763"/>
        <price t="2016-08-22" v="3783552900"/>
        <price t="2016-08-23" v="3823227325"/>
        <price t="2016-08-24" v="3808860066"/>
        <price t="2016-08-25" v="3786948250"/>
        <price t="2016-08-26" v="3852430250"/>
        <price t="2016-08-29" v="3860072750"/>
        <price t="2016-08-30" v="3840396000"/>
        <price t="2016-08-31" v="3825233500"/>
        <price t="2016-09-01" v="3826143150"/>
        <price t="2016-09-02" v="3882571875"/>
        <price t="2016-09-05" v="3868337422"/>
        <price t="2016-09-06" v="3882774050"/>
        <price t="2016-09-07" v="3925365025"/>
        <price t="2016-09-08" v="3923383200"/>
        <price t="2016-09-09" v="3892530600"/>
        <price t="2016-09-12" v="3840133950"/>
        <price t="2016-09-13" v="3807109500"/>
        <price t="2016-09-14" v="3801219300"/>
        <price t="2016-09-15" v="3841552900"/>
        <price t="2016-09-16" v="3923767650"/>
        <price t="2016-09-19" v="3872301125"/>
        <price t="2016-09-20" v="3892591200"/>
        <price t="2016-09-21" v="3912813750"/>
        <price t="2016-09-22" v="3998761350"/>
        <price t="2016-09-23" v="4022181450"/>
        <price t="2016-09-26" v="4009272000"/>
        <price t="2016-09-27" v="4070335500"/>
        <price t="2016-09-28" v="4121258750"/>
        <price t="2016-09-29" v="4136902175"/>
        <price t="2016-09-30" v="4158588600"/>
        <price t="2016-10-04" v="4175609125"/>
        <price t="2016-10-05" v="4205520770"/>
        <price t="2016-10-06" v="4224015250"/>
        <price t="2016-10-07" v="4202286500"/>
        <price t="2016-10-10" v="4221270000"/>
        <price t="2016-10-11" v="4168473750"/>
        <price t="2016-10-12" v="4179886000"/>
        <price t="2016-10-13" v="4126556300"/>
        <price t="2016-10-14" v="4147478950"/>
        <price t="2016-10-17" v="4073826700"/>
        <price t="2016-10-18" v="4093243550"/>
        <price t="2016-10-19" v="4087207225"/>
        <price t="2016-10-20" v="4071933000"/>
        <price t="2016-10-21" v="4078439900"/>
        <price t="2016-10-24" v="4165535225"/>
        <price t="2016-10-25" v="4208279400"/>
        <price t="2016-10-26" v="4147676250"/>
        <price t="2016-10-27" v="4123576625"/>
        <price t="2016-10-28" v="3908164650"/>
        <price t="2016-10-31" v="3961083750"/>
        <price t="2016-11-01" v="3928207500"/>
        <price t="2016-11-02" v="3864388500"/>
        <price t="2016-11-03" v="3825654600"/>
        <price t="2016-11-04" v="3793528675"/>
        <price t="2016-11-07" v="3918160400"/>
        <price t="2016-11-08" v="3932839400"/>
        <price t="2016-11-09" v="3879468450"/>
        <price t="2016-11-10" v="3740798250"/>
        <price t="2016-11-11" v="3690186200"/>
        <price t="2016-11-14" v="3618647175"/>
        <price t="2016-11-15" v="3705582125"/>
        <price t="2016-11-16" v="3748375500"/>
        <price t="2016-11-17" v="3789799125"/>
        <price t="2016-11-18" v="3816608175"/>
        <price t="2016-11-21" v="3881112325"/>
        <price t="2016-11-22" v="3902012925"/>
        <price t="2016-11-23" v="3891729150"/>
        <price t="2016-11-24" v="3895112700"/>
        <price t="2016-11-25" v="3893619200"/>
        <price t="2016-11-28" v="3859326000"/>
        <price t="2016-11-29" v="3812119200"/>
        <price t="2016-11-30" v="3815572125"/>
        <price t="2016-12-01" v="3719450000"/>
        <price t="2016-12-02" v="3710067250"/>
        <price t="2016-12-05" v="3788508000"/>
        <price t="2016-12-06" v="3829891200"/>
        <price t="2016-12-07" v="3809418250"/>
        <price t="2016-12-08" v="3899610700"/>
        <price t="2016-12-09" v="3840308300"/>
        <price t="2016-12-12" v="3802904400"/>
        <price t="2016-12-13" v="3887504000"/>
        <price t="2016-12-14" v="3857651700"/>
        <price t="2016-12-15" v="3849820500"/>
        <price t="2016-12-16" v="3769000950"/>
        <price t="2016-12-19" v="3830085000"/>
        <price t="2016-12-20" v="3865772000"/>
        <price t="2016-12-21" v="3826330675"/>
        <price t="2016-12-22" v="3823287300"/>
        <price t="2016-12-23" v="3778318200"/>
        <price t="2016-12-27" v="3859427500"/>
        <price t="2016-12-28" v="3874632525"/>
        <price t="2016-12-29" v="3813515725"/>
        <price t="2016-12-30" v="3835869900"/>
        <price t="2017-01-02" v="3809783250"/>
        <price t="2017-01-03" v="3749244625"/>
        <price t="2017-01-04" v="3765147750"/>
        <price t="2017-01-05" v="3841790850"/>
        <price t="2017-01-06" v="3965580500"/>
        <price t="2017-01-09" v="3965320700"/>
        <price t="2017-01-10" v="3996439400"/>
        <price t="2017-01-11" v="3961994175"/>
        <price t="2017-01-12" v="4025983000"/>
        <price t="2017-01-13" v="4111414650"/>
        <price t="2017-01-16" v="4083987000"/>
        <price t="2017-01-17" v="4053237158"/>
        <price t="2017-01-18" v="4024593600"/>
        <price t="2017-01-19" v="4087444200"/>
        <price t="2017-01-20" v="4042552200"/>
        <price t="2017-01-23" v="4047323375"/>
        <price t="2017-01-24" v="4112184800"/>
        <price t="2017-01-25" v="4167209700"/>
        <price t="2017-01-26" v="4208845000"/>
        <price t="2017-01-27" v="4175202900"/>
        <price t="2017-01-30" v="4101590815"/>
        <price t="2017-01-31" v="4087437750"/>
        <price t="2017-02-01" v="4148215500"/>
        <price t="2017-02-02" v="4211337200"/>
        <price t="2017-02-03" v="4041032725"/>
        <price t="2017-02-06" v="4025301800"/>
        <price t="2017-02-07" v="4060503125"/>
        <price t="2017-02-08" v="4080962250"/>
        <price t="2017-02-09" v="4131121500"/>
        <price t="2017-02-10" v="4129366500"/>
        <price t="2017-02-13" v="4219447275"/>
        <price t="2017-02-14" v="4193163675"/>
        <price t="2017-02-15" v="4186376875"/>
        <price t="2017-02-16" v="4200083600"/>
        <price t="2017-02-17" v="4239765000"/>
        <price t="2017-02-20" v="4240025092"/>
        <price t="2017-02-21" v="4278022000"/>
        <price t="2017-02-22" v="4274585800"/>
        <price t="2017-02-23" v="4255896825"/>
        <price t="2017-02-24" v="4220790650"/>
        <price t="2017-02-27" v="4234800000"/>
        <price t="2017-02-28" v="4238005225"/>
        <price t="2017-03-01" v="4245852300"/>
        <price t="2017-03-02" v="4242661850"/>
        <price t="2017-03-03" v="4253469000"/>
        <price t="2017-03-06" v="4212703200"/>
        <price t="2017-03-07" v="4226169600"/>
        <price t="2017-03-08" v="4254859700"/>
        <price t="2017-03-09" v="4263131550"/>
        <price t="2017-03-10" v="4248763600"/>
        <price t="2017-03-13" v="4272130950"/>
        <price t="2017-03-14" v="4243629425"/>
        <price t="2017-03-15" v="4245082300"/>
        <price t="2017-03-16" v="4259026450"/>
        <price t="2017-03-17" v="4256146800"/>
        <price t="2017-03-20" v="4284134400"/>
        <price t="2017-03-21" v="4245186000"/>
        <price t="2017-03-22" v="4237154525"/>
        <price t="2017-03-23" v="4249144700"/>
        <price t="2017-03-24" v="4247445500"/>
        <price t="2017-03-27" v="4222754200"/>
        <price t="2017-03-28" v="4268672900"/>
        <price t="2017-03-29" v="4340579800"/>
        <price t="2017-03-30" v="4370764275"/>
        <price t="2017-03-31" v="4442110500"/>
        <price t="2017-04-03" v="4443771325"/>
        <price t="2017-04-04" v="4496585925"/>
        <price t="2017-04-05" v="4599548500"/>
        <price t="2017-04-06" v="4519984150"/>
        <price t="2017-04-07" v="4470446500"/>
        <price t="2017-04-10" v="4518657150"/>
        <price t="2017-04-11" v="4493487400"/>
        <price t="2017-04-12" v="4500231750"/>
        <price t="2017-04-13" v="4464068500"/>
        <price t="2017-04-18" v="4513145000"/>
        <price t="2017-04-19" v="4546863750"/>
        <price t="2017-04-20" v="4499194753"/>
        <price t="2017-04-21" v="4494497250"/>
        <price t="2017-04-24" v="4533108000"/>
        <price t="2017-04-25" v="4517042250"/>
        <price t="2017-04-26" v="4559537475"/>
        <price t="2017-04-27" v="4609463625"/>
        <price t="2017-04-28" v="4689243250"/>
        <price t="2017-05-02" v="4725103500"/>
        <price t="2017-05-03" v="4687253725"/>
        <price t="2017-05-04" v="4673477900"/>
        <price t="2017-05-05" v="4650204250"/>
        <price t="2017-05-08" v="4707168300"/>
        <price t="2017-05-09" v="4772482600"/>
        <price t="2017-05-10" v="4754889900"/>
        <price t="2017-05-11" v="4715683500"/>
        <price t="2017-05-12" v="4767494600"/>
        <price t="2017-05-15" v="4793941100"/>
        <price t="2017-05-16" v="4823659325"/>
        <price t="2017-05-17" v="4758909775"/>
        <price t="2017-05-18" v="4784913550"/>
        <price t="2017-05-19" v="4828489575"/>
        <price t="2017-05-22" v="4851354500"/>
        <price t="2017-05-23" v="4852450125"/>
        <price t="2017-05-24" v="4873712025"/>
        <price t="2017-05-25" v="4983781950"/>
        <price t="2017-05-26" v="4981100400"/>
        <price t="2017-05-29" v="5017818000"/>
        <price t="2017-05-30" v="4988465175"/>
        <price t="2017-05-31" v="4950705200"/>
        <price t="2017-06-01" v="4978150775"/>
        <price t="2017-06-02" v="4986236925"/>
        <price t="2017-06-06" v="5046117050"/>
        <price t="2017-06-07" v="5012316450"/>
        <price t="2017-06-08" v="5053050000"/>
        <price t="2017-06-09" v="5023891400"/>
        <price t="2017-06-12" v="4867389275"/>
        <price t="2017-06-13" v="4864812900"/>
        <price t="2017-06-14" v="4895430925"/>
        <price t="2017-06-15" v="4807242150"/>
        <price t="2017-06-16" v="4962335625"/>
        <price t="2017-06-19" v="5004553125"/>
        <price t="2017-06-20" v="5010996300"/>
        <price t="2017-06-21" v="4968775250"/>
        <price t="2017-06-22" v="5026050000"/>
        <price t="2017-06-23" v="4993213700"/>
        <price t="2017-06-26" v="4967587350"/>
        <price t="2017-06-27" v="4953297600"/>
        <price t="2017-06-28" v="4919118750"/>
        <price t="2017-06-29" v="4854804875"/>
        <price t="2017-06-30" v="4890042000"/>
        <price t="2017-07-03" v="4798570675"/>
        <price t="2017-07-04" v="4768260000"/>
        <price t="2017-07-05" v="4826437225"/>
        <price t="2017-07-06" v="4811585625"/>
        <price t="2017-07-07" v="4887759600"/>
        <price t="2017-07-10" v="4970994850"/>
        <price t="2017-07-11" v="4946918750"/>
        <price t="2017-07-12" v="5029545700"/>
        <price t="2017-07-13" v="5012919275"/>
        <price t="2017-07-14" v="4986642750"/>
        <price t="2017-07-17" v="5051589950"/>
        <price t="2017-07-18" v="5087955375"/>
        <price t="2017-07-19" v="5149484500"/>
        <price t="2017-07-20" v="5076944250"/>
        <price t="2017-07-21" v="5114330600"/>
        <price t="2017-07-24" v="5163849600"/>
        <price t="2017-07-25" v="5199737100"/>
        <price t="2017-07-26" v="5254937200"/>
        <price t="2017-07-27" v="5412860250"/>
        <price t="2017-07-28" v="5061356725"/>
        <price t="2017-07-31" v="4955243850"/>
        <price t="2017-08-01" v="5001496100"/>
        <price t="2017-08-02" v="4912287975"/>
        <price t="2017-08-03" v="4928719500"/>
        <price t="2017-08-04" v="4994351100"/>
        <price t="2017-08-07" v="4969486250"/>
        <price t="2017-08-08" v="4987870800"/>
        <price t="2017-08-09" v="4911769700"/>
        <price t="2017-08-10" v="4816279300"/>
        <price t="2017-08-11" v="4821002875"/>
        <price t="2017-08-14" v="4924067800"/>
        <price t="2017-08-15" v="4931305600"/>
        <price t="2017-08-16" v="4913223250"/>
        <price t="2017-08-17" v="4819456425"/>
        <price t="2017-08-18" v="4820150500"/>
        <price t="2017-08-21" v="4734390550"/>
        <price t="2017-08-22" v="4827581375"/>
        <price t="2017-08-23" v="4799538225"/>
        <price t="2017-08-24" v="4710594000"/>
        <price t="2017-08-25" v="4719952800"/>
        <price t="2017-08-28" v="4764037500"/>
        <price t="2017-08-29" v="4763478000"/>
        <price t="2017-08-30" v="4808701800"/>
        <price t="2017-08-31" v="4865396250"/>
        <price t="2017-09-01" v="4917000000"/>
        <price t="2017-09-04" v="4895931250"/>
        <price t="2017-09-05" v="4836852000"/>
        <price t="2017-09-06" v="4815053325"/>
        <price t="2017-09-07" v="4867109325"/>
        <price t="2017-09-08" v="4883998500"/>
        <price t="2017-09-11" v="4896575550"/>
        <price t="2017-09-12" v="4898794825"/>
        <price t="2017-09-13" v="4978771875"/>
        <price t="2017-09-14" v="4959313375"/>
        <price t="2017-09-15" v="4968532975"/>
        <price t="2017-09-18" v="4926757800"/>
        <price t="2017-09-19" v="4865720100"/>
        <price t="2017-09-20" v="4843323625"/>
        <price t="2017-09-21" v="4828965625"/>
        <price t="2017-09-22" v="4785596100"/>
        <price t="2017-09-25" v="4716242475"/>
        <price t="2017-09-26" v="4680323025"/>
        <price t="2017-09-27" v="4724284875"/>
        <price t="2017-09-28" v="4783045800"/>
        <price t="2017-09-29" v="4815077100"/>
        <price t="2017-10-02" v="4795662400"/>
        <price t="2017-10-04" v="4843572975"/>
        <price t="2017-10-05" v="4884965550"/>
        <price t="2017-10-06" v="4935671200"/>
        <price t="2017-10-09" v="4957986600"/>
        <price t="2017-10-10" v="4920528700"/>
        <price t="2017-10-11" v="4944348500"/>
        <price t="2017-10-12" v="5026054800"/>
        <price t="2017-10-13" v="5012754500"/>
        <price t="2017-10-16" v="5019225750"/>
        <price t="2017-10-17" v="5041083300"/>
        <price t="2017-10-18" v="5027984550"/>
        <price t="2017-10-19" v="4927677600"/>
        <price t="2017-10-20" v="4966809950"/>
        <price t="2017-10-23" v="4867110500"/>
        <price t="2017-10-24" v="4888753675"/>
        <price t="2017-10-25" v="4846875875"/>
        <price t="2017-10-26" v="4888660350"/>
        <price t="2017-10-27" v="5445356125"/>
        <price t="2017-10-30" v="5529634400"/>
        <price t="2017-11-01" v="5504668600"/>
        <price t="2017-11-02" v="5459758250"/>
        <price t="2017-11-03" v="5496275500"/>
        <price t="2017-11-06" v="5599418750"/>
        <price t="2017-11-07" v="5601499950"/>
        <price t="2017-11-08" v="5628393750"/>
        <price t="2017-11-09" v="5611184250"/>
        <price t="2017-11-10" v="5628007950"/>
        <price t="2017-11-13" v="5680843000"/>
        <price t="2017-11-14" v="5664026250"/>
        <price t="2017-11-15" v="5659224000"/>
        <price t="2017-11-16" v="5678330400"/>
        <price t="2017-11-17" v="5688138750"/>
        <price t="2017-11-20" v="5651640225"/>
        <price t="2017-11-21" v="5679421650"/>
        <price t="2017-11-22" v="5719119475"/>
        <price t="2017-11-23" v="5789229000"/>
        <price t="2017-11-24" v="5845265550"/>
        <price t="2017-11-27" v="5998111200"/>
        <price t="2017-11-28" v="6003737200"/>
        <price t="2017-11-29" v="5765071150"/>
        <price t="2017-11-30" v="5836224950"/>
        <price t="2017-12-01" v="5779972625"/>
        <price t="2017-12-04" v="5717150250"/>
        <price t="2017-12-05" v="5780743650"/>
        <price t="2017-12-06" v="5760196650"/>
        <price t="2017-12-07" v="5793702950"/>
        <price t="2017-12-08" v="5835774000"/>
        <price t="2017-12-11" v="5811004500"/>
        <price t="2017-12-12" v="5883000000"/>
        <price t="2017-12-13" v="5809906800"/>
        <price t="2017-12-14" v="5881634750"/>
        <price t="2017-12-15" v="5901524250"/>
        <price t="2017-12-18" v="5929936250"/>
        <price t="2017-12-19" v="5937510600"/>
        <price t="2017-12-20" v="5875120000"/>
        <price t="2017-12-21" v="5888882925"/>
        <price t="2017-12-22" v="5855678325"/>
        <price t="2017-12-27" v="5915680875"/>
        <price t="2017-12-28" v="5920755750"/>
        <price t="2017-12-29" v="5937434475"/>
        <price t="2018-01-02" v="5929947500"/>
        <price t="2018-01-03" v="5999477000"/>
        <price t="2018-01-04" v="6044565000"/>
        <price t="2018-01-05" v="6094770000"/>
        <price t="2018-01-08" v="6237933000"/>
        <price t="2018-01-09" v="6228504000"/>
        <price t="2018-01-10" v="6259824000"/>
        <price t="2018-01-11" v="6272874000"/>
        <price t="2018-01-12" v="6517569000"/>
        <price t="2018-01-15" v="6580472000"/>
        <price t="2018-01-16" v="6640890000"/>
        <price t="2018-01-17" v="6443184000"/>
        <price t="2018-01-18" v="6509020000"/>
        <price t="2018-01-19" v="6495150000"/>
        <price t="2018-01-22" v="6572343000"/>
        <price t="2018-01-23" v="6749199000"/>
        <price t="2018-01-24" v="6756544000"/>
        <price t="2018-01-25" v="6799036000"/>
        <price t="2018-01-26" v="6989032000"/>
        <price t="2018-01-29" v="7105546000"/>
        <price t="2018-01-30" v="7136237130"/>
        <price t="2018-01-31" v="7318176075"/>
        <price t="2018-02-01" v="7163925000"/>
        <price t="2018-02-02" v="7357788000"/>
        <price t="2018-02-05" v="7264960000"/>
        <price t="2018-02-06" v="6916630645"/>
        <price t="2018-02-07" v="7328772000"/>
        <price t="2018-02-08" v="6969243900"/>
        <price t="2018-02-09" v="6651966000"/>
        <price t="2018-02-12" v="6891806000"/>
        <price t="2018-02-13" v="6993427650"/>
        <price t="2018-02-14" v="7137144000"/>
        <price t="2018-02-15" v="7295912000"/>
        <price t="2018-02-16" v="7291440000"/>
        <price t="2018-02-19" v="7284670000"/>
        <price t="2018-02-20" v="7371360700"/>
        <price t="2018-02-21" v="7490005200"/>
        <price t="2018-02-22" v="7430355900"/>
        <price t="2018-02-23" v="7465247020"/>
        <price t="2018-02-26" v="7601316800"/>
        <price t="2018-02-27" v="7638921000"/>
        <price t="2018-02-28" v="7590756720"/>
        <price t="2018-03-01" v="7507924770"/>
        <price t="2018-03-02" v="7389231480"/>
        <price t="2018-03-05" v="7550590640"/>
        <price t="2018-03-06" v="7662179070"/>
        <price t="2018-03-07" v="7694876985"/>
        <price t="2018-03-08" v="7816348985"/>
        <price t="2018-03-09" v="7815355260"/>
        <price t="2018-03-12" v="7999006440"/>
        <price t="2018-03-13" v="7916968800"/>
        <price t="2018-03-14" v="7989446325"/>
        <price t="2018-03-15" v="7940199400"/>
        <price t="2018-03-16" v="7878113945"/>
        <price t="2018-03-19" v="7683031620"/>
        <price t="2018-03-20" v="7893836280"/>
        <price t="2018-03-21" v="7946523370"/>
        <price t="2018-03-22" v="7755754680"/>
        <price t="2018-03-23" v="7600135870"/>
        <price t="2018-03-26" v="7556313240"/>
        <price t="2018-03-27" v="7840443520"/>
        <price t="2018-03-28" v="7056631650"/>
        <price t="2018-03-29" v="7101947610"/>
        <price t="2018-04-03" v="6941712000"/>
        <price t="2018-04-04" v="6910344540"/>
        <price t="2018-04-05" v="7280294500"/>
        <price t="2018-04-06" v="7150956510"/>
        <price t="2018-04-09" v="7148624000"/>
        <price t="2018-04-10" v="7169380000"/>
        <price t="2018-04-11" v="7198200000"/>
        <price t="2018-04-12" v="7243089710"/>
        <price t="2018-04-13" v="7214682750"/>
        <price t="2018-04-16" v="7171198250"/>
        <price t="2018-04-17" v="7397209125"/>
        <price t="2018-04-18" v="7640360940"/>
        <price t="2018-04-19" v="7779301050"/>
        <price t="2018-04-20" v="7744822800"/>
        <price t="2018-04-23" v="7703209100"/>
        <price t="2018-04-24" v="7410115620"/>
        <price t="2018-04-25" v="7313437000"/>
        <price t="2018-04-26" v="7540509600"/>
        <price t="2018-04-27" v="7952621250"/>
        <price t="2018-04-30" v="7919294375"/>
        <price t="2018-05-02" v="7916215100"/>
        <price t="2018-05-03" v="7784906600"/>
        <price t="2018-05-04" v="7919887300"/>
        <price t="2018-05-07" v="7997846450"/>
        <price t="2018-05-08" v="7957648000"/>
        <price t="2018-05-09" v="8000150130"/>
        <price t="2018-05-10" v="8029231050"/>
        <price t="2018-05-11" v="8031462660"/>
        <price t="2018-05-14" v="8039512440"/>
        <price t="2018-05-15" v="7860604500"/>
        <price t="2018-05-16" v="7921440480"/>
        <price t="2018-05-17" v="7958931000"/>
        <price t="2018-05-18" v="7909056540"/>
        <price t="2018-05-22" v="7905459230"/>
        <price t="2018-05-23" v="7883581800"/>
        <price t="2018-05-24" v="7975626400"/>
        <price t="2018-05-25" v="8067074750"/>
        <price t="2018-05-28" v="8094967020"/>
        <price t="2018-05-29" v="8096321210"/>
        <price t="2018-05-30" v="8104596000"/>
        <price t="2018-05-31" v="8175027220"/>
        <price t="2018-06-01" v="8225886515"/>
        <price t="2018-06-04" v="8294479215"/>
        <price t="2018-06-05" v="8405766500"/>
        <price t="2018-06-06" v="8523683675"/>
        <price t="2018-06-07" v="8442618800"/>
        <price t="2018-06-08" v="8417450790"/>
        <price t="2018-06-11" v="8427374100"/>
        <price t="2018-06-12" v="8476338220"/>
        <price t="2018-06-13" v="8555016080"/>
        <price t="2018-06-14" v="8657854350"/>
        <price t="2018-06-15" v="8560573060"/>
        <price t="2018-06-18" v="8616439545"/>
        <price t="2018-06-19" v="8531007760"/>
        <price t="2018-06-20" v="8761651500"/>
        <price t="2018-06-21" v="8658519030"/>
        <price t="2018-06-22" v="8645262080"/>
        <price t="2018-06-25" v="8339584500"/>
        <price t="2018-06-26" v="8397537120"/>
        <price t="2018-06-27" v="8501169600"/>
        <price t="2018-06-28" v="8429673038"/>
        <price t="2018-06-29" v="8555689620"/>
        <price t="2018-07-02" v="8496993755"/>
        <price t="2018-07-03" v="8544233388"/>
        <price t="2018-07-04" v="8475434210"/>
        <price t="2018-07-05" v="8487883373"/>
        <price t="2018-07-06" v="8540054700"/>
        <price t="2018-07-09" v="8678826020"/>
        <price t="2018-07-10" v="8707004963"/>
        <price t="2018-07-11" v="8736414125"/>
        <price t="2018-07-12" v="8898784560"/>
        <price t="2018-07-13" v="9041488080"/>
        <price t="2018-07-16" v="9143182200"/>
        <price t="2018-07-17" v="9218150335"/>
        <price t="2018-07-18" v="9215476535"/>
        <price t="2018-07-19" v="9155910560"/>
        <price t="2018-07-20" v="9121563750"/>
        <price t="2018-07-23" v="9034324760"/>
        <price t="2018-07-24" v="9148473120"/>
        <price t="2018-07-25" v="9194652600"/>
        <price t="2018-07-26" v="9179368840"/>
        <price t="2018-07-27" v="9200025000"/>
        <price t="2018-07-30" v="8966360020"/>
        <price t="2018-07-31" v="8910792720"/>
        <price t="2018-08-01" v="8941592000"/>
        <price t="2018-08-02" v="9049643000"/>
        <price t="2018-08-03" v="9135747440"/>
        <price t="2018-08-06" v="9128896980"/>
        <price t="2018-08-07" v="9279859700"/>
        <price t="2018-08-08" v="9409630605"/>
        <price t="2018-08-09" v="9510433480"/>
        <price t="2018-08-10" v="9507219840"/>
        <price t="2018-08-13" v="9522873360"/>
        <price t="2018-08-14" v="9595240470"/>
        <price t="2018-08-15" v="9483375280"/>
        <price t="2018-08-16" v="9480419700"/>
        <price t="2018-08-17" v="9338626575"/>
        <price t="2018-08-20" v="9375705800"/>
        <price t="2018-08-21" v="9441301680"/>
        <price t="2018-08-22" v="9509786880"/>
        <price t="2018-08-23" v="9540401260"/>
        <price t="2018-08-24" v="9543007700"/>
        <price t="2018-08-27" v="9559592245"/>
        <price t="2018-08-28" v="9679778750"/>
        <price t="2018-08-29" v="9864360000"/>
        <price t="2018-08-30" v="10085928420"/>
        <price t="2018-08-31" v="10095999290"/>
        <price t="2018-09-03" v="10175288500"/>
        <price t="2018-09-04" v="10247631840"/>
        <price t="2018-09-05" v="9984031460"/>
        <price t="2018-09-06" v="9840269880"/>
        <price t="2018-09-07" v="9903123225"/>
        <price t="2018-09-10" v="9688629720"/>
        <price t="2018-09-11" v="9820481130"/>
        <price t="2018-09-12" v="9909751075"/>
        <price t="2018-09-13" v="9949625000"/>
        <price t="2018-09-14" v="9904498815"/>
        <price t="2018-09-17" v="9609609625"/>
        <price t="2018-09-18" v="9787406265"/>
        <price t="2018-09-19" v="9591440700"/>
        <price t="2018-09-20" v="9766033890"/>
        <price t="2018-09-21" v="9691121055"/>
        <price t="2018-09-24" v="9602647450"/>
        <price t="2018-09-25" v="9753475860"/>
        <price t="2018-09-26" v="9923340075"/>
        <price t="2018-09-27" v="10063629880"/>
        <price t="2018-09-28" v="10053813880"/>
        <price t="2018-10-01" v="10154205460"/>
        <price t="2018-10-02" v="10042121430"/>
        <price t="2018-10-04" v="9574782390"/>
        <price t="2018-10-05" v="9440615470"/>
        <price t="2018-10-08" v="9274224000"/>
        <price t="2018-10-09" v="9400885025"/>
        <price t="2018-10-10" v="8987250000"/>
        <price t="2018-10-11" v="8534073875"/>
        <price t="2018-10-12" v="8929572480"/>
        <price t="2018-10-15" v="8849736960"/>
        <price t="2018-10-16" v="8939428435"/>
        <price t="2018-10-17" v="9129165750"/>
        <price t="2018-10-18" v="8945597700"/>
        <price t="2018-10-19" v="8931803700"/>
        <price t="2018-10-22" v="8999227300"/>
        <price t="2018-10-23" v="8678056680"/>
        <price t="2018-10-24" v="8678190220"/>
        <price t="2018-10-25" v="8779189400"/>
        <price t="2018-10-26" v="8194096425"/>
        <price t="2018-10-29" v="7818234855"/>
        <price t="2018-10-30" v="7617477340"/>
        <price t="2018-10-31" v="7983604020"/>
        <price t="2018-11-01" v="8132152505"/>
        <price t="2018-11-02" v="8386756945"/>
        <price t="2018-11-05" v="7998453900"/>
        <price t="2018-11-06" v="8208332420"/>
        <price t="2018-11-07" v="8603705565"/>
        <price t="2018-11-08" v="8841433440"/>
        <price t="2018-11-09" v="8605657350"/>
        <price t="2018-11-12" v="8206721475"/>
        <price t="2018-11-13" v="8289222100"/>
        <price t="2018-11-14" v="8118774080"/>
        <price t="2018-11-15" v="7893377100"/>
        <price t="2018-11-16" v="7898234250"/>
        <price t="2018-11-19" v="7690999485"/>
        <price t="2018-11-20" v="7599590505"/>
        <price t="2018-11-21" v="7675747020"/>
        <price t="2018-11-22" v="7486069500"/>
        <price t="2018-11-23" v="7602434400"/>
        <price t="2018-11-26" v="7804960625"/>
        <price t="2018-11-27" v="8018921280"/>
        <price t="2018-11-28" v="8053108700"/>
        <price t="2018-11-29" v="8348208245"/>
        <price t="2018-11-30" v="8456434730"/>
        <price t="2018-12-03" v="8846609100"/>
        <price t="2018-12-04" v="8783218650"/>
        <price t="2018-12-05" v="8441699000"/>
        <price t="2018-12-06" v="8204673065"/>
        <price t="2018-12-07" v="8283091240"/>
        <price t="2018-12-10" v="8106151750"/>
        <price t="2018-12-11" v="8292446250"/>
        <price t="2018-12-12" v="8456287260"/>
        <price t="2018-12-13" v="8302990490"/>
        <price t="2018-12-14" v="8137952050"/>
        <price t="2018-12-17" v="7841280810"/>
        <price t="2018-12-18" v="7696597385"/>
        <price t="2018-12-19" v="7794690225"/>
        <price t="2018-12-20" v="7301157600"/>
        <price t="2018-12-21" v="7107269520"/>
        <price t="2018-12-27" v="7112957285"/>
        <price t="2018-12-28" v="7359767700"/>
        <price t="2019-01-02" v="7636502865"/>
        <price t="2019-01-03" v="7579839860"/>
        <price t="2019-01-04" v="7808375295"/>
        <price t="2019-01-07" v="8087895375"/>
        <price t="2019-01-08" v="8200992800"/>
        <price t="2019-01-09" v="8231677550"/>
        <price t="2019-01-10" v="8295856650"/>
        <price t="2019-01-11" v="8274581510"/>
        <price t="2019-01-14" v="8218570905"/>
        <price t="2019-01-15" v="8287083840"/>
        <price t="2019-01-16" v="8470511805"/>
        <price t="2019-01-17" v="8447854800"/>
        <price t="2019-01-18" v="8586675170"/>
        <price t="2019-01-21" v="8498776000"/>
        <price t="2019-01-22" v="8310617070"/>
        <price t="2019-01-23" v="8161449165"/>
        <price t="2019-01-24" v="8188882460"/>
        <price t="2019-01-25" v="8330233200"/>
        <price t="2019-01-28" v="8087997390"/>
        <price t="2019-01-29" v="7981807820"/>
        <price t="2019-01-30" v="8216650970"/>
        <price t="2019-01-31" v="8588830880"/>
        <price t="2019-02-01" v="8233482315"/>
        <price t="2019-02-04" v="8242116750"/>
        <price t="2019-02-05" v="8288585915"/>
        <price t="2019-02-06" v="8213364900"/>
        <price t="2019-02-07" v="7995729100"/>
        <price t="2019-02-08" v="7898290980"/>
        <price t="2019-02-11" v="7968264855"/>
        <price t="2019-02-12" v="8124817440"/>
        <price t="2019-02-13" v="8239875350"/>
        <price t="2019-02-14" v="8058648240"/>
        <price t="2019-02-15" v="8038007300"/>
        <price t="2019-02-18" v="8099406720"/>
        <price t="2019-02-19" v="8087520460"/>
        <price t="2019-02-20" v="8142251670"/>
        <price t="2019-02-21" v="8079790250"/>
        <price t="2019-02-22" v="8159775750"/>
        <price t="2019-02-25" v="8210119200"/>
        <price t="2019-02-26" v="8130158820"/>
        <price t="2019-02-27" v="8145202820"/>
        <price t="2019-02-28" v="8253425520"/>
        <price t="2019-03-01" v="8283921335"/>
        <price t="2019-03-04" v="8484780855"/>
        <price t="2019-03-05" v="8530906935"/>
        <price t="2019-03-06" v="8386501200"/>
        <price t="2019-03-07" v="8296864875"/>
        <price t="2019-03-08" v="8040675220"/>
        <price t="2019-03-11" v="8294192820"/>
        <price t="2019-03-12" v="8390234875"/>
        <price t="2019-03-13" v="8469733505"/>
        <price t="2019-03-14" v="8478817650"/>
        <price t="2019-03-15" v="8520012600"/>
        <price t="2019-03-18" v="8703604845"/>
        <price t="2019-03-19" v="8915234940"/>
        <price t="2019-03-20" v="8881666500"/>
        <price t="2019-03-21" v="9053803700"/>
        <price t="2019-03-22" v="8924906850"/>
        <price t="2019-03-25" v="8850204375"/>
        <price t="2019-03-26" v="8958843950"/>
        <price t="2019-03-27" v="8794728390"/>
        <price t="2019-03-28" v="8808261420"/>
        <price t="2019-03-29" v="8922499950"/>
        <price t="2019-04-01" v="9035204680"/>
        <price t="2019-04-02" v="9082416000"/>
        <price t="2019-04-03" v="9145505920"/>
        <price t="2019-04-04" v="9068710365"/>
        <price t="2019-04-05" v="9162421110"/>
        <price t="2019-04-08" v="9146146880"/>
        <price t="2019-04-09" v="9235863000"/>
        <price t="2019-04-10" v="9221710400"/>
        <price t="2019-04-11" v="9229721600"/>
        <price t="2019-04-12" v="9228879200"/>
        <price t="2019-04-15" v="9152217000"/>
        <price t="2019-04-16" v="9306276000"/>
        <price t="2019-04-17" v="9323325000"/>
        <price t="2019-04-18" v="9327375000"/>
        <price t="2019-04-23" v="9638089500"/>
        <price t="2019-04-24" v="9619563800"/>
        <price t="2019-04-25" v="9565780000"/>
        <price t="2019-04-26" v="9553227300"/>
        <price t="2019-04-29" v="9708305000"/>
        <price t="2019-04-30" v="9571197600"/>
        <price t="2019-05-02" v="9533563600"/>
        <price t="2019-05-03" v="9751701000"/>
        <price t="2019-05-06" v="9755448900"/>
        <price t="2019-05-07" v="9626929500"/>
        <price t="2019-05-08" v="9629239200"/>
        <price t="2019-05-09" v="9397642800"/>
        <price t="2019-05-10" v="9290579000"/>
        <price t="2019-05-13" v="9142185000"/>
        <price t="2019-05-14" v="9258082200"/>
        <price t="2019-05-15" v="9272943600"/>
        <price t="2019-05-16" v="9589768000"/>
        <price t="2019-05-17" v="9517426800"/>
        <price t="2019-05-20" v="9270843400"/>
        <price t="2019-05-21" v="9263630000"/>
        <price t="2019-05-22" v="9336721800"/>
        <price t="2019-05-23" v="9108360300"/>
        <price t="2019-05-24" v="9112930200"/>
        <price t="2019-05-27" v="9157724400"/>
        <price t="2019-05-28" v="9217731200"/>
        <price t="2019-05-29" v="9099949200"/>
        <price t="2019-05-30" v="9080890400"/>
        <price t="2019-05-31" v="8964288900"/>
        <price t="2019-06-03" v="8577776500"/>
        <price t="2019-06-04" v="8598286800"/>
        <price t="2019-06-05" v="8676895600"/>
        <price t="2019-06-06" v="8675946600"/>
        <price t="2019-06-07" v="8920324900"/>
        <price t="2019-06-11" v="9327680000"/>
        <price t="2019-06-12" v="9279198500"/>
        <price t="2019-06-13" v="9359709900"/>
        <price t="2019-06-14" v="9383745000"/>
        <price t="2019-06-17" v="9430943000"/>
        <price t="2019-06-18" v="9582784200"/>
        <price t="2019-06-19" v="9495691100"/>
        <price t="2019-06-20" v="9592858800"/>
        <price t="2019-06-21" v="9605020800"/>
        <price t="2019-06-24" v="9542475000"/>
        <price t="2019-06-25" v="9449762400"/>
        <price t="2019-06-26" v="9442958200"/>
        <price t="2019-06-27" v="9493950000"/>
        <price t="2019-06-28" v="9514818000"/>
        <price t="2019-07-01" v="9645515100"/>
        <price t="2019-07-02" v="9544824600"/>
        <price t="2019-07-03" v="9700687000"/>
        <price t="2019-07-04" v="9702036000"/>
        <price t="2019-07-05" v="9706120000"/>
        <price t="2019-07-08" v="9729012500"/>
        <price t="2019-07-09" v="9868243500"/>
        <price t="2019-07-10" v="10029558000"/>
        <price t="2019-07-11" v="10177941500"/>
        <price t="2019-07-12" v="10055680800"/>
        <price t="2019-07-15" v="10035044500"/>
        <price t="2019-07-16" v="10100700000"/>
        <price t="2019-07-17" v="9984714500"/>
        <price t="2019-07-18" v="9817364800"/>
        <price t="2019-07-19" v="9947358600"/>
        <price t="2019-07-22" v="9818732500"/>
        <price t="2019-07-23" v="9931679700"/>
        <price t="2019-07-24" v="9942450000"/>
        <price t="2019-07-25" v="9923472000"/>
        <price t="2019-07-26" v="9720132600"/>
        <price t="2019-07-29" v="9467828500"/>
        <price t="2019-07-30" v="9506554200"/>
        <price t="2019-07-31" v="9457163100"/>
        <price t="2019-08-01" v="9431116500"/>
        <price t="2019-08-02" v="9068049000"/>
        <price t="2019-08-05" v="8878508000"/>
        <price t="2019-08-06" v="8781795000"/>
        <price t="2019-08-07" v="8846219400"/>
        <price t="2019-08-08" v="9092073900"/>
        <price t="2019-08-09" v="9019989000"/>
        <price t="2019-08-12" v="8937289600"/>
        <price t="2019-08-13" v="9092064400"/>
        <price t="2019-08-14" v="8902291600"/>
        <price t="2019-08-15" v="8909965000"/>
        <price t="2019-08-16" v="8961591600"/>
        <price t="2019-08-19" v="9123335100"/>
        <price t="2019-08-20" v="9061275600"/>
        <price t="2019-08-21" v="9128598400"/>
        <price t="2019-08-22" v="9050377800"/>
        <price t="2019-08-23" v="8806633500"/>
        <price t="2019-08-26" v="8807206800"/>
        <price t="2019-08-27" v="8814355200"/>
        <price t="2019-08-28" v="8825392900"/>
        <price t="2019-08-29" v="8983820800"/>
        <price t="2019-08-30" v="8893912400"/>
        <price t="2019-09-02" v="8846788800"/>
        <price t="2019-09-03" v="8967246300"/>
        <price t="2019-09-04" v="9003909600"/>
        <price t="2019-09-05" v="9181457400"/>
        <price t="2019-09-06" v="9163437000"/>
        <price t="2019-09-09" v="9221381400"/>
        <price t="2019-09-10" v="9058320000"/>
        <price t="2019-09-11" v="9152295400"/>
        <price t="2019-09-12" v="9162875400"/>
        <price t="2019-09-13" v="9229652800"/>
        <price t="2019-09-16" v="9045420000"/>
        <price t="2019-09-17" v="9051243400"/>
        <price t="2019-09-18" v="9054617600"/>
        <price t="2019-09-19" v="9169009500"/>
        <price t="2019-09-20" v="9012613000"/>
        <price t="2019-09-23" v="8894554500"/>
        <price t="2019-09-24" v="8840910500"/>
        <price t="2019-09-25" v="8730690000"/>
        <price t="2019-09-26" v="8692428600"/>
        <price t="2019-09-27" v="8698792500"/>
        <price t="2019-09-30" v="8641510400"/>
        <price t="2019-10-01" v="8655191600"/>
        <price t="2019-10-02" v="8513852500"/>
        <price t="2019-10-04" v="8653647800"/>
        <price t="2019-10-07" v="8720746900"/>
        <price t="2019-10-08" v="8607531000"/>
        <price t="2019-10-09" v="8618986900"/>
        <price t="2019-10-10" v="8681713000"/>
        <price t="2019-10-11" v="8722865700"/>
        <price t="2019-10-14" v="8643891600"/>
        <price t="2019-10-15" v="8747262900"/>
        <price t="2019-10-16" v="8858587500"/>
        <price t="2019-10-17" v="8932629400"/>
        <price t="2019-10-18" v="8846107200"/>
        <price t="2019-10-21" v="8921640500"/>
        <price t="2019-10-22" v="8855028000"/>
        <price t="2019-10-23" v="8843897300"/>
        <price t="2019-10-24" v="8945799200"/>
        <price t="2019-10-25" v="8760090900"/>
        <price t="2019-10-28" v="8849643400"/>
        <price t="2019-10-29" v="8811649000"/>
        <price t="2019-10-30" v="8824827600"/>
        <price t="2019-10-31" v="8887507200"/>
        <price t="2019-11-01" v="8922339000"/>
        <price t="2019-11-04" v="9060296000"/>
        <price t="2019-11-05" v="9048280500"/>
        <price t="2019-11-06" v="8996208000"/>
        <price t="2019-11-07" v="9037724300"/>
        <price t="2019-11-08" v="8912161800"/>
        <price t="2019-11-11" v="8861506600"/>
        <price t="2019-11-12" v="8922150000"/>
        <price t="2019-11-13" v="8813604800"/>
        <price t="2019-11-14" v="8759110500"/>
        <price t="2019-11-15" v="8724583800"/>
        <price t="2019-11-18" v="8722704600"/>
        <price t="2019-11-19" v="8733106800"/>
        <price t="2019-11-20" v="8757622100"/>
        <price t="2019-11-21" v="8698671300"/>
        <price t="2019-11-22" v="8689376400"/>
        <price t="2019-11-25" v="8861440000"/>
        <price t="2019-11-26" v="8959260000"/>
        <price t="2019-11-27" v="9107745700"/>
        <price t="2019-11-28" v="9106637500"/>
        <price t="2019-11-29" v="8995356200"/>
        <price t="2019-12-02" v="8798558600"/>
        <price t="2019-12-03" v="8733911900"/>
        <price t="2019-12-04" v="8860367600"/>
        <price t="2019-12-05" v="8726540400"/>
        <price t="2019-12-06" v="8764260000"/>
        <price t="2019-12-09" v="8797980000"/>
        <price t="2019-12-10" v="8703198900"/>
        <price t="2019-12-11" v="8679477500"/>
        <price t="2019-12-12" v="8790434100"/>
        <price t="2019-12-13" v="8841986200"/>
        <price t="2019-12-16" v="8810913000"/>
        <price t="2019-12-17" v="8915089400"/>
        <price t="2019-12-18" v="8964247500"/>
        <price t="2019-12-19" v="8944738200"/>
        <price t="2019-12-20" v="8996337900"/>
        <price t="2019-12-23" v="8937525000"/>
        <price t="2019-12-27" v="9471127600"/>
        <price t="2019-12-30" v="9356241800"/>
        <price t="2020-01-02" v="9340558500"/>
        <price t="2020-01-03" v="9347874200"/>
        <price t="2020-01-06" v="9485795600"/>
        <price t="2020-01-07" v="9534184800"/>
        <price t="2020-01-08" v="9506659500"/>
        <price t="2020-01-09" v="9550156000"/>
        <price t="2020-01-10" v="9466168500"/>
        <price t="2020-01-13" v="9431510200"/>
        <price t="2020-01-14" v="9359941500"/>
        <price t="2020-01-15" v="9306912600"/>
        <price t="2020-01-16" v="9385310700"/>
        <price t="2020-01-17" v="9346271200"/>
        <price t="2020-01-20" v="9321376500"/>
        <price t="2020-01-21" v="9391063500"/>
        <price t="2020-01-22" v="9450302400"/>
        <price t="2020-01-23" v="9443986500"/>
        <price t="2020-01-24" v="9409544500"/>
        <price t="2020-01-27" v="9165082500"/>
        <price t="2020-01-28" v="9245300500"/>
        <price t="2020-01-29" v="9313446600"/>
        <price t="2020-01-30" v="9280903500"/>
        <price t="2020-01-31" v="10150156800"/>
        <price t="2020-02-03" v="10124283400"/>
        <price t="2020-02-04" v="10157531200"/>
        <price t="2020-02-05" v="10232650900"/>
        <price t="2020-02-06" v="10244893300"/>
        <price t="2020-02-07" v="10466619800"/>
        <price t="2020-02-10" v="10631230800"/>
        <price t="2020-02-11" v="10865026700"/>
        <price t="2020-02-12" v="10877983800"/>
        <price t="2020-02-13" v="10813751700"/>
        <price t="2020-02-14" v="10727074800"/>
        <price t="2020-02-17" v="10748320000"/>
        <price t="2020-02-18" v="10680800000"/>
        <price t="2020-02-19" v="10902600000"/>
        <price t="2020-02-20" v="10692890000"/>
        <price t="2020-02-21" v="10543936200"/>
        <price t="2020-02-24" v="9970950600"/>
        <price t="2020-02-25" v="9890416000"/>
        <price t="2020-02-26" v="10005000000"/>
        <price t="2020-02-27" v="9617620800"/>
        <price t="2020-02-28" v="9290932800"/>
        <price t="2020-03-02" v="9548237000"/>
        <price t="2020-03-03" v="9696247400"/>
        <price t="2020-03-04" v="9693212500"/>
        <price t="2020-03-05" v="9755064000"/>
        <price t="2020-03-06" v="9512037600"/>
        <price t="2020-03-09" v="9178547200"/>
        <price t="2020-03-10" v="9207676000"/>
        <price t="2020-03-11" v="9277382400"/>
        <price t="2020-03-12" v="8619956000"/>
        <price t="2020-03-13" v="8554521600"/>
        <price t="2020-03-16" v="8663410500"/>
        <price t="2020-03-17" v="9054659000"/>
        <price t="2020-03-18" v="9102555000"/>
        <price t="2020-03-19" v="9582647200"/>
        <price t="2020-03-20" v="9385756200"/>
        <price t="2020-03-23" v="9345626100"/>
        <price t="2020-03-24" v="9725086700"/>
        <price t="2020-03-25" v="9526677300"/>
        <price t="2020-03-26" v="9556764300"/>
        <price t="2020-03-27" v="9492909600"/>
        <price t="2020-03-30" v="9820260000"/>
        <price t="2020-03-31" v="9874642800"/>
        <price t="2020-04-01" v="9641177600"/>
        <price t="2020-04-02" v="9611457800"/>
        <price t="2020-04-03" v="9515605500"/>
        <price t="2020-04-06" v="9776646000"/>
        <price t="2020-04-07" v="10070802000"/>
        <price t="2020-04-08" v="10114378400"/>
        <price t="2020-04-09" v="10079142500"/>
        <price t="2020-04-14" v="11275445500"/>
        <price t="2020-04-15" v="11464504500"/>
        <price t="2020-04-16" v="12183672000"/>
        <price t="2020-04-17" v="11726085000"/>
        <price t="2020-04-20" v="12106185000"/>
        <price t="2020-04-21" v="11511603250"/>
        <price t="2020-04-22" v="11850463500"/>
        <price t="2020-04-23" v="11983850000"/>
        <price t="2020-04-24" v="11977200000"/>
        <price t="2020-04-27" v="12097267000"/>
        <price t="2020-04-28" v="11681898000"/>
        <price t="2020-04-29" v="11771701500"/>
        <price t="2020-04-30" v="12058765000"/>
        <price t="2020-05-04" v="11617668500"/>
        <price t="2020-05-05" v="11656225000"/>
        <price t="2020-05-06" v="11695875750"/>
        <price t="2020-05-07" v="11758861500"/>
        <price t="2020-05-08" v="11870374250"/>
        <price t="2020-05-11" v="12057936000"/>
        <price t="2020-05-12" v="12019806000"/>
        <price t="2020-05-13" v="11935312500"/>
        <price t="2020-05-14" v="11828032000"/>
        <price t="2020-05-15" v="11799514500"/>
        <price t="2020-05-18" v="12061432000"/>
        <price t="2020-05-19" v="12411825000"/>
        <price t="2020-05-20" v="12385279500"/>
        <price t="2020-05-21" v="12380500000"/>
        <price t="2020-05-22" v="12258822000"/>
        <price t="2020-05-25" v="12322845000"/>
        <price t="2020-05-26" v="12127375000"/>
        <price t="2020-05-27" v="11837307000"/>
        <price t="2020-05-28" v="12026718000"/>
        <price t="2020-05-29" v="12071424000"/>
        <price t="2020-06-02" v="12266258500"/>
        <price t="2020-06-03" v="12296609000"/>
        <price t="2020-06-04" v="12279375000"/>
        <price t="2020-06-05" v="12346867500"/>
        <price t="2020-06-08" v="12540456250"/>
        <price t="2020-06-09" v="12863866000"/>
        <price t="2020-06-10" v="13334343750"/>
        <price t="2020-06-11" v="13234605000"/>
        <price t="2020-06-12" v="12798954000"/>
        <price t="2020-06-15" v="12659625000"/>
        <price t="2020-06-16" v="13094664000"/>
        <price t="2020-06-17" v="13231296000"/>
        <price t="2020-06-18" v="13230738000"/>
        <price t="2020-06-19" v="13437987500"/>
        <price t="2020-06-22" v="13399535000"/>
        <price t="2020-06-23" v="13887186000"/>
        <price t="2020-06-24" v="13753140000"/>
        <price t="2020-06-25" v="13641600000"/>
        <price t="2020-06-26" v="13730318500"/>
        <price t="2020-06-29" v="13427960000"/>
        <price t="2020-06-30" v="13588773000"/>
        <price t="2020-07-01" v="13890800000"/>
        <price t="2020-07-02" v="14457366000"/>
        <price t="2020-07-03" v="14532274000"/>
        <price t="2020-07-06" v="15133031250"/>
        <price t="2020-07-07" v="15328997500"/>
        <price t="2020-07-08" v="15083739000"/>
        <price t="2020-07-09" v="15541375500"/>
        <price t="2020-07-10" v="15870970000"/>
        <price t="2020-07-13" v="16596985000"/>
        <price t="2020-07-14" v="15268093750"/>
        <price t="2020-07-15" v="15097497000"/>
        <price t="2020-07-16" v="14681257500"/>
        <price t="2020-07-17" v="14899255000"/>
        <price t="2020-07-20" v="15534936000"/>
        <price t="2020-07-21" v="15599669750"/>
        <price t="2020-07-22" v="15479786000"/>
        <price t="2020-07-23" v="15262403250"/>
        <price t="2020-07-24" v="15093302000"/>
        <price t="2020-07-27" v="15102780000"/>
        <price t="2020-07-28" v="15261392500"/>
        <price t="2020-07-29" v="15063693750"/>
        <price t="2020-07-30" v="15101498000"/>
        <price t="2020-07-31" v="15997762000"/>
        <price t="2020-08-03" v="15654210000"/>
        <price t="2020-08-04" v="15585683750"/>
        <price t="2020-08-05" v="15857688500"/>
        <price t="2020-08-06" v="15961403250"/>
        <price t="2020-08-07" v="16059303000"/>
        <price t="2020-08-10" v="15724190250"/>
        <price t="2020-08-11" v="15803948750"/>
        <price t="2020-08-12" v="15737827000"/>
        <price t="2020-08-13" v="16033715000"/>
        <price t="2020-08-14" v="15711290000"/>
        <price t="2020-08-17" v="15788196000"/>
        <price t="2020-08-18" v="16376703000"/>
        <price t="2020-08-19" v="16527205000"/>
        <price t="2020-08-20" v="16409287500"/>
        <price t="2020-08-21" v="16417755000"/>
        <price t="2020-08-24" v="16538412000"/>
        <price t="2020-08-25" v="16722717000"/>
        <price t="2020-08-26" v="16931951250"/>
        <price t="2020-08-27" v="17207245000"/>
        <price t="2020-08-28" v="17109940000"/>
        <price t="2020-08-31" v="17280165000"/>
        <price t="2020-09-01" v="17527990750"/>
        <price t="2020-09-02" v="17572071500"/>
        <price t="2020-09-03" v="16768553500"/>
        <price t="2020-09-04" v="16093278000"/>
        <price t="2020-09-07" v="16287560000"/>
        <price t="2020-09-08" v="15942158750"/>
        <price t="2020-09-09" v="16237910250"/>
        <price t="2020-09-10" v="16493808000"/>
        <price t="2020-09-11" v="15801382000"/>
        <price t="2020-09-14" v="15881181000"/>
        <price t="2020-09-15" v="15721224000"/>
        <price t="2020-09-16" v="15791704500"/>
        <price t="2020-09-17" v="14988088500"/>
        <price t="2020-09-18" v="14740959750"/>
        <price t="2020-09-21" v="14498010000"/>
        <price t="2020-09-22" v="15223845000"/>
        <price t="2020-09-23" v="15348673000"/>
        <price t="2020-09-24" v="15272417500"/>
        <price t="2020-09-25" v="15252174000"/>
        <price t="2020-09-28" v="15766170000"/>
        <price t="2020-09-29" v="15803551000"/>
        <price t="2020-09-30" v="15972639000"/>
        <price t="2020-10-01" v="16023852000"/>
        <price t="2020-10-02" v="15803242500"/>
        <price t="2020-10-05" v="15892684000"/>
        <price t="2020-10-06" v="15719786250"/>
        <price t="2020-10-07" v="15824765000"/>
        <price t="2020-10-08" v="15959222500"/>
        <price t="2020-10-09" v="16235817500"/>
        <price t="2020-10-12" v="17208841500"/>
        <price t="2020-10-13" v="17491908000"/>
        <price t="2020-10-14" v="17002250000"/>
        <price t="2020-10-15" v="16561443500"/>
        <price t="2020-10-16" v="16845399750"/>
        <price t="2020-10-19" v="16248568750"/>
        <price t="2020-10-20" v="16011407500"/>
        <price t="2020-10-21" v="15914273000"/>
        <price t="2020-10-22" v="15707153750"/>
        <price t="2020-10-23" v="15821832000"/>
        <price t="2020-10-26" v="16020654500"/>
        <price t="2020-10-27" v="16263084000"/>
        <price t="2020-10-28" v="15910607250"/>
        <price t="2020-10-29" v="16063740000"/>
        <price t="2020-10-30" v="15379945500"/>
        <price t="2020-11-02" v="14969907000"/>
        <price t="2020-11-03" v="15265259000"/>
        <price t="2020-11-04" v="16201352250"/>
        <price t="2020-11-05" v="16751115000"/>
        <price t="2020-11-06" v="16416210000"/>
        <price t="2020-11-09" v="16333183500"/>
        <price t="2020-11-10" v="15188040000"/>
        <price t="2020-11-11" v="15554652000"/>
        <price t="2020-11-12" v="15578858750"/>
        <price t="2020-11-13" v="15486511250"/>
        <price t="2020-11-16" v="15565322500"/>
        <price t="2020-11-17" v="15755532000"/>
        <price t="2020-11-18" v="15600486000"/>
        <price t="2020-11-19" v="15567954000"/>
        <price t="2020-11-20" v="15614673750"/>
        <price t="2020-11-23" v="15492126750"/>
        <price t="2020-11-24" v="15516453750"/>
        <price t="2020-11-25" v="15905847500"/>
        <price t="2020-11-26" v="16103675000"/>
        <price t="2020-11-27" v="15987402000"/>
        <price t="2020-11-30" v="15750705000"/>
        <price t="2020-12-01" v="15815712000"/>
        <price t="2020-12-02" v="16026664500"/>
        <price t="2020-12-03" v="16018055750"/>
        <price t="2020-12-04" v="15870534750"/>
        <price t="2020-12-07" v="15778528000"/>
        <price t="2020-12-08" v="15687630000"/>
        <price t="2020-12-09" v="15793163250"/>
        <price t="2020-12-10" v="15652580000"/>
        <price t="2020-12-11" v="15461925000"/>
        <price t="2020-12-14" v="15913977000"/>
        <price t="2020-12-15" v="15684880000"/>
        <price t="2020-12-16" v="16138236000"/>
        <price t="2020-12-17" v="16183089000"/>
        <price t="2020-12-18" v="16059290000"/>
        <price t="2020-12-21" v="15937500250"/>
        <price t="2020-12-22" v="16017791250"/>
        <price t="2020-12-23" v="15922252500"/>
        <price t="2020-12-28" v="16211558250"/>
        <price t="2020-12-29" v="16589491750"/>
        <price t="2020-12-30" v="16692949250"/>
        <price t="2021-01-04" v="15963282000"/>
        <price t="2021-01-05" v="15958435500"/>
        <price t="2021-01-06" v="15993132500"/>
        <price t="2021-01-07" v="15964938000"/>
        <price t="2021-01-08" v="15774937500"/>
        <price t="2021-01-11" v="15741962750"/>
        <price t="2021-01-12" v="15544798250"/>
        <price t="2021-01-13" v="15928335500"/>
        <price t="2021-01-14" v="15733921000"/>
        <price t="2021-01-15" v="15581085750"/>
        <price t="2021-01-18" v="15577640000"/>
        <price t="2021-01-19" v="15535026000"/>
        <price t="2021-01-20" v="16145759250"/>
        <price t="2021-01-21" v="16735487000"/>
        <price t="2021-01-22" v="16468011000"/>
        <price t="2021-01-25" v="16423428000"/>
        <price t="2021-01-26" v="16560016250"/>
        <price t="2021-01-27" v="16393270500"/>
        <price t="2021-01-28" v="16350054750"/>
        <price t="2021-01-29" v="16025588000"/>
        <price t="2021-02-01" v="16570185000"/>
        <price t="2021-02-02" v="16939886000"/>
        <price t="2021-02-03" v="16838821250"/>
        <price t="2021-02-04" v="16593467000"/>
        <price t="2021-02-05" v="16563501750"/>
        <price t="2021-02-08" v="16531368750"/>
        <price t="2021-02-09" v="16588532000"/>
        <price t="2021-02-10" v="16353259500"/>
        <price t="2021-02-11" v="16416670500"/>
        <price t="2021-02-12" v="16276179000"/>
        <price t="2021-02-15" v="16440859500"/>
        <price t="2021-02-16" v="16402157250"/>
        <price t="2021-02-17" v="16504110000"/>
        <price t="2021-02-18" v="16600395000"/>
        <price t="2021-02-19" v="16566700250"/>
        <price t="2021-02-22" v="15957928250"/>
        <price t="2021-02-23" v="15725185000"/>
        <price t="2021-02-24" v="15847493500"/>
        <price t="2021-02-25" v="15663281250"/>
        <price t="2021-02-26" v="15496698500"/>
        <price t="2021-03-01" v="15569462750"/>
        <price t="2021-03-02" v="15594302000"/>
        <price t="2021-03-03" v="15267828000"/>
        <price t="2021-03-04" v="15186908000"/>
        <price t="2021-03-05" v="14564360000"/>
        <price t="2021-03-08" v="15060920500"/>
        <price t="2021-03-09" v="15260002000"/>
        <price t="2021-03-10" v="15269328000"/>
        <price t="2021-03-11" v="15586630250"/>
        <price t="2021-03-12" v="15277223250"/>
        <price t="2021-03-15" v="15254620000"/>
        <price t="2021-03-16" v="15512744500"/>
        <price t="2021-03-17" v="15461239500"/>
        <price t="2021-03-18" v="15408172000"/>
        <price t="2021-03-19" v="15238316500"/>
        <price t="2021-03-22" v="15578337500"/>
        <price t="2021-03-23" v="15851922000"/>
        <price t="2021-03-24" v="15668125000"/>
        <price t="2021-03-25" v="15437016000"/>
        <price t="2021-03-26" v="15178161500"/>
        <price t="2021-03-29" v="15330984000"/>
        <price t="2021-03-30" v="15327875500"/>
        <price t="2021-03-31" v="15506312500"/>
        <price t="2021-04-01" v="15604561000"/>
        <price t="2021-04-06" v="16129286000"/>
        <price t="2021-04-07" v="16408833000"/>
        <price t="2021-04-08" v="16527216000"/>
        <price t="2021-04-09" v="16684808000"/>
        <price t="2021-04-12" v="16829280000"/>
        <price t="2021-04-13" v="17067786000"/>
        <price t="2021-04-14" v="16770537000"/>
        <price t="2021-04-15" v="16835805000"/>
        <price t="2021-04-16" v="16984162000"/>
        <price t="2021-04-19" v="16891122500"/>
        <price t="2021-04-20" v="16612303500"/>
        <price t="2021-04-21" v="16749765000"/>
        <price t="2021-04-22" v="16840308000"/>
        <price t="2021-04-23" v="16726492500"/>
        <price t="2021-04-26" v="16716576250"/>
        <price t="2021-04-27" v="17107542000"/>
        <price t="2021-04-28" v="17338555000"/>
        <price t="2021-04-29" v="17383889250"/>
        <price t="2021-04-30" v="17582330500"/>
        <price t="2021-05-03" v="17024194000"/>
        <price t="2021-05-04" v="16516854000"/>
        <price t="2021-05-05" v="16560897500"/>
        <price t="2021-05-06" v="16483005000"/>
        <price t="2021-05-07" v="16499726750"/>
        <price t="2021-05-10" v="16075249000"/>
        <price t="2021-05-11" v="16100910000"/>
        <price t="2021-05-12" v="15829137500"/>
        <price t="2021-05-13" v="15792887250"/>
        <price t="2021-05-14" v="16075098000"/>
        <price t="2021-05-17" v="16311084750"/>
        <price t="2021-05-18" v="16478311500"/>
        <price t="2021-05-19" v="16074045000"/>
        <price t="2021-05-20" v="16226939250"/>
        <price t="2021-05-21" v="16054643000"/>
        <price t="2021-05-25" v="16176216000"/>
        <price t="2021-05-26" v="16460234000"/>
        <price t="2021-05-27" v="16253835000"/>
        <price t="2021-05-28" v="16133682500"/>
        <price t="2021-05-31" v="16129722000"/>
        <price t="2021-06-01" v="16106437500"/>
        <price t="2021-06-02" v="16091613000"/>
        <price t="2021-06-03" v="16086840000"/>
        <price t="2021-06-04" v="15997469250"/>
        <price t="2021-06-07" v="15923098500"/>
        <price t="2021-06-08" v="16256879000"/>
        <price t="2021-06-09" v="16448006250"/>
        <price t="2021-06-10" v="16669249500"/>
        <price t="2021-06-11" v="16796156250"/>
        <price t="2021-06-14" v="16808428000"/>
        <price t="2021-06-15" v="16799850000"/>
        <price t="2021-06-16" v="17025127000"/>
        <price t="2021-06-17" v="17332524000"/>
        <price t="2021-06-18" v="17466264000"/>
        <price t="2021-06-21" v="17283568500"/>
        <price t="2021-06-22" v="17478233000"/>
        <price t="2021-06-23" v="17424558000"/>
        <price t="2021-06-24" v="17450432000"/>
        <price t="2021-06-25" v="17055637500"/>
        <price t="2021-06-28" v="17132535000"/>
        <price t="2021-06-29" v="17142496000"/>
        <price t="2021-06-30" v="17344698000"/>
        <price t="2021-07-01" v="17145641000"/>
        <price t="2021-07-02" v="17172907500"/>
        <price t="2021-07-05" v="17496417000"/>
        <price t="2021-07-06" v="18186127500"/>
        <price t="2021-07-07" v="18494810750"/>
        <price t="2021-07-08" v="18263074500"/>
        <price t="2021-07-09" v="18664492000"/>
        <price t="2021-07-12" v="18554306000"/>
        <price t="2021-07-13" v="18858609000"/>
        <price t="2021-07-14" v="18367660000"/>
        <price t="2021-07-15" v="18262618500"/>
        <price t="2021-07-16" v="17906584500"/>
        <price t="2021-07-19" v="17675473500"/>
        <price t="2021-07-20" v="17818518750"/>
        <price t="2021-07-21" v="17790435000"/>
        <price t="2021-07-22" v="18095231250"/>
        <price t="2021-07-23" v="18230024750"/>
        <price t="2021-07-26" v="18470229000"/>
        <price t="2021-07-27" v="17954152500"/>
        <price t="2021-07-28" v="18159166000"/>
        <price t="2021-07-29" v="18029150500"/>
        <price t="2021-07-30" v="16754419000"/>
        <price t="2021-08-02" v="16679029500"/>
        <price t="2021-08-03" v="16627115000"/>
        <price t="2021-08-04" v="16795176000"/>
        <price t="2021-08-05" v="16898100000"/>
        <price t="2021-08-06" v="16745277750"/>
        <price t="2021-08-09" v="16735903000"/>
        <price t="2021-08-10" v="16627657000"/>
        <price t="2021-08-11" v="16452072000"/>
        <price t="2021-08-12" v="16516773000"/>
        <price t="2021-08-13" v="16397468750"/>
        <price t="2021-08-16" v="16142355000"/>
        <price t="2021-08-17" v="16341421250"/>
        <price t="2021-08-18" v="16183601500"/>
        <price t="2021-08-19" v="16152176000"/>
        <price t="2021-08-20" v="15936750500"/>
        <price t="2021-08-23" v="16264584000"/>
        <price t="2021-08-24" v="16494700000"/>
        <price t="2021-08-25" v="16448004000"/>
        <price t="2021-08-26" v="16620887500"/>
        <price t="2021-08-27" v="16594771000"/>
        <price t="2021-08-30" v="17164554500"/>
        <price t="2021-08-31" v="17265806000"/>
        <price t="2021-09-01" v="17571879000"/>
        <price t="2021-09-02" v="17472850000"/>
        <price t="2021-09-03" v="17315312000"/>
        <price t="2021-09-06" v="17448978000"/>
        <price t="2021-09-07" v="17579485000"/>
        <price t="2021-09-08" v="17560138250"/>
        <price t="2021-09-09" v="17620863000"/>
        <price t="2021-09-10" v="17418111000"/>
        <price t="2021-09-13" v="17287150000"/>
        <price t="2021-09-14" v="17328184500"/>
        <price t="2021-09-15" v="17076812000"/>
        <price t="2021-09-16" v="17265143250"/>
        <price t="2021-09-17" v="17410840000"/>
        <price t="2021-09-20" v="16781863000"/>
        <price t="2021-09-21" v="16902720000"/>
        <price t="2021-09-22" v="16842844000"/>
        <price t="2021-09-23" v="17030681250"/>
        <price t="2021-09-24" v="16986690500"/>
        <price t="2021-09-27" v="16871440500"/>
        <price t="2021-09-28" v="16541887000"/>
        <price t="2021-09-29" v="16676874000"/>
        <price t="2021-09-30" v="16546391000"/>
        <price t="2021-10-01" v="16405300000"/>
        <price t="2021-10-04" v="15964592000"/>
        <price t="2021-10-05" v="16245700500"/>
        <price t="2021-10-06" v="16181884000"/>
        <price t="2021-10-07" v="16585689000"/>
        <price t="2021-10-08" v="16511855250"/>
        <price t="2021-10-11" v="16382997000"/>
        <price t="2021-10-12" v="16254996250"/>
        <price t="2021-10-13" v="16308201000"/>
        <price t="2021-10-14" v="16544452000"/>
        <price t="2021-10-15" v="16886711000"/>
        <price t="2021-10-18" v="17081088000"/>
        <price t="2021-10-19" v="17191125000"/>
        <price t="2021-10-20" v="17094527250"/>
        <price t="2021-10-21" v="17138391750"/>
        <price t="2021-10-22" v="16764645000"/>
        <price t="2021-10-25" v="16490763750"/>
        <price t="2021-10-26" v="17005847500"/>
        <price t="2021-10-27" v="16984054000"/>
        <price t="2021-10-28" v="17070692500"/>
        <price t="2021-10-29" v="16856137500"/>
        <price t="2021-11-01" v="16617324500"/>
        <price t="2021-11-02" v="16516870500"/>
        <price t="2021-11-03" v="16657847500"/>
        <price t="2021-11-04" v="17347715500"/>
        <price t="2021-11-05" v="17742139750"/>
        <price t="2021-11-08" v="17582711500"/>
        <price t="2021-11-09" v="17695444500"/>
        <price t="2021-11-10" v="18030480000"/>
        <price t="2021-11-11" v="17568180000"/>
        <price t="2021-11-12" v="17607024000"/>
        <price t="2021-11-15" v="17795420000"/>
        <price t="2021-11-16" v="17842076000"/>
        <price t="2021-11-17" v="17817042000"/>
        <price t="2021-11-18" v="18254105000"/>
        <price t="2021-11-19" v="18667593750"/>
        <price t="2021-11-22" v="18112468000"/>
        <price t="2021-11-23" v="17780775750"/>
        <price t="2021-11-24" v="18010843500"/>
        <price t="2021-11-25" v="17984857500"/>
        <price t="2021-11-26" v="17636542000"/>
        <price t="2021-11-29" v="17869641000"/>
        <price t="2021-11-30" v="17740483750"/>
        <price t="2021-12-01" v="17703581500"/>
        <price t="2021-12-02" v="17243784250"/>
        <price t="2021-12-03" v="16950613750"/>
        <price t="2021-12-06" v="17054657000"/>
        <price t="2021-12-07" v="17677548000"/>
        <price t="2021-12-08" v="17490852000"/>
        <price t="2021-12-09" v="17628193500"/>
        <price t="2021-12-10" v="17002502250"/>
        <price t="2021-12-13" v="16964931500"/>
        <price t="2021-12-14" v="16751456250"/>
        <price t="2021-12-15" v="16569217500"/>
        <price t="2021-12-16" v="17077684000"/>
        <price t="2021-12-17" v="16966675000"/>
        <price t="2021-12-20" v="16576946500"/>
        <price t="2021-12-21" v="16798488750"/>
        <price t="2021-12-22" v="17135141250"/>
        <price t="2021-12-23" v="17143132500"/>
        <price t="2021-12-27" v="17030216000"/>
        <price t="2021-12-28" v="17143803000"/>
        <price t="2021-12-29" v="16855598750"/>
        <price t="2021-12-30" v="16952830500"/>
        <price t="2022-01-03" v="17106307500"/>
        <price t="2022-01-04" v="16664722500"/>
        <price t="2022-01-05" v="16644589500"/>
        <price t="2022-01-06" v="16353003750"/>
        <price t="2022-01-07" v="16212630000"/>
        <price t="2022-01-10" v="15828223000"/>
        <price t="2022-01-11" v="16476876000"/>
        <price t="2022-01-12" v="16432492500"/>
        <price t="2022-01-13" v="16426479000"/>
        <price t="2022-01-14" v="16111652500"/>
        <price t="2022-01-17" v="16155200250"/>
        <price t="2022-01-18" v="15851281500"/>
        <price t="2022-01-19" v="15732678750"/>
        <price t="2022-01-20" v="15694626500"/>
        <price t="2022-01-21" v="14857369000"/>
        <price t="2022-01-24" v="13912398000"/>
        <price t="2022-01-25" v="13941333000"/>
        <price t="2022-01-26" v="14172369750"/>
        <price t="2022-01-27" v="14346180000"/>
        <price t="2022-01-28" v="14058940500"/>
        <price t="2022-01-31" v="14700819000"/>
        <price t="2022-02-01" v="14989875000"/>
        <price t="2022-02-02" v="15034113250"/>
        <price t="2022-02-03" v="13904352000"/>
        <price t="2022-02-04" v="15599638000"/>
        <price t="2022-02-07" v="15948532750"/>
        <price t="2022-02-08" v="15894196000"/>
        <price t="2022-02-09" v="16174807500"/>
        <price t="2022-02-10" v="15923088000"/>
        <price t="2022-02-11" v="15686958000"/>
        <price t="2022-02-14" v="15754701000"/>
        <price t="2022-02-15" v="15579521250"/>
        <price t="2022-02-16" v="15738848000"/>
        <price t="2022-02-17" v="15798615000"/>
        <price t="2022-02-18" v="15228552500"/>
        <price t="2022-02-21" v="14898132000"/>
        <price t="2022-02-22" v="14999795000"/>
        <price t="2022-02-23" v="14803920000"/>
        <price t="2022-02-24" v="14595622500"/>
        <price t="2022-02-25" v="15281800000"/>
        <price t="2022-02-28" v="15362228250"/>
        <price t="2022-03-01" v="15286359000"/>
        <price t="2022-03-02" v="15173572500"/>
        <price t="2022-03-03" v="15013518000"/>
        <price t="2022-03-04" v="14475460500"/>
        <price t="2022-03-07" v="14089958750"/>
        <price t="2022-03-08" v="13530587000"/>
        <price t="2022-03-09" v="13743998250"/>
        <price t="2022-03-10" v="14691842000"/>
        <price t="2022-03-11" v="14792540000"/>
        <price t="2022-03-14" v="14239780000"/>
        <price t="2022-03-15" v="14686723750"/>
        <price t="2022-03-16" v="14960085500"/>
        <price t="2022-03-17" v="15429958750"/>
        <price t="2022-03-18" v="15835008000"/>
        <price t="2022-03-21" v="16145834500"/>
        <price t="2022-03-22" v="16461588000"/>
        <price t="2022-03-23" v="16526932500"/>
        <price t="2022-03-24" v="16181572000"/>
        <price t="2022-03-25" v="16354473000"/>
        <price t="2022-03-28" v="16635422000"/>
        <price t="2022-03-29" v="16912938750"/>
        <price t="2022-03-30" v="16580521500"/>
        <price t="2022-03-31" v="16509962250"/>
        <price t="2022-04-01" v="16475769000"/>
        <price t="2022-04-04" v="16675326250"/>
        <price t="2022-04-05" v="16598839250"/>
        <price t="2022-04-06" v="15903888000"/>
        <price t="2022-04-07" v="15768162000"/>
        <price t="2022-04-08" v="15588250250"/>
        <price t="2022-04-11" v="15213675000"/>
        <price t="2022-04-12" v="15452487750"/>
        <price t="2022-04-13" v="15289018500"/>
        <price t="2022-04-14" v="15446760000"/>
        <price t="2022-04-19" v="15707562000"/>
        <price t="2022-04-20" v="15411090000"/>
        <price t="2022-04-21" v="15347948250"/>
        <price t="2022-04-22" v="14792247500"/>
        <price t="2022-04-25" v="14399640000"/>
        <price t="2022-04-26" v="13996282500"/>
        <price t="2022-04-27" v="13996017500"/>
        <price t="2022-04-28" v="14152128750"/>
        <price t="2022-04-29" v="12695430000"/>
        <price t="2022-05-02" v="12097338000"/>
        <price t="2022-05-03" v="12514138000"/>
        <price t="2022-05-04" v="11934255750"/>
        <price t="2022-05-05" v="11759542000"/>
        <price t="2022-05-06" v="11698347500"/>
        <price t="2022-05-09" v="11105428250"/>
        <price t="2022-05-10" v="10836319500"/>
        <price t="2022-05-11" v="10859037000"/>
        <price t="2022-05-12" v="10886768000"/>
        <price t="2022-05-13" v="11088583750"/>
        <price t="2022-05-16" v="11115063000"/>
        <price t="2022-05-17" v="11257788000"/>
        <price t="2022-05-18" v="10938658500"/>
        <price t="2022-05-19" v="10851275000"/>
        <price t="2022-05-20" v="10817626750"/>
        <price t="2022-05-23" v="10573728000"/>
        <price t="2022-05-24" v="10300848000"/>
        <price t="2022-05-25" v="10608048000"/>
        <price t="2022-05-26" v="11023258500"/>
        <price t="2022-05-27" v="11349237000"/>
        <price t="2022-05-30" v="11654721000"/>
        <price t="2022-05-31" v="11741448000"/>
        <price t="2022-06-01" v="12174188000"/>
        <price t="2022-06-02" v="12178188000"/>
        <price t="2022-06-03" v="12218787500"/>
        <price t="2022-06-06" v="12660970400"/>
        <price t="2022-06-07" v="12165342000"/>
        <price t="2022-06-08" v="12289711600"/>
        <price t="2022-06-09" v="12137441400"/>
        <price t="2022-06-10" v="11064588000"/>
        <price t="2022-06-13" v="10373451000"/>
        <price t="2022-06-14" v="10376745600"/>
        <price t="2022-06-15" v="10645878600"/>
        <price t="2022-06-16" v="10216960000"/>
        <price t="2022-06-17" v="10544721600"/>
        <price t="2022-06-20" v="10691582200"/>
        <price t="2022-06-21" v="10906590000"/>
        <price t="2022-06-22" v="10969194600"/>
        <price t="2022-06-23" v="11059622000"/>
        <price t="2022-06-24" v="11420644800"/>
        <price t="2022-06-27" v="11428332000"/>
        <price t="2022-06-28" v="10981327800"/>
        <price t="2022-06-29" v="11013402400"/>
        <price t="2022-06-30" v="10519953600"/>
        <price t="2022-07-01" v="10854510000"/>
        <price t="2022-07-04" v="10977750000"/>
        <price t="2022-07-05" v="11094678000"/>
        <price t="2022-07-06" v="11304611600"/>
        <price t="2022-07-07" v="11544120000"/>
        <price t="2022-07-08" v="11624439400"/>
        <price t="2022-07-11" v="11267348400"/>
        <price t="2022-07-12" v="11064275600"/>
        <price t="2022-07-13" v="11045512400"/>
        <price t="2022-07-14" v="10873434000"/>
        <price t="2022-07-15" v="11406906000"/>
        <price t="2022-07-18" v="11632414200"/>
        <price t="2022-07-19" v="11642418000"/>
        <price t="2022-07-20" v="12251038800"/>
        <price t="2022-07-21" v="12324471600"/>
        <price t="2022-07-22" v="12228000000"/>
        <price t="2022-07-25" v="12203359200"/>
        <price t="2022-07-26" v="11589955200"/>
        <price t="2022-07-27" v="11961086400"/>
        <price t="2022-07-28" v="12059350800"/>
        <price t="2022-07-29" v="13483795600"/>
        <price t="2022-08-01" v="13722453000"/>
        <price t="2022-08-02" v="13612233600"/>
        <price t="2022-08-03" v="13916848800"/>
        <price t="2022-08-04" v="14033490400"/>
        <price t="2022-08-05" v="14094934200"/>
        <price t="2022-08-08" v="14086858800"/>
        <price t="2022-08-09" v="13781104400"/>
        <price t="2022-08-10" v="14112903200"/>
        <price t="2022-08-11" v="14231290800"/>
        <price t="2022-08-12" v="14187129000"/>
        <price t="2022-08-15" v="14236298000"/>
        <price t="2022-08-16" v="14298893400"/>
        <price t="2022-08-17" v="14113730400"/>
        <price t="2022-08-18" v="14306196800"/>
        <price t="2022-08-19" v="13860444400"/>
        <price t="2022-08-22" v="13447344600"/>
        <price t="2022-08-23" v="13302180000"/>
        <price t="2022-08-24" v="13412886800"/>
        <price t="2022-08-25" v="13595092000"/>
        <price t="2022-08-26" v="13339331000"/>
        <price t="2022-08-29" v="12917889600"/>
        <price t="2022-08-30" v="12825458800"/>
        <price t="2022-08-31" v="12732000000"/>
        <price t="2022-09-01" v="12507000800"/>
        <price t="2022-09-02" v="13022877600"/>
        <price t="2022-09-05" v="12753152000"/>
        <price t="2022-09-06" v="12703868800"/>
        <price t="2022-09-07" v="12635007000"/>
        <price t="2022-09-08" v="13049734200"/>
        <price t="2022-09-09" v="13216444800"/>
        <price t="2022-09-12" v="13628010000"/>
        <price t="2022-09-13" v="13080980000"/>
        <price t="2022-09-14" v="12763224000"/>
        <price t="2022-09-15" v="12717817600"/>
        <price t="2022-09-16" v="12177723600"/>
        <price t="2022-09-19" v="12309678000"/>
        <price t="2022-09-20" v="12380642800"/>
        <price t="2022-09-21" v="12291364800"/>
        <price t="2022-09-22" v="11742192000"/>
        <price t="2022-09-23" v="11519474000"/>
        <price t="2022-09-26" v="11594492000"/>
        <price t="2022-09-27" v="11518793600"/>
        <price t="2022-09-28" v="11556433000"/>
        <price t="2022-09-29" v="11350196400"/>
        <price t="2022-09-30" v="11588422400"/>
        <price t="2022-10-03" v="11416068800"/>
        <price t="2022-10-04" v="12146148000"/>
        <price t="2022-10-05" v="11947575000"/>
        <price t="2022-10-06" v="12141604000"/>
        <price t="2022-10-07" v="11582013400"/>
        <price t="2022-10-10" v="11407550800"/>
        <price t="2022-10-11" v="11280624600"/>
        <price t="2022-10-12" v="11251195200"/>
        <price t="2022-10-13" v="11102460000"/>
        <price t="2022-10-14" v="10984096800"/>
        <price t="2022-10-17" v="11199850000"/>
        <price t="2022-10-18" v="11544323000"/>
        <price t="2022-10-19" v="11506750400"/>
        <price t="2022-10-20" v="11737880400"/>
        <price t="2022-10-21" v="11553402000"/>
        <price t="2022-10-24" v="11846812600"/>
        <price t="2022-10-25" v="11931810000"/>
        <price t="2022-10-26" v="11829144600"/>
        <price t="2022-10-27" v="11349839600"/>
        <price t="2022-10-28" v="10016676600"/>
        <price t="2022-10-31" v="10197540400"/>
        <price t="2022-11-01" v="9779890400"/>
        <price t="2022-11-02" v="9479974400"/>
        <price t="2022-11-03" v="9013722600"/>
        <price t="2022-11-04" v="8959827200"/>
        <price t="2022-11-07" v="9019681800"/>
        <price t="2022-11-08" v="9098359200"/>
        <price t="2022-11-09" v="8726902700"/>
        <price t="2022-11-10" v="9476208000"/>
        <price t="2022-11-11" v="9893618400"/>
        <price t="2022-11-14" v="9823688000"/>
        <price t="2022-11-15" v="10091880000"/>
        <price t="2022-11-16" v="9787280000"/>
        <price t="2022-11-17" v="9585319100"/>
        <price t="2022-11-18" v="9420620800"/>
        <price t="2022-11-21" v="9162997800"/>
        <price t="2022-11-22" v="9256874000"/>
        <price t="2022-11-23" v="9381295000"/>
        <price t="2022-11-24" v="9526853700"/>
        <price t="2022-11-25" v="9330237500"/>
        <price t="2022-11-28" v="9525515200"/>
        <price t="2022-11-29" v="9222630200"/>
        <price t="2022-11-30" v="9286520000"/>
        <price t="2022-12-01" v="9600953600"/>
        <price t="2022-12-02" v="9479984800"/>
        <price t="2022-12-05" v="9269977200"/>
        <price t="2022-12-06" v="8953322400"/>
        <price t="2022-12-07" v="8809614300"/>
        <price t="2022-12-08" v="8928527200"/>
        <price t="2022-12-09" v="8986764900"/>
        <price t="2022-12-12" v="8891091600"/>
        <price t="2022-12-13" v="9272218500"/>
        <price t="2022-12-14" v="9289122700"/>
        <price t="2022-12-15" v="8766573400"/>
        <price t="2022-12-16" v="8768108300"/>
        <price t="2022-12-19" v="8505954800"/>
        <price t="2022-12-20" v="8469660900"/>
        <price t="2022-12-21" v="8678976000"/>
        <price t="2022-12-22" v="8433032300"/>
        <price t="2022-12-23" v="8434930200"/>
        <price t="2022-12-27" v="8404646400"/>
        <price t="2022-12-28" v="8236424000"/>
        <price t="2022-12-29" v="8370114000"/>
        <price t="2022-12-30" v="8320546600"/>
        <price t="2023-01-02" v="8616907800"/>
        <price t="2023-01-03" v="8475016500"/>
        <price t="2023-01-04" v="8566111800"/>
        <price t="2023-01-05" v="8427795000"/>
        <price t="2023-01-06" v="8329650000"/>
        <price t="2023-01-09" v="8884097600"/>
        <price t="2023-01-10" v="8910813000"/>
        <price t="2023-01-11" v="9342367100"/>
        <price t="2023-01-12" v="9416882400"/>
        <price t="2023-01-13" v="9614727400"/>
        <price t="2023-01-16" v="9860544000"/>
        <price t="2023-01-17" v="9671956000"/>
        <price t="2023-01-18" v="9681394800"/>
        <price t="2023-01-19" v="9317122500"/>
        <price t="2023-01-20" v="9563688400"/>
        <price t="2023-01-23" v="9738241800"/>
        <price t="2023-01-24" v="9664705800"/>
        <price t="2023-01-25" v="9468211200"/>
        <price t="2023-01-26" v="9795694500"/>
        <price t="2023-01-27" v="10180505000"/>
        <price t="2023-01-30" v="10090726500"/>
        <price t="2023-01-31" v="10228518600"/>
        <price t="2023-02-01" v="10174996000"/>
        <price t="2023-02-02" v="11227538400"/>
        <price t="2023-02-03" v="10908563800"/>
        <price t="2023-02-06" v="10260907200"/>
        <price t="2023-02-07" v="9998080000"/>
        <price t="2023-02-08" v="9924507500"/>
        <price t="2023-02-09" v="9971791800"/>
        <price t="2023-02-10" v="9767453000"/>
        <price t="2023-02-13" v="9866383800"/>
        <price t="2023-02-14" v="9826194700"/>
        <price t="2023-02-15" v="9977750000"/>
        <price t="2023-02-16" v="10029110000"/>
        <price t="2023-02-17" v="9549750000"/>
        <price t="2023-02-20" v="9732553200"/>
        <price t="2023-02-21" v="9449370400"/>
        <price t="2023-02-22" v="9663687600"/>
        <price t="2023-02-23" v="9480088000"/>
        <price t="2023-02-24" v="9302657000"/>
        <price t="2023-02-27" v="9330791400"/>
        <price t="2023-02-28" v="9347905700"/>
        <price t="2023-03-01" v="9254480800"/>
        <price t="2023-03-02" v="9081061500"/>
        <price t="2023-03-03" v="9417628000"/>
        <price t="2023-03-06" v="9586723000"/>
        <price t="2023-03-07" v="9472653000"/>
        <price t="2023-03-08" v="9294363000"/>
        <price t="2023-03-09" v="9507043200"/>
        <price t="2023-03-10" v="9290273600"/>
        <price t="2023-03-13" v="9257478200"/>
        <price t="2023-03-14" v="9447486300"/>
        <price t="2023-03-15" v="9495154900"/>
        <price t="2023-03-16" v="9976252000"/>
        <price t="2023-03-17" v="9817776600"/>
        <price t="2023-03-20" v="9636726400"/>
        <price t="2023-03-21" v="9968877600"/>
        <price t="2023-03-22" v="9991224000"/>
        <price t="2023-03-23" v="10038053300"/>
        <price t="2023-03-24" v="9721001500"/>
        <price t="2023-03-27" v="9775420200"/>
        <price t="2023-03-28" v="9754731800"/>
        <price t="2023-03-29" v="9995510500"/>
        <price t="2023-03-30" v="10207802200"/>
        <price t="2023-03-31" v="10327987500"/>
        <price t="2023-04-03" v="10213452000"/>
        <price t="2023-04-04" v="10209876600"/>
        <price t="2023-04-05" v="10168730000"/>
        <price t="2023-04-06" v="10095283500"/>
        <price t="2023-04-11" v="9907192500"/>
        <price t="2023-04-12" v="9822154600"/>
        <price t="2023-04-13" v="10037969500"/>
        <price t="2023-04-14" v="10228830700"/>
        <price t="2023-04-17" v="10269431200"/>
        <price t="2023-04-18" v="10237973200"/>
        <price t="2023-04-19" v="10324031900"/>
        <price t="2023-04-20" v="10354118400"/>
        <price t="2023-04-21" v="10718919200"/>
        <price t="2023-04-24" v="10519012200"/>
        <price t="2023-04-25" v="10451060400"/>
        <price t="2023-04-26" v="10574258100"/>
        <price t="2023-04-27" v="10938205200"/>
        <price t="2023-04-28" v="10481364500"/>
        <price t="2023-05-02" v="10267626000"/>
        <price t="2023-05-03" v="10453303800"/>
        <price t="2023-05-04" v="10529159200"/>
        <price t="2023-05-05" v="10507356000"/>
        <price t="2023-05-08" v="10537023900"/>
        <price t="2023-05-09" v="10654339800"/>
        <price t="2023-05-10" v="10963140000"/>
        <price t="2023-05-11" v="11284132000"/>
        <price t="2023-05-12" v="11085877600"/>
        <price t="2023-05-15" v="11056541600"/>
        <price t="2023-05-16" v="11357587800"/>
        <price t="2023-05-17" v="11491734800"/>
        <price t="2023-05-18" v="11818609000"/>
        <price t="2023-05-19" v="11655347200"/>
        <price t="2023-05-22" v="11477813200"/>
        <price t="2023-05-23" v="11652099000"/>
        <price t="2023-05-24" v="11656428000"/>
        <price t="2023-05-25" v="11510067000"/>
        <price t="2023-05-26" v="12142179400"/>
        <price t="2023-05-29" v="12118665000"/>
        <price t="2023-05-30" v="12157910400"/>
        <price t="2023-05-31" v="11964960000"/>
        <price t="2023-06-01" v="12132537400"/>
        <price t="2023-06-02" v="12521674200"/>
        <price t="2023-06-05" v="12541508000"/>
        <price t="2023-06-06" v="12625169400"/>
        <price t="2023-06-07" v="12363131200"/>
        <price t="2023-06-08" v="12439888200"/>
        <price t="2023-06-09" v="12397000000"/>
        <price t="2023-06-12" v="12543378000"/>
        <price t="2023-06-13" v="12711995400"/>
        <price t="2023-06-14" v="12601132200"/>
        <price t="2023-06-15" v="12489453600"/>
        <price t="2023-06-16" v="12672309600"/>
        <price t="2023-06-19" v="12494768000"/>
        <price t="2023-06-20" v="12612308800"/>
        <price t="2023-06-21" v="12417266400"/>
        <price t="2023-06-22" v="12946921000"/>
        <price t="2023-06-23" v="12947606400"/>
        <price t="2023-06-26" v="13001154400"/>
        <price t="2023-06-27" v="12838952400"/>
        <price t="2023-06-28" v="13070910000"/>
        <price t="2023-06-29" v="12854337600"/>
        <price t="2023-06-30" v="12958791600"/>
        <price t="2023-07-03" v="13054822200"/>
        <price t="2023-07-04" v="12973766000"/>
        <price t="2023-07-05" v="12982998600"/>
        <price t="2023-07-06" v="12823763400"/>
        <price t="2023-07-07" v="12880504000"/>
        <price t="2023-07-10" v="12713342400"/>
        <price t="2023-07-11" v="12835152000"/>
        <price t="2023-07-12" v="12867082800"/>
        <price t="2023-07-13" v="13313289200"/>
        <price t="2023-07-14" v="13606584600"/>
        <price t="2023-07-17" v="13395144000"/>
        <price t="2023-07-18" v="13233629000"/>
        <price t="2023-07-19" v="13551687200"/>
        <price t="2023-07-20" v="13304275400"/>
        <price t="2023-07-21" v="13029482200"/>
        <price t="2023-07-24" v="12955689600"/>
        <price t="2023-07-25" v="12892096600"/>
        <price t="2023-07-26" v="12777568600"/>
        <price t="2023-07-27" v="13385600000"/>
        <price t="2023-07-28" v="13185576000"/>
        <price t="2023-07-31" v="13317988600"/>
        <price t="2023-08-01" v="13273700000"/>
        <price t="2023-08-02" v="12909572000"/>
        <price t="2023-08-03" v="12873523200"/>
        <price t="2023-08-04" v="14148799600"/>
        <price t="2023-08-07" v="13951876800"/>
        <price t="2023-08-08" v="13907635200"/>
        <price t="2023-08-09" v="13731936000"/>
        <price t="2023-08-10" v="13958869200"/>
        <price t="2023-08-11" v="13851835200"/>
        <price t="2023-08-14" v="14001330000"/>
        <price t="2023-08-15" v="13830130800"/>
        <price t="2023-08-16" v="13666832000"/>
        <price t="2023-08-17" v="13513820000"/>
        <price t="2023-08-18" v="13222965600"/>
        <price t="2023-08-21" v="13340484000"/>
        <price t="2023-08-22" v="13563024600"/>
        <price t="2023-08-23" v="13419810000"/>
        <price t="2023-08-24" v="13283336000"/>
        <price t="2023-08-25" v="13190083200"/>
        <price t="2023-08-28" v="13226830400"/>
        <price t="2023-08-29" v="13415165400"/>
        <price t="2023-08-30" v="13444210000"/>
        <price t="2023-08-31" v="13811054400"/>
        <price t="2023-09-01" v="13845619200"/>
        <price t="2023-09-04" v="13825280000"/>
        <price t="2023-09-05" v="13673440200"/>
        <price t="2023-09-06" v="13628958000"/>
        <price t="2023-09-07" v="13629546000"/>
        <price t="2023-09-08" v="13853116800"/>
        <price t="2023-09-11" v="14129942400"/>
        <price t="2023-09-12" v="14100450600"/>
        <price t="2023-09-13" v="14392953000"/>
        <price t="2023-09-14" v="14579924000"/>
        <price t="2023-09-15" v="14087744400"/>
        <price t="2023-09-18" v="13962132200"/>
        <price t="2023-09-19" v="13637649000"/>
        <price t="2023-09-20" v="13668594400"/>
        <price t="2023-09-21" v="13078923000"/>
        <price t="2023-09-22" v="13129880400"/>
        <price t="2023-09-25" v="13153021000"/>
        <price t="2023-09-26" v="12764178000"/>
        <price t="2023-09-27" v="12510446400"/>
        <price t="2023-09-28" v="12537194400"/>
        <price t="2023-09-29" v="12778482800"/>
        <price t="2023-10-02" v="13010868000"/>
        <price t="2023-10-03" v="12502079800"/>
        <price t="2023-10-04" v="12598499400"/>
        <price t="2023-10-05" v="12464889200"/>
        <price t="2023-10-06" v="12629122800"/>
        <price t="2023-10-09" v="12601394600"/>
        <price t="2023-10-10" v="13022209200"/>
        <price t="2023-10-11" v="13002624800"/>
        <price t="2023-10-12" v="13443654000"/>
        <price t="2023-10-13" v="13093960800"/>
        <price t="2023-10-16" v="13193576000"/>
        <price t="2023-10-17" v="13179543000"/>
        <price t="2023-10-18" v="12969594000"/>
        <price t="2023-10-19" v="13009567600"/>
        <price t="2023-10-20" v="12552453200"/>
        <price t="2023-10-23" v="12563803200"/>
        <price t="2023-10-24" v="12813686400"/>
        <price t="2023-10-25" v="12340076800"/>
        <price t="2023-10-26" v="12009276000"/>
        <price t="2023-10-27" v="12876885600"/>
        <price t="2023-10-30" v="13182015000"/>
        <price t="2023-10-31" v="13297111800"/>
        <price t="2023-11-01" v="13556904200"/>
        <price t="2023-11-02" v="13801730600"/>
        <price t="2023-11-03" v="13848388000"/>
        <price t="2023-11-06" v="14001967600"/>
        <price t="2023-11-07" v="14282907600"/>
        <price t="2023-11-08" v="14139075000"/>
        <price t="2023-11-09" v="14169851400"/>
        <price t="2023-11-10" v="14225482800"/>
        <price t="2023-11-13" v="14259388000"/>
        <price t="2023-11-14" v="14453807200"/>
        <price t="2023-11-15" v="14428356800"/>
        <price t="2023-11-16" v="14218699400"/>
        <price t="2023-11-17" v="14422795200"/>
        <price t="2023-11-20" v="14595436800"/>
        <price t="2023-11-21" v="14278747000"/>
        <price t="2023-11-22" v="14745125400"/>
        <price t="2023-11-23" v="14595100000"/>
        <price t="2023-11-24" v="14636172800"/>
        <price t="2023-11-27" v="14899930600"/>
        <price t="2023-11-28" v="14693558000"/>
        <price t="2023-11-29" v="14645202000"/>
        <price t="2023-11-30" v="14544788600"/>
        <price t="2023-12-01" v="14652975000"/>
        <price t="2023-12-04" v="14489217600"/>
        <price t="2023-12-05" v="14711120000"/>
        <price t="2023-12-06" v="14515810400"/>
        <price t="2023-12-07" v="14678718800"/>
        <price t="2023-12-08" v="14710605000"/>
        <price t="2023-12-11" v="14481073400"/>
        <price t="2023-12-12" v="14639420000"/>
        <price t="2023-12-13" v="14765245600"/>
        <price t="2023-12-14" v="14690422600"/>
        <price t="2023-12-15" v="14958803600"/>
        <price t="2023-12-18" v="15289567200"/>
        <price t="2023-12-19" v="15351184800"/>
        <price t="2023-12-20" v="15424473600"/>
        <price t="2023-12-21" v="15288336000"/>
        <price t="2023-12-22" v="15350629800"/>
        <price t="2023-12-27" v="15294043000"/>
        <price t="2023-12-28" v="15375107600"/>
        <price t="2023-12-29" v="15313090000"/>
        <price t="2024-01-02" v="15025058400"/>
        <price t="2024-01-03" v="14983051800"/>
        <price t="2024-01-04" v="14670448200"/>
        <price t="2024-01-05" v="14516193200"/>
        <price t="2024-01-08" v="14720180800"/>
        <price t="2024-01-09" v="15090636000"/>
        <price t="2024-01-10" v="15291562000"/>
        <price t="2024-01-11" v="15482880400"/>
        <price t="2024-01-12" v="15450104000"/>
        <price t="2024-01-15" v="15421505000"/>
        <price t="2024-01-16" v="15330561600"/>
        <price t="2024-01-17" v="15208221400"/>
        <price t="2024-01-18" v="15381600000"/>
        <price t="2024-01-19" v="15363734400"/>
        <price t="2024-01-22" v="15498648000"/>
        <price t="2024-01-23" v="15507820800"/>
        <price t="2024-01-24" v="15740277000"/>
        <price t="2024-01-25" v="15919030200"/>
        <price t="2024-01-26" v="15941234400"/>
        <price t="2024-01-29" v="15950937400"/>
        <price t="2024-01-30" v="16034726400"/>
        <price t="2024-01-31" v="15607447400"/>
        <price t="2024-02-01" v="15688951200"/>
        <price t="2024-02-02" v="17256084800"/>
        <price t="2024-02-05" v="16886264400"/>
        <price t="2024-02-06" v="16840726800"/>
        <price t="2024-02-07" v="17008838400"/>
        <price t="2024-02-08" v="17092310400"/>
        <price t="2024-02-09" v="17282596800"/>
        <price t="2024-02-12" v="17338066200"/>
        <price t="2024-02-13" v="17106905000"/>
        <price t="2024-02-14" v="16922254800"/>
        <price t="2024-02-15" v="16804200600"/>
        <price t="2024-02-16" v="16981136000"/>
        <price t="2024-02-19" v="16931251200"/>
        <price t="2024-02-20" v="16661004800"/>
        <price t="2024-02-21" v="16829613000"/>
        <price t="2024-02-22" v="17300517600"/>
        <price t="2024-02-23" v="17440573200"/>
        <price t="2024-02-26" v="17504276000"/>
        <price t="2024-02-27" v="17413024000"/>
        <price t="2024-02-28" v="17329547200"/>
        <price t="2024-02-29" v="17455842400"/>
        <price t="2024-03-01" v="17748458200"/>
        <price t="2024-03-04" v="17854685200"/>
        <price t="2024-03-05" v="17425663800"/>
        <price t="2024-03-06" v="17431022000"/>
        <price t="2024-03-07" v="17538771000"/>
        <price t="2024-03-08" v="17703280800"/>
        <price t="2024-03-11" v="17243413200"/>
        <price t="2024-03-12" v="17555111200"/>
        <price t="2024-03-13" v="17666485000"/>
        <price t="2024-03-14" v="17862375000"/>
        <price t="2024-03-15" v="17429378400"/>
        <price t="2024-03-18" v="17512157600"/>
        <price t="2024-03-19" v="17548747200"/>
        <price t="2024-03-20" v="17471852800"/>
        <price t="2024-03-21" v="18061992000"/>
        <price t="2024-03-22" v="17879596000"/>
        <price t="2024-03-25" v="17936259000"/>
        <price t="2024-03-26" v="17997590000"/>
        <price t="2024-03-27" v="17863705600"/>
        <price t="2024-03-28" v="18004639400"/>
        <price t="2024-04-02" v="17946530400"/>
        <price t="2024-04-03" v="18184451200"/>
        <price t="2024-04-04" v="18420184800"/>
        <price t="2024-04-05" v="18512091600"/>
        <price t="2024-04-08" v="18570103400"/>
        <price t="2024-04-09" v="18528235000"/>
        <price t="2024-04-10" v="18692232000"/>
        <price t="2024-04-11" v="18687772200"/>
        <price t="2024-04-12" v="18758172000"/>
        <price t="2024-04-15" v="18733248000"/>
        <price t="2024-04-16" v="18427538800"/>
        <price t="2024-04-17" v="18193107600"/>
        <price t="2024-04-18" v="18252546800"/>
        <price t="2024-04-19" v="17628584400"/>
        <price t="2024-04-22" v="17519409600"/>
        <price t="2024-04-23" v="17791423200"/>
        <price t="2024-04-24" v="17721662400"/>
        <price t="2024-04-25" v="17147712000"/>
        <price t="2024-04-26" v="17926664800"/>
        <price t="2024-04-29" v="17973152000"/>
        <price t="2024-04-30" v="18023388800"/>
        <price t="2024-05-02" v="18143808000"/>
        <price t="2024-05-03" v="18572078400"/>
        <price t="2024-05-06" v="18711446400"/>
        <price t="2024-05-07" v="18885717200"/>
        <price t="2024-05-08" v="18763723800"/>
        <price t="2024-05-09" v="19027836000"/>
        <price t="2024-05-10" v="18783485400"/>
        <price t="2024-05-13" v="18582513000"/>
        <price t="2024-05-14" v="18512980800"/>
        <price t="2024-05-15" v="18520553600"/>
        <price t="2024-05-16" v="18602592000"/>
        <price t="2024-05-17" v="18410943200"/>
        <price t="2024-05-20" v="18520177200"/>
        <price t="2024-05-21" v="18164608000"/>
        <price t="2024-05-22" v="18447822000"/>
        <price t="2024-05-23" v="18440946000"/>
        <price t="2024-05-24" v="18172176000"/>
        <price t="2024-05-27" v="18077449600"/>
        <price t="2024-05-28" v="18105471600"/>
        <price t="2024-05-29" v="18426500400"/>
        <price t="2024-05-30" v="18000486000"/>
        <price t="2024-05-31" v="17478231200"/>
        <price t="2024-06-03" v="17678965200"/>
        <price t="2024-06-04" v="17790351000"/>
        <price t="2024-06-05" v="18084484800"/>
        <price t="2024-06-06" v="18350985000"/>
        <price t="2024-06-07" v="18731482400"/>
        <price t="2024-06-10" v="18642299200"/>
        <price t="2024-06-11" v="18601528000"/>
        <price t="2024-06-12" v="18651439000"/>
        <price t="2024-06-13" v="18485932800"/>
        <price t="2024-06-14" v="18268785600"/>
        <price t="2024-06-17" v="18152555200"/>
        <price t="2024-06-18" v="18136209000"/>
        <price t="2024-06-19" v="18284049000"/>
        <price t="2024-06-20" v="18531007200"/>
        <price t="2024-06-21" v="18753164800"/>
        <price t="2024-06-24" v="18809690000"/>
        <price t="2024-06-25" v="18865211200"/>
        <price t="2024-06-26" v="19107656400"/>
        <price t="2024-06-27" v="19496668800"/>
        <price t="2024-06-28" v="19598714000"/>
        <price t="2024-07-01" v="19622519000"/>
        <price t="2024-07-02" v="19747797400"/>
        <price t="2024-07-03" v="19684988400"/>
        <price t="2024-07-04" v="19856880000"/>
        <price t="2024-07-05" v="20000587200"/>
        <price t="2024-07-08" v="19992742000"/>
        <price t="2024-07-09" v="20018876800"/>
        <price t="2024-07-10" v="19872535000"/>
        <price t="2024-07-11" v="19426108000"/>
        <price t="2024-07-12" v="19508346000"/>
        <price t="2024-07-15" v="19425367000"/>
        <price t="2024-07-16" v="19403379600"/>
        <price t="2024-07-17" v="18773678000"/>
        <price t="2024-07-18" v="18312122000"/>
        <price t="2024-07-19" v="18299556000"/>
        <price t="2024-07-22" v="18335392000"/>
        <price t="2024-07-23" v="18883368000"/>
        <price t="2024-07-24" v="18278880000"/>
        <price t="2024-07-25" v="18155893200"/>
        <price t="2024-07-26" v="18149232000"/>
        <price t="2024-07-29" v="18269913000"/>
        <price t="2024-07-30" v="18249264000"/>
        <price t="2024-07-31" v="18691293600"/>
        <price t="2024-08-01" v="18587289200"/>
        <price t="2024-08-02" v="16555880000"/>
        <price t="2024-08-05" v="16188009200"/>
        <price t="2024-08-06" v="16193494000"/>
        <price t="2024-08-07" v="16612362000"/>
        <price t="2024-08-08" v="16493370000"/>
        <price t="2024-08-09" v="16751044800"/>
        <price t="2024-08-12" v="16673735000"/>
        <price t="2024-08-13" v="16761595400"/>
        <price t="2024-08-14" v="17022151200"/>
        <price t="2024-08-15" v="17721103400"/>
        <price t="2024-08-16" v="17753111200"/>
        <price t="2024-08-19" v="17672224600"/>
        <price t="2024-08-20" v="17754351200"/>
        <price t="2024-08-21" v="17921215200"/>
        <price t="2024-08-22" v="17862767000"/>
        <price t="2024-08-23" v="17653475400"/>
        <price t="2024-08-26" v="17579492400"/>
        <price t="2024-08-27" v="17281008400"/>
        <price t="2024-08-28" v="17044584400"/>
        <price t="2024-08-29" v="17390419200"/>
        <price t="2024-08-30" v="17592851600"/>
        <price t="2024-09-02" v="17775027000"/>
        <price t="2024-09-03" v="17671449000"/>
        <price t="2024-09-04" v="17445740000"/>
        <price t="2024-09-05" v="17721909000"/>
        <price t="2024-09-06" v="17289591600"/>
        <price t="2024-09-09" v="17465608800"/>
        <price t="2024-09-10" v="17892282000"/>
        <price t="2024-09-11" v="17777021400"/>
        <price t="2024-09-12" v="18427564800"/>
        <price t="2024-09-13" v="18749052000"/>
        <price t="2024-09-16" v="18475835600"/>
        <price t="2024-09-17" v="18842732400"/>
        <price t="2024-09-18" v="18639374400"/>
      </prices>
      <latestFeed>MANUAL</latestFeed>
      <latest t="2024-09-18" v="18639374400">
        <high>-1</high>
        <low>-1</low>
        <volume>-1</volume>
      </latest>
      <attributes>
        <map/>
      </attributes>
      <events>
        <event>
          <date>2022-06-06</date>
          <type>STOCK_SPLIT</type>
          <details>20:1</details>
        </event>
        <event>
          <date>2023-10-27</date>
          <type>NOTE</type>
          <details>Earnings Conference Call</details>
        </event>
      </events>
      <isRetired>false</isRetired>
      <updatedAt>2024-09-16T08:13:23.085692500Z</updatedAt>
    </security>
    <security>
      <uuid>bd555509-86a2-4add-8090-909d6268ef3d</uuid>
      <name>Apple Inc.</name>
      <currencyCode>EUR</currencyCode>
      <tickerSymbol>AAPL</tickerSymbol>
      <feed>YAHOO</feed>
      <prices>
        <price t="2014-09-15" v="2540750000"/>
        <price t="2014-09-16" v="2521500000"/>
        <price t="2014-09-17" v="2539500000"/>
        <price t="2014-09-18" v="2544750000"/>
        <price t="2014-09-19" v="2524000000"/>
        <price t="2014-09-22" v="2526500000"/>
        <price t="2014-09-23" v="2566000000"/>
        <price t="2014-09-24" v="2543750000"/>
        <price t="2014-09-25" v="2446750000"/>
        <price t="2014-09-26" v="2518750000"/>
        <price t="2014-09-29" v="2502750000"/>
        <price t="2014-09-30" v="2518750000"/>
        <price t="2014-10-01" v="2479500000"/>
        <price t="2014-10-02" v="2497500000"/>
        <price t="2014-10-03" v="2490500000"/>
        <price t="2014-10-06" v="2490500000"/>
        <price t="2014-10-07" v="2468750000"/>
        <price t="2014-10-08" v="2520000000"/>
        <price t="2014-10-09" v="2525500000"/>
        <price t="2014-10-10" v="2518250000"/>
        <price t="2014-10-13" v="2495250000"/>
        <price t="2014-10-14" v="2468750000"/>
        <price t="2014-10-15" v="2438500000"/>
        <price t="2014-10-16" v="2406500000"/>
        <price t="2014-10-17" v="2441750000"/>
        <price t="2014-10-20" v="2494000000"/>
        <price t="2014-10-21" v="2561750000"/>
        <price t="2014-10-22" v="2574750000"/>
        <price t="2014-10-23" v="2620750000"/>
        <price t="2014-10-24" v="2630500000"/>
        <price t="2014-10-27" v="2627750000"/>
        <price t="2014-10-28" v="2668500000"/>
        <price t="2014-10-29" v="2683500000"/>
        <price t="2014-10-30" v="2674500000"/>
        <price t="2014-10-31" v="2700000000"/>
        <price t="2014-11-03" v="2735000000"/>
        <price t="2014-11-04" v="2715000000"/>
        <price t="2014-11-05" v="2721500000"/>
        <price t="2014-11-06" v="2717500000"/>
        <price t="2014-11-07" v="2725250000"/>
        <price t="2014-11-10" v="2720750000"/>
        <price t="2014-11-11" v="2742500000"/>
        <price t="2014-11-12" v="2781250000"/>
        <price t="2014-11-13" v="2820500000"/>
        <price t="2014-11-14" v="2854500000"/>
        <price t="2014-11-17" v="2849750000"/>
        <price t="2014-11-18" v="2886750000"/>
        <price t="2014-11-19" v="2866750000"/>
        <price t="2014-11-20" v="2907750000"/>
        <price t="2014-11-21" v="2911750000"/>
        <price t="2014-11-24" v="2965750000"/>
        <price t="2014-11-25" v="2940000000"/>
        <price t="2014-11-26" v="2975000000"/>
        <price t="2014-11-28" v="2973250000"/>
        <price t="2014-12-01" v="2876750000"/>
        <price t="2014-12-02" v="2865750000"/>
        <price t="2014-12-03" v="2898250000"/>
        <price t="2014-12-04" v="2887250000"/>
        <price t="2014-12-05" v="2875000000"/>
        <price t="2014-12-08" v="2810000000"/>
        <price t="2014-12-09" v="2853000000"/>
        <price t="2014-12-10" v="2798750000"/>
        <price t="2014-12-11" v="2790500000"/>
        <price t="2014-12-12" v="2743250000"/>
        <price t="2014-12-15" v="2705750000"/>
        <price t="2014-12-16" v="2668750000"/>
        <price t="2014-12-17" v="2735250000"/>
        <price t="2014-12-18" v="2816250000"/>
        <price t="2014-12-19" v="2794500000"/>
        <price t="2014-12-22" v="2823500000"/>
        <price t="2014-12-23" v="2813500000"/>
        <price t="2014-12-24" v="2800250000"/>
        <price t="2014-12-26" v="2849750000"/>
        <price t="2014-12-29" v="2847750000"/>
        <price t="2014-12-30" v="2813000000"/>
        <price t="2014-12-31" v="2759500000"/>
        <price t="2015-01-02" v="2733250000"/>
        <price t="2015-01-05" v="2656250000"/>
        <price t="2015-01-06" v="2656500000"/>
        <price t="2015-01-07" v="2693750000"/>
        <price t="2015-01-08" v="2797250000"/>
        <price t="2015-01-09" v="2800250000"/>
        <price t="2015-01-12" v="2731250000"/>
        <price t="2015-01-13" v="2755500000"/>
        <price t="2015-01-14" v="2745000000"/>
        <price t="2015-01-15" v="2670500000"/>
        <price t="2015-01-16" v="2649750000"/>
        <price t="2015-01-20" v="2718000000"/>
        <price t="2015-01-21" v="2738750000"/>
        <price t="2015-01-22" v="2810000000"/>
        <price t="2015-01-23" v="2824500000"/>
        <price t="2015-01-26" v="2827500000"/>
        <price t="2015-01-27" v="2728500000"/>
        <price t="2015-01-28" v="2882750000"/>
        <price t="2015-01-29" v="2972500000"/>
        <price t="2015-01-30" v="2929000000"/>
        <price t="2015-02-02" v="2965750000"/>
        <price t="2015-02-03" v="2966250000"/>
        <price t="2015-02-04" v="2989000000"/>
        <price t="2015-02-05" v="2998500000"/>
        <price t="2015-02-06" v="2973250000"/>
        <price t="2015-02-09" v="2993000000"/>
        <price t="2015-02-10" v="3050500000"/>
        <price t="2015-02-11" v="3122000000"/>
        <price t="2015-02-12" v="3161500000"/>
        <price t="2015-02-13" v="3177000000"/>
        <price t="2015-02-17" v="3195750000"/>
        <price t="2015-02-18" v="3218000000"/>
        <price t="2015-02-19" v="3211250000"/>
        <price t="2015-02-20" v="3237500000"/>
        <price t="2015-02-23" v="3325000000"/>
        <price t="2015-02-24" v="3304250000"/>
        <price t="2015-02-25" v="3219750000"/>
        <price t="2015-02-26" v="3260500000"/>
        <price t="2015-02-27" v="3211500000"/>
        <price t="2015-03-02" v="3227250000"/>
        <price t="2015-03-03" v="3234000000"/>
        <price t="2015-03-04" v="3213500000"/>
        <price t="2015-03-05" v="3160250000"/>
        <price t="2015-03-06" v="3165000000"/>
        <price t="2015-03-09" v="3178500000"/>
        <price t="2015-03-10" v="3112750000"/>
        <price t="2015-03-11" v="3056000000"/>
        <price t="2015-03-12" v="3111250000"/>
        <price t="2015-03-13" v="3089750000"/>
        <price t="2015-03-16" v="3123750000"/>
        <price t="2015-03-17" v="3176000000"/>
        <price t="2015-03-18" v="3211750000"/>
        <price t="2015-03-19" v="3187500000"/>
        <price t="2015-03-20" v="3147500000"/>
        <price t="2015-03-23" v="3180250000"/>
        <price t="2015-03-24" v="3167250000"/>
        <price t="2015-03-25" v="3084500000"/>
        <price t="2015-03-26" v="3106000000"/>
        <price t="2015-03-27" v="3081250000"/>
        <price t="2015-03-30" v="3159250000"/>
        <price t="2015-03-31" v="3110750000"/>
        <price t="2015-04-01" v="3106250000"/>
        <price t="2015-04-02" v="3133000000"/>
        <price t="2015-04-06" v="3183750000"/>
        <price t="2015-04-07" v="3150250000"/>
        <price t="2015-04-08" v="3140000000"/>
        <price t="2015-04-09" v="3164000000"/>
        <price t="2015-04-10" v="3177500000"/>
        <price t="2015-04-13" v="3171250000"/>
        <price t="2015-04-14" v="3157500000"/>
        <price t="2015-04-15" v="3169500000"/>
        <price t="2015-04-16" v="3154250000"/>
        <price t="2015-04-17" v="3118750000"/>
        <price t="2015-04-20" v="3190000000"/>
        <price t="2015-04-21" v="3172750000"/>
        <price t="2015-04-22" v="3215500000"/>
        <price t="2015-04-23" v="3241750000"/>
        <price t="2015-04-24" v="3257000000"/>
        <price t="2015-04-27" v="3316250000"/>
        <price t="2015-04-28" v="3264000000"/>
        <price t="2015-04-29" v="3216000000"/>
        <price t="2015-04-30" v="3128750000"/>
        <price t="2015-05-01" v="3223750000"/>
        <price t="2015-05-04" v="3217500000"/>
        <price t="2015-05-05" v="3145000000"/>
        <price t="2015-05-06" v="3125250000"/>
        <price t="2015-05-07" v="3131500000"/>
        <price t="2015-05-08" v="3190500000"/>
        <price t="2015-05-11" v="3158000000"/>
        <price t="2015-05-12" v="3146750000"/>
        <price t="2015-05-13" v="3150250000"/>
        <price t="2015-05-14" v="3223750000"/>
        <price t="2015-05-15" v="3219250000"/>
        <price t="2015-05-18" v="3254750000"/>
        <price t="2015-05-19" v="3251750000"/>
        <price t="2015-05-20" v="3251500000"/>
        <price t="2015-05-21" v="3284750000"/>
        <price t="2015-05-22" v="3313500000"/>
        <price t="2015-05-26" v="3240500000"/>
        <price t="2015-05-27" v="3301000000"/>
        <price t="2015-05-28" v="3294500000"/>
        <price t="2015-05-29" v="3257000000"/>
        <price t="2015-06-01" v="3263500000"/>
        <price t="2015-06-02" v="3249000000"/>
        <price t="2015-06-03" v="3253000000"/>
        <price t="2015-06-04" v="3234000000"/>
        <price t="2015-06-05" v="3216250000"/>
        <price t="2015-06-08" v="3195000000"/>
        <price t="2015-06-09" v="3185500000"/>
        <price t="2015-06-10" v="3222000000"/>
        <price t="2015-06-11" v="3214750000"/>
        <price t="2015-06-12" v="3179250000"/>
        <price t="2015-06-15" v="3173000000"/>
        <price t="2015-06-16" v="3190000000"/>
        <price t="2015-06-17" v="3182500000"/>
        <price t="2015-06-18" v="3197000000"/>
        <price t="2015-06-19" v="3165000000"/>
        <price t="2015-06-22" v="3190250000"/>
        <price t="2015-06-23" v="3175750000"/>
        <price t="2015-06-24" v="3202750000"/>
        <price t="2015-06-25" v="3187500000"/>
        <price t="2015-06-26" v="3168750000"/>
        <price t="2015-06-29" v="3113250000"/>
        <price t="2015-06-30" v="3135750000"/>
        <price t="2015-07-01" v="3165000000"/>
        <price t="2015-07-02" v="3161000000"/>
        <price t="2015-07-06" v="3150000000"/>
        <price t="2015-07-07" v="3142250000"/>
        <price t="2015-07-08" v="3064250000"/>
        <price t="2015-07-09" v="3001750000"/>
        <price t="2015-07-10" v="3082000000"/>
        <price t="2015-07-13" v="3141500000"/>
        <price t="2015-07-14" v="3140250000"/>
        <price t="2015-07-15" v="3170500000"/>
        <price t="2015-07-16" v="3212750000"/>
        <price t="2015-07-17" v="3240500000"/>
        <price t="2015-07-20" v="3301750000"/>
        <price t="2015-07-21" v="3268750000"/>
        <price t="2015-07-22" v="3130500000"/>
        <price t="2015-07-23" v="3129000000"/>
        <price t="2015-07-24" v="3112500000"/>
        <price t="2015-07-27" v="3069250000"/>
        <price t="2015-07-28" v="3084500000"/>
        <price t="2015-07-29" v="3074750000"/>
        <price t="2015-07-30" v="3059250000"/>
        <price t="2015-07-31" v="3032500000"/>
        <price t="2015-08-03" v="2961000000"/>
        <price t="2015-08-04" v="2866000000"/>
        <price t="2015-08-05" v="2885000000"/>
        <price t="2015-08-06" v="2878250000"/>
        <price t="2015-08-07" v="2888000000"/>
        <price t="2015-08-10" v="2993000000"/>
        <price t="2015-08-11" v="2837250000"/>
        <price t="2015-08-12" v="2881000000"/>
        <price t="2015-08-13" v="2878750000"/>
        <price t="2015-08-14" v="2899000000"/>
        <price t="2015-08-17" v="2929000000"/>
        <price t="2015-08-18" v="2912500000"/>
        <price t="2015-08-19" v="2875250000"/>
        <price t="2015-08-20" v="2816250000"/>
        <price t="2015-08-21" v="2644000000"/>
        <price t="2015-08-24" v="2578000000"/>
        <price t="2015-08-25" v="2593500000"/>
        <price t="2015-08-26" v="2742250000"/>
        <price t="2015-08-27" v="2823000000"/>
        <price t="2015-08-28" v="2832250000"/>
        <price t="2015-08-31" v="2819000000"/>
        <price t="2015-09-01" v="2693000000"/>
        <price t="2015-09-02" v="2808500000"/>
        <price t="2015-09-03" v="2759250000"/>
        <price t="2015-09-04" v="2731750000"/>
        <price t="2015-09-08" v="2807750000"/>
        <price t="2015-09-09" v="2753750000"/>
        <price t="2015-09-10" v="2814250000"/>
        <price t="2015-09-11" v="2855250000"/>
        <price t="2015-09-14" v="2882750000"/>
        <price t="2015-09-15" v="2907000000"/>
        <price t="2015-09-16" v="2910250000"/>
        <price t="2015-09-17" v="2848000000"/>
        <price t="2015-09-18" v="2836250000"/>
        <price t="2015-09-21" v="2880250000"/>
        <price t="2015-09-22" v="2835000000"/>
        <price t="2015-09-23" v="2858000000"/>
        <price t="2015-09-24" v="2875000000"/>
        <price t="2015-09-25" v="2867750000"/>
        <price t="2015-09-28" v="2811000000"/>
        <price t="2015-09-29" v="2726500000"/>
        <price t="2015-09-30" v="2757500000"/>
        <price t="2015-10-01" v="2739500000"/>
        <price t="2015-10-02" v="2759500000"/>
        <price t="2015-10-05" v="2769500000"/>
        <price t="2015-10-06" v="2782750000"/>
        <price t="2015-10-07" v="2769500000"/>
        <price t="2015-10-08" v="2737500000"/>
        <price t="2015-10-09" v="2803000000"/>
        <price t="2015-10-12" v="2790000000"/>
        <price t="2015-10-13" v="2794750000"/>
        <price t="2015-10-14" v="2755250000"/>
        <price t="2015-10-15" v="2796500000"/>
        <price t="2015-10-16" v="2776000000"/>
        <price t="2015-10-19" v="2793250000"/>
        <price t="2015-10-20" v="2844250000"/>
        <price t="2015-10-21" v="2844000000"/>
        <price t="2015-10-22" v="2887500000"/>
        <price t="2015-10-23" v="2977000000"/>
        <price t="2015-10-26" v="2882000000"/>
        <price t="2015-10-27" v="2863750000"/>
        <price t="2015-10-28" v="2981750000"/>
        <price t="2015-10-29" v="3013250000"/>
        <price t="2015-10-30" v="2987500000"/>
        <price t="2015-11-02" v="3029500000"/>
        <price t="2015-11-03" v="3064250000"/>
        <price t="2015-11-04" v="3050000000"/>
        <price t="2015-11-05" v="3023000000"/>
        <price t="2015-11-06" v="3026500000"/>
        <price t="2015-11-09" v="3014250000"/>
        <price t="2015-11-10" v="2919250000"/>
        <price t="2015-11-11" v="2902750000"/>
        <price t="2015-11-12" v="2893000000"/>
        <price t="2015-11-13" v="2808500000"/>
        <price t="2015-11-16" v="2854500000"/>
        <price t="2015-11-17" v="2842250000"/>
        <price t="2015-11-18" v="2932250000"/>
        <price t="2015-11-19" v="2969500000"/>
        <price t="2015-11-20" v="2982500000"/>
        <price t="2015-11-23" v="2943750000"/>
        <price t="2015-11-24" v="2972000000"/>
        <price t="2015-11-25" v="2950750000"/>
        <price t="2015-11-27" v="2945250000"/>
        <price t="2015-11-30" v="2957500000"/>
        <price t="2015-12-01" v="2933500000"/>
        <price t="2015-12-02" v="2907000000"/>
        <price t="2015-12-03" v="2880000000"/>
        <price t="2015-12-04" v="2975750000"/>
        <price t="2015-12-07" v="2957000000"/>
        <price t="2015-12-08" v="2955750000"/>
        <price t="2015-12-09" v="2890500000"/>
        <price t="2015-12-10" v="2904250000"/>
        <price t="2015-12-11" v="2829500000"/>
        <price t="2015-12-14" v="2812000000"/>
        <price t="2015-12-15" v="2762250000"/>
        <price t="2015-12-16" v="2783500000"/>
        <price t="2015-12-17" v="2724500000"/>
        <price t="2015-12-18" v="2650750000"/>
        <price t="2015-12-21" v="2683250000"/>
        <price t="2015-12-22" v="2680750000"/>
        <price t="2015-12-23" v="2715250000"/>
        <price t="2015-12-24" v="2700750000"/>
        <price t="2015-12-28" v="2670500000"/>
        <price t="2015-12-29" v="2718500000"/>
        <price t="2015-12-30" v="2683000000"/>
        <price t="2015-12-31" v="2631500000"/>
        <price t="2016-01-04" v="2633750000"/>
        <price t="2016-01-05" v="2567750000"/>
        <price t="2016-01-06" v="2517500000"/>
        <price t="2016-01-07" v="2411250000"/>
        <price t="2016-01-08" v="2424000000"/>
        <price t="2016-01-11" v="2463250000"/>
        <price t="2016-01-12" v="2499000000"/>
        <price t="2016-01-13" v="2434750000"/>
        <price t="2016-01-14" v="2488000000"/>
        <price t="2016-01-15" v="2428250000"/>
        <price t="2016-01-19" v="2416500000"/>
        <price t="2016-01-20" v="2419750000"/>
        <price t="2016-01-21" v="2407500000"/>
        <price t="2016-01-22" v="2535500000"/>
        <price t="2016-01-25" v="2486000000"/>
        <price t="2016-01-26" v="2499750000"/>
        <price t="2016-01-27" v="2335500000"/>
        <price t="2016-01-28" v="2352250000"/>
        <price t="2016-01-29" v="2433500000"/>
        <price t="2016-02-01" v="2410750000"/>
        <price t="2016-02-02" v="2362000000"/>
        <price t="2016-02-03" v="2408750000"/>
        <price t="2016-02-04" v="2415000000"/>
        <price t="2016-02-05" v="2350500000"/>
        <price t="2016-02-08" v="2375250000"/>
        <price t="2016-02-09" v="2374750000"/>
        <price t="2016-02-10" v="2356750000"/>
        <price t="2016-02-11" v="2342500000"/>
        <price t="2016-02-12" v="2349750000"/>
        <price t="2016-02-16" v="2416000000"/>
        <price t="2016-02-17" v="2453000000"/>
        <price t="2016-02-18" v="2406500000"/>
        <price t="2016-02-19" v="2401000000"/>
        <price t="2016-02-22" v="2422000000"/>
        <price t="2016-02-23" v="2367250000"/>
        <price t="2016-02-24" v="2402500000"/>
        <price t="2016-02-25" v="2419000000"/>
        <price t="2016-02-26" v="2422750000"/>
        <price t="2016-02-29" v="2417250000"/>
        <price t="2016-03-01" v="2513250000"/>
        <price t="2016-03-02" v="2518750000"/>
        <price t="2016-03-03" v="2537500000"/>
        <price t="2016-03-04" v="2575250000"/>
        <price t="2016-03-07" v="2546750000"/>
        <price t="2016-03-08" v="2525750000"/>
        <price t="2016-03-09" v="2528000000"/>
        <price t="2016-03-10" v="2529250000"/>
        <price t="2016-03-11" v="2556500000"/>
        <price t="2016-03-14" v="2563000000"/>
        <price t="2016-03-15" v="2614500000"/>
        <price t="2016-03-16" v="2649250000"/>
        <price t="2016-03-17" v="2645000000"/>
        <price t="2016-03-18" v="2648000000"/>
        <price t="2016-03-21" v="2647750000"/>
        <price t="2016-03-22" v="2668000000"/>
        <price t="2016-03-23" v="2653250000"/>
        <price t="2016-03-24" v="2641750000"/>
        <price t="2016-03-28" v="2629750000"/>
        <price t="2016-03-29" v="2692000000"/>
        <price t="2016-03-30" v="2739000000"/>
        <price t="2016-03-31" v="2724750000"/>
        <price t="2016-04-01" v="2749750000"/>
        <price t="2016-04-04" v="2778000000"/>
        <price t="2016-04-05" v="2745250000"/>
        <price t="2016-04-06" v="2774000000"/>
        <price t="2016-04-07" v="2713500000"/>
        <price t="2016-04-08" v="2716500000"/>
        <price t="2016-04-11" v="2725500000"/>
        <price t="2016-04-12" v="2761000000"/>
        <price t="2016-04-13" v="2801000000"/>
        <price t="2016-04-14" v="2802500000"/>
        <price t="2016-04-15" v="2746250000"/>
        <price t="2016-04-18" v="2687000000"/>
        <price t="2016-04-19" v="2672750000"/>
        <price t="2016-04-20" v="2678250000"/>
        <price t="2016-04-21" v="2649250000"/>
        <price t="2016-04-22" v="2642000000"/>
        <price t="2016-04-25" v="2627000000"/>
        <price t="2016-04-26" v="2608750000"/>
        <price t="2016-04-27" v="2445500000"/>
        <price t="2016-04-28" v="2370750000"/>
        <price t="2016-04-29" v="2343500000"/>
        <price t="2016-05-02" v="2341000000"/>
        <price t="2016-05-03" v="2379500000"/>
        <price t="2016-05-04" v="2354750000"/>
        <price t="2016-05-05" v="2331000000"/>
        <price t="2016-05-06" v="2318000000"/>
        <price t="2016-05-09" v="2319750000"/>
        <price t="2016-05-10" v="2335500000"/>
        <price t="2016-05-11" v="2312750000"/>
        <price t="2016-05-12" v="2258500000"/>
        <price t="2016-05-13" v="2263000000"/>
        <price t="2016-05-16" v="2347000000"/>
        <price t="2016-05-17" v="2337250000"/>
        <price t="2016-05-18" v="2364000000"/>
        <price t="2016-05-19" v="2355000000"/>
        <price t="2016-05-20" v="2380500000"/>
        <price t="2016-05-23" v="2410750000"/>
        <price t="2016-05-24" v="2447500000"/>
        <price t="2016-05-25" v="2490500000"/>
        <price t="2016-05-26" v="2510250000"/>
        <price t="2016-05-27" v="2508750000"/>
        <price t="2016-05-31" v="2496500000"/>
        <price t="2016-06-01" v="2461500000"/>
        <price t="2016-06-02" v="2443000000"/>
        <price t="2016-06-03" v="2448000000"/>
        <price t="2016-06-06" v="2465750000"/>
        <price t="2016-06-07" v="2475750000"/>
        <price t="2016-06-08" v="2473500000"/>
        <price t="2016-06-09" v="2491250000"/>
        <price t="2016-06-10" v="2470750000"/>
        <price t="2016-06-13" v="2433500000"/>
        <price t="2016-06-14" v="2436500000"/>
        <price t="2016-06-15" v="2428500000"/>
        <price t="2016-06-16" v="2438750000"/>
        <price t="2016-06-17" v="2383250000"/>
        <price t="2016-06-20" v="2377500000"/>
        <price t="2016-06-21" v="2397750000"/>
        <price t="2016-06-22" v="2388750000"/>
        <price t="2016-06-23" v="2402500000"/>
        <price t="2016-06-24" v="2335000000"/>
        <price t="2016-06-27" v="2301000000"/>
        <price t="2016-06-28" v="2339750000"/>
        <price t="2016-06-29" v="2360000000"/>
        <price t="2016-06-30" v="2390000000"/>
        <price t="2016-07-01" v="2397250000"/>
        <price t="2016-07-05" v="2374750000"/>
        <price t="2016-07-06" v="2388250000"/>
        <price t="2016-07-07" v="2398500000"/>
        <price t="2016-07-08" v="2417000000"/>
        <price t="2016-07-11" v="2424500000"/>
        <price t="2016-07-12" v="2435500000"/>
        <price t="2016-07-13" v="2421750000"/>
        <price t="2016-07-14" v="2469750000"/>
        <price t="2016-07-15" v="2469500000"/>
        <price t="2016-07-18" v="2495750000"/>
        <price t="2016-07-19" v="2496750000"/>
        <price t="2016-07-20" v="2499000000"/>
        <price t="2016-07-21" v="2485750000"/>
        <price t="2016-07-22" v="2466500000"/>
        <price t="2016-07-25" v="2433500000"/>
        <price t="2016-07-26" v="2416750000"/>
        <price t="2016-07-27" v="2573750000"/>
        <price t="2016-07-28" v="2608500000"/>
        <price t="2016-07-29" v="2605250000"/>
        <price t="2016-08-01" v="2651250000"/>
        <price t="2016-08-02" v="2612000000"/>
        <price t="2016-08-03" v="2644750000"/>
        <price t="2016-08-04" v="2646750000"/>
        <price t="2016-08-05" v="2687000000"/>
        <price t="2016-08-08" v="2709250000"/>
        <price t="2016-08-09" v="2720250000"/>
        <price t="2016-08-10" v="2700000000"/>
        <price t="2016-08-11" v="2698250000"/>
        <price t="2016-08-12" v="2704500000"/>
        <price t="2016-08-15" v="2737000000"/>
        <price t="2016-08-16" v="2734500000"/>
        <price t="2016-08-17" v="2730500000"/>
        <price t="2016-08-18" v="2727000000"/>
        <price t="2016-08-19" v="2734000000"/>
        <price t="2016-08-22" v="2712750000"/>
        <price t="2016-08-23" v="2721250000"/>
        <price t="2016-08-24" v="2700750000"/>
        <price t="2016-08-25" v="2689250000"/>
        <price t="2016-08-26" v="2673500000"/>
        <price t="2016-08-29" v="2670500000"/>
        <price t="2016-08-30" v="2650000000"/>
        <price t="2016-08-31" v="2652500000"/>
        <price t="2016-09-01" v="2668250000"/>
        <price t="2016-09-02" v="2693250000"/>
        <price t="2016-09-06" v="2692500000"/>
        <price t="2016-09-07" v="2709000000"/>
        <price t="2016-09-08" v="2638000000"/>
        <price t="2016-09-09" v="2578250000"/>
        <price t="2016-09-12" v="2636000000"/>
        <price t="2016-09-13" v="2698750000"/>
        <price t="2016-09-14" v="2794250000"/>
        <price t="2016-09-15" v="2889250000"/>
        <price t="2016-09-16" v="2873000000"/>
        <price t="2016-09-19" v="2839500000"/>
        <price t="2016-09-20" v="2839250000"/>
        <price t="2016-09-21" v="2838750000"/>
        <price t="2016-09-22" v="2865500000"/>
        <price t="2016-09-23" v="2817750000"/>
        <price t="2016-09-26" v="2822000000"/>
        <price t="2016-09-27" v="2827250000"/>
        <price t="2016-09-28" v="2848750000"/>
        <price t="2016-09-29" v="2804500000"/>
        <price t="2016-09-30" v="2826250000"/>
        <price t="2016-10-03" v="2813000000"/>
        <price t="2016-10-04" v="2825000000"/>
        <price t="2016-10-05" v="2826250000"/>
        <price t="2016-10-06" v="2847250000"/>
        <price t="2016-10-07" v="2851500000"/>
        <price t="2016-10-10" v="2901250000"/>
        <price t="2016-10-11" v="2907500000"/>
        <price t="2016-10-12" v="2933500000"/>
        <price t="2016-10-13" v="2924500000"/>
        <price t="2016-10-14" v="2940750000"/>
        <price t="2016-10-17" v="2938750000"/>
        <price t="2016-10-18" v="2936750000"/>
        <price t="2016-10-19" v="2928000000"/>
        <price t="2016-10-20" v="2926500000"/>
        <price t="2016-10-21" v="2915000000"/>
        <price t="2016-10-24" v="2941250000"/>
        <price t="2016-10-25" v="2956250000"/>
        <price t="2016-10-26" v="2889750000"/>
        <price t="2016-10-27" v="2862000000"/>
        <price t="2016-10-28" v="2843000000"/>
        <price t="2016-10-31" v="2838500000"/>
        <price t="2016-11-01" v="2787250000"/>
        <price t="2016-11-02" v="2789750000"/>
        <price t="2016-11-03" v="2745750000"/>
        <price t="2016-11-04" v="2721000000"/>
        <price t="2016-11-07" v="2760250000"/>
        <price t="2016-11-08" v="2776500000"/>
        <price t="2016-11-09" v="2772000000"/>
        <price t="2016-11-10" v="2694750000"/>
        <price t="2016-11-11" v="2710750000"/>
        <price t="2016-11-14" v="2642750000"/>
        <price t="2016-11-15" v="2677750000"/>
        <price t="2016-11-16" v="2749750000"/>
        <price t="2016-11-17" v="2748750000"/>
        <price t="2016-11-18" v="2751500000"/>
        <price t="2016-11-21" v="2793250000"/>
        <price t="2016-11-22" v="2795000000"/>
        <price t="2016-11-23" v="2780750000"/>
        <price t="2016-11-25" v="2794750000"/>
        <price t="2016-11-28" v="2789250000"/>
        <price t="2016-11-29" v="2786500000"/>
        <price t="2016-11-30" v="2763000000"/>
        <price t="2016-12-01" v="2737250000"/>
        <price t="2016-12-02" v="2747500000"/>
        <price t="2016-12-05" v="2727750000"/>
        <price t="2016-12-06" v="2748750000"/>
        <price t="2016-12-07" v="2775750000"/>
        <price t="2016-12-08" v="2803000000"/>
        <price t="2016-12-09" v="2848750000"/>
        <price t="2016-12-12" v="2832500000"/>
        <price t="2016-12-13" v="2879750000"/>
        <price t="2016-12-14" v="2879750000"/>
        <price t="2016-12-15" v="2895500000"/>
        <price t="2016-12-16" v="2899250000"/>
        <price t="2016-12-19" v="2916000000"/>
        <price t="2016-12-20" v="2923750000"/>
        <price t="2016-12-21" v="2926500000"/>
        <price t="2016-12-22" v="2907250000"/>
        <price t="2016-12-23" v="2913000000"/>
        <price t="2016-12-27" v="2931500000"/>
        <price t="2016-12-28" v="2919000000"/>
        <price t="2016-12-29" v="2918250000"/>
        <price t="2016-12-30" v="2895500000"/>
        <price t="2017-01-03" v="2903750000"/>
        <price t="2017-01-04" v="2900500000"/>
        <price t="2017-01-05" v="2915250000"/>
        <price t="2017-01-06" v="2947750000"/>
        <price t="2017-01-09" v="2974750000"/>
        <price t="2017-01-10" v="2977750000"/>
        <price t="2017-01-11" v="2993750000"/>
        <price t="2017-01-12" v="2981250000"/>
        <price t="2017-01-13" v="2976000000"/>
        <price t="2017-01-17" v="3000000000"/>
        <price t="2017-01-18" v="2999750000"/>
        <price t="2017-01-19" v="2994500000"/>
        <price t="2017-01-20" v="3000000000"/>
        <price t="2017-01-23" v="3002000000"/>
        <price t="2017-01-24" v="2999250000"/>
        <price t="2017-01-25" v="3047000000"/>
        <price t="2017-01-26" v="3048500000"/>
        <price t="2017-01-27" v="3048750000"/>
        <price t="2017-01-30" v="3040750000"/>
        <price t="2017-01-31" v="3033750000"/>
        <price t="2017-02-01" v="3218750000"/>
        <price t="2017-02-02" v="3213250000"/>
        <price t="2017-02-03" v="3227000000"/>
        <price t="2017-02-06" v="3257250000"/>
        <price t="2017-02-07" v="3288250000"/>
        <price t="2017-02-08" v="3301000000"/>
        <price t="2017-02-09" v="3310500000"/>
        <price t="2017-02-10" v="3303000000"/>
        <price t="2017-02-13" v="3332250000"/>
        <price t="2017-02-14" v="3375500000"/>
        <price t="2017-02-15" v="3387750000"/>
        <price t="2017-02-16" v="3383750000"/>
        <price t="2017-02-17" v="3393000000"/>
        <price t="2017-02-21" v="3417500000"/>
        <price t="2017-02-22" v="3427750000"/>
        <price t="2017-02-23" v="3413250000"/>
        <price t="2017-02-24" v="3416500000"/>
        <price t="2017-02-27" v="3423250000"/>
        <price t="2017-02-28" v="3424750000"/>
        <price t="2017-03-01" v="3494750000"/>
        <price t="2017-03-02" v="3474000000"/>
        <price t="2017-03-03" v="3494500000"/>
        <price t="2017-03-06" v="3483500000"/>
        <price t="2017-03-07" v="3488000000"/>
        <price t="2017-03-08" v="3475000000"/>
        <price t="2017-03-09" v="3467000000"/>
        <price t="2017-03-10" v="3478500000"/>
        <price t="2017-03-13" v="3480000000"/>
        <price t="2017-03-14" v="3474750000"/>
        <price t="2017-03-15" v="3511500000"/>
        <price t="2017-03-16" v="3517250000"/>
        <price t="2017-03-17" v="3499750000"/>
        <price t="2017-03-20" v="3536500000"/>
        <price t="2017-03-21" v="3496000000"/>
        <price t="2017-03-22" v="3535500000"/>
        <price t="2017-03-23" v="3523000000"/>
        <price t="2017-03-24" v="3516000000"/>
        <price t="2017-03-27" v="3522000000"/>
        <price t="2017-03-28" v="3595000000"/>
        <price t="2017-03-29" v="3603000000"/>
        <price t="2017-03-30" v="3598250000"/>
        <price t="2017-03-31" v="3591500000"/>
        <price t="2017-04-03" v="3592500000"/>
        <price t="2017-04-04" v="3619250000"/>
        <price t="2017-04-05" v="3600500000"/>
        <price t="2017-04-06" v="3591500000"/>
        <price t="2017-04-07" v="3583500000"/>
        <price t="2017-04-10" v="3579250000"/>
        <price t="2017-04-11" v="3540750000"/>
        <price t="2017-04-12" v="3545000000"/>
        <price t="2017-04-13" v="3526250000"/>
        <price t="2017-04-17" v="3545750000"/>
        <price t="2017-04-18" v="3530000000"/>
        <price t="2017-04-19" v="3517000000"/>
        <price t="2017-04-20" v="3561000000"/>
        <price t="2017-04-21" v="3556750000"/>
        <price t="2017-04-24" v="3591000000"/>
        <price t="2017-04-25" v="3613250000"/>
        <price t="2017-04-26" v="3592000000"/>
        <price t="2017-04-27" v="3594750000"/>
        <price t="2017-04-28" v="3591250000"/>
        <price t="2017-05-01" v="3664500000"/>
        <price t="2017-05-02" v="3687750000"/>
        <price t="2017-05-03" v="3676500000"/>
        <price t="2017-05-04" v="3663250000"/>
        <price t="2017-05-05" v="3724000000"/>
        <price t="2017-05-08" v="3825250000"/>
        <price t="2017-05-09" v="3849750000"/>
        <price t="2017-05-10" v="3831500000"/>
        <price t="2017-05-11" v="3848750000"/>
        <price t="2017-05-12" v="3902500000"/>
        <price t="2017-05-15" v="3892500000"/>
        <price t="2017-05-16" v="3886750000"/>
        <price t="2017-05-17" v="3756250000"/>
        <price t="2017-05-18" v="3813500000"/>
        <price t="2017-05-19" v="3826500000"/>
        <price t="2017-05-22" v="3849750000"/>
        <price t="2017-05-23" v="3845000000"/>
        <price t="2017-05-24" v="3833500000"/>
        <price t="2017-05-25" v="3846750000"/>
        <price t="2017-05-26" v="3840250000"/>
        <price t="2017-05-30" v="3841750000"/>
        <price t="2017-05-31" v="3819000000"/>
        <price t="2017-06-01" v="3829500000"/>
        <price t="2017-06-02" v="3886250000"/>
        <price t="2017-06-05" v="3848250000"/>
        <price t="2017-06-06" v="3861250000"/>
        <price t="2017-06-07" v="3884250000"/>
        <price t="2017-06-08" v="3874750000"/>
        <price t="2017-06-09" v="3724500000"/>
        <price t="2017-06-12" v="3635500000"/>
        <price t="2017-06-13" v="3664750000"/>
        <price t="2017-06-14" v="3629000000"/>
        <price t="2017-06-15" v="3607250000"/>
        <price t="2017-06-16" v="3556750000"/>
        <price t="2017-06-19" v="3658500000"/>
        <price t="2017-06-20" v="3625250000"/>
        <price t="2017-06-21" v="3646750000"/>
        <price t="2017-06-22" v="3640750000"/>
        <price t="2017-06-23" v="3657000000"/>
        <price t="2017-06-26" v="3645500000"/>
        <price t="2017-06-27" v="3593250000"/>
        <price t="2017-06-28" v="3645750000"/>
        <price t="2017-06-29" v="3592000000"/>
        <price t="2017-06-30" v="3600500000"/>
        <price t="2017-07-03" v="3587500000"/>
        <price t="2017-07-05" v="3602250000"/>
        <price t="2017-07-06" v="3568250000"/>
        <price t="2017-07-07" v="3604500000"/>
        <price t="2017-07-10" v="3626500000"/>
        <price t="2017-07-11" v="3638250000"/>
        <price t="2017-07-12" v="3643500000"/>
        <price t="2017-07-13" v="3694250000"/>
        <price t="2017-07-14" v="3726000000"/>
        <price t="2017-07-17" v="3739000000"/>
        <price t="2017-07-18" v="3752000000"/>
        <price t="2017-07-19" v="3775500000"/>
        <price t="2017-07-20" v="3758500000"/>
        <price t="2017-07-21" v="3756750000"/>
        <price t="2017-07-24" v="3802250000"/>
        <price t="2017-07-25" v="3818500000"/>
        <price t="2017-07-26" v="3836500000"/>
        <price t="2017-07-27" v="3764000000"/>
        <price t="2017-07-28" v="3737500000"/>
        <price t="2017-07-31" v="3718250000"/>
        <price t="2017-08-01" v="3751250000"/>
        <price t="2017-08-02" v="3928500000"/>
        <price t="2017-08-03" v="3889250000"/>
        <price t="2017-08-04" v="3909750000"/>
        <price t="2017-08-07" v="3970250000"/>
        <price t="2017-08-08" v="4002000000"/>
        <price t="2017-08-09" v="4026500000"/>
        <price t="2017-08-10" v="3883000000"/>
        <price t="2017-08-11" v="3937000000"/>
        <price t="2017-08-14" v="3996250000"/>
        <price t="2017-08-15" v="4040000000"/>
        <price t="2017-08-16" v="4023750000"/>
        <price t="2017-08-17" v="3946500000"/>
        <price t="2017-08-18" v="3937500000"/>
        <price t="2017-08-21" v="3930250000"/>
        <price t="2017-08-22" v="3994500000"/>
        <price t="2017-08-23" v="3999500000"/>
        <price t="2017-08-24" v="3981750000"/>
        <price t="2017-08-25" v="3996500000"/>
        <price t="2017-08-28" v="4036750000"/>
        <price t="2017-08-29" v="4072750000"/>
        <price t="2017-08-30" v="4083750000"/>
        <price t="2017-08-31" v="4100000000"/>
        <price t="2017-09-01" v="4101250000"/>
        <price t="2017-09-05" v="4052000000"/>
        <price t="2017-09-06" v="4047750000"/>
        <price t="2017-09-07" v="4031500000"/>
        <price t="2017-09-08" v="3965750000"/>
        <price t="2017-09-11" v="4037500000"/>
        <price t="2017-09-12" v="4021500000"/>
        <price t="2017-09-13" v="3991250000"/>
        <price t="2017-09-14" v="3957000000"/>
        <price t="2017-09-15" v="3997000000"/>
        <price t="2017-09-18" v="3966750000"/>
        <price t="2017-09-19" v="3968250000"/>
        <price t="2017-09-20" v="3901750000"/>
        <price t="2017-09-21" v="3834750000"/>
        <price t="2017-09-22" v="3797250000"/>
        <price t="2017-09-25" v="3763750000"/>
        <price t="2017-09-26" v="3828500000"/>
        <price t="2017-09-27" v="3855750000"/>
        <price t="2017-09-28" v="3832000000"/>
        <price t="2017-09-29" v="3853000000"/>
        <price t="2017-10-02" v="3845250000"/>
        <price t="2017-10-03" v="3862000000"/>
        <price t="2017-10-04" v="3837000000"/>
        <price t="2017-10-05" v="3884750000"/>
        <price t="2017-10-06" v="3882500000"/>
        <price t="2017-10-09" v="3896000000"/>
        <price t="2017-10-10" v="3897500000"/>
        <price t="2017-10-11" v="3913750000"/>
        <price t="2017-10-12" v="3900000000"/>
        <price t="2017-10-13" v="3924750000"/>
        <price t="2017-10-16" v="3997000000"/>
        <price t="2017-10-17" v="4011750000"/>
        <price t="2017-10-18" v="3994000000"/>
        <price t="2017-10-19" v="3899500000"/>
        <price t="2017-10-20" v="3906250000"/>
        <price t="2017-10-23" v="3904250000"/>
        <price t="2017-10-24" v="3927500000"/>
        <price t="2017-10-25" v="3910250000"/>
        <price t="2017-10-26" v="3935250000"/>
        <price t="2017-10-27" v="4076250000"/>
        <price t="2017-10-30" v="4168000000"/>
        <price t="2017-10-31" v="4226000000"/>
        <price t="2017-11-01" v="4172250000"/>
        <price t="2017-11-02" v="4202750000"/>
        <price t="2017-11-03" v="4312500000"/>
        <price t="2017-11-06" v="4356250000"/>
        <price t="2017-11-07" v="4370250000"/>
        <price t="2017-11-08" v="4406000000"/>
        <price t="2017-11-09" v="4397000000"/>
        <price t="2017-11-10" v="4366750000"/>
        <price t="2017-11-13" v="4349250000"/>
        <price t="2017-11-14" v="4283500000"/>
        <price t="2017-11-15" v="4227000000"/>
        <price t="2017-11-16" v="4277500000"/>
        <price t="2017-11-17" v="4253750000"/>
        <price t="2017-11-20" v="4249500000"/>
        <price t="2017-11-21" v="4328500000"/>
        <price t="2017-11-22" v="4374000000"/>
        <price t="2017-11-24" v="4374250000"/>
        <price t="2017-11-27" v="4352250000"/>
        <price t="2017-11-28" v="4326750000"/>
        <price t="2017-11-29" v="4237000000"/>
        <price t="2017-11-30" v="4296250000"/>
        <price t="2017-12-01" v="4276250000"/>
        <price t="2017-12-04" v="4245000000"/>
        <price t="2017-12-05" v="4241000000"/>
        <price t="2017-12-06" v="4225250000"/>
        <price t="2017-12-07" v="4233000000"/>
        <price t="2017-12-08" v="4234250000"/>
        <price t="2017-12-11" v="4316750000"/>
        <price t="2017-12-12" v="4292500000"/>
        <price t="2017-12-13" v="4306750000"/>
        <price t="2017-12-14" v="4305500000"/>
        <price t="2017-12-15" v="4349250000"/>
        <price t="2017-12-18" v="4410500000"/>
        <price t="2017-12-19" v="4363500000"/>
        <price t="2017-12-20" v="4358750000"/>
        <price t="2017-12-21" v="4375250000"/>
        <price t="2017-12-22" v="4375250000"/>
        <price t="2017-12-26" v="4264250000"/>
        <price t="2017-12-27" v="4265000000"/>
        <price t="2017-12-28" v="4277000000"/>
        <price t="2017-12-29" v="4230750000"/>
        <price t="2018-01-02" v="4306500000"/>
        <price t="2018-01-03" v="4305750000"/>
        <price t="2018-01-04" v="4325750000"/>
        <price t="2018-01-05" v="4375000000"/>
        <price t="2018-01-08" v="4358750000"/>
        <price t="2018-01-09" v="4358250000"/>
        <price t="2018-01-10" v="4357250000"/>
        <price t="2018-01-11" v="4382000000"/>
        <price t="2018-01-12" v="4427250000"/>
        <price t="2018-01-16" v="4404750000"/>
        <price t="2018-01-17" v="4477500000"/>
        <price t="2018-01-18" v="4481500000"/>
        <price t="2018-01-19" v="4461500000"/>
        <price t="2018-01-22" v="4425000000"/>
        <price t="2018-01-23" v="4426000000"/>
        <price t="2018-01-24" v="4355500000"/>
        <price t="2018-01-25" v="4277750000"/>
        <price t="2018-01-26" v="4287750000"/>
        <price t="2018-01-29" v="4199000000"/>
        <price t="2018-01-30" v="4174250000"/>
        <price t="2018-01-31" v="4185750000"/>
        <price t="2018-02-01" v="4194500000"/>
        <price t="2018-02-02" v="4012500000"/>
        <price t="2018-02-05" v="3912250000"/>
        <price t="2018-02-06" v="4075750000"/>
        <price t="2018-02-07" v="3988500000"/>
        <price t="2018-02-08" v="3878750000"/>
        <price t="2018-02-09" v="3910250000"/>
        <price t="2018-02-12" v="4067750000"/>
        <price t="2018-02-13" v="4108500000"/>
        <price t="2018-02-14" v="4184250000"/>
        <price t="2018-02-15" v="4324750000"/>
        <price t="2018-02-16" v="4310750000"/>
        <price t="2018-02-20" v="4296250000"/>
        <price t="2018-02-21" v="4276750000"/>
        <price t="2018-02-22" v="4312500000"/>
        <price t="2018-02-23" v="4387500000"/>
        <price t="2018-02-26" v="4474250000"/>
        <price t="2018-02-27" v="4459750000"/>
        <price t="2018-02-28" v="4453000000"/>
        <price t="2018-03-01" v="4375000000"/>
        <price t="2018-03-02" v="4405250000"/>
        <price t="2018-03-05" v="4420500000"/>
        <price t="2018-03-06" v="4416750000"/>
        <price t="2018-03-07" v="4375750000"/>
        <price t="2018-03-08" v="4423500000"/>
        <price t="2018-03-09" v="4499500000"/>
        <price t="2018-03-12" v="4543000000"/>
        <price t="2018-03-13" v="4499250000"/>
        <price t="2018-03-14" v="4461000000"/>
        <price t="2018-03-15" v="4466250000"/>
        <price t="2018-03-16" v="4450500000"/>
        <price t="2018-03-19" v="4382500000"/>
        <price t="2018-03-20" v="4381000000"/>
        <price t="2018-03-21" v="4281750000"/>
        <price t="2018-03-22" v="4221250000"/>
        <price t="2018-03-23" v="4123500000"/>
        <price t="2018-03-26" v="4319250000"/>
        <price t="2018-03-27" v="4208500000"/>
        <price t="2018-03-28" v="4162000000"/>
        <price t="2018-03-29" v="4194500000"/>
        <price t="2018-04-02" v="4167000000"/>
        <price t="2018-04-03" v="4209750000"/>
        <price t="2018-04-04" v="4290250000"/>
        <price t="2018-04-05" v="4320000000"/>
        <price t="2018-04-06" v="4209500000"/>
        <price t="2018-04-09" v="4251250000"/>
        <price t="2018-04-10" v="4331250000"/>
        <price t="2018-04-11" v="4311000000"/>
        <price t="2018-04-12" v="4353500000"/>
        <price t="2018-04-13" v="4368250000"/>
        <price t="2018-04-16" v="4395500000"/>
        <price t="2018-04-17" v="4456000000"/>
        <price t="2018-04-18" v="4446000000"/>
        <price t="2018-04-19" v="4320000000"/>
        <price t="2018-04-20" v="4143000000"/>
        <price t="2018-04-23" v="4131000000"/>
        <price t="2018-04-24" v="4073500000"/>
        <price t="2018-04-25" v="4091250000"/>
        <price t="2018-04-26" v="4105500000"/>
        <price t="2018-04-27" v="4058000000"/>
        <price t="2018-04-30" v="4131500000"/>
        <price t="2018-05-01" v="4227500000"/>
        <price t="2018-05-02" v="4414250000"/>
        <price t="2018-05-03" v="4422250000"/>
        <price t="2018-05-04" v="4595750000"/>
        <price t="2018-05-07" v="4629000000"/>
        <price t="2018-05-08" v="4651250000"/>
        <price t="2018-05-09" v="4684000000"/>
        <price t="2018-05-10" v="4751000000"/>
        <price t="2018-05-11" v="4714750000"/>
        <price t="2018-05-14" v="4703750000"/>
        <price t="2018-05-15" v="4661000000"/>
        <price t="2018-05-16" v="4704500000"/>
        <price t="2018-05-17" v="4674750000"/>
        <price t="2018-05-18" v="4657750000"/>
        <price t="2018-05-21" v="4690750000"/>
        <price t="2018-05-22" v="4679000000"/>
        <price t="2018-05-23" v="4709000000"/>
        <price t="2018-05-24" v="4703750000"/>
        <price t="2018-05-25" v="4714500000"/>
        <price t="2018-05-29" v="4697500000"/>
        <price t="2018-05-30" v="4687500000"/>
        <price t="2018-05-31" v="4671750000"/>
        <price t="2018-06-01" v="4756000000"/>
        <price t="2018-06-04" v="4795750000"/>
        <price t="2018-06-05" v="4832750000"/>
        <price t="2018-06-06" v="4849500000"/>
        <price t="2018-06-07" v="4836500000"/>
        <price t="2018-06-08" v="4792500000"/>
        <price t="2018-06-11" v="4780750000"/>
        <price t="2018-06-12" v="4807000000"/>
        <price t="2018-06-13" v="4767500000"/>
        <price t="2018-06-14" v="4770000000"/>
        <price t="2018-06-15" v="4721000000"/>
        <price t="2018-06-18" v="4718500000"/>
        <price t="2018-06-19" v="4642250000"/>
        <price t="2018-06-20" v="4662500000"/>
        <price t="2018-06-21" v="4636500000"/>
        <price t="2018-06-22" v="4623000000"/>
        <price t="2018-06-25" v="4554250000"/>
        <price t="2018-06-26" v="4610750000"/>
        <price t="2018-06-27" v="4604000000"/>
        <price t="2018-06-28" v="4637500000"/>
        <price t="2018-06-29" v="4627750000"/>
        <price t="2018-07-02" v="4679500000"/>
        <price t="2018-07-03" v="4598000000"/>
        <price t="2018-07-05" v="4635000000"/>
        <price t="2018-07-06" v="4699250000"/>
        <price t="2018-07-09" v="4764500000"/>
        <price t="2018-07-10" v="4758750000"/>
        <price t="2018-07-11" v="4697000000"/>
        <price t="2018-07-12" v="4775750000"/>
        <price t="2018-07-13" v="4783250000"/>
        <price t="2018-07-16" v="4772750000"/>
        <price t="2018-07-17" v="4786250000"/>
        <price t="2018-07-18" v="4760000000"/>
        <price t="2018-07-19" v="4797000000"/>
        <price t="2018-07-20" v="4786000000"/>
        <price t="2018-07-23" v="4790250000"/>
        <price t="2018-07-24" v="4825000000"/>
        <price t="2018-07-25" v="4870500000"/>
        <price t="2018-07-26" v="4855250000"/>
        <price t="2018-07-27" v="4774500000"/>
        <price t="2018-07-30" v="4747750000"/>
        <price t="2018-07-31" v="4757250000"/>
        <price t="2018-08-01" v="5037500000"/>
        <price t="2018-08-02" v="5184750000"/>
        <price t="2018-08-03" v="5199750000"/>
        <price t="2018-08-06" v="5226750000"/>
        <price t="2018-08-07" v="5177750000"/>
        <price t="2018-08-08" v="5181250000"/>
        <price t="2018-08-09" v="5222000000"/>
        <price t="2018-08-10" v="5188250000"/>
        <price t="2018-08-13" v="5221750000"/>
        <price t="2018-08-14" v="5243750000"/>
        <price t="2018-08-15" v="5256000000"/>
        <price t="2018-08-16" v="5333000000"/>
        <price t="2018-08-17" v="5439500000"/>
        <price t="2018-08-20" v="5386500000"/>
        <price t="2018-08-21" v="5376000000"/>
        <price t="2018-08-22" v="5376250000"/>
        <price t="2018-08-23" v="5387250000"/>
        <price t="2018-08-24" v="5404000000"/>
        <price t="2018-08-27" v="5448500000"/>
        <price t="2018-08-28" v="5492500000"/>
        <price t="2018-08-29" v="5574500000"/>
        <price t="2018-08-30" v="5625750000"/>
        <price t="2018-08-31" v="5690750000"/>
        <price t="2018-09-04" v="5709000000"/>
        <price t="2018-09-05" v="5671750000"/>
        <price t="2018-09-06" v="5577500000"/>
        <price t="2018-09-07" v="5532500000"/>
        <price t="2018-09-10" v="5458250000"/>
        <price t="2018-09-11" v="5596250000"/>
        <price t="2018-09-12" v="5526750000"/>
        <price t="2018-09-13" v="5660250000"/>
        <price t="2018-09-14" v="5596000000"/>
        <price t="2018-09-17" v="5447000000"/>
        <price t="2018-09-18" v="5456000000"/>
        <price t="2018-09-19" v="5459250000"/>
        <price t="2018-09-20" v="5500750000"/>
        <price t="2018-09-21" v="5441500000"/>
        <price t="2018-09-24" v="5519750000"/>
        <price t="2018-09-25" v="5554750000"/>
        <price t="2018-09-26" v="5510500000"/>
        <price t="2018-09-27" v="5623750000"/>
        <price t="2018-09-28" v="5643500000"/>
        <price t="2018-10-01" v="5681500000"/>
        <price t="2018-10-02" v="5732000000"/>
        <price t="2018-10-03" v="5801750000"/>
        <price t="2018-10-04" v="5699750000"/>
        <price t="2018-10-05" v="5607250000"/>
        <price t="2018-10-08" v="5594250000"/>
        <price t="2018-10-09" v="5671750000"/>
        <price t="2018-10-10" v="5409000000"/>
        <price t="2018-10-11" v="5361250000"/>
        <price t="2018-10-12" v="5552750000"/>
        <price t="2018-10-15" v="5434000000"/>
        <price t="2018-10-16" v="5553750000"/>
        <price t="2018-10-17" v="5529750000"/>
        <price t="2018-10-18" v="5400500000"/>
        <price t="2018-10-19" v="5482750000"/>
        <price t="2018-10-22" v="5516250000"/>
        <price t="2018-10-23" v="5568250000"/>
        <price t="2018-10-24" v="5377250000"/>
        <price t="2018-10-25" v="5495000000"/>
        <price t="2018-10-26" v="5407500000"/>
        <price t="2018-10-29" v="5306000000"/>
        <price t="2018-10-30" v="5332500000"/>
        <price t="2018-10-31" v="5471500000"/>
        <price t="2018-11-01" v="5555500000"/>
        <price t="2018-11-02" v="5187000000"/>
        <price t="2018-11-05" v="5039750000"/>
        <price t="2018-11-06" v="5094250000"/>
        <price t="2018-11-07" v="5248750000"/>
        <price t="2018-11-08" v="5212250000"/>
        <price t="2018-11-09" v="5111750000"/>
        <price t="2018-11-12" v="4854250000"/>
        <price t="2018-11-13" v="4805750000"/>
        <price t="2018-11-14" v="4670000000"/>
        <price t="2018-11-15" v="4785250000"/>
        <price t="2018-11-16" v="4838250000"/>
        <price t="2018-11-19" v="4646500000"/>
        <price t="2018-11-20" v="4424500000"/>
        <price t="2018-11-21" v="4419500000"/>
        <price t="2018-11-23" v="4307250000"/>
        <price t="2018-11-26" v="4365500000"/>
        <price t="2018-11-27" v="4356000000"/>
        <price t="2018-11-28" v="4523500000"/>
        <price t="2018-11-29" v="4488750000"/>
        <price t="2018-11-30" v="4464500000"/>
        <price t="2018-12-03" v="4620500000"/>
        <price t="2018-12-04" v="4417250000"/>
        <price t="2018-12-06" v="4368000000"/>
        <price t="2018-12-07" v="4212250000"/>
        <price t="2018-12-10" v="4240000000"/>
        <price t="2018-12-11" v="4215750000"/>
        <price t="2018-12-12" v="4227500000"/>
        <price t="2018-12-13" v="4273750000"/>
        <price t="2018-12-14" v="4137000000"/>
        <price t="2018-12-17" v="4098500000"/>
        <price t="2018-12-18" v="4151750000"/>
        <price t="2018-12-19" v="4022250000"/>
        <price t="2018-12-20" v="3920750000"/>
        <price t="2018-12-21" v="3768250000"/>
        <price t="2018-12-24" v="3670750000"/>
        <price t="2018-12-26" v="3929250000"/>
        <price t="2018-12-27" v="3903750000"/>
        <price t="2018-12-28" v="3905750000"/>
        <price t="2018-12-31" v="3943500000"/>
        <price t="2019-01-02" v="3948000000"/>
        <price t="2019-01-03" v="3554750000"/>
        <price t="2019-01-04" v="3706500000"/>
        <price t="2019-01-07" v="3698250000"/>
        <price t="2019-01-08" v="3768750000"/>
        <price t="2019-01-09" v="3832750000"/>
        <price t="2019-01-10" v="3845000000"/>
        <price t="2019-01-11" v="3807250000"/>
        <price t="2019-01-14" v="3750000000"/>
        <price t="2019-01-15" v="3826750000"/>
        <price t="2019-01-16" v="3873500000"/>
        <price t="2019-01-17" v="3896500000"/>
        <price t="2019-01-18" v="3920500000"/>
        <price t="2019-01-22" v="3832500000"/>
        <price t="2019-01-23" v="3848000000"/>
        <price t="2019-01-24" v="3817500000"/>
        <price t="2019-01-25" v="3944000000"/>
        <price t="2019-01-28" v="3907500000"/>
        <price t="2019-01-29" v="3867000000"/>
        <price t="2019-01-30" v="4131250000"/>
        <price t="2019-01-31" v="4161000000"/>
        <price t="2019-02-01" v="4163000000"/>
        <price t="2019-02-04" v="4281250000"/>
        <price t="2019-02-05" v="4354500000"/>
        <price t="2019-02-06" v="4356000000"/>
        <price t="2019-02-07" v="4273500000"/>
        <price t="2019-02-08" v="4260250000"/>
        <price t="2019-02-11" v="4235750000"/>
        <price t="2019-02-12" v="4272250000"/>
        <price t="2019-02-13" v="4254500000"/>
        <price t="2019-02-14" v="4270000000"/>
        <price t="2019-02-15" v="4260500000"/>
        <price t="2019-02-19" v="4273250000"/>
        <price t="2019-02-20" v="4300750000"/>
        <price t="2019-02-21" v="4276500000"/>
        <price t="2019-02-22" v="4324250000"/>
        <price t="2019-02-25" v="4355750000"/>
        <price t="2019-02-26" v="4358250000"/>
        <price t="2019-02-27" v="4371750000"/>
        <price t="2019-02-28" v="4328750000"/>
        <price t="2019-03-01" v="4374250000"/>
        <price t="2019-03-04" v="4396250000"/>
        <price t="2019-03-05" v="4388250000"/>
        <price t="2019-03-06" v="4363000000"/>
        <price t="2019-03-07" v="4312500000"/>
        <price t="2019-03-08" v="4322750000"/>
        <price t="2019-03-11" v="4472500000"/>
        <price t="2019-03-12" v="4522750000"/>
        <price t="2019-03-13" v="4542750000"/>
        <price t="2019-03-14" v="4593250000"/>
        <price t="2019-03-15" v="4653000000"/>
        <price t="2019-03-18" v="4700500000"/>
        <price t="2019-03-19" v="4663250000"/>
        <price t="2019-03-20" v="4704000000"/>
        <price t="2019-03-21" v="4877250000"/>
        <price t="2019-03-22" v="4776250000"/>
        <price t="2019-03-25" v="4718500000"/>
        <price t="2019-03-26" v="4669750000"/>
        <price t="2019-03-27" v="4711750000"/>
        <price t="2019-03-28" v="4718000000"/>
        <price t="2019-03-29" v="4748750000"/>
        <price t="2019-04-01" v="4781000000"/>
        <price t="2019-04-02" v="4850500000"/>
        <price t="2019-04-03" v="4883750000"/>
        <price t="2019-04-04" v="4892250000"/>
        <price t="2019-04-05" v="4925000000"/>
        <price t="2019-04-08" v="5002500000"/>
        <price t="2019-04-09" v="4987500000"/>
        <price t="2019-04-10" v="5015500000"/>
        <price t="2019-04-11" v="4973750000"/>
        <price t="2019-04-12" v="4971750000"/>
        <price t="2019-04-15" v="4980750000"/>
        <price t="2019-04-16" v="4981250000"/>
        <price t="2019-04-17" v="5078250000"/>
        <price t="2019-04-18" v="5096500000"/>
        <price t="2019-04-22" v="5113250000"/>
        <price t="2019-04-23" v="5187000000"/>
        <price t="2019-04-24" v="5179000000"/>
        <price t="2019-04-25" v="5132000000"/>
        <price t="2019-04-26" v="5107500000"/>
        <price t="2019-04-29" v="5115250000"/>
        <price t="2019-04-30" v="5016750000"/>
        <price t="2019-05-01" v="5263000000"/>
        <price t="2019-05-02" v="5228750000"/>
        <price t="2019-05-03" v="5293750000"/>
        <price t="2019-05-06" v="5212000000"/>
        <price t="2019-05-07" v="5071500000"/>
        <price t="2019-05-08" v="5072500000"/>
        <price t="2019-05-09" v="5018000000"/>
        <price t="2019-05-10" v="4929500000"/>
        <price t="2019-05-13" v="4643000000"/>
        <price t="2019-05-14" v="4716500000"/>
        <price t="2019-05-15" v="4773000000"/>
        <price t="2019-05-16" v="4752000000"/>
        <price t="2019-05-17" v="4725000000"/>
        <price t="2019-05-20" v="4577250000"/>
        <price t="2019-05-21" v="4665000000"/>
        <price t="2019-05-22" v="4569500000"/>
        <price t="2019-05-23" v="4491500000"/>
        <price t="2019-05-24" v="4474250000"/>
        <price t="2019-05-28" v="4455750000"/>
        <price t="2019-05-29" v="4434500000"/>
        <price t="2019-05-30" v="4457500000"/>
        <price t="2019-05-31" v="4376750000"/>
        <price t="2019-06-03" v="4332500000"/>
        <price t="2019-06-04" v="4491000000"/>
        <price t="2019-06-05" v="4563500000"/>
        <price t="2019-06-06" v="4630500000"/>
        <price t="2019-06-07" v="4753750000"/>
        <price t="2019-06-10" v="4814500000"/>
        <price t="2019-06-11" v="4870250000"/>
        <price t="2019-06-12" v="4854750000"/>
        <price t="2019-06-13" v="4853750000"/>
        <price t="2019-06-14" v="4818500000"/>
        <price t="2019-06-17" v="4847250000"/>
        <price t="2019-06-18" v="4961250000"/>
        <price t="2019-06-19" v="4946750000"/>
        <price t="2019-06-20" v="4986500000"/>
        <price t="2019-06-21" v="4969500000"/>
        <price t="2019-06-24" v="4964500000"/>
        <price t="2019-06-25" v="4889250000"/>
        <price t="2019-06-26" v="4995000000"/>
        <price t="2019-06-27" v="4993500000"/>
        <price t="2019-06-28" v="4948000000"/>
        <price t="2019-07-01" v="5038750000"/>
        <price t="2019-07-02" v="5068250000"/>
        <price t="2019-07-03" v="5110250000"/>
        <price t="2019-07-05" v="5105750000"/>
        <price t="2019-07-08" v="5000500000"/>
        <price t="2019-07-09" v="5031000000"/>
        <price t="2019-07-10" v="5080750000"/>
        <price t="2019-07-11" v="5043750000"/>
        <price t="2019-07-12" v="5082500000"/>
        <price t="2019-07-15" v="5130250000"/>
        <price t="2019-07-16" v="5112500000"/>
        <price t="2019-07-17" v="5083750000"/>
        <price t="2019-07-18" v="5141500000"/>
        <price t="2019-07-19" v="5064750000"/>
        <price t="2019-07-22" v="5180500000"/>
        <price t="2019-07-23" v="5221000000"/>
        <price t="2019-07-24" v="5216750000"/>
        <price t="2019-07-25" v="5175500000"/>
        <price t="2019-07-26" v="5193500000"/>
        <price t="2019-07-29" v="5242000000"/>
        <price t="2019-07-30" v="5219500000"/>
        <price t="2019-07-31" v="5326000000"/>
        <price t="2019-08-01" v="5210750000"/>
        <price t="2019-08-02" v="5100500000"/>
        <price t="2019-08-05" v="4833500000"/>
        <price t="2019-08-06" v="4925000000"/>
        <price t="2019-08-07" v="4976000000"/>
        <price t="2019-08-08" v="5085750000"/>
        <price t="2019-08-09" v="5024750000"/>
        <price t="2019-08-12" v="5012000000"/>
        <price t="2019-08-13" v="5224250000"/>
        <price t="2019-08-14" v="5068750000"/>
        <price t="2019-08-15" v="5043500000"/>
        <price t="2019-08-16" v="5162500000"/>
        <price t="2019-08-19" v="5258750000"/>
        <price t="2019-08-20" v="5259000000"/>
        <price t="2019-08-21" v="5316000000"/>
        <price t="2019-08-22" v="5311500000"/>
        <price t="2019-08-23" v="5066000000"/>
        <price t="2019-08-26" v="5162250000"/>
        <price t="2019-08-27" v="5104000000"/>
        <price t="2019-08-28" v="5138250000"/>
        <price t="2019-08-29" v="5225250000"/>
        <price t="2019-08-30" v="5218500000"/>
        <price t="2019-09-03" v="5142500000"/>
        <price t="2019-09-04" v="5229750000"/>
        <price t="2019-09-05" v="5332000000"/>
        <price t="2019-09-06" v="5331500000"/>
        <price t="2019-09-09" v="5354250000"/>
        <price t="2019-09-10" v="5417500000"/>
        <price t="2019-09-11" v="5589750000"/>
        <price t="2019-09-12" v="5577250000"/>
        <price t="2019-09-13" v="5468750000"/>
        <price t="2019-09-16" v="5497500000"/>
        <price t="2019-09-17" v="5517500000"/>
        <price t="2019-09-18" v="5569250000"/>
        <price t="2019-09-19" v="5524000000"/>
        <price t="2019-09-20" v="5443250000"/>
        <price t="2019-09-23" v="5468000000"/>
        <price t="2019-09-24" v="5442000000"/>
        <price t="2019-09-25" v="5525750000"/>
        <price t="2019-09-26" v="5497250000"/>
        <price t="2019-09-27" v="5470500000"/>
        <price t="2019-09-30" v="5599250000"/>
        <price t="2019-10-01" v="5614750000"/>
        <price t="2019-10-02" v="5474000000"/>
        <price t="2019-10-03" v="5520500000"/>
        <price t="2019-10-04" v="5675250000"/>
        <price t="2019-10-07" v="5676500000"/>
        <price t="2019-10-08" v="5610000000"/>
        <price t="2019-10-09" v="5675750000"/>
        <price t="2019-10-10" v="5752250000"/>
        <price t="2019-10-11" v="5905250000"/>
        <price t="2019-10-14" v="5896750000"/>
        <price t="2019-10-15" v="5883000000"/>
        <price t="2019-10-16" v="5859250000"/>
        <price t="2019-10-17" v="5882000000"/>
        <price t="2019-10-18" v="5910250000"/>
        <price t="2019-10-21" v="6012750000"/>
        <price t="2019-10-22" v="5999000000"/>
        <price t="2019-10-23" v="6079500000"/>
        <price t="2019-10-24" v="6089500000"/>
        <price t="2019-10-25" v="6164500000"/>
        <price t="2019-10-28" v="6226250000"/>
        <price t="2019-10-29" v="6082250000"/>
        <price t="2019-10-30" v="6081500000"/>
        <price t="2019-10-31" v="6219000000"/>
        <price t="2019-11-01" v="6395500000"/>
        <price t="2019-11-04" v="6437500000"/>
        <price t="2019-11-05" v="6428250000"/>
        <price t="2019-11-06" v="6431000000"/>
        <price t="2019-11-07" v="6485750000"/>
        <price t="2019-11-08" v="6503500000"/>
        <price t="2019-11-11" v="6555000000"/>
        <price t="2019-11-12" v="6549000000"/>
        <price t="2019-11-13" v="6611750000"/>
        <price t="2019-11-14" v="6566000000"/>
        <price t="2019-11-15" v="6644000000"/>
        <price t="2019-11-18" v="6677500000"/>
        <price t="2019-11-19" v="6657250000"/>
        <price t="2019-11-20" v="6579750000"/>
        <price t="2019-11-21" v="6550250000"/>
        <price t="2019-11-22" v="6544500000"/>
        <price t="2019-11-25" v="6659250000"/>
        <price t="2019-11-26" v="6607250000"/>
        <price t="2019-11-27" v="6696000000"/>
        <price t="2019-11-29" v="6681250000"/>
        <price t="2019-12-02" v="6604000000"/>
        <price t="2019-12-03" v="6486250000"/>
        <price t="2019-12-04" v="6543500000"/>
        <price t="2019-12-05" v="6639500000"/>
        <price t="2019-12-06" v="6767750000"/>
        <price t="2019-12-09" v="6673000000"/>
        <price t="2019-12-10" v="6712000000"/>
        <price t="2019-12-11" v="6769250000"/>
        <price t="2019-12-12" v="6786500000"/>
        <price t="2019-12-13" v="6878750000"/>
        <price t="2019-12-16" v="6996500000"/>
        <price t="2019-12-17" v="7010250000"/>
        <price t="2019-12-18" v="6993500000"/>
        <price t="2019-12-19" v="7000500000"/>
        <price t="2019-12-20" v="6986000000"/>
        <price t="2019-12-23" v="7100000000"/>
        <price t="2019-12-24" v="7106750000"/>
        <price t="2019-12-26" v="7247750000"/>
        <price t="2019-12-27" v="7245000000"/>
        <price t="2019-12-30" v="7288000000"/>
        <price t="2019-12-31" v="7341250000"/>
        <price t="2020-01-02" v="7508750000"/>
        <price t="2020-01-03" v="7435750000"/>
        <price t="2020-01-06" v="7495000000"/>
        <price t="2020-01-07" v="7459750000"/>
        <price t="2020-01-08" v="7579750000"/>
        <price t="2020-01-09" v="7740750000"/>
        <price t="2020-01-10" v="7758250000"/>
        <price t="2020-01-13" v="7924000000"/>
        <price t="2020-01-14" v="7817000000"/>
        <price t="2020-01-15" v="7783500000"/>
        <price t="2020-01-16" v="7881000000"/>
        <price t="2020-01-17" v="7968250000"/>
        <price t="2020-01-21" v="7914250000"/>
        <price t="2020-01-22" v="7942500000"/>
        <price t="2020-01-23" v="7980750000"/>
        <price t="2020-01-24" v="7957750000"/>
        <price t="2020-01-27" v="7723750000"/>
        <price t="2020-01-28" v="7942250000"/>
        <price t="2020-01-29" v="8108500000"/>
        <price t="2020-01-30" v="8096750000"/>
        <price t="2020-01-31" v="7737750000"/>
        <price t="2020-02-03" v="7716500000"/>
        <price t="2020-02-04" v="7971250000"/>
        <price t="2020-02-05" v="8036250000"/>
        <price t="2020-02-06" v="8130250000"/>
        <price t="2020-02-07" v="8000750000"/>
        <price t="2020-02-10" v="8038750000"/>
        <price t="2020-02-11" v="7990250000"/>
        <price t="2020-02-12" v="8180000000"/>
        <price t="2020-02-13" v="8121750000"/>
        <price t="2020-02-14" v="8123750000"/>
        <price t="2020-02-18" v="7975000000"/>
        <price t="2020-02-19" v="8090500000"/>
        <price t="2020-02-20" v="8007500000"/>
        <price t="2020-02-21" v="7826250000"/>
        <price t="2020-02-24" v="7454500000"/>
        <price t="2020-02-25" v="7202000000"/>
        <price t="2020-02-26" v="7316250000"/>
        <price t="2020-02-27" v="6838000000"/>
        <price t="2020-02-28" v="6834000000"/>
        <price t="2020-03-02" v="7470250000"/>
        <price t="2020-03-03" v="7233000000"/>
        <price t="2020-03-04" v="7568500000"/>
        <price t="2020-03-05" v="7323000000"/>
        <price t="2020-03-06" v="7225750000"/>
        <price t="2020-03-09" v="6654250000"/>
        <price t="2020-03-10" v="7133500000"/>
        <price t="2020-03-11" v="6885750000"/>
        <price t="2020-03-12" v="6205750000"/>
        <price t="2020-03-13" v="6949250000"/>
        <price t="2020-03-16" v="6055250000"/>
        <price t="2020-03-17" v="6321500000"/>
        <price t="2020-03-18" v="6166750000"/>
        <price t="2020-03-19" v="6119500000"/>
        <price t="2020-03-20" v="5731000000"/>
        <price t="2020-03-23" v="5609250000"/>
        <price t="2020-03-24" v="6172000000"/>
        <price t="2020-03-25" v="6138000000"/>
        <price t="2020-03-26" v="6461000000"/>
        <price t="2020-03-27" v="6193500000"/>
        <price t="2020-03-30" v="6370250000"/>
        <price t="2020-03-31" v="6357250000"/>
        <price t="2020-04-01" v="6022750000"/>
        <price t="2020-04-02" v="6123250000"/>
        <price t="2020-04-03" v="6035250000"/>
        <price t="2020-04-06" v="6561750000"/>
        <price t="2020-04-07" v="6485750000"/>
        <price t="2020-04-08" v="6651750000"/>
        <price t="2020-04-09" v="6699750000"/>
        <price t="2020-04-13" v="6831250000"/>
        <price t="2020-04-14" v="7176250000"/>
        <price t="2020-04-15" v="7110750000"/>
        <price t="2020-04-16" v="7167250000"/>
        <price t="2020-04-17" v="7070000000"/>
        <price t="2020-04-20" v="6923250000"/>
        <price t="2020-04-21" v="6709250000"/>
        <price t="2020-04-22" v="6902500000"/>
        <price t="2020-04-23" v="6875750000"/>
        <price t="2020-04-24" v="7074250000"/>
        <price t="2020-04-27" v="7079250000"/>
        <price t="2020-04-28" v="6964500000"/>
        <price t="2020-04-29" v="7193250000"/>
        <price t="2020-04-30" v="7345000000"/>
        <price t="2020-05-01" v="7226750000"/>
        <price t="2020-05-04" v="7329000000"/>
        <price t="2020-05-05" v="7439000000"/>
        <price t="2020-05-06" v="7515750000"/>
        <price t="2020-05-07" v="7593500000"/>
        <price t="2020-05-08" v="7753250000"/>
        <price t="2020-05-11" v="7875250000"/>
        <price t="2020-05-12" v="7785250000"/>
        <price t="2020-05-13" v="7691250000"/>
        <price t="2020-05-14" v="7738500000"/>
        <price t="2020-05-15" v="7692750000"/>
        <price t="2020-05-18" v="7874000000"/>
        <price t="2020-05-19" v="7828500000"/>
        <price t="2020-05-20" v="7980750000"/>
        <price t="2020-05-21" v="7921250000"/>
        <price t="2020-05-22" v="7972250000"/>
        <price t="2020-05-26" v="7918250000"/>
        <price t="2020-05-27" v="7952750000"/>
        <price t="2020-05-28" v="7956250000"/>
        <price t="2020-05-29" v="7948500000"/>
        <price t="2020-06-01" v="8046250000"/>
        <price t="2020-06-02" v="8083500000"/>
        <price t="2020-06-03" v="8128000000"/>
        <price t="2020-06-04" v="8058000000"/>
        <price t="2020-06-05" v="8287500000"/>
        <price t="2020-06-08" v="8336500000"/>
        <price t="2020-06-09" v="8599750000"/>
        <price t="2020-06-10" v="8821000000"/>
        <price t="2020-06-11" v="8397500000"/>
        <price t="2020-06-12" v="8470000000"/>
        <price t="2020-06-15" v="8574750000"/>
        <price t="2020-06-16" v="8802000000"/>
        <price t="2020-06-17" v="8789750000"/>
        <price t="2020-06-18" v="8793250000"/>
        <price t="2020-06-19" v="8743000000"/>
        <price t="2020-06-22" v="8971750000"/>
        <price t="2020-06-23" v="9163250000"/>
        <price t="2020-06-24" v="9001500000"/>
        <price t="2020-06-25" v="9121000000"/>
        <price t="2020-06-26" v="8840750000"/>
        <price t="2020-06-29" v="9044500000"/>
        <price t="2020-06-30" v="9120000000"/>
        <price t="2020-07-01" v="9102750000"/>
        <price t="2020-07-02" v="9102750000"/>
        <price t="2020-07-06" v="9346250000"/>
        <price t="2020-07-07" v="9317250000"/>
        <price t="2020-07-08" v="9534250000"/>
        <price t="2020-07-09" v="9575250000"/>
        <price t="2020-07-10" v="9592000000"/>
        <price t="2020-07-13" v="9547750000"/>
        <price t="2020-07-14" v="9705750000"/>
        <price t="2020-07-15" v="9772500000"/>
        <price t="2020-07-16" v="9652250000"/>
        <price t="2020-07-17" v="9632750000"/>
        <price t="2020-07-20" v="9835750000"/>
        <price t="2020-07-21" v="9700000000"/>
        <price t="2020-07-22" v="9727250000"/>
        <price t="2020-07-23" v="9284500000"/>
        <price t="2020-07-24" v="9261500000"/>
        <price t="2020-07-27" v="9481000000"/>
        <price t="2020-07-28" v="9325250000"/>
        <price t="2020-07-29" v="9504000000"/>
        <price t="2020-07-30" v="9619000000"/>
        <price t="2020-07-31" v="10626000000"/>
        <price t="2020-08-03" v="10893750000"/>
        <price t="2020-08-04" v="10966500000"/>
        <price t="2020-08-05" v="11006250000"/>
        <price t="2020-08-06" v="11390250000"/>
        <price t="2020-08-07" v="11111250000"/>
        <price t="2020-08-10" v="11272750000"/>
        <price t="2020-08-11" v="10937500000"/>
        <price t="2020-08-12" v="11301000000"/>
        <price t="2020-08-13" v="11501000000"/>
        <price t="2020-08-14" v="11490750000"/>
        <price t="2020-08-17" v="11460750000"/>
        <price t="2020-08-18" v="11556250000"/>
        <price t="2020-08-19" v="11570750000"/>
        <price t="2020-08-20" v="11827500000"/>
        <price t="2020-08-21" v="12437000000"/>
        <price t="2020-08-24" v="12585750000"/>
        <price t="2020-08-25" v="12482500000"/>
        <price t="2020-08-26" v="12652250000"/>
        <price t="2020-08-27" v="12501000000"/>
        <price t="2020-08-28" v="12480750000"/>
        <price t="2020-08-31" v="12904000000"/>
        <price t="2020-09-01" v="13418000000"/>
        <price t="2020-09-02" v="13140000000"/>
        <price t="2020-09-03" v="12088000000"/>
        <price t="2020-09-04" v="12096000000"/>
        <price t="2020-09-08" v="11282000000"/>
        <price t="2020-09-09" v="11732000000"/>
        <price t="2020-09-10" v="11349000000"/>
        <price t="2020-09-11" v="11200000000"/>
        <price t="2020-09-14" v="11536000000"/>
        <price t="2020-09-15" v="11554000000"/>
        <price t="2020-09-16" v="11213000000"/>
        <price t="2020-09-17" v="11034000000"/>
        <price t="2020-09-18" v="10684000000"/>
        <price t="2020-09-21" v="11008000000"/>
        <price t="2020-09-22" v="11181000000"/>
        <price t="2020-09-23" v="10712000000"/>
        <price t="2020-09-24" v="10822000000"/>
        <price t="2020-09-25" v="11228000000"/>
        <price t="2020-09-28" v="11496000000"/>
        <price t="2020-09-29" v="11409000000"/>
        <price t="2020-09-30" v="11581000000"/>
        <price t="2020-10-01" v="11679000000"/>
        <price t="2020-10-02" v="11302000000"/>
        <price t="2020-10-05" v="11650000000"/>
        <price t="2020-10-06" v="11316000000"/>
        <price t="2020-10-07" v="11508000000"/>
        <price t="2020-10-08" v="11497000000"/>
        <price t="2020-10-09" v="11697000000"/>
        <price t="2020-10-12" v="12440000000"/>
        <price t="2020-10-13" v="12110000000"/>
        <price t="2020-10-14" v="12119000000"/>
        <price t="2020-10-15" v="12071000000"/>
        <price t="2020-10-16" v="11902000000"/>
        <price t="2020-10-19" v="11598000000"/>
        <price t="2020-10-20" v="11751000000"/>
        <price t="2020-10-21" v="11687000000"/>
        <price t="2020-10-22" v="11575000000"/>
        <price t="2020-10-23" v="11504000000"/>
        <price t="2020-10-26" v="11505000000"/>
        <price t="2020-10-27" v="11660000000"/>
        <price t="2020-10-28" v="11120000000"/>
        <price t="2020-10-29" v="11532000000"/>
        <price t="2020-10-30" v="10886000000"/>
        <price t="2020-11-02" v="10877000000"/>
        <price t="2020-11-03" v="11044000000"/>
        <price t="2020-11-04" v="11495000000"/>
        <price t="2020-11-05" v="11903000000"/>
        <price t="2020-11-06" v="11869000000"/>
        <price t="2020-11-09" v="11632000000"/>
        <price t="2020-11-10" v="11597000000"/>
        <price t="2020-11-11" v="11949000000"/>
        <price t="2020-11-12" v="11921000000"/>
        <price t="2020-11-13" v="11926000000"/>
        <price t="2020-11-16" v="12030000000"/>
        <price t="2020-11-17" v="11939000000"/>
        <price t="2020-11-18" v="11803000000"/>
        <price t="2020-11-19" v="11864000000"/>
        <price t="2020-11-20" v="11734000000"/>
        <price t="2020-11-23" v="11385000000"/>
        <price t="2020-11-24" v="11517000000"/>
        <price t="2020-11-25" v="11603000000"/>
        <price t="2020-11-27" v="11659000000"/>
        <price t="2020-11-30" v="11905000000"/>
        <price t="2020-12-01" v="12272000000"/>
        <price t="2020-12-02" v="12308000000"/>
        <price t="2020-12-03" v="12294000000"/>
        <price t="2020-12-04" v="12225000000"/>
        <price t="2020-12-07" v="12375000000"/>
        <price t="2020-12-08" v="12438000000"/>
        <price t="2020-12-09" v="12178000000"/>
        <price t="2020-12-10" v="12324000000"/>
        <price t="2020-12-11" v="12241000000"/>
        <price t="2020-12-14" v="12178000000"/>
        <price t="2020-12-15" v="12788000000"/>
        <price t="2020-12-16" v="12781000000"/>
        <price t="2020-12-17" v="12870000000"/>
        <price t="2020-12-18" v="12666000000"/>
        <price t="2020-12-21" v="12823000000"/>
        <price t="2020-12-22" v="13188000000"/>
        <price t="2020-12-23" v="13096000000"/>
        <price t="2020-12-24" v="13197000000"/>
        <price t="2020-12-28" v="13669000000"/>
        <price t="2020-12-29" v="13487000000"/>
        <price t="2020-12-30" v="13372000000"/>
        <price t="2020-12-31" v="13269000000"/>
        <price t="2021-01-04" v="12941000000"/>
        <price t="2021-01-05" v="13101000000"/>
        <price t="2021-01-06" v="12660000000"/>
        <price t="2021-01-07" v="13092000000"/>
        <price t="2021-01-08" v="13205000000"/>
        <price t="2021-01-11" v="12898000000"/>
        <price t="2021-01-12" v="12880000000"/>
        <price t="2021-01-13" v="13089000000"/>
        <price t="2021-01-14" v="12891000000"/>
        <price t="2021-01-15" v="12714000000"/>
        <price t="2021-01-19" v="12783000000"/>
        <price t="2021-01-20" v="13203000000"/>
        <price t="2021-01-21" v="13687000000"/>
        <price t="2021-01-22" v="13907000000"/>
        <price t="2021-01-25" v="14292000000"/>
        <price t="2021-01-26" v="14316000000"/>
        <price t="2021-01-27" v="14206000000"/>
        <price t="2021-01-28" v="13709000000"/>
        <price t="2021-01-29" v="13196000000"/>
        <price t="2021-02-01" v="13414000000"/>
        <price t="2021-02-02" v="13499000000"/>
        <price t="2021-02-03" v="13394000000"/>
        <price t="2021-02-04" v="13739000000"/>
        <price t="2021-02-05" v="13676000000"/>
        <price t="2021-02-08" v="13691000000"/>
        <price t="2021-02-09" v="13601000000"/>
        <price t="2021-02-10" v="13539000000"/>
        <price t="2021-02-11" v="13513000000"/>
        <price t="2021-02-12" v="13537000000"/>
        <price t="2021-02-16" v="13319000000"/>
        <price t="2021-02-17" v="13084000000"/>
        <price t="2021-02-18" v="12971000000"/>
        <price t="2021-02-19" v="12987000000"/>
        <price t="2021-02-22" v="12600000000"/>
        <price t="2021-02-23" v="12586000000"/>
        <price t="2021-02-24" v="12535000000"/>
        <price t="2021-02-25" v="12099000000"/>
        <price t="2021-02-26" v="12126000000"/>
        <price t="2021-03-01" v="12779000000"/>
        <price t="2021-03-02" v="12512000000"/>
        <price t="2021-03-03" v="12206000000"/>
        <price t="2021-03-04" v="12013000000"/>
        <price t="2021-03-05" v="12142000000"/>
        <price t="2021-03-08" v="11636000000"/>
        <price t="2021-03-09" v="12109000000"/>
        <price t="2021-03-10" v="11998000000"/>
        <price t="2021-03-11" v="12196000000"/>
        <price t="2021-03-12" v="12103000000"/>
        <price t="2021-03-15" v="12399000000"/>
        <price t="2021-03-16" v="12557000000"/>
        <price t="2021-03-17" v="12476000000"/>
        <price t="2021-03-18" v="12053000000"/>
        <price t="2021-03-19" v="11999000000"/>
        <price t="2021-03-22" v="12339000000"/>
        <price t="2021-03-23" v="12254000000"/>
        <price t="2021-03-24" v="12009000000"/>
        <price t="2021-03-25" v="12059000000"/>
        <price t="2021-03-26" v="12121000000"/>
        <price t="2021-03-29" v="12139000000"/>
        <price t="2021-03-30" v="11990000000"/>
        <price t="2021-03-31" v="12215000000"/>
        <price t="2021-04-01" v="12300000000"/>
        <price t="2021-04-05" v="12590000000"/>
        <price t="2021-04-06" v="12621000000"/>
        <price t="2021-04-07" v="12790000000"/>
        <price t="2021-04-08" v="13036000000"/>
        <price t="2021-04-09" v="13300000000"/>
        <price t="2021-04-12" v="13124000000"/>
        <price t="2021-04-13" v="13443000000"/>
        <price t="2021-04-14" v="13203000000"/>
        <price t="2021-04-15" v="13450000000"/>
        <price t="2021-04-16" v="13416000000"/>
        <price t="2021-04-19" v="13484000000"/>
        <price t="2021-04-20" v="13311000000"/>
        <price t="2021-04-21" v="13350000000"/>
        <price t="2021-04-22" v="13194000000"/>
        <price t="2021-04-23" v="13432000000"/>
        <price t="2021-04-26" v="13472000000"/>
        <price t="2021-04-27" v="13439000000"/>
        <price t="2021-04-28" v="13358000000"/>
        <price t="2021-04-29" v="13348000000"/>
        <price t="2021-04-30" v="13146000000"/>
        <price t="2021-05-03" v="13254000000"/>
        <price t="2021-05-04" v="12785000000"/>
        <price t="2021-05-05" v="12810000000"/>
        <price t="2021-05-06" v="12974000000"/>
        <price t="2021-05-07" v="13021000000"/>
        <price t="2021-05-10" v="12685000000"/>
        <price t="2021-05-11" v="12591000000"/>
        <price t="2021-05-12" v="12277000000"/>
        <price t="2021-05-13" v="12497000000"/>
        <price t="2021-05-14" v="12745000000"/>
        <price t="2021-05-17" v="12627000000"/>
        <price t="2021-05-18" v="12485000000"/>
        <price t="2021-05-19" v="12469000000"/>
        <price t="2021-05-20" v="12731000000"/>
        <price t="2021-05-21" v="12543000000"/>
        <price t="2021-05-24" v="12710000000"/>
        <price t="2021-05-25" v="12690000000"/>
        <price t="2021-05-26" v="12685000000"/>
        <price t="2021-05-27" v="12528000000"/>
        <price t="2021-05-28" v="12461000000"/>
        <price t="2021-06-01" v="12428000000"/>
        <price t="2021-06-02" v="12506000000"/>
        <price t="2021-06-03" v="12354000000"/>
        <price t="2021-06-04" v="12589000000"/>
        <price t="2021-06-07" v="12590000000"/>
        <price t="2021-06-08" v="12674000000"/>
        <price t="2021-06-09" v="12713000000"/>
        <price t="2021-06-10" v="12611000000"/>
        <price t="2021-06-11" v="12735000000"/>
        <price t="2021-06-14" v="13048000000"/>
        <price t="2021-06-15" v="12964000000"/>
        <price t="2021-06-16" v="13015000000"/>
        <price t="2021-06-17" v="13179000000"/>
        <price t="2021-06-18" v="13046000000"/>
        <price t="2021-06-21" v="13230000000"/>
        <price t="2021-06-22" v="13398000000"/>
        <price t="2021-06-23" v="13370000000"/>
        <price t="2021-06-24" v="13341000000"/>
        <price t="2021-06-25" v="13311000000"/>
        <price t="2021-06-28" v="13478000000"/>
        <price t="2021-06-29" v="13633000000"/>
        <price t="2021-06-30" v="13696000000"/>
        <price t="2021-07-01" v="13727000000"/>
        <price t="2021-07-02" v="13996000000"/>
        <price t="2021-07-06" v="14202000000"/>
        <price t="2021-07-07" v="14457000000"/>
        <price t="2021-07-08" v="14324000000"/>
        <price t="2021-07-09" v="14511000000"/>
        <price t="2021-07-12" v="14450000000"/>
        <price t="2021-07-13" v="14564000000"/>
        <price t="2021-07-14" v="14915000000"/>
        <price t="2021-07-15" v="14848000000"/>
        <price t="2021-07-16" v="14639000000"/>
        <price t="2021-07-19" v="14245000000"/>
        <price t="2021-07-20" v="14615000000"/>
        <price t="2021-07-21" v="14540000000"/>
        <price t="2021-07-22" v="14680000000"/>
        <price t="2021-07-23" v="14856000000"/>
        <price t="2021-07-26" v="14899000000"/>
        <price t="2021-07-27" v="14677000000"/>
        <price t="2021-07-28" v="14498000000"/>
        <price t="2021-07-29" v="14564000000"/>
        <price t="2021-07-30" v="14586000000"/>
        <price t="2021-08-02" v="14552000000"/>
        <price t="2021-08-03" v="14736000000"/>
        <price t="2021-08-04" v="14695000000"/>
        <price t="2021-08-05" v="14706000000"/>
        <price t="2021-08-06" v="14614000000"/>
        <price t="2021-08-09" v="14609000000"/>
        <price t="2021-08-10" v="14560000000"/>
        <price t="2021-08-11" v="14586000000"/>
        <price t="2021-08-12" v="14889000000"/>
        <price t="2021-08-13" v="14910000000"/>
        <price t="2021-08-16" v="15112000000"/>
        <price t="2021-08-17" v="15019000000"/>
        <price t="2021-08-18" v="14636000000"/>
        <price t="2021-08-19" v="14670000000"/>
        <price t="2021-08-20" v="14819000000"/>
        <price t="2021-08-23" v="14971000000"/>
        <price t="2021-08-24" v="14962000000"/>
        <price t="2021-08-25" v="14836000000"/>
        <price t="2021-08-26" v="14754000000"/>
        <price t="2021-08-27" v="14860000000"/>
        <price t="2021-08-30" v="15312000000"/>
        <price t="2021-08-31" v="15183000000"/>
        <price t="2021-09-01" v="15251000000"/>
        <price t="2021-09-02" v="15365000000"/>
        <price t="2021-09-03" v="15430000000"/>
        <price t="2021-09-07" v="15669000000"/>
        <price t="2021-09-08" v="15511000000"/>
        <price t="2021-09-09" v="15407000000"/>
        <price t="2021-09-10" v="14897000000"/>
        <price t="2021-09-13" v="14955000000"/>
        <price t="2021-09-14" v="14812000000"/>
        <price t="2021-09-15" v="14903000000"/>
        <price t="2021-09-16" v="14879000000"/>
        <price t="2021-09-17" v="14606000000"/>
        <price t="2021-09-20" v="14294000000"/>
        <price t="2021-09-21" v="14343000000"/>
        <price t="2021-09-22" v="14585000000"/>
        <price t="2021-09-23" v="14683000000"/>
        <price t="2021-09-24" v="14692000000"/>
        <price t="2021-09-27" v="14537000000"/>
        <price t="2021-09-28" v="14191000000"/>
        <price t="2021-09-29" v="14283000000"/>
        <price t="2021-09-30" v="14150000000"/>
        <price t="2021-10-01" v="14265000000"/>
        <price t="2021-10-04" v="13914000000"/>
        <price t="2021-10-05" v="14111000000"/>
        <price t="2021-10-06" v="14200000000"/>
        <price t="2021-10-07" v="14329000000"/>
        <price t="2021-10-08" v="14290000000"/>
        <price t="2021-10-11" v="14281000000"/>
        <price t="2021-10-12" v="14151000000"/>
        <price t="2021-10-13" v="14091000000"/>
        <price t="2021-10-14" v="14376000000"/>
        <price t="2021-10-15" v="14484000000"/>
        <price t="2021-10-18" v="14655000000"/>
        <price t="2021-10-19" v="14876000000"/>
        <price t="2021-10-20" v="14926000000"/>
        <price t="2021-10-21" v="14948000000"/>
        <price t="2021-10-22" v="14869000000"/>
        <price t="2021-10-25" v="14864000000"/>
        <price t="2021-10-26" v="14932000000"/>
        <price t="2021-10-27" v="14885000000"/>
        <price t="2021-10-28" v="15257000000"/>
        <price t="2021-10-29" v="14980000000"/>
        <price t="2021-11-01" v="14896000000"/>
        <price t="2021-11-02" v="15002000000"/>
        <price t="2021-11-03" v="15149000000"/>
        <price t="2021-11-04" v="15096000000"/>
        <price t="2021-11-05" v="15128000000"/>
        <price t="2021-11-08" v="15044000000"/>
        <price t="2021-11-09" v="15081000000"/>
        <price t="2021-11-10" v="14792000000"/>
        <price t="2021-11-11" v="14787000000"/>
        <price t="2021-11-12" v="14999000000"/>
        <price t="2021-11-15" v="15000000000"/>
        <price t="2021-11-16" v="15100000000"/>
        <price t="2021-11-17" v="15349000000"/>
        <price t="2021-11-18" v="15787000000"/>
        <price t="2021-11-19" v="16055000000"/>
        <price t="2021-11-22" v="16102000000"/>
        <price t="2021-11-23" v="16141000000"/>
        <price t="2021-11-24" v="16194000000"/>
        <price t="2021-11-26" v="15681000000"/>
        <price t="2021-11-29" v="16024000000"/>
        <price t="2021-11-30" v="16530000000"/>
        <price t="2021-12-01" v="16477000000"/>
        <price t="2021-12-02" v="16376000000"/>
        <price t="2021-12-03" v="16184000000"/>
        <price t="2021-12-06" v="16532000000"/>
        <price t="2021-12-07" v="17118000000"/>
        <price t="2021-12-08" v="17508000000"/>
        <price t="2021-12-09" v="17456000000"/>
        <price t="2021-12-10" v="17945000000"/>
        <price t="2021-12-13" v="17574000000"/>
        <price t="2021-12-14" v="17433000000"/>
        <price t="2021-12-15" v="17930000000"/>
        <price t="2021-12-16" v="17226000000"/>
        <price t="2021-12-17" v="17114000000"/>
        <price t="2021-12-20" v="16975000000"/>
        <price t="2021-12-21" v="17299000000"/>
        <price t="2021-12-22" v="17564000000"/>
        <price t="2021-12-23" v="17628000000"/>
        <price t="2021-12-27" v="18033000000"/>
        <price t="2021-12-28" v="17929000000"/>
        <price t="2021-12-29" v="17938000000"/>
        <price t="2021-12-30" v="17820000000"/>
        <price t="2021-12-31" v="17757000000"/>
        <price t="2022-01-03" v="18201000000"/>
        <price t="2022-01-04" v="17970000000"/>
        <price t="2022-01-05" v="17492000000"/>
        <price t="2022-01-06" v="17200000000"/>
        <price t="2022-01-07" v="17217000000"/>
        <price t="2022-01-10" v="17219000000"/>
        <price t="2022-01-11" v="17508000000"/>
        <price t="2022-01-12" v="17553000000"/>
        <price t="2022-01-13" v="17219000000"/>
        <price t="2022-01-14" v="17307000000"/>
        <price t="2022-01-18" v="16980000000"/>
        <price t="2022-01-19" v="16623000000"/>
        <price t="2022-01-20" v="16451000000"/>
        <price t="2022-01-21" v="16241000000"/>
        <price t="2022-01-24" v="16162000000"/>
        <price t="2022-01-25" v="15978000000"/>
        <price t="2022-01-26" v="15969000000"/>
        <price t="2022-01-27" v="15922000000"/>
        <price t="2022-01-28" v="17033000000"/>
        <price t="2022-01-31" v="17478000000"/>
        <price t="2022-02-01" v="17461000000"/>
        <price t="2022-02-02" v="17584000000"/>
        <price t="2022-02-03" v="17290000000"/>
        <price t="2022-02-04" v="17239000000"/>
        <price t="2022-02-07" v="17166000000"/>
        <price t="2022-02-08" v="17483000000"/>
        <price t="2022-02-09" v="17628000000"/>
        <price t="2022-02-10" v="17212000000"/>
        <price t="2022-02-11" v="16864000000"/>
        <price t="2022-02-14" v="16888000000"/>
        <price t="2022-02-15" v="17279000000"/>
        <price t="2022-02-16" v="17255000000"/>
        <price t="2022-02-17" v="16888000000"/>
        <price t="2022-02-18" v="16730000000"/>
        <price t="2022-02-22" v="16432000000"/>
        <price t="2022-02-23" v="16007000000"/>
        <price t="2022-02-24" v="16274000000"/>
        <price t="2022-02-25" v="16485000000"/>
        <price t="2022-02-28" v="16512000000"/>
        <price t="2022-03-01" v="16320000000"/>
        <price t="2022-03-02" v="16656000000"/>
        <price t="2022-03-03" v="16623000000"/>
        <price t="2022-03-04" v="16317000000"/>
        <price t="2022-03-07" v="15930000000"/>
        <price t="2022-03-08" v="15744000000"/>
        <price t="2022-03-09" v="16295000000"/>
        <price t="2022-03-10" v="15852000000"/>
        <price t="2022-03-11" v="15473000000"/>
        <price t="2022-03-14" v="15062000000"/>
        <price t="2022-03-15" v="15509000000"/>
        <price t="2022-03-16" v="15959000000"/>
        <price t="2022-03-17" v="16062000000"/>
        <price t="2022-03-18" v="16398000000"/>
        <price t="2022-03-21" v="16538000000"/>
        <price t="2022-03-22" v="16882000000"/>
        <price t="2022-03-23" v="17021000000"/>
        <price t="2022-03-24" v="17407000000"/>
        <price t="2022-03-25" v="17472000000"/>
        <price t="2022-03-28" v="17560000000"/>
        <price t="2022-03-29" v="17896000000"/>
        <price t="2022-03-30" v="17777000000"/>
        <price t="2022-03-31" v="17461000000"/>
        <price t="2022-04-01" v="17431000000"/>
        <price t="2022-04-04" v="17844000000"/>
        <price t="2022-04-05" v="17506000000"/>
        <price t="2022-04-06" v="17183000000"/>
        <price t="2022-04-07" v="17214000000"/>
        <price t="2022-04-08" v="17009000000"/>
        <price t="2022-04-11" v="16575000000"/>
        <price t="2022-04-12" v="16766000000"/>
        <price t="2022-04-13" v="17040000000"/>
        <price t="2022-04-14" v="16529000000"/>
        <price t="2022-04-18" v="16507000000"/>
        <price t="2022-04-19" v="16740000000"/>
        <price t="2022-04-20" v="16723000000"/>
        <price t="2022-04-21" v="16642000000"/>
        <price t="2022-04-22" v="16179000000"/>
        <price t="2022-04-25" v="16288000000"/>
        <price t="2022-04-26" v="15680000000"/>
        <price t="2022-04-27" v="15657000000"/>
        <price t="2022-04-28" v="16364000000"/>
        <price t="2022-04-29" v="15765000000"/>
        <price t="2022-05-02" v="15796000000"/>
        <price t="2022-05-03" v="15948000000"/>
        <price t="2022-05-04" v="16602000000"/>
        <price t="2022-05-05" v="15677000000"/>
        <price t="2022-05-06" v="15728000000"/>
        <price t="2022-05-09" v="15206000000"/>
        <price t="2022-05-10" v="15451000000"/>
        <price t="2022-05-11" v="14650000000"/>
        <price t="2022-05-12" v="14256000000"/>
        <price t="2022-05-13" v="14711000000"/>
        <price t="2022-05-16" v="14554000000"/>
        <price t="2022-05-17" v="14924000000"/>
        <price t="2022-05-18" v="14082000000"/>
        <price t="2022-05-19" v="13735000000"/>
        <price t="2022-05-20" v="13759000000"/>
        <price t="2022-05-23" v="14311000000"/>
        <price t="2022-05-24" v="14036000000"/>
        <price t="2022-05-25" v="14052000000"/>
        <price t="2022-05-26" v="14378000000"/>
        <price t="2022-05-27" v="14964000000"/>
        <price t="2022-05-31" v="14884000000"/>
        <price t="2022-06-01" v="14871000000"/>
        <price t="2022-06-02" v="15121000000"/>
        <price t="2022-06-03" v="14538000000"/>
        <price t="2022-06-06" v="14614000000"/>
        <price t="2022-06-07" v="14871000000"/>
        <price t="2022-06-08" v="14796000000"/>
        <price t="2022-06-09" v="14264000000"/>
        <price t="2022-06-10" v="13713000000"/>
        <price t="2022-06-13" v="13188000000"/>
        <price t="2022-06-14" v="13276000000"/>
        <price t="2022-06-15" v="13543000000"/>
        <price t="2022-06-16" v="13006000000"/>
        <price t="2022-06-17" v="13156000000"/>
        <price t="2022-06-21" v="13587000000"/>
        <price t="2022-06-22" v="13535000000"/>
        <price t="2022-06-23" v="13827000000"/>
        <price t="2022-06-24" v="14166000000"/>
        <price t="2022-06-27" v="14166000000"/>
        <price t="2022-06-28" v="13744000000"/>
        <price t="2022-06-29" v="13923000000"/>
        <price t="2022-06-30" v="13672000000"/>
        <price t="2022-07-01" v="13893000000"/>
        <price t="2022-07-05" v="14156000000"/>
        <price t="2022-07-06" v="14292000000"/>
        <price t="2022-07-07" v="14635000000"/>
        <price t="2022-07-08" v="14704000000"/>
        <price t="2022-07-11" v="14487000000"/>
        <price t="2022-07-12" v="14586000000"/>
        <price t="2022-07-13" v="14549000000"/>
        <price t="2022-07-14" v="14847000000"/>
        <price t="2022-07-15" v="15017000000"/>
        <price t="2022-07-18" v="14707000000"/>
        <price t="2022-07-19" v="15100000000"/>
        <price t="2022-07-20" v="15304000000"/>
        <price t="2022-07-21" v="15535000000"/>
        <price t="2022-07-22" v="15409000000"/>
        <price t="2022-07-25" v="15295000000"/>
        <price t="2022-07-26" v="15160000000"/>
        <price t="2022-07-27" v="15679000000"/>
        <price t="2022-07-28" v="15735000000"/>
        <price t="2022-07-29" v="16251000000"/>
        <price t="2022-08-01" v="16151000000"/>
        <price t="2022-08-02" v="16001000000"/>
        <price t="2022-08-03" v="16613000000"/>
        <price t="2022-08-04" v="16581000000"/>
        <price t="2022-08-05" v="16535000000"/>
        <price t="2022-08-08" v="16487000000"/>
        <price t="2022-08-09" v="16492000000"/>
        <price t="2022-08-10" v="16924000000"/>
        <price t="2022-08-11" v="16849000000"/>
        <price t="2022-08-12" v="17210000000"/>
        <price t="2022-08-15" v="17319000000"/>
        <price t="2022-08-16" v="17303000000"/>
        <price t="2022-08-17" v="17455000000"/>
        <price t="2022-08-18" v="17415000000"/>
        <price t="2022-08-19" v="17152000000"/>
        <price t="2022-08-22" v="16757000000"/>
        <price t="2022-08-23" v="16723000000"/>
        <price t="2022-08-24" v="16753000000"/>
        <price t="2022-08-25" v="17003000000"/>
        <price t="2022-08-26" v="16362000000"/>
        <price t="2022-08-29" v="16138000000"/>
        <price t="2022-08-30" v="15891000000"/>
        <price t="2022-08-31" v="15722000000"/>
        <price t="2022-09-01" v="15796000000"/>
        <price t="2022-09-02" v="15581000000"/>
        <price t="2022-09-06" v="15453000000"/>
        <price t="2022-09-07" v="15596000000"/>
        <price t="2022-09-08" v="15446000000"/>
        <price t="2022-09-09" v="15737000000"/>
        <price t="2022-09-12" v="16343000000"/>
        <price t="2022-09-13" v="15384000000"/>
        <price t="2022-09-14" v="15531000000"/>
        <price t="2022-09-15" v="15237000000"/>
        <price t="2022-09-16" v="15070000000"/>
        <price t="2022-09-19" v="15448000000"/>
        <price t="2022-09-20" v="15690000000"/>
        <price t="2022-09-21" v="15372000000"/>
        <price t="2022-09-22" v="15274000000"/>
        <price t="2022-09-23" v="15043000000"/>
        <price t="2022-09-26" v="15077000000"/>
        <price t="2022-09-27" v="15176000000"/>
        <price t="2022-09-28" v="14984000000"/>
        <price t="2022-09-29" v="14248000000"/>
        <price t="2022-09-30" v="13820000000"/>
        <price t="2022-10-03" v="14245000000"/>
        <price t="2022-10-04" v="14610000000"/>
        <price t="2022-10-05" v="14640000000"/>
        <price t="2022-10-06" v="14543000000"/>
        <price t="2022-10-07" v="14009000000"/>
        <price t="2022-10-10" v="14042000000"/>
        <price t="2022-10-11" v="13898000000"/>
        <price t="2022-10-12" v="13834000000"/>
        <price t="2022-10-13" v="14299000000"/>
        <price t="2022-10-14" v="13838000000"/>
        <price t="2022-10-17" v="14241000000"/>
        <price t="2022-10-18" v="14375000000"/>
        <price t="2022-10-19" v="14386000000"/>
        <price t="2022-10-20" v="14339000000"/>
        <price t="2022-10-21" v="14727000000"/>
        <price t="2022-10-24" v="14945000000"/>
        <price t="2022-10-25" v="15234000000"/>
        <price t="2022-10-26" v="14935000000"/>
        <price t="2022-10-27" v="14480000000"/>
        <price t="2022-10-28" v="15574000000"/>
        <price t="2022-10-31" v="15334000000"/>
        <price t="2022-11-01" v="15065000000"/>
        <price t="2022-11-02" v="14503000000"/>
        <price t="2022-11-03" v="13888000000"/>
        <price t="2022-11-04" v="13838000000"/>
        <price t="2022-11-07" v="13892000000"/>
        <price t="2022-11-08" v="13950000000"/>
        <price t="2022-11-09" v="13487000000"/>
        <price t="2022-11-10" v="14687000000"/>
        <price t="2022-11-11" v="14970000000"/>
        <price t="2022-11-14" v="14828000000"/>
        <price t="2022-11-15" v="15004000000"/>
        <price t="2022-11-16" v="14879000000"/>
        <price t="2022-11-17" v="15072000000"/>
        <price t="2022-11-18" v="15129000000"/>
        <price t="2022-11-21" v="14801000000"/>
        <price t="2022-11-22" v="15018000000"/>
        <price t="2022-11-23" v="15107000000"/>
        <price t="2022-11-25" v="14811000000"/>
        <price t="2022-11-28" v="14422000000"/>
        <price t="2022-11-29" v="14117000000"/>
        <price t="2022-11-30" v="14803000000"/>
        <price t="2022-12-01" v="14831000000"/>
        <price t="2022-12-02" v="14781000000"/>
        <price t="2022-12-05" v="14663000000"/>
        <price t="2022-12-06" v="14291000000"/>
        <price t="2022-12-07" v="14094000000"/>
        <price t="2022-12-08" v="14265000000"/>
        <price t="2022-12-09" v="14216000000"/>
        <price t="2022-12-12" v="14449000000"/>
        <price t="2022-12-13" v="14547000000"/>
        <price t="2022-12-14" v="14321000000"/>
        <price t="2022-12-15" v="13650000000"/>
        <price t="2022-12-16" v="13451000000"/>
        <price t="2022-12-19" v="13237000000"/>
        <price t="2022-12-20" v="13230000000"/>
        <price t="2022-12-21" v="13545000000"/>
        <price t="2022-12-22" v="13223000000"/>
        <price t="2022-12-23" v="13186000000"/>
        <price t="2022-12-27" v="13003000000"/>
        <price t="2022-12-28" v="12604000000"/>
        <price t="2022-12-29" v="12961000000"/>
        <price t="2022-12-30" v="12993000000"/>
        <price t="2023-01-03" v="12507000000"/>
        <price t="2023-01-04" v="12636000000"/>
        <price t="2023-01-05" v="12502000000"/>
        <price t="2023-01-06" v="12962000000"/>
        <price t="2023-01-09" v="13015000000"/>
        <price t="2023-01-10" v="13073000000"/>
        <price t="2023-01-11" v="13349000000"/>
        <price t="2023-01-12" v="13341000000"/>
        <price t="2023-01-13" v="13476000000"/>
        <price t="2023-01-17" v="13594000000"/>
        <price t="2023-01-18" v="13521000000"/>
        <price t="2023-01-19" v="13527000000"/>
        <price t="2023-01-20" v="13787000000"/>
        <price t="2023-01-23" v="14111000000"/>
        <price t="2023-01-24" v="14253000000"/>
        <price t="2023-01-25" v="14186000000"/>
        <price t="2023-01-26" v="14396000000"/>
        <price t="2023-01-27" v="14593000000"/>
        <price t="2023-01-30" v="14300000000"/>
        <price t="2023-01-31" v="14429000000"/>
        <price t="2023-02-01" v="14543000000"/>
        <price t="2023-02-02" v="15082000000"/>
        <price t="2023-02-03" v="15450000000"/>
        <price t="2023-02-06" v="15173000000"/>
        <price t="2023-02-07" v="15465000000"/>
        <price t="2023-02-08" v="15192000000"/>
        <price t="2023-02-09" v="15087000000"/>
        <price t="2023-02-10" v="15101000000"/>
        <price t="2023-02-13" v="15385000000"/>
        <price t="2023-02-14" v="15320000000"/>
        <price t="2023-02-15" v="15533000000"/>
        <price t="2023-02-16" v="15371000000"/>
        <price t="2023-02-17" v="15255000000"/>
        <price t="2023-02-21" v="14848000000"/>
        <price t="2023-02-22" v="14891000000"/>
        <price t="2023-02-23" v="14940000000"/>
        <price t="2023-02-24" v="14671000000"/>
        <price t="2023-02-27" v="14792000000"/>
        <price t="2023-02-28" v="14741000000"/>
        <price t="2023-03-01" v="14531000000"/>
        <price t="2023-03-02" v="14591000000"/>
        <price t="2023-03-03" v="15103000000"/>
        <price t="2023-03-06" v="15383000000"/>
        <price t="2023-03-07" v="15160000000"/>
        <price t="2023-03-08" v="15287000000"/>
        <price t="2023-03-09" v="15059000000"/>
        <price t="2023-03-10" v="14850000000"/>
        <price t="2023-03-13" v="15047000000"/>
        <price t="2023-03-14" v="15259000000"/>
        <price t="2023-03-15" v="15299000000"/>
        <price t="2023-03-16" v="15585000000"/>
        <price t="2023-03-17" v="15500000000"/>
        <price t="2023-03-20" v="15740000000"/>
        <price t="2023-03-21" v="15928000000"/>
        <price t="2023-03-22" v="15783000000"/>
        <price t="2023-03-23" v="15893000000"/>
        <price t="2023-03-24" v="16025000000"/>
        <price t="2023-03-27" v="15828000000"/>
        <price t="2023-03-28" v="15765000000"/>
        <price t="2023-03-29" v="16077000000"/>
        <price t="2023-03-30" v="16236000000"/>
        <price t="2023-03-31" v="16490000000"/>
        <price t="2023-04-03" v="16617000000"/>
        <price t="2023-04-04" v="16563000000"/>
        <price t="2023-04-05" v="16376000000"/>
        <price t="2023-04-06" v="16466000000"/>
        <price t="2023-04-10" v="16203000000"/>
        <price t="2023-04-11" v="16080000000"/>
        <price t="2023-04-12" v="16010000000"/>
        <price t="2023-04-13" v="16556000000"/>
        <price t="2023-04-14" v="16521000000"/>
        <price t="2023-04-17" v="16523000000"/>
        <price t="2023-04-18" v="16647000000"/>
        <price t="2023-04-19" v="16763000000"/>
        <price t="2023-04-20" v="16665000000"/>
        <price t="2023-04-21" v="16502000000"/>
        <price t="2023-04-24" v="16533000000"/>
        <price t="2023-04-25" v="16377000000"/>
        <price t="2023-04-26" v="16376000000"/>
        <price t="2023-04-27" v="16841000000"/>
        <price t="2023-04-28" v="16968000000"/>
        <price t="2023-05-01" v="16959000000"/>
        <price t="2023-05-02" v="16854000000"/>
        <price t="2023-05-03" v="16745000000"/>
        <price t="2023-05-04" v="16579000000"/>
        <price t="2023-05-05" v="17357000000"/>
        <price t="2023-05-08" v="17350000000"/>
        <price t="2023-05-09" v="17177000000"/>
        <price t="2023-05-10" v="17356000000"/>
        <price t="2023-05-11" v="17375000000"/>
        <price t="2023-05-12" v="17257000000"/>
        <price t="2023-05-15" v="17207000000"/>
        <price t="2023-05-16" v="17207000000"/>
        <price t="2023-05-17" v="17269000000"/>
        <price t="2023-05-18" v="17505000000"/>
        <price t="2023-05-19" v="17516000000"/>
        <price t="2023-05-22" v="17420000000"/>
        <price t="2023-05-23" v="17156000000"/>
        <price t="2023-05-24" v="17184000000"/>
        <price t="2023-05-25" v="17299000000"/>
        <price t="2023-05-26" v="17543000000"/>
        <price t="2023-05-30" v="17730000000"/>
        <price t="2023-05-31" v="17725000000"/>
        <price t="2023-06-01" v="18009000000"/>
        <price t="2023-06-02" v="18095000000"/>
        <price t="2023-06-05" v="17958000000"/>
        <price t="2023-06-06" v="17921000000"/>
        <price t="2023-06-07" v="17782000000"/>
        <price t="2023-06-08" v="18057000000"/>
        <price t="2023-06-09" v="18096000000"/>
        <price t="2023-06-12" v="18379000000"/>
        <price t="2023-06-13" v="18331000000"/>
        <price t="2023-06-14" v="18395000000"/>
        <price t="2023-06-15" v="18601000000"/>
        <price t="2023-06-16" v="18492000000"/>
        <price t="2023-06-20" v="18501000000"/>
        <price t="2023-06-21" v="18396000000"/>
        <price t="2023-06-22" v="18700000000"/>
        <price t="2023-06-23" v="18668000000"/>
        <price t="2023-06-26" v="18527000000"/>
        <price t="2023-06-27" v="18806000000"/>
        <price t="2023-06-28" v="18925000000"/>
        <price t="2023-06-29" v="18959000000"/>
        <price t="2023-06-30" v="19397000000"/>
        <price t="2023-07-03" v="19246000000"/>
        <price t="2023-07-05" v="19133000000"/>
        <price t="2023-07-06" v="19181000000"/>
        <price t="2023-07-07" v="19068000000"/>
        <price t="2023-07-10" v="18861000000"/>
        <price t="2023-07-11" v="18808000000"/>
        <price t="2023-07-12" v="18977000000"/>
        <price t="2023-07-13" v="19054000000"/>
        <price t="2023-07-14" v="19069000000"/>
        <price t="2023-07-17" v="19399000000"/>
        <price t="2023-07-18" v="19373000000"/>
        <price t="2023-07-19" v="19510000000"/>
        <price t="2023-07-20" v="19313000000"/>
        <price t="2023-07-21" v="19194000000"/>
        <price t="2023-07-24" v="19275000000"/>
        <price t="2023-07-25" v="19362000000"/>
        <price t="2023-07-26" v="19450000000"/>
        <price t="2023-07-27" v="19322000000"/>
        <price t="2023-07-28" v="19583000000"/>
        <price t="2023-07-31" v="19645000000"/>
        <price t="2023-08-01" v="19561000000"/>
        <price t="2023-08-02" v="19258000000"/>
        <price t="2023-08-03" v="19117000000"/>
        <price t="2023-08-04" v="18199000000"/>
        <price t="2023-08-07" v="17885000000"/>
        <price t="2023-08-08" v="17980000000"/>
        <price t="2023-08-09" v="17819000000"/>
        <price t="2023-08-10" v="17797000000"/>
        <price t="2023-08-11" v="17779000000"/>
        <price t="2023-08-14" v="17946000000"/>
        <price t="2023-08-15" v="17745000000"/>
        <price t="2023-08-16" v="17657000000"/>
        <price t="2023-08-17" v="17400000000"/>
        <price t="2023-08-18" v="17449000000"/>
        <price t="2023-08-21" v="17584000000"/>
        <price t="2023-08-22" v="17723000000"/>
        <price t="2023-08-23" v="18112000000"/>
        <price t="2023-08-24" v="17638000000"/>
        <price t="2023-08-25" v="17861000000"/>
        <price t="2023-08-28" v="18019000000"/>
        <price t="2023-08-29" v="18412000000"/>
        <price t="2023-08-30" v="18765000000"/>
        <price t="2023-08-31" v="18787000000"/>
        <price t="2023-09-01" v="18946000000"/>
        <price t="2023-09-05" v="18970000000"/>
        <price t="2023-09-06" v="18291000000"/>
        <price t="2023-09-07" v="17756000000"/>
        <price t="2023-09-08" v="17818000000"/>
        <price t="2023-09-11" v="17936000000"/>
        <price t="2023-09-12" v="17630000000"/>
        <price t="2023-09-13" v="17421000000"/>
        <price t="2023-09-14" v="17574000000"/>
        <price t="2023-09-15" v="17501000000"/>
        <price t="2023-09-18" v="17797000000"/>
        <price t="2023-09-19" v="17907000000"/>
        <price t="2023-09-20" v="17549000000"/>
        <price t="2023-09-21" v="17393000000"/>
        <price t="2023-09-22" v="17479000000"/>
        <price t="2023-09-25" v="17608000000"/>
        <price t="2023-09-26" v="17196000000"/>
        <price t="2023-09-27" v="17043000000"/>
        <price t="2023-09-28" v="17069000000"/>
        <price t="2023-09-29" v="17121000000"/>
        <price t="2023-10-02" v="17375000000"/>
        <price t="2023-10-03" v="17240000000"/>
        <price t="2023-10-04" v="17366000000"/>
        <price t="2023-10-05" v="17491000000"/>
        <price t="2023-10-06" v="17749000000"/>
        <price t="2023-10-09" v="17899000000"/>
        <price t="2023-10-10" v="17839000000"/>
        <price t="2023-10-11" v="17980000000"/>
        <price t="2023-10-12" v="18071000000"/>
        <price t="2023-10-13" v="17885000000"/>
        <price t="2023-10-16" v="17872000000"/>
        <price t="2023-10-17" v="17715000000"/>
        <price t="2023-10-18" v="17584000000"/>
        <price t="2023-10-19" v="17546000000"/>
        <price t="2023-10-20" v="17288000000"/>
        <price t="2023-10-23" v="17300000000"/>
        <price t="2023-10-24" v="17344000000"/>
        <price t="2023-10-25" v="17110000000"/>
        <price t="2023-10-26" v="16689000000"/>
        <price t="2023-10-27" v="16822000000"/>
        <price t="2023-10-30" v="17029000000"/>
        <price t="2023-10-31" v="17077000000"/>
        <price t="2023-11-01" v="17397000000"/>
        <price t="2023-11-02" v="17757000000"/>
        <price t="2023-11-03" v="17665000000"/>
        <price t="2023-11-06" v="17923000000"/>
        <price t="2023-11-07" v="18182000000"/>
        <price t="2023-11-08" v="18289000000"/>
        <price t="2023-11-09" v="18241000000"/>
        <price t="2023-11-10" v="18640000000"/>
        <price t="2023-11-13" v="18480000000"/>
        <price t="2023-11-14" v="18744000000"/>
        <price t="2023-11-15" v="18801000000"/>
        <price t="2023-11-16" v="18971000000"/>
        <price t="2023-11-17" v="18969000000"/>
        <price t="2023-11-20" v="19145000000"/>
        <price t="2023-11-21" v="19064000000"/>
        <price t="2023-11-22" v="19131000000"/>
        <price t="2023-11-24" v="18997000000"/>
        <price t="2023-11-27" v="18979000000"/>
        <price t="2023-11-28" v="19040000000"/>
        <price t="2023-11-29" v="18937000000"/>
        <price t="2023-11-30" v="18995000000"/>
        <price t="2023-12-01" v="19124000000"/>
        <price t="2023-12-04" v="18943000000"/>
        <price t="2023-12-05" v="19342000000"/>
        <price t="2023-12-06" v="19232000000"/>
        <price t="2023-12-07" v="19427000000"/>
        <price t="2023-12-08" v="19571000000"/>
        <price t="2023-12-11" v="19318000000"/>
        <price t="2023-12-12" v="19471000000"/>
        <price t="2023-12-13" v="19796000000"/>
        <price t="2023-12-14" v="19811000000"/>
        <price t="2023-12-15" v="19757000000"/>
        <price t="2023-12-18" v="19589000000"/>
        <price t="2023-12-19" v="19694000000"/>
        <price t="2023-12-20" v="19483000000"/>
        <price t="2023-12-21" v="19468000000"/>
        <price t="2023-12-22" v="19360000000"/>
        <price t="2023-12-26" v="19305000000"/>
        <price t="2023-12-27" v="19315000000"/>
        <price t="2023-12-28" v="19358000000"/>
        <price t="2023-12-29" v="19253000000"/>
        <price t="2024-01-02" v="18564000000"/>
        <price t="2024-01-03" v="18425000000"/>
        <price t="2024-01-04" v="18191000000"/>
        <price t="2024-01-05" v="18118000000"/>
        <price t="2024-01-08" v="18556000000"/>
        <price t="2024-01-09" v="18514000000"/>
        <price t="2024-01-10" v="18619000000"/>
        <price t="2024-01-11" v="18559000000"/>
        <price t="2024-01-12" v="18592000000"/>
        <price t="2024-01-16" v="18363000000"/>
        <price t="2024-01-17" v="18268000000"/>
        <price t="2024-01-18" v="18863000000"/>
        <price t="2024-01-19" v="19156000000"/>
        <price t="2024-01-22" v="19389000000"/>
        <price t="2024-01-23" v="19518000000"/>
        <price t="2024-01-24" v="19450000000"/>
        <price t="2024-01-25" v="19417000000"/>
        <price t="2024-01-26" v="19242000000"/>
        <price t="2024-01-29" v="19173000000"/>
        <price t="2024-01-30" v="18804000000"/>
        <price t="2024-01-31" v="18440000000"/>
        <price t="2024-02-01" v="18686000000"/>
        <price t="2024-02-02" v="18585000000"/>
        <price t="2024-02-05" v="18768000000"/>
        <price t="2024-02-06" v="18930000000"/>
        <price t="2024-02-07" v="18941000000"/>
        <price t="2024-02-08" v="18832000000"/>
        <price t="2024-02-09" v="18885000000"/>
        <price t="2024-02-12" v="18715000000"/>
        <price t="2024-02-13" v="18504000000"/>
        <price t="2024-02-14" v="18415000000"/>
        <price t="2024-02-15" v="18386000000"/>
        <price t="2024-02-16" v="18231000000"/>
        <price t="2024-02-20" v="18156000000"/>
        <price t="2024-02-21" v="18232000000"/>
        <price t="2024-02-22" v="18437000000"/>
        <price t="2024-02-23" v="18252000000"/>
        <price t="2024-02-26" v="18116000000"/>
        <price t="2024-02-27" v="18263000000"/>
        <price t="2024-02-28" v="18142000000"/>
        <price t="2024-02-29" v="18075000000"/>
        <price t="2024-03-01" v="17966000000"/>
        <price t="2024-03-04" v="17510000000"/>
        <price t="2024-03-05" v="17012000000"/>
        <price t="2024-03-06" v="16912000000"/>
        <price t="2024-03-07" v="16900000000"/>
        <price t="2024-03-08" v="17073000000"/>
        <price t="2024-03-11" v="17275000000"/>
        <price t="2024-03-12" v="17323000000"/>
        <price t="2024-03-13" v="17113000000"/>
        <price t="2024-03-14" v="17300000000"/>
        <price t="2024-03-15" v="17262000000"/>
        <price t="2024-03-18" v="17372000000"/>
        <price t="2024-03-19" v="17608000000"/>
        <price t="2024-03-20" v="17867000000"/>
        <price t="2024-03-21" v="17137000000"/>
        <price t="2024-03-22" v="17228000000"/>
        <price t="2024-03-25" v="17085000000"/>
        <price t="2024-03-26" v="16971000000"/>
        <price t="2024-03-27" v="17331000000"/>
        <price t="2024-03-28" v="17148000000"/>
        <price t="2024-04-01" v="17003000000"/>
        <price t="2024-04-02" v="16884000000"/>
        <price t="2024-04-03" v="16965000000"/>
        <price t="2024-04-04" v="16882000000"/>
        <price t="2024-04-05" v="16958000000"/>
        <price t="2024-04-08" v="16845000000"/>
        <price t="2024-04-09" v="16967000000"/>
        <price t="2024-04-10" v="16778000000"/>
        <price t="2024-04-11" v="17504000000"/>
        <price t="2024-04-12" v="17655000000"/>
        <price t="2024-04-15" v="17269000000"/>
        <price t="2024-04-16" v="16938000000"/>
        <price t="2024-04-17" v="16800000000"/>
        <price t="2024-04-18" v="16704000000"/>
        <price t="2024-04-19" v="16500000000"/>
        <price t="2024-04-22" v="16584000000"/>
        <price t="2024-04-23" v="16690000000"/>
        <price t="2024-04-24" v="16902000000"/>
        <price t="2024-04-25" v="16989000000"/>
        <price t="2024-04-26" v="16930000000"/>
        <price t="2024-04-29" v="17350000000"/>
        <price t="2024-04-30" v="17033000000"/>
        <price t="2024-05-01" v="16930000000"/>
        <price t="2024-05-02" v="17303000000"/>
        <price t="2024-05-03" v="18338000000"/>
        <price t="2024-05-06" v="18171000000"/>
        <price t="2024-05-07" v="18240000000"/>
        <price t="2024-05-08" v="18274000000"/>
        <price t="2024-05-09" v="18457000000"/>
        <price t="2024-05-10" v="18305000000"/>
        <price t="2024-05-13" v="18628000000"/>
        <price t="2024-05-14" v="18743000000"/>
        <price t="2024-05-15" v="18972000000"/>
        <price t="2024-05-16" v="18984000000"/>
        <price t="2024-05-17" v="18987000000"/>
        <price t="2024-05-20" v="19104000000"/>
        <price t="2024-05-21" v="19235000000"/>
        <price t="2024-05-22" v="19090000000"/>
        <price t="2024-05-23" v="18688000000"/>
        <price t="2024-05-24" v="18998000000"/>
        <price t="2024-05-28" v="18999000000"/>
        <price t="2024-05-29" v="19029000000"/>
        <price t="2024-05-30" v="19129000000"/>
        <price t="2024-05-31" v="19225000000"/>
        <price t="2024-06-03" v="19403000000"/>
        <price t="2024-06-04" v="19435000000"/>
        <price t="2024-06-05" v="19587000000"/>
        <price t="2024-06-06" v="19448000000"/>
        <price t="2024-06-07" v="19689000000"/>
        <price t="2024-06-10" v="19312000000"/>
        <price t="2024-06-11" v="20715000000"/>
        <price t="2024-06-12" v="21307000000"/>
        <price t="2024-06-13" v="21424000000"/>
        <price t="2024-06-14" v="21249000000"/>
        <price t="2024-06-17" v="21667000000"/>
        <price t="2024-06-18" v="21429000000"/>
        <price t="2024-06-20" v="20968000000"/>
        <price t="2024-06-21" v="20749000000"/>
        <price t="2024-06-24" v="20814000000"/>
        <price t="2024-06-25" v="20907000000"/>
        <price t="2024-06-26" v="21325000000"/>
        <price t="2024-06-27" v="21410000000"/>
        <price t="2024-06-28" v="21062000000"/>
        <price t="2024-07-01" v="21675000000"/>
        <price t="2024-07-02" v="22027000000"/>
        <price t="2024-07-03" v="22155000000"/>
        <price t="2024-07-05" v="22634000000"/>
        <price t="2024-07-08" v="22782000000"/>
        <price t="2024-07-09" v="22868000000"/>
        <price t="2024-07-10" v="23298000000"/>
        <price t="2024-07-11" v="22757000000"/>
        <price t="2024-07-12" v="23054000000"/>
        <price t="2024-07-15" v="23440000000"/>
        <price t="2024-07-16" v="23482000000"/>
        <price t="2024-07-17" v="22888000000"/>
        <price t="2024-07-18" v="22418000000"/>
        <price t="2024-07-19" v="22431000000"/>
        <price t="2024-07-22" v="22396000000"/>
        <price t="2024-07-23" v="22501000000"/>
        <price t="2024-07-24" v="21854000000"/>
        <price t="2024-07-25" v="21749000000"/>
        <price t="2024-07-26" v="21796000000"/>
        <price t="2024-07-29" v="21824000000"/>
        <price t="2024-07-30" v="21880000000"/>
        <price t="2024-07-31" v="22208000000"/>
        <price t="2024-08-01" v="21836000000"/>
        <price t="2024-08-02" v="21986000000"/>
        <price t="2024-08-05" v="20927000000"/>
        <price t="2024-08-06" v="20723000000"/>
        <price t="2024-08-07" v="20982000000"/>
        <price t="2024-08-08" v="21331000000"/>
        <price t="2024-08-09" v="21624000000"/>
        <price t="2024-08-12" v="21753000000"/>
        <price t="2024-08-13" v="22127000000"/>
        <price t="2024-08-14" v="22172000000"/>
        <price t="2024-08-15" v="22472000000"/>
        <price t="2024-08-16" v="22605000000"/>
        <price t="2024-08-19" v="22589000000"/>
        <price t="2024-08-20" v="22651000000"/>
        <price t="2024-08-21" v="22640000000"/>
        <price t="2024-08-22" v="22453000000"/>
        <price t="2024-08-23" v="22684000000"/>
        <price t="2024-08-26" v="22718000000"/>
        <price t="2024-08-27" v="22803000000"/>
        <price t="2024-08-28" v="22649000000"/>
        <price t="2024-08-29" v="22979000000"/>
        <price t="2024-08-30" v="22900000000"/>
        <price t="2024-09-03" v="22277000000"/>
        <price t="2024-09-04" v="22085000000"/>
        <price t="2024-09-05" v="22238000000"/>
        <price t="2024-09-06" v="22082000000"/>
        <price t="2024-09-09" v="22091000000"/>
        <price t="2024-09-10" v="22011000000"/>
        <price t="2024-09-11" v="22266000000"/>
        <price t="2024-09-12" v="22277000000"/>
        <price t="2024-09-13" v="22250000000"/>
        <price t="2024-09-16" v="21632000000"/>
        <price t="2024-09-17" v="21679000000"/>
        <price t="2024-09-18" v="22069000000"/>
        <price t="2024-09-19" v="22842000000"/>
      </prices>
      <latest t="2024-09-19" v="22842000000">
        <high>-1</high>
        <low>-1</low>
        <volume>-1</volume>
      </latest>
      <attributes>
        <map/>
      </attributes>
      <events>
        <event>
          <date>2024-04-17</date>
          <type>NOTE</type>
          <details>Test</details>
        </event>
      </events>
      <isRetired>false</isRetired>
      <updatedAt>2024-09-16T08:17:03.369915Z</updatedAt>
    </security>
    <security>
      <uuid>6b782223-4cfa-490c-8e29-2d0762c3922f</uuid>
      <onlineId>4c1d75b508d84ae698ad1d724d06e007</onlineId>
      <name>Deutsche Telekom AG</name>
      <currencyCode>EUR</currencyCode>
      <isin>DE0005557508</isin>
      <tickerSymbol></tickerSymbol>
      <wkn>555750</wkn>
      <feed>PORTFOLIO-REPORT</feed>
      <prices>
        <price t="2000-01-03" v="6612690000"/>
        <price t="2000-01-04" v="6374820000"/>
        <price t="2000-01-05" v="6208310000"/>
        <price t="2000-01-06" v="5803940000"/>
        <price t="2000-01-07" v="6159790000"/>
        <price t="2000-01-10" v="6304410000"/>
        <price t="2000-01-11" v="6279670000"/>
        <price t="2000-01-12" v="6469970000"/>
        <price t="2000-01-13" v="6469970000"/>
        <price t="2000-01-14" v="6783950000"/>
        <price t="2000-01-17" v="6970440000"/>
        <price t="2000-01-18" v="6650750000"/>
        <price t="2000-01-19" v="6588900000"/>
        <price t="2000-01-20" v="6588900000"/>
        <price t="2000-01-21" v="6360550000"/>
        <price t="2000-01-24" v="6127440000"/>
        <price t="2000-01-25" v="6280630000"/>
        <price t="2000-01-26" v="6726860000"/>
        <price t="2000-01-27" v="7183570000"/>
        <price t="2000-01-28" v="6841040000"/>
        <price t="2000-01-31" v="6603170000"/>
        <price t="2000-02-01" v="7135990000"/>
        <price t="2000-02-02" v="7069390000"/>
        <price t="2000-02-03" v="7963770000"/>
        <price t="2000-02-04" v="8125520000"/>
        <price t="2000-02-07" v="7668810000"/>
        <price t="2000-02-08" v="8391930000"/>
        <price t="2000-02-09" v="8801060000"/>
        <price t="2000-02-10" v="8753480000"/>
        <price t="2000-02-11" v="8477560000"/>
        <price t="2000-02-14" v="8306300000"/>
        <price t="2000-02-15" v="7992310000"/>
        <price t="2000-02-16" v="8087460000"/>
        <price t="2000-02-17" v="8277750000"/>
        <price t="2000-02-18" v="8468040000"/>
        <price t="2000-02-21" v="8324370000"/>
        <price t="2000-02-22" v="8143590000"/>
        <price t="2000-02-23" v="8325320000"/>
        <price t="2000-02-24" v="8563190000"/>
        <price t="2000-02-25" v="8563190000"/>
        <price t="2000-02-28" v="8087460000"/>
        <price t="2000-02-29" v="8192120000"/>
        <price t="2000-03-01" v="8752530000"/>
        <price t="2000-03-02" v="9455670000"/>
        <price t="2000-03-03" v="9790580000"/>
        <price t="2000-03-06" v="9847670000"/>
        <price t="2000-03-07" v="9595530000"/>
        <price t="2000-03-08" v="9086500000"/>
        <price t="2000-03-09" v="9076980000"/>
        <price t="2000-03-10" v="9300580000"/>
        <price t="2000-03-13" v="8777270000"/>
        <price t="2000-03-14" v="8382410000"/>
        <price t="2000-03-15" v="7791550000"/>
        <price t="2000-03-16" v="8011340000"/>
        <price t="2000-03-17" v="8230180000"/>
        <price t="2000-03-20" v="8686880000"/>
        <price t="2000-03-21" v="8467090000"/>
        <price t="2000-03-22" v="8258720000"/>
        <price t="2000-03-23" v="8087460000"/>
        <price t="2000-03-24" v="8506100000"/>
        <price t="2000-03-27" v="8372900000"/>
        <price t="2000-03-28" v="8715430000"/>
        <price t="2000-03-29" v="8515620000"/>
        <price t="2000-03-30" v="7925710000"/>
        <price t="2000-03-31" v="7992310000"/>
        <price t="2000-04-03" v="7178810000"/>
        <price t="2000-04-04" v="7040850000"/>
        <price t="2000-04-05" v="7135990000"/>
        <price t="2000-04-06" v="7471860000"/>
        <price t="2000-04-07" v="7516580000"/>
        <price t="2000-04-10" v="7649780000"/>
        <price t="2000-04-11" v="7278710000"/>
        <price t="2000-04-12" v="6964730000"/>
        <price t="2000-04-13" v="7100790000"/>
        <price t="2000-04-14" v="6661210000"/>
        <price t="2000-04-17" v="6755410000"/>
        <price t="2000-04-18" v="6907640000"/>
        <price t="2000-04-19" v="6754450000"/>
        <price t="2000-04-20" v="6974240000"/>
        <price t="2000-04-25" v="6825810000"/>
        <price t="2000-04-26" v="7059880000"/>
        <price t="2000-04-27" v="6660260000"/>
        <price t="2000-04-28" v="6792510000"/>
        <price t="2000-05-02" v="7135990000"/>
        <price t="2000-05-03" v="6641230000"/>
        <price t="2000-05-04" v="6349130000"/>
        <price t="2000-05-05" v="6650750000"/>
        <price t="2000-05-08" v="6374820000"/>
        <price t="2000-05-09" v="5946660000"/>
        <price t="2000-05-10" v="5785860000"/>
        <price t="2000-05-11" v="6203560000"/>
        <price t="2000-05-12" v="6194040000"/>
        <price t="2000-05-15" v="5900040000"/>
        <price t="2000-05-16" v="6293950000"/>
        <price t="2000-05-17" v="5918120000"/>
        <price t="2000-05-18" v="5762080000"/>
        <price t="2000-05-19" v="5309180000"/>
        <price t="2000-05-22" v="5342480000"/>
        <price t="2000-05-23" v="5585100000"/>
        <price t="2000-05-24" v="5385300000"/>
        <price t="2000-05-25" v="5803940000"/>
        <price t="2000-05-26" v="5913360000"/>
        <price t="2000-05-29" v="5939050000"/>
        <price t="2000-05-30" v="6184530000"/>
        <price t="2000-05-31" v="6327250000"/>
        <price t="2000-06-01" v="6517540000"/>
        <price t="2000-06-02" v="6945700000"/>
        <price t="2000-06-05" v="6830570000"/>
        <price t="2000-06-06" v="6797270000"/>
        <price t="2000-06-07" v="6445230000"/>
        <price t="2000-06-08" v="6436670000"/>
        <price t="2000-06-09" v="6278720000"/>
        <price t="2000-06-12" v="6278720000"/>
        <price t="2000-06-13" v="6294900000"/>
        <price t="2000-06-14" v="6479480000"/>
        <price t="2000-06-15" v="6446180000"/>
        <price t="2000-06-16" v="6475680000"/>
        <price t="2000-06-19" v="6260640000"/>
        <price t="2000-06-20" v="6270160000"/>
        <price t="2000-06-21" v="6041810000"/>
        <price t="2000-06-22" v="6097940000"/>
        <price t="2000-06-23" v="6041810000"/>
        <price t="2000-06-26" v="6045610000"/>
        <price t="2000-06-27" v="6041810000"/>
        <price t="2000-06-28" v="6050370000"/>
        <price t="2000-06-29" v="5585100000"/>
        <price t="2000-06-30" v="5689760000"/>
        <price t="2000-07-03" v="5566070000"/>
        <price t="2000-07-04" v="5328210000"/>
        <price t="2000-07-05" v="5466170000"/>
        <price t="2000-07-06" v="5561320000"/>
        <price t="2000-07-07" v="5817260000"/>
        <price t="2000-07-10" v="5837240000"/>
        <price t="2000-07-11" v="5690720000"/>
        <price t="2000-07-12" v="5511840000"/>
        <price t="2000-07-13" v="5646950000"/>
        <price t="2000-07-14" v="5679300000"/>
        <price t="2000-07-17" v="5773490000"/>
        <price t="2000-07-18" v="5802990000"/>
        <price t="2000-07-19" v="5746850000"/>
        <price t="2000-07-20" v="5439530000"/>
        <price t="2000-07-21" v="5258750000"/>
        <price t="2000-07-24" v="4642200000"/>
        <price t="2000-07-25" v="4747810000"/>
        <price t="2000-07-26" v="4861040000"/>
        <price t="2000-07-27" v="4704050000"/>
        <price t="2000-07-28" v="4486160000"/>
        <price t="2000-07-31" v="4472840000"/>
        <price t="2000-08-01" v="4447150000"/>
        <price t="2000-08-02" v="4333930000"/>
        <price t="2000-08-03" v="4309190000"/>
        <price t="2000-08-04" v="4350100000"/>
        <price t="2000-08-07" v="4410990000"/>
        <price t="2000-08-08" v="4256860000"/>
        <price t="2000-08-09" v="4443340000"/>
        <price t="2000-08-10" v="4628880000"/>
        <price t="2000-08-11" v="4600340000"/>
        <price t="2000-08-14" v="4719270000"/>
        <price t="2000-08-15" v="4614610000"/>
        <price t="2000-08-16" v="4467130000"/>
        <price t="2000-08-17" v="4489970000"/>
        <price t="2000-08-18" v="4379600000"/>
        <price t="2000-08-21" v="4155050000"/>
        <price t="2000-08-22" v="4000910000"/>
        <price t="2000-08-23" v="4034210000"/>
        <price t="2000-08-24" v="4126510000"/>
        <price t="2000-08-25" v="4214990000"/>
        <price t="2000-08-28" v="4267320000"/>
        <price t="2000-08-29" v="4252100000"/>
        <price t="2000-08-30" v="4130310000"/>
        <price t="2000-08-31" v="4115090000"/>
        <price t="2000-09-01" v="4395770000"/>
        <price t="2000-09-04" v="4663130000"/>
        <price t="2000-09-05" v="4478550000"/>
        <price t="2000-09-06" v="4430020000"/>
        <price t="2000-09-07" v="4349150000"/>
        <price t="2000-09-08" v="4248290000"/>
        <price t="2000-09-11" v="4073220000"/>
        <price t="2000-09-12" v="4035170000"/>
        <price t="2000-09-13" v="4025650000"/>
        <price t="2000-09-14" v="4091300000"/>
        <price t="2000-09-15" v="4114140000"/>
        <price t="2000-09-18" v="3999960000"/>
        <price t="2000-09-19" v="4011380000"/>
        <price t="2000-09-20" v="3786830000"/>
        <price t="2000-09-21" v="3734500000"/>
        <price t="2000-09-22" v="3677410000"/>
        <price t="2000-09-25" v="3813470000"/>
        <price t="2000-09-26" v="3653630000"/>
        <price t="2000-09-27" v="3682170000"/>
        <price t="2000-09-28" v="3769710000"/>
        <price t="2000-09-29" v="3707860000"/>
        <price t="2000-10-02" v="3767800000"/>
        <price t="2000-10-04" v="3819180000"/>
        <price t="2000-10-05" v="3821090000"/>
        <price t="2000-10-06" v="3644110000"/>
        <price t="2000-10-09" v="3568950000"/>
        <price t="2000-10-10" v="3537550000"/>
        <price t="2000-10-11" v="3473800000"/>
        <price t="2000-10-12" v="3415760000"/>
        <price t="2000-10-13" v="3576560000"/>
        <price t="2000-10-16" v="3651730000"/>
        <price t="2000-10-17" v="3556580000"/>
        <price t="2000-10-18" v="3548970000"/>
        <price t="2000-10-19" v="3639360000"/>
        <price t="2000-10-20" v="3644110000"/>
        <price t="2000-10-23" v="3758290000"/>
        <price t="2000-10-24" v="4015190000"/>
        <price t="2000-10-25" v="3934310000"/>
        <price t="2000-10-26" v="4015190000"/>
        <price t="2000-10-27" v="4292060000"/>
        <price t="2000-10-30" v="4187400000"/>
        <price t="2000-10-31" v="4210240000"/>
        <price t="2000-11-01" v="4042780000"/>
        <price t="2000-11-02" v="4016140000"/>
        <price t="2000-11-03" v="3922890000"/>
        <price t="2000-11-06" v="3947630000"/>
        <price t="2000-11-07" v="3986640000"/>
        <price t="2000-11-08" v="3961900000"/>
        <price t="2000-11-09" v="3822990000"/>
        <price t="2000-11-10" v="3705960000"/>
        <price t="2000-11-13" v="3618420000"/>
        <price t="2000-11-14" v="3896250000"/>
        <price t="2000-11-15" v="3928600000"/>
        <price t="2000-11-16" v="3829650000"/>
        <price t="2000-11-17" v="3738310000"/>
        <price t="2000-11-20" v="3591780000"/>
        <price t="2000-11-21" v="3690740000"/>
        <price t="2000-11-22" v="3592730000"/>
        <price t="2000-11-23" v="3695490000"/>
        <price t="2000-11-24" v="3805860000"/>
        <price t="2000-11-27" v="3812520000"/>
        <price t="2000-11-28" v="3696440000"/>
        <price t="2000-11-29" v="3656480000"/>
        <price t="2000-11-30" v="3435740000"/>
        <price t="2000-12-01" v="3552770000"/>
        <price t="2000-12-04" v="3423370000"/>
        <price t="2000-12-05" v="3538500000"/>
        <price t="2000-12-06" v="3538500000"/>
        <price t="2000-12-07" v="3496640000"/>
        <price t="2000-12-08" v="3518520000"/>
        <price t="2000-12-11" v="3766850000"/>
        <price t="2000-12-12" v="3829650000"/>
        <price t="2000-12-13" v="3701200000"/>
        <price t="2000-12-14" v="3592730000"/>
        <price t="2000-12-15" v="3478560000"/>
        <price t="2000-12-18" v="3390070000"/>
        <price t="2000-12-19" v="3506150000"/>
        <price t="2000-12-20" v="3329180000"/>
        <price t="2000-12-21" v="3116050000"/>
        <price t="2000-12-22" v="3128420000"/>
        <price t="2000-12-27" v="3058960000"/>
        <price t="2000-12-28" v="2995210000"/>
        <price t="2000-12-29" v="3054200000"/>
        <price t="2001-01-02" v="2968570000"/>
        <price t="2001-01-03" v="3227370000"/>
        <price t="2001-01-04" v="3235930000"/>
        <price t="2001-01-05" v="3311100000"/>
        <price t="2001-01-08" v="3218810000"/>
        <price t="2001-01-09" v="3168380000"/>
        <price t="2001-01-10" v="3196920000"/>
        <price t="2001-01-11" v="3307290000"/>
        <price t="2001-01-12" v="3533740000"/>
        <price t="2001-01-15" v="3576560000"/>
        <price t="2001-01-16" v="3501390000"/>
        <price t="2001-01-17" v="3607960000"/>
        <price t="2001-01-18" v="3648870000"/>
        <price t="2001-01-19" v="3686930000"/>
        <price t="2001-01-22" v="3494730000"/>
        <price t="2001-01-23" v="3520420000"/>
        <price t="2001-01-24" v="3410050000"/>
        <price t="2001-01-25" v="3332030000"/>
        <price t="2001-01-26" v="3339640000"/>
        <price t="2001-01-29" v="3411000000"/>
        <price t="2001-01-30" v="3439550000"/>
        <price t="2001-01-31" v="3424330000"/>
        <price t="2001-02-01" v="3346300000"/>
        <price t="2001-02-02" v="3244500000"/>
        <price t="2001-02-05" v="3208340000"/>
        <price t="2001-02-06" v="3270190000"/>
        <price t="2001-02-07" v="3139840000"/>
        <price t="2001-02-08" v="3164570000"/>
        <price t="2001-02-09" v="2979040000"/>
        <price t="2001-02-12" v="3051350000"/>
        <price t="2001-02-13" v="2905780000"/>
        <price t="2001-02-14" v="2734510000"/>
        <price t="2001-02-15" v="2706920000"/>
        <price t="2001-02-16" v="2521380000"/>
        <price t="2001-02-19" v="2568960000"/>
        <price t="2001-02-20" v="2545170000"/>
        <price t="2001-02-21" v="2396740000"/>
        <price t="2001-02-22" v="2404350000"/>
        <price t="2001-02-23" v="2335850000"/>
        <price t="2001-02-26" v="2510920000"/>
        <price t="2001-02-27" v="2563250000"/>
        <price t="2001-02-28" v="2516630000"/>
        <price t="2001-03-01" v="2488080000"/>
        <price t="2001-03-02" v="2625090000"/>
        <price t="2001-03-05" v="2662200000"/>
        <price t="2001-03-06" v="2729760000"/>
        <price t="2001-03-07" v="2731660000"/>
        <price t="2001-03-08" v="2618430000"/>
        <price t="2001-03-09" v="2559440000"/>
        <price t="2001-03-12" v="2410060000"/>
        <price t="2001-03-13" v="2481420000"/>
        <price t="2001-03-14" v="2388180000"/>
        <price t="2001-03-15" v="2540410000"/>
        <price t="2001-03-16" v="2472860000"/>
        <price t="2001-03-19" v="2408160000"/>
        <price t="2001-03-20" v="2532800000"/>
        <price t="2001-03-21" v="2399600000"/>
        <price t="2001-03-22" v="2297790000"/>
        <price t="2001-03-23" v="2369150000"/>
        <price t="2001-03-26" v="2470000000"/>
        <price t="2001-03-27" v="2683130000"/>
        <price t="2001-03-28" v="2559440000"/>
        <price t="2001-03-29" v="2599400000"/>
        <price t="2001-03-30" v="2545170000"/>
        <price t="2001-04-02" v="2507110000"/>
        <price t="2001-04-03" v="2387230000"/>
        <price t="2001-04-04" v="2511870000"/>
        <price t="2001-04-05" v="2587990000"/>
        <price t="2001-04-06" v="2493790000"/>
        <price t="2001-04-09" v="2553730000"/>
        <price t="2001-04-10" v="2777330000"/>
        <price t="2001-04-11" v="2702160000"/>
        <price t="2001-04-12" v="2725000000"/>
        <price t="2001-04-17" v="2625090000"/>
        <price t="2001-04-18" v="2882940000"/>
        <price t="2001-04-19" v="2863910000"/>
        <price t="2001-04-20" v="2803020000"/>
        <price t="2001-04-23" v="2740220000"/>
        <price t="2001-04-24" v="2778280000"/>
        <price t="2001-04-25" v="2739270000"/>
        <price t="2001-04-26" v="2654590000"/>
        <price t="2001-04-27" v="2710730000"/>
        <price t="2001-04-30" v="2778280000"/>
        <price t="2001-05-02" v="2702160000"/>
        <price t="2001-05-03" v="2568960000"/>
        <price t="2001-05-04" v="2616530000"/>
        <price t="2001-05-07" v="2622240000"/>
        <price t="2001-05-08" v="2549930000"/>
        <price t="2001-05-09" v="2492840000"/>
        <price t="2001-05-10" v="2529000000"/>
        <price t="2001-05-11" v="2488080000"/>
        <price t="2001-05-14" v="2435750000"/>
        <price t="2001-05-15" v="2448120000"/>
        <price t="2001-05-16" v="2467150000"/>
        <price t="2001-05-17" v="2455730000"/>
        <price t="2001-05-18" v="2429090000"/>
        <price t="2001-05-21" v="2478570000"/>
        <price t="2001-05-22" v="2555640000"/>
        <price t="2001-05-23" v="2521380000"/>
        <price t="2001-05-24" v="2571810000"/>
        <price t="2001-05-25" v="2545170000"/>
        <price t="2001-05-28" v="2502350000"/>
        <price t="2001-05-29" v="2430990000"/>
        <price t="2001-05-30" v="2265440000"/>
        <price t="2001-05-31" v="2340610000"/>
        <price t="2001-06-01" v="2392940000"/>
        <price t="2001-06-04" v="2366300000"/>
        <price t="2001-06-05" v="2338700000"/>
        <price t="2001-06-06" v="2216920000"/>
        <price t="2001-06-07" v="2231190000"/>
        <price t="2001-06-08" v="2246410000"/>
        <price t="2001-06-11" v="2262590000"/>
        <price t="2001-06-12" v="2268290000"/>
        <price t="2001-06-13" v="2358680000"/>
        <price t="2001-06-14" v="2308260000"/>
        <price t="2001-06-15" v="2283520000"/>
        <price t="2001-06-18" v="2245460000"/>
        <price t="2001-06-19" v="2273050000"/>
        <price t="2001-06-20" v="2308260000"/>
        <price t="2001-06-21" v="2403400000"/>
        <price t="2001-06-22" v="2383420000"/>
        <price t="2001-06-25" v="2340610000"/>
        <price t="2001-06-26" v="2316820000"/>
        <price t="2001-06-27" v="2302550000"/>
        <price t="2001-06-28" v="2459540000"/>
        <price t="2001-06-29" v="2561350000"/>
        <price t="2001-07-02" v="2622240000"/>
        <price t="2001-07-03" v="2579420000"/>
        <price t="2001-07-04" v="2568960000"/>
        <price t="2001-07-05" v="2575620000"/>
        <price t="2001-07-06" v="2483330000"/>
        <price t="2001-07-09" v="2494740000"/>
        <price t="2001-07-10" v="2493790000"/>
        <price t="2001-07-11" v="2473810000"/>
        <price t="2001-07-12" v="2535660000"/>
        <price t="2001-07-13" v="2548030000"/>
        <price t="2001-07-16" v="2479520000"/>
        <price t="2001-07-17" v="2466200000"/>
        <price t="2001-07-18" v="2402450000"/>
        <price t="2001-07-19" v="2421480000"/>
        <price t="2001-07-20" v="2427190000"/>
        <price t="2001-07-23" v="2407210000"/>
        <price t="2001-07-24" v="2321580000"/>
        <price t="2001-07-25" v="2275910000"/>
        <price t="2001-07-26" v="2319670000"/>
        <price t="2001-07-27" v="2393890000"/>
        <price t="2001-07-30" v="2450020000"/>
        <price t="2001-07-31" v="2421480000"/>
        <price t="2001-08-01" v="2317770000"/>
        <price t="2001-08-02" v="2279710000"/>
        <price t="2001-08-03" v="2264490000"/>
        <price t="2001-08-06" v="2303500000"/>
        <price t="2001-08-07" v="2223580000"/>
        <price t="2001-08-08" v="2021860000"/>
        <price t="2001-08-09" v="1931480000"/>
        <price t="2001-08-10" v="1842990000"/>
        <price t="2001-08-13" v="1817300000"/>
        <price t="2001-08-14" v="1893420000"/>
        <price t="2001-08-15" v="1819200000"/>
        <price t="2001-08-16" v="1712640000"/>
        <price t="2001-08-17" v="1653650000"/>
        <price t="2001-08-20" v="1646040000"/>
        <price t="2001-08-21" v="1627010000"/>
        <price t="2001-08-22" v="1549940000"/>
        <price t="2001-08-23" v="1581340000"/>
        <price t="2001-08-24" v="1716440000"/>
        <price t="2001-08-27" v="1727860000"/>
        <price t="2001-08-28" v="1663160000"/>
        <price t="2001-08-29" v="1693610000"/>
        <price t="2001-08-30" v="1596560000"/>
        <price t="2001-08-31" v="1612730000"/>
        <price t="2001-09-03" v="1560400000"/>
        <price t="2001-09-04" v="1569920000"/>
        <price t="2001-09-05" v="1508070000"/>
        <price t="2001-09-06" v="1475720000"/>
        <price t="2001-09-07" v="1429100000"/>
        <price t="2001-09-10" v="1469060000"/>
        <price t="2001-09-11" v="1379630000"/>
        <price t="2001-09-12" v="1423390000"/>
        <price t="2001-09-13" v="1474770000"/>
        <price t="2001-09-14" v="1389140000"/>
        <price t="2001-09-17" v="1489040000"/>
        <price t="2001-09-18" v="1512830000"/>
        <price t="2001-09-19" v="1523300000"/>
        <price t="2001-09-20" v="1522350000"/>
        <price t="2001-09-21" v="1510930000"/>
        <price t="2001-09-24" v="1581340000"/>
        <price t="2001-09-25" v="1567060000"/>
        <price t="2001-09-26" v="1630810000"/>
        <price t="2001-09-27" v="1588000000"/>
        <price t="2001-09-28" v="1636520000"/>
        <price t="2001-10-01" v="1569920000"/>
        <price t="2001-10-02" v="1569920000"/>
        <price t="2001-10-03" v="1620350000"/>
        <price t="2001-10-04" v="1674580000"/>
        <price t="2001-10-05" v="1690750000"/>
        <price t="2001-10-08" v="1736420000"/>
        <price t="2001-10-09" v="1704080000"/>
        <price t="2001-10-10" v="1762110000"/>
        <price t="2001-10-11" v="1742130000"/>
        <price t="2001-10-12" v="1679340000"/>
        <price t="2001-10-15" v="1664110000"/>
        <price t="2001-10-16" v="1736420000"/>
        <price t="2001-10-17" v="1759260000"/>
        <price t="2001-10-18" v="1711690000"/>
        <price t="2001-10-19" v="1654600000"/>
        <price t="2001-10-22" v="1693610000"/>
        <price t="2001-10-23" v="1750700000"/>
        <price t="2001-10-24" v="1831570000"/>
        <price t="2001-10-25" v="1777340000"/>
        <price t="2001-10-26" v="1823960000"/>
        <price t="2001-10-29" v="1732620000"/>
        <price t="2001-10-30" v="1669820000"/>
        <price t="2001-10-31" v="1635570000"/>
        <price t="2001-11-01" v="1642230000"/>
        <price t="2001-11-02" v="1605120000"/>
        <price t="2001-11-05" v="1650790000"/>
        <price t="2001-11-06" v="1620350000"/>
        <price t="2001-11-07" v="1712640000"/>
        <price t="2001-11-08" v="1812540000"/>
        <price t="2001-11-09" v="1802080000"/>
        <price t="2001-11-12" v="1765920000"/>
        <price t="2001-11-13" v="1803030000"/>
        <price t="2001-11-14" v="1845840000"/>
        <price t="2001-11-15" v="1885800000"/>
        <price t="2001-11-16" v="1901980000"/>
        <price t="2001-11-19" v="1945750000"/>
        <price t="2001-11-20" v="1841090000"/>
        <price t="2001-11-21" v="1836330000"/>
        <price t="2001-11-22" v="1852500000"/>
        <price t="2001-11-23" v="1843940000"/>
        <price t="2001-11-26" v="1809690000"/>
        <price t="2001-11-27" v="1792560000"/>
        <price t="2001-11-28" v="1717400000"/>
        <price t="2001-11-29" v="1738330000"/>
        <price t="2001-11-30" v="1822060000"/>
        <price t="2001-12-03" v="1793510000"/>
        <price t="2001-12-04" v="1840130000"/>
        <price t="2001-12-05" v="1950500000"/>
        <price t="2001-12-06" v="1924820000"/>
        <price t="2001-12-07" v="1894370000"/>
        <price t="2001-12-10" v="1856310000"/>
        <price t="2001-12-11" v="1901030000"/>
        <price t="2001-12-12" v="1876290000"/>
        <price t="2001-12-13" v="1824910000"/>
        <price t="2001-12-14" v="1777340000"/>
        <price t="2001-12-17" v="1845840000"/>
        <price t="2001-12-18" v="1844890000"/>
        <price t="2001-12-19" v="1809690000"/>
        <price t="2001-12-20" v="1794460000"/>
        <price t="2001-12-21" v="1818250000"/>
        <price t="2001-12-27" v="1829670000"/>
        <price t="2001-12-28" v="1836330000"/>
        <price t="2002-01-02" v="1829670000"/>
        <price t="2002-01-03" v="1874390000"/>
        <price t="2002-01-04" v="1918150000"/>
        <price t="2002-01-07" v="1862970000"/>
        <price t="2002-01-08" v="1859160000"/>
        <price t="2002-01-09" v="1824910000"/>
        <price t="2002-01-10" v="1778290000"/>
        <price t="2002-01-11" v="1734520000"/>
        <price t="2002-01-14" v="1661260000"/>
        <price t="2002-01-15" v="1648890000"/>
        <price t="2002-01-16" v="1638420000"/>
        <price t="2002-01-17" v="1711690000"/>
        <price t="2002-01-18" v="1684090000"/>
        <price t="2002-01-21" v="1682190000"/>
        <price t="2002-01-22" v="1684090000"/>
        <price t="2002-01-23" v="1716440000"/>
        <price t="2002-01-24" v="1698370000"/>
        <price t="2002-01-25" v="1706930000"/>
        <price t="2002-01-28" v="1646040000"/>
        <price t="2002-01-29" v="1587040000"/>
        <price t="2002-01-30" v="1590850000"/>
        <price t="2002-01-31" v="1631760000"/>
        <price t="2002-02-01" v="1584190000"/>
        <price t="2002-02-04" v="1514730000"/>
        <price t="2002-02-05" v="1516640000"/>
        <price t="2002-02-06" v="1455740000"/>
        <price t="2002-02-07" v="1474770000"/>
        <price t="2002-02-08" v="1427200000"/>
        <price t="2002-02-11" v="1519490000"/>
        <price t="2002-02-12" v="1497610000"/>
        <price t="2002-02-13" v="1498560000"/>
        <price t="2002-02-14" v="1505220000"/>
        <price t="2002-02-15" v="1447180000"/>
        <price t="2002-02-18" v="1464310000"/>
        <price t="2002-02-19" v="1450990000"/>
        <price t="2002-02-20" v="1474770000"/>
        <price t="2002-02-21" v="1511880000"/>
        <price t="2002-02-22" v="1445280000"/>
        <price t="2002-02-25" v="1480480000"/>
        <price t="2002-02-26" v="1497610000"/>
        <price t="2002-02-27" v="1550890000"/>
        <price t="2002-02-28" v="1562310000"/>
        <price t="2002-03-01" v="1580380000"/>
        <price t="2002-03-04" v="1620350000"/>
        <price t="2002-03-05" v="1590850000"/>
        <price t="2002-03-06" v="1631760000"/>
        <price t="2002-03-07" v="1649840000"/>
        <price t="2002-03-08" v="1685050000"/>
        <price t="2002-03-11" v="1633670000"/>
        <price t="2002-03-12" v="1594660000"/>
        <price t="2002-03-13" v="1607030000"/>
        <price t="2002-03-14" v="1607030000"/>
        <price t="2002-03-15" v="1618440000"/>
        <price t="2002-03-18" v="1621300000"/>
        <price t="2002-03-19" v="1593710000"/>
        <price t="2002-03-20" v="1579430000"/>
        <price t="2002-03-21" v="1598460000"/>
        <price t="2002-03-22" v="1627010000"/>
        <price t="2002-03-25" v="1611780000"/>
        <price t="2002-03-26" v="1636520000"/>
        <price t="2002-03-27" v="1642230000"/>
        <price t="2002-03-28" v="1643180000"/>
        <price t="2002-04-02" v="1588950000"/>
        <price t="2002-04-03" v="1604170000"/>
        <price t="2002-04-04" v="1604170000"/>
        <price t="2002-04-05" v="1600370000"/>
        <price t="2002-04-08" v="1569920000"/>
        <price t="2002-04-09" v="1547080000"/>
        <price t="2002-04-10" v="1550890000"/>
        <price t="2002-04-11" v="1512830000"/>
        <price t="2002-04-12" v="1536620000"/>
        <price t="2002-04-15" v="1542330000"/>
        <price t="2002-04-16" v="1628910000"/>
        <price t="2002-04-17" v="1607980000"/>
        <price t="2002-04-18" v="1608930000"/>
        <price t="2002-04-19" v="1622250000"/>
        <price t="2002-04-22" v="1588950000"/>
        <price t="2002-04-23" v="1572770000"/>
        <price t="2002-04-24" v="1537570000"/>
        <price t="2002-04-25" v="1484290000"/>
        <price t="2002-04-26" v="1408170000"/>
        <price t="2002-04-29" v="1444320000"/>
        <price t="2002-04-30" v="1402460000"/>
        <price t="2002-05-02" v="1305410000"/>
        <price t="2002-05-03" v="1217880000"/>
        <price t="2002-05-06" v="1217880000"/>
        <price t="2002-05-07" v="1216920000"/>
        <price t="2002-05-08" v="1295900000"/>
        <price t="2002-05-09" v="1264500000"/>
        <price t="2002-05-10" v="1174110000"/>
        <price t="2002-05-13" v="1216920000"/>
        <price t="2002-05-14" v="1268300000"/>
        <price t="2002-05-15" v="1339660000"/>
        <price t="2002-05-16" v="1313970000"/>
        <price t="2002-05-17" v="1267350000"/>
        <price t="2002-05-20" v="1263550000"/>
        <price t="2002-05-21" v="1245470000"/>
        <price t="2002-05-22" v="1184570000"/>
        <price t="2002-05-23" v="1159840000"/>
        <price t="2002-05-24" v="1137000000"/>
        <price t="2002-05-27" v="1184570000"/>
        <price t="2002-05-28" v="1195040000"/>
        <price t="2002-05-29" v="1158890000"/>
        <price t="2002-05-30" v="1090380000"/>
        <price t="2002-05-31" v="1127490000"/>
        <price t="2002-06-03" v="1094190000"/>
        <price t="2002-06-04" v="1048520000"/>
        <price t="2002-06-05" v="1025680000"/>
        <price t="2002-06-06" v="1012360000"/>
        <price t="2002-06-07" v="997140000"/>
        <price t="2002-06-10" v="971450000"/>
        <price t="2002-06-11" v="1013310000"/>
        <price t="2002-06-12" v="980010000"/>
        <price t="2002-06-13" v="971450000"/>
        <price t="2002-06-14" v="934340000"/>
        <price t="2002-06-17" v="1002840000"/>
        <price t="2002-06-18" v="989520000"/>
        <price t="2002-06-19" v="938150000"/>
        <price t="2002-06-20" v="888670000"/>
        <price t="2002-06-21" v="861080000"/>
        <price t="2002-06-24" v="825870000"/>
        <price t="2002-06-25" v="861080000"/>
        <price t="2002-06-26" v="817310000"/>
        <price t="2002-06-27" v="851560000"/>
        <price t="2002-06-28" v="903890000"/>
        <price t="2002-07-01" v="966690000"/>
        <price t="2002-07-02" v="906750000"/>
        <price t="2002-07-03" v="866790000"/>
        <price t="2002-07-04" v="913410000"/>
        <price t="2002-07-05" v="1027580000"/>
        <price t="2002-07-08" v="1008550000"/>
        <price t="2002-07-09" v="1077060000"/>
        <price t="2002-07-10" v="1060880000"/>
        <price t="2002-07-11" v="1104650000"/>
        <price t="2002-07-12" v="1155080000"/>
        <price t="2002-07-15" v="980010000"/>
        <price t="2002-07-16" v="1039950000"/>
        <price t="2002-07-17" v="1141760000"/>
        <price t="2002-07-18" v="1198850000"/>
        <price t="2002-07-19" v="1127490000"/>
        <price t="2002-07-22" v="1109410000"/>
        <price t="2002-07-23" v="997140000"/>
        <price t="2002-07-24" v="1141760000"/>
        <price t="2002-07-25" v="1140810000"/>
        <price t="2002-07-26" v="1132240000"/>
        <price t="2002-07-29" v="1187430000"/>
        <price t="2002-07-30" v="1164590000"/>
        <price t="2002-07-31" v="1105600000"/>
        <price t="2002-08-01" v="1051370000"/>
        <price t="2002-08-02" v="1027580000"/>
        <price t="2002-08-05" v="975250000"/>
        <price t="2002-08-06" v="1070400000"/>
        <price t="2002-08-07" v="999040000"/>
        <price t="2002-08-08" v="1081820000"/>
        <price t="2002-08-09" v="1098940000"/>
        <price t="2002-08-12" v="1061840000"/>
        <price t="2002-08-13" v="1032340000"/>
        <price t="2002-08-14" v="991430000"/>
        <price t="2002-08-15" v="1013310000"/>
        <price t="2002-08-16" v="1046610000"/>
        <price t="2002-08-19" v="1097040000"/>
        <price t="2002-08-20" v="1128440000"/>
        <price t="2002-08-21" v="1117020000"/>
        <price t="2002-08-22" v="1113210000"/>
        <price t="2002-08-23" v="1070400000"/>
        <price t="2002-08-26" v="1063740000"/>
        <price t="2002-08-27" v="1089430000"/>
        <price t="2002-08-28" v="1069450000"/>
        <price t="2002-08-29" v="1077060000"/>
        <price t="2002-08-30" v="1088480000"/>
        <price t="2002-09-02" v="1037100000"/>
        <price t="2002-09-03" v="962880000"/>
        <price t="2002-09-04" v="954320000"/>
        <price t="2002-09-05" v="918160000"/>
        <price t="2002-09-06" v="1018070000"/>
        <price t="2002-09-09" v="980010000"/>
        <price t="2002-09-10" v="1000940000"/>
        <price t="2002-09-11" v="1036150000"/>
        <price t="2002-09-12" v="1001890000"/>
        <price t="2002-09-13" v="996180000"/>
        <price t="2002-09-16" v="980010000"/>
        <price t="2002-09-17" v="968590000"/>
        <price t="2002-09-18" v="948610000"/>
        <price t="2002-09-19" v="894380000"/>
        <price t="2002-09-20" v="914360000"/>
        <price t="2002-09-23" v="867740000"/>
        <price t="2002-09-24" v="870590000"/>
        <price t="2002-09-25" v="927680000"/>
        <price t="2002-09-26" v="915310000"/>
        <price t="2002-09-27" v="889620000"/>
        <price t="2002-09-30" v="801130000"/>
        <price t="2002-10-01" v="852510000"/>
        <price t="2002-10-02" v="901040000"/>
        <price t="2002-10-03" v="877250000"/>
        <price t="2002-10-04" v="862980000"/>
        <price t="2002-10-07" v="831580000"/>
        <price t="2002-10-08" v="838240000"/>
        <price t="2002-10-09" v="845850000"/>
        <price t="2002-10-10" v="922920000"/>
        <price t="2002-10-11" v="998090000"/>
        <price t="2002-10-14" v="944810000"/>
        <price t="2002-10-15" v="989520000"/>
        <price t="2002-10-16" v="976200000"/>
        <price t="2002-10-17" v="1000940000"/>
        <price t="2002-10-18" v="988570000"/>
        <price t="2002-10-21" v="1039950000"/>
        <price t="2002-10-22" v="983820000"/>
        <price t="2002-10-23" v="989520000"/>
        <price t="2002-10-24" v="1033290000"/>
        <price t="2002-10-25" v="1060880000"/>
        <price t="2002-10-28" v="1107510000"/>
        <price t="2002-10-29" v="1048520000"/>
        <price t="2002-10-30" v="1107510000"/>
        <price t="2002-10-31" v="1097040000"/>
        <price t="2002-11-01" v="1088480000"/>
        <price t="2002-11-04" v="1141760000"/>
        <price t="2002-11-05" v="1179820000"/>
        <price t="2002-11-06" v="1132240000"/>
        <price t="2002-11-07" v="1060880000"/>
        <price t="2002-11-08" v="1046610000"/>
        <price t="2002-11-11" v="1019970000"/>
        <price t="2002-11-12" v="1090380000"/>
        <price t="2002-11-13" v="1068500000"/>
        <price t="2002-11-14" v="1112260000"/>
        <price t="2002-11-15" v="1101800000"/>
        <price t="2002-11-18" v="1137000000"/>
        <price t="2002-11-19" v="1146520000"/>
        <price t="2002-11-20" v="1159840000"/>
        <price t="2002-11-21" v="1151270000"/>
        <price t="2002-11-22" v="1149370000"/>
        <price t="2002-11-25" v="1144610000"/>
        <price t="2002-11-26" v="1075160000"/>
        <price t="2002-11-27" v="1139860000"/>
        <price t="2002-11-28" v="1170300000"/>
        <price t="2002-11-29" v="1163640000"/>
        <price t="2002-12-02" v="1194090000"/>
        <price t="2002-12-03" v="1158890000"/>
        <price t="2002-12-04" v="1170300000"/>
        <price t="2002-12-05" v="1198850000"/>
        <price t="2002-12-06" v="1182670000"/>
        <price t="2002-12-09" v="1145560000"/>
        <price t="2002-12-10" v="1210260000"/>
        <price t="2002-12-11" v="1221680000"/>
        <price t="2002-12-12" v="1191240000"/>
        <price t="2002-12-13" v="1196940000"/>
        <price t="2002-12-16" v="1261640000"/>
        <price t="2002-12-17" v="1230250000"/>
        <price t="2002-12-18" v="1181720000"/>
        <price t="2002-12-19" v="1183620000"/>
        <price t="2002-12-20" v="1237860000"/>
        <price t="2002-12-23" v="1213120000"/>
        <price t="2002-12-27" v="1142710000"/>
        <price t="2002-12-30" v="1165550000"/>
        <price t="2003-01-02" v="1237860000"/>
        <price t="2003-01-03" v="1246420000"/>
        <price t="2003-01-06" v="1319680000"/>
        <price t="2003-01-07" v="1297800000"/>
        <price t="2003-01-08" v="1254030000"/>
        <price t="2003-01-09" v="1291140000"/>
        <price t="2003-01-10" v="1271160000"/>
        <price t="2003-01-13" v="1312070000"/>
        <price t="2003-01-14" v="1356790000"/>
        <price t="2003-01-15" v="1322540000"/>
        <price t="2003-01-16" v="1329200000"/>
        <price t="2003-01-17" v="1250230000"/>
        <price t="2003-01-20" v="1223580000"/>
        <price t="2003-01-21" v="1245470000"/>
        <price t="2003-01-22" v="1227390000"/>
        <price t="2003-01-23" v="1208360000"/>
        <price t="2003-01-24" v="1177910000"/>
        <price t="2003-01-27" v="1156980000"/>
        <price t="2003-01-28" v="1156030000"/>
        <price t="2003-01-29" v="1141760000"/>
        <price t="2003-01-30" v="1097990000"/>
        <price t="2003-01-31" v="1117020000"/>
        <price t="2003-02-03" v="1114170000"/>
        <price t="2003-02-04" v="1058980000"/>
        <price t="2003-02-05" v="1139860000"/>
        <price t="2003-02-06" v="1111310000"/>
        <price t="2003-02-07" v="1097990000"/>
        <price t="2003-02-10" v="1111310000"/>
        <price t="2003-02-11" v="1151270000"/>
        <price t="2003-02-12" v="1167450000"/>
        <price t="2003-02-13" v="1160790000"/>
        <price t="2003-02-14" v="1236910000"/>
        <price t="2003-02-17" v="1227390000"/>
        <price t="2003-02-18" v="1230250000"/>
        <price t="2003-02-19" v="1109410000"/>
        <price t="2003-02-20" v="1070400000"/>
        <price t="2003-02-21" v="1095140000"/>
        <price t="2003-02-24" v="1034240000"/>
        <price t="2003-02-25" v="969540000"/>
        <price t="2003-02-26" v="977160000"/>
        <price t="2003-02-27" v="1004750000"/>
        <price t="2003-02-28" v="1015210000"/>
        <price t="2003-03-03" v="970500000"/>
        <price t="2003-03-04" v="946710000"/>
        <price t="2003-03-05" v="975250000"/>
        <price t="2003-03-06" v="945760000"/>
        <price t="2003-03-07" v="962880000"/>
        <price t="2003-03-10" v="870590000"/>
        <price t="2003-03-11" v="903890000"/>
        <price t="2003-03-12" v="868690000"/>
        <price t="2003-03-13" v="953370000"/>
        <price t="2003-03-14" v="992380000"/>
        <price t="2003-03-17" v="1046610000"/>
        <price t="2003-03-18" v="1007600000"/>
        <price t="2003-03-19" v="1027580000"/>
        <price t="2003-03-20" v="1020920000"/>
        <price t="2003-03-21" v="1022830000"/>
        <price t="2003-03-24" v="958130000"/>
        <price t="2003-03-25" v="999990000"/>
        <price t="2003-03-26" v="986670000"/>
        <price t="2003-03-27" v="1001890000"/>
        <price t="2003-03-28" v="995230000"/>
        <price t="2003-03-31" v="961930000"/>
        <price t="2003-04-01" v="982860000"/>
        <price t="2003-04-02" v="1036150000"/>
        <price t="2003-04-03" v="1020920000"/>
        <price t="2003-04-04" v="1079910000"/>
        <price t="2003-04-07" v="1150320000"/>
        <price t="2003-04-08" v="1122730000"/>
        <price t="2003-04-09" v="1115120000"/>
        <price t="2003-04-10" v="1092280000"/>
        <price t="2003-04-11" v="1077060000"/>
        <price t="2003-04-14" v="1105600000"/>
        <price t="2003-04-15" v="1129390000"/>
        <price t="2003-04-16" v="1123680000"/>
        <price t="2003-04-17" v="1156030000"/>
        <price t="2003-04-22" v="1200750000"/>
        <price t="2003-04-23" v="1213120000"/>
        <price t="2003-04-24" v="1164590000"/>
        <price t="2003-04-25" v="1161740000"/>
        <price t="2003-04-28" v="1185530000"/>
        <price t="2003-04-29" v="1153180000"/>
        <price t="2003-04-30" v="1139860000"/>
        <price t="2003-05-02" v="1144610000"/>
        <price t="2003-05-05" v="1141760000"/>
        <price t="2003-05-06" v="1155080000"/>
        <price t="2003-05-07" v="1096090000"/>
        <price t="2003-05-08" v="1062790000"/>
        <price t="2003-05-09" v="1100850000"/>
        <price t="2003-05-12" v="1094190000"/>
        <price t="2003-05-13" v="1117970000"/>
        <price t="2003-05-14" v="1117020000"/>
        <price t="2003-05-15" v="1179820000"/>
        <price t="2003-05-16" v="1170300000"/>
        <price t="2003-05-19" v="1102750000"/>
        <price t="2003-05-20" v="1132240000"/>
        <price t="2003-05-21" v="1156980000"/>
        <price t="2003-05-22" v="1159840000"/>
        <price t="2003-05-23" v="1153180000"/>
        <price t="2003-05-26" v="1167450000"/>
        <price t="2003-05-27" v="1176960000"/>
        <price t="2003-05-28" v="1197900000"/>
        <price t="2003-05-29" v="1185530000"/>
        <price t="2003-05-30" v="1211220000"/>
        <price t="2003-06-02" v="1230250000"/>
        <price t="2003-06-03" v="1214070000"/>
        <price t="2003-06-04" v="1221680000"/>
        <price t="2003-06-05" v="1192190000"/>
        <price t="2003-06-06" v="1205510000"/>
        <price t="2003-06-09" v="1200750000"/>
        <price t="2003-06-10" v="1201700000"/>
        <price t="2003-06-11" v="1183620000"/>
        <price t="2003-06-12" v="1195040000"/>
        <price t="2003-06-13" v="1170300000"/>
        <price t="2003-06-16" v="1191240000"/>
        <price t="2003-06-17" v="1201700000"/>
        <price t="2003-06-18" v="1259740000"/>
        <price t="2003-06-19" v="1242610000"/>
        <price t="2003-06-20" v="1236910000"/>
        <price t="2003-06-23" v="1227390000"/>
        <price t="2003-06-24" v="1266400000"/>
        <price t="2003-06-25" v="1246420000"/>
        <price t="2003-06-26" v="1274960000"/>
        <price t="2003-06-27" v="1284480000"/>
        <price t="2003-06-30" v="1264500000"/>
        <price t="2003-07-01" v="1243570000"/>
        <price t="2003-07-02" v="1261640000"/>
        <price t="2003-07-03" v="1249270000"/>
        <price t="2003-07-04" v="1252130000"/>
        <price t="2003-07-07" v="1260690000"/>
        <price t="2003-07-08" v="1224540000"/>
        <price t="2003-07-09" v="1222630000"/>
        <price t="2003-07-10" v="1195040000"/>
        <price t="2003-07-11" v="1215970000"/>
        <price t="2003-07-14" v="1233100000"/>
        <price t="2003-07-15" v="1216920000"/>
        <price t="2003-07-16" v="1206460000"/>
        <price t="2003-07-17" v="1193140000"/>
        <price t="2003-07-18" v="1217880000"/>
        <price t="2003-07-21" v="1199800000"/>
        <price t="2003-07-22" v="1216920000"/>
        <price t="2003-07-23" v="1205510000"/>
        <price t="2003-07-24" v="1226440000"/>
        <price t="2003-07-25" v="1221680000"/>
        <price t="2003-07-28" v="1243570000"/>
        <price t="2003-07-29" v="1251180000"/>
        <price t="2003-07-30" v="1266400000"/>
        <price t="2003-07-31" v="1289240000"/>
        <price t="2003-08-01" v="1273060000"/>
        <price t="2003-08-04" v="1264500000"/>
        <price t="2003-08-05" v="1281620000"/>
        <price t="2003-08-06" v="1279720000"/>
        <price t="2003-08-07" v="1274010000"/>
        <price t="2003-08-08" v="1282580000"/>
        <price t="2003-08-11" v="1283530000"/>
        <price t="2003-08-12" v="1293040000"/>
        <price t="2003-08-13" v="1293040000"/>
        <price t="2003-08-14" v="1312070000"/>
        <price t="2003-08-15" v="1308270000"/>
        <price t="2003-08-18" v="1324440000"/>
        <price t="2003-08-19" v="1314930000"/>
        <price t="2003-08-20" v="1304460000"/>
        <price t="2003-08-21" v="1320630000"/>
        <price t="2003-08-22" v="1305410000"/>
        <price t="2003-08-25" v="1287330000"/>
        <price t="2003-08-26" v="1284480000"/>
        <price t="2003-08-27" v="1273060000"/>
        <price t="2003-08-28" v="1263550000"/>
        <price t="2003-08-29" v="1236910000"/>
        <price t="2003-09-01" v="1251180000"/>
        <price t="2003-09-02" v="1243570000"/>
        <price t="2003-09-03" v="1248320000"/>
        <price t="2003-09-04" v="1251180000"/>
        <price t="2003-09-05" v="1238810000"/>
        <price t="2003-09-08" v="1240710000"/>
        <price t="2003-09-09" v="1245470000"/>
        <price t="2003-09-10" v="1251180000"/>
        <price t="2003-09-11" v="1257840000"/>
        <price t="2003-09-12" v="1252130000"/>
        <price t="2003-09-15" v="1254980000"/>
        <price t="2003-09-16" v="1264500000"/>
        <price t="2003-09-17" v="1246420000"/>
        <price t="2003-09-18" v="1256890000"/>
        <price t="2003-09-19" v="1241660000"/>
        <price t="2003-09-22" v="1215020000"/>
        <price t="2003-09-23" v="1214070000"/>
        <price t="2003-09-24" v="1190280000"/>
        <price t="2003-09-25" v="1195990000"/>
        <price t="2003-09-26" v="1200750000"/>
        <price t="2003-09-29" v="1198850000"/>
        <price t="2003-09-30" v="1183620000"/>
        <price t="2003-10-01" v="1197900000"/>
        <price t="2003-10-02" v="1176010000"/>
        <price t="2003-10-03" v="1215020000"/>
        <price t="2003-10-06" v="1198850000"/>
        <price t="2003-10-07" v="1187430000"/>
        <price t="2003-10-08" v="1194090000"/>
        <price t="2003-10-09" v="1215970000"/>
        <price t="2003-10-10" v="1216920000"/>
        <price t="2003-10-13" v="1222630000"/>
        <price t="2003-10-14" v="1226440000"/>
        <price t="2003-10-15" v="1226440000"/>
        <price t="2003-10-16" v="1221680000"/>
        <price t="2003-10-17" v="1216920000"/>
        <price t="2003-10-20" v="1239760000"/>
        <price t="2003-10-21" v="1266400000"/>
        <price t="2003-10-22" v="1245470000"/>
        <price t="2003-10-23" v="1244520000"/>
        <price t="2003-10-24" v="1229290000"/>
        <price t="2003-10-27" v="1254980000"/>
        <price t="2003-10-28" v="1284480000"/>
        <price t="2003-10-29" v="1287330000"/>
        <price t="2003-10-30" v="1283530000"/>
        <price t="2003-10-31" v="1289240000"/>
        <price t="2003-11-03" v="1304460000"/>
        <price t="2003-11-04" v="1284480000"/>
        <price t="2003-11-05" v="1277820000"/>
        <price t="2003-11-06" v="1283530000"/>
        <price t="2003-11-07" v="1280670000"/>
        <price t="2003-11-10" v="1269260000"/>
        <price t="2003-11-11" v="1271160000"/>
        <price t="2003-11-12" v="1292090000"/>
        <price t="2003-11-13" v="1288280000"/>
        <price t="2003-11-14" v="1306360000"/>
        <price t="2003-11-17" v="1285430000"/>
        <price t="2003-11-18" v="1288280000"/>
        <price t="2003-11-19" v="1277820000"/>
        <price t="2003-11-20" v="1274960000"/>
        <price t="2003-11-21" v="1272110000"/>
        <price t="2003-11-24" v="1294940000"/>
        <price t="2003-11-25" v="1298750000"/>
        <price t="2003-11-26" v="1291140000"/>
        <price t="2003-11-27" v="1305410000"/>
        <price t="2003-11-28" v="1317780000"/>
        <price t="2003-12-01" v="1333000000"/>
        <price t="2003-12-02" v="1320630000"/>
        <price t="2003-12-03" v="1327290000"/>
        <price t="2003-12-04" v="1316830000"/>
        <price t="2003-12-05" v="1318730000"/>
        <price t="2003-12-08" v="1312070000"/>
        <price t="2003-12-09" v="1349180000"/>
        <price t="2003-12-10" v="1350130000"/>
        <price t="2003-12-11" v="1360600000"/>
        <price t="2003-12-12" v="1352030000"/>
        <price t="2003-12-15" v="1351080000"/>
        <price t="2003-12-16" v="1340620000"/>
        <price t="2003-12-17" v="1340620000"/>
        <price t="2003-12-18" v="1328250000"/>
        <price t="2003-12-19" v="1333000000"/>
        <price t="2003-12-22" v="1328250000"/>
        <price t="2003-12-23" v="1354890000"/>
        <price t="2003-12-29" v="1375820000"/>
        <price t="2003-12-30" v="1380580000"/>
        <price t="2004-01-02" v="1423390000"/>
        <price t="2004-01-05" v="1439570000"/>
        <price t="2004-01-06" v="1459550000"/>
        <price t="2004-01-07" v="1442420000"/>
        <price t="2004-01-08" v="1489040000"/>
        <price t="2004-01-09" v="1461450000"/>
        <price t="2004-01-12" v="1471920000"/>
        <price t="2004-01-13" v="1478580000"/>
        <price t="2004-01-14" v="1498560000"/>
        <price t="2004-01-15" v="1490950000"/>
        <price t="2004-01-16" v="1474770000"/>
        <price t="2004-01-19" v="1503320000"/>
        <price t="2004-01-20" v="1513780000"/>
        <price t="2004-01-21" v="1518540000"/>
        <price t="2004-01-22" v="1531860000"/>
        <price t="2004-01-23" v="1560400000"/>
        <price t="2004-01-26" v="1562310000"/>
        <price t="2004-01-27" v="1574680000"/>
        <price t="2004-01-28" v="1544230000"/>
        <price t="2004-01-29" v="1538520000"/>
        <price t="2004-01-30" v="1523300000"/>
        <price t="2004-02-02" v="1530910000"/>
        <price t="2004-02-03" v="1526150000"/>
        <price t="2004-02-04" v="1509980000"/>
        <price t="2004-02-05" v="1487140000"/>
        <price t="2004-02-06" v="1492850000"/>
        <price t="2004-02-09" v="1518540000"/>
        <price t="2004-02-10" v="1530910000"/>
        <price t="2004-02-11" v="1531860000"/>
        <price t="2004-02-12" v="1525200000"/>
        <price t="2004-02-13" v="1492850000"/>
        <price t="2004-02-16" v="1509980000"/>
        <price t="2004-02-17" v="1565160000"/>
        <price t="2004-02-18" v="1572770000"/>
        <price t="2004-02-19" v="1596560000"/>
        <price t="2004-02-20" v="1556600000"/>
        <price t="2004-02-23" v="1552790000"/>
        <price t="2004-02-24" v="1522350000"/>
        <price t="2004-02-25" v="1534710000"/>
        <price t="2004-02-26" v="1512830000"/>
        <price t="2004-02-27" v="1496660000"/>
        <price t="2004-03-01" v="1525200000"/>
        <price t="2004-03-02" v="1529960000"/>
        <price t="2004-03-03" v="1520440000"/>
        <price t="2004-03-04" v="1529960000"/>
        <price t="2004-03-05" v="1522350000"/>
        <price t="2004-03-08" v="1528050000"/>
        <price t="2004-03-09" v="1514730000"/>
        <price t="2004-03-10" v="1478580000"/>
        <price t="2004-03-11" v="1420540000"/>
        <price t="2004-03-12" v="1439570000"/>
        <price t="2004-03-15" v="1392950000"/>
        <price t="2004-03-16" v="1404360000"/>
        <price t="2004-03-17" v="1429100000"/>
        <price t="2004-03-18" v="1397700000"/>
        <price t="2004-03-19" v="1398650000"/>
        <price t="2004-03-22" v="1370110000"/>
        <price t="2004-03-23" v="1370110000"/>
        <price t="2004-03-24" v="1375820000"/>
        <price t="2004-03-25" v="1406270000"/>
        <price t="2004-03-26" v="1398650000"/>
        <price t="2004-03-29" v="1418640000"/>
        <price t="2004-03-30" v="1395800000"/>
        <price t="2004-03-31" v="1391040000"/>
        <price t="2004-04-01" v="1392950000"/>
        <price t="2004-04-02" v="1419590000"/>
        <price t="2004-04-05" v="1414830000"/>
        <price t="2004-04-06" v="1416730000"/>
        <price t="2004-04-07" v="1391990000"/>
        <price t="2004-04-08" v="1391990000"/>
        <price t="2004-04-13" v="1413880000"/>
        <price t="2004-04-14" v="1395800000"/>
        <price t="2004-04-15" v="1393900000"/>
        <price t="2004-04-16" v="1397700000"/>
        <price t="2004-04-19" v="1400560000"/>
        <price t="2004-04-20" v="1409120000"/>
        <price t="2004-04-21" v="1381530000"/>
        <price t="2004-04-22" v="1372960000"/>
        <price t="2004-04-23" v="1370110000"/>
        <price t="2004-04-26" v="1374870000"/>
        <price t="2004-04-27" v="1405310000"/>
        <price t="2004-04-28" v="1403410000"/>
        <price t="2004-04-29" v="1381530000"/>
        <price t="2004-04-30" v="1370110000"/>
        <price t="2004-05-03" v="1366300000"/>
        <price t="2004-05-04" v="1359640000"/>
        <price t="2004-05-05" v="1365350000"/>
        <price t="2004-05-06" v="1313020000"/>
        <price t="2004-05-07" v="1302560000"/>
        <price t="2004-05-10" v="1264500000"/>
        <price t="2004-05-11" v="1292090000"/>
        <price t="2004-05-12" v="1273060000"/>
        <price t="2004-05-13" v="1260690000"/>
        <price t="2004-05-14" v="1251180000"/>
        <price t="2004-05-17" v="1250230000"/>
        <price t="2004-05-18" v="1257840000"/>
        <price t="2004-05-19" v="1287330000"/>
        <price t="2004-05-20" v="1282580000"/>
        <price t="2004-05-21" v="1267350000"/>
        <price t="2004-05-24" v="1276870000"/>
        <price t="2004-05-25" v="1254030000"/>
        <price t="2004-05-26" v="1265450000"/>
        <price t="2004-05-27" v="1301610000"/>
        <price t="2004-05-28" v="1307310000"/>
        <price t="2004-05-31" v="1309220000"/>
        <price t="2004-06-01" v="1282580000"/>
        <price t="2004-06-02" v="1296850000"/>
        <price t="2004-06-03" v="1310170000"/>
        <price t="2004-06-04" v="1333950000"/>
        <price t="2004-06-07" v="1352980000"/>
        <price t="2004-06-08" v="1356790000"/>
        <price t="2004-06-09" v="1359640000"/>
        <price t="2004-06-10" v="1373920000"/>
        <price t="2004-06-11" v="1365350000"/>
        <price t="2004-06-14" v="1352030000"/>
        <price t="2004-06-15" v="1358690000"/>
        <price t="2004-06-16" v="1364400000"/>
        <price t="2004-06-17" v="1355840000"/>
        <price t="2004-06-18" v="1372960000"/>
        <price t="2004-06-21" v="1365350000"/>
        <price t="2004-06-22" v="1330150000"/>
        <price t="2004-06-23" v="1333950000"/>
        <price t="2004-06-24" v="1352980000"/>
        <price t="2004-06-25" v="1365350000"/>
        <price t="2004-06-28" v="1388190000"/>
        <price t="2004-06-29" v="1387240000"/>
        <price t="2004-06-30" v="1373920000"/>
        <price t="2004-07-01" v="1372960000"/>
        <price t="2004-07-02" v="1355840000"/>
        <price t="2004-07-05" v="1362500000"/>
        <price t="2004-07-06" v="1357740000"/>
        <price t="2004-07-07" v="1360600000"/>
        <price t="2004-07-08" v="1353940000"/>
        <price t="2004-07-09" v="1345370000"/>
        <price t="2004-07-12" v="1335860000"/>
        <price t="2004-07-13" v="1338710000"/>
        <price t="2004-07-14" v="1348230000"/>
        <price t="2004-07-15" v="1333950000"/>
        <price t="2004-07-16" v="1331100000"/>
        <price t="2004-07-19" v="1305410000"/>
        <price t="2004-07-20" v="1305410000"/>
        <price t="2004-07-21" v="1302560000"/>
        <price t="2004-07-22" v="1280670000"/>
        <price t="2004-07-23" v="1278770000"/>
        <price t="2004-07-26" v="1255930000"/>
        <price t="2004-07-27" v="1281620000"/>
        <price t="2004-07-28" v="1296850000"/>
        <price t="2004-07-29" v="1330150000"/>
        <price t="2004-07-30" v="1324440000"/>
        <price t="2004-08-02" v="1305410000"/>
        <price t="2004-08-03" v="1325390000"/>
        <price t="2004-08-04" v="1313970000"/>
        <price t="2004-08-05" v="1312070000"/>
        <price t="2004-08-06" v="1276870000"/>
        <price t="2004-08-09" v="1261640000"/>
        <price t="2004-08-10" v="1277820000"/>
        <price t="2004-08-11" v="1270210000"/>
        <price t="2004-08-12" v="1278770000"/>
        <price t="2004-08-13" v="1293040000"/>
        <price t="2004-08-16" v="1312070000"/>
        <price t="2004-08-17" v="1322540000"/>
        <price t="2004-08-18" v="1344420000"/>
        <price t="2004-08-19" v="1342520000"/>
        <price t="2004-08-20" v="1333950000"/>
        <price t="2004-08-23" v="1365350000"/>
        <price t="2004-08-24" v="1371060000"/>
        <price t="2004-08-25" v="1381530000"/>
        <price t="2004-08-26" v="1396750000"/>
        <price t="2004-08-27" v="1393900000"/>
        <price t="2004-08-30" v="1387240000"/>
        <price t="2004-08-31" v="1363450000"/>
        <price t="2004-09-01" v="1346320000"/>
        <price t="2004-09-02" v="1363450000"/>
        <price t="2004-09-03" v="1374870000"/>
        <price t="2004-09-06" v="1381530000"/>
        <price t="2004-09-07" v="1388190000"/>
        <price t="2004-09-08" v="1381530000"/>
        <price t="2004-09-09" v="1368210000"/>
        <price t="2004-09-10" v="1371060000"/>
        <price t="2004-09-13" v="1391990000"/>
        <price t="2004-09-14" v="1384380000"/>
        <price t="2004-09-15" v="1373920000"/>
        <price t="2004-09-16" v="1374870000"/>
        <price t="2004-09-17" v="1394850000"/>
        <price t="2004-09-20" v="1394850000"/>
        <price t="2004-09-21" v="1411020000"/>
        <price t="2004-09-22" v="1414830000"/>
        <price t="2004-09-23" v="1416730000"/>
        <price t="2004-09-24" v="1417680000"/>
        <price t="2004-09-27" v="1405310000"/>
        <price t="2004-09-28" v="1411980000"/>
        <price t="2004-09-29" v="1428150000"/>
        <price t="2004-09-30" v="1421490000"/>
        <price t="2004-10-01" v="1479530000"/>
        <price t="2004-10-04" v="1479530000"/>
        <price t="2004-10-05" v="1455740000"/>
        <price t="2004-10-06" v="1465260000"/>
        <price t="2004-10-07" v="1463350000"/>
        <price t="2004-10-08" v="1448130000"/>
        <price t="2004-10-11" v="1431960000"/>
        <price t="2004-10-12" v="1423390000"/>
        <price t="2004-10-13" v="1421490000"/>
        <price t="2004-10-14" v="1417680000"/>
        <price t="2004-10-15" v="1415780000"/>
        <price t="2004-10-18" v="1414830000"/>
        <price t="2004-10-19" v="1421490000"/>
        <price t="2004-10-20" v="1410070000"/>
        <price t="2004-10-21" v="1412930000"/>
        <price t="2004-10-22" v="1413880000"/>
        <price t="2004-10-25" v="1391040000"/>
        <price t="2004-10-26" v="1385330000"/>
        <price t="2004-10-27" v="1407220000"/>
        <price t="2004-10-28" v="1418640000"/>
        <price t="2004-10-29" v="1429100000"/>
        <price t="2004-11-01" v="1441470000"/>
        <price t="2004-11-02" v="1450990000"/>
        <price t="2004-11-03" v="1454790000"/>
        <price t="2004-11-04" v="1453840000"/>
        <price t="2004-11-05" v="1454790000"/>
        <price t="2004-11-08" v="1446230000"/>
        <price t="2004-11-09" v="1428150000"/>
        <price t="2004-11-10" v="1428150000"/>
        <price t="2004-11-11" v="1490950000"/>
        <price t="2004-11-12" v="1506170000"/>
        <price t="2004-11-15" v="1512830000"/>
        <price t="2004-11-16" v="1509020000"/>
        <price t="2004-11-17" v="1536620000"/>
        <price t="2004-11-18" v="1537570000"/>
        <price t="2004-11-19" v="1521390000"/>
        <price t="2004-11-22" v="1518540000"/>
        <price t="2004-11-23" v="1497610000"/>
        <price t="2004-11-24" v="1501410000"/>
        <price t="2004-11-25" v="1515680000"/>
        <price t="2004-11-26" v="1512830000"/>
        <price t="2004-11-29" v="1512830000"/>
        <price t="2004-11-30" v="1520440000"/>
        <price t="2004-12-01" v="1549940000"/>
        <price t="2004-12-02" v="1563260000"/>
        <price t="2004-12-03" v="1553740000"/>
        <price t="2004-12-06" v="1548990000"/>
        <price t="2004-12-07" v="1565160000"/>
        <price t="2004-12-08" v="1565160000"/>
        <price t="2004-12-09" v="1546130000"/>
        <price t="2004-12-10" v="1546130000"/>
        <price t="2004-12-13" v="1560400000"/>
        <price t="2004-12-14" v="1555650000"/>
        <price t="2004-12-15" v="1550890000"/>
        <price t="2004-12-16" v="1564210000"/>
        <price t="2004-12-17" v="1560400000"/>
        <price t="2004-12-20" v="1565160000"/>
        <price t="2004-12-21" v="1557550000"/>
        <price t="2004-12-22" v="1569920000"/>
        <price t="2004-12-23" v="1573720000"/>
        <price t="2004-12-27" v="1568020000"/>
        <price t="2004-12-28" v="1582290000"/>
        <price t="2004-12-29" v="1579430000"/>
        <price t="2004-12-30" v="1584190000"/>
        <price t="2005-01-03" v="1589900000"/>
        <price t="2005-01-04" v="1602270000"/>
        <price t="2005-01-05" v="1588950000"/>
        <price t="2005-01-06" v="1589900000"/>
        <price t="2005-01-07" v="1596560000"/>
        <price t="2005-01-10" v="1569920000"/>
        <price t="2005-01-11" v="1547080000"/>
        <price t="2005-01-12" v="1527100000"/>
        <price t="2005-01-13" v="1540420000"/>
        <price t="2005-01-14" v="1531860000"/>
        <price t="2005-01-17" v="1528050000"/>
        <price t="2005-01-18" v="1529010000"/>
        <price t="2005-01-19" v="1544230000"/>
        <price t="2005-01-20" v="1544230000"/>
        <price t="2005-01-21" v="1545180000"/>
        <price t="2005-01-24" v="1535670000"/>
        <price t="2005-01-25" v="1541370000"/>
        <price t="2005-01-26" v="1569920000"/>
        <price t="2005-01-27" v="1555650000"/>
        <price t="2005-01-28" v="1553740000"/>
        <price t="2005-01-31" v="1577530000"/>
        <price t="2005-02-01" v="1573720000"/>
        <price t="2005-02-02" v="1566110000"/>
        <price t="2005-02-03" v="1564210000"/>
        <price t="2005-02-04" v="1571820000"/>
        <price t="2005-02-07" v="1579430000"/>
        <price t="2005-02-08" v="1582290000"/>
        <price t="2005-02-09" v="1569920000"/>
        <price t="2005-02-10" v="1556600000"/>
        <price t="2005-02-11" v="1553740000"/>
        <price t="2005-02-14" v="1553740000"/>
        <price t="2005-02-15" v="1552790000"/>
        <price t="2005-02-16" v="1548030000"/>
        <price t="2005-02-17" v="1533760000"/>
        <price t="2005-02-18" v="1521390000"/>
        <price t="2005-02-21" v="1516640000"/>
        <price t="2005-02-22" v="1503320000"/>
        <price t="2005-02-23" v="1503320000"/>
        <price t="2005-02-24" v="1497610000"/>
        <price t="2005-02-25" v="1516640000"/>
        <price t="2005-02-28" v="1505220000"/>
        <price t="2005-03-01" v="1511880000"/>
        <price t="2005-03-02" v="1519490000"/>
        <price t="2005-03-03" v="1500460000"/>
        <price t="2005-03-04" v="1509020000"/>
        <price t="2005-03-07" v="1505220000"/>
        <price t="2005-03-08" v="1503320000"/>
        <price t="2005-03-09" v="1496660000"/>
        <price t="2005-03-10" v="1464310000"/>
        <price t="2005-03-11" v="1459550000"/>
        <price t="2005-03-14" v="1463350000"/>
        <price t="2005-03-15" v="1471920000"/>
        <price t="2005-03-16" v="1450990000"/>
        <price t="2005-03-17" v="1462400000"/>
        <price t="2005-03-18" v="1464310000"/>
        <price t="2005-03-21" v="1459550000"/>
        <price t="2005-03-22" v="1468110000"/>
        <price t="2005-03-23" v="1458600000"/>
        <price t="2005-03-24" v="1472870000"/>
        <price t="2005-03-29" v="1473820000"/>
        <price t="2005-03-30" v="1473820000"/>
        <price t="2005-03-31" v="1465260000"/>
        <price t="2005-04-01" v="1469060000"/>
        <price t="2005-04-04" v="1462400000"/>
        <price t="2005-04-05" v="1461450000"/>
        <price t="2005-04-06" v="1463350000"/>
        <price t="2005-04-07" v="1458600000"/>
        <price t="2005-04-08" v="1470970000"/>
        <price t="2005-04-11" v="1468110000"/>
        <price t="2005-04-12" v="1462400000"/>
        <price t="2005-04-13" v="1474770000"/>
        <price t="2005-04-14" v="1489040000"/>
        <price t="2005-04-15" v="1474770000"/>
        <price t="2005-04-18" v="1452890000"/>
        <price t="2005-04-19" v="1452890000"/>
        <price t="2005-04-20" v="1439570000"/>
        <price t="2005-04-21" v="1451940000"/>
        <price t="2005-04-22" v="1464310000"/>
        <price t="2005-04-25" v="1465260000"/>
        <price t="2005-04-26" v="1458600000"/>
        <price t="2005-04-27" v="1389140000"/>
        <price t="2005-04-28" v="1377720000"/>
        <price t="2005-04-29" v="1377720000"/>
        <price t="2005-05-02" v="1385330000"/>
        <price t="2005-05-03" v="1389140000"/>
        <price t="2005-05-04" v="1396750000"/>
        <price t="2005-05-05" v="1407220000"/>
        <price t="2005-05-06" v="1413880000"/>
        <price t="2005-05-09" v="1408170000"/>
        <price t="2005-05-10" v="1392950000"/>
        <price t="2005-05-11" v="1383430000"/>
        <price t="2005-05-12" v="1381530000"/>
        <price t="2005-05-13" v="1400560000"/>
        <price t="2005-05-16" v="1397700000"/>
        <price t="2005-05-17" v="1382480000"/>
        <price t="2005-05-18" v="1395800000"/>
        <price t="2005-05-19" v="1395800000"/>
        <price t="2005-05-20" v="1403410000"/>
        <price t="2005-05-23" v="1441470000"/>
        <price t="2005-05-24" v="1444320000"/>
        <price t="2005-05-25" v="1441470000"/>
        <price t="2005-05-26" v="1445280000"/>
        <price t="2005-05-27" v="1438620000"/>
        <price t="2005-05-30" v="1446230000"/>
        <price t="2005-05-31" v="1436710000"/>
        <price t="2005-06-01" v="1444320000"/>
        <price t="2005-06-02" v="1440520000"/>
        <price t="2005-06-03" v="1435760000"/>
        <price t="2005-06-06" v="1411980000"/>
        <price t="2005-06-07" v="1427200000"/>
        <price t="2005-06-08" v="1418640000"/>
        <price t="2005-06-09" v="1412930000"/>
        <price t="2005-06-10" v="1421490000"/>
        <price t="2005-06-13" v="1417680000"/>
        <price t="2005-06-14" v="1417680000"/>
        <price t="2005-06-15" v="1410070000"/>
        <price t="2005-06-16" v="1415780000"/>
        <price t="2005-06-17" v="1423390000"/>
        <price t="2005-06-20" v="1416730000"/>
        <price t="2005-06-21" v="1413880000"/>
        <price t="2005-06-22" v="1401510000"/>
        <price t="2005-06-23" v="1398650000"/>
        <price t="2005-06-24" v="1400560000"/>
        <price t="2005-06-27" v="1396750000"/>
        <price t="2005-06-28" v="1413880000"/>
        <price t="2005-06-29" v="1435760000"/>
        <price t="2005-06-30" v="1455740000"/>
        <price t="2005-07-01" v="1467160000"/>
        <price t="2005-07-04" v="1475720000"/>
        <price t="2005-07-05" v="1463350000"/>
        <price t="2005-07-06" v="1465260000"/>
        <price t="2005-07-07" v="1451940000"/>
        <price t="2005-07-08" v="1461450000"/>
        <price t="2005-07-11" v="1477630000"/>
        <price t="2005-07-12" v="1486190000"/>
        <price t="2005-07-13" v="1491900000"/>
        <price t="2005-07-14" v="1481430000"/>
        <price t="2005-07-15" v="1488090000"/>
        <price t="2005-07-18" v="1489040000"/>
        <price t="2005-07-19" v="1502360000"/>
        <price t="2005-07-20" v="1510930000"/>
        <price t="2005-07-21" v="1507120000"/>
        <price t="2005-07-22" v="1516640000"/>
        <price t="2005-07-25" v="1519490000"/>
        <price t="2005-07-26" v="1540420000"/>
        <price t="2005-07-27" v="1554690000"/>
        <price t="2005-07-28" v="1557550000"/>
        <price t="2005-07-29" v="1557550000"/>
        <price t="2005-08-01" v="1556600000"/>
        <price t="2005-08-02" v="1567060000"/>
        <price t="2005-08-03" v="1553740000"/>
        <price t="2005-08-04" v="1530910000"/>
        <price t="2005-08-05" v="1523300000"/>
        <price t="2005-08-08" v="1523300000"/>
        <price t="2005-08-09" v="1550890000"/>
        <price t="2005-08-10" v="1566110000"/>
        <price t="2005-08-11" v="1532810000"/>
        <price t="2005-08-12" v="1522350000"/>
        <price t="2005-08-15" v="1522350000"/>
        <price t="2005-08-16" v="1500460000"/>
        <price t="2005-08-17" v="1494750000"/>
        <price t="2005-08-18" v="1489040000"/>
        <price t="2005-08-19" v="1496660000"/>
        <price t="2005-08-22" v="1491900000"/>
        <price t="2005-08-23" v="1490000000"/>
        <price t="2005-08-24" v="1490000000"/>
        <price t="2005-08-25" v="1469060000"/>
        <price t="2005-08-26" v="1450030000"/>
        <price t="2005-08-29" v="1454790000"/>
        <price t="2005-08-30" v="1458600000"/>
        <price t="2005-08-31" v="1465260000"/>
        <price t="2005-09-01" v="1455740000"/>
        <price t="2005-09-02" v="1450030000"/>
        <price t="2005-09-05" v="1465260000"/>
        <price t="2005-09-06" v="1474770000"/>
        <price t="2005-09-07" v="1466210000"/>
        <price t="2005-09-08" v="1465260000"/>
        <price t="2005-09-09" v="1461450000"/>
        <price t="2005-09-12" v="1458600000"/>
        <price t="2005-09-13" v="1445280000"/>
        <price t="2005-09-14" v="1453840000"/>
        <price t="2005-09-15" v="1443370000"/>
        <price t="2005-09-16" v="1461450000"/>
        <price t="2005-09-19" v="1444320000"/>
        <price t="2005-09-20" v="1446230000"/>
        <price t="2005-09-21" v="1420540000"/>
        <price t="2005-09-22" v="1415780000"/>
        <price t="2005-09-23" v="1425300000"/>
        <price t="2005-09-26" v="1443370000"/>
        <price t="2005-09-27" v="1424340000"/>
        <price t="2005-09-28" v="1439570000"/>
        <price t="2005-09-29" v="1432910000"/>
        <price t="2005-09-30" v="1440520000"/>
        <price t="2005-10-03" v="1445280000"/>
        <price t="2005-10-04" v="1452890000"/>
        <price t="2005-10-05" v="1439570000"/>
        <price t="2005-10-06" v="1456690000"/>
        <price t="2005-10-07" v="1451940000"/>
        <price t="2005-10-10" v="1451940000"/>
        <price t="2005-10-11" v="1455740000"/>
        <price t="2005-10-12" v="1446230000"/>
        <price t="2005-10-13" v="1439570000"/>
        <price t="2005-10-14" v="1459550000"/>
        <price t="2005-10-17" v="1451940000"/>
        <price t="2005-10-18" v="1444320000"/>
        <price t="2005-10-19" v="1414830000"/>
        <price t="2005-10-20" v="1417680000"/>
        <price t="2005-10-21" v="1421490000"/>
        <price t="2005-10-24" v="1422440000"/>
        <price t="2005-10-25" v="1411020000"/>
        <price t="2005-10-26" v="1419590000"/>
        <price t="2005-10-27" v="1392950000"/>
        <price t="2005-10-28" v="1401510000"/>
        <price t="2005-10-31" v="1403410000"/>
        <price t="2005-11-01" v="1379630000"/>
        <price t="2005-11-02" v="1414830000"/>
        <price t="2005-11-03" v="1427200000"/>
        <price t="2005-11-04" v="1420540000"/>
        <price t="2005-11-07" v="1425300000"/>
        <price t="2005-11-08" v="1429100000"/>
        <price t="2005-11-09" v="1392950000"/>
        <price t="2005-11-10" v="1388190000"/>
        <price t="2005-11-11" v="1393900000"/>
        <price t="2005-11-14" v="1386290000"/>
        <price t="2005-11-15" v="1370110000"/>
        <price t="2005-11-16" v="1357740000"/>
        <price t="2005-11-17" v="1359640000"/>
        <price t="2005-11-18" v="1359640000"/>
        <price t="2005-11-21" v="1365350000"/>
        <price t="2005-11-22" v="1358690000"/>
        <price t="2005-11-23" v="1372010000"/>
        <price t="2005-11-24" v="1372960000"/>
        <price t="2005-11-25" v="1370110000"/>
        <price t="2005-11-28" v="1355840000"/>
        <price t="2005-11-29" v="1354890000"/>
        <price t="2005-11-30" v="1341570000"/>
        <price t="2005-12-01" v="1345370000"/>
        <price t="2005-12-02" v="1348230000"/>
        <price t="2005-12-05" v="1324440000"/>
        <price t="2005-12-06" v="1333950000"/>
        <price t="2005-12-07" v="1336810000"/>
        <price t="2005-12-08" v="1336810000"/>
        <price t="2005-12-09" v="1333950000"/>
        <price t="2005-12-12" v="1337760000"/>
        <price t="2005-12-13" v="1339660000"/>
        <price t="2005-12-14" v="1333950000"/>
        <price t="2005-12-15" v="1333000000"/>
        <price t="2005-12-16" v="1331100000"/>
        <price t="2005-12-19" v="1313970000"/>
        <price t="2005-12-20" v="1313020000"/>
        <price t="2005-12-21" v="1318730000"/>
        <price t="2005-12-22" v="1321590000"/>
        <price t="2005-12-23" v="1330150000"/>
        <price t="2005-12-27" v="1334910000"/>
        <price t="2005-12-28" v="1338710000"/>
        <price t="2005-12-29" v="1342520000"/>
        <price t="2005-12-30" v="1339660000"/>
        <price t="2006-01-02" v="1340620000"/>
        <price t="2006-01-03" v="1344420000"/>
        <price t="2006-01-04" v="1352980000"/>
        <price t="2006-01-05" v="1353940000"/>
        <price t="2006-01-06" v="1364400000"/>
        <price t="2006-01-09" v="1362500000"/>
        <price t="2006-01-10" v="1352030000"/>
        <price t="2006-01-11" v="1348230000"/>
        <price t="2006-01-12" v="1313970000"/>
        <price t="2006-01-13" v="1296850000"/>
        <price t="2006-01-16" v="1299700000"/>
        <price t="2006-01-17" v="1286380000"/>
        <price t="2006-01-18" v="1275920000"/>
        <price t="2006-01-19" v="1270210000"/>
        <price t="2006-01-20" v="1248320000"/>
        <price t="2006-01-23" v="1257840000"/>
        <price t="2006-01-24" v="1233100000"/>
        <price t="2006-01-25" v="1228340000"/>
        <price t="2006-01-26" v="1243570000"/>
        <price t="2006-01-27" v="1254030000"/>
        <price t="2006-01-30" v="1256890000"/>
        <price t="2006-01-31" v="1239760000"/>
        <price t="2006-02-01" v="1237860000"/>
        <price t="2006-02-02" v="1229290000"/>
        <price t="2006-02-03" v="1241660000"/>
        <price t="2006-02-06" v="1227390000"/>
        <price t="2006-02-07" v="1244520000"/>
        <price t="2006-02-08" v="1269260000"/>
        <price t="2006-02-09" v="1290190000"/>
        <price t="2006-02-10" v="1279720000"/>
        <price t="2006-02-13" v="1282580000"/>
        <price t="2006-02-14" v="1299700000"/>
        <price t="2006-02-15" v="1296850000"/>
        <price t="2006-02-16" v="1296850000"/>
        <price t="2006-02-17" v="1295900000"/>
        <price t="2006-02-20" v="1294940000"/>
        <price t="2006-02-21" v="1284480000"/>
        <price t="2006-02-22" v="1268300000"/>
        <price t="2006-02-23" v="1271160000"/>
        <price t="2006-02-24" v="1274010000"/>
        <price t="2006-02-27" v="1266400000"/>
        <price t="2006-02-28" v="1259740000"/>
        <price t="2006-03-01" v="1278770000"/>
        <price t="2006-03-02" v="1293990000"/>
        <price t="2006-03-03" v="1297800000"/>
        <price t="2006-03-06" v="1328250000"/>
        <price t="2006-03-07" v="1332050000"/>
        <price t="2006-03-08" v="1324440000"/>
        <price t="2006-03-09" v="1326340000"/>
        <price t="2006-03-10" v="1340620000"/>
        <price t="2006-03-13" v="1344420000"/>
        <price t="2006-03-14" v="1344420000"/>
        <price t="2006-03-15" v="1333950000"/>
        <price t="2006-03-16" v="1330150000"/>
        <price t="2006-03-17" v="1327290000"/>
        <price t="2006-03-20" v="1327290000"/>
        <price t="2006-03-21" v="1334910000"/>
        <price t="2006-03-22" v="1338710000"/>
        <price t="2006-03-23" v="1344420000"/>
        <price t="2006-03-24" v="1344420000"/>
        <price t="2006-03-27" v="1333950000"/>
        <price t="2006-03-28" v="1324440000"/>
        <price t="2006-03-29" v="1325390000"/>
        <price t="2006-03-30" v="1328250000"/>
        <price t="2006-03-31" v="1324440000"/>
        <price t="2006-04-03" v="1327290000"/>
        <price t="2006-04-04" v="1322540000"/>
        <price t="2006-04-05" v="1320630000"/>
        <price t="2006-04-06" v="1314930000"/>
        <price t="2006-04-07" v="1307310000"/>
        <price t="2006-04-10" v="1309220000"/>
        <price t="2006-04-11" v="1290190000"/>
        <price t="2006-04-12" v="1283530000"/>
        <price t="2006-04-13" v="1287330000"/>
        <price t="2006-04-18" v="1286380000"/>
        <price t="2006-04-19" v="1295900000"/>
        <price t="2006-04-20" v="1298750000"/>
        <price t="2006-04-21" v="1298750000"/>
        <price t="2006-04-24" v="1347280000"/>
        <price t="2006-04-25" v="1349180000"/>
        <price t="2006-04-26" v="1351080000"/>
        <price t="2006-04-27" v="1354890000"/>
        <price t="2006-04-28" v="1362500000"/>
        <price t="2006-05-02" v="1378670000"/>
        <price t="2006-05-03" v="1370110000"/>
        <price t="2006-05-04" v="1313020000"/>
        <price t="2006-05-05" v="1314930000"/>
        <price t="2006-05-08" v="1308270000"/>
        <price t="2006-05-09" v="1308270000"/>
        <price t="2006-05-10" v="1293040000"/>
        <price t="2006-05-11" v="1259740000"/>
        <price t="2006-05-12" v="1231200000"/>
        <price t="2006-05-15" v="1235950000"/>
        <price t="2006-05-16" v="1241660000"/>
        <price t="2006-05-17" v="1198850000"/>
        <price t="2006-05-18" v="1205510000"/>
        <price t="2006-05-19" v="1199800000"/>
        <price t="2006-05-22" v="1188380000"/>
        <price t="2006-05-23" v="1190280000"/>
        <price t="2006-05-24" v="1172210000"/>
        <price t="2006-05-25" v="1173160000"/>
        <price t="2006-05-26" v="1195990000"/>
        <price t="2006-05-29" v="1187430000"/>
        <price t="2006-05-30" v="1175060000"/>
        <price t="2006-05-31" v="1205510000"/>
        <price t="2006-06-01" v="1230250000"/>
        <price t="2006-06-02" v="1236910000"/>
        <price t="2006-06-05" v="1215020000"/>
        <price t="2006-06-06" v="1199800000"/>
        <price t="2006-06-07" v="1227390000"/>
        <price t="2006-06-08" v="1217880000"/>
        <price t="2006-06-09" v="1237860000"/>
        <price t="2006-06-12" v="1224540000"/>
        <price t="2006-06-13" v="1210260000"/>
        <price t="2006-06-14" v="1205510000"/>
        <price t="2006-06-15" v="1204560000"/>
        <price t="2006-06-16" v="1190280000"/>
        <price t="2006-06-19" v="1189330000"/>
        <price t="2006-06-20" v="1188380000"/>
        <price t="2006-06-21" v="1186480000"/>
        <price t="2006-06-22" v="1189330000"/>
        <price t="2006-06-23" v="1191240000"/>
        <price t="2006-06-26" v="1187430000"/>
        <price t="2006-06-27" v="1177910000"/>
        <price t="2006-06-28" v="1165550000"/>
        <price t="2006-06-29" v="1178870000"/>
        <price t="2006-06-30" v="1196940000"/>
        <price t="2006-07-03" v="1201700000"/>
        <price t="2006-07-04" v="1204560000"/>
        <price t="2006-07-05" v="1193140000"/>
        <price t="2006-07-06" v="1206460000"/>
        <price t="2006-07-07" v="1195990000"/>
        <price t="2006-07-10" v="1208360000"/>
        <price t="2006-07-11" v="1188380000"/>
        <price t="2006-07-12" v="1189330000"/>
        <price t="2006-07-13" v="1170300000"/>
        <price t="2006-07-14" v="1159840000"/>
        <price t="2006-07-17" v="1150320000"/>
        <price t="2006-07-18" v="1144610000"/>
        <price t="2006-07-19" v="1168400000"/>
        <price t="2006-07-20" v="1164590000"/>
        <price t="2006-07-21" v="1146520000"/>
        <price t="2006-07-24" v="1170300000"/>
        <price t="2006-07-25" v="1153180000"/>
        <price t="2006-07-26" v="1151270000"/>
        <price t="2006-07-27" v="1156030000"/>
        <price t="2006-07-28" v="1167450000"/>
        <price t="2006-07-31" v="1151270000"/>
        <price t="2006-08-01" v="1142710000"/>
        <price t="2006-08-02" v="1160790000"/>
        <price t="2006-08-03" v="1152220000"/>
        <price t="2006-08-04" v="1165550000"/>
        <price t="2006-08-07" v="1149370000"/>
        <price t="2006-08-08" v="1149370000"/>
        <price t="2006-08-09" v="1149370000"/>
        <price t="2006-08-10" v="1062790000"/>
        <price t="2006-08-11" v="1031390000"/>
        <price t="2006-08-14" v="1045660000"/>
        <price t="2006-08-15" v="1052320000"/>
        <price t="2006-08-16" v="1066590000"/>
        <price t="2006-08-17" v="1078010000"/>
        <price t="2006-08-18" v="1075160000"/>
        <price t="2006-08-21" v="1088480000"/>
        <price t="2006-08-22" v="1100850000"/>
        <price t="2006-08-23" v="1094190000"/>
        <price t="2006-08-24" v="1105600000"/>
        <price t="2006-08-25" v="1103700000"/>
        <price t="2006-08-28" v="1101800000"/>
        <price t="2006-08-29" v="1094190000"/>
        <price t="2006-08-30" v="1091330000"/>
        <price t="2006-08-31" v="1083720000"/>
        <price t="2006-09-01" v="1081820000"/>
        <price t="2006-09-04" v="1086570000"/>
        <price t="2006-09-05" v="1078010000"/>
        <price t="2006-09-06" v="1071350000"/>
        <price t="2006-09-07" v="1064690000"/>
        <price t="2006-09-08" v="1068500000"/>
        <price t="2006-09-11" v="1100850000"/>
        <price t="2006-09-12" v="1109410000"/>
        <price t="2006-09-13" v="1121780000"/>
        <price t="2006-09-14" v="1110360000"/>
        <price t="2006-09-15" v="1123680000"/>
        <price t="2006-09-18" v="1112260000"/>
        <price t="2006-09-19" v="1114170000"/>
        <price t="2006-09-20" v="1149370000"/>
        <price t="2006-09-21" v="1176010000"/>
        <price t="2006-09-22" v="1159840000"/>
        <price t="2006-09-25" v="1179820000"/>
        <price t="2006-09-26" v="1182670000"/>
        <price t="2006-09-27" v="1183620000"/>
        <price t="2006-09-28" v="1183620000"/>
        <price t="2006-09-29" v="1193140000"/>
        <price t="2006-10-02" v="1183620000"/>
        <price t="2006-10-03" v="1185530000"/>
        <price t="2006-10-04" v="1198850000"/>
        <price t="2006-10-05" v="1200750000"/>
        <price t="2006-10-06" v="1201700000"/>
        <price t="2006-10-09" v="1187430000"/>
        <price t="2006-10-10" v="1184570000"/>
        <price t="2006-10-11" v="1215020000"/>
        <price t="2006-10-12" v="1218830000"/>
        <price t="2006-10-13" v="1216920000"/>
        <price t="2006-10-16" v="1225490000"/>
        <price t="2006-10-17" v="1212170000"/>
        <price t="2006-10-18" v="1221680000"/>
        <price t="2006-10-19" v="1220730000"/>
        <price t="2006-10-20" v="1214070000"/>
        <price t="2006-10-23" v="1224540000"/>
        <price t="2006-10-24" v="1233100000"/>
        <price t="2006-10-25" v="1232150000"/>
        <price t="2006-10-26" v="1255930000"/>
        <price t="2006-10-27" v="1286380000"/>
        <price t="2006-10-30" v="1284480000"/>
        <price t="2006-10-31" v="1290190000"/>
        <price t="2006-11-01" v="1287330000"/>
        <price t="2006-11-02" v="1297800000"/>
        <price t="2006-11-03" v="1293040000"/>
        <price t="2006-11-06" v="1301610000"/>
        <price t="2006-11-07" v="1293990000"/>
        <price t="2006-11-08" v="1279720000"/>
        <price t="2006-11-09" v="1281620000"/>
        <price t="2006-11-10" v="1250230000"/>
        <price t="2006-11-13" v="1282580000"/>
        <price t="2006-11-14" v="1291140000"/>
        <price t="2006-11-15" v="1316830000"/>
        <price t="2006-11-16" v="1320630000"/>
        <price t="2006-11-17" v="1310170000"/>
        <price t="2006-11-20" v="1321590000"/>
        <price t="2006-11-21" v="1314930000"/>
        <price t="2006-11-22" v="1316830000"/>
        <price t="2006-11-23" v="1313970000"/>
        <price t="2006-11-24" v="1302560000"/>
        <price t="2006-11-27" v="1274010000"/>
        <price t="2006-11-28" v="1274010000"/>
        <price t="2006-11-29" v="1291140000"/>
        <price t="2006-11-30" v="1274010000"/>
        <price t="2006-12-01" v="1251180000"/>
        <price t="2006-12-04" v="1255930000"/>
        <price t="2006-12-05" v="1266400000"/>
        <price t="2006-12-06" v="1269260000"/>
        <price t="2006-12-07" v="1274960000"/>
        <price t="2006-12-08" v="1272110000"/>
        <price t="2006-12-11" v="1287330000"/>
        <price t="2006-12-12" v="1291140000"/>
        <price t="2006-12-13" v="1317780000"/>
        <price t="2006-12-14" v="1325390000"/>
        <price t="2006-12-15" v="1327290000"/>
        <price t="2006-12-18" v="1315880000"/>
        <price t="2006-12-19" v="1318730000"/>
        <price t="2006-12-20" v="1318730000"/>
        <price t="2006-12-21" v="1317780000"/>
        <price t="2006-12-22" v="1305410000"/>
        <price t="2006-12-27" v="1323490000"/>
        <price t="2006-12-28" v="1320630000"/>
        <price t="2006-12-29" v="1316830000"/>
        <price t="2007-01-02" v="1325390000"/>
        <price t="2007-01-03" v="1338710000"/>
        <price t="2007-01-04" v="1374870000"/>
        <price t="2007-01-05" v="1374870000"/>
        <price t="2007-01-08" v="1391040000"/>
        <price t="2007-01-09" v="1396750000"/>
        <price t="2007-01-10" v="1382480000"/>
        <price t="2007-01-11" v="1400560000"/>
        <price t="2007-01-12" v="1403410000"/>
        <price t="2007-01-15" v="1401510000"/>
        <price t="2007-01-16" v="1403410000"/>
        <price t="2007-01-17" v="1389140000"/>
        <price t="2007-01-18" v="1379630000"/>
        <price t="2007-01-19" v="1391990000"/>
        <price t="2007-01-22" v="1379630000"/>
        <price t="2007-01-23" v="1370110000"/>
        <price t="2007-01-24" v="1378670000"/>
        <price t="2007-01-25" v="1362500000"/>
        <price t="2007-01-26" v="1348230000"/>
        <price t="2007-01-29" v="1293990000"/>
        <price t="2007-01-30" v="1293040000"/>
        <price t="2007-01-31" v="1284480000"/>
        <price t="2007-02-01" v="1278770000"/>
        <price t="2007-02-02" v="1282580000"/>
        <price t="2007-02-05" v="1299700000"/>
        <price t="2007-02-06" v="1301610000"/>
        <price t="2007-02-07" v="1303510000"/>
        <price t="2007-02-08" v="1298750000"/>
        <price t="2007-02-09" v="1306360000"/>
        <price t="2007-02-12" v="1307310000"/>
        <price t="2007-02-13" v="1301610000"/>
        <price t="2007-02-14" v="1311120000"/>
        <price t="2007-02-15" v="1296850000"/>
        <price t="2007-02-16" v="1301610000"/>
        <price t="2007-02-19" v="1291140000"/>
        <price t="2007-02-20" v="1291140000"/>
        <price t="2007-02-21" v="1275920000"/>
        <price t="2007-02-22" v="1279720000"/>
        <price t="2007-02-23" v="1312070000"/>
        <price t="2007-02-26" v="1334910000"/>
        <price t="2007-02-27" v="1307310000"/>
        <price t="2007-02-28" v="1290190000"/>
        <price t="2007-03-01" v="1240710000"/>
        <price t="2007-03-02" v="1211220000"/>
        <price t="2007-03-05" v="1209310000"/>
        <price t="2007-03-06" v="1205510000"/>
        <price t="2007-03-07" v="1198850000"/>
        <price t="2007-03-08" v="1205510000"/>
        <price t="2007-03-09" v="1196940000"/>
        <price t="2007-03-12" v="1193140000"/>
        <price t="2007-03-13" v="1183620000"/>
        <price t="2007-03-14" v="1158890000"/>
        <price t="2007-03-15" v="1178870000"/>
        <price t="2007-03-16" v="1184570000"/>
        <price t="2007-03-19" v="1194090000"/>
        <price t="2007-03-20" v="1195990000"/>
        <price t="2007-03-21" v="1186480000"/>
        <price t="2007-03-22" v="1202650000"/>
        <price t="2007-03-23" v="1196940000"/>
        <price t="2007-03-26" v="1191240000"/>
        <price t="2007-03-27" v="1187430000"/>
        <price t="2007-03-28" v="1178870000"/>
        <price t="2007-03-29" v="1180770000"/>
        <price t="2007-03-30" v="1177910000"/>
        <price t="2007-04-02" v="1205510000"/>
        <price t="2007-04-03" v="1226440000"/>
        <price t="2007-04-04" v="1236910000"/>
        <price t="2007-04-05" v="1226440000"/>
        <price t="2007-04-10" v="1233100000"/>
        <price t="2007-04-11" v="1227390000"/>
        <price t="2007-04-12" v="1224540000"/>
        <price t="2007-04-13" v="1250230000"/>
        <price t="2007-04-16" v="1264500000"/>
        <price t="2007-04-17" v="1274010000"/>
        <price t="2007-04-18" v="1267350000"/>
        <price t="2007-04-19" v="1268300000"/>
        <price t="2007-04-20" v="1274010000"/>
        <price t="2007-04-23" v="1258790000"/>
        <price t="2007-04-24" v="1260690000"/>
        <price t="2007-04-25" v="1261640000"/>
        <price t="2007-04-26" v="1282580000"/>
        <price t="2007-04-27" v="1271160000"/>
        <price t="2007-04-30" v="1273060000"/>
        <price t="2007-05-02" v="1276870000"/>
        <price t="2007-05-03" v="1274010000"/>
        <price t="2007-05-04" v="1212170000"/>
        <price t="2007-05-07" v="1214070000"/>
        <price t="2007-05-08" v="1206460000"/>
        <price t="2007-05-09" v="1203600000"/>
        <price t="2007-05-10" v="1203600000"/>
        <price t="2007-05-11" v="1211220000"/>
        <price t="2007-05-14" v="1203600000"/>
        <price t="2007-05-15" v="1203600000"/>
        <price t="2007-05-16" v="1189330000"/>
        <price t="2007-05-17" v="1188380000"/>
        <price t="2007-05-18" v="1195990000"/>
        <price t="2007-05-21" v="1201700000"/>
        <price t="2007-05-22" v="1234050000"/>
        <price t="2007-05-23" v="1270210000"/>
        <price t="2007-05-24" v="1267350000"/>
        <price t="2007-05-25" v="1275920000"/>
        <price t="2007-05-29" v="1298750000"/>
        <price t="2007-05-30" v="1304460000"/>
        <price t="2007-05-31" v="1311120000"/>
        <price t="2007-06-01" v="1365350000"/>
        <price t="2007-06-04" v="1341570000"/>
        <price t="2007-06-05" v="1329200000"/>
        <price t="2007-06-06" v="1317780000"/>
        <price t="2007-06-07" v="1308270000"/>
        <price t="2007-06-08" v="1302560000"/>
        <price t="2007-06-11" v="1298750000"/>
        <price t="2007-06-12" v="1294940000"/>
        <price t="2007-06-13" v="1297800000"/>
        <price t="2007-06-14" v="1305410000"/>
        <price t="2007-06-15" v="1326340000"/>
        <price t="2007-06-18" v="1310170000"/>
        <price t="2007-06-19" v="1309220000"/>
        <price t="2007-06-20" v="1316830000"/>
        <price t="2007-06-21" v="1301610000"/>
        <price t="2007-06-22" v="1288280000"/>
        <price t="2007-06-25" v="1279720000"/>
        <price t="2007-06-26" v="1285430000"/>
        <price t="2007-06-27" v="1293040000"/>
        <price t="2007-06-28" v="1297800000"/>
        <price t="2007-06-29" v="1302560000"/>
        <price t="2007-07-02" v="1299700000"/>
        <price t="2007-07-03" v="1300650000"/>
        <price t="2007-07-04" v="1309220000"/>
        <price t="2007-07-05" v="1296850000"/>
        <price t="2007-07-06" v="1300650000"/>
        <price t="2007-07-09" v="1306360000"/>
        <price t="2007-07-10" v="1293990000"/>
        <price t="2007-07-11" v="1279720000"/>
        <price t="2007-07-12" v="1290190000"/>
        <price t="2007-07-13" v="1291140000"/>
        <price t="2007-07-16" v="1292090000"/>
        <price t="2007-07-17" v="1284480000"/>
        <price t="2007-07-18" v="1270210000"/>
        <price t="2007-07-19" v="1274960000"/>
        <price t="2007-07-20" v="1254980000"/>
        <price t="2007-07-23" v="1256890000"/>
        <price t="2007-07-24" v="1237860000"/>
        <price t="2007-07-25" v="1229290000"/>
        <price t="2007-07-26" v="1200750000"/>
        <price t="2007-07-27" v="1195990000"/>
        <price t="2007-07-30" v="1187430000"/>
        <price t="2007-07-31" v="1202650000"/>
        <price t="2007-08-01" v="1191240000"/>
        <price t="2007-08-02" v="1223580000"/>
        <price t="2007-08-03" v="1210260000"/>
        <price t="2007-08-06" v="1195040000"/>
        <price t="2007-08-07" v="1217880000"/>
        <price t="2007-08-08" v="1243570000"/>
        <price t="2007-08-09" v="1254030000"/>
        <price t="2007-08-10" v="1236910000"/>
        <price t="2007-08-13" v="1258790000"/>
        <price t="2007-08-14" v="1255930000"/>
        <price t="2007-08-15" v="1258790000"/>
        <price t="2007-08-16" v="1243570000"/>
        <price t="2007-08-17" v="1254980000"/>
        <price t="2007-08-20" v="1281620000"/>
        <price t="2007-08-21" v="1277820000"/>
        <price t="2007-08-22" v="1281620000"/>
        <price t="2007-08-23" v="1288280000"/>
        <price t="2007-08-24" v="1284480000"/>
        <price t="2007-08-27" v="1289240000"/>
        <price t="2007-08-28" v="1277820000"/>
        <price t="2007-08-29" v="1280670000"/>
        <price t="2007-08-30" v="1289240000"/>
        <price t="2007-08-31" v="1297800000"/>
        <price t="2007-09-03" v="1299700000"/>
        <price t="2007-09-04" v="1302560000"/>
        <price t="2007-09-05" v="1286380000"/>
        <price t="2007-09-06" v="1284480000"/>
        <price t="2007-09-07" v="1275920000"/>
        <price t="2007-09-10" v="1270210000"/>
        <price t="2007-09-11" v="1278770000"/>
        <price t="2007-09-12" v="1293040000"/>
        <price t="2007-09-13" v="1307310000"/>
        <price t="2007-09-14" v="1300650000"/>
        <price t="2007-09-17" v="1305410000"/>
        <price t="2007-09-18" v="1312070000"/>
        <price t="2007-09-19" v="1328250000"/>
        <price t="2007-09-20" v="1323490000"/>
        <price t="2007-09-21" v="1318730000"/>
        <price t="2007-09-24" v="1313970000"/>
        <price t="2007-09-25" v="1303510000"/>
        <price t="2007-09-26" v="1310170000"/>
        <price t="2007-09-27" v="1306360000"/>
        <price t="2007-09-28" v="1311120000"/>
        <price t="2007-10-01" v="1316830000"/>
        <price t="2007-10-02" v="1309220000"/>
        <price t="2007-10-03" v="1308270000"/>
        <price t="2007-10-04" v="1294940000"/>
        <price t="2007-10-05" v="1306360000"/>
        <price t="2007-10-08" v="1299700000"/>
        <price t="2007-10-09" v="1299700000"/>
        <price t="2007-10-10" v="1298750000"/>
        <price t="2007-10-11" v="1311120000"/>
        <price t="2007-10-12" v="1301610000"/>
        <price t="2007-10-15" v="1286380000"/>
        <price t="2007-10-16" v="1270210000"/>
        <price t="2007-10-17" v="1261640000"/>
        <price t="2007-10-18" v="1259740000"/>
        <price t="2007-10-19" v="1257840000"/>
        <price t="2007-10-22" v="1259740000"/>
        <price t="2007-10-23" v="1270210000"/>
        <price t="2007-10-24" v="1274010000"/>
        <price t="2007-10-25" v="1325390000"/>
        <price t="2007-10-26" v="1358690000"/>
        <price t="2007-10-29" v="1347280000"/>
        <price t="2007-10-30" v="1341570000"/>
        <price t="2007-10-31" v="1346320000"/>
        <price t="2007-11-01" v="1331100000"/>
        <price t="2007-11-02" v="1322540000"/>
        <price t="2007-11-05" v="1323490000"/>
        <price t="2007-11-06" v="1336810000"/>
        <price t="2007-11-07" v="1343470000"/>
        <price t="2007-11-08" v="1345370000"/>
        <price t="2007-11-09" v="1352030000"/>
        <price t="2007-11-12" v="1352980000"/>
        <price t="2007-11-13" v="1387240000"/>
        <price t="2007-11-14" v="1399610000"/>
        <price t="2007-11-15" v="1405310000"/>
        <price t="2007-11-16" v="1409120000"/>
        <price t="2007-11-19" v="1443370000"/>
        <price t="2007-11-20" v="1450030000"/>
        <price t="2007-11-21" v="1436710000"/>
        <price t="2007-11-22" v="1448130000"/>
        <price t="2007-11-23" v="1444320000"/>
        <price t="2007-11-26" v="1413880000"/>
        <price t="2007-11-27" v="1431000000"/>
        <price t="2007-11-28" v="1446230000"/>
        <price t="2007-11-29" v="1434810000"/>
        <price t="2007-11-30" v="1436710000"/>
        <price t="2007-12-03" v="1435760000"/>
        <price t="2007-12-04" v="1450990000"/>
        <price t="2007-12-05" v="1453840000"/>
        <price t="2007-12-06" v="1435760000"/>
        <price t="2007-12-07" v="1431960000"/>
        <price t="2007-12-10" v="1436710000"/>
        <price t="2007-12-11" v="1441470000"/>
        <price t="2007-12-12" v="1446230000"/>
        <price t="2007-12-13" v="1435760000"/>
        <price t="2007-12-14" v="1435760000"/>
        <price t="2007-12-17" v="1441470000"/>
        <price t="2007-12-18" v="1435760000"/>
        <price t="2007-12-19" v="1426250000"/>
        <price t="2007-12-20" v="1429100000"/>
        <price t="2007-12-21" v="1428150000"/>
        <price t="2007-12-27" v="1438620000"/>
        <price t="2007-12-28" v="1429100000"/>
        <price t="2008-01-02" v="1417680000"/>
        <price t="2008-01-03" v="1417680000"/>
        <price t="2008-01-04" v="1427200000"/>
        <price t="2008-01-07" v="1468110000"/>
        <price t="2008-01-08" v="1469060000"/>
        <price t="2008-01-09" v="1479530000"/>
        <price t="2008-01-10" v="1470010000"/>
        <price t="2008-01-11" v="1457650000"/>
        <price t="2008-01-14" v="1445280000"/>
        <price t="2008-01-15" v="1444320000"/>
        <price t="2008-01-16" v="1434810000"/>
        <price t="2008-01-17" v="1431960000"/>
        <price t="2008-01-18" v="1432910000"/>
        <price t="2008-01-21" v="1369160000"/>
        <price t="2008-01-22" v="1327290000"/>
        <price t="2008-01-23" v="1241660000"/>
        <price t="2008-01-24" v="1280670000"/>
        <price t="2008-01-25" v="1292090000"/>
        <price t="2008-01-28" v="1290190000"/>
        <price t="2008-01-29" v="1297800000"/>
        <price t="2008-01-30" v="1289240000"/>
        <price t="2008-01-31" v="1307310000"/>
        <price t="2008-02-01" v="1290190000"/>
        <price t="2008-02-04" v="1274010000"/>
        <price t="2008-02-05" v="1251180000"/>
        <price t="2008-02-06" v="1273060000"/>
        <price t="2008-02-07" v="1269260000"/>
        <price t="2008-02-08" v="1258790000"/>
        <price t="2008-02-11" v="1258790000"/>
        <price t="2008-02-12" v="1271160000"/>
        <price t="2008-02-13" v="1260690000"/>
        <price t="2008-02-14" v="1263550000"/>
        <price t="2008-02-15" v="1239760000"/>
        <price t="2008-02-18" v="1256890000"/>
        <price t="2008-02-19" v="1246420000"/>
        <price t="2008-02-20" v="1208360000"/>
        <price t="2008-02-21" v="1213120000"/>
        <price t="2008-02-22" v="1207410000"/>
        <price t="2008-02-25" v="1233100000"/>
        <price t="2008-02-26" v="1243570000"/>
        <price t="2008-02-27" v="1229290000"/>
        <price t="2008-02-28" v="1193140000"/>
        <price t="2008-02-29" v="1195990000"/>
        <price t="2008-03-03" v="1185530000"/>
        <price t="2008-03-04" v="1151270000"/>
        <price t="2008-03-05" v="1175060000"/>
        <price t="2008-03-06" v="1138900000"/>
        <price t="2008-03-07" v="1135100000"/>
        <price t="2008-03-10" v="1138900000"/>
        <price t="2008-03-11" v="1151270000"/>
        <price t="2008-03-12" v="1148420000"/>
        <price t="2008-03-13" v="1120830000"/>
        <price t="2008-03-14" v="1086570000"/>
        <price t="2008-03-17" v="1058030000"/>
        <price t="2008-03-18" v="1082770000"/>
        <price t="2008-03-19" v="1007600000"/>
        <price t="2008-03-20" v="997140000"/>
        <price t="2008-03-25" v="1041850000"/>
        <price t="2008-03-26" v="1018070000"/>
        <price t="2008-03-27" v="1029490000"/>
        <price t="2008-03-28" v="1019970000"/>
        <price t="2008-03-31" v="1003800000"/>
        <price t="2008-04-01" v="1037100000"/>
        <price t="2008-04-02" v="1058980000"/>
        <price t="2008-04-03" v="1058980000"/>
        <price t="2008-04-04" v="1063740000"/>
        <price t="2008-04-07" v="1084670000"/>
        <price t="2008-04-08" v="1076110000"/>
        <price t="2008-04-09" v="1081820000"/>
        <price t="2008-04-10" v="1083720000"/>
        <price t="2008-04-11" v="1063740000"/>
        <price t="2008-04-14" v="1055180000"/>
        <price t="2008-04-15" v="1064690000"/>
        <price t="2008-04-16" v="1075160000"/>
        <price t="2008-04-17" v="1051370000"/>
        <price t="2008-04-18" v="1084670000"/>
        <price t="2008-04-21" v="1068500000"/>
        <price t="2008-04-22" v="1050420000"/>
        <price t="2008-04-23" v="1060880000"/>
        <price t="2008-04-24" v="1063740000"/>
        <price t="2008-04-25" v="1088480000"/>
        <price t="2008-04-28" v="1098940000"/>
        <price t="2008-04-29" v="1090380000"/>
        <price t="2008-04-30" v="1097990000"/>
        <price t="2008-05-02" v="1121780000"/>
        <price t="2008-05-05" v="1104650000"/>
        <price t="2008-05-06" v="1088480000"/>
        <price t="2008-05-07" v="1096090000"/>
        <price t="2008-05-08" v="1117970000"/>
        <price t="2008-05-09" v="1123680000"/>
        <price t="2008-05-12" v="1136050000"/>
        <price t="2008-05-13" v="1109410000"/>
        <price t="2008-05-14" v="1125580000"/>
        <price t="2008-05-15" v="1128440000"/>
        <price t="2008-05-16" v="1063740000"/>
        <price t="2008-05-19" v="1060880000"/>
        <price t="2008-05-20" v="1037100000"/>
        <price t="2008-05-21" v="1019970000"/>
        <price t="2008-05-22" v="1044710000"/>
        <price t="2008-05-23" v="1023780000"/>
        <price t="2008-05-26" v="1033290000"/>
        <price t="2008-05-27" v="1024730000"/>
        <price t="2008-05-28" v="1019970000"/>
        <price t="2008-05-29" v="1021870000"/>
        <price t="2008-05-30" v="1023780000"/>
        <price t="2008-06-02" v="1016170000"/>
        <price t="2008-06-03" v="1015210000"/>
        <price t="2008-06-04" v="1018070000"/>
        <price t="2008-06-05" v="1010930000"/>
        <price t="2008-06-06" v="990000000"/>
        <price t="2008-06-09" v="983820000"/>
        <price t="2008-06-10" v="974300000"/>
        <price t="2008-06-11" v="974300000"/>
        <price t="2008-06-12" v="990480000"/>
        <price t="2008-06-13" v="992850000"/>
        <price t="2008-06-16" v="980010000"/>
        <price t="2008-06-17" v="980960000"/>
        <price t="2008-06-18" v="963830000"/>
        <price t="2008-06-19" v="960030000"/>
        <price t="2008-06-20" v="952890000"/>
        <price t="2008-06-23" v="970500000"/>
        <price t="2008-06-24" v="982860000"/>
        <price t="2008-06-25" v="1010460000"/>
        <price t="2008-06-26" v="987150000"/>
        <price t="2008-06-27" v="981910000"/>
        <price t="2008-06-30" v="989520000"/>
        <price t="2008-07-01" v="1007600000"/>
        <price t="2008-07-02" v="1027580000"/>
        <price t="2008-07-03" v="1044710000"/>
        <price t="2008-07-04" v="1037570000"/>
        <price t="2008-07-07" v="1049470000"/>
        <price t="2008-07-08" v="1063740000"/>
        <price t="2008-07-09" v="1078490000"/>
        <price t="2008-07-10" v="1068500000"/>
        <price t="2008-07-11" v="1039950000"/>
        <price t="2008-07-14" v="1029490000"/>
        <price t="2008-07-15" v="1009510000"/>
        <price t="2008-07-16" v="1014740000"/>
        <price t="2008-07-17" v="1017120000"/>
        <price t="2008-07-18" v="1047560000"/>
        <price t="2008-07-21" v="1054220000"/>
        <price t="2008-07-22" v="1007600000"/>
        <price t="2008-07-23" v="1013310000"/>
        <price t="2008-07-24" v="1023780000"/>
        <price t="2008-07-25" v="1039950000"/>
        <price t="2008-07-28" v="1013310000"/>
        <price t="2008-07-29" v="1022830000"/>
        <price t="2008-07-30" v="1036150000"/>
        <price t="2008-07-31" v="1061360000"/>
        <price t="2008-08-01" v="1045660000"/>
        <price t="2008-08-04" v="1049940000"/>
        <price t="2008-08-05" v="1076110000"/>
        <price t="2008-08-06" v="1080390000"/>
        <price t="2008-08-07" v="1076110000"/>
        <price t="2008-08-08" v="1085150000"/>
        <price t="2008-08-11" v="1092280000"/>
        <price t="2008-08-12" v="1091330000"/>
        <price t="2008-08-13" v="1056130000"/>
        <price t="2008-08-14" v="1042810000"/>
        <price t="2008-08-15" v="1060880000"/>
        <price t="2008-08-18" v="1062310000"/>
        <price t="2008-08-19" v="1037100000"/>
        <price t="2008-08-20" v="1043280000"/>
        <price t="2008-08-21" v="1022830000"/>
        <price t="2008-08-22" v="1042330000"/>
        <price t="2008-08-25" v="1030440000"/>
        <price t="2008-08-26" v="1033770000"/>
        <price t="2008-08-27" v="1056600000"/>
        <price t="2008-08-28" v="1078010000"/>
        <price t="2008-08-29" v="1076110000"/>
        <price t="2008-09-01" v="1082770000"/>
        <price t="2008-09-02" v="1105600000"/>
        <price t="2008-09-03" v="1105600000"/>
        <price t="2008-09-04" v="1066590000"/>
        <price t="2008-09-05" v="1040430000"/>
        <price t="2008-09-08" v="1066590000"/>
        <price t="2008-09-09" v="1073250000"/>
        <price t="2008-09-10" v="1082770000"/>
        <price t="2008-09-11" v="1080870000"/>
        <price t="2008-09-12" v="1100850000"/>
        <price t="2008-09-15" v="1035190000"/>
        <price t="2008-09-16" v="1038050000"/>
        <price t="2008-09-17" v="1014260000"/>
        <price t="2008-09-18" v="1002370000"/>
        <price t="2008-09-19" v="1046140000"/>
        <price t="2008-09-22" v="1016640000"/>
        <price t="2008-09-23" v="1007130000"/>
        <price t="2008-09-24" v="997610000"/>
        <price t="2008-09-25" v="1037100000"/>
        <price t="2008-09-26" v="1022350000"/>
        <price t="2008-09-29" v="980010000"/>
        <price t="2008-09-30" v="1024730000"/>
        <price t="2008-10-01" v="1069450000"/>
        <price t="2008-10-02" v="1069920000"/>
        <price t="2008-10-03" v="1112260000"/>
        <price t="2008-10-06" v="1068500000"/>
        <price t="2008-10-07" v="1088480000"/>
        <price t="2008-10-08" v="1025680000"/>
        <price t="2008-10-09" v="984290000"/>
        <price t="2008-10-10" v="856320000"/>
        <price t="2008-10-13" v="965740000"/>
        <price t="2008-10-14" v="997140000"/>
        <price t="2008-10-15" v="998560000"/>
        <price t="2008-10-16" v="982390000"/>
        <price t="2008-10-17" v="1085150000"/>
        <price t="2008-10-20" v="1129390000"/>
        <price t="2008-10-21" v="1097040000"/>
        <price t="2008-10-22" v="1056600000"/>
        <price t="2008-10-23" v="1055650000"/>
        <price t="2008-10-24" v="1039000000"/>
        <price t="2008-10-27" v="952420000"/>
        <price t="2008-10-28" v="969540000"/>
        <price t="2008-10-29" v="1115120000"/>
        <price t="2008-10-30" v="1077060000"/>
        <price t="2008-10-31" v="1101800000"/>
        <price t="2008-11-03" v="1115590000"/>
        <price t="2008-11-04" v="1111790000"/>
        <price t="2008-11-05" v="1098940000"/>
        <price t="2008-11-06" v="1057080000"/>
        <price t="2008-11-07" v="1106080000"/>
        <price t="2008-11-10" v="1106080000"/>
        <price t="2008-11-11" v="1077530000"/>
        <price t="2008-11-12" v="1057550000"/>
        <price t="2008-11-13" v="1089430000"/>
        <price t="2008-11-14" v="1104650000"/>
        <price t="2008-11-17" v="1057080000"/>
        <price t="2008-11-18" v="1046140000"/>
        <price t="2008-11-19" v="1031390000"/>
        <price t="2008-11-20" v="1023300000"/>
        <price t="2008-11-21" v="974300000"/>
        <price t="2008-11-24" v="1062310000"/>
        <price t="2008-11-25" v="1046140000"/>
        <price t="2008-11-26" v="1058030000"/>
        <price t="2008-11-27" v="1020920000"/>
        <price t="2008-11-28" v="1036150000"/>
        <price t="2008-12-01" v="984290000"/>
        <price t="2008-12-02" v="1046610000"/>
        <price t="2008-12-03" v="1082770000"/>
        <price t="2008-12-04" v="1061840000"/>
        <price t="2008-12-05" v="1063740000"/>
        <price t="2008-12-08" v="1096560000"/>
        <price t="2008-12-09" v="1097990000"/>
        <price t="2008-12-10" v="1076580000"/>
        <price t="2008-12-11" v="1056130000"/>
        <price t="2008-12-12" v="1039000000"/>
        <price t="2008-12-15" v="1040430000"/>
        <price t="2008-12-16" v="1059930000"/>
        <price t="2008-12-17" v="1050890000"/>
        <price t="2008-12-18" v="1065640000"/>
        <price t="2008-12-19" v="1019970000"/>
        <price t="2008-12-22" v="1026630000"/>
        <price t="2008-12-23" v="1012840000"/>
        <price t="2008-12-29" v="1004750000"/>
        <price t="2008-12-30" v="1022830000"/>
        <price t="2009-01-02" v="1048520000"/>
        <price t="2009-01-05" v="1083720000"/>
        <price t="2009-01-06" v="1074680000"/>
        <price t="2009-01-07" v="1031390000"/>
        <price t="2009-01-08" v="1035190000"/>
        <price t="2009-01-09" v="1016640000"/>
        <price t="2009-01-12" v="1002370000"/>
        <price t="2009-01-13" v="1001890000"/>
        <price t="2009-01-14" v="973350000"/>
        <price t="2009-01-15" v="955750000"/>
        <price t="2009-01-16" v="950510000"/>
        <price t="2009-01-19" v="973830000"/>
        <price t="2009-01-20" v="990000000"/>
        <price t="2009-01-21" v="981910000"/>
        <price t="2009-01-22" v="963360000"/>
        <price t="2009-01-23" v="970500000"/>
        <price t="2009-01-26" v="969070000"/>
        <price t="2009-01-27" v="954320000"/>
        <price t="2009-01-28" v="959550000"/>
        <price t="2009-01-29" v="923870000"/>
        <price t="2009-01-30" v="901040000"/>
        <price t="2009-02-02" v="905320000"/>
        <price t="2009-02-03" v="954320000"/>
        <price t="2009-02-04" v="975250000"/>
        <price t="2009-02-05" v="959550000"/>
        <price t="2009-02-06" v="958600000"/>
        <price t="2009-02-09" v="927200000"/>
        <price t="2009-02-10" v="908650000"/>
        <price t="2009-02-11" v="919590000"/>
        <price t="2009-02-12" v="914360000"/>
        <price t="2009-02-13" v="918160000"/>
        <price t="2009-02-16" v="922920000"/>
        <price t="2009-02-17" v="890100000"/>
        <price t="2009-02-18" v="917210000"/>
        <price t="2009-02-19" v="909130000"/>
        <price t="2009-02-20" v="895330000"/>
        <price t="2009-02-23" v="887240000"/>
        <price t="2009-02-24" v="874400000"/>
        <price t="2009-02-25" v="862500000"/>
        <price t="2009-02-26" v="901990000"/>
        <price t="2009-02-27" v="910080000"/>
        <price t="2009-03-02" v="892000000"/>
        <price t="2009-03-03" v="881530000"/>
        <price t="2009-03-04" v="924820000"/>
        <price t="2009-03-05" v="879150000"/>
        <price t="2009-03-06" v="881530000"/>
        <price t="2009-03-09" v="871540000"/>
        <price t="2009-03-10" v="896280000"/>
        <price t="2009-03-11" v="882960000"/>
        <price t="2009-03-12" v="895800000"/>
        <price t="2009-03-13" v="899610000"/>
        <price t="2009-03-16" v="920070000"/>
        <price t="2009-03-17" v="911980000"/>
        <price t="2009-03-18" v="913880000"/>
        <price t="2009-03-19" v="890570000"/>
        <price t="2009-03-20" v="869640000"/>
        <price t="2009-03-23" v="884860000"/>
        <price t="2009-03-24" v="895800000"/>
        <price t="2009-03-25" v="913410000"/>
        <price t="2009-03-26" v="910080000"/>
        <price t="2009-03-27" v="881060000"/>
        <price t="2009-03-30" v="869640000"/>
        <price t="2009-03-31" v="889620000"/>
        <price t="2009-04-01" v="909130000"/>
        <price t="2009-04-02" v="923870000"/>
        <price t="2009-04-03" v="897230000"/>
        <price t="2009-04-06" v="880110000"/>
        <price t="2009-04-07" v="899610000"/>
        <price t="2009-04-08" v="906750000"/>
        <price t="2009-04-09" v="902470000"/>
        <price t="2009-04-14" v="895330000"/>
        <price t="2009-04-15" v="905800000"/>
        <price t="2009-04-16" v="914360000"/>
        <price t="2009-04-17" v="931010000"/>
        <price t="2009-04-20" v="923870000"/>
        <price t="2009-04-21" v="857270000"/>
        <price t="2009-04-22" v="831110000"/>
        <price t="2009-04-23" v="821110000"/>
        <price t="2009-04-24" v="854890000"/>
        <price t="2009-04-27" v="869640000"/>
        <price t="2009-04-28" v="864880000"/>
        <price t="2009-04-29" v="866790000"/>
        <price t="2009-04-30" v="869640000"/>
        <price t="2009-05-04" v="803040000"/>
        <price t="2009-05-05" v="796850000"/>
        <price t="2009-05-06" v="789720000"/>
        <price t="2009-05-07" v="774970000"/>
        <price t="2009-05-08" v="774020000"/>
        <price t="2009-05-11" v="775440000"/>
        <price t="2009-05-12" v="791620000"/>
        <price t="2009-05-13" v="798760000"/>
        <price t="2009-05-14" v="801130000"/>
        <price t="2009-05-15" v="788290000"/>
        <price t="2009-05-18" v="803990000"/>
        <price t="2009-05-19" v="797330000"/>
        <price t="2009-05-20" v="793050000"/>
        <price t="2009-05-21" v="776400000"/>
        <price t="2009-05-22" v="781150000"/>
        <price t="2009-05-25" v="783060000"/>
        <price t="2009-05-26" v="786860000"/>
        <price t="2009-05-27" v="777820000"/>
        <price t="2009-05-28" v="767360000"/>
        <price t="2009-05-29" v="771640000"/>
        <price t="2009-06-01" v="784960000"/>
        <price t="2009-06-02" v="775920000"/>
        <price t="2009-06-03" v="770690000"/>
        <price t="2009-06-04" v="765450000"/>
        <price t="2009-06-05" v="757370000"/>
        <price t="2009-06-08" v="756890000"/>
        <price t="2009-06-09" v="758320000"/>
        <price t="2009-06-10" v="754040000"/>
        <price t="2009-06-11" v="759270000"/>
        <price t="2009-06-12" v="768310000"/>
        <price t="2009-06-15" v="754990000"/>
        <price t="2009-06-16" v="757840000"/>
        <price t="2009-06-17" v="773540000"/>
        <price t="2009-06-18" v="795900000"/>
        <price t="2009-06-19" v="798280000"/>
        <price t="2009-06-22" v="786860000"/>
        <price t="2009-06-23" v="784010000"/>
        <price t="2009-06-24" v="776870000"/>
        <price t="2009-06-25" v="783530000"/>
        <price t="2009-06-26" v="783060000"/>
        <price t="2009-06-29" v="802560000"/>
        <price t="2009-06-30" v="799230000"/>
        <price t="2009-07-01" v="816360000"/>
        <price t="2009-07-02" v="798280000"/>
        <price t="2009-07-03" v="791140000"/>
        <price t="2009-07-06" v="793520000"/>
        <price t="2009-07-07" v="782100000"/>
        <price t="2009-07-08" v="770690000"/>
        <price t="2009-07-09" v="767830000"/>
        <price t="2009-07-10" v="758790000"/>
        <price t="2009-07-13" v="766410000"/>
        <price t="2009-07-14" v="770690000"/>
        <price t="2009-07-15" v="776870000"/>
        <price t="2009-07-16" v="781150000"/>
        <price t="2009-07-17" v="789720000"/>
        <price t="2009-07-20" v="784960000"/>
        <price t="2009-07-21" v="789720000"/>
        <price t="2009-07-22" v="797800000"/>
        <price t="2009-07-23" v="813980000"/>
        <price t="2009-07-24" v="808270000"/>
        <price t="2009-07-27" v="811120000"/>
        <price t="2009-07-28" v="816830000"/>
        <price t="2009-07-29" v="836810000"/>
        <price t="2009-07-30" v="865360000"/>
        <price t="2009-07-31" v="855370000"/>
        <price t="2009-08-03" v="857270000"/>
        <price t="2009-08-04" v="855370000"/>
        <price t="2009-08-05" v="841570000"/>
        <price t="2009-08-06" v="834910000"/>
        <price t="2009-08-07" v="866790000"/>
        <price t="2009-08-10" v="867740000"/>
        <price t="2009-08-11" v="860120000"/>
        <price t="2009-08-12" v="870590000"/>
        <price t="2009-08-13" v="862500000"/>
        <price t="2009-08-14" v="848230000"/>
        <price t="2009-08-17" v="837290000"/>
        <price t="2009-08-18" v="844430000"/>
        <price t="2009-08-19" v="848710000"/>
        <price t="2009-08-20" v="859170000"/>
        <price t="2009-08-21" v="869640000"/>
        <price t="2009-08-24" v="875350000"/>
        <price t="2009-08-25" v="895330000"/>
        <price t="2009-08-26" v="892950000"/>
        <price t="2009-08-27" v="890570000"/>
        <price t="2009-08-28" v="892950000"/>
        <price t="2009-08-31" v="882480000"/>
        <price t="2009-09-01" v="868210000"/>
        <price t="2009-09-02" v="865830000"/>
        <price t="2009-09-03" v="868690000"/>
        <price t="2009-09-04" v="894380000"/>
        <price t="2009-09-07" v="899140000"/>
        <price t="2009-09-08" v="916260000"/>
        <price t="2009-09-09" v="919590000"/>
        <price t="2009-09-10" v="907700000"/>
        <price t="2009-09-11" v="907220000"/>
        <price t="2009-09-14" v="896760000"/>
        <price t="2009-09-15" v="906750000"/>
        <price t="2009-09-16" v="901510000"/>
        <price t="2009-09-17" v="899140000"/>
        <price t="2009-09-18" v="885810000"/>
        <price t="2009-09-21" v="884860000"/>
        <price t="2009-09-22" v="887240000"/>
        <price t="2009-09-23" v="880110000"/>
        <price t="2009-09-24" v="876300000"/>
        <price t="2009-09-25" v="885810000"/>
        <price t="2009-09-28" v="903420000"/>
        <price t="2009-09-29" v="899140000"/>
        <price t="2009-09-30" v="887720000"/>
        <price t="2009-10-01" v="872020000"/>
        <price t="2009-10-02" v="866310000"/>
        <price t="2009-10-05" v="880580000"/>
        <price t="2009-10-06" v="896280000"/>
        <price t="2009-10-07" v="892000000"/>
        <price t="2009-10-08" v="898180000"/>
        <price t="2009-10-09" v="886770000"/>
        <price t="2009-10-12" v="896280000"/>
        <price t="2009-10-13" v="885340000"/>
        <price t="2009-10-14" v="901990000"/>
        <price t="2009-10-15" v="908650000"/>
        <price t="2009-10-16" v="894380000"/>
        <price t="2009-10-19" v="900090000"/>
        <price t="2009-10-20" v="899140000"/>
        <price t="2009-10-21" v="916740000"/>
        <price t="2009-10-22" v="921490000"/>
        <price t="2009-10-23" v="910080000"/>
        <price t="2009-10-26" v="903420000"/>
        <price t="2009-10-27" v="902940000"/>
        <price t="2009-10-28" v="912930000"/>
        <price t="2009-10-29" v="911030000"/>
        <price t="2009-10-30" v="883910000"/>
        <price t="2009-11-02" v="887240000"/>
        <price t="2009-11-03" v="873920000"/>
        <price t="2009-11-04" v="883440000"/>
        <price t="2009-11-05" v="903890000"/>
        <price t="2009-11-06" v="898660000"/>
        <price t="2009-11-09" v="912460000"/>
        <price t="2009-11-10" v="912460000"/>
        <price t="2009-11-11" v="912930000"/>
        <price t="2009-11-12" v="919120000"/>
        <price t="2009-11-13" v="921020000"/>
        <price t="2009-11-16" v="929580000"/>
        <price t="2009-11-17" v="926730000"/>
        <price t="2009-11-18" v="921020000"/>
        <price t="2009-11-19" v="908650000"/>
        <price t="2009-11-20" v="903890000"/>
        <price t="2009-11-23" v="922450000"/>
        <price t="2009-11-24" v="920070000"/>
        <price t="2009-11-25" v="939570000"/>
        <price t="2009-11-26" v="928630000"/>
        <price t="2009-11-27" v="937190000"/>
        <price t="2009-11-30" v="934340000"/>
        <price t="2009-12-01" v="970500000"/>
        <price t="2009-12-02" v="984290000"/>
        <price t="2009-12-03" v="985240000"/>
        <price t="2009-12-04" v="1005700000"/>
        <price t="2009-12-07" v="994280000"/>
        <price t="2009-12-08" v="962880000"/>
        <price t="2009-12-09" v="961930000"/>
        <price t="2009-12-10" v="968590000"/>
        <price t="2009-12-11" v="967160000"/>
        <price t="2009-12-14" v="976680000"/>
        <price t="2009-12-15" v="978110000"/>
        <price t="2009-12-16" v="979060000"/>
        <price t="2009-12-17" v="960500000"/>
        <price t="2009-12-18" v="953370000"/>
        <price t="2009-12-21" v="978580000"/>
        <price t="2009-12-22" v="990950000"/>
        <price t="2009-12-23" v="991430000"/>
        <price t="2009-12-28" v="993810000"/>
        <price t="2009-12-29" v="990950000"/>
        <price t="2009-12-30" v="979060000"/>
        <price t="2010-01-04" v="1008550000"/>
        <price t="2010-01-05" v="999990000"/>
        <price t="2010-01-06" v="975250000"/>
        <price t="2010-01-07" v="956700000"/>
        <price t="2010-01-08" v="961930000"/>
        <price t="2010-01-11" v="968590000"/>
        <price t="2010-01-12" v="960980000"/>
        <price t="2010-01-13" v="966690000"/>
        <price t="2010-01-14" v="967640000"/>
        <price t="2010-01-15" v="954800000"/>
        <price t="2010-01-18" v="944710000"/>
        <price t="2010-01-19" v="960500000"/>
        <price t="2010-01-20" v="948710000"/>
        <price t="2010-01-21" v="939670000"/>
        <price t="2010-01-22" v="933290000"/>
        <price t="2010-01-25" v="924820000"/>
        <price t="2010-01-26" v="924820000"/>
        <price t="2010-01-27" v="919120000"/>
        <price t="2010-01-28" v="895040000"/>
        <price t="2010-01-29" v="890290000"/>
        <price t="2010-02-01" v="895330000"/>
        <price t="2010-02-02" v="898180000"/>
        <price t="2010-02-03" v="888860000"/>
        <price t="2010-02-04" v="879150000"/>
        <price t="2010-02-05" v="876400000"/>
        <price t="2010-02-08" v="891710000"/>
        <price t="2010-02-09" v="888860000"/>
        <price t="2010-02-10" v="898940000"/>
        <price t="2010-02-11" v="889430000"/>
        <price t="2010-02-12" v="896280000"/>
        <price t="2010-02-15" v="897230000"/>
        <price t="2010-02-16" v="904560000"/>
        <price t="2010-02-17" v="908650000"/>
        <price t="2010-02-18" v="918830000"/>
        <price t="2010-02-19" v="927870000"/>
        <price t="2010-02-22" v="920540000"/>
        <price t="2010-02-23" v="904080000"/>
        <price t="2010-02-24" v="905800000"/>
        <price t="2010-02-25" v="894380000"/>
        <price t="2010-02-26" v="899140000"/>
        <price t="2010-03-01" v="910840000"/>
        <price t="2010-03-02" v="907700000"/>
        <price t="2010-03-03" v="909600000"/>
        <price t="2010-03-04" v="910650000"/>
        <price t="2010-03-05" v="921020000"/>
        <price t="2010-03-08" v="927390000"/>
        <price t="2010-03-09" v="930340000"/>
        <price t="2010-03-10" v="933480000"/>
        <price t="2010-03-11" v="942430000"/>
        <price t="2010-03-12" v="940520000"/>
        <price t="2010-03-15" v="933200000"/>
        <price t="2010-03-16" v="936050000"/>
        <price t="2010-03-17" v="938150000"/>
        <price t="2010-03-18" v="938530000"/>
        <price t="2010-03-19" v="941000000"/>
        <price t="2010-03-22" v="937190000"/>
        <price t="2010-03-23" v="939190000"/>
        <price t="2010-03-24" v="934620000"/>
        <price t="2010-03-25" v="939760000"/>
        <price t="2010-03-26" v="939190000"/>
        <price t="2010-03-29" v="946710000"/>
        <price t="2010-03-30" v="950130000"/>
        <price t="2010-03-31" v="954800000"/>
        <price t="2010-04-01" v="953370000"/>
        <price t="2010-04-06" v="959080000"/>
        <price t="2010-04-07" v="957650000"/>
        <price t="2010-04-08" v="948800000"/>
        <price t="2010-04-09" v="955270000"/>
        <price t="2010-04-12" v="958130000"/>
        <price t="2010-04-13" v="957650000"/>
        <price t="2010-04-14" v="963360000"/>
        <price t="2010-04-15" v="961930000"/>
        <price t="2010-04-16" v="951470000"/>
        <price t="2010-04-19" v="950130000"/>
        <price t="2010-04-20" v="954320000"/>
        <price t="2010-04-21" v="948140000"/>
        <price t="2010-04-22" v="941290000"/>
        <price t="2010-04-23" v="943280000"/>
        <price t="2010-04-26" v="941950000"/>
        <price t="2010-04-27" v="923970000"/>
        <price t="2010-04-28" v="917590000"/>
        <price t="2010-04-29" v="930150000"/>
        <price t="2010-04-30" v="930440000"/>
        <price t="2010-05-03" v="939860000"/>
        <price t="2010-05-04" v="847760000"/>
        <price t="2010-05-05" v="846040000"/>
        <price t="2010-05-06" v="840140000"/>
        <price t="2010-05-07" v="813500000"/>
        <price t="2010-05-10" v="837290000"/>
        <price t="2010-05-11" v="839000000"/>
        <price t="2010-05-12" v="863070000"/>
        <price t="2010-05-13" v="876300000"/>
        <price t="2010-05-14" v="850610000"/>
        <price t="2010-05-17" v="857750000"/>
        <price t="2010-05-18" v="865450000"/>
        <price t="2010-05-19" v="848230000"/>
        <price t="2010-05-20" v="849470000"/>
        <price t="2010-05-21" v="839000000"/>
        <price t="2010-05-24" v="837000000"/>
        <price t="2010-05-25" v="836050000"/>
        <price t="2010-05-26" v="849470000"/>
        <price t="2010-05-27" v="867070000"/>
        <price t="2010-05-28" v="870970000"/>
        <price t="2010-05-31" v="867260000"/>
        <price t="2010-06-01" v="874110000"/>
        <price t="2010-06-02" v="882770000"/>
        <price t="2010-06-03" v="885050000"/>
        <price t="2010-06-04" v="875630000"/>
        <price t="2010-06-07" v="871450000"/>
        <price t="2010-06-08" v="864880000"/>
        <price t="2010-06-09" v="878010000"/>
        <price t="2010-06-10" v="892950000"/>
        <price t="2010-06-11" v="894760000"/>
        <price t="2010-06-14" v="901990000"/>
        <price t="2010-06-15" v="914450000"/>
        <price t="2010-06-16" v="914360000"/>
        <price t="2010-06-17" v="923300000"/>
        <price t="2010-06-18" v="918450000"/>
        <price t="2010-06-21" v="918740000"/>
        <price t="2010-06-22" v="923780000"/>
        <price t="2010-06-23" v="921880000"/>
        <price t="2010-06-24" v="911500000"/>
        <price t="2010-06-25" v="926730000"/>
        <price t="2010-06-28" v="941670000"/>
        <price t="2010-06-29" v="922450000"/>
        <price t="2010-06-30" v="923210000"/>
        <price t="2010-07-01" v="924820000"/>
        <price t="2010-07-02" v="907130000"/>
        <price t="2010-07-05" v="917690000"/>
        <price t="2010-07-06" v="929770000"/>
        <price t="2010-07-07" v="946230000"/>
        <price t="2010-07-08" v="948710000"/>
        <price t="2010-07-09" v="948900000"/>
        <price t="2010-07-12" v="940620000"/>
        <price t="2010-07-13" v="953840000"/>
        <price t="2010-07-14" v="959080000"/>
        <price t="2010-07-15" v="968590000"/>
        <price t="2010-07-16" v="955270000"/>
        <price t="2010-07-19" v="962880000"/>
        <price t="2010-07-20" v="951940000"/>
        <price t="2010-07-21" v="956700000"/>
        <price t="2010-07-22" v="977160000"/>
        <price t="2010-07-23" v="971450000"/>
        <price t="2010-07-26" v="975730000"/>
        <price t="2010-07-27" v="982390000"/>
        <price t="2010-07-28" v="975250000"/>
        <price t="2010-07-29" v="983820000"/>
        <price t="2010-07-30" v="980960000"/>
        <price t="2010-08-02" v="994280000"/>
        <price t="2010-08-03" v="990950000"/>
        <price t="2010-08-04" v="999040000"/>
        <price t="2010-08-05" v="971450000"/>
        <price t="2010-08-06" v="966210000"/>
        <price t="2010-08-09" v="981440000"/>
        <price t="2010-08-10" v="974300000"/>
        <price t="2010-08-11" v="963360000"/>
        <price t="2010-08-12" v="988570000"/>
        <price t="2010-08-13" v="997610000"/>
        <price t="2010-08-16" v="1006650000"/>
        <price t="2010-08-17" v="999990000"/>
        <price t="2010-08-18" v="990950000"/>
        <price t="2010-08-19" v="970970000"/>
        <price t="2010-08-20" v="961460000"/>
        <price t="2010-08-23" v="972870000"/>
        <price t="2010-08-24" v="968120000"/>
        <price t="2010-08-25" v="973830000"/>
        <price t="2010-08-26" v="967640000"/>
        <price t="2010-08-27" v="990000000"/>
        <price t="2010-08-30" v="983340000"/>
        <price t="2010-08-31" v="988570000"/>
        <price t="2010-09-01" v="995230000"/>
        <price t="2010-09-02" v="987150000"/>
        <price t="2010-09-03" v="986190000"/>
        <price t="2010-09-06" v="986670000"/>
        <price t="2010-09-07" v="985240000"/>
        <price t="2010-09-08" v="993810000"/>
        <price t="2010-09-09" v="999040000"/>
        <price t="2010-09-10" v="993810000"/>
        <price t="2010-09-13" v="999040000"/>
        <price t="2010-09-14" v="996180000"/>
        <price t="2010-09-15" v="997140000"/>
        <price t="2010-09-16" v="993330000"/>
        <price t="2010-09-17" v="982860000"/>
        <price t="2010-09-20" v="992380000"/>
        <price t="2010-09-21" v="980010000"/>
        <price t="2010-09-22" v="964310000"/>
        <price t="2010-09-23" v="961930000"/>
        <price t="2010-09-24" v="972400000"/>
        <price t="2010-09-27" v="964310000"/>
        <price t="2010-09-28" v="964790000"/>
        <price t="2010-09-29" v="962880000"/>
        <price t="2010-09-30" v="954800000"/>
        <price t="2010-10-01" v="956220000"/>
        <price t="2010-10-04" v="949560000"/>
        <price t="2010-10-05" v="957170000"/>
        <price t="2010-10-06" v="956220000"/>
        <price t="2010-10-07" v="952420000"/>
        <price t="2010-10-08" v="943280000"/>
        <price t="2010-10-11" v="947180000"/>
        <price t="2010-10-12" v="940430000"/>
        <price t="2010-10-13" v="955750000"/>
        <price t="2010-10-14" v="948610000"/>
        <price t="2010-10-15" v="961460000"/>
        <price t="2010-10-18" v="956700000"/>
        <price t="2010-10-19" v="957650000"/>
        <price t="2010-10-20" v="958130000"/>
        <price t="2010-10-21" v="963830000"/>
        <price t="2010-10-22" v="956700000"/>
        <price t="2010-10-25" v="955270000"/>
        <price t="2010-10-26" v="963830000"/>
        <price t="2010-10-27" v="963830000"/>
        <price t="2010-10-28" v="993330000"/>
        <price t="2010-10-29" v="990480000"/>
        <price t="2010-11-01" v="994280000"/>
        <price t="2010-11-02" v="1002370000"/>
        <price t="2010-11-03" v="994280000"/>
        <price t="2010-11-04" v="977160000"/>
        <price t="2010-11-05" v="971920000"/>
        <price t="2010-11-08" v="963360000"/>
        <price t="2010-11-09" v="972400000"/>
        <price t="2010-11-10" v="969540000"/>
        <price t="2010-11-11" v="967160000"/>
        <price t="2010-11-12" v="961930000"/>
        <price t="2010-11-15" v="961460000"/>
        <price t="2010-11-16" v="951470000"/>
        <price t="2010-11-17" v="954320000"/>
        <price t="2010-11-18" v="964790000"/>
        <price t="2010-11-19" v="961930000"/>
        <price t="2010-11-22" v="954320000"/>
        <price t="2010-11-23" v="941950000"/>
        <price t="2010-11-24" v="950420000"/>
        <price t="2010-11-25" v="950700000"/>
        <price t="2010-11-26" v="948420000"/>
        <price t="2010-11-29" v="938720000"/>
        <price t="2010-11-30" v="938720000"/>
        <price t="2010-12-01" v="956220000"/>
        <price t="2010-12-02" v="952890000"/>
        <price t="2010-12-03" v="947560000"/>
        <price t="2010-12-06" v="937100000"/>
        <price t="2010-12-07" v="937860000"/>
        <price t="2010-12-08" v="938340000"/>
        <price t="2010-12-09" v="943000000"/>
        <price t="2010-12-10" v="941090000"/>
        <price t="2010-12-13" v="936620000"/>
        <price t="2010-12-14" v="940140000"/>
        <price t="2010-12-15" v="934150000"/>
        <price t="2010-12-16" v="936430000"/>
        <price t="2010-12-17" v="920450000"/>
        <price t="2010-12-20" v="920070000"/>
        <price t="2010-12-21" v="926540000"/>
        <price t="2010-12-22" v="920070000"/>
        <price t="2010-12-23" v="922260000"/>
        <price t="2010-12-27" v="918160000"/>
        <price t="2010-12-28" v="917690000"/>
        <price t="2010-12-29" v="923300000"/>
        <price t="2010-12-30" v="918640000"/>
        <price t="2011-01-03" v="924160000"/>
        <price t="2011-01-04" v="920070000"/>
        <price t="2011-01-05" v="915120000"/>
        <price t="2011-01-06" v="930250000"/>
        <price t="2011-01-07" v="937860000"/>
        <price t="2011-01-10" v="920730000"/>
        <price t="2011-01-11" v="916070000"/>
        <price t="2011-01-12" v="922920000"/>
        <price t="2011-01-14" v="916550000"/>
        <price t="2011-01-17" v="908550000"/>
        <price t="2011-01-18" v="913980000"/>
        <price t="2011-01-19" v="913980000"/>
        <price t="2011-01-20" v="925110000"/>
        <price t="2011-01-21" v="945760000"/>
        <price t="2011-01-24" v="948230000"/>
        <price t="2011-01-25" v="942710000"/>
        <price t="2011-01-26" v="937380000"/>
        <price t="2011-01-27" v="938240000"/>
        <price t="2011-01-28" v="925680000"/>
        <price t="2011-01-31" v="926540000"/>
        <price t="2011-02-01" v="937670000"/>
        <price t="2011-02-02" v="945090000"/>
        <price t="2011-02-03" v="947660000"/>
        <price t="2011-02-04" v="957650000"/>
        <price t="2011-02-07" v="957170000"/>
        <price t="2011-02-08" v="952890000"/>
        <price t="2011-02-09" v="951940000"/>
        <price t="2011-02-10" v="946710000"/>
        <price t="2011-02-11" v="941950000"/>
        <price t="2011-02-14" v="941290000"/>
        <price t="2011-02-15" v="941950000"/>
        <price t="2011-02-16" v="951470000"/>
        <price t="2011-02-17" v="947950000"/>
        <price t="2011-02-18" v="952420000"/>
        <price t="2011-02-21" v="952890000"/>
        <price t="2011-02-22" v="951470000"/>
        <price t="2011-02-23" v="946990000"/>
        <price t="2011-02-24" v="943850000"/>
        <price t="2011-02-25" v="926820000"/>
        <price t="2011-02-28" v="927200000"/>
        <price t="2011-03-01" v="922920000"/>
        <price t="2011-03-02" v="927770000"/>
        <price t="2011-03-03" v="922730000"/>
        <price t="2011-03-04" v="923780000"/>
        <price t="2011-03-07" v="916260000"/>
        <price t="2011-03-08" v="952420000"/>
        <price t="2011-03-09" v="960980000"/>
        <price t="2011-03-10" v="971450000"/>
        <price t="2011-03-11" v="966690000"/>
        <price t="2011-03-14" v="953370000"/>
        <price t="2011-03-15" v="925590000"/>
        <price t="2011-03-16" v="915020000"/>
        <price t="2011-03-17" v="924820000"/>
        <price t="2011-03-18" v="912460000"/>
        <price t="2011-03-21" v="1015210000"/>
        <price t="2011-03-22" v="1027580000"/>
        <price t="2011-03-23" v="1032820000"/>
        <price t="2011-03-24" v="1032340000"/>
        <price t="2011-03-25" v="1021400000"/>
        <price t="2011-03-28" v="1021400000"/>
        <price t="2011-03-29" v="1023780000"/>
        <price t="2011-03-30" v="1036150000"/>
        <price t="2011-03-31" v="1034240000"/>
        <price t="2011-04-01" v="1055650000"/>
        <price t="2011-04-04" v="1058980000"/>
        <price t="2011-04-05" v="1058510000"/>
        <price t="2011-04-06" v="1051370000"/>
        <price t="2011-04-07" v="1049940000"/>
        <price t="2011-04-08" v="1052800000"/>
        <price t="2011-04-11" v="1060410000"/>
        <price t="2011-04-12" v="1048520000"/>
        <price t="2011-04-13" v="1055180000"/>
        <price t="2011-04-14" v="1054220000"/>
        <price t="2011-04-15" v="1071350000"/>
        <price t="2011-04-18" v="1057080000"/>
        <price t="2011-04-19" v="1046610000"/>
        <price t="2011-04-20" v="1068970000"/>
        <price t="2011-04-21" v="1052320000"/>
        <price t="2011-04-26" v="1068500000"/>
        <price t="2011-04-27" v="1052320000"/>
        <price t="2011-04-28" v="1064210000"/>
        <price t="2011-04-29" v="1067070000"/>
        <price t="2011-05-02" v="1072300000"/>
        <price t="2011-05-03" v="1076110000"/>
        <price t="2011-05-04" v="1072300000"/>
        <price t="2011-05-05" v="1062310000"/>
        <price t="2011-05-06" v="1068500000"/>
        <price t="2011-05-09" v="1058030000"/>
        <price t="2011-05-10" v="1068020000"/>
        <price t="2011-05-11" v="1073730000"/>
        <price t="2011-05-12" v="1077060000"/>
        <price t="2011-05-13" v="998090000"/>
        <price t="2011-05-16" v="996180000"/>
        <price t="2011-05-17" v="985720000"/>
        <price t="2011-05-18" v="1002370000"/>
        <price t="2011-05-19" v="1009510000"/>
        <price t="2011-05-20" v="999990000"/>
        <price t="2011-05-23" v="990950000"/>
        <price t="2011-05-24" v="980960000"/>
        <price t="2011-05-25" v="979060000"/>
        <price t="2011-05-26" v="966690000"/>
        <price t="2011-05-27" v="964790000"/>
        <price t="2011-05-30" v="967640000"/>
        <price t="2011-05-31" v="982860000"/>
        <price t="2011-06-01" v="971920000"/>
        <price t="2011-06-02" v="955270000"/>
        <price t="2011-06-03" v="954800000"/>
        <price t="2011-06-06" v="951940000"/>
        <price t="2011-06-07" v="960030000"/>
        <price t="2011-06-08" v="954320000"/>
        <price t="2011-06-09" v="965260000"/>
        <price t="2011-06-10" v="964790000"/>
        <price t="2011-06-13" v="977630000"/>
        <price t="2011-06-14" v="1005700000"/>
        <price t="2011-06-15" v="984770000"/>
        <price t="2011-06-16" v="989050000"/>
        <price t="2011-06-17" v="997140000"/>
        <price t="2011-06-20" v="999510000"/>
        <price t="2011-06-21" v="1009980000"/>
        <price t="2011-06-22" v="1015210000"/>
        <price t="2011-06-23" v="1007130000"/>
        <price t="2011-06-24" v="987150000"/>
        <price t="2011-06-27" v="995230000"/>
        <price t="2011-06-28" v="990950000"/>
        <price t="2011-06-29" v="1006650000"/>
        <price t="2011-06-30" v="1029010000"/>
        <price t="2011-07-01" v="1017120000"/>
        <price t="2011-07-04" v="1017590000"/>
        <price t="2011-07-05" v="1011410000"/>
        <price t="2011-07-06" v="1005220000"/>
        <price t="2011-07-07" v="1015210000"/>
        <price t="2011-07-08" v="1006170000"/>
        <price t="2011-07-11" v="987150000"/>
        <price t="2011-07-12" v="967160000"/>
        <price t="2011-07-13" v="980960000"/>
        <price t="2011-07-14" v="975250000"/>
        <price t="2011-07-15" v="976200000"/>
        <price t="2011-07-18" v="960030000"/>
        <price t="2011-07-19" v="984290000"/>
        <price t="2011-07-20" v="999510000"/>
        <price t="2011-07-21" v="1005700000"/>
        <price t="2011-07-22" v="1019020000"/>
        <price t="2011-07-25" v="1010460000"/>
        <price t="2011-07-26" v="1026630000"/>
        <price t="2011-07-27" v="1015210000"/>
        <price t="2011-07-28" v="1020920000"/>
        <price t="2011-07-29" v="1031390000"/>
        <price t="2011-08-01" v="992380000"/>
        <price t="2011-08-02" v="984770000"/>
        <price t="2011-08-03" v="975730000"/>
        <price t="2011-08-04" v="965260000"/>
        <price t="2011-08-05" v="948520000"/>
        <price t="2011-08-08" v="928540000"/>
        <price t="2011-08-09" v="896280000"/>
        <price t="2011-08-10" v="866590000"/>
        <price t="2011-08-11" v="879440000"/>
        <price t="2011-08-12" v="906650000"/>
        <price t="2011-08-15" v="905890000"/>
        <price t="2011-08-16" v="911030000"/>
        <price t="2011-08-17" v="907980000"/>
        <price t="2011-08-18" v="872400000"/>
        <price t="2011-08-19" v="857270000"/>
        <price t="2011-08-22" v="868120000"/>
        <price t="2011-08-23" v="909510000"/>
        <price t="2011-08-24" v="924730000"/>
        <price t="2011-08-25" v="899610000"/>
        <price t="2011-08-26" v="892760000"/>
        <price t="2011-08-29" v="915980000"/>
        <price t="2011-08-30" v="907130000"/>
        <price t="2011-08-31" v="837860000"/>
        <price t="2011-09-01" v="856220000"/>
        <price t="2011-09-02" v="830910000"/>
        <price t="2011-09-05" v="792570000"/>
        <price t="2011-09-06" v="784200000"/>
        <price t="2011-09-07" v="803420000"/>
        <price t="2011-09-08" v="806370000"/>
        <price t="2011-09-09" v="774590000"/>
        <price t="2011-09-12" v="756030000"/>
        <price t="2011-09-13" v="778770000"/>
        <price t="2011-09-14" v="796760000"/>
        <price t="2011-09-15" v="806840000"/>
        <price t="2011-09-16" v="808840000"/>
        <price t="2011-09-19" v="792100000"/>
        <price t="2011-09-20" v="826730000"/>
        <price t="2011-09-21" v="810650000"/>
        <price t="2011-09-22" v="784960000"/>
        <price t="2011-09-23" v="782100000"/>
        <price t="2011-09-26" v="804650000"/>
        <price t="2011-09-27" v="834050000"/>
        <price t="2011-09-28" v="824920000"/>
        <price t="2011-09-29" v="840720000"/>
        <price t="2011-09-30" v="840240000"/>
        <price t="2011-10-03" v="828350000"/>
        <price t="2011-10-04" v="825490000"/>
        <price t="2011-10-05" v="866980000"/>
        <price t="2011-10-06" v="879530000"/>
        <price t="2011-10-07" v="862980000"/>
        <price t="2011-10-10" v="891140000"/>
        <price t="2011-10-11" v="892950000"/>
        <price t="2011-10-12" v="911500000"/>
        <price t="2011-10-13" v="898470000"/>
        <price t="2011-10-14" v="908550000"/>
        <price t="2011-10-17" v="894470000"/>
        <price t="2011-10-18" v="890570000"/>
        <price t="2011-10-19" v="899330000"/>
        <price t="2011-10-20" v="875160000"/>
        <price t="2011-10-21" v="880770000"/>
        <price t="2011-10-24" v="870500000"/>
        <price t="2011-10-25" v="866500000"/>
        <price t="2011-10-26" v="860600000"/>
        <price t="2011-10-27" v="897330000"/>
        <price t="2011-10-28" v="889620000"/>
        <price t="2011-10-31" v="874780000"/>
        <price t="2011-11-01" v="845570000"/>
        <price t="2011-11-02" v="865550000"/>
        <price t="2011-11-03" v="879530000"/>
        <price t="2011-11-04" v="857940000"/>
        <price t="2011-11-07" v="850900000"/>
        <price t="2011-11-08" v="857370000"/>
        <price t="2011-11-09" v="835960000"/>
        <price t="2011-11-10" v="867170000"/>
        <price t="2011-11-11" v="896950000"/>
        <price t="2011-11-14" v="892090000"/>
        <price t="2011-11-15" v="883530000"/>
        <price t="2011-11-16" v="878010000"/>
        <price t="2011-11-17" v="879530000"/>
        <price t="2011-11-18" v="885050000"/>
        <price t="2011-11-21" v="855370000"/>
        <price t="2011-11-22" v="851560000"/>
        <price t="2011-11-23" v="831490000"/>
        <price t="2011-11-24" v="826820000"/>
        <price t="2011-11-25" v="839860000"/>
        <price t="2011-11-28" v="873730000"/>
        <price t="2011-11-29" v="881910000"/>
        <price t="2011-11-30" v="917210000"/>
        <price t="2011-12-01" v="908650000"/>
        <price t="2011-12-02" v="880870000"/>
        <price t="2011-12-05" v="874210000"/>
        <price t="2011-12-06" v="870210000"/>
        <price t="2011-12-07" v="867450000"/>
        <price t="2011-12-08" v="863650000"/>
        <price t="2011-12-09" v="883720000"/>
        <price t="2011-12-12" v="858030000"/>
        <price t="2011-12-13" v="868400000"/>
        <price t="2011-12-14" v="863650000"/>
        <price t="2011-12-15" v="859550000"/>
        <price t="2011-12-16" v="856320000"/>
        <price t="2011-12-19" v="846040000"/>
        <price t="2011-12-20" v="840620000"/>
        <price t="2011-12-21" v="832720000"/>
        <price t="2011-12-22" v="838240000"/>
        <price t="2011-12-23" v="839380000"/>
        <price t="2011-12-27" v="837960000"/>
        <price t="2011-12-28" v="827970000"/>
        <price t="2011-12-29" v="840520000"/>
        <price t="2011-12-30" v="843470000"/>
        <price t="2012-01-02" v="872490000"/>
        <price t="2012-01-03" v="876490000"/>
        <price t="2012-01-04" v="858030000"/>
        <price t="2012-01-05" v="846990000"/>
        <price t="2012-01-06" v="842520000"/>
        <price t="2012-01-09" v="837290000"/>
        <price t="2012-01-10" v="852800000"/>
        <price t="2012-01-11" v="850800000"/>
        <price t="2012-01-12" v="851090000"/>
        <price t="2012-01-13" v="841100000"/>
        <price t="2012-01-16" v="848710000"/>
        <price t="2012-01-17" v="859360000"/>
        <price t="2012-01-18" v="850040000"/>
        <price t="2012-01-19" v="850520000"/>
        <price t="2012-01-20" v="839000000"/>
        <price t="2012-01-23" v="835390000"/>
        <price t="2012-01-24" v="828540000"/>
        <price t="2012-01-25" v="827110000"/>
        <price t="2012-01-26" v="842330000"/>
        <price t="2012-01-27" v="833960000"/>
        <price t="2012-01-30" v="829870000"/>
        <price t="2012-01-31" v="818070000"/>
        <price t="2012-02-01" v="825970000"/>
        <price t="2012-02-02" v="830910000"/>
        <price t="2012-02-03" v="839950000"/>
        <price t="2012-02-06" v="844240000"/>
        <price t="2012-02-07" v="845280000"/>
        <price t="2012-02-08" v="846900000"/>
        <price t="2012-02-09" v="848710000"/>
        <price t="2012-02-10" v="847760000"/>
        <price t="2012-02-13" v="846900000"/>
        <price t="2012-02-14" v="850800000"/>
        <price t="2012-02-15" v="848610000"/>
        <price t="2012-02-16" v="841760000"/>
        <price t="2012-02-17" v="851660000"/>
        <price t="2012-02-20" v="856130000"/>
        <price t="2012-02-21" v="858410000"/>
        <price t="2012-02-22" v="853080000"/>
        <price t="2012-02-23" v="827300000"/>
        <price t="2012-02-24" v="836620000"/>
        <price t="2012-02-27" v="843660000"/>
        <price t="2012-02-28" v="838530000"/>
        <price t="2012-02-29" v="833480000"/>
        <price t="2012-03-01" v="829680000"/>
        <price t="2012-03-02" v="823970000"/>
        <price t="2012-03-05" v="825490000"/>
        <price t="2012-03-06" v="807320000"/>
        <price t="2012-03-07" v="811600000"/>
        <price t="2012-03-08" v="822640000"/>
        <price t="2012-03-09" v="828350000"/>
        <price t="2012-03-12" v="829110000"/>
        <price t="2012-03-13" v="838240000"/>
        <price t="2012-03-14" v="839380000"/>
        <price t="2012-03-15" v="840620000"/>
        <price t="2012-03-16" v="844140000"/>
        <price t="2012-03-19" v="854990000"/>
        <price t="2012-03-20" v="859550000"/>
        <price t="2012-03-21" v="863840000"/>
        <price t="2012-03-22" v="860790000"/>
        <price t="2012-03-23" v="866400000"/>
        <price t="2012-03-26" v="873730000"/>
        <price t="2012-03-27" v="879530000"/>
        <price t="2012-03-28" v="868880000"/>
        <price t="2012-03-29" v="854040000"/>
        <price t="2012-03-30" v="858890000"/>
        <price t="2012-04-02" v="866590000"/>
        <price t="2012-04-03" v="860600000"/>
        <price t="2012-04-04" v="842050000"/>
        <price t="2012-04-05" v="837380000"/>
        <price t="2012-04-10" v="825970000"/>
        <price t="2012-04-11" v="832910000"/>
        <price t="2012-04-12" v="830630000"/>
        <price t="2012-04-13" v="814360000"/>
        <price t="2012-04-16" v="813690000"/>
        <price t="2012-04-17" v="828160000"/>
        <price t="2012-04-18" v="815980000"/>
        <price t="2012-04-19" v="807980000"/>
        <price t="2012-04-20" v="813030000"/>
        <price t="2012-04-23" v="801040000"/>
        <price t="2012-04-24" v="811790000"/>
        <price t="2012-04-25" v="811310000"/>
        <price t="2012-04-26" v="806650000"/>
        <price t="2012-04-27" v="811510000"/>
        <price t="2012-04-30" v="810360000"/>
        <price t="2012-05-02" v="803990000"/>
        <price t="2012-05-03" v="802850000"/>
        <price t="2012-05-04" v="804560000"/>
        <price t="2012-05-07" v="809790000"/>
        <price t="2012-05-08" v="814740000"/>
        <price t="2012-05-09" v="812840000"/>
        <price t="2012-05-10" v="837290000"/>
        <price t="2012-05-11" v="846420000"/>
        <price t="2012-05-14" v="839100000"/>
        <price t="2012-05-15" v="840910000"/>
        <price t="2012-05-16" v="833390000"/>
        <price t="2012-05-17" v="827680000"/>
        <price t="2012-05-18" v="832530000"/>
        <price t="2012-05-21" v="840910000"/>
        <price t="2012-05-22" v="847090000"/>
        <price t="2012-05-23" v="828160000"/>
        <price t="2012-05-24" v="844430000"/>
        <price t="2012-05-25" v="776680000"/>
        <price t="2012-05-28" v="770210000"/>
        <price t="2012-05-29" v="761650000"/>
        <price t="2012-05-30" v="752890000"/>
        <price t="2012-05-31" v="758700000"/>
        <price t="2012-06-01" v="742900000"/>
        <price t="2012-06-04" v="742140000"/>
        <price t="2012-06-05" v="733680000"/>
        <price t="2012-06-06" v="742330000"/>
        <price t="2012-06-07" v="741760000"/>
        <price t="2012-06-08" v="745380000"/>
        <price t="2012-06-11" v="749090000"/>
        <price t="2012-06-12" v="762120000"/>
        <price t="2012-06-13" v="766500000"/>
        <price t="2012-06-14" v="771070000"/>
        <price t="2012-06-15" v="772690000"/>
        <price t="2012-06-18" v="770400000"/>
        <price t="2012-06-19" v="786480000"/>
        <price t="2012-06-20" v="799610000"/>
        <price t="2012-06-21" v="793140000"/>
        <price t="2012-06-22" v="805990000"/>
        <price t="2012-06-25" v="787620000"/>
        <price t="2012-06-26" v="796950000"/>
        <price t="2012-06-27" v="810650000"/>
        <price t="2012-06-28" v="805230000"/>
        <price t="2012-06-29" v="823400000"/>
        <price t="2012-07-02" v="829010000"/>
        <price t="2012-07-03" v="828350000"/>
        <price t="2012-07-04" v="824450000"/>
        <price t="2012-07-05" v="823680000"/>
        <price t="2012-07-06" v="808940000"/>
        <price t="2012-07-09" v="812840000"/>
        <price t="2012-07-10" v="816450000"/>
        <price t="2012-07-11" v="830150000"/>
        <price t="2012-07-12" v="826160000"/>
        <price t="2012-07-13" v="873260000"/>
        <price t="2012-07-16" v="869540000"/>
        <price t="2012-07-17" v="873540000"/>
        <price t="2012-07-18" v="892280000"/>
        <price t="2012-07-19" v="902470000"/>
        <price t="2012-07-20" v="864880000"/>
        <price t="2012-07-23" v="847660000"/>
        <price t="2012-07-24" v="840140000"/>
        <price t="2012-07-25" v="838050000"/>
        <price t="2012-07-26" v="873260000"/>
        <price t="2012-07-27" v="881060000"/>
        <price t="2012-07-30" v="875160000"/>
        <price t="2012-07-31" v="873160000"/>
        <price t="2012-08-01" v="876010000"/>
        <price t="2012-08-02" v="858890000"/>
        <price t="2012-08-03" v="889620000"/>
        <price t="2012-08-06" v="883440000"/>
        <price t="2012-08-07" v="894380000"/>
        <price t="2012-08-08" v="893430000"/>
        <price t="2012-08-09" v="875820000"/>
        <price t="2012-08-10" v="875730000"/>
        <price t="2012-08-13" v="874020000"/>
        <price t="2012-08-14" v="889620000"/>
        <price t="2012-08-15" v="882960000"/>
        <price t="2012-08-16" v="899330000"/>
        <price t="2012-08-17" v="899710000"/>
        <price t="2012-08-20" v="902850000"/>
        <price t="2012-08-21" v="901510000"/>
        <price t="2012-08-22" v="897420000"/>
        <price t="2012-08-23" v="890480000"/>
        <price t="2012-08-24" v="900470000"/>
        <price t="2012-08-27" v="911030000"/>
        <price t="2012-08-28" v="906180000"/>
        <price t="2012-08-29" v="905410000"/>
        <price t="2012-08-30" v="891240000"/>
        <price t="2012-08-31" v="902470000"/>
        <price t="2012-09-03" v="907030000"/>
        <price t="2012-09-04" v="905800000"/>
        <price t="2012-09-05" v="907700000"/>
        <price t="2012-09-06" v="926440000"/>
        <price t="2012-09-07" v="920450000"/>
        <price t="2012-09-10" v="917310000"/>
        <price t="2012-09-11" v="935100000"/>
        <price t="2012-09-12" v="924160000"/>
        <price t="2012-09-13" v="923020000"/>
        <price t="2012-09-14" v="921680000"/>
        <price t="2012-09-17" v="928820000"/>
        <price t="2012-09-18" v="916450000"/>
        <price t="2012-09-19" v="937570000"/>
        <price t="2012-09-20" v="952890000"/>
        <price t="2012-09-21" v="955270000"/>
        <price t="2012-09-24" v="946420000"/>
        <price t="2012-09-25" v="929390000"/>
        <price t="2012-09-26" v="921780000"/>
        <price t="2012-09-27" v="925680000"/>
        <price t="2012-09-28" v="911030000"/>
        <price t="2012-10-01" v="914640000"/>
        <price t="2012-10-02" v="926630000"/>
        <price t="2012-10-03" v="927680000"/>
        <price t="2012-10-04" v="890100000"/>
        <price t="2012-10-05" v="903230000"/>
        <price t="2012-10-08" v="889620000"/>
        <price t="2012-10-09" v="876970000"/>
        <price t="2012-10-10" v="876110000"/>
        <price t="2012-10-11" v="890190000"/>
        <price t="2012-10-12" v="871540000"/>
        <price t="2012-10-15" v="860030000"/>
        <price t="2012-10-16" v="861740000"/>
        <price t="2012-10-17" v="862980000"/>
        <price t="2012-10-18" v="863260000"/>
        <price t="2012-10-19" v="857270000"/>
        <price t="2012-10-22" v="850040000"/>
        <price t="2012-10-23" v="840050000"/>
        <price t="2012-10-24" v="837670000"/>
        <price t="2012-10-25" v="829200000"/>
        <price t="2012-10-26" v="841100000"/>
        <price t="2012-10-29" v="835770000"/>
        <price t="2012-10-30" v="840140000"/>
        <price t="2012-10-31" v="838150000"/>
        <price t="2012-11-01" v="845850000"/>
        <price t="2012-11-02" v="823780000"/>
        <price t="2012-11-05" v="816450000"/>
        <price t="2012-11-06" v="817780000"/>
        <price t="2012-11-07" v="807700000"/>
        <price t="2012-11-08" v="802180000"/>
        <price t="2012-11-09" v="794280000"/>
        <price t="2012-11-12" v="794000000"/>
        <price t="2012-11-13" v="796380000"/>
        <price t="2012-11-14" v="790860000"/>
        <price t="2012-11-15" v="794850000"/>
        <price t="2012-11-16" v="776780000"/>
        <price t="2012-11-19" v="790950000"/>
        <price t="2012-11-20" v="789340000"/>
        <price t="2012-11-21" v="796660000"/>
        <price t="2012-11-22" v="801230000"/>
        <price t="2012-11-23" v="800280000"/>
        <price t="2012-11-26" v="797800000"/>
        <price t="2012-11-27" v="790760000"/>
        <price t="2012-11-28" v="793520000"/>
        <price t="2012-11-29" v="809790000"/>
        <price t="2012-11-30" v="805890000"/>
        <price t="2012-12-03" v="810740000"/>
        <price t="2012-12-04" v="815310000"/>
        <price t="2012-12-05" v="820350000"/>
        <price t="2012-12-06" v="816360000"/>
        <price t="2012-12-07" v="800660000"/>
        <price t="2012-12-10" v="798850000"/>
        <price t="2012-12-11" v="805800000"/>
        <price t="2012-12-12" v="814930000"/>
        <price t="2012-12-13" v="815600000"/>
        <price t="2012-12-14" v="812650000"/>
        <price t="2012-12-17" v="810170000"/>
        <price t="2012-12-18" v="813310000"/>
        <price t="2012-12-19" v="816450000"/>
        <price t="2012-12-20" v="820830000"/>
        <price t="2012-12-21" v="822450000"/>
        <price t="2012-12-27" v="821500000"/>
        <price t="2012-12-28" v="817780000"/>
        <price t="2013-01-02" v="833100000"/>
        <price t="2013-01-03" v="832630000"/>
        <price t="2013-01-04" v="844430000"/>
        <price t="2013-01-07" v="835670000"/>
        <price t="2013-01-08" v="841100000"/>
        <price t="2013-01-09" v="869350000"/>
        <price t="2013-01-10" v="868590000"/>
        <price t="2013-01-11" v="858600000"/>
        <price t="2013-01-14" v="860120000"/>
        <price t="2013-01-15" v="852990000"/>
        <price t="2013-01-16" v="852320000"/>
        <price t="2013-01-17" v="858030000"/>
        <price t="2013-01-18" v="847760000"/>
        <price t="2013-01-21" v="854420000"/>
        <price t="2013-01-22" v="843850000"/>
        <price t="2013-01-23" v="838150000"/>
        <price t="2013-01-24" v="842050000"/>
        <price t="2013-01-25" v="847280000"/>
        <price t="2013-01-28" v="849940000"/>
        <price t="2013-01-29" v="858890000"/>
        <price t="2013-01-30" v="860120000"/>
        <price t="2013-01-31" v="861460000"/>
        <price t="2013-02-01" v="858510000"/>
        <price t="2013-02-04" v="841570000"/>
        <price t="2013-02-05" v="836340000"/>
        <price t="2013-02-06" v="830340000"/>
        <price t="2013-02-07" v="826250000"/>
        <price t="2013-02-08" v="821020000"/>
        <price t="2013-02-11" v="821020000"/>
        <price t="2013-02-12" v="818640000"/>
        <price t="2013-02-13" v="812550000"/>
        <price t="2013-02-14" v="805890000"/>
        <price t="2013-02-15" v="779540000"/>
        <price t="2013-02-18" v="786010000"/>
        <price t="2013-02-19" v="790380000"/>
        <price t="2013-02-20" v="774110000"/>
        <price t="2013-02-21" v="761740000"/>
        <price t="2013-02-22" v="776490000"/>
        <price t="2013-02-25" v="786960000"/>
        <price t="2013-02-26" v="774870000"/>
        <price t="2013-02-27" v="782960000"/>
        <price t="2013-02-28" v="782770000"/>
        <price t="2013-03-01" v="772590000"/>
        <price t="2013-03-04" v="773540000"/>
        <price t="2013-03-05" v="787910000"/>
        <price t="2013-03-06" v="787810000"/>
        <price t="2013-03-07" v="788770000"/>
        <price t="2013-03-08" v="796470000"/>
        <price t="2013-03-11" v="799230000"/>
        <price t="2013-03-12" v="797040000"/>
        <price t="2013-03-13" v="795430000"/>
        <price t="2013-03-14" v="811790000"/>
        <price t="2013-03-15" v="816360000"/>
        <price t="2013-03-18" v="809600000"/>
        <price t="2013-03-19" v="806940000"/>
        <price t="2013-03-20" v="812550000"/>
        <price t="2013-03-21" v="808370000"/>
        <price t="2013-03-22" v="810550000"/>
        <price t="2013-03-25" v="809030000"/>
        <price t="2013-03-26" v="794090000"/>
        <price t="2013-03-27" v="781440000"/>
        <price t="2013-03-28" v="784580000"/>
        <price t="2013-04-02" v="799330000"/>
        <price t="2013-04-03" v="795140000"/>
        <price t="2013-04-04" v="810930000"/>
        <price t="2013-04-05" v="803320000"/>
        <price t="2013-04-08" v="801610000"/>
        <price t="2013-04-09" v="803130000"/>
        <price t="2013-04-10" v="819210000"/>
        <price t="2013-04-11" v="835390000"/>
        <price t="2013-04-12" v="835290000"/>
        <price t="2013-04-15" v="833200000"/>
        <price t="2013-04-16" v="835390000"/>
        <price t="2013-04-17" v="821400000"/>
        <price t="2013-04-18" v="827200000"/>
        <price t="2013-04-19" v="825400000"/>
        <price t="2013-04-22" v="831390000"/>
        <price t="2013-04-23" v="839380000"/>
        <price t="2013-04-24" v="852040000"/>
        <price t="2013-04-25" v="859080000"/>
        <price t="2013-04-26" v="854230000"/>
        <price t="2013-04-29" v="862790000"/>
        <price t="2013-04-30" v="854610000"/>
        <price t="2013-05-02" v="856510000"/>
        <price t="2013-05-03" v="864790000"/>
        <price t="2013-05-06" v="861080000"/>
        <price t="2013-05-07" v="868690000"/>
        <price t="2013-05-08" v="909130000"/>
        <price t="2013-05-09" v="907030000"/>
        <price t="2013-05-10" v="926730000"/>
        <price t="2013-05-13" v="927200000"/>
        <price t="2013-05-14" v="937190000"/>
        <price t="2013-05-15" v="930250000"/>
        <price t="2013-05-16" v="955270000"/>
        <price t="2013-05-17" v="884770000"/>
        <price t="2013-05-20" v="903900000"/>
        <price t="2013-05-21" v="908220000"/>
        <price t="2013-05-22" v="909570000"/>
        <price t="2013-05-23" v="888910000"/>
        <price t="2013-05-24" v="889870000"/>
        <price t="2013-05-27" v="893900000"/>
        <price t="2013-05-28" v="900730000"/>
        <price t="2013-05-29" v="866520000"/>
        <price t="2013-05-30" v="866230000"/>
        <price t="2013-05-31" v="849310000"/>
        <price t="2013-06-03" v="840860000"/>
        <price t="2013-06-04" v="837110000"/>
        <price t="2013-06-05" v="833460000"/>
        <price t="2013-06-06" v="833940000"/>
        <price t="2013-06-07" v="849890000"/>
        <price t="2013-06-10" v="862480000"/>
        <price t="2013-06-11" v="854790000"/>
        <price t="2013-06-12" v="845470000"/>
        <price t="2013-06-13" v="843160000"/>
        <price t="2013-06-14" v="841530000"/>
        <price t="2013-06-17" v="850180000"/>
        <price t="2013-06-18" v="851620000"/>
        <price t="2013-06-19" v="847300000"/>
        <price t="2013-06-20" v="829230000"/>
        <price t="2013-06-21" v="825770000"/>
        <price t="2013-06-24" v="810200000"/>
        <price t="2013-06-25" v="828370000"/>
        <price t="2013-06-26" v="845570000"/>
        <price t="2013-06-27" v="857100000"/>
        <price t="2013-06-28" v="861420000"/>
        <price t="2013-07-01" v="858350000"/>
        <price t="2013-07-02" v="859310000"/>
        <price t="2013-07-03" v="854700000"/>
        <price t="2013-07-04" v="867960000"/>
        <price t="2013-07-05" v="846620000"/>
        <price t="2013-07-08" v="853540000"/>
        <price t="2013-07-09" v="855850000"/>
        <price t="2013-07-10" v="851140000"/>
        <price t="2013-07-11" v="860170000"/>
        <price t="2013-07-12" v="864880000"/>
        <price t="2013-07-15" v="862000000"/>
        <price t="2013-07-16" v="853640000"/>
        <price t="2013-07-17" v="853350000"/>
        <price t="2013-07-18" v="860080000"/>
        <price t="2013-07-19" v="860560000"/>
        <price t="2013-07-22" v="878910000"/>
        <price t="2013-07-23" v="893520000"/>
        <price t="2013-07-24" v="894860000"/>
        <price t="2013-07-25" v="887850000"/>
        <price t="2013-07-26" v="884100000"/>
        <price t="2013-07-29" v="884200000"/>
        <price t="2013-07-30" v="886410000"/>
        <price t="2013-07-31" v="879100000"/>
        <price t="2013-08-01" v="889200000"/>
        <price t="2013-08-02" v="883140000"/>
        <price t="2013-08-05" v="883240000"/>
        <price t="2013-08-06" v="867770000"/>
        <price t="2013-08-07" v="869880000"/>
        <price t="2013-08-08" v="936960000"/>
        <price t="2013-08-09" v="933980000"/>
        <price t="2013-08-12" v="951370000"/>
        <price t="2013-08-13" v="954730000"/>
        <price t="2013-08-14" v="954250000"/>
        <price t="2013-08-15" v="934270000"/>
        <price t="2013-08-16" v="939170000"/>
        <price t="2013-08-19" v="928600000"/>
        <price t="2013-08-20" v="919560000"/>
        <price t="2013-08-21" v="924460000"/>
        <price t="2013-08-22" v="935990000"/>
        <price t="2013-08-23" v="936380000"/>
        <price t="2013-08-26" v="938300000"/>
        <price t="2013-08-27" v="921000000"/>
        <price t="2013-08-28" v="919080000"/>
        <price t="2013-08-29" v="931290000"/>
        <price t="2013-08-30" v="931380000"/>
        <price t="2013-09-02" v="943300000"/>
        <price t="2013-09-03" v="944450000"/>
        <price t="2013-09-04" v="941760000"/>
        <price t="2013-09-05" v="943680000"/>
        <price t="2013-09-06" v="925810000"/>
        <price t="2013-09-09" v="925810000"/>
        <price t="2013-09-10" v="934070000"/>
        <price t="2013-09-11" v="942630000"/>
        <price t="2013-09-12" v="951180000"/>
        <price t="2013-09-13" v="950700000"/>
        <price t="2013-09-16" v="959540000"/>
        <price t="2013-09-17" v="955210000"/>
        <price t="2013-09-18" v="960880000"/>
        <price t="2013-09-19" v="972510000"/>
        <price t="2013-09-20" v="991730000"/>
        <price t="2013-09-23" v="994130000"/>
        <price t="2013-09-24" v="1007590000"/>
        <price t="2013-09-25" v="1015760000"/>
        <price t="2013-09-26" v="1038820000"/>
        <price t="2013-09-27" v="1035940000"/>
        <price t="2013-09-30" v="1029690000"/>
        <price t="2013-10-01" v="1039780000"/>
        <price t="2013-10-02" v="1031610000"/>
        <price t="2013-10-03" v="1037380000"/>
        <price t="2013-10-04" v="1075340000"/>
        <price t="2013-10-07" v="1086870000"/>
        <price t="2013-10-08" v="1070530000"/>
        <price t="2013-10-09" v="1068130000"/>
        <price t="2013-10-10" v="1100320000"/>
        <price t="2013-10-11" v="1085910000"/>
        <price t="2013-10-14" v="1101760000"/>
        <price t="2013-10-15" v="1125790000"/>
        <price t="2013-10-16" v="1146450000"/>
        <price t="2013-10-17" v="1125310000"/>
        <price t="2013-10-18" v="1121940000"/>
        <price t="2013-10-21" v="1118100000"/>
        <price t="2013-10-22" v="1113300000"/>
        <price t="2013-10-23" v="1099360000"/>
        <price t="2013-10-24" v="1113780000"/>
        <price t="2013-10-25" v="1091190000"/>
        <price t="2013-10-28" v="1113300000"/>
        <price t="2013-10-29" v="1132520000"/>
        <price t="2013-10-30" v="1108010000"/>
        <price t="2013-10-31" v="1114740000"/>
        <price t="2013-11-01" v="1117140000"/>
        <price t="2013-11-04" v="1129150000"/>
        <price t="2013-11-05" v="1125790000"/>
        <price t="2013-11-06" v="1115220000"/>
        <price t="2013-11-07" v="1089750000"/>
        <price t="2013-11-08" v="1090230000"/>
        <price t="2013-11-11" v="1080140000"/>
        <price t="2013-11-12" v="1071490000"/>
        <price t="2013-11-13" v="1069570000"/>
        <price t="2013-11-14" v="1074380000"/>
        <price t="2013-11-15" v="1074380000"/>
        <price t="2013-11-18" v="1080140000"/>
        <price t="2013-11-19" v="1077260000"/>
        <price t="2013-11-20" v="1074380000"/>
        <price t="2013-11-21" v="1083990000"/>
        <price t="2013-11-22" v="1083990000"/>
        <price t="2013-11-25" v="1093600000"/>
        <price t="2013-11-26" v="1116180000"/>
        <price t="2013-11-27" v="1119540000"/>
        <price t="2013-11-28" v="1120020000"/>
        <price t="2013-11-29" v="1122910000"/>
        <price t="2013-12-02" v="1116660000"/>
        <price t="2013-12-03" v="1093120000"/>
        <price t="2013-12-04" v="1091670000"/>
        <price t="2013-12-05" v="1090230000"/>
        <price t="2013-12-06" v="1108970000"/>
        <price t="2013-12-09" v="1111850000"/>
        <price t="2013-12-10" v="1104650000"/>
        <price t="2013-12-11" v="1098880000"/>
        <price t="2013-12-12" v="1094080000"/>
        <price t="2013-12-13" v="1091190000"/>
        <price t="2013-12-16" v="1132520000"/>
        <price t="2013-12-17" v="1128190000"/>
        <price t="2013-12-18" v="1151250000"/>
        <price t="2013-12-19" v="1188730000"/>
        <price t="2013-12-20" v="1189690000"/>
        <price t="2013-12-23" v="1194980000"/>
        <price t="2013-12-27" v="1210840000"/>
        <price t="2013-12-30" v="1194500000"/>
        <price t="2014-01-02" v="1165670000"/>
        <price t="2014-01-03" v="1179120000"/>
        <price t="2014-01-06" v="1171440000"/>
        <price t="2014-01-07" v="1177200000"/>
        <price t="2014-01-08" v="1174800000"/>
        <price t="2014-01-09" v="1177200000"/>
        <price t="2014-01-10" v="1174320000"/>
        <price t="2014-01-13" v="1172880000"/>
        <price t="2014-01-14" v="1193540000"/>
        <price t="2014-01-15" v="1214680000"/>
        <price t="2014-01-16" v="1195940000"/>
        <price t="2014-01-17" v="1197380000"/>
        <price t="2014-01-20" v="1207470000"/>
        <price t="2014-01-21" v="1217080000"/>
        <price t="2014-01-22" v="1232460000"/>
        <price t="2014-01-23" v="1231980000"/>
        <price t="2014-01-24" v="1209870000"/>
        <price t="2014-01-27" v="1199780000"/>
        <price t="2014-01-28" v="1192100000"/>
        <price t="2014-01-29" v="1177200000"/>
        <price t="2014-01-30" v="1171920000"/>
        <price t="2014-01-31" v="1153180000"/>
        <price t="2014-02-03" v="1122430000"/>
        <price t="2014-02-04" v="1105130000"/>
        <price t="2014-02-05" v="1102240000"/>
        <price t="2014-02-06" v="1123390000"/>
        <price t="2014-02-07" v="1129630000"/>
        <price t="2014-02-10" v="1120020000"/>
        <price t="2014-02-11" v="1132520000"/>
        <price t="2014-02-12" v="1136840000"/>
        <price t="2014-02-13" v="1158940000"/>
        <price t="2014-02-14" v="1159420000"/>
        <price t="2014-02-17" v="1168550000"/>
        <price t="2014-02-18" v="1174320000"/>
        <price t="2014-02-19" v="1172880000"/>
        <price t="2014-02-20" v="1173360000"/>
        <price t="2014-02-21" v="1180080000"/>
        <price t="2014-02-24" v="1202190000"/>
        <price t="2014-02-25" v="1213720000"/>
        <price t="2014-02-26" v="1189210000"/>
        <price t="2014-02-27" v="1183450000"/>
        <price t="2014-02-28" v="1181530000"/>
        <price t="2014-03-03" v="1148370000"/>
        <price t="2014-03-04" v="1174800000"/>
        <price t="2014-03-05" v="1172400000"/>
        <price t="2014-03-06" v="1130110000"/>
        <price t="2014-03-07" v="1108490000"/>
        <price t="2014-03-10" v="1098880000"/>
        <price t="2014-03-11" v="1119540000"/>
        <price t="2014-03-12" v="1117140000"/>
        <price t="2014-03-13" v="1087350000"/>
        <price t="2014-03-14" v="1080620000"/>
        <price t="2014-03-17" v="1092150000"/>
        <price t="2014-03-18" v="1101760000"/>
        <price t="2014-03-19" v="1106090000"/>
        <price t="2014-03-20" v="1102240000"/>
        <price t="2014-03-21" v="1105130000"/>
        <price t="2014-03-24" v="1087350000"/>
        <price t="2014-03-25" v="1104650000"/>
        <price t="2014-03-26" v="1116660000"/>
        <price t="2014-03-27" v="1113300000"/>
        <price t="2014-03-28" v="1129150000"/>
        <price t="2014-03-31" v="1127230000"/>
        <price t="2014-04-01" v="1119540000"/>
        <price t="2014-04-02" v="1120020000"/>
        <price t="2014-04-03" v="1113780000"/>
        <price t="2014-04-04" v="1120500000"/>
        <price t="2014-04-07" v="1104650000"/>
        <price t="2014-04-08" v="1095520000"/>
        <price t="2014-04-09" v="1093600000"/>
        <price t="2014-04-10" v="1083990000"/>
        <price t="2014-04-11" v="1078700000"/>
        <price t="2014-04-14" v="1090710000"/>
        <price t="2014-04-15" v="1061880000"/>
        <price t="2014-04-16" v="1088790000"/>
        <price t="2014-04-17" v="1094560000"/>
        <price t="2014-04-22" v="1114260000"/>
        <price t="2014-04-23" v="1108970000"/>
        <price t="2014-04-24" v="1119540000"/>
        <price t="2014-04-25" v="1100320000"/>
        <price t="2014-04-28" v="1108010000"/>
        <price t="2014-04-29" v="1135880000"/>
        <price t="2014-04-30" v="1161340000"/>
        <price t="2014-05-02" v="1173840000"/>
        <price t="2014-05-05" v="1178640000"/>
        <price t="2014-05-06" v="1177200000"/>
        <price t="2014-05-07" v="1197380000"/>
        <price t="2014-05-08" v="1200260000"/>
        <price t="2014-05-09" v="1216600000"/>
        <price t="2014-05-12" v="1230050000"/>
        <price t="2014-05-13" v="1240630000"/>
        <price t="2014-05-14" v="1235820000"/>
        <price t="2014-05-15" v="1260330000"/>
        <price t="2014-05-16" v="1217610000"/>
        <price t="2014-05-19" v="1214690000"/>
        <price t="2014-05-20" v="1204990000"/>
        <price t="2014-05-21" v="1203530000"/>
        <price t="2014-05-22" v="1204990000"/>
        <price t="2014-05-23" v="1204990000"/>
        <price t="2014-05-26" v="1208380000"/>
        <price t="2014-05-27" v="1197710000"/>
        <price t="2014-05-28" v="1187030000"/>
        <price t="2014-05-29" v="1183150000"/>
        <price t="2014-05-30" v="1196250000"/>
        <price t="2014-06-02" v="1206930000"/>
        <price t="2014-06-03" v="1196250000"/>
        <price t="2014-06-04" v="1204500000"/>
        <price t="2014-06-05" v="1212270000"/>
        <price t="2014-06-06" v="1223430000"/>
        <price t="2014-06-09" v="1231190000"/>
        <price t="2014-06-10" v="1233620000"/>
        <price t="2014-06-11" v="1221490000"/>
        <price t="2014-06-12" v="1224880000"/>
        <price t="2014-06-13" v="1229250000"/>
        <price t="2014-06-16" v="1220030000"/>
        <price t="2014-06-17" v="1221490000"/>
        <price t="2014-06-18" v="1228770000"/>
        <price t="2014-06-19" v="1242360000"/>
        <price t="2014-06-20" v="1236050000"/>
        <price t="2014-06-23" v="1230220000"/>
        <price t="2014-06-24" v="1237500000"/>
        <price t="2014-06-25" v="1242360000"/>
        <price t="2014-06-26" v="1239930000"/>
        <price t="2014-06-27" v="1240900000"/>
        <price t="2014-06-30" v="1242360000"/>
        <price t="2014-07-01" v="1251580000"/>
        <price t="2014-07-02" v="1210810000"/>
        <price t="2014-07-03" v="1221970000"/>
        <price t="2014-07-04" v="1209840000"/>
        <price t="2014-07-07" v="1197220000"/>
        <price t="2014-07-08" v="1183150000"/>
        <price t="2014-07-09" v="1184120000"/>
        <price t="2014-07-10" v="1171500000"/>
        <price t="2014-07-11" v="1171990000"/>
        <price t="2014-07-14" v="1190430000"/>
        <price t="2014-07-15" v="1180240000"/>
        <price t="2014-07-16" v="1205960000"/>
        <price t="2014-07-17" v="1187520000"/>
        <price t="2014-07-18" v="1176360000"/>
        <price t="2014-07-21" v="1170530000"/>
        <price t="2014-07-22" v="1189940000"/>
        <price t="2014-07-23" v="1180720000"/>
        <price t="2014-07-24" v="1186060000"/>
        <price t="2014-07-25" v="1177810000"/>
        <price t="2014-07-28" v="1183150000"/>
        <price t="2014-07-29" v="1197220000"/>
        <price t="2014-07-30" v="1191400000"/>
        <price t="2014-07-31" v="1174900000"/>
        <price t="2014-08-01" v="1173440000"/>
        <price t="2014-08-04" v="1153060000"/>
        <price t="2014-08-05" v="1151610000"/>
        <price t="2014-08-06" v="1119580000"/>
        <price t="2014-08-07" v="1102590000"/>
        <price t="2014-08-08" v="1076380000"/>
        <price t="2014-08-11" v="1100650000"/>
        <price t="2014-08-12" v="1083180000"/>
        <price t="2014-08-13" v="1099680000"/>
        <price t="2014-08-14" v="1090940000"/>
        <price t="2014-08-15" v="1078330000"/>
        <price t="2014-08-18" v="1091430000"/>
        <price t="2014-08-19" v="1086580000"/>
        <price t="2014-08-20" v="1082690000"/>
        <price t="2014-08-21" v="1098220000"/>
        <price t="2014-08-22" v="1086580000"/>
        <price t="2014-08-25" v="1102110000"/>
        <price t="2014-08-26" v="1105020000"/>
        <price t="2014-08-27" v="1119090000"/>
        <price t="2014-08-28" v="1109380000"/>
        <price t="2014-08-29" v="1104530000"/>
        <price t="2014-09-01" v="1113270000"/>
        <price t="2014-09-02" v="1121520000"/>
        <price t="2014-09-03" v="1129770000"/>
        <price t="2014-09-04" v="1133650000"/>
        <price t="2014-09-05" v="1138500000"/>
        <price t="2014-09-08" v="1139960000"/>
        <price t="2014-09-09" v="1138500000"/>
        <price t="2014-09-10" v="1127830000"/>
        <price t="2014-09-11" v="1130740000"/>
        <price t="2014-09-12" v="1122490000"/>
        <price t="2014-09-15" v="1122000000"/>
        <price t="2014-09-16" v="1123460000"/>
        <price t="2014-09-17" v="1122970000"/>
        <price t="2014-09-18" v="1130740000"/>
        <price t="2014-09-19" v="1173440000"/>
        <price t="2014-09-22" v="1176360000"/>
        <price t="2014-09-23" v="1157430000"/>
        <price t="2014-09-24" v="1180720000"/>
        <price t="2014-09-25" v="1155970000"/>
        <price t="2014-09-26" v="1160830000"/>
        <price t="2014-09-29" v="1155970000"/>
        <price t="2014-09-30" v="1164710000"/>
        <price t="2014-10-01" v="1151120000"/>
        <price t="2014-10-02" v="1125400000"/>
        <price t="2014-10-06" v="1124910000"/>
        <price t="2014-10-07" v="1105020000"/>
        <price t="2014-10-08" v="1093860000"/>
        <price t="2014-10-09" v="1085120000"/>
        <price t="2014-10-10" v="1055030000"/>
        <price t="2014-10-13" v="1058430000"/>
        <price t="2014-10-14" v="1048240000"/>
        <price t="2014-10-15" v="1018150000"/>
        <price t="2014-10-16" v="1004560000"/>
        <price t="2014-10-17" v="1036590000"/>
        <price t="2014-10-20" v="1033680000"/>
        <price t="2014-10-21" v="1053090000"/>
        <price t="2014-10-22" v="1054550000"/>
        <price t="2014-10-23" v="1057460000"/>
        <price t="2014-10-24" v="1084630000"/>
        <price t="2014-10-27" v="1076870000"/>
        <price t="2014-10-28" v="1116180000"/>
        <price t="2014-10-29" v="1128310000"/>
        <price t="2014-10-30" v="1133160000"/>
        <price t="2014-10-31" v="1166650000"/>
        <price t="2014-11-03" v="1154520000"/>
        <price t="2014-11-04" v="1142380000"/>
        <price t="2014-11-05" v="1168110000"/>
        <price t="2014-11-06" v="1167620000"/>
        <price t="2014-11-07" v="1169080000"/>
        <price t="2014-11-10" v="1189460000"/>
        <price t="2014-11-11" v="1216150000"/>
        <price t="2014-11-12" v="1194310000"/>
        <price t="2014-11-13" v="1207900000"/>
        <price t="2014-11-14" v="1214690000"/>
        <price t="2014-11-17" v="1226830000"/>
        <price t="2014-11-18" v="1240410000"/>
        <price t="2014-11-19" v="1251580000"/>
        <price t="2014-11-20" v="1261770000"/>
        <price t="2014-11-21" v="1277300000"/>
        <price t="2014-11-24" v="1291860000"/>
        <price t="2014-11-25" v="1294280000"/>
        <price t="2014-11-26" v="1312720000"/>
        <price t="2014-11-27" v="1307870000"/>
        <price t="2014-11-28" v="1329710000"/>
        <price t="2014-12-01" v="1318060000"/>
        <price t="2014-12-02" v="1308840000"/>
        <price t="2014-12-03" v="1299620000"/>
        <price t="2014-12-04" v="1293800000"/>
        <price t="2014-12-05" v="1330190000"/>
        <price t="2014-12-08" v="1330190000"/>
        <price t="2014-12-09" v="1284580000"/>
        <price t="2014-12-10" v="1253520000"/>
        <price t="2014-12-11" v="1264680000"/>
        <price t="2014-12-12" v="1233130000"/>
        <price t="2014-12-15" v="1210810000"/>
        <price t="2014-12-16" v="1247690000"/>
        <price t="2014-12-17" v="1254970000"/>
        <price t="2014-12-18" v="1306410000"/>
        <price t="2014-12-19" v="1292340000"/>
        <price t="2014-12-22" v="1310300000"/>
        <price t="2014-12-23" v="1319520000"/>
        <price t="2014-12-29" v="1313690000"/>
        <price t="2014-12-30" v="1286030000"/>
        <price t="2015-01-02" v="1279720000"/>
        <price t="2015-01-05" v="1240410000"/>
        <price t="2015-01-06" v="1225860000"/>
        <price t="2015-01-07" v="1260800000"/>
        <price t="2015-01-08" v="1322910000"/>
        <price t="2015-01-09" v="1287970000"/>
        <price t="2015-01-12" v="1320490000"/>
        <price t="2015-01-13" v="1344750000"/>
        <price t="2015-01-14" v="1334080000"/>
        <price t="2015-01-15" v="1350580000"/>
        <price t="2015-01-16" v="1363680000"/>
        <price t="2015-01-19" v="1377750000"/>
        <price t="2015-01-20" v="1387460000"/>
        <price t="2015-01-21" v="1392800000"/>
        <price t="2015-01-22" v="1419970000"/>
        <price t="2015-01-23" v="1445690000"/>
        <price t="2015-01-26" v="1472390000"/>
        <price t="2015-01-27" v="1455890000"/>
        <price t="2015-01-28" v="1478690000"/>
        <price t="2015-01-29" v="1503440000"/>
        <price t="2015-01-30" v="1483550000"/>
        <price t="2015-02-02" v="1509750000"/>
        <price t="2015-02-03" v="1523340000"/>
        <price t="2015-02-04" v="1532560000"/>
        <price t="2015-02-05" v="1537410000"/>
        <price t="2015-02-06" v="1542750000"/>
        <price t="2015-02-09" v="1509750000"/>
        <price t="2015-02-10" v="1531110000"/>
        <price t="2015-02-11" v="1518000000"/>
        <price t="2015-02-12" v="1534020000"/>
        <price t="2015-02-13" v="1547120000"/>
        <price t="2015-02-16" v="1537410000"/>
        <price t="2015-02-17" v="1529650000"/>
        <price t="2015-02-18" v="1514120000"/>
        <price t="2015-02-19" v="1518970000"/>
        <price t="2015-02-20" v="1544690000"/>
        <price t="2015-02-23" v="1535470000"/>
        <price t="2015-02-24" v="1562160000"/>
        <price t="2015-02-25" v="1565560000"/>
        <price t="2015-02-26" v="1571390000"/>
        <price t="2015-02-27" v="1617970000"/>
        <price t="2015-03-02" v="1617490000"/>
        <price t="2015-03-03" v="1584490000"/>
        <price t="2015-03-04" v="1622830000"/>
        <price t="2015-03-05" v="1624770000"/>
        <price t="2015-03-06" v="1626710000"/>
        <price t="2015-03-09" v="1633020000"/>
        <price t="2015-03-10" v="1593220000"/>
        <price t="2015-03-11" v="1630590000"/>
        <price t="2015-03-12" v="1661650000"/>
        <price t="2015-03-13" v="1664560000"/>
        <price t="2015-03-16" v="1667960000"/>
        <price t="2015-03-17" v="1640300000"/>
        <price t="2015-03-18" v="1625740000"/>
        <price t="2015-03-19" v="1623800000"/>
        <price t="2015-03-20" v="1648550000"/>
        <price t="2015-03-23" v="1645640000"/>
        <price t="2015-03-24" v="1666020000"/>
        <price t="2015-03-25" v="1656800000"/>
        <price t="2015-03-26" v="1663110000"/>
        <price t="2015-03-27" v="1652430000"/>
        <price t="2015-03-30" v="1681060000"/>
        <price t="2015-03-31" v="1654860000"/>
        <price t="2015-04-01" v="1654370000"/>
        <price t="2015-04-02" v="1652920000"/>
        <price t="2015-04-07" v="1686890000"/>
        <price t="2015-04-08" v="1665530000"/>
        <price t="2015-04-09" v="1683000000"/>
        <price t="2015-04-10" v="1697560000"/>
        <price t="2015-04-13" v="1708240000"/>
        <price t="2015-04-14" v="1697080000"/>
        <price t="2015-04-15" v="1682520000"/>
        <price t="2015-04-16" v="1631080000"/>
        <price t="2015-04-17" v="1584490000"/>
        <price t="2015-04-20" v="1625740000"/>
        <price t="2015-04-21" v="1629620000"/>
        <price t="2015-04-22" v="1643690000"/>
        <price t="2015-04-23" v="1616520000"/>
        <price t="2015-04-24" v="1650490000"/>
        <price t="2015-04-27" v="1681550000"/>
        <price t="2015-04-28" v="1659220000"/>
        <price t="2015-04-29" v="1601470000"/>
        <price t="2015-04-30" v="1599050000"/>
        <price t="2015-05-04" v="1648060000"/>
        <price t="2015-05-05" v="1596140000"/>
        <price t="2015-05-06" v="1599050000"/>
        <price t="2015-05-07" v="1593220000"/>
        <price t="2015-05-08" v="1642720000"/>
        <price t="2015-05-11" v="1636410000"/>
        <price t="2015-05-12" v="1611180000"/>
        <price t="2015-05-13" v="1553430000"/>
        <price t="2015-05-14" v="1579640000"/>
        <price t="2015-05-15" v="1551000000"/>
        <price t="2015-05-18" v="1595650000"/>
        <price t="2015-05-19" v="1643690000"/>
        <price t="2015-05-20" v="1646120000"/>
        <price t="2015-05-21" v="1652920000"/>
        <price t="2015-05-22" v="1593470000"/>
        <price t="2015-05-26" v="1548380000"/>
        <price t="2015-05-27" v="1576810000"/>
        <price t="2015-05-28" v="1576810000"/>
        <price t="2015-05-29" v="1533670000"/>
        <price t="2015-06-01" v="1533670000"/>
        <price t="2015-06-02" v="1515050000"/>
        <price t="2015-06-03" v="1523870000"/>
        <price t="2015-06-04" v="1543970000"/>
        <price t="2015-06-05" v="1519460000"/>
        <price t="2015-06-08" v="1512600000"/>
        <price t="2015-06-09" v="1471910000"/>
        <price t="2015-06-10" v="1503770000"/>
        <price t="2015-06-11" v="1515540000"/>
        <price t="2015-06-12" v="1510150000"/>
        <price t="2015-06-15" v="1472890000"/>
        <price t="2015-06-16" v="1473380000"/>
        <price t="2015-06-17" v="1489070000"/>
        <price t="2015-06-18" v="1510150000"/>
        <price t="2015-06-19" v="1503770000"/>
        <price t="2015-06-22" v="1584160000"/>
        <price t="2015-06-23" v="1602290000"/>
        <price t="2015-06-24" v="1595430000"/>
        <price t="2015-06-25" v="1606710000"/>
        <price t="2015-06-26" v="1596410000"/>
        <price t="2015-06-29" v="1534650000"/>
        <price t="2015-06-30" v="1514560000"/>
        <price t="2015-07-01" v="1529750000"/>
        <price t="2015-07-02" v="1519460000"/>
        <price t="2015-07-03" v="1509170000"/>
        <price t="2015-07-06" v="1472400000"/>
        <price t="2015-07-07" v="1453290000"/>
        <price t="2015-07-08" v="1468970000"/>
        <price t="2015-07-09" v="1528280000"/>
        <price t="2015-07-10" v="1605230000"/>
        <price t="2015-07-13" v="1622390000"/>
        <price t="2015-07-14" v="1635130000"/>
        <price t="2015-07-15" v="1650330000"/>
        <price t="2015-07-16" v="1676800000"/>
        <price t="2015-07-17" v="1664050000"/>
        <price t="2015-07-20" v="1677780000"/>
        <price t="2015-07-21" v="1651800000"/>
        <price t="2015-07-22" v="1651310000"/>
        <price t="2015-07-23" v="1660620000"/>
        <price t="2015-07-24" v="1651800000"/>
        <price t="2015-07-27" v="1603270000"/>
        <price t="2015-07-28" v="1616510000"/>
        <price t="2015-07-29" v="1636110000"/>
        <price t="2015-07-30" v="1610630000"/>
        <price t="2015-07-31" v="1612590000"/>
        <price t="2015-08-03" v="1661600000"/>
        <price t="2015-08-04" v="1667970000"/>
        <price t="2015-08-05" v="1694930000"/>
        <price t="2015-08-06" v="1665520000"/>
        <price t="2015-08-07" v="1653270000"/>
        <price t="2015-08-10" v="1686110000"/>
        <price t="2015-08-11" v="1670420000"/>
        <price t="2015-08-12" v="1609650000"/>
        <price t="2015-08-13" v="1622390000"/>
        <price t="2015-08-14" v="1609160000"/>
        <price t="2015-08-17" v="1592980000"/>
        <price t="2015-08-18" v="1592000000"/>
        <price t="2015-08-19" v="1551810000"/>
        <price t="2015-08-20" v="1496420000"/>
        <price t="2015-08-21" v="1460150000"/>
        <price t="2015-08-24" v="1376340000"/>
        <price t="2015-08-25" v="1464560000"/>
        <price t="2015-08-26" v="1444470000"/>
        <price t="2015-08-27" v="1503280000"/>
        <price t="2015-08-28" v="1491520000"/>
        <price t="2015-08-31" v="1494460000"/>
        <price t="2015-09-01" v="1453780000"/>
        <price t="2015-09-02" v="1481230000"/>
        <price t="2015-09-03" v="1535630000"/>
        <price t="2015-09-04" v="1515540000"/>
        <price t="2015-09-07" v="1533670000"/>
        <price t="2015-09-08" v="1559160000"/>
        <price t="2015-09-09" v="1570430000"/>
        <price t="2015-09-10" v="1550340000"/>
        <price t="2015-09-11" v="1525830000"/>
        <price t="2015-09-14" v="1534160000"/>
        <price t="2015-09-15" v="1553770000"/>
        <price t="2015-09-16" v="1562100000"/>
        <price t="2015-09-17" v="1566510000"/>
        <price t="2015-09-18" v="1543480000"/>
        <price t="2015-09-21" v="1571410000"/>
        <price t="2015-09-22" v="1531220000"/>
        <price t="2015-09-23" v="1536610000"/>
        <price t="2015-09-24" v="1504260000"/>
        <price t="2015-09-25" v="1570920000"/>
        <price t="2015-09-28" v="1552790000"/>
        <price t="2015-09-29" v="1521420000"/>
        <price t="2015-09-30" v="1557200000"/>
        <price t="2015-10-01" v="1475840000"/>
        <price t="2015-10-02" v="1470440000"/>
        <price t="2015-10-05" v="1518970000"/>
        <price t="2015-10-06" v="1528770000"/>
        <price t="2015-10-07" v="1514070000"/>
        <price t="2015-10-08" v="1495930000"/>
        <price t="2015-10-09" v="1490540000"/>
        <price t="2015-10-12" v="1478780000"/>
        <price t="2015-10-13" v="1458680000"/>
        <price t="2015-10-14" v="1433680000"/>
        <price t="2015-10-15" v="1471420000"/>
        <price t="2015-10-16" v="1489070000"/>
        <price t="2015-10-19" v="1504260000"/>
        <price t="2015-10-20" v="1537100000"/>
        <price t="2015-10-21" v="1542500000"/>
        <price t="2015-10-22" v="1610140000"/>
        <price t="2015-10-23" v="1663560000"/>
        <price t="2015-10-26" v="1674350000"/>
        <price t="2015-10-27" v="1652290000"/>
        <price t="2015-10-28" v="1665030000"/>
        <price t="2015-10-29" v="1666500000"/>
        <price t="2015-10-30" v="1666990000"/>
        <price t="2015-11-02" v="1666500000"/>
        <price t="2015-11-03" v="1663560000"/>
        <price t="2015-11-04" v="1648860000"/>
        <price t="2015-11-05" v="1622390000"/>
        <price t="2015-11-06" v="1644940000"/>
        <price t="2015-11-09" v="1604740000"/>
        <price t="2015-11-10" v="1622390000"/>
        <price t="2015-11-11" v="1648370000"/>
        <price t="2015-11-12" v="1626800000"/>
        <price t="2015-11-13" v="1625330000"/>
        <price t="2015-11-16" v="1629250000"/>
        <price t="2015-11-17" v="1686110000"/>
        <price t="2015-11-18" v="1680720000"/>
        <price t="2015-11-19" v="1681700000"/>
        <price t="2015-11-20" v="1685620000"/>
        <price t="2015-11-23" v="1686110000"/>
        <price t="2015-11-24" v="1662580000"/>
        <price t="2015-11-25" v="1701300000"/>
        <price t="2015-11-26" v="1711110000"/>
        <price t="2015-11-27" v="1713560000"/>
        <price t="2015-11-30" v="1711110000"/>
        <price t="2015-12-01" v="1696400000"/>
        <price t="2015-12-02" v="1694930000"/>
        <price t="2015-12-03" v="1614550000"/>
        <price t="2015-12-04" v="1587100000"/>
        <price t="2015-12-07" v="1627290000"/>
        <price t="2015-12-08" v="1598860000"/>
        <price t="2015-12-09" v="1594940000"/>
        <price t="2015-12-10" v="1591510000"/>
        <price t="2015-12-11" v="1557200000"/>
        <price t="2015-12-14" v="1517500000"/>
        <price t="2015-12-15" v="1592980000"/>
        <price t="2015-12-16" v="1585630000"/>
        <price t="2015-12-17" v="1637580000"/>
        <price t="2015-12-18" v="1616510000"/>
        <price t="2015-12-21" v="1598860000"/>
        <price t="2015-12-22" v="1589550000"/>
        <price t="2015-12-23" v="1628760000"/>
        <price t="2015-12-28" v="1621900000"/>
        <price t="2015-12-29" v="1663560000"/>
        <price t="2015-12-30" v="1636110000"/>
        <price t="2016-01-04" v="1572390000"/>
        <price t="2016-01-05" v="1567490000"/>
        <price t="2016-01-06" v="1577300000"/>
        <price t="2016-01-07" v="1567490000"/>
        <price t="2016-01-08" v="1544460000"/>
        <price t="2016-01-11" v="1535630000"/>
        <price t="2016-01-12" v="1557690000"/>
        <price t="2016-01-13" v="1559650000"/>
        <price t="2016-01-14" v="1537590000"/>
        <price t="2016-01-15" v="1508190000"/>
        <price t="2016-01-18" v="1495440000"/>
        <price t="2016-01-19" v="1523870000"/>
        <price t="2016-01-20" v="1460150000"/>
        <price t="2016-01-21" v="1505730000"/>
        <price t="2016-01-22" v="1553280000"/>
        <price t="2016-01-25" v="1561120000"/>
        <price t="2016-01-26" v="1552790000"/>
        <price t="2016-01-27" v="1578280000"/>
        <price t="2016-01-28" v="1523870000"/>
        <price t="2016-01-29" v="1569940000"/>
        <price t="2016-02-01" v="1569940000"/>
        <price t="2016-02-02" v="1562100000"/>
        <price t="2016-02-03" v="1533180000"/>
        <price t="2016-02-04" v="1517990000"/>
        <price t="2016-02-05" v="1459660000"/>
        <price t="2016-02-08" v="1401820000"/>
        <price t="2016-02-09" v="1416040000"/>
        <price t="2016-02-10" v="1430250000"/>
        <price t="2016-02-11" v="1398880000"/>
        <price t="2016-02-12" v="1428290000"/>
        <price t="2016-02-15" v="1437110000"/>
        <price t="2016-02-16" v="1429270000"/>
        <price t="2016-02-17" v="1472400000"/>
        <price t="2016-02-18" v="1506720000"/>
        <price t="2016-02-19" v="1493480000"/>
        <price t="2016-02-22" v="1535140000"/>
        <price t="2016-02-23" v="1505240000"/>
        <price t="2016-02-24" v="1472400000"/>
        <price t="2016-02-25" v="1503770000"/>
        <price t="2016-02-26" v="1504750000"/>
        <price t="2016-02-29" v="1516520000"/>
        <price t="2016-03-01" v="1553770000"/>
        <price t="2016-03-02" v="1539550000"/>
        <price t="2016-03-03" v="1507700000"/>
        <price t="2016-03-04" v="1515050000"/>
        <price t="2016-03-07" v="1507700000"/>
        <price t="2016-03-08" v="1499850000"/>
        <price t="2016-03-09" v="1505730000"/>
        <price t="2016-03-10" v="1499360000"/>
        <price t="2016-03-11" v="1551810000"/>
        <price t="2016-03-14" v="1565040000"/>
        <price t="2016-03-15" v="1557200000"/>
        <price t="2016-03-16" v="1566020000"/>
        <price t="2016-03-17" v="1548380000"/>
        <price t="2016-03-18" v="1550340000"/>
        <price t="2016-03-21" v="1542990000"/>
        <price t="2016-03-22" v="1534650000"/>
        <price t="2016-03-23" v="1548380000"/>
        <price t="2016-03-24" v="1517500000"/>
        <price t="2016-03-29" v="1537590000"/>
        <price t="2016-03-30" v="1563080000"/>
        <price t="2016-03-31" v="1546420000"/>
        <price t="2016-04-01" v="1514070000"/>
        <price t="2016-04-04" v="1500340000"/>
        <price t="2016-04-05" v="1467010000"/>
        <price t="2016-04-06" v="1484660000"/>
        <price t="2016-04-07" v="1480250000"/>
        <price t="2016-04-08" v="1480740000"/>
        <price t="2016-04-11" v="1486130000"/>
        <price t="2016-04-12" v="1501810000"/>
        <price t="2016-04-13" v="1520440000"/>
        <price t="2016-04-14" v="1529750000"/>
        <price t="2016-04-15" v="1536610000"/>
        <price t="2016-04-18" v="1540050000"/>
        <price t="2016-04-19" v="1580730000"/>
        <price t="2016-04-20" v="1576810000"/>
        <price t="2016-04-21" v="1560630000"/>
        <price t="2016-04-22" v="1547890000"/>
        <price t="2016-04-25" v="1543970000"/>
        <price t="2016-04-26" v="1540540000"/>
        <price t="2016-04-27" v="1544950000"/>
        <price t="2016-04-28" v="1545930000"/>
        <price t="2016-04-29" v="1498380000"/>
        <price t="2016-05-02" v="1510640000"/>
        <price t="2016-05-03" v="1488090000"/>
        <price t="2016-05-04" v="1456230000"/>
        <price t="2016-05-05" v="1470440000"/>
        <price t="2016-05-06" v="1469950000"/>
        <price t="2016-05-09" v="1513090000"/>
        <price t="2016-05-10" v="1532200000"/>
        <price t="2016-05-11" v="1533670000"/>
        <price t="2016-05-12" v="1534650000"/>
        <price t="2016-05-13" v="1561610000"/>
        <price t="2016-05-17" v="1569940000"/>
        <price t="2016-05-18" v="1567000000"/>
        <price t="2016-05-19" v="1546420000"/>
        <price t="2016-05-20" v="1559160000"/>
        <price t="2016-05-23" v="1553280000"/>
        <price t="2016-05-24" v="1578280000"/>
        <price t="2016-05-25" v="1610630000"/>
        <price t="2016-05-26" v="1580690000"/>
        <price t="2016-05-27" v="1573760000"/>
        <price t="2016-05-30" v="1584160000"/>
        <price t="2016-05-31" v="1571290000"/>
        <price t="2016-06-01" v="1562380000"/>
        <price t="2016-06-02" v="1562380000"/>
        <price t="2016-06-03" v="1549010000"/>
        <price t="2016-06-06" v="1537130000"/>
        <price t="2016-06-07" v="1550990000"/>
        <price t="2016-06-08" v="1534650000"/>
        <price t="2016-06-09" v="1480200000"/>
        <price t="2016-06-10" v="1458420000"/>
        <price t="2016-06-13" v="1445050000"/>
        <price t="2016-06-14" v="1420300000"/>
        <price t="2016-06-15" v="1430690000"/>
        <price t="2016-06-16" v="1418810000"/>
        <price t="2016-06-17" v="1408420000"/>
        <price t="2016-06-20" v="1439600000"/>
        <price t="2016-06-21" v="1430690000"/>
        <price t="2016-06-22" v="1431680000"/>
        <price t="2016-06-23" v="1467820000"/>
        <price t="2016-06-24" v="1391580000"/>
        <price t="2016-06-27" v="1383660000"/>
        <price t="2016-06-28" v="1425740000"/>
        <price t="2016-06-29" v="1486630000"/>
        <price t="2016-06-30" v="1512870000"/>
        <price t="2016-07-01" v="1509410000"/>
        <price t="2016-07-04" v="1499010000"/>
        <price t="2016-07-05" v="1472280000"/>
        <price t="2016-07-06" v="1435640000"/>
        <price t="2016-07-07" v="1450990000"/>
        <price t="2016-07-08" v="1466830000"/>
        <price t="2016-07-11" v="1483170000"/>
        <price t="2016-07-12" v="1496040000"/>
        <price t="2016-07-13" v="1493070000"/>
        <price t="2016-07-14" v="1524260000"/>
        <price t="2016-07-15" v="1530200000"/>
        <price t="2016-07-18" v="1516340000"/>
        <price t="2016-07-19" v="1509900000"/>
        <price t="2016-07-20" v="1509410000"/>
        <price t="2016-07-21" v="1502480000"/>
        <price t="2016-07-22" v="1514850000"/>
        <price t="2016-07-25" v="1514850000"/>
        <price t="2016-07-26" v="1499010000"/>
        <price t="2016-07-27" v="1500990000"/>
        <price t="2016-07-28" v="1502480000"/>
        <price t="2016-07-29" v="1507430000"/>
        <price t="2016-08-01" v="1512870000"/>
        <price t="2016-08-02" v="1502480000"/>
        <price t="2016-08-03" v="1504950000"/>
        <price t="2016-08-04" v="1507430000"/>
        <price t="2016-08-05" v="1536140000"/>
        <price t="2016-08-08" v="1535640000"/>
        <price t="2016-08-09" v="1560400000"/>
        <price t="2016-08-10" v="1550000000"/>
        <price t="2016-08-11" v="1559900000"/>
        <price t="2016-08-12" v="1548020000"/>
        <price t="2016-08-15" v="1544550000"/>
        <price t="2016-08-16" v="1533660000"/>
        <price t="2016-08-17" v="1515350000"/>
        <price t="2016-08-18" v="1524260000"/>
        <price t="2016-08-19" v="1505450000"/>
        <price t="2016-08-22" v="1501980000"/>
        <price t="2016-08-23" v="1497030000"/>
        <price t="2016-08-24" v="1492570000"/>
        <price t="2016-08-25" v="1484650000"/>
        <price t="2016-08-26" v="1492570000"/>
        <price t="2016-08-29" v="1490100000"/>
        <price t="2016-08-30" v="1492570000"/>
        <price t="2016-08-31" v="1482180000"/>
        <price t="2016-09-01" v="1472770000"/>
        <price t="2016-09-02" v="1492080000"/>
        <price t="2016-09-05" v="1490100000"/>
        <price t="2016-09-06" v="1489110000"/>
        <price t="2016-09-07" v="1489110000"/>
        <price t="2016-09-08" v="1487130000"/>
        <price t="2016-09-09" v="1463370000"/>
        <price t="2016-09-12" v="1440590000"/>
        <price t="2016-09-13" v="1427230000"/>
        <price t="2016-09-14" v="1421780000"/>
        <price t="2016-09-15" v="1424260000"/>
        <price t="2016-09-16" v="1429210000"/>
        <price t="2016-09-19" v="1436630000"/>
        <price t="2016-09-20" v="1435640000"/>
        <price t="2016-09-21" v="1463860000"/>
        <price t="2016-09-22" v="1517330000"/>
        <price t="2016-09-23" v="1512380000"/>
        <price t="2016-09-26" v="1482180000"/>
        <price t="2016-09-27" v="1478220000"/>
        <price t="2016-09-28" v="1472280000"/>
        <price t="2016-09-29" v="1480200000"/>
        <price t="2016-09-30" v="1477230000"/>
        <price t="2016-10-04" v="1487620000"/>
        <price t="2016-10-05" v="1460890000"/>
        <price t="2016-10-06" v="1431190000"/>
        <price t="2016-10-07" v="1421780000"/>
        <price t="2016-10-10" v="1437620000"/>
        <price t="2016-10-11" v="1437620000"/>
        <price t="2016-10-12" v="1417820000"/>
        <price t="2016-10-13" v="1403960000"/>
        <price t="2016-10-14" v="1420790000"/>
        <price t="2016-10-17" v="1416830000"/>
        <price t="2016-10-18" v="1438120000"/>
        <price t="2016-10-19" v="1427720000"/>
        <price t="2016-10-20" v="1434160000"/>
        <price t="2016-10-21" v="1438120000"/>
        <price t="2016-10-24" v="1453960000"/>
        <price t="2016-10-25" v="1499010000"/>
        <price t="2016-10-26" v="1492080000"/>
        <price t="2016-10-27" v="1486630000"/>
        <price t="2016-10-28" v="1476730000"/>
        <price t="2016-10-31" v="1469800000"/>
        <price t="2016-11-01" v="1450500000"/>
        <price t="2016-11-02" v="1434650000"/>
        <price t="2016-11-03" v="1432180000"/>
        <price t="2016-11-04" v="1420790000"/>
        <price t="2016-11-07" v="1435640000"/>
        <price t="2016-11-08" v="1441580000"/>
        <price t="2016-11-09" v="1440590000"/>
        <price t="2016-11-10" v="1414360000"/>
        <price t="2016-11-11" v="1422770000"/>
        <price t="2016-11-14" v="1416830000"/>
        <price t="2016-11-15" v="1424260000"/>
        <price t="2016-11-16" v="1426240000"/>
        <price t="2016-11-17" v="1437130000"/>
        <price t="2016-11-18" v="1426730000"/>
        <price t="2016-11-21" v="1426730000"/>
        <price t="2016-11-22" v="1450500000"/>
        <price t="2016-11-23" v="1451980000"/>
        <price t="2016-11-24" v="1456440000"/>
        <price t="2016-11-25" v="1462870000"/>
        <price t="2016-11-28" v="1451490000"/>
        <price t="2016-11-29" v="1463370000"/>
        <price t="2016-11-30" v="1471780000"/>
        <price t="2016-12-01" v="1450000000"/>
        <price t="2016-12-02" v="1458420000"/>
        <price t="2016-12-05" v="1475250000"/>
        <price t="2016-12-06" v="1491090000"/>
        <price t="2016-12-07" v="1510400000"/>
        <price t="2016-12-08" v="1548020000"/>
        <price t="2016-12-09" v="1557920000"/>
        <price t="2016-12-12" v="1549010000"/>
        <price t="2016-12-13" v="1571780000"/>
        <price t="2016-12-14" v="1570300000"/>
        <price t="2016-12-15" v="1579210000"/>
        <price t="2016-12-16" v="1584160000"/>
        <price t="2016-12-19" v="1591580000"/>
        <price t="2016-12-20" v="1600000000"/>
        <price t="2016-12-21" v="1590590000"/>
        <price t="2016-12-22" v="1590590000"/>
        <price t="2016-12-23" v="1596040000"/>
        <price t="2016-12-27" v="1602970000"/>
        <price t="2016-12-28" v="1600500000"/>
        <price t="2016-12-29" v="1613860000"/>
        <price t="2016-12-30" v="1619310000"/>
        <price t="2017-01-02" v="1626240000"/>
        <price t="2017-01-03" v="1620300000"/>
        <price t="2017-01-04" v="1639600000"/>
        <price t="2017-01-05" v="1644550000"/>
        <price t="2017-01-06" v="1638610000"/>
        <price t="2017-01-09" v="1622770000"/>
        <price t="2017-01-10" v="1608420000"/>
        <price t="2017-01-11" v="1620300000"/>
        <price t="2017-01-12" v="1607430000"/>
        <price t="2017-01-13" v="1619310000"/>
        <price t="2017-01-16" v="1609410000"/>
        <price t="2017-01-17" v="1608910000"/>
        <price t="2017-01-18" v="1611880000"/>
        <price t="2017-01-19" v="1605940000"/>
        <price t="2017-01-20" v="1626240000"/>
        <price t="2017-01-23" v="1615840000"/>
        <price t="2017-01-24" v="1602970000"/>
        <price t="2017-01-25" v="1616340000"/>
        <price t="2017-01-26" v="1629700000"/>
        <price t="2017-01-27" v="1618810000"/>
        <price t="2017-01-30" v="1610400000"/>
        <price t="2017-01-31" v="1600000000"/>
        <price t="2017-02-01" v="1586630000"/>
        <price t="2017-02-02" v="1577230000"/>
        <price t="2017-02-03" v="1583660000"/>
        <price t="2017-02-06" v="1566830000"/>
        <price t="2017-02-07" v="1554460000"/>
        <price t="2017-02-08" v="1560890000"/>
        <price t="2017-02-09" v="1577230000"/>
        <price t="2017-02-10" v="1579210000"/>
        <price t="2017-02-13" v="1570790000"/>
        <price t="2017-02-14" v="1563860000"/>
        <price t="2017-02-15" v="1573270000"/>
        <price t="2017-02-16" v="1577720000"/>
        <price t="2017-02-17" v="1570300000"/>
        <price t="2017-02-20" v="1608910000"/>
        <price t="2017-02-21" v="1613370000"/>
        <price t="2017-02-22" v="1632180000"/>
        <price t="2017-02-23" v="1632180000"/>
        <price t="2017-02-24" v="1626730000"/>
        <price t="2017-02-27" v="1617330000"/>
        <price t="2017-02-28" v="1614850000"/>
        <price t="2017-03-01" v="1630690000"/>
        <price t="2017-03-02" v="1611390000"/>
        <price t="2017-03-03" v="1600990000"/>
        <price t="2017-03-06" v="1588120000"/>
        <price t="2017-03-07" v="1588610000"/>
        <price t="2017-03-08" v="1580200000"/>
        <price t="2017-03-09" v="1591090000"/>
        <price t="2017-03-10" v="1592080000"/>
        <price t="2017-03-13" v="1582670000"/>
        <price t="2017-03-14" v="1586140000"/>
        <price t="2017-03-15" v="1583170000"/>
        <price t="2017-03-16" v="1591090000"/>
        <price t="2017-03-17" v="1594550000"/>
        <price t="2017-03-20" v="1584160000"/>
        <price t="2017-03-21" v="1579700000"/>
        <price t="2017-03-22" v="1579700000"/>
        <price t="2017-03-23" v="1597030000"/>
        <price t="2017-03-24" v="1598510000"/>
        <price t="2017-03-27" v="1602480000"/>
        <price t="2017-03-28" v="1615350000"/>
        <price t="2017-03-29" v="1619800000"/>
        <price t="2017-03-30" v="1611390000"/>
        <price t="2017-03-31" v="1626240000"/>
        <price t="2017-04-03" v="1623760000"/>
        <price t="2017-04-04" v="1620790000"/>
        <price t="2017-04-05" v="1609410000"/>
        <price t="2017-04-06" v="1606930000"/>
        <price t="2017-04-07" v="1601980000"/>
        <price t="2017-04-10" v="1603960000"/>
        <price t="2017-04-11" v="1599010000"/>
        <price t="2017-04-12" v="1597520000"/>
        <price t="2017-04-13" v="1589600000"/>
        <price t="2017-04-18" v="1582180000"/>
        <price t="2017-04-19" v="1580200000"/>
        <price t="2017-04-20" v="1575740000"/>
        <price t="2017-04-21" v="1577230000"/>
        <price t="2017-04-24" v="1619310000"/>
        <price t="2017-04-25" v="1629700000"/>
        <price t="2017-04-26" v="1623760000"/>
        <price t="2017-04-27" v="1602480000"/>
        <price t="2017-04-28" v="1594060000"/>
        <price t="2017-05-02" v="1613860000"/>
        <price t="2017-05-03" v="1624260000"/>
        <price t="2017-05-04" v="1636630000"/>
        <price t="2017-05-05" v="1644550000"/>
        <price t="2017-05-08" v="1664360000"/>
        <price t="2017-05-09" v="1668810000"/>
        <price t="2017-05-10" v="1668810000"/>
        <price t="2017-05-11" v="1654950000"/>
        <price t="2017-05-12" v="1735640000"/>
        <price t="2017-05-15" v="1730690000"/>
        <price t="2017-05-16" v="1747520000"/>
        <price t="2017-05-17" v="1729210000"/>
        <price t="2017-05-18" v="1721290000"/>
        <price t="2017-05-19" v="1762380000"/>
        <price t="2017-05-22" v="1786630000"/>
        <price t="2017-05-23" v="1782180000"/>
        <price t="2017-05-24" v="1766830000"/>
        <price t="2017-05-25" v="1767330000"/>
        <price t="2017-05-26" v="1773270000"/>
        <price t="2017-05-29" v="1776730000"/>
        <price t="2017-05-30" v="1760400000"/>
        <price t="2017-05-31" v="1754950000"/>
        <price t="2017-06-01" v="1728000000"/>
        <price t="2017-06-02" v="1738000000"/>
        <price t="2017-06-06" v="1722500000"/>
        <price t="2017-06-07" v="1730500000"/>
        <price t="2017-06-08" v="1709500000"/>
        <price t="2017-06-09" v="1712500000"/>
        <price t="2017-06-12" v="1695500000"/>
        <price t="2017-06-13" v="1688000000"/>
        <price t="2017-06-14" v="1679500000"/>
        <price t="2017-06-15" v="1639500000"/>
        <price t="2017-06-16" v="1669000000"/>
        <price t="2017-06-19" v="1680500000"/>
        <price t="2017-06-20" v="1679000000"/>
        <price t="2017-06-21" v="1678000000"/>
        <price t="2017-06-22" v="1669500000"/>
        <price t="2017-06-23" v="1666000000"/>
        <price t="2017-06-26" v="1662000000"/>
        <price t="2017-06-27" v="1624000000"/>
        <price t="2017-06-28" v="1624500000"/>
        <price t="2017-06-29" v="1590500000"/>
        <price t="2017-06-30" v="1572000000"/>
        <price t="2017-07-03" v="1582500000"/>
        <price t="2017-07-04" v="1567500000"/>
        <price t="2017-07-05" v="1555500000"/>
        <price t="2017-07-06" v="1555000000"/>
        <price t="2017-07-07" v="1557000000"/>
        <price t="2017-07-10" v="1569500000"/>
        <price t="2017-07-11" v="1565000000"/>
        <price t="2017-07-12" v="1585500000"/>
        <price t="2017-07-13" v="1594000000"/>
        <price t="2017-07-14" v="1584000000"/>
        <price t="2017-07-17" v="1573500000"/>
        <price t="2017-07-18" v="1556000000"/>
        <price t="2017-07-19" v="1564500000"/>
        <price t="2017-07-20" v="1573500000"/>
        <price t="2017-07-21" v="1557500000"/>
        <price t="2017-07-24" v="1553500000"/>
        <price t="2017-07-25" v="1546500000"/>
        <price t="2017-07-26" v="1552500000"/>
        <price t="2017-07-27" v="1565000000"/>
        <price t="2017-07-28" v="1556500000"/>
        <price t="2017-07-31" v="1544500000"/>
        <price t="2017-08-01" v="1559500000"/>
        <price t="2017-08-02" v="1553500000"/>
        <price t="2017-08-03" v="1555500000"/>
        <price t="2017-08-04" v="1575000000"/>
        <price t="2017-08-07" v="1594500000"/>
        <price t="2017-08-08" v="1597500000"/>
        <price t="2017-08-09" v="1584500000"/>
        <price t="2017-08-10" v="1563000000"/>
        <price t="2017-08-11" v="1550000000"/>
        <price t="2017-08-14" v="1576500000"/>
        <price t="2017-08-15" v="1569500000"/>
        <price t="2017-08-16" v="1561500000"/>
        <price t="2017-08-17" v="1556500000"/>
        <price t="2017-08-18" v="1551000000"/>
        <price t="2017-08-21" v="1543000000"/>
        <price t="2017-08-22" v="1556000000"/>
        <price t="2017-08-23" v="1543000000"/>
        <price t="2017-08-24" v="1537500000"/>
        <price t="2017-08-25" v="1530000000"/>
        <price t="2017-08-28" v="1526000000"/>
        <price t="2017-08-29" v="1510500000"/>
        <price t="2017-08-30" v="1512000000"/>
        <price t="2017-08-31" v="1516000000"/>
        <price t="2017-09-01" v="1511500000"/>
        <price t="2017-09-04" v="1509000000"/>
        <price t="2017-09-05" v="1500000000"/>
        <price t="2017-09-06" v="1500000000"/>
        <price t="2017-09-07" v="1509000000"/>
        <price t="2017-09-08" v="1503000000"/>
        <price t="2017-09-11" v="1514500000"/>
        <price t="2017-09-12" v="1511000000"/>
        <price t="2017-09-13" v="1501000000"/>
        <price t="2017-09-14" v="1499000000"/>
        <price t="2017-09-15" v="1500500000"/>
        <price t="2017-09-18" v="1508500000"/>
        <price t="2017-09-19" v="1555500000"/>
        <price t="2017-09-20" v="1568000000"/>
        <price t="2017-09-21" v="1534000000"/>
        <price t="2017-09-22" v="1546000000"/>
        <price t="2017-09-25" v="1561000000"/>
        <price t="2017-09-26" v="1572500000"/>
        <price t="2017-09-27" v="1570000000"/>
        <price t="2017-09-28" v="1570500000"/>
        <price t="2017-09-29" v="1578500000"/>
        <price t="2017-10-02" v="1573500000"/>
        <price t="2017-10-04" v="1566500000"/>
        <price t="2017-10-05" v="1569500000"/>
        <price t="2017-10-06" v="1569500000"/>
        <price t="2017-10-09" v="1570500000"/>
        <price t="2017-10-10" v="1567000000"/>
        <price t="2017-10-11" v="1565500000"/>
        <price t="2017-10-12" v="1543000000"/>
        <price t="2017-10-13" v="1545000000"/>
        <price t="2017-10-16" v="1555500000"/>
        <price t="2017-10-17" v="1542500000"/>
        <price t="2017-10-18" v="1555000000"/>
        <price t="2017-10-19" v="1535000000"/>
        <price t="2017-10-20" v="1540500000"/>
        <price t="2017-10-23" v="1542000000"/>
        <price t="2017-10-24" v="1552000000"/>
        <price t="2017-10-25" v="1540500000"/>
        <price t="2017-10-26" v="1550000000"/>
        <price t="2017-10-27" v="1560000000"/>
        <price t="2017-10-30" v="1564000000"/>
        <price t="2017-11-01" v="1535000000"/>
        <price t="2017-11-02" v="1545000000"/>
        <price t="2017-11-03" v="1564000000"/>
        <price t="2017-11-06" v="1523000000"/>
        <price t="2017-11-07" v="1514500000"/>
        <price t="2017-11-08" v="1504500000"/>
        <price t="2017-11-09" v="1508000000"/>
        <price t="2017-11-10" v="1507500000"/>
        <price t="2017-11-13" v="1503000000"/>
        <price t="2017-11-14" v="1501500000"/>
        <price t="2017-11-15" v="1507500000"/>
        <price t="2017-11-16" v="1510000000"/>
        <price t="2017-11-17" v="1496000000"/>
        <price t="2017-11-20" v="1500000000"/>
        <price t="2017-11-21" v="1494500000"/>
        <price t="2017-11-22" v="1478000000"/>
        <price t="2017-11-23" v="1483000000"/>
        <price t="2017-11-24" v="1480500000"/>
        <price t="2017-11-27" v="1476000000"/>
        <price t="2017-11-28" v="1483500000"/>
        <price t="2017-11-29" v="1481000000"/>
        <price t="2017-11-30" v="1501000000"/>
        <price t="2017-12-01" v="1497500000"/>
        <price t="2017-12-04" v="1524500000"/>
        <price t="2017-12-05" v="1527500000"/>
        <price t="2017-12-06" v="1536000000"/>
        <price t="2017-12-07" v="1562000000"/>
        <price t="2017-12-08" v="1552000000"/>
        <price t="2017-12-11" v="1533000000"/>
        <price t="2017-12-12" v="1528000000"/>
        <price t="2017-12-13" v="1520000000"/>
        <price t="2017-12-14" v="1517500000"/>
        <price t="2017-12-15" v="1506500000"/>
        <price t="2017-12-18" v="1524500000"/>
        <price t="2017-12-19" v="1510500000"/>
        <price t="2017-12-20" v="1500000000"/>
        <price t="2017-12-21" v="1504500000"/>
        <price t="2017-12-22" v="1500500000"/>
        <price t="2017-12-27" v="1499500000"/>
        <price t="2017-12-28" v="1483000000"/>
        <price t="2017-12-29" v="1479500000"/>
        <price t="2018-01-02" v="1482500000"/>
        <price t="2018-01-03" v="1479000000"/>
        <price t="2018-01-04" v="1487000000"/>
        <price t="2018-01-05" v="1495000000"/>
        <price t="2018-01-08" v="1503000000"/>
        <price t="2018-01-09" v="1498500000"/>
        <price t="2018-01-10" v="1474000000"/>
        <price t="2018-01-11" v="1440500000"/>
        <price t="2018-01-12" v="1446000000"/>
        <price t="2018-01-15" v="1446000000"/>
        <price t="2018-01-16" v="1456500000"/>
        <price t="2018-01-17" v="1444500000"/>
        <price t="2018-01-18" v="1443000000"/>
        <price t="2018-01-19" v="1443000000"/>
        <price t="2018-01-22" v="1473500000"/>
        <price t="2018-01-23" v="1482500000"/>
        <price t="2018-01-24" v="1470000000"/>
        <price t="2018-01-25" v="1458000000"/>
        <price t="2018-01-26" v="1457500000"/>
        <price t="2018-01-29" v="1447000000"/>
        <price t="2018-01-30" v="1419500000"/>
        <price t="2018-01-31" v="1412500000"/>
        <price t="2018-02-01" v="1395500000"/>
        <price t="2018-02-02" v="1380500000"/>
        <price t="2018-02-05" v="1367000000"/>
        <price t="2018-02-06" v="1330000000"/>
        <price t="2018-02-07" v="1348000000"/>
        <price t="2018-02-08" v="1312000000"/>
        <price t="2018-02-09" v="1296000000"/>
        <price t="2018-02-12" v="1322500000"/>
        <price t="2018-02-13" v="1301500000"/>
        <price t="2018-02-14" v="1307000000"/>
        <price t="2018-02-15" v="1302000000"/>
        <price t="2018-02-16" v="1316000000"/>
        <price t="2018-02-19" v="1318000000"/>
        <price t="2018-02-20" v="1329000000"/>
        <price t="2018-02-21" v="1328500000"/>
        <price t="2018-02-22" v="1297000000"/>
        <price t="2018-02-23" v="1339500000"/>
        <price t="2018-02-26" v="1347000000"/>
        <price t="2018-02-27" v="1328500000"/>
        <price t="2018-02-28" v="1326000000"/>
        <price t="2018-03-01" v="1307500000"/>
        <price t="2018-03-02" v="1287500000"/>
        <price t="2018-03-05" v="1306000000"/>
        <price t="2018-03-06" v="1320000000"/>
        <price t="2018-03-07" v="1316000000"/>
        <price t="2018-03-08" v="1325500000"/>
        <price t="2018-03-09" v="1322500000"/>
        <price t="2018-03-12" v="1325000000"/>
        <price t="2018-03-13" v="1310000000"/>
        <price t="2018-03-14" v="1312000000"/>
        <price t="2018-03-15" v="1315000000"/>
        <price t="2018-03-16" v="1341000000"/>
        <price t="2018-03-19" v="1327000000"/>
        <price t="2018-03-20" v="1319500000"/>
        <price t="2018-03-21" v="1314000000"/>
        <price t="2018-03-22" v="1291000000"/>
        <price t="2018-03-23" v="1295000000"/>
        <price t="2018-03-26" v="1280500000"/>
        <price t="2018-03-27" v="1298000000"/>
        <price t="2018-03-28" v="1305000000"/>
        <price t="2018-03-29" v="1325000000"/>
        <price t="2018-04-03" v="1313000000"/>
        <price t="2018-04-04" v="1311500000"/>
        <price t="2018-04-05" v="1345500000"/>
        <price t="2018-04-06" v="1345000000"/>
        <price t="2018-04-09" v="1351500000"/>
        <price t="2018-04-10" v="1355500000"/>
        <price t="2018-04-11" v="1385000000"/>
        <price t="2018-04-12" v="1387000000"/>
        <price t="2018-04-13" v="1395000000"/>
        <price t="2018-04-16" v="1387000000"/>
        <price t="2018-04-17" v="1404500000"/>
        <price t="2018-04-18" v="1399500000"/>
        <price t="2018-04-19" v="1395500000"/>
        <price t="2018-04-20" v="1404500000"/>
        <price t="2018-04-23" v="1421500000"/>
        <price t="2018-04-24" v="1411500000"/>
        <price t="2018-04-25" v="1409000000"/>
        <price t="2018-04-26" v="1433500000"/>
        <price t="2018-04-27" v="1454000000"/>
        <price t="2018-04-30" v="1449500000"/>
        <price t="2018-05-02" v="1454500000"/>
        <price t="2018-05-03" v="1436500000"/>
        <price t="2018-05-04" v="1450000000"/>
        <price t="2018-05-07" v="1456500000"/>
        <price t="2018-05-08" v="1450500000"/>
        <price t="2018-05-09" v="1430000000"/>
        <price t="2018-05-10" v="1431000000"/>
        <price t="2018-05-11" v="1427000000"/>
        <price t="2018-05-14" v="1422000000"/>
        <price t="2018-05-15" v="1415500000"/>
        <price t="2018-05-16" v="1415000000"/>
        <price t="2018-05-17" v="1414000000"/>
        <price t="2018-05-18" v="1344500000"/>
        <price t="2018-05-22" v="1353500000"/>
        <price t="2018-05-23" v="1352000000"/>
        <price t="2018-05-24" v="1331500000"/>
        <price t="2018-05-25" v="1337000000"/>
        <price t="2018-05-28" v="1329500000"/>
        <price t="2018-05-29" v="1316000000"/>
        <price t="2018-05-30" v="1333000000"/>
        <price t="2018-05-31" v="1322000000"/>
        <price t="2018-06-01" v="1323000000"/>
        <price t="2018-06-04" v="1333000000"/>
        <price t="2018-06-05" v="1339500000"/>
        <price t="2018-06-06" v="1345000000"/>
        <price t="2018-06-07" v="1345500000"/>
        <price t="2018-06-08" v="1333500000"/>
        <price t="2018-06-11" v="1364500000"/>
        <price t="2018-06-12" v="1378500000"/>
        <price t="2018-06-13" v="1362000000"/>
        <price t="2018-06-14" v="1385000000"/>
        <price t="2018-06-15" v="1380500000"/>
        <price t="2018-06-18" v="1360500000"/>
        <price t="2018-06-19" v="1350000000"/>
        <price t="2018-06-20" v="1347000000"/>
        <price t="2018-06-21" v="1338500000"/>
        <price t="2018-06-22" v="1354000000"/>
        <price t="2018-06-25" v="1331500000"/>
        <price t="2018-06-26" v="1320000000"/>
        <price t="2018-06-27" v="1332500000"/>
        <price t="2018-06-28" v="1325500000"/>
        <price t="2018-06-29" v="1327000000"/>
        <price t="2018-07-02" v="1328500000"/>
        <price t="2018-07-03" v="1354000000"/>
        <price t="2018-07-04" v="1374000000"/>
        <price t="2018-07-05" v="1378500000"/>
        <price t="2018-07-06" v="1383500000"/>
        <price t="2018-07-09" v="1384500000"/>
        <price t="2018-07-10" v="1389000000"/>
        <price t="2018-07-11" v="1381000000"/>
        <price t="2018-07-12" v="1386500000"/>
        <price t="2018-07-13" v="1376000000"/>
        <price t="2018-07-16" v="1372500000"/>
        <price t="2018-07-17" v="1371000000"/>
        <price t="2018-07-18" v="1378000000"/>
        <price t="2018-07-19" v="1378000000"/>
        <price t="2018-07-20" v="1374500000"/>
        <price t="2018-07-23" v="1369500000"/>
        <price t="2018-07-24" v="1360500000"/>
        <price t="2018-07-25" v="1362500000"/>
        <price t="2018-07-26" v="1386500000"/>
        <price t="2018-07-27" v="1414500000"/>
        <price t="2018-07-30" v="1418000000"/>
        <price t="2018-07-31" v="1415000000"/>
        <price t="2018-08-01" v="1417000000"/>
        <price t="2018-08-02" v="1402500000"/>
        <price t="2018-08-03" v="1423500000"/>
        <price t="2018-08-06" v="1424000000"/>
        <price t="2018-08-07" v="1427000000"/>
        <price t="2018-08-08" v="1429000000"/>
        <price t="2018-08-09" v="1428000000"/>
        <price t="2018-08-10" v="1395000000"/>
        <price t="2018-08-13" v="1402000000"/>
        <price t="2018-08-14" v="1407500000"/>
        <price t="2018-08-15" v="1391500000"/>
        <price t="2018-08-16" v="1400000000"/>
        <price t="2018-08-17" v="1394500000"/>
        <price t="2018-08-20" v="1398000000"/>
        <price t="2018-08-21" v="1399000000"/>
        <price t="2018-08-22" v="1413500000"/>
        <price t="2018-08-23" v="1417000000"/>
        <price t="2018-08-24" v="1411500000"/>
        <price t="2018-08-27" v="1418000000"/>
        <price t="2018-08-28" v="1405500000"/>
        <price t="2018-08-29" v="1411000000"/>
        <price t="2018-08-30" v="1397000000"/>
        <price t="2018-08-31" v="1391000000"/>
        <price t="2018-09-03" v="1397500000"/>
        <price t="2018-09-04" v="1374000000"/>
        <price t="2018-09-05" v="1344500000"/>
        <price t="2018-09-06" v="1343500000"/>
        <price t="2018-09-07" v="1358500000"/>
        <price t="2018-09-10" v="1364500000"/>
        <price t="2018-09-11" v="1370000000"/>
        <price t="2018-09-12" v="1366000000"/>
        <price t="2018-09-13" v="1370000000"/>
        <price t="2018-09-14" v="1374500000"/>
        <price t="2018-09-17" v="1376500000"/>
        <price t="2018-09-18" v="1389500000"/>
        <price t="2018-09-19" v="1374500000"/>
        <price t="2018-09-20" v="1384000000"/>
        <price t="2018-09-21" v="1390000000"/>
        <price t="2018-09-24" v="1380000000"/>
        <price t="2018-09-25" v="1384500000"/>
        <price t="2018-09-26" v="1397000000"/>
        <price t="2018-09-27" v="1407500000"/>
        <price t="2018-09-28" v="1388500000"/>
        <price t="2018-10-01" v="1389000000"/>
        <price t="2018-10-02" v="1385500000"/>
        <price t="2018-10-04" v="1406500000"/>
        <price t="2018-10-05" v="1401500000"/>
        <price t="2018-10-08" v="1395000000"/>
        <price t="2018-10-09" v="1391000000"/>
        <price t="2018-10-10" v="1428500000"/>
        <price t="2018-10-11" v="1400000000"/>
        <price t="2018-10-12" v="1385500000"/>
        <price t="2018-10-15" v="1414500000"/>
        <price t="2018-10-16" v="1426000000"/>
        <price t="2018-10-17" v="1439500000"/>
        <price t="2018-10-18" v="1455000000"/>
        <price t="2018-10-19" v="1465500000"/>
        <price t="2018-10-22" v="1456500000"/>
        <price t="2018-10-23" v="1442000000"/>
        <price t="2018-10-24" v="1455000000"/>
        <price t="2018-10-25" v="1443500000"/>
        <price t="2018-10-26" v="1420000000"/>
        <price t="2018-10-29" v="1421500000"/>
        <price t="2018-10-30" v="1438500000"/>
        <price t="2018-10-31" v="1449500000"/>
        <price t="2018-11-01" v="1445000000"/>
        <price t="2018-11-02" v="1439000000"/>
        <price t="2018-11-05" v="1447000000"/>
        <price t="2018-11-06" v="1450500000"/>
        <price t="2018-11-07" v="1468000000"/>
        <price t="2018-11-08" v="1466000000"/>
        <price t="2018-11-09" v="1469500000"/>
        <price t="2018-11-12" v="1468500000"/>
        <price t="2018-11-13" v="1491500000"/>
        <price t="2018-11-14" v="1496500000"/>
        <price t="2018-11-15" v="1493000000"/>
        <price t="2018-11-16" v="1513000000"/>
        <price t="2018-11-19" v="1517000000"/>
        <price t="2018-11-20" v="1518500000"/>
        <price t="2018-11-21" v="1530500000"/>
        <price t="2018-11-22" v="1511000000"/>
        <price t="2018-11-23" v="1522000000"/>
        <price t="2018-11-26" v="1537500000"/>
        <price t="2018-11-27" v="1548000000"/>
        <price t="2018-11-28" v="1538000000"/>
        <price t="2018-11-29" v="1538500000"/>
        <price t="2018-11-30" v="1548500000"/>
        <price t="2018-12-03" v="1544500000"/>
        <price t="2018-12-04" v="1543000000"/>
        <price t="2018-12-05" v="1532000000"/>
        <price t="2018-12-06" v="1503000000"/>
        <price t="2018-12-07" v="1511000000"/>
        <price t="2018-12-10" v="1498500000"/>
        <price t="2018-12-11" v="1507500000"/>
        <price t="2018-12-12" v="1519000000"/>
        <price t="2018-12-13" v="1507500000"/>
        <price t="2018-12-14" v="1510500000"/>
        <price t="2018-12-17" v="1521500000"/>
        <price t="2018-12-18" v="1514000000"/>
        <price t="2018-12-19" v="1537500000"/>
        <price t="2018-12-20" v="1512500000"/>
        <price t="2018-12-21" v="1501000000"/>
        <price t="2018-12-27" v="1459000000"/>
        <price t="2018-12-28" v="1482000000"/>
        <price t="2019-01-02" v="1482000000"/>
        <price t="2019-01-03" v="1493000000"/>
        <price t="2019-01-04" v="1504500000"/>
        <price t="2019-01-07" v="1506500000"/>
        <price t="2019-01-08" v="1486500000"/>
        <price t="2019-01-09" v="1477000000"/>
        <price t="2019-01-10" v="1478000000"/>
        <price t="2019-01-11" v="1473500000"/>
        <price t="2019-01-14" v="1470500000"/>
        <price t="2019-01-15" v="1468500000"/>
        <price t="2019-01-16" v="1467500000"/>
        <price t="2019-01-17" v="1459000000"/>
        <price t="2019-01-18" v="1489000000"/>
        <price t="2019-01-21" v="1453000000"/>
        <price t="2019-01-22" v="1454000000"/>
        <price t="2019-01-23" v="1445500000"/>
        <price t="2019-01-24" v="1419000000"/>
        <price t="2019-01-25" v="1409500000"/>
        <price t="2019-01-28" v="1420000000"/>
        <price t="2019-01-29" v="1428500000"/>
        <price t="2019-01-30" v="1423500000"/>
        <price t="2019-01-31" v="1419000000"/>
        <price t="2019-02-01" v="1421000000"/>
        <price t="2019-02-04" v="1415500000"/>
        <price t="2019-02-05" v="1448500000"/>
        <price t="2019-02-06" v="1434000000"/>
        <price t="2019-02-07" v="1418500000"/>
        <price t="2019-02-08" v="1414000000"/>
        <price t="2019-02-11" v="1416000000"/>
        <price t="2019-02-12" v="1415500000"/>
        <price t="2019-02-13" v="1416500000"/>
        <price t="2019-02-14" v="1414500000"/>
        <price t="2019-02-15" v="1426000000"/>
        <price t="2019-02-18" v="1438000000"/>
        <price t="2019-02-19" v="1448000000"/>
        <price t="2019-02-20" v="1458000000"/>
        <price t="2019-02-21" v="1463500000"/>
        <price t="2019-02-22" v="1468000000"/>
        <price t="2019-02-25" v="1458000000"/>
        <price t="2019-02-26" v="1449500000"/>
        <price t="2019-02-27" v="1448000000"/>
        <price t="2019-02-28" v="1448500000"/>
        <price t="2019-03-01" v="1452500000"/>
        <price t="2019-03-04" v="1458500000"/>
        <price t="2019-03-05" v="1469000000"/>
        <price t="2019-03-06" v="1468500000"/>
        <price t="2019-03-07" v="1487000000"/>
        <price t="2019-03-08" v="1486500000"/>
        <price t="2019-03-11" v="1496500000"/>
        <price t="2019-03-12" v="1500500000"/>
        <price t="2019-03-13" v="1511000000"/>
        <price t="2019-03-14" v="1519000000"/>
        <price t="2019-03-15" v="1546000000"/>
        <price t="2019-03-18" v="1565000000"/>
        <price t="2019-03-19" v="1569000000"/>
        <price t="2019-03-20" v="1566500000"/>
        <price t="2019-03-21" v="1580000000"/>
        <price t="2019-03-22" v="1564500000"/>
        <price t="2019-03-25" v="1555000000"/>
        <price t="2019-03-26" v="1563500000"/>
        <price t="2019-03-27" v="1563500000"/>
        <price t="2019-03-28" v="1553000000"/>
        <price t="2019-03-29" v="1479500000"/>
        <price t="2019-04-01" v="1483400000"/>
        <price t="2019-04-02" v="1482400000"/>
        <price t="2019-04-03" v="1494600000"/>
        <price t="2019-04-04" v="1505200000"/>
        <price t="2019-04-05" v="1498400000"/>
        <price t="2019-04-08" v="1497400000"/>
        <price t="2019-04-09" v="1496800000"/>
        <price t="2019-04-10" v="1492600000"/>
        <price t="2019-04-11" v="1486000000"/>
        <price t="2019-04-12" v="1482800000"/>
        <price t="2019-04-15" v="1495200000"/>
        <price t="2019-04-16" v="1495000000"/>
        <price t="2019-04-17" v="1478000000"/>
        <price t="2019-04-18" v="1488800000"/>
        <price t="2019-04-23" v="1500000000"/>
        <price t="2019-04-24" v="1482400000"/>
        <price t="2019-04-25" v="1492000000"/>
        <price t="2019-04-26" v="1496000000"/>
        <price t="2019-04-29" v="1495000000"/>
        <price t="2019-04-30" v="1491400000"/>
        <price t="2019-05-02" v="1499000000"/>
        <price t="2019-05-03" v="1491800000"/>
        <price t="2019-05-06" v="1489400000"/>
        <price t="2019-05-07" v="1486200000"/>
        <price t="2019-05-08" v="1493000000"/>
        <price t="2019-05-09" v="1484600000"/>
        <price t="2019-05-10" v="1491400000"/>
        <price t="2019-05-13" v="1464000000"/>
        <price t="2019-05-14" v="1486800000"/>
        <price t="2019-05-15" v="1486600000"/>
        <price t="2019-05-16" v="1520600000"/>
        <price t="2019-05-17" v="1521000000"/>
        <price t="2019-05-20" v="1528600000"/>
        <price t="2019-05-21" v="1511800000"/>
        <price t="2019-05-22" v="1509000000"/>
        <price t="2019-05-23" v="1504600000"/>
        <price t="2019-05-24" v="1507000000"/>
        <price t="2019-05-27" v="1521600000"/>
        <price t="2019-05-28" v="1526000000"/>
        <price t="2019-05-29" v="1516400000"/>
        <price t="2019-05-30" v="1520400000"/>
        <price t="2019-05-31" v="1511000000"/>
        <price t="2019-06-03" v="1522400000"/>
        <price t="2019-06-04" v="1523400000"/>
        <price t="2019-06-05" v="1529600000"/>
        <price t="2019-06-06" v="1535400000"/>
        <price t="2019-06-07" v="1538800000"/>
        <price t="2019-06-11" v="1532800000"/>
        <price t="2019-06-12" v="1547000000"/>
        <price t="2019-06-13" v="1546000000"/>
        <price t="2019-06-14" v="1539000000"/>
        <price t="2019-06-17" v="1535400000"/>
        <price t="2019-06-18" v="1557800000"/>
        <price t="2019-06-19" v="1552000000"/>
        <price t="2019-06-20" v="1545400000"/>
        <price t="2019-06-21" v="1541200000"/>
        <price t="2019-06-24" v="1535600000"/>
        <price t="2019-06-25" v="1535600000"/>
        <price t="2019-06-26" v="1527000000"/>
        <price t="2019-06-27" v="1517000000"/>
        <price t="2019-06-28" v="1521200000"/>
        <price t="2019-07-01" v="1523800000"/>
        <price t="2019-07-02" v="1522600000"/>
        <price t="2019-07-03" v="1536600000"/>
        <price t="2019-07-04" v="1552000000"/>
        <price t="2019-07-05" v="1546000000"/>
        <price t="2019-07-08" v="1544800000"/>
        <price t="2019-07-09" v="1546000000"/>
        <price t="2019-07-10" v="1541000000"/>
        <price t="2019-07-11" v="1531200000"/>
        <price t="2019-07-12" v="1524600000"/>
        <price t="2019-07-15" v="1506000000"/>
        <price t="2019-07-16" v="1500000000"/>
        <price t="2019-07-17" v="1487200000"/>
        <price t="2019-07-18" v="1477000000"/>
        <price t="2019-07-19" v="1468400000"/>
        <price t="2019-07-22" v="1470000000"/>
        <price t="2019-07-23" v="1473800000"/>
        <price t="2019-07-24" v="1481400000"/>
        <price t="2019-07-25" v="1465600000"/>
        <price t="2019-07-26" v="1484400000"/>
        <price t="2019-07-29" v="1514200000"/>
        <price t="2019-07-30" v="1488800000"/>
        <price t="2019-07-31" v="1488000000"/>
        <price t="2019-08-01" v="1505200000"/>
        <price t="2019-08-02" v="1482800000"/>
        <price t="2019-08-05" v="1465800000"/>
        <price t="2019-08-06" v="1460000000"/>
        <price t="2019-08-07" v="1462600000"/>
        <price t="2019-08-08" v="1454800000"/>
        <price t="2019-08-09" v="1445200000"/>
        <price t="2019-08-12" v="1446200000"/>
        <price t="2019-08-13" v="1458800000"/>
        <price t="2019-08-14" v="1453800000"/>
        <price t="2019-08-15" v="1464800000"/>
        <price t="2019-08-16" v="1488200000"/>
        <price t="2019-08-19" v="1498200000"/>
        <price t="2019-08-20" v="1496400000"/>
        <price t="2019-08-21" v="1488000000"/>
        <price t="2019-08-22" v="1482600000"/>
        <price t="2019-08-23" v="1477400000"/>
        <price t="2019-08-26" v="1481200000"/>
        <price t="2019-08-27" v="1490000000"/>
        <price t="2019-08-28" v="1492800000"/>
        <price t="2019-08-29" v="1514000000"/>
        <price t="2019-08-30" v="1517600000"/>
        <price t="2019-09-02" v="1525000000"/>
        <price t="2019-09-03" v="1519200000"/>
        <price t="2019-09-04" v="1519600000"/>
        <price t="2019-09-05" v="1508000000"/>
        <price t="2019-09-06" v="1509200000"/>
        <price t="2019-09-09" v="1503400000"/>
        <price t="2019-09-10" v="1505200000"/>
        <price t="2019-09-11" v="1509000000"/>
        <price t="2019-09-12" v="1517600000"/>
        <price t="2019-09-13" v="1513600000"/>
        <price t="2019-09-16" v="1513200000"/>
        <price t="2019-09-17" v="1513400000"/>
        <price t="2019-09-18" v="1520600000"/>
        <price t="2019-09-19" v="1524800000"/>
        <price t="2019-09-20" v="1537800000"/>
        <price t="2019-09-23" v="1542400000"/>
        <price t="2019-09-24" v="1533400000"/>
        <price t="2019-09-25" v="1529600000"/>
        <price t="2019-09-26" v="1542400000"/>
        <price t="2019-09-27" v="1536200000"/>
        <price t="2019-09-30" v="1539400000"/>
        <price t="2019-10-01" v="1533800000"/>
        <price t="2019-10-02" v="1505200000"/>
        <price t="2019-10-04" v="1513200000"/>
        <price t="2019-10-07" v="1525000000"/>
        <price t="2019-10-08" v="1527200000"/>
        <price t="2019-10-09" v="1535000000"/>
        <price t="2019-10-10" v="1530400000"/>
        <price t="2019-10-11" v="1545600000"/>
        <price t="2019-10-14" v="1549600000"/>
        <price t="2019-10-15" v="1572200000"/>
        <price t="2019-10-16" v="1570800000"/>
        <price t="2019-10-17" v="1584200000"/>
        <price t="2019-10-18" v="1593200000"/>
        <price t="2019-10-21" v="1598200000"/>
        <price t="2019-10-22" v="1614200000"/>
        <price t="2019-10-23" v="1625400000"/>
        <price t="2019-10-24" v="1599200000"/>
        <price t="2019-10-25" v="1600600000"/>
        <price t="2019-10-28" v="1590400000"/>
        <price t="2019-10-29" v="1566000000"/>
        <price t="2019-10-30" v="1571800000"/>
        <price t="2019-10-31" v="1576800000"/>
        <price t="2019-11-01" v="1561600000"/>
        <price t="2019-11-04" v="1566600000"/>
        <price t="2019-11-05" v="1563600000"/>
        <price t="2019-11-06" v="1567600000"/>
        <price t="2019-11-07" v="1535600000"/>
        <price t="2019-11-08" v="1544000000"/>
        <price t="2019-11-11" v="1529800000"/>
        <price t="2019-11-12" v="1535200000"/>
        <price t="2019-11-13" v="1528000000"/>
        <price t="2019-11-14" v="1512800000"/>
        <price t="2019-11-15" v="1519400000"/>
        <price t="2019-11-18" v="1520800000"/>
        <price t="2019-11-19" v="1515600000"/>
        <price t="2019-11-20" v="1510000000"/>
        <price t="2019-11-21" v="1506000000"/>
        <price t="2019-11-22" v="1509800000"/>
        <price t="2019-11-25" v="1507800000"/>
        <price t="2019-11-26" v="1505200000"/>
        <price t="2019-11-27" v="1525200000"/>
        <price t="2019-11-28" v="1521200000"/>
        <price t="2019-11-29" v="1523600000"/>
        <price t="2019-12-02" v="1490600000"/>
        <price t="2019-12-03" v="1491800000"/>
        <price t="2019-12-04" v="1503200000"/>
        <price t="2019-12-05" v="1501000000"/>
        <price t="2019-12-06" v="1506400000"/>
        <price t="2019-12-09" v="1502400000"/>
        <price t="2019-12-10" v="1489200000"/>
        <price t="2019-12-11" v="1489600000"/>
        <price t="2019-12-12" v="1477800000"/>
        <price t="2019-12-13" v="1476200000"/>
        <price t="2019-12-16" v="1488400000"/>
        <price t="2019-12-17" v="1486000000"/>
        <price t="2019-12-18" v="1474200000"/>
        <price t="2019-12-19" v="1473400000"/>
        <price t="2019-12-20" v="1480200000"/>
        <price t="2019-12-23" v="1472000000"/>
        <price t="2019-12-27" v="1471600000"/>
        <price t="2019-12-30" v="1457000000"/>
        <price t="2020-01-02" v="1461000000"/>
        <price t="2020-01-03" v="1461400000"/>
        <price t="2020-01-06" v="1457800000"/>
        <price t="2020-01-07" v="1460600000"/>
        <price t="2020-01-08" v="1454800000"/>
        <price t="2020-01-09" v="1485000000"/>
        <price t="2020-01-10" v="1476200000"/>
        <price t="2020-01-13" v="1465200000"/>
        <price t="2020-01-14" v="1464000000"/>
        <price t="2020-01-15" v="1468000000"/>
        <price t="2020-01-16" v="1469600000"/>
        <price t="2020-01-17" v="1468000000"/>
        <price t="2020-01-20" v="1476000000"/>
        <price t="2020-01-21" v="1483200000"/>
        <price t="2020-01-22" v="1486800000"/>
        <price t="2020-01-23" v="1466800000"/>
        <price t="2020-01-24" v="1480000000"/>
        <price t="2020-01-27" v="1456400000"/>
        <price t="2020-01-28" v="1491000000"/>
        <price t="2020-01-29" v="1485800000"/>
        <price t="2020-01-30" v="1467800000"/>
        <price t="2020-01-31" v="1460600000"/>
        <price t="2020-02-03" v="1463800000"/>
        <price t="2020-02-04" v="1467400000"/>
        <price t="2020-02-05" v="1473000000"/>
        <price t="2020-02-06" v="1484800000"/>
        <price t="2020-02-07" v="1490200000"/>
        <price t="2020-02-10" v="1486400000"/>
        <price t="2020-02-11" v="1542200000"/>
        <price t="2020-02-12" v="1561200000"/>
        <price t="2020-02-13" v="1556000000"/>
        <price t="2020-02-14" v="1563000000"/>
        <price t="2020-02-17" v="1567800000"/>
        <price t="2020-02-18" v="1589000000"/>
        <price t="2020-02-19" v="1655000000"/>
        <price t="2020-02-20" v="1662600000"/>
        <price t="2020-02-21" v="1650000000"/>
        <price t="2020-02-24" v="1616000000"/>
        <price t="2020-02-25" v="1578200000"/>
        <price t="2020-02-26" v="1573600000"/>
        <price t="2020-02-27" v="1532400000"/>
        <price t="2020-02-28" v="1475600000"/>
        <price t="2020-03-02" v="1473600000"/>
        <price t="2020-03-03" v="1476600000"/>
        <price t="2020-03-04" v="1503600000"/>
        <price t="2020-03-05" v="1497400000"/>
        <price t="2020-03-06" v="1463200000"/>
        <price t="2020-03-09" v="1366200000"/>
        <price t="2020-03-10" v="1308200000"/>
        <price t="2020-03-11" v="1293200000"/>
        <price t="2020-03-12" v="1155400000"/>
        <price t="2020-03-13" v="1152000000"/>
        <price t="2020-03-16" v="1094200000"/>
        <price t="2020-03-17" v="1144200000"/>
        <price t="2020-03-18" v="1083200000"/>
        <price t="2020-03-19" v="1153800000"/>
        <price t="2020-03-20" v="1208600000"/>
        <price t="2020-03-23" v="1146200000"/>
        <price t="2020-03-24" v="1203400000"/>
        <price t="2020-03-25" v="1199000000"/>
        <price t="2020-03-26" v="1197200000"/>
        <price t="2020-03-27" v="1170200000"/>
        <price t="2020-03-30" v="1198600000"/>
        <price t="2020-03-31" v="1181400000"/>
        <price t="2020-04-01" v="1152000000"/>
        <price t="2020-04-02" v="1165000000"/>
        <price t="2020-04-03" v="1164000000"/>
        <price t="2020-04-06" v="1218500000"/>
        <price t="2020-04-07" v="1238500000"/>
        <price t="2020-04-08" v="1236500000"/>
        <price t="2020-04-09" v="1236500000"/>
        <price t="2020-04-14" v="1251500000"/>
        <price t="2020-04-15" v="1219500000"/>
        <price t="2020-04-16" v="1221000000"/>
        <price t="2020-04-17" v="1251000000"/>
        <price t="2020-04-20" v="1267000000"/>
        <price t="2020-04-21" v="1221000000"/>
        <price t="2020-04-22" v="1256500000"/>
        <price t="2020-04-23" v="1258000000"/>
        <price t="2020-04-24" v="1258500000"/>
        <price t="2020-04-27" v="1296000000"/>
        <price t="2020-04-28" v="1290000000"/>
        <price t="2020-04-29" v="1338500000"/>
        <price t="2020-04-30" v="1332500000"/>
        <price t="2020-05-04" v="1288500000"/>
        <price t="2020-05-05" v="1298500000"/>
        <price t="2020-05-06" v="1290000000"/>
        <price t="2020-05-07" v="1328500000"/>
        <price t="2020-05-08" v="1366000000"/>
        <price t="2020-05-11" v="1351500000"/>
        <price t="2020-05-12" v="1375000000"/>
        <price t="2020-05-13" v="1351500000"/>
        <price t="2020-05-14" v="1369500000"/>
        <price t="2020-05-15" v="1364000000"/>
        <price t="2020-05-18" v="1395000000"/>
        <price t="2020-05-19" v="1364500000"/>
        <price t="2020-05-20" v="1372000000"/>
        <price t="2020-05-21" v="1364000000"/>
        <price t="2020-05-22" v="1363500000"/>
        <price t="2020-05-25" v="1383000000"/>
        <price t="2020-05-26" v="1381500000"/>
        <price t="2020-05-27" v="1409500000"/>
        <price t="2020-05-28" v="1436000000"/>
        <price t="2020-05-29" v="1417500000"/>
        <price t="2020-06-02" v="1465500000"/>
        <price t="2020-06-03" v="1501500000"/>
        <price t="2020-06-04" v="1500500000"/>
        <price t="2020-06-05" v="1522500000"/>
        <price t="2020-06-08" v="1520500000"/>
        <price t="2020-06-09" v="1519000000"/>
        <price t="2020-06-10" v="1515500000"/>
        <price t="2020-06-11" v="1473000000"/>
        <price t="2020-06-12" v="1456000000"/>
        <price t="2020-06-15" v="1468000000"/>
        <price t="2020-06-16" v="1513500000"/>
        <price t="2020-06-17" v="1531000000"/>
        <price t="2020-06-18" v="1530500000"/>
        <price t="2020-06-19" v="1548000000"/>
        <price t="2020-06-22" v="1469500000"/>
        <price t="2020-06-23" v="1504000000"/>
        <price t="2020-06-24" v="1465000000"/>
        <price t="2020-06-25" v="1477000000"/>
        <price t="2020-06-26" v="1458000000"/>
        <price t="2020-06-29" v="1480500000"/>
        <price t="2020-06-30" v="1493000000"/>
        <price t="2020-07-01" v="1490000000"/>
        <price t="2020-07-02" v="1514000000"/>
        <price t="2020-07-03" v="1498000000"/>
        <price t="2020-07-06" v="1509500000"/>
        <price t="2020-07-07" v="1492500000"/>
        <price t="2020-07-08" v="1487000000"/>
        <price t="2020-07-09" v="1474500000"/>
        <price t="2020-07-10" v="1489500000"/>
        <price t="2020-07-13" v="1511000000"/>
        <price t="2020-07-14" v="1516000000"/>
        <price t="2020-07-15" v="1522000000"/>
        <price t="2020-07-16" v="1530500000"/>
        <price t="2020-07-17" v="1530500000"/>
        <price t="2020-07-20" v="1544000000"/>
        <price t="2020-07-21" v="1543500000"/>
        <price t="2020-07-22" v="1527500000"/>
        <price t="2020-07-23" v="1524000000"/>
        <price t="2020-07-24" v="1489000000"/>
        <price t="2020-07-27" v="1473000000"/>
        <price t="2020-07-28" v="1472000000"/>
        <price t="2020-07-29" v="1467500000"/>
        <price t="2020-07-30" v="1431000000"/>
        <price t="2020-07-31" v="1421500000"/>
        <price t="2020-08-03" v="1447000000"/>
        <price t="2020-08-04" v="1458000000"/>
        <price t="2020-08-05" v="1458500000"/>
        <price t="2020-08-06" v="1446500000"/>
        <price t="2020-08-07" v="1482500000"/>
        <price t="2020-08-10" v="1486000000"/>
        <price t="2020-08-11" v="1498500000"/>
        <price t="2020-08-12" v="1514500000"/>
        <price t="2020-08-13" v="1531000000"/>
        <price t="2020-08-14" v="1534000000"/>
        <price t="2020-08-17" v="1515500000"/>
        <price t="2020-08-18" v="1500000000"/>
        <price t="2020-08-19" v="1517000000"/>
        <price t="2020-08-20" v="1495500000"/>
        <price t="2020-08-21" v="1484000000"/>
        <price t="2020-08-24" v="1516500000"/>
        <price t="2020-08-25" v="1516500000"/>
        <price t="2020-08-26" v="1514000000"/>
        <price t="2020-08-27" v="1514000000"/>
        <price t="2020-08-28" v="1498000000"/>
        <price t="2020-08-31" v="1475000000"/>
        <price t="2020-09-01" v="1463000000"/>
        <price t="2020-09-02" v="1539500000"/>
        <price t="2020-09-03" v="1527000000"/>
        <price t="2020-09-04" v="1497500000"/>
        <price t="2020-09-07" v="1517500000"/>
        <price t="2020-09-08" v="1498500000"/>
        <price t="2020-09-09" v="1540500000"/>
        <price t="2020-09-10" v="1535500000"/>
        <price t="2020-09-11" v="1530000000"/>
        <price t="2020-09-14" v="1524500000"/>
        <price t="2020-09-15" v="1525000000"/>
        <price t="2020-09-16" v="1523000000"/>
        <price t="2020-09-17" v="1519000000"/>
        <price t="2020-09-18" v="1494000000"/>
        <price t="2020-09-21" v="1450000000"/>
        <price t="2020-09-22" v="1445500000"/>
        <price t="2020-09-23" v="1439000000"/>
        <price t="2020-09-24" v="1432000000"/>
        <price t="2020-09-25" v="1419000000"/>
        <price t="2020-09-28" v="1434000000"/>
        <price t="2020-09-29" v="1427500000"/>
        <price t="2020-09-30" v="1429000000"/>
        <price t="2020-10-01" v="1447000000"/>
        <price t="2020-10-02" v="1451000000"/>
        <price t="2020-10-05" v="1469000000"/>
        <price t="2020-10-06" v="1470000000"/>
        <price t="2020-10-07" v="1446500000"/>
        <price t="2020-10-08" v="1445000000"/>
        <price t="2020-10-09" v="1439500000"/>
        <price t="2020-10-12" v="1449000000"/>
        <price t="2020-10-13" v="1453500000"/>
        <price t="2020-10-14" v="1447500000"/>
        <price t="2020-10-15" v="1402000000"/>
        <price t="2020-10-16" v="1404000000"/>
        <price t="2020-10-19" v="1395000000"/>
        <price t="2020-10-20" v="1368000000"/>
        <price t="2020-10-21" v="1348000000"/>
        <price t="2020-10-22" v="1342500000"/>
        <price t="2020-10-23" v="1346500000"/>
        <price t="2020-10-26" v="1325000000"/>
        <price t="2020-10-27" v="1307000000"/>
        <price t="2020-10-28" v="1281500000"/>
        <price t="2020-10-29" v="1313500000"/>
        <price t="2020-10-30" v="1307000000"/>
        <price t="2020-11-02" v="1337500000"/>
        <price t="2020-11-03" v="1353500000"/>
        <price t="2020-11-04" v="1371000000"/>
        <price t="2020-11-05" v="1390500000"/>
        <price t="2020-11-06" v="1417500000"/>
        <price t="2020-11-09" v="1469000000"/>
        <price t="2020-11-10" v="1477500000"/>
        <price t="2020-11-11" v="1498500000"/>
        <price t="2020-11-12" v="1504000000"/>
        <price t="2020-11-13" v="1491500000"/>
        <price t="2020-11-16" v="1482000000"/>
        <price t="2020-11-17" v="1496000000"/>
        <price t="2020-11-18" v="1491500000"/>
        <price t="2020-11-19" v="1485000000"/>
        <price t="2020-11-20" v="1486500000"/>
        <price t="2020-11-23" v="1476000000"/>
        <price t="2020-11-24" v="1484500000"/>
        <price t="2020-11-25" v="1509500000"/>
        <price t="2020-11-26" v="1512500000"/>
        <price t="2020-11-27" v="1515500000"/>
        <price t="2020-11-30" v="1511500000"/>
        <price t="2020-12-01" v="1513000000"/>
        <price t="2020-12-02" v="1514000000"/>
        <price t="2020-12-03" v="1504000000"/>
        <price t="2020-12-04" v="1521000000"/>
        <price t="2020-12-07" v="1517500000"/>
        <price t="2020-12-08" v="1511000000"/>
        <price t="2020-12-09" v="1505500000"/>
        <price t="2020-12-10" v="1499000000"/>
        <price t="2020-12-11" v="1468000000"/>
        <price t="2020-12-14" v="1479000000"/>
        <price t="2020-12-15" v="1484000000"/>
        <price t="2020-12-16" v="1502500000"/>
        <price t="2020-12-17" v="1503500000"/>
        <price t="2020-12-18" v="1509500000"/>
        <price t="2020-12-21" v="1464000000"/>
        <price t="2020-12-22" v="1464000000"/>
        <price t="2020-12-23" v="1480000000"/>
        <price t="2020-12-28" v="1508000000"/>
        <price t="2020-12-29" v="1510500000"/>
        <price t="2020-12-30" v="1495500000"/>
        <price t="2021-01-04" v="1516000000"/>
        <price t="2021-01-05" v="1499000000"/>
        <price t="2021-01-06" v="1510500000"/>
        <price t="2021-01-07" v="1535000000"/>
        <price t="2021-01-08" v="1519500000"/>
        <price t="2021-01-11" v="1519000000"/>
        <price t="2021-01-12" v="1512000000"/>
        <price t="2021-01-13" v="1518000000"/>
        <price t="2021-01-14" v="1521000000"/>
        <price t="2021-01-15" v="1505000000"/>
        <price t="2021-01-18" v="1494000000"/>
        <price t="2021-01-19" v="1506500000"/>
        <price t="2021-01-20" v="1514000000"/>
        <price t="2021-01-21" v="1510500000"/>
        <price t="2021-01-22" v="1506500000"/>
        <price t="2021-01-25" v="1492000000"/>
        <price t="2021-01-26" v="1499000000"/>
        <price t="2021-01-27" v="1508500000"/>
        <price t="2021-01-28" v="1497500000"/>
        <price t="2021-01-29" v="1470000000"/>
        <price t="2021-02-01" v="1483500000"/>
        <price t="2021-02-02" v="1498500000"/>
        <price t="2021-02-03" v="1525500000"/>
        <price t="2021-02-04" v="1529500000"/>
        <price t="2021-02-05" v="1506500000"/>
        <price t="2021-02-08" v="1503000000"/>
        <price t="2021-02-09" v="1489500000"/>
        <price t="2021-02-10" v="1487000000"/>
        <price t="2021-02-11" v="1479500000"/>
        <price t="2021-02-12" v="1484500000"/>
        <price t="2021-02-15" v="1491500000"/>
        <price t="2021-02-16" v="1479000000"/>
        <price t="2021-02-17" v="1476000000"/>
        <price t="2021-02-18" v="1470000000"/>
        <price t="2021-02-19" v="1483000000"/>
        <price t="2021-02-22" v="1480500000"/>
        <price t="2021-02-23" v="1472000000"/>
        <price t="2021-02-24" v="1477000000"/>
        <price t="2021-02-25" v="1497000000"/>
        <price t="2021-02-26" v="1503000000"/>
        <price t="2021-03-01" v="1502500000"/>
        <price t="2021-03-02" v="1500000000"/>
        <price t="2021-03-03" v="1490500000"/>
        <price t="2021-03-04" v="1498500000"/>
        <price t="2021-03-05" v="1500000000"/>
        <price t="2021-03-08" v="1531500000"/>
        <price t="2021-03-09" v="1541500000"/>
        <price t="2021-03-10" v="1620000000"/>
        <price t="2021-03-11" v="1622000000"/>
        <price t="2021-03-12" v="1648500000"/>
        <price t="2021-03-15" v="1662500000"/>
        <price t="2021-03-16" v="1648500000"/>
        <price t="2021-03-17" v="1662500000"/>
        <price t="2021-03-18" v="1675500000"/>
        <price t="2021-03-19" v="1647000000"/>
        <price t="2021-03-22" v="1644500000"/>
        <price t="2021-03-23" v="1675000000"/>
        <price t="2021-03-24" v="1672500000"/>
        <price t="2021-03-25" v="1673500000"/>
        <price t="2021-03-26" v="1684000000"/>
        <price t="2021-03-29" v="1713500000"/>
        <price t="2021-03-30" v="1711500000"/>
        <price t="2021-03-31" v="1717000000"/>
        <price t="2021-04-01" v="1725000000"/>
        <price t="2021-04-06" v="1657000000"/>
        <price t="2021-04-07" v="1657400000"/>
        <price t="2021-04-08" v="1663800000"/>
        <price t="2021-04-09" v="1645200000"/>
        <price t="2021-04-12" v="1630200000"/>
        <price t="2021-04-13" v="1609600000"/>
        <price t="2021-04-14" v="1607000000"/>
        <price t="2021-04-15" v="1599200000"/>
        <price t="2021-04-16" v="1612400000"/>
        <price t="2021-04-19" v="1619400000"/>
        <price t="2021-04-20" v="1604800000"/>
        <price t="2021-04-21" v="1603200000"/>
        <price t="2021-04-22" v="1615200000"/>
        <price t="2021-04-23" v="1608200000"/>
        <price t="2021-04-26" v="1604400000"/>
        <price t="2021-04-27" v="1599800000"/>
        <price t="2021-04-28" v="1598000000"/>
        <price t="2021-04-29" v="1595000000"/>
        <price t="2021-04-30" v="1600000000"/>
        <price t="2021-05-03" v="1609800000"/>
        <price t="2021-05-04" v="1609200000"/>
        <price t="2021-05-05" v="1641200000"/>
        <price t="2021-05-06" v="1653200000"/>
        <price t="2021-05-07" v="1653400000"/>
        <price t="2021-05-10" v="1664800000"/>
        <price t="2021-05-11" v="1635000000"/>
        <price t="2021-05-12" v="1671200000"/>
        <price t="2021-05-13" v="1661800000"/>
        <price t="2021-05-14" v="1681200000"/>
        <price t="2021-05-17" v="1727200000"/>
        <price t="2021-05-18" v="1706800000"/>
        <price t="2021-05-19" v="1659200000"/>
        <price t="2021-05-20" v="1700800000"/>
        <price t="2021-05-21" v="1717000000"/>
        <price t="2021-05-25" v="1717000000"/>
        <price t="2021-05-26" v="1709200000"/>
        <price t="2021-05-27" v="1701400000"/>
        <price t="2021-05-28" v="1708400000"/>
        <price t="2021-05-31" v="1699400000"/>
        <price t="2021-06-01" v="1717600000"/>
        <price t="2021-06-02" v="1724600000"/>
        <price t="2021-06-03" v="1726000000"/>
        <price t="2021-06-04" v="1728200000"/>
        <price t="2021-06-07" v="1744200000"/>
        <price t="2021-06-08" v="1742000000"/>
        <price t="2021-06-09" v="1738600000"/>
        <price t="2021-06-10" v="1769600000"/>
        <price t="2021-06-11" v="1779400000"/>
        <price t="2021-06-14" v="1778800000"/>
        <price t="2021-06-15" v="1787200000"/>
        <price t="2021-06-16" v="1781000000"/>
        <price t="2021-06-17" v="1775800000"/>
        <price t="2021-06-18" v="1759600000"/>
        <price t="2021-06-21" v="1781200000"/>
        <price t="2021-06-22" v="1797600000"/>
        <price t="2021-06-23" v="1774000000"/>
        <price t="2021-06-24" v="1787200000"/>
        <price t="2021-06-25" v="1787800000"/>
        <price t="2021-06-28" v="1791600000"/>
        <price t="2021-06-29" v="1799800000"/>
        <price t="2021-06-30" v="1781200000"/>
        <price t="2021-07-01" v="1787200000"/>
        <price t="2021-07-02" v="1797000000"/>
        <price t="2021-07-05" v="1793400000"/>
        <price t="2021-07-06" v="1782200000"/>
        <price t="2021-07-07" v="1800200000"/>
        <price t="2021-07-08" v="1779200000"/>
        <price t="2021-07-09" v="1800000000"/>
        <price t="2021-07-12" v="1827200000"/>
        <price t="2021-07-13" v="1841600000"/>
        <price t="2021-07-14" v="1831200000"/>
        <price t="2021-07-15" v="1822000000"/>
        <price t="2021-07-16" v="1834400000"/>
        <price t="2021-07-19" v="1754200000"/>
        <price t="2021-07-20" v="1753400000"/>
        <price t="2021-07-21" v="1788600000"/>
        <price t="2021-07-22" v="1767000000"/>
        <price t="2021-07-23" v="1788400000"/>
        <price t="2021-07-26" v="1783400000"/>
        <price t="2021-07-27" v="1783600000"/>
        <price t="2021-07-28" v="1780600000"/>
        <price t="2021-07-29" v="1768400000"/>
        <price t="2021-07-30" v="1750600000"/>
        <price t="2021-08-02" v="1742800000"/>
        <price t="2021-08-03" v="1760200000"/>
        <price t="2021-08-04" v="1753200000"/>
        <price t="2021-08-05" v="1754800000"/>
        <price t="2021-08-06" v="1768600000"/>
        <price t="2021-08-09" v="1783200000"/>
        <price t="2021-08-10" v="1788000000"/>
        <price t="2021-08-11" v="1790200000"/>
        <price t="2021-08-12" v="1840400000"/>
        <price t="2021-08-13" v="1855200000"/>
        <price t="2021-08-16" v="1859800000"/>
        <price t="2021-08-17" v="1874600000"/>
        <price t="2021-08-18" v="1891600000"/>
        <price t="2021-08-19" v="1857400000"/>
        <price t="2021-08-20" v="1881400000"/>
        <price t="2021-08-23" v="1882000000"/>
        <price t="2021-08-24" v="1861400000"/>
        <price t="2021-08-25" v="1858000000"/>
        <price t="2021-08-26" v="1844400000"/>
        <price t="2021-08-27" v="1847000000"/>
        <price t="2021-08-30" v="1840400000"/>
        <price t="2021-08-31" v="1800800000"/>
        <price t="2021-09-01" v="1806400000"/>
        <price t="2021-09-02" v="1795400000"/>
        <price t="2021-09-03" v="1780400000"/>
        <price t="2021-09-06" v="1790400000"/>
        <price t="2021-09-07" v="1791400000"/>
        <price t="2021-09-08" v="1797600000"/>
        <price t="2021-09-09" v="1773200000"/>
        <price t="2021-09-10" v="1734200000"/>
        <price t="2021-09-13" v="1751600000"/>
        <price t="2021-09-14" v="1741600000"/>
        <price t="2021-09-15" v="1740400000"/>
        <price t="2021-09-16" v="1742000000"/>
        <price t="2021-09-17" v="1735200000"/>
        <price t="2021-09-20" v="1696200000"/>
        <price t="2021-09-21" v="1722000000"/>
        <price t="2021-09-22" v="1740800000"/>
        <price t="2021-09-23" v="1766600000"/>
        <price t="2021-09-24" v="1745000000"/>
        <price t="2021-09-27" v="1757000000"/>
        <price t="2021-09-28" v="1731000000"/>
        <price t="2021-09-29" v="1753600000"/>
        <price t="2021-09-30" v="1739600000"/>
        <price t="2021-10-01" v="1736200000"/>
        <price t="2021-10-04" v="1738000000"/>
        <price t="2021-10-05" v="1760800000"/>
        <price t="2021-10-06" v="1666200000"/>
        <price t="2021-10-07" v="1686400000"/>
        <price t="2021-10-08" v="1676600000"/>
        <price t="2021-10-11" v="1671600000"/>
        <price t="2021-10-12" v="1638000000"/>
        <price t="2021-10-13" v="1638000000"/>
        <price t="2021-10-14" v="1653000000"/>
        <price t="2021-10-15" v="1652600000"/>
        <price t="2021-10-18" v="1648600000"/>
        <price t="2021-10-19" v="1639400000"/>
        <price t="2021-10-20" v="1653000000"/>
        <price t="2021-10-21" v="1651000000"/>
        <price t="2021-10-22" v="1639400000"/>
        <price t="2021-10-25" v="1628200000"/>
        <price t="2021-10-26" v="1638000000"/>
        <price t="2021-10-27" v="1625200000"/>
        <price t="2021-10-28" v="1603200000"/>
        <price t="2021-10-29" v="1607800000"/>
        <price t="2021-11-01" v="1624600000"/>
        <price t="2021-11-02" v="1638200000"/>
        <price t="2021-11-03" v="1663800000"/>
        <price t="2021-11-04" v="1661200000"/>
        <price t="2021-11-05" v="1683200000"/>
        <price t="2021-11-08" v="1660200000"/>
        <price t="2021-11-09" v="1653800000"/>
        <price t="2021-11-10" v="1671800000"/>
        <price t="2021-11-11" v="1670200000"/>
        <price t="2021-11-12" v="1703600000"/>
        <price t="2021-11-15" v="1673800000"/>
        <price t="2021-11-16" v="1672000000"/>
        <price t="2021-11-17" v="1681000000"/>
        <price t="2021-11-18" v="1671400000"/>
        <price t="2021-11-19" v="1648200000"/>
        <price t="2021-11-22" v="1691000000"/>
        <price t="2021-11-23" v="1693400000"/>
        <price t="2021-11-24" v="1687000000"/>
        <price t="2021-11-25" v="1685000000"/>
        <price t="2021-11-26" v="1614800000"/>
        <price t="2021-11-29" v="1604000000"/>
        <price t="2021-11-30" v="1558800000"/>
        <price t="2021-12-01" v="1598200000"/>
        <price t="2021-12-02" v="1558800000"/>
        <price t="2021-12-03" v="1546200000"/>
        <price t="2021-12-06" v="1587600000"/>
        <price t="2021-12-07" v="1603800000"/>
        <price t="2021-12-08" v="1607000000"/>
        <price t="2021-12-09" v="1591600000"/>
        <price t="2021-12-10" v="1585200000"/>
        <price t="2021-12-13" v="1599800000"/>
        <price t="2021-12-14" v="1615400000"/>
        <price t="2021-12-15" v="1605000000"/>
        <price t="2021-12-16" v="1615800000"/>
        <price t="2021-12-17" v="1605000000"/>
        <price t="2021-12-20" v="1569800000"/>
        <price t="2021-12-21" v="1592400000"/>
        <price t="2021-12-22" v="1594400000"/>
        <price t="2021-12-23" v="1620400000"/>
        <price t="2021-12-27" v="1624800000"/>
        <price t="2021-12-28" v="1648600000"/>
        <price t="2021-12-29" v="1621800000"/>
        <price t="2021-12-30" v="1630000000"/>
        <price t="2022-01-03" v="1654600000"/>
        <price t="2022-01-04" v="1653000000"/>
        <price t="2022-01-05" v="1647000000"/>
        <price t="2022-01-06" v="1646400000"/>
        <price t="2022-01-07" v="1617800000"/>
        <price t="2022-01-10" v="1552800000"/>
        <price t="2022-01-11" v="1585800000"/>
        <price t="2022-01-12" v="1601600000"/>
        <price t="2022-01-13" v="1602600000"/>
        <price t="2022-01-14" v="1596200000"/>
        <price t="2022-01-17" v="1594600000"/>
        <price t="2022-01-18" v="1595800000"/>
        <price t="2022-01-19" v="1619800000"/>
        <price t="2022-01-20" v="1632000000"/>
        <price t="2022-01-21" v="1608600000"/>
        <price t="2022-01-24" v="1572000000"/>
        <price t="2022-01-25" v="1596000000"/>
        <price t="2022-01-26" v="1620800000"/>
        <price t="2022-01-27" v="1672200000"/>
        <price t="2022-01-28" v="1668600000"/>
        <price t="2022-01-31" v="1667200000"/>
        <price t="2022-02-01" v="1680000000"/>
        <price t="2022-02-02" v="1687600000"/>
        <price t="2022-02-03" v="1731000000"/>
        <price t="2022-02-04" v="1702800000"/>
        <price t="2022-02-07" v="1708600000"/>
        <price t="2022-02-08" v="1735000000"/>
        <price t="2022-02-09" v="1771000000"/>
        <price t="2022-02-10" v="1755400000"/>
        <price t="2022-02-11" v="1776600000"/>
        <price t="2022-02-14" v="1733800000"/>
        <price t="2022-02-15" v="1754200000"/>
        <price t="2022-02-16" v="1750000000"/>
        <price t="2022-02-17" v="1723600000"/>
        <price t="2022-02-18" v="1707600000"/>
        <price t="2022-02-21" v="1675000000"/>
        <price t="2022-02-22" v="1663000000"/>
        <price t="2022-02-23" v="1647600000"/>
        <price t="2022-02-24" v="1558600000"/>
        <price t="2022-02-25" v="1618000000"/>
        <price t="2022-02-28" v="1603000000"/>
        <price t="2022-03-01" v="1557000000"/>
        <price t="2022-03-02" v="1606000000"/>
        <price t="2022-03-03" v="1582600000"/>
        <price t="2022-03-04" v="1535400000"/>
        <price t="2022-03-07" v="1526200000"/>
        <price t="2022-03-08" v="1510000000"/>
        <price t="2022-03-09" v="1606600000"/>
        <price t="2022-03-10" v="1579400000"/>
        <price t="2022-03-11" v="1605600000"/>
        <price t="2022-03-14" v="1644400000"/>
        <price t="2022-03-15" v="1657000000"/>
        <price t="2022-03-16" v="1680000000"/>
        <price t="2022-03-17" v="1691400000"/>
        <price t="2022-03-18" v="1670000000"/>
        <price t="2022-03-21" v="1659600000"/>
        <price t="2022-03-22" v="1669000000"/>
        <price t="2022-03-23" v="1659800000"/>
        <price t="2022-03-24" v="1674400000"/>
        <price t="2022-03-25" v="1692600000"/>
        <price t="2022-03-28" v="1708000000"/>
        <price t="2022-03-29" v="1731400000"/>
        <price t="2022-03-30" v="1721000000"/>
        <price t="2022-03-31" v="1693200000"/>
        <price t="2022-04-01" v="1724400000"/>
        <price t="2022-04-04" v="1736800000"/>
        <price t="2022-04-05" v="1759200000"/>
        <price t="2022-04-06" v="1761000000"/>
        <price t="2022-04-07" v="1756400000"/>
        <price t="2022-04-08" v="1713000000"/>
        <price t="2022-04-11" v="1714000000"/>
        <price t="2022-04-12" v="1705600000"/>
        <price t="2022-04-13" v="1730000000"/>
        <price t="2022-04-14" v="1730000000"/>
        <price t="2022-04-19" v="1713600000"/>
        <price t="2022-04-20" v="1730000000"/>
        <price t="2022-04-21" v="1748000000"/>
        <price t="2022-04-22" v="1712000000"/>
        <price t="2022-04-25" v="1715200000"/>
        <price t="2022-04-26" v="1719000000"/>
        <price t="2022-04-27" v="1755400000"/>
        <price t="2022-04-28" v="1770800000"/>
        <price t="2022-04-29" v="1757000000"/>
        <price t="2022-05-02" v="1729000000"/>
        <price t="2022-05-03" v="1737600000"/>
        <price t="2022-05-04" v="1753000000"/>
        <price t="2022-05-05" v="1759200000"/>
        <price t="2022-05-06" v="1730200000"/>
        <price t="2022-05-09" v="1714200000"/>
        <price t="2022-05-10" v="1728000000"/>
        <price t="2022-05-11" v="1751000000"/>
        <price t="2022-05-12" v="1794800000"/>
        <price t="2022-05-13" v="1832200000"/>
        <price t="2022-05-16" v="1807800000"/>
        <price t="2022-05-17" v="1812600000"/>
        <price t="2022-05-18" v="1810000000"/>
        <price t="2022-05-19" v="1808000000"/>
        <price t="2022-05-20" v="1832000000"/>
        <price t="2022-05-23" v="1849000000"/>
        <price t="2022-05-24" v="1860000000"/>
        <price t="2022-05-25" v="1883000000"/>
        <price t="2022-05-26" v="1893600000"/>
        <price t="2022-05-27" v="1908000000"/>
        <price t="2022-05-30" v="1908200000"/>
        <price t="2022-05-31" v="1912400000"/>
        <price t="2022-06-01" v="1911800000"/>
        <price t="2022-06-02" v="1909200000"/>
        <price t="2022-06-03" v="1915400000"/>
        <price t="2022-06-06" v="1925000000"/>
        <price t="2022-06-07" v="1915000000"/>
        <price t="2022-06-08" v="1868000000"/>
        <price t="2022-06-09" v="1856000000"/>
        <price t="2022-06-10" v="1815000000"/>
        <price t="2022-06-13" v="1781200000"/>
        <price t="2022-06-14" v="1781800000"/>
        <price t="2022-06-15" v="1800000000"/>
        <price t="2022-06-16" v="1780400000"/>
        <price t="2022-06-17" v="1809600000"/>
        <price t="2022-06-20" v="1852400000"/>
        <price t="2022-06-21" v="1835200000"/>
        <price t="2022-06-22" v="1866600000"/>
        <price t="2022-06-23" v="1865800000"/>
        <price t="2022-06-24" v="1888000000"/>
        <price t="2022-06-27" v="1884200000"/>
        <price t="2022-06-28" v="1906800000"/>
        <price t="2022-06-29" v="1903400000"/>
        <price t="2022-06-30" v="1894600000"/>
        <price t="2022-07-01" v="1921600000"/>
        <price t="2022-07-04" v="1926600000"/>
        <price t="2022-07-05" v="1886400000"/>
        <price t="2022-07-06" v="1901600000"/>
        <price t="2022-07-07" v="1920200000"/>
        <price t="2022-07-08" v="1921600000"/>
        <price t="2022-07-11" v="1922200000"/>
        <price t="2022-07-12" v="1930800000"/>
        <price t="2022-07-13" v="1919000000"/>
        <price t="2022-07-14" v="1876200000"/>
        <price t="2022-07-15" v="1908200000"/>
        <price t="2022-07-18" v="1894000000"/>
        <price t="2022-07-19" v="1908200000"/>
        <price t="2022-07-20" v="1886400000"/>
        <price t="2022-07-21" v="1873400000"/>
        <price t="2022-07-22" v="1816400000"/>
        <price t="2022-07-25" v="1818200000"/>
        <price t="2022-07-26" v="1813000000"/>
        <price t="2022-07-27" v="1849600000"/>
        <price t="2022-07-28" v="1839200000"/>
        <price t="2022-07-29" v="1850600000"/>
        <price t="2022-08-01" v="1865200000"/>
        <price t="2022-08-02" v="1885800000"/>
        <price t="2022-08-03" v="1866000000"/>
        <price t="2022-08-04" v="1861800000"/>
        <price t="2022-08-05" v="1878200000"/>
        <price t="2022-08-08" v="1877400000"/>
        <price t="2022-08-09" v="1898600000"/>
        <price t="2022-08-10" v="1885600000"/>
        <price t="2022-08-11" v="1893800000"/>
        <price t="2022-08-12" v="1868400000"/>
        <price t="2022-08-15" v="1875800000"/>
        <price t="2022-08-16" v="1911200000"/>
        <price t="2022-08-17" v="1886600000"/>
        <price t="2022-08-18" v="1879600000"/>
        <price t="2022-08-19" v="1889600000"/>
        <price t="2022-08-22" v="1898800000"/>
        <price t="2022-08-23" v="1877000000"/>
        <price t="2022-08-24" v="1873000000"/>
        <price t="2022-08-25" v="1887800000"/>
        <price t="2022-08-26" v="1867600000"/>
        <price t="2022-08-29" v="1877200000"/>
        <price t="2022-08-30" v="1884800000"/>
        <price t="2022-08-31" v="1878800000"/>
        <price t="2022-09-01" v="1869800000"/>
        <price t="2022-09-02" v="1898400000"/>
        <price t="2022-09-05" v="1890200000"/>
        <price t="2022-09-06" v="1882800000"/>
        <price t="2022-09-07" v="1889000000"/>
        <price t="2022-09-08" v="1882400000"/>
        <price t="2022-09-09" v="1955000000"/>
        <price t="2022-09-12" v="1938200000"/>
        <price t="2022-09-13" v="1924800000"/>
        <price t="2022-09-14" v="1905000000"/>
        <price t="2022-09-15" v="1908600000"/>
        <price t="2022-09-16" v="1887000000"/>
        <price t="2022-09-19" v="1898600000"/>
        <price t="2022-09-20" v="1873800000"/>
        <price t="2022-09-21" v="1868800000"/>
        <price t="2022-09-22" v="1857800000"/>
        <price t="2022-09-23" v="1831600000"/>
        <price t="2022-09-26" v="1783400000"/>
        <price t="2022-09-27" v="1781200000"/>
        <price t="2022-09-28" v="1788400000"/>
        <price t="2022-09-29" v="1763800000"/>
        <price t="2022-09-30" v="1749200000"/>
        <price t="2022-10-03" v="1785600000"/>
        <price t="2022-10-04" v="1840600000"/>
        <price t="2022-10-05" v="1795200000"/>
        <price t="2022-10-06" v="1764600000"/>
        <price t="2022-10-07" v="1760200000"/>
        <price t="2022-10-10" v="1771000000"/>
        <price t="2022-10-11" v="1770400000"/>
        <price t="2022-10-12" v="1772800000"/>
        <price t="2022-10-13" v="1756600000"/>
        <price t="2022-10-14" v="1783600000"/>
        <price t="2022-10-17" v="1809400000"/>
        <price t="2022-10-18" v="1807200000"/>
        <price t="2022-10-19" v="1823000000"/>
        <price t="2022-10-20" v="1819000000"/>
        <price t="2022-10-21" v="1805600000"/>
        <price t="2022-10-24" v="1830600000"/>
        <price t="2022-10-25" v="1852200000"/>
        <price t="2022-10-26" v="1864200000"/>
        <price t="2022-10-27" v="1866800000"/>
        <price t="2022-10-28" v="1930000000"/>
        <price t="2022-10-31" v="1916400000"/>
        <price t="2022-11-01" v="1935000000"/>
        <price t="2022-11-02" v="1950000000"/>
        <price t="2022-11-03" v="1940400000"/>
        <price t="2022-11-04" v="1960800000"/>
        <price t="2022-11-07" v="1964600000"/>
        <price t="2022-11-08" v="1967200000"/>
        <price t="2022-11-09" v="1971000000"/>
        <price t="2022-11-10" v="1940800000"/>
        <price t="2022-11-11" v="1886000000"/>
        <price t="2022-11-14" v="1887800000"/>
        <price t="2022-11-15" v="1896200000"/>
        <price t="2022-11-16" v="1901800000"/>
        <price t="2022-11-17" v="1890800000"/>
        <price t="2022-11-18" v="1933200000"/>
        <price t="2022-11-21" v="1953000000"/>
        <price t="2022-11-22" v="1960200000"/>
        <price t="2022-11-23" v="1956000000"/>
        <price t="2022-11-24" v="1970200000"/>
        <price t="2022-11-25" v="1976600000"/>
        <price t="2022-11-28" v="1969400000"/>
        <price t="2022-11-29" v="1946400000"/>
        <price t="2022-11-30" v="1940600000"/>
        <price t="2022-12-01" v="1967000000"/>
        <price t="2022-12-02" v="1964800000"/>
        <price t="2022-12-05" v="1952200000"/>
        <price t="2022-12-06" v="1940000000"/>
        <price t="2022-12-07" v="1936800000"/>
        <price t="2022-12-08" v="1930000000"/>
        <price t="2022-12-09" v="1932400000"/>
        <price t="2022-12-12" v="1913400000"/>
        <price t="2022-12-13" v="1920400000"/>
        <price t="2022-12-14" v="1916600000"/>
        <price t="2022-12-15" v="1889800000"/>
        <price t="2022-12-16" v="1885000000"/>
        <price t="2022-12-19" v="1894600000"/>
        <price t="2022-12-20" v="1888400000"/>
        <price t="2022-12-21" v="1909800000"/>
        <price t="2022-12-22" v="1895800000"/>
        <price t="2022-12-23" v="1886800000"/>
        <price t="2022-12-27" v="1894000000"/>
        <price t="2022-12-28" v="1892800000"/>
        <price t="2022-12-29" v="1908400000"/>
        <price t="2022-12-30" v="1863800000"/>
        <price t="2023-01-02" v="1893400000"/>
        <price t="2023-01-03" v="1904000000"/>
        <price t="2023-01-04" v="1922400000"/>
        <price t="2023-01-05" v="1953400000"/>
        <price t="2023-01-06" v="1978000000"/>
        <price t="2023-01-09" v="1985600000"/>
        <price t="2023-01-10" v="1997000000"/>
        <price t="2023-01-11" v="2011000000"/>
        <price t="2023-01-12" v="2031000000"/>
        <price t="2023-01-13" v="2035500000"/>
        <price t="2023-01-16" v="2057000000"/>
        <price t="2023-01-17" v="2058500000"/>
        <price t="2023-01-18" v="2029500000"/>
        <price t="2023-01-19" v="2018500000"/>
        <price t="2023-01-20" v="2017000000"/>
        <price t="2023-01-23" v="2028000000"/>
        <price t="2023-01-24" v="2012500000"/>
        <price t="2023-01-25" v="2032000000"/>
        <price t="2023-01-26" v="2029500000"/>
        <price t="2023-01-27" v="2031000000"/>
        <price t="2023-01-30" v="2035500000"/>
        <price t="2023-01-31" v="2045000000"/>
        <price t="2023-02-01" v="2046500000"/>
        <price t="2023-02-02" v="2056000000"/>
        <price t="2023-02-03" v="2015500000"/>
        <price t="2023-02-06" v="2013500000"/>
        <price t="2023-02-07" v="2009000000"/>
        <price t="2023-02-08" v="2015500000"/>
        <price t="2023-02-09" v="2016000000"/>
        <price t="2023-02-10" v="2014500000"/>
        <price t="2023-02-13" v="2033500000"/>
        <price t="2023-02-14" v="2051000000"/>
        <price t="2023-02-15" v="2058500000"/>
        <price t="2023-02-16" v="2052000000"/>
        <price t="2023-02-17" v="2076000000"/>
        <price t="2023-02-20" v="2080500000"/>
        <price t="2023-02-21" v="2091000000"/>
        <price t="2023-02-22" v="2110500000"/>
        <price t="2023-02-23" v="2120000000"/>
        <price t="2023-02-24" v="2094500000"/>
        <price t="2023-02-27" v="2126500000"/>
        <price t="2023-02-28" v="2123500000"/>
        <price t="2023-03-01" v="2114500000"/>
        <price t="2023-03-02" v="2120500000"/>
        <price t="2023-03-03" v="2126000000"/>
        <price t="2023-03-06" v="2146000000"/>
        <price t="2023-03-07" v="2141000000"/>
        <price t="2023-03-08" v="2152000000"/>
        <price t="2023-03-09" v="2157000000"/>
        <price t="2023-03-10" v="2153000000"/>
        <price t="2023-03-13" v="2137000000"/>
        <price t="2023-03-14" v="2162500000"/>
        <price t="2023-03-15" v="2167000000"/>
        <price t="2023-03-16" v="2173500000"/>
        <price t="2023-03-17" v="2148000000"/>
        <price t="2023-03-20" v="2188000000"/>
        <price t="2023-03-21" v="2199500000"/>
        <price t="2023-03-22" v="2179000000"/>
        <price t="2023-03-23" v="2184000000"/>
        <price t="2023-03-24" v="2172000000"/>
        <price t="2023-03-27" v="2183000000"/>
        <price t="2023-03-28" v="2190500000"/>
        <price t="2023-03-29" v="2211000000"/>
        <price t="2023-03-30" v="2213000000"/>
        <price t="2023-03-31" v="2235000000"/>
        <price t="2023-04-03" v="2235500000"/>
        <price t="2023-04-04" v="2237500000"/>
        <price t="2023-04-05" v="2304500000"/>
        <price t="2023-04-06" v="2260000000"/>
        <price t="2023-04-11" v="2238000000"/>
        <price t="2023-04-12" v="2240000000"/>
        <price t="2023-04-13" v="2230500000"/>
        <price t="2023-04-14" v="2221500000"/>
        <price t="2023-04-17" v="2234500000"/>
        <price t="2023-04-18" v="2245500000"/>
        <price t="2023-04-19" v="2250500000"/>
        <price t="2023-04-20" v="2248000000"/>
        <price t="2023-04-21" v="2238000000"/>
        <price t="2023-04-24" v="2206000000"/>
        <price t="2023-04-25" v="2223000000"/>
        <price t="2023-04-26" v="2223000000"/>
        <price t="2023-04-27" v="2226000000"/>
        <price t="2023-04-28" v="2188000000"/>
        <price t="2023-05-02" v="2137000000"/>
        <price t="2023-05-03" v="2128000000"/>
        <price t="2023-05-04" v="2136500000"/>
        <price t="2023-05-05" v="2141000000"/>
        <price t="2023-05-08" v="2130000000"/>
        <price t="2023-05-09" v="2138500000"/>
        <price t="2023-05-10" v="2125000000"/>
        <price t="2023-05-11" v="2154000000"/>
        <price t="2023-05-12" v="2166000000"/>
        <price t="2023-05-15" v="2184000000"/>
        <price t="2023-05-16" v="2201000000"/>
        <price t="2023-05-17" v="2183500000"/>
        <price t="2023-05-18" v="2179000000"/>
        <price t="2023-05-19" v="2185500000"/>
        <price t="2023-05-22" v="2173000000"/>
        <price t="2023-05-23" v="2187500000"/>
        <price t="2023-05-24" v="2174000000"/>
        <price t="2023-05-25" v="2114000000"/>
        <price t="2023-05-26" v="2104000000"/>
        <price t="2023-05-29" v="2105500000"/>
        <price t="2023-05-30" v="2077000000"/>
        <price t="2023-05-31" v="2074500000"/>
        <price t="2023-06-01" v="2104500000"/>
        <price t="2023-06-02" v="1913800000"/>
        <price t="2023-06-05" v="1943600000"/>
        <price t="2023-06-06" v="1925400000"/>
        <price t="2023-06-07" v="1900000000"/>
        <price t="2023-06-08" v="1885800000"/>
        <price t="2023-06-09" v="1904600000"/>
        <price t="2023-06-12" v="1900600000"/>
        <price t="2023-06-13" v="1890200000"/>
        <price t="2023-06-14" v="1914200000"/>
        <price t="2023-06-15" v="1936400000"/>
        <price t="2023-06-16" v="1942400000"/>
        <price t="2023-06-19" v="1931000000"/>
        <price t="2023-06-20" v="1924200000"/>
        <price t="2023-06-21" v="1923600000"/>
        <price t="2023-06-22" v="1943400000"/>
        <price t="2023-06-23" v="1955800000"/>
        <price t="2023-06-26" v="1969600000"/>
        <price t="2023-06-27" v="1990600000"/>
        <price t="2023-06-28" v="2003000000"/>
        <price t="2023-06-29" v="1993000000"/>
        <price t="2023-06-30" v="1997600000"/>
        <price t="2023-07-03" v="1994600000"/>
        <price t="2023-07-04" v="1996000000"/>
        <price t="2023-07-05" v="1993800000"/>
        <price t="2023-07-06" v="1961600000"/>
        <price t="2023-07-07" v="1950000000"/>
        <price t="2023-07-10" v="1948000000"/>
        <price t="2023-07-11" v="1945000000"/>
        <price t="2023-07-12" v="1963000000"/>
        <price t="2023-07-13" v="1976800000"/>
        <price t="2023-07-14" v="1988000000"/>
        <price t="2023-07-17" v="1975200000"/>
        <price t="2023-07-18" v="1939800000"/>
        <price t="2023-07-19" v="1948200000"/>
        <price t="2023-07-20" v="1962800000"/>
        <price t="2023-07-21" v="1966800000"/>
        <price t="2023-07-24" v="1989400000"/>
        <price t="2023-07-25" v="1980200000"/>
        <price t="2023-07-26" v="1957200000"/>
        <price t="2023-07-27" v="1980000000"/>
        <price t="2023-07-28" v="1990400000"/>
        <price t="2023-07-31" v="1984200000"/>
        <price t="2023-08-01" v="1966400000"/>
        <price t="2023-08-02" v="1917400000"/>
        <price t="2023-08-03" v="1894200000"/>
        <price t="2023-08-04" v="1885200000"/>
        <price t="2023-08-07" v="1878800000"/>
        <price t="2023-08-08" v="1855600000"/>
        <price t="2023-08-09" v="1888200000"/>
        <price t="2023-08-10" v="1888800000"/>
        <price t="2023-08-11" v="1878600000"/>
        <price t="2023-08-14" v="1901200000"/>
        <price t="2023-08-15" v="1896400000"/>
        <price t="2023-08-16" v="1902000000"/>
        <price t="2023-08-17" v="1901400000"/>
        <price t="2023-08-18" v="1900800000"/>
        <price t="2023-08-21" v="1909600000"/>
        <price t="2023-08-22" v="1909600000"/>
        <price t="2023-08-23" v="1930800000"/>
        <price t="2023-08-24" v="1915400000"/>
        <price t="2023-08-25" v="1925600000"/>
        <price t="2023-08-28" v="1946200000"/>
        <price t="2023-08-29" v="1956200000"/>
        <price t="2023-08-30" v="1954800000"/>
        <price t="2023-08-31" v="1974200000"/>
        <price t="2023-09-01" v="1972600000"/>
        <price t="2023-09-04" v="1965600000"/>
        <price t="2023-09-05" v="1986800000"/>
        <price t="2023-09-06" v="1994200000"/>
        <price t="2023-09-07" v="2001500000"/>
        <price t="2023-09-08" v="2014000000"/>
        <price t="2023-09-11" v="2043000000"/>
        <price t="2023-09-12" v="2054000000"/>
        <price t="2023-09-13" v="2047500000"/>
        <price t="2023-09-14" v="2072000000"/>
        <price t="2023-09-15" v="2064500000"/>
        <price t="2023-09-18" v="2062500000"/>
        <price t="2023-09-19" v="2065000000"/>
        <price t="2023-09-20" v="2075500000"/>
        <price t="2023-09-21" v="2062000000"/>
        <price t="2023-09-22" v="2056500000"/>
        <price t="2023-09-25" v="2019500000"/>
        <price t="2023-09-26" v="1999600000"/>
        <price t="2023-09-27" v="1971400000"/>
        <price t="2023-09-28" v="1985000000"/>
        <price t="2023-09-29" v="1986800000"/>
        <price t="2023-10-02" v="1992600000"/>
        <price t="2023-10-03" v="1968000000"/>
        <price t="2023-10-04" v="1967400000"/>
        <price t="2023-10-05" v="1982200000"/>
        <price t="2023-10-06" v="2009000000"/>
        <price t="2023-10-09" v="2032000000"/>
        <price t="2023-10-10" v="2048000000"/>
        <price t="2023-10-11" v="2055000000"/>
        <price t="2023-10-12" v="2047000000"/>
        <price t="2023-10-13" v="2039500000"/>
        <price t="2023-10-16" v="2036000000"/>
        <price t="2023-10-17" v="2034500000"/>
        <price t="2023-10-18" v="2047000000"/>
        <price t="2023-10-19" v="2035000000"/>
        <price t="2023-10-20" v="2020500000"/>
        <price t="2023-10-23" v="2018500000"/>
        <price t="2023-10-24" v="2021500000"/>
        <price t="2023-10-25" v="2048500000"/>
        <price t="2023-10-26" v="2038500000"/>
        <price t="2023-10-27" v="2038500000"/>
        <price t="2023-10-30" v="2047500000"/>
        <price t="2023-10-31" v="2047500000"/>
        <price t="2023-11-01" v="2075000000"/>
        <price t="2023-11-02" v="2137500000"/>
        <price t="2023-11-03" v="2139000000"/>
        <price t="2023-11-06" v="2135000000"/>
        <price t="2023-11-07" v="2123000000"/>
        <price t="2023-11-08" v="2133500000"/>
        <price t="2023-11-09" v="2152000000"/>
        <price t="2023-11-10" v="2143500000"/>
        <price t="2023-11-13" v="2164500000"/>
        <price t="2023-11-14" v="2155000000"/>
        <price t="2023-11-15" v="2141000000"/>
        <price t="2023-11-16" v="2146500000"/>
        <price t="2023-11-17" v="2155500000"/>
        <price t="2023-11-20" v="2162000000"/>
        <price t="2023-11-21" v="2159000000"/>
        <price t="2023-11-22" v="2174000000"/>
        <price t="2023-11-23" v="2180000000"/>
        <price t="2023-11-24" v="2190000000"/>
        <price t="2023-11-27" v="2195500000"/>
        <price t="2023-11-28" v="2187500000"/>
        <price t="2023-11-29" v="2193500000"/>
        <price t="2023-11-30" v="2197500000"/>
        <price t="2023-12-01" v="2224500000"/>
        <price t="2023-12-04" v="2235000000"/>
        <price t="2023-12-05" v="2259000000"/>
        <price t="2023-12-06" v="2263500000"/>
        <price t="2023-12-07" v="2260000000"/>
        <price t="2023-12-08" v="2261500000"/>
        <price t="2023-12-11" v="2278500000"/>
        <price t="2023-12-12" v="2278000000"/>
        <price t="2023-12-13" v="2255500000"/>
        <price t="2023-12-14" v="2174000000"/>
        <price t="2023-12-15" v="2159000000"/>
        <price t="2023-12-18" v="2153500000"/>
        <price t="2023-12-19" v="2148000000"/>
        <price t="2023-12-20" v="2167000000"/>
        <price t="2023-12-21" v="2165500000"/>
        <price t="2023-12-22" v="2178000000"/>
        <price t="2023-12-27" v="2165000000"/>
        <price t="2023-12-28" v="2161500000"/>
        <price t="2023-12-29" v="2175000000"/>
        <price t="2024-01-02" v="2196500000"/>
        <price t="2024-01-03" v="2228500000"/>
        <price t="2024-01-04" v="2246500000"/>
        <price t="2024-01-05" v="2243500000"/>
        <price t="2024-01-08" v="2254000000"/>
        <price t="2024-01-09" v="2251000000"/>
        <price t="2024-01-10" v="2245500000"/>
        <price t="2024-01-11" v="2236000000"/>
        <price t="2024-01-12" v="2250500000"/>
        <price t="2024-01-15" v="2267000000"/>
        <price t="2024-01-16" v="2278000000"/>
        <price t="2024-01-17" v="2273500000"/>
        <price t="2024-01-18" v="2289000000"/>
        <price t="2024-01-19" v="2308000000"/>
        <price t="2024-01-22" v="2330000000"/>
        <price t="2024-01-23" v="2324500000"/>
        <price t="2024-01-24" v="2326000000"/>
        <price t="2024-01-25" v="2324500000"/>
        <price t="2024-01-26" v="2305000000"/>
        <price t="2024-01-29" v="2301000000"/>
        <price t="2024-01-30" v="2287500000"/>
        <price t="2024-01-31" v="2274500000"/>
        <price t="2024-02-01" v="2273000000"/>
        <price t="2024-02-02" v="2268000000"/>
        <price t="2024-02-05" v="2260000000"/>
        <price t="2024-02-06" v="2266500000"/>
        <price t="2024-02-07" v="2235500000"/>
        <price t="2024-02-08" v="2217500000"/>
        <price t="2024-02-09" v="2216500000"/>
        <price t="2024-02-12" v="2226000000"/>
        <price t="2024-02-13" v="2221500000"/>
        <price t="2024-02-14" v="2210000000"/>
        <price t="2024-02-15" v="2214000000"/>
        <price t="2024-02-16" v="2218500000"/>
        <price t="2024-02-19" v="2227000000"/>
        <price t="2024-02-20" v="2226500000"/>
        <price t="2024-02-21" v="2221000000"/>
        <price t="2024-02-22" v="2234500000"/>
        <price t="2024-02-23" v="2213000000"/>
        <price t="2024-02-26" v="2205000000"/>
        <price t="2024-02-27" v="2211500000"/>
        <price t="2024-02-28" v="2199000000"/>
        <price t="2024-02-29" v="2198500000"/>
        <price t="2024-03-01" v="2198500000"/>
        <price t="2024-03-04" v="2202500000"/>
        <price t="2024-03-05" v="2225500000"/>
        <price t="2024-03-06" v="2224000000"/>
        <price t="2024-03-07" v="2207500000"/>
        <price t="2024-03-08" v="2191500000"/>
        <price t="2024-03-11" v="2181000000"/>
        <price t="2024-03-12" v="2170000000"/>
        <price t="2024-03-13" v="2164000000"/>
        <price t="2024-03-14" v="2158000000"/>
        <price t="2024-03-15" v="2181000000"/>
        <price t="2024-03-18" v="2168500000"/>
        <price t="2024-03-19" v="2190500000"/>
        <price t="2024-03-20" v="2188000000"/>
        <price t="2024-03-21" v="2193000000"/>
        <price t="2024-03-22" v="2185500000"/>
        <price t="2024-03-25" v="2204500000"/>
        <price t="2024-03-26" v="2222000000"/>
        <price t="2024-03-27" v="2240500000"/>
        <price t="2024-03-28" v="2250000000"/>
        <price t="2024-04-02" v="2233000000"/>
        <price t="2024-04-03" v="2228000000"/>
        <price t="2024-04-04" v="2228000000"/>
        <price t="2024-04-05" v="2200000000"/>
        <price t="2024-04-08" v="2206000000"/>
        <price t="2024-04-09" v="2221000000"/>
        <price t="2024-04-10" v="2260000000"/>
        <price t="2024-04-11" v="2121000000"/>
        <price t="2024-04-12" v="2118000000"/>
        <price t="2024-04-15" v="2113000000"/>
        <price t="2024-04-16" v="2083000000"/>
        <price t="2024-04-17" v="2088000000"/>
        <price t="2024-04-18" v="2095000000"/>
        <price t="2024-04-19" v="2116000000"/>
        <price t="2024-04-22" v="2161000000"/>
        <price t="2024-04-23" v="2175000000"/>
        <price t="2024-04-24" v="2177000000"/>
        <price t="2024-04-25" v="2167000000"/>
        <price t="2024-04-26" v="2185000000"/>
        <price t="2024-04-29" v="2179000000"/>
        <price t="2024-04-30" v="2149000000"/>
        <price t="2024-05-02" v="2173000000"/>
        <price t="2024-05-03" v="2166000000"/>
        <price t="2024-05-06" v="2174000000"/>
        <price t="2024-05-07" v="2172000000"/>
        <price t="2024-05-08" v="2164000000"/>
        <price t="2024-05-09" v="2190000000"/>
        <price t="2024-05-10" v="2197000000"/>
        <price t="2024-05-13" v="2201000000"/>
        <price t="2024-05-14" v="2201000000"/>
        <price t="2024-05-15" v="2212000000"/>
        <price t="2024-05-16" v="2189000000"/>
        <price t="2024-05-17" v="2200000000"/>
        <price t="2024-05-20" v="2221000000"/>
        <price t="2024-05-21" v="2213000000"/>
        <price t="2024-05-22" v="2211000000"/>
        <price t="2024-05-23" v="2177000000"/>
        <price t="2024-05-24" v="2176000000"/>
        <price t="2024-05-27" v="2176000000"/>
        <price t="2024-05-28" v="2172000000"/>
        <price t="2024-05-29" v="2162000000"/>
        <price t="2024-05-30" v="2201000000"/>
        <price t="2024-05-31" v="2229000000"/>
        <price t="2024-06-03" v="2264000000"/>
        <price t="2024-06-04" v="2225000000"/>
        <price t="2024-06-05" v="2261000000"/>
        <price t="2024-06-06" v="2263000000"/>
        <price t="2024-06-07" v="2259000000"/>
        <price t="2024-06-10" v="2261000000"/>
        <price t="2024-06-11" v="2261000000"/>
        <price t="2024-06-12" v="2254000000"/>
        <price t="2024-06-13" v="2253000000"/>
        <price t="2024-06-14" v="2263000000"/>
        <price t="2024-06-17" v="2257000000"/>
        <price t="2024-06-18" v="2280000000"/>
        <price t="2024-06-19" v="2289000000"/>
        <price t="2024-06-20" v="2289000000"/>
        <price t="2024-06-21" v="2288000000"/>
        <price t="2024-06-24" v="2315000000"/>
        <price t="2024-06-25" v="2332000000"/>
        <price t="2024-06-26" v="2332000000"/>
        <price t="2024-06-27" v="2337000000"/>
        <price t="2024-06-28" v="2348000000"/>
        <price t="2024-07-01" v="2368000000"/>
        <price t="2024-07-02" v="2351000000"/>
        <price t="2024-07-03" v="2376000000"/>
        <price t="2024-07-04" v="2375000000"/>
        <price t="2024-07-05" v="2383000000"/>
        <price t="2024-07-08" v="2390000000"/>
        <price t="2024-07-09" v="2364000000"/>
        <price t="2024-07-10" v="2385000000"/>
        <price t="2024-07-11" v="2376000000"/>
        <price t="2024-07-12" v="2388000000"/>
        <price t="2024-07-15" v="2380000000"/>
        <price t="2024-07-16" v="2381000000"/>
        <price t="2024-07-17" v="2404000000"/>
        <price t="2024-07-18" v="2426000000"/>
        <price t="2024-07-19" v="2419000000"/>
        <price t="2024-07-22" v="2431000000"/>
        <price t="2024-07-23" v="2415000000"/>
        <price t="2024-07-24" v="2402000000"/>
        <price t="2024-07-25" v="2421000000"/>
        <price t="2024-07-26" v="2424000000"/>
        <price t="2024-07-29" v="2417000000"/>
        <price t="2024-07-30" v="2409000000"/>
        <price t="2024-07-31" v="2417000000"/>
        <price t="2024-08-01" v="2396000000"/>
        <price t="2024-08-02" v="2412000000"/>
        <price t="2024-08-05" v="2379000000"/>
        <price t="2024-08-06" v="2374000000"/>
        <price t="2024-08-07" v="2392000000"/>
        <price t="2024-08-08" v="2437000000"/>
        <price t="2024-08-09" v="2461000000"/>
        <price t="2024-08-12" v="2473000000"/>
        <price t="2024-08-13" v="2476000000"/>
        <price t="2024-08-14" v="2495000000"/>
        <price t="2024-08-15" v="2500000000"/>
        <price t="2024-08-16" v="2515000000"/>
        <price t="2024-08-19" v="2522000000"/>
        <price t="2024-08-20" v="2508000000"/>
        <price t="2024-08-21" v="2500000000"/>
        <price t="2024-08-22" v="2508000000"/>
        <price t="2024-08-23" v="2519000000"/>
        <price t="2024-08-26" v="2518000000"/>
        <price t="2024-08-27" v="2533000000"/>
        <price t="2024-08-28" v="2557000000"/>
        <price t="2024-08-29" v="2571000000"/>
        <price t="2024-08-30" v="2571000000"/>
        <price t="2024-09-02" v="2588000000"/>
        <price t="2024-09-03" v="2582000000"/>
        <price t="2024-09-04" v="2612000000"/>
        <price t="2024-09-05" v="2629000000"/>
        <price t="2024-09-06" v="2602000000"/>
        <price t="2024-09-09" v="2623000000"/>
        <price t="2024-09-10" v="2611000000"/>
        <price t="2024-09-11" v="2626000000"/>
        <price t="2024-09-12" v="2657000000"/>
        <price t="2024-09-13" v="2682000000"/>
        <price t="2024-09-16" v="2691000000"/>
        <price t="2024-09-17" v="2668000000"/>
        <price t="2024-09-18" v="2647000000"/>
      </prices>
      <latestFeed>MANUAL</latestFeed>
      <latest t="2024-09-18" v="2647000000">
        <high>-1</high>
        <low>-1</low>
        <volume>-1</volume>
      </latest>
      <attributes>
        <map/>
      </attributes>
      <events>
        <dividendEvent>
          <date>2024-04-11</date>
          <type>DIVIDEND_PAYMENT</type>
          <source>divvydiary.com</source>
          <paymentDate>2024-04-15</paymentDate>
          <amount currency="EUR" amount="77"/>
        </dividendEvent>
        <dividendEvent>
          <date>2023-04-06</date>
          <type>DIVIDEND_PAYMENT</type>
          <source>divvydiary.com</source>
          <paymentDate>2023-04-12</paymentDate>
          <amount currency="EUR" amount="70"/>
        </dividendEvent>
        <dividendEvent>
          <date>2022-04-08</date>
          <type>DIVIDEND_PAYMENT</type>
          <source>divvydiary.com</source>
          <paymentDate>2022-04-12</paymentDate>
          <amount currency="EUR" amount="64"/>
        </dividendEvent>
        <dividendEvent>
          <date>2021-04-06</date>
          <type>DIVIDEND_PAYMENT</type>
          <source>divvydiary.com</source>
          <paymentDate>2021-04-08</paymentDate>
          <amount currency="EUR" amount="60"/>
        </dividendEvent>
        <dividendEvent>
          <date>2020-06-22</date>
          <type>DIVIDEND_PAYMENT</type>
          <source>divvydiary.com</source>
          <paymentDate>2020-06-24</paymentDate>
          <amount currency="EUR" amount="60"/>
        </dividendEvent>
        <dividendEvent>
          <date>2019-03-29</date>
          <type>DIVIDEND_PAYMENT</type>
          <source>divvydiary.com</source>
          <paymentDate>2019-04-02</paymentDate>
          <amount currency="EUR" amount="70"/>
        </dividendEvent>
        <dividendEvent>
          <date>2018-05-18</date>
          <type>DIVIDEND_PAYMENT</type>
          <source>divvydiary.com</source>
          <paymentDate>2018-05-22</paymentDate>
          <amount currency="EUR" amount="65"/>
        </dividendEvent>
        <dividendEvent>
          <date>2017-06-02</date>
          <type>DIVIDEND_PAYMENT</type>
          <source>divvydiary.com</source>
          <paymentDate>2017-07-04</paymentDate>
          <amount currency="EUR" amount="60"/>
        </dividendEvent>
        <dividendEvent>
          <date>2016-05-26</date>
          <type>DIVIDEND_PAYMENT</type>
          <source>divvydiary.com</source>
          <paymentDate>2016-06-22</paymentDate>
          <amount currency="EUR" amount="55"/>
        </dividendEvent>
        <dividendEvent>
          <date>2015-05-22</date>
          <type>DIVIDEND_PAYMENT</type>
          <source>divvydiary.com</source>
          <paymentDate>2015-06-17</paymentDate>
          <amount currency="EUR" amount="50"/>
        </dividendEvent>
        <dividendEvent>
          <date>2014-05-16</date>
          <type>DIVIDEND_PAYMENT</type>
          <source>divvydiary.com</source>
          <paymentDate>2014-05-16</paymentDate>
          <amount currency="EUR" amount="50"/>
        </dividendEvent>
        <dividendEvent>
          <date>2013-05-17</date>
          <type>DIVIDEND_PAYMENT</type>
          <source>divvydiary.com</source>
          <paymentDate>2013-06-12</paymentDate>
          <amount currency="EUR" amount="70"/>
        </dividendEvent>
        <dividendEvent>
          <date>2012-05-25</date>
          <type>DIVIDEND_PAYMENT</type>
          <source>divvydiary.com</source>
          <paymentDate>2012-05-25</paymentDate>
          <amount currency="EUR" amount="70"/>
        </dividendEvent>
        <dividendEvent>
          <date>2011-05-13</date>
          <type>DIVIDEND_PAYMENT</type>
          <source>divvydiary.com</source>
          <paymentDate>2011-05-13</paymentDate>
          <amount currency="EUR" amount="70"/>
        </dividendEvent>
        <dividendEvent>
          <date>2010-05-04</date>
          <type>DIVIDEND_PAYMENT</type>
          <source>divvydiary.com</source>
          <paymentDate>2010-05-04</paymentDate>
          <amount currency="EUR" amount="78"/>
        </dividendEvent>
        <dividendEvent>
          <date>2009-05-04</date>
          <type>DIVIDEND_PAYMENT</type>
          <source>divvydiary.com</source>
          <paymentDate>2009-05-04</paymentDate>
          <amount currency="EUR" amount="78"/>
        </dividendEvent>
        <dividendEvent>
          <date>2008-05-16</date>
          <type>DIVIDEND_PAYMENT</type>
          <source>divvydiary.com</source>
          <paymentDate>2008-05-16</paymentDate>
          <amount currency="EUR" amount="78"/>
        </dividendEvent>
        <dividendEvent>
          <date>2007-05-04</date>
          <type>DIVIDEND_PAYMENT</type>
          <source>divvydiary.com</source>
          <paymentDate>2007-05-04</paymentDate>
          <amount currency="EUR" amount="72"/>
        </dividendEvent>
        <dividendEvent>
          <date>2006-05-04</date>
          <type>DIVIDEND_PAYMENT</type>
          <source>divvydiary.com</source>
          <paymentDate>2006-05-04</paymentDate>
          <amount currency="EUR" amount="72"/>
        </dividendEvent>
        <dividendEvent>
          <date>2005-04-27</date>
          <type>DIVIDEND_PAYMENT</type>
          <source>divvydiary.com</source>
          <paymentDate>2005-04-28</paymentDate>
          <amount currency="EUR" amount="62"/>
        </dividendEvent>
        <dividendEvent>
          <date>2002-05-29</date>
          <type>DIVIDEND_PAYMENT</type>
          <source>divvydiary.com</source>
          <paymentDate>2002-05-29</paymentDate>
          <amount currency="EUR" amount="37"/>
        </dividendEvent>
        <dividendEvent>
          <date>2001-05-30</date>
          <type>DIVIDEND_PAYMENT</type>
          <source>divvydiary.com</source>
          <paymentDate>2001-05-30</paymentDate>
          <amount currency="EUR" amount="62"/>
        </dividendEvent>
        <dividendEvent>
          <date>2000-05-26</date>
          <type>DIVIDEND_PAYMENT</type>
          <source>divvydiary.com</source>
          <paymentDate>2000-05-26</paymentDate>
          <amount currency="EUR" amount="62"/>
        </dividendEvent>
      </events>
      <isRetired>false</isRetired>
      <updatedAt>2024-09-16T14:37:27.915513400Z</updatedAt>
    </security>
  </securities>
  <watchlists/>
  <accounts>
    <account>
      <uuid>a8844383-5b6c-4b59-b786-d48ccafd628b</uuid>
      <name>broker-A (EUR)</name>
      <currencyCode>EUR</currencyCode>
      <isRetired>false</isRetired>
      <transactions>
        <account-transaction>
          <uuid>8da79b94-a553-4efd-904f-78cb446b641a</uuid>
          <date>2022-01-03T00:00</date>
          <currencyCode>EUR</currencyCode>
          <amount>36950</amount>
          <security reference="../../../../../securities/security"/>
          <crossEntry class="buysell">
            <portfolio>
              <uuid>ccd0ccf0-d4cd-4c16-8316-2b8727eb514d</uuid>
              <name>broker-A</name>
              <isRetired>false</isRetired>
              <referenceAccount reference="../../../../.."/>
              <transactions>
                <portfolio-transaction>
                  <uuid>35f86c7a-3017-4790-82d8-8622cf19c970</uuid>
                  <date>2022-01-03T00:00</date>
                  <currencyCode>EUR</currencyCode>
                  <amount>36950</amount>
                  <security reference="../../../../../../../../../securities/security"/>
                  <crossEntry class="buysell" reference="../../../.."/>
                  <shares>500000000</shares>
                  <updatedAt>2024-02-13T08:05:49.082930900Z</updatedAt>
                  <type>BUY</type>
                </portfolio-transaction>
                <portfolio-transaction>
                  <uuid>f15f89e0-2f8d-4563-a551-d4a2bd010155</uuid>
                  <date>2023-01-03T00:00</date>
                  <currencyCode>EUR</currencyCode>
                  <amount>34300</amount>
                  <security reference="../../../../../../../../../securities/security"/>
                  <crossEntry class="buysell">
                    <portfolio reference="../../../.."/>
                    <portfolioTransaction reference="../.."/>
                    <account reference="../../../../../../../.."/>
                    <accountTransaction>
                      <uuid>46f75019-eeb8-41f7-87f5-b321876feb1d</uuid>
                      <date>2023-01-03T00:00</date>
                      <currencyCode>EUR</currencyCode>
                      <amount>34300</amount>
                      <security reference="../../../../../../../../../../../securities/security"/>
                      <crossEntry class="buysell" reference="../.."/>
                      <shares>0</shares>
                      <updatedAt>2024-02-13T08:06:20.894932200Z</updatedAt>
                      <type>BUY</type>
                    </accountTransaction>
                  </crossEntry>
                  <shares>500000000</shares>
                  <updatedAt>2024-02-13T08:06:20.894932200Z</updatedAt>
                  <type>BUY</type>
                </portfolio-transaction>
                <portfolio-transaction>
                  <uuid>1405e802-c108-471c-81f5-927b5e6d9f7e</uuid>
                  <date>2022-01-03T00:00</date>
                  <currencyCode>EUR</currencyCode>
                  <amount>36950</amount>
                  <security reference="../../../../../../../../../securities/security[2]"/>
                  <crossEntry class="buysell">
                    <portfolio reference="../../../.."/>
                    <portfolioTransaction reference="../.."/>
                    <account reference="../../../../../../../.."/>
                    <accountTransaction>
                      <uuid>0e4a1378-8ab6-4bfe-8ceb-4a94f85d1bcd</uuid>
                      <date>2022-01-03T00:00</date>
                      <currencyCode>EUR</currencyCode>
                      <amount>36950</amount>
                      <security reference="../../../../../../../../../../../securities/security[2]"/>
                      <crossEntry class="buysell" reference="../.."/>
                      <shares>0</shares>
                      <updatedAt>2024-02-13T08:07:42.084833400Z</updatedAt>
                      <type>BUY</type>
                    </accountTransaction>
                  </crossEntry>
                  <shares>1089800000</shares>
                  <updatedAt>2024-02-13T08:09:07.828936400Z</updatedAt>
                  <type>BUY</type>
                </portfolio-transaction>
                <portfolio-transaction>
                  <uuid>893c4e65-95f5-418a-86bd-981d027eea8f</uuid>
                  <date>2023-01-03T00:00</date>
                  <currencyCode>EUR</currencyCode>
                  <amount>34300</amount>
                  <security reference="../../../../../../../../../securities/security[2]"/>
                  <crossEntry class="buysell">
                    <portfolio reference="../../../.."/>
                    <portfolioTransaction reference="../.."/>
                    <account reference="../../../../../../../.."/>
                    <accountTransaction>
                      <uuid>9e75ac3e-e373-4620-93d2-d772ea12d335</uuid>
                      <date>2023-01-03T00:00</date>
                      <currencyCode>EUR</currencyCode>
                      <amount>34300</amount>
                      <security reference="../../../../../../../../../../../securities/security[2]"/>
                      <crossEntry class="buysell" reference="../.."/>
                      <shares>0</shares>
                      <updatedAt>2024-02-13T08:08:01.320884600Z</updatedAt>
                      <type>BUY</type>
                    </accountTransaction>
                  </crossEntry>
                  <shares>1089800000</shares>
                  <updatedAt>2024-02-13T08:09:07.828936400Z</updatedAt>
                  <type>BUY</type>
                </portfolio-transaction>
                <portfolio-transaction>
                  <uuid>6d9fdd79-6d29-4f32-ae50-f840d97eee91</uuid>
                  <date>2023-09-14T00:00</date>
                  <currencyCode>EUR</currencyCode>
                  <amount>64110</amount>
                  <security reference="../../../../../../../../../securities/security"/>
                  <crossEntry class="buysell">
                    <portfolio reference="../../../.."/>
                    <portfolioTransaction reference="../.."/>
                    <account reference="../../../../../../../.."/>
                    <accountTransaction>
                      <uuid>a174c14b-5eeb-4798-a505-b9bf9bc59fe0</uuid>
                      <date>2023-09-14T00:00</date>
                      <currencyCode>EUR</currencyCode>
                      <amount>64110</amount>
                      <security reference="../../../../../../../../../../../securities/security"/>
                      <crossEntry class="buysell" reference="../.."/>
                      <shares>0</shares>
                      <updatedAt>2024-02-13T08:22:42.879180600Z</updatedAt>
                      <type>SELL</type>
                    </accountTransaction>
                  </crossEntry>
                  <shares>1000000000</shares>
                  <updatedAt>2024-02-13T08:22:42.879180600Z</updatedAt>
                  <type>SELL</type>
                </portfolio-transaction>
                <portfolio-transaction>
                  <uuid>8100339d-e412-42b9-acf9-85a1d8a591f7</uuid>
                  <date>2023-09-14T00:00</date>
                  <currencyCode>EUR</currencyCode>
                  <amount>64110</amount>
                  <security reference="../../../../../../../../../securities/security"/>
                  <crossEntry class="buysell">
                    <portfolio reference="../../../.."/>
                    <portfolioTransaction reference="../.."/>
                    <account reference="../../../../../../../.."/>
                    <accountTransaction>
                      <uuid>7290c538-149b-45a7-87bd-e50f11a27c0b</uuid>
                      <date>2023-09-14T00:00</date>
                      <currencyCode>EUR</currencyCode>
                      <amount>64110</amount>
                      <security reference="../../../../../../../../../../../securities/security"/>
                      <crossEntry class="buysell" reference="../.."/>
                      <shares>0</shares>
                      <updatedAt>2024-02-13T08:38:39.322993400Z</updatedAt>
                      <type>BUY</type>
                    </accountTransaction>
                  </crossEntry>
                  <shares>2179600000</shares>
                  <updatedAt>2024-02-13T08:38:39.322993400Z</updatedAt>
                  <type>BUY</type>
                </portfolio-transaction>
                <portfolio-transaction>
                  <uuid>d90240a1-8dcd-40b0-87ad-69d52e3d94c4</uuid>
                  <date>2023-09-14T00:00</date>
                  <currencyCode>EUR</currencyCode>
                  <amount>2341</amount>
                  <security reference="../../../../../../../../../securities/security"/>
                  <crossEntry class="buysell">
                    <portfolio reference="../../../.."/>
                    <portfolioTransaction reference="../.."/>
                    <account reference="../../../../../../../.."/>
                    <accountTransaction>
                      <uuid>c834289f-f76f-4cfd-865d-a4e1ae370637</uuid>
                      <date>2023-09-14T00:00</date>
                      <currencyCode>EUR</currencyCode>
                      <amount>2341</amount>
                      <security reference="../../../../../../../../../../../securities/security"/>
                      <crossEntry class="buysell" reference="../.."/>
                      <shares>0</shares>
                      <updatedAt>2024-02-13T08:40:46.205249800Z</updatedAt>
                      <type>SELL</type>
                    </accountTransaction>
                  </crossEntry>
                  <shares>79600000</shares>
                  <updatedAt>2024-02-13T08:40:46.205249800Z</updatedAt>
                  <type>SELL</type>
                </portfolio-transaction>
                <portfolio-transaction>
                  <uuid>a9fece8d-18f9-4168-926a-dc38f420b59d</uuid>
                  <date>2022-01-03T00:00</date>
                  <currencyCode>USD</currencyCode>
                  <amount>342126</amount>
                  <security reference="../../../../../../../../../securities/security[3]"/>
                  <crossEntry class="buysell">
                    <portfolio reference="../../../.."/>
                    <portfolioTransaction reference="../.."/>
                    <account>
                      <uuid>954059d0-d009-47fe-a8e0-4b522a88a2aa</uuid>
                      <name>broker-A (USD)</name>
                      <currencyCode>USD</currencyCode>
                      <isRetired>false</isRetired>
                      <transactions>
                        <account-transaction>
                          <uuid>cf2d86bf-98c4-4a4d-b4e0-be2d5afa924d</uuid>
                          <date>2022-01-03T00:00</date>
                          <currencyCode>USD</currencyCode>
                          <amount>342126</amount>
                          <security reference="../../../../../../../../../../../../../securities/security[3]"/>
                          <crossEntry class="buysell" reference="../../../.."/>
                          <shares>0</shares>
                          <updatedAt>2024-09-16T14:22:44.435240200Z</updatedAt>
                          <type>BUY</type>
                        </account-transaction>
                        <account-transaction>
                          <uuid>19dca616-f501-4570-a43f-8649b4b17554</uuid>
                          <date>2024-05-17T00:00</date>
                          <currencyCode>USD</currencyCode>
                          <amount>1000</amount>
                          <security reference="../../../../../../../../../../../../../securities/security[4]"/>
                          <shares>0</shares>
                          <note>First diviend</note>
                          <units>
                            <unit type="GROSS_VALUE">
                              <amount currency="USD" amount="1000"/>
                              <forex currency="EUR" amount="922"/>
                              <exchangeRate>1.0844</exchangeRate>
                            </unit>
                          </units>
                          <updatedAt>2024-09-17T09:23:51.688404700Z</updatedAt>
                          <type>DIVIDENDS</type>
                        </account-transaction>
                      </transactions>
                      <attributes>
                        <map/>
                      </attributes>
                      <updatedAt>2024-01-13T18:48:11.296788800Z</updatedAt>
                    </account>
                    <accountTransaction reference="../account/transactions/account-transaction"/>
                  </crossEntry>
                  <shares>2000000000</shares>
                  <updatedAt>2024-09-16T14:23:38.208371300Z</updatedAt>
                  <type>BUY</type>
                </portfolio-transaction>
                <portfolio-transaction>
                  <uuid>83ca4f81-f7af-4c21-a747-766d2395fc90</uuid>
                  <date>2023-01-01T00:00</date>
                  <currencyCode>EUR</currencyCode>
                  <amount>9319</amount>
                  <security reference="../../../../../../../../../securities/security[5]"/>
                  <shares>500000000</shares>
                  <updatedAt>2024-09-16T14:37:49.214994900Z</updatedAt>
                  <type>DELIVERY_INBOUND</type>
                </portfolio-transaction>
              </transactions>
              <attributes>
                <map/>
              </attributes>
              <updatedAt>2023-06-07T17:57:54.777434100Z</updatedAt>
            </portfolio>
            <portfolioTransaction reference="../portfolio/transactions/portfolio-transaction"/>
            <account reference="../../../.."/>
            <accountTransaction reference="../.."/>
          </crossEntry>
          <shares>0</shares>
          <updatedAt>2024-02-13T08:05:49.082930900Z</updatedAt>
          <type>BUY</type>
        </account-transaction>
        <account-transaction reference="../account-transaction/crossEntry/portfolio/transactions/portfolio-transaction[2]/crossEntry/accountTransaction"/>
        <account-transaction reference="../account-transaction/crossEntry/portfolio/transactions/portfolio-transaction[3]/crossEntry/accountTransaction"/>
        <account-transaction reference="../account-transaction/crossEntry/portfolio/transactions/portfolio-transaction[4]/crossEntry/accountTransaction"/>
        <account-transaction reference="../account-transaction/crossEntry/portfolio/transactions/portfolio-transaction[5]/crossEntry/accountTransaction"/>
        <account-transaction reference="../account-transaction/crossEntry/portfolio/transactions/portfolio-transaction[6]/crossEntry/accountTransaction"/>
        <account-transaction reference="../account-transaction/crossEntry/portfolio/transactions/portfolio-transaction[7]/crossEntry/accountTransaction"/>
      </transactions>
      <attributes>
        <map/>
      </attributes>
      <updatedAt>2023-06-07T17:58:03.601398500Z</updatedAt>
    </account>
    <account reference="../account/transactions/account-transaction/crossEntry/portfolio/transactions/portfolio-transaction[8]/crossEntry/account"/>
    <account>
      <uuid>a1ef80f1-b379-4f42-8211-89cacf9a5c21</uuid>
      <name>broker-B (EUR)</name>
      <currencyCode>EUR</currencyCode>
      <isRetired>false</isRetired>
      <transactions/>
      <attributes>
        <map/>
      </attributes>
      <updatedAt>2024-01-13T20:16:10.076875600Z</updatedAt>
    </account>
    <account>
      <uuid>6b80f960-fcef-4bae-ba8e-0163db4962a2</uuid>
      <name>broker-B (USD)</name>
      <currencyCode>USD</currencyCode>
      <isRetired>false</isRetired>
      <transactions/>
      <attributes>
        <map/>
      </attributes>
      <updatedAt>2024-01-13T20:16:30.101652600Z</updatedAt>
    </account>
  </accounts>
  <portfolios>
    <portfolio reference="../../accounts/account/transactions/account-transaction/crossEntry/portfolio"/>
    <portfolio>
      <uuid>4bf19ec7-0129-4aa7-9b16-b1053d435b81</uuid>
      <name>broker-B</name>
      <isRetired>false</isRetired>
      <referenceAccount reference="../../../accounts/account"/>
      <transactions/>
      <attributes>
        <map/>
      </attributes>
      <updatedAt>2024-01-13T10:57:11.323304300Z</updatedAt>
    </portfolio>
  </portfolios>
  <plans/>
  <taxonomies/>
  <dashboards>
    <dashboard name="Dashboard">
      <id>c27301fb-19fc-4ff6-b60c-ec0636e23c99</id>
      <configuration>
        <entry>
          <string>REPORTING_PERIOD</string>
          <string>L1Y0</string>
        </entry>
      </configuration>
      <columns>
        <column>
          <weight>1</weight>
          <widgets>
            <widget type="HEADING">
              <label>Key Indicators</label>
            </widget>
            <widget type="TTWROR">
              <label>True Time-Weighted Rate of Return (cumulative)</label>
              <configuration/>
            </widget>
            <widget type="IRR">
              <label>Internal Rate of Return (IRR)</label>
              <configuration/>
            </widget>
            <widget type="ABSOLUTE_CHANGE">
              <label>Absolute Change</label>
              <configuration/>
            </widget>
            <widget type="DELTA">
              <label>Delta (for reporting period)</label>
              <configuration/>
            </widget>
            <widget type="HEADING">
              <label>Last Day</label>
            </widget>
            <widget type="TTWROR">
              <label>True Time-Weighted Rate of Return (cumulative)</label>
              <configuration>
                <entry>
                  <string>REPORTING_PERIOD</string>
                  <string>T1</string>
                </entry>
              </configuration>
            </widget>
            <widget type="ABSOLUTE_CHANGE">
              <label>Absolute Change</label>
              <configuration>
                <entry>
                  <string>REPORTING_PERIOD</string>
                  <string>T1</string>
                </entry>
              </configuration>
            </widget>
          </widgets>
        </column>
        <column>
          <weight>1</weight>
          <widgets>
            <widget type="HEADING">
              <label>Risk Indicators</label>
            </widget>
            <widget type="MAXDRAWDOWN">
              <label>Maximum Drawdown</label>
              <configuration/>
            </widget>
            <widget type="MAXDRAWDOWNDURATION">
              <label>Max Drawdown Duration</label>
              <configuration/>
            </widget>
            <widget type="VOLATILITY">
              <label>Volatility</label>
              <configuration/>
            </widget>
            <widget type="SEMIVOLATILITY">
              <label>Semivariance</label>
              <configuration/>
            </widget>
          </widgets>
        </column>
        <column>
          <weight>1</weight>
          <widgets>
            <widget type="HEADING">
              <label>Calculation</label>
            </widget>
            <widget type="CALCULATION">
              <label>Performance Calculation</label>
              <configuration/>
            </widget>
          </widgets>
        </column>
      </columns>
    </dashboard>
  </dashboards>
  <properties>
    <entry>
      <string>security-chart-details</string>
      <string>SCALING_LINEAR,INVESTMENT,DIVIDENDS,EVENTS,SHOW_MAIN_HORIZONTAL_LINES</string>
    </entry>
  </properties>
  <settings>
    <bookmarks>
      <bookmark>
        <label>finance.yahoo.com</label>
        <pattern>http://finance.yahoo.com/quote/{tickerSymbol}</pattern>
      </bookmark>
      <bookmark>
        <label>onvista.de</label>
        <pattern>http://www.onvista.de/suche.html?SEARCH_VALUE={isin}</pattern>
      </bookmark>
      <bookmark>
        <label>finanzen.net</label>
        <pattern>http://www.finanzen.net/suchergebnis.asp?frmAktiensucheTextfeld={isin}</pattern>
      </bookmark>
      <bookmark>
        <label>ariva.de</label>
        <pattern>http://www.ariva.de/{isin}</pattern>
      </bookmark>
      <bookmark>
        <label>justetf.com  (ETF)</label>
        <pattern>https://www.justetf.com/etf-profile.html?isin={isin}</pattern>
      </bookmark>
      <bookmark>
        <label>fondsweb.com</label>
        <pattern>http://www.fondsweb.com/{isin}</pattern>
      </bookmark>
      <bookmark>
        <label>morningstar.de</label>
        <pattern>http://www.morningstar.de/de/funds/SecuritySearchResults.aspx?type=ALL&amp;search={isin}</pattern>
      </bookmark>
      <bookmark>
        <label>extraETF.com (ETF)</label>
        <pattern>https://extraetf.com/etf-profile/{isin}</pattern>
      </bookmark>
      <bookmark>
        <label>alleaktien.de (Share)</label>
        <pattern>https://www.alleaktien.de/quantitativ/{isin}/</pattern>
      </bookmark>
      <bookmark>
        <label>comdirect.de (Share)</label>
        <pattern>https://www.comdirect.de/inf/aktien/{isin}</pattern>
      </bookmark>
      <bookmark>
        <label>comdirect.de (ETF)</label>
        <pattern>https://www.comdirect.de/inf/etfs/{isin}</pattern>
      </bookmark>
      <bookmark>
        <label>divvydiary.com</label>
        <pattern>https://divvydiary.com/symbols/{isin}</pattern>
      </bookmark>
      <bookmark>
        <label>trackingdifferences.com (ETF)</label>
        <pattern>https://www.trackingdifferences.com/ETF/ISIN/{isin}</pattern>
      </bookmark>
      <bookmark>
        <label>tradingview.com</label>
        <pattern>https://www.tradingview.com/chart/?symbol=XETR:{tickerSymbolPrefix}</pattern>
      </bookmark>
      <bookmark>
        <label>cnbc.com (Share)</label>
        <pattern>https://www.cnbc.com/quotes/{tickerSymbolPrefix}</pattern>
      </bookmark>
      <bookmark>
        <label>nasdaq.com (Share)</label>
        <pattern>https://www.nasdaq.com/market-activity/stocks/{tickerSymbolPrefix}</pattern>
      </bookmark>
    </bookmarks>
    <attributeTypes>
      <attribute-type>
        <id>logo</id>
        <name>Logo</name>
        <columnLabel>Logo</columnLabel>
        <target>name.abuchen.portfolio.model.Security</target>
        <type>java.lang.String</type>
        <converterClass>name.abuchen.portfolio.model.AttributeType$ImageConverter</converterClass>
      </attribute-type>
      <attribute-type>
        <id>logo</id>
        <name>Logo</name>
        <columnLabel>Logo</columnLabel>
        <target>name.abuchen.portfolio.model.Account</target>
        <type>java.lang.String</type>
        <converterClass>name.abuchen.portfolio.model.AttributeType$ImageConverter</converterClass>
      </attribute-type>
      <attribute-type>
        <id>logo</id>
        <name>Logo</name>
        <columnLabel>Logo</columnLabel>
        <target>name.abuchen.portfolio.model.Portfolio</target>
        <type>java.lang.String</type>
        <converterClass>name.abuchen.portfolio.model.AttributeType$ImageConverter</converterClass>
      </attribute-type>
      <attribute-type>
        <id>logo</id>
        <name>Logo</name>
        <columnLabel>Logo</columnLabel>
        <target>name.abuchen.portfolio.model.InvestmentPlan</target>
        <type>java.lang.String</type>
        <converterClass>name.abuchen.portfolio.model.AttributeType$ImageConverter</converterClass>
      </attribute-type>
      <attribute-type>
        <id>ter</id>
        <name>Total Expense Ratio (TER)</name>
        <columnLabel>TER</columnLabel>
        <source>ter</source>
        <target>name.abuchen.portfolio.model.Security</target>
        <type>java.lang.Double</type>
        <converterClass>name.abuchen.portfolio.model.AttributeType$PercentConverter</converterClass>
      </attribute-type>
      <attribute-type>
        <id>aum</id>
        <name>Assets under Management</name>
        <columnLabel>AUM</columnLabel>
        <target>name.abuchen.portfolio.model.Security</target>
        <type>java.lang.Long</type>
        <converterClass>name.abuchen.portfolio.model.AttributeType$AmountPlainConverter</converterClass>
      </attribute-type>
      <attribute-type>
        <id>vendor</id>
        <name>Vendor</name>
        <columnLabel>Vendor</columnLabel>
        <source>vendor</source>
        <target>name.abuchen.portfolio.model.Security</target>
        <type>java.lang.String</type>
        <converterClass>name.abuchen.portfolio.model.AttributeType$StringConverter</converterClass>
      </attribute-type>
      <attribute-type>
        <id>acquisitionFee</id>
        <name>Acquisition Fee (percentage)</name>
        <columnLabel>Acquisition Fee</columnLabel>
        <target>name.abuchen.portfolio.model.Security</target>
        <type>java.lang.Double</type>
        <converterClass>name.abuchen.portfolio.model.AttributeType$PercentConverter</converterClass>
      </attribute-type>
      <attribute-type>
        <id>managementFee</id>
        <name>Management Fee (percentage)</name>
        <columnLabel>Management Fee</columnLabel>
        <target>name.abuchen.portfolio.model.Security</target>
        <type>java.lang.Double</type>
        <converterClass>name.abuchen.portfolio.model.AttributeType$PercentConverter</converterClass>
      </attribute-type>
    </attributeTypes>
    <configurationSets>
      <entry>
        <string>StatementOfAssetsHistoryView-PICKER</string>
        <config-set>
          <configurations>
            <config>
              <uuid>6a5bd133-1dd6-439d-a4dd-f1038913cad2</uuid>
              <name>Standard</name>
              <data>Client-totals;#000000;SOLID;false;2,Client-transferals;#808080;SOLID;false;2</data>
            </config>
          </configurations>
        </config-set>
      </entry>
      <entry>
        <string>ReturnsVolatilityChartView-PICKER</string>
        <config-set>
          <configurations>
            <config>
              <uuid>6c2d3073-1d95-4f1f-b51f-03dfac0891dd</uuid>
              <name>Standard</name>
              <data>Client-totals;#000000;SOLID;false;2</data>
            </config>
          </configurations>
        </config-set>
      </entry>
      <entry>
        <string>name.abuchen.portfolio.ui.views.SecuritiesPerformanceView</string>
        <config-set>
          <configurations>
            <config>
              <uuid>3580a087-a144-41e6-b45e-351eb5535064</uuid>
              <name>Standard</name>
              <data>{&quot;items&quot;:[{&quot;id&quot;:&quot;shares&quot;,&quot;width&quot;:114},{&quot;id&quot;:&quot;name&quot;,&quot;sortDirection&quot;:1024,&quot;width&quot;:248},{&quot;id&quot;:&quot;pv&quot;,&quot;width&quot;:120},{&quot;id&quot;:&quot;pp&quot;,&quot;width&quot;:176},{&quot;id&quot;:&quot;quote&quot;,&quot;width&quot;:103},{&quot;id&quot;:&quot;5&quot;,&quot;width&quot;:104},{&quot;id&quot;:&quot;changeonpreviousamount&quot;,&quot;width&quot;:120},{&quot;id&quot;:&quot;mv&quot;,&quot;width&quot;:138},{&quot;id&quot;:&quot;sumdiv&quot;,&quot;width&quot;:125},{&quot;id&quot;:&quot;izf&quot;,&quot;width&quot;:114},{&quot;id&quot;:&quot;delta&quot;,&quot;width&quot;:164}]}</data>
            </config>
          </configurations>
        </config-set>
      </entry>
      <entry>
        <string>PerformanceChartView-PICKER</string>
        <config-set>
          <configurations>
            <config>
              <uuid>7600e16d-0168-49d1-aadb-18c66a64bc8f</uuid>
              <name>Standard</name>
              <data>Client-totals;#000000;SOLID;false;2</data>
            </config>
          </configurations>
        </config-set>
      </entry>
      <entry>
        <string>name.abuchen.portfolio.ui.views.SecuritiesTable</string>
        <config-set>
          <configurations>
            <config>
              <uuid>ace4b28f-3207-4dc2-95fa-edc3936851f9</uuid>
              <name>Standard</name>
              <data>{&quot;items&quot;:[{&quot;id&quot;:&quot;0&quot;,&quot;sortDirection&quot;:128,&quot;width&quot;:400},{&quot;id&quot;:&quot;note&quot;,&quot;width&quot;:200},{&quot;id&quot;:&quot;1&quot;,&quot;width&quot;:100},{&quot;id&quot;:&quot;2&quot;,&quot;width&quot;:111},{&quot;id&quot;:&quot;7&quot;,&quot;width&quot;:97},{&quot;id&quot;:&quot;4&quot;,&quot;width&quot;:102},{&quot;id&quot;:&quot;5&quot;,&quot;width&quot;:80},{&quot;id&quot;:&quot;changeonpreviousamount&quot;,&quot;width&quot;:136},{&quot;id&quot;:&quot;9&quot;,&quot;width&quot;:164},{&quot;id&quot;:&quot;10&quot;,&quot;width&quot;:171},{&quot;id&quot;:&quot;q-date-first-historic&quot;,&quot;width&quot;:167}]}</data>
            </config>
          </configurations>
        </config-set>
      </entry>
      <entry>
        <string>reporting-periods</string>
        <config-set>
          <configurations>
            <config>
              <uuid></uuid>
              <name></name>
              <data>L1Y0</data>
            </config>
            <config>
              <uuid></uuid>
              <name></name>
              <data>L2Y0</data>
            </config>
            <config>
              <uuid></uuid>
              <name></name>
              <data>L3Y0</data>
            </config>
            <config>
              <uuid></uuid>
              <name></name>
              <data>F2022-06-12_2023-06-12</data>
            </config>
            <config>
              <uuid></uuid>
              <name></name>
              <data>F2020-06-12_2023-06-12</data>
            </config>
            <config>
              <uuid></uuid>
              <name></name>
              <data>F2021-06-12_2023-06-12</data>
            </config>
          </configurations>
        </config-set>
      </entry>
      <entry>
        <string>name.abuchen.portfolio.ui.views.StatementOfAssetsViewer</string>
        <config-set>
          <configurations>
            <config>
              <uuid>5626df9e-7f9b-47e2-b7f4-07557fdf6e55</uuid>
              <name>Standard</name>
              <data>{&quot;items&quot;:[{&quot;id&quot;:&quot;0&quot;,&quot;width&quot;:80},{&quot;id&quot;:&quot;1&quot;,&quot;width&quot;:300},{&quot;id&quot;:&quot;2&quot;,&quot;width&quot;:121},{&quot;id&quot;:&quot;4&quot;,&quot;width&quot;:112},{&quot;id&quot;:&quot;5&quot;,&quot;width&quot;:222},{&quot;id&quot;:&quot;6&quot;,&quot;width&quot;:239},{&quot;id&quot;:&quot;note&quot;,&quot;width&quot;:200},{&quot;id&quot;:&quot;7&quot;,&quot;width&quot;:128}]}</data>
            </config>
          </configurations>
        </config-set>
      </entry>
      <entry>
        <string>client-filter-definitions</string>
        <config-set>
          <configurations/>
        </config-set>
      </entry>
      <entry>
        <string>client-filter-selection</string>
        <config-set>
          <configurations>
            <config>
              <uuid>PaymentsViewModel</uuid>
              <name></name>
              <data></data>
            </config>
          </configurations>
        </config-set>
      </entry>
    </configurationSets>
  </settings>
</client>