<client>
  <version>66</version>
  <baseCurrency>EUR</baseCurrency>
  <securities>
    <security>
      <uuid>918013a9-5f0f-4cd5-baa8-74ec6fa41d57</uuid>
      <onlineId>b7f458d6debe41288ee029cbbdc9ed69</onlineId>
      <name>PROSUS (sell-buy)</name>
      <currencyCode>EUR</currencyCode>
      <isin>NL0013654783</isin>
      <tickerSymbol>1TY</tickerSymbol>
      <wkn>A2PRDK</wkn>
      <feed>PORTFOLIO-REPORT</feed>
      <prices>
        <price t="2019-09-12" v="8400000000"/>
        <price t="2019-09-13" v="7378000000"/>
        <price t="2019-09-16" v="7342000000"/>
        <price t="2019-09-17" v="6965000000"/>
        <price t="2019-09-18" v="6770000000"/>
        <price t="2019-09-19" v="6820000000"/>
        <price t="2019-09-20" v="6926000000"/>
        <price t="2019-09-23" v="6970000000"/>
        <price t="2019-09-24" v="6933000000"/>
        <price t="2019-09-25" v="6843000000"/>
        <price t="2019-09-26" v="6800000000"/>
        <price t="2019-09-27" v="6620000000"/>
        <price t="2019-09-30" v="6691000000"/>
        <price t="2019-10-01" v="6755000000"/>
        <price t="2019-10-02" v="6600000000"/>
        <price t="2019-10-04" v="6568000000"/>
        <price t="2019-10-07" v="6570000000"/>
        <price t="2019-10-08" v="6476000000"/>
        <price t="2019-10-09" v="6450000000"/>
        <price t="2019-10-10" v="6470000000"/>
        <price t="2019-10-11" v="6660000000"/>
        <price t="2019-10-14" v="6569000000"/>
        <price t="2019-10-15" v="6615000000"/>
        <price t="2019-10-16" v="6598000000"/>
        <price t="2019-10-17" v="6688000000"/>
        <price t="2019-10-18" v="6717000000"/>
        <price t="2019-10-21" v="6605000000"/>
        <price t="2019-10-22" v="6652000000"/>
        <price t="2019-10-23" v="6268000000"/>
        <price t="2019-10-24" v="6353000000"/>
        <price t="2019-10-25" v="6243000000"/>
        <price t="2019-10-28" v="6320000000"/>
        <price t="2019-10-29" v="6308000000"/>
        <price t="2019-10-30" v="6176000000"/>
        <price t="2019-10-31" v="6185000000"/>
        <price t="2019-11-01" v="6201000000"/>
        <price t="2019-11-04" v="6200000000"/>
        <price t="2019-11-05" v="6329000000"/>
        <price t="2019-11-06" v="6300000000"/>
        <price t="2019-11-07" v="6368000000"/>
        <price t="2019-11-08" v="6325000000"/>
        <price t="2019-11-11" v="6229000000"/>
        <price t="2019-11-12" v="6217000000"/>
        <price t="2019-11-13" v="6150000000"/>
        <price t="2019-11-14" v="6085000000"/>
        <price t="2019-11-15" v="6146000000"/>
        <price t="2019-11-18" v="6250000000"/>
        <price t="2019-11-19" v="6240000000"/>
        <price t="2019-11-20" v="6229000000"/>
        <price t="2019-11-21" v="6240000000"/>
        <price t="2019-11-22" v="6332000000"/>
        <price t="2019-11-25" v="6367000000"/>
        <price t="2019-11-26" v="6240000000"/>
        <price t="2019-11-27" v="6295000000"/>
        <price t="2019-11-28" v="6258000000"/>
        <price t="2019-11-29" v="6184000000"/>
        <price t="2019-12-02" v="6061000000"/>
        <price t="2019-12-03" v="5984000000"/>
        <price t="2019-12-04" v="6025000000"/>
        <price t="2019-12-05" v="5976000000"/>
        <price t="2019-12-06" v="6100000000"/>
        <price t="2019-12-09" v="6005000000"/>
        <price t="2019-12-10" v="5902000000"/>
        <price t="2019-12-11" v="5939000000"/>
        <price t="2019-12-12" v="6051000000"/>
        <price t="2019-12-13" v="6180000000"/>
        <price t="2019-12-16" v="6297000000"/>
        <price t="2019-12-17" v="6487000000"/>
        <price t="2019-12-18" v="6550000000"/>
        <price t="2019-12-19" v="6546000000"/>
        <price t="2019-12-20" v="6667000000"/>
        <price t="2019-12-23" v="6649000000"/>
        <price t="2019-12-27" v="6716000000"/>
        <price t="2019-12-30" v="6723000000"/>
        <price t="2020-01-02" v="6855000000"/>
        <price t="2020-01-03" v="6696000000"/>
        <price t="2020-01-06" v="6670000000"/>
        <price t="2020-01-07" v="6788000000"/>
        <price t="2020-01-08" v="6772000000"/>
        <price t="2020-01-09" v="6963000000"/>
        <price t="2020-01-10" v="7198000000"/>
        <price t="2020-01-13" v="7166000000"/>
        <price t="2020-01-14" v="7126000000"/>
        <price t="2020-01-15" v="7085000000"/>
        <price t="2020-01-16" v="7085000000"/>
        <price t="2020-01-17" v="7148000000"/>
        <price t="2020-01-20" v="7244000000"/>
        <price t="2020-01-21" v="7095000000"/>
        <price t="2020-01-22" v="6897000000"/>
        <price t="2020-01-23" v="6766000000"/>
        <price t="2020-01-24" v="6852000000"/>
        <price t="2020-01-27" v="6507000000"/>
        <price t="2020-01-29" v="6792000000"/>
        <price t="2020-01-30" v="6910000000"/>
        <price t="2020-01-31" v="6678000000"/>
        <price t="2020-02-03" v="6687000000"/>
        <price t="2020-02-04" v="6810000000"/>
        <price t="2020-02-05" v="6900000000"/>
        <price t="2020-02-06" v="7028000000"/>
        <price t="2020-02-07" v="6931000000"/>
        <price t="2020-02-10" v="6833000000"/>
        <price t="2020-02-11" v="7025000000"/>
        <price t="2020-02-12" v="7075000000"/>
        <price t="2020-02-13" v="7223000000"/>
        <price t="2020-02-14" v="7192000000"/>
        <price t="2020-02-17" v="7228000000"/>
        <price t="2020-02-18" v="7122000000"/>
        <price t="2020-02-19" v="7340000000"/>
        <price t="2020-02-20" v="7142000000"/>
        <price t="2020-02-21" v="7115000000"/>
        <price t="2020-02-24" v="6782000000"/>
        <price t="2020-02-26" v="6855000000"/>
        <price t="2020-02-27" v="6571000000"/>
        <price t="2020-02-28" v="6129000000"/>
        <price t="2020-03-02" v="6492000000"/>
        <price t="2020-03-03" v="6436000000"/>
        <price t="2020-03-04" v="6425000000"/>
        <price t="2020-03-06" v="6309000000"/>
        <price t="2020-03-09" v="5918000000"/>
        <price t="2020-03-10" v="6045000000"/>
        <price t="2020-03-11" v="5931000000"/>
        <price t="2020-03-12" v="5282000000"/>
        <price t="2020-03-13" v="5580000000"/>
        <price t="2020-03-16" v="4912500000"/>
        <price t="2020-03-17" v="4870500000"/>
        <price t="2020-03-18" v="4927000000"/>
        <price t="2020-03-19" v="5154000000"/>
        <price t="2020-03-20" v="5398000000"/>
        <price t="2020-03-23" v="5503000000"/>
        <price t="2020-03-24" v="5725000000"/>
        <price t="2020-03-26" v="6379000000"/>
        <price t="2020-03-27" v="5980000000"/>
        <price t="2020-03-30" v="6203000000"/>
        <price t="2020-03-31" v="6291000000"/>
        <price t="2020-04-01" v="6052000000"/>
        <price t="2020-04-02" v="6052000000"/>
        <price t="2020-04-03" v="6074000000"/>
        <price t="2020-04-06" v="6268000000"/>
        <price t="2020-04-07" v="6360000000"/>
        <price t="2020-04-08" v="6342000000"/>
        <price t="2020-04-09" v="6314000000"/>
        <price t="2020-04-14" v="6318000000"/>
        <price t="2020-04-15" v="6210000000"/>
        <price t="2020-04-16" v="6526000000"/>
        <price t="2020-04-17" v="6546000000"/>
        <price t="2020-04-20" v="6688000000"/>
        <price t="2020-04-21" v="6500000000"/>
        <price t="2020-04-22" v="6754000000"/>
        <price t="2020-04-23" v="6766000000"/>
        <price t="2020-04-24" v="6748000000"/>
        <price t="2020-04-27" v="6794000000"/>
        <price t="2020-04-28" v="6946000000"/>
        <price t="2020-04-29" v="6946000000"/>
        <price t="2020-04-30" v="6920000000"/>
        <price t="2020-05-04" v="6704000000"/>
        <price t="2020-05-05" v="6954000000"/>
        <price t="2020-05-06" v="6962000000"/>
        <price t="2020-05-07" v="7088000000"/>
        <price t="2020-05-08" v="7342000000"/>
        <price t="2020-05-11" v="7718000000"/>
        <price t="2020-05-12" v="7858000000"/>
        <price t="2020-05-13" v="8222000000"/>
        <price t="2020-05-14" v="8064000000"/>
        <price t="2020-05-15" v="7884000000"/>
        <price t="2020-05-18" v="7886000000"/>
        <price t="2020-05-19" v="8130000000"/>
        <price t="2020-05-20" v="8396000000"/>
        <price t="2020-05-21" v="8100000000"/>
        <price t="2020-05-22" v="7812000000"/>
        <price t="2020-05-25" v="7786000000"/>
        <price t="2020-05-26" v="7850000000"/>
        <price t="2020-05-27" v="7498000000"/>
        <price t="2020-05-28" v="7450000000"/>
        <price t="2020-05-29" v="7390000000"/>
        <price t="2020-06-02" v="7612000000"/>
        <price t="2020-06-03" v="7634000000"/>
        <price t="2020-06-04" v="7488000000"/>
        <price t="2020-06-05" v="7556000000"/>
        <price t="2020-06-08" v="7420000000"/>
        <price t="2020-06-09" v="7604000000"/>
        <price t="2020-06-10" v="7824000000"/>
        <price t="2020-06-11" v="7750000000"/>
        <price t="2020-06-12" v="7700000000"/>
        <price t="2020-06-15" v="7486000000"/>
        <price t="2020-06-16" v="7844000000"/>
        <price t="2020-06-17" v="7940000000"/>
        <price t="2020-06-18" v="8030000000"/>
        <price t="2020-06-19" v="8048000000"/>
        <price t="2020-06-22" v="8190000000"/>
        <price t="2020-06-23" v="8476000000"/>
        <price t="2020-06-24" v="8224000000"/>
        <price t="2020-06-25" v="8020000000"/>
        <price t="2020-06-26" v="8066000000"/>
        <price t="2020-06-29" v="8010000000"/>
        <price t="2020-06-30" v="8188000000"/>
        <price t="2020-07-01" v="8272000000"/>
        <price t="2020-07-02" v="8366000000"/>
        <price t="2020-07-03" v="8416000000"/>
        <price t="2020-07-06" v="8486000000"/>
        <price t="2020-07-07" v="8490000000"/>
        <price t="2020-07-08" v="8682000000"/>
        <price t="2020-07-09" v="8820000000"/>
        <price t="2020-07-10" v="8650000000"/>
        <price t="2020-07-13" v="8796000000"/>
        <price t="2020-07-14" v="8438000000"/>
        <price t="2020-07-15" v="8660000000"/>
        <price t="2020-07-16" v="8470000000"/>
        <price t="2020-07-17" v="8468000000"/>
        <price t="2020-07-20" v="8438000000"/>
        <price t="2020-07-21" v="8850000000"/>
        <price t="2020-07-22" v="8514000000"/>
        <price t="2020-07-23" v="8556000000"/>
        <price t="2020-07-24" v="8210000000"/>
        <price t="2020-07-27" v="8260000000"/>
        <price t="2020-07-28" v="8290000000"/>
        <price t="2020-07-29" v="8400000000"/>
        <price t="2020-07-30" v="8146000000"/>
        <price t="2020-07-31" v="8220000000"/>
        <price t="2020-08-03" v="8388000000"/>
        <price t="2020-08-04" v="8300000000"/>
        <price t="2020-08-05" v="8468000000"/>
        <price t="2020-08-06" v="8426000000"/>
        <price t="2020-08-07" v="8058000000"/>
        <price t="2020-08-10" v="7748000000"/>
        <price t="2020-08-11" v="7972000000"/>
        <price t="2020-08-12" v="8280000000"/>
        <price t="2020-08-13" v="8054000000"/>
        <price t="2020-08-14" v="7974000000"/>
        <price t="2020-08-17" v="7974000000"/>
        <price t="2020-08-18" v="7904000000"/>
        <price t="2020-08-19" v="7786000000"/>
        <price t="2020-08-20" v="7680000000"/>
        <price t="2020-08-21" v="8070000000"/>
        <price t="2020-08-24" v="8270000000"/>
        <price t="2020-08-25" v="8444000000"/>
        <price t="2020-08-26" v="8752000000"/>
        <price t="2020-08-27" v="8858000000"/>
        <price t="2020-08-28" v="8632000000"/>
        <price t="2020-08-31" v="8382000000"/>
        <price t="2020-09-01" v="8748000000"/>
        <price t="2020-09-02" v="8668000000"/>
        <price t="2020-09-03" v="8242000000"/>
        <price t="2020-09-04" v="8032000000"/>
        <price t="2020-09-07" v="8048000000"/>
        <price t="2020-09-08" v="7986000000"/>
        <price t="2020-09-09" v="8124000000"/>
        <price t="2020-09-10" v="8084000000"/>
        <price t="2020-09-11" v="8090000000"/>
        <price t="2020-09-14" v="8138000000"/>
        <price t="2020-09-15" v="8232000000"/>
        <price t="2020-09-16" v="8220000000"/>
        <price t="2020-09-17" v="8076000000"/>
        <price t="2020-09-18" v="7886000000"/>
        <price t="2020-09-21" v="7604000000"/>
        <price t="2020-09-22" v="7770000000"/>
        <price t="2020-09-23" v="8030000000"/>
        <price t="2020-09-24" v="7922000000"/>
        <price t="2020-09-25" v="7788000000"/>
        <price t="2020-09-28" v="7828000000"/>
        <price t="2020-09-29" v="7742000000"/>
        <price t="2020-09-30" v="7856000000"/>
        <price t="2020-10-01" v="7902000000"/>
        <price t="2020-10-02" v="7966000000"/>
        <price t="2020-10-05" v="8028000000"/>
        <price t="2020-10-06" v="7976000000"/>
        <price t="2020-10-07" v="7886000000"/>
        <price t="2020-10-08" v="7766000000"/>
        <price t="2020-10-09" v="8044000000"/>
        <price t="2020-10-12" v="8146000000"/>
        <price t="2020-10-13" v="8234000000"/>
        <price t="2020-10-14" v="8394000000"/>
        <price t="2020-10-15" v="8140000000"/>
        <price t="2020-10-16" v="8376000000"/>
        <price t="2020-10-19" v="8302000000"/>
        <price t="2020-10-20" v="8258000000"/>
        <price t="2020-10-21" v="8130000000"/>
        <price t="2020-10-22" v="8032000000"/>
        <price t="2020-10-23" v="7946000000"/>
        <price t="2020-10-26" v="8080000000"/>
        <price t="2020-10-27" v="8362000000"/>
        <price t="2020-10-28" v="8268000000"/>
        <price t="2020-10-29" v="8328000000"/>
        <price t="2020-10-30" v="8582000000"/>
        <price t="2020-11-02" v="8754000000"/>
        <price t="2020-11-03" v="8498000000"/>
        <price t="2020-11-04" v="9106000000"/>
        <price t="2020-11-05" v="9416000000"/>
        <price t="2020-11-06" v="9722000000"/>
        <price t="2020-11-09" v="9582000000"/>
        <price t="2020-11-10" v="8968000000"/>
        <price t="2020-11-11" v="8730000000"/>
        <price t="2020-11-12" v="8982000000"/>
        <price t="2020-11-13" v="8936000000"/>
        <price t="2020-11-16" v="8792000000"/>
        <price t="2020-11-17" v="8776000000"/>
        <price t="2020-11-18" v="8872000000"/>
        <price t="2020-11-19" v="8756000000"/>
        <price t="2020-11-20" v="9094000000"/>
        <price t="2020-11-23" v="9148000000"/>
        <price t="2020-11-24" v="9294000000"/>
        <price t="2020-11-25" v="9234000000"/>
        <price t="2020-11-26" v="9388000000"/>
        <price t="2020-11-27" v="9330000000"/>
        <price t="2020-11-30" v="9120000000"/>
        <price t="2020-12-01" v="9356000000"/>
        <price t="2020-12-02" v="9238000000"/>
        <price t="2020-12-03" v="9396000000"/>
        <price t="2020-12-04" v="9308000000"/>
        <price t="2020-12-07" v="9252000000"/>
        <price t="2020-12-08" v="9198000000"/>
        <price t="2020-12-09" v="9284000000"/>
        <price t="2020-12-10" v="9204000000"/>
        <price t="2020-12-11" v="9300000000"/>
        <price t="2020-12-14" v="9050000000"/>
        <price t="2020-12-15" v="9136000000"/>
        <price t="2020-12-16" v="9168000000"/>
        <price t="2020-12-17" v="9200000000"/>
        <price t="2020-12-18" v="8980000000"/>
        <price t="2020-12-21" v="9092000000"/>
        <price t="2020-12-22" v="8970000000"/>
        <price t="2020-12-23" v="9044000000"/>
        <price t="2020-12-28" v="8600000000"/>
        <price t="2020-12-29" v="8792000000"/>
        <price t="2020-12-30" v="8886000000"/>
        <price t="2021-01-04" v="8816000000"/>
        <price t="2021-01-05" v="9000000000"/>
        <price t="2021-01-06" v="8924000000"/>
        <price t="2021-01-07" v="8404000000"/>
        <price t="2021-01-08" v="8684000000"/>
        <price t="2021-01-11" v="8746000000"/>
        <price t="2021-01-12" v="8818000000"/>
        <price t="2021-01-13" v="8874000000"/>
        <price t="2021-01-14" v="9270000000"/>
        <price t="2021-01-15" v="9204000000"/>
        <price t="2021-01-18" v="9308000000"/>
        <price t="2021-01-19" v="9658000000"/>
        <price t="2021-01-20" v="9856000000"/>
        <price t="2021-01-21" v="9694000000"/>
        <price t="2021-01-22" v="9920000000"/>
        <price t="2021-01-25" v="10340000000"/>
        <price t="2021-01-26" v="10030000000"/>
        <price t="2021-01-27" v="9608000000"/>
        <price t="2021-01-28" v="9732000000"/>
        <price t="2021-01-29" v="9630000000"/>
        <price t="2021-02-01" v="9800000000"/>
        <price t="2021-02-02" v="9920000000"/>
        <price t="2021-02-03" v="10020000000"/>
        <price t="2021-02-04" v="10155000000"/>
        <price t="2021-02-05" v="10070000000"/>
        <price t="2021-02-08" v="10170000000"/>
        <price t="2021-02-09" v="10200000000"/>
        <price t="2021-02-10" v="10355000000"/>
        <price t="2021-02-11" v="10435000000"/>
        <price t="2021-02-12" v="10580000000"/>
        <price t="2021-02-15" v="10680000000"/>
        <price t="2021-02-16" v="10580000000"/>
        <price t="2021-02-17" v="10905000000"/>
        <price t="2021-02-18" v="10860000000"/>
        <price t="2021-02-19" v="10870000000"/>
        <price t="2021-02-22" v="10385000000"/>
        <price t="2021-02-23" v="10005000000"/>
        <price t="2021-02-24" v="10005000000"/>
        <price t="2021-02-25" v="9900000000"/>
        <price t="2021-02-26" v="9772000000"/>
        <price t="2021-03-01" v="10025000000"/>
        <price t="2021-03-02" v="10040000000"/>
        <price t="2021-03-03" v="10100000000"/>
        <price t="2021-03-04" v="9828000000"/>
        <price t="2021-03-05" v="9400000000"/>
        <price t="2021-03-08" v="9332000000"/>
        <price t="2021-03-09" v="9690000000"/>
        <price t="2021-03-10" v="9868000000"/>
        <price t="2021-03-11" v="10120000000"/>
        <price t="2021-03-12" v="9500000000"/>
        <price t="2021-03-15" v="9376000000"/>
        <price t="2021-03-16" v="9480000000"/>
        <price t="2021-03-17" v="9292000000"/>
        <price t="2021-03-18" v="9246000000"/>
        <price t="2021-03-19" v="9318000000"/>
        <price t="2021-03-22" v="9456000000"/>
        <price t="2021-03-23" v="9486000000"/>
        <price t="2021-03-24" v="9362000000"/>
        <price t="2021-03-25" v="9286000000"/>
        <price t="2021-03-26" v="9426000000"/>
        <price t="2021-03-29" v="9372000000"/>
        <price t="2021-03-30" v="9534000000"/>
        <price t="2021-03-31" v="9470000000"/>
        <price t="2021-04-01" v="10040000000"/>
        <price t="2021-04-06" v="9865000000"/>
        <price t="2021-04-07" v="9470000000"/>
        <price t="2021-04-08" v="9618000000"/>
        <price t="2021-04-09" v="9453000000"/>
        <price t="2021-04-12" v="9318000000"/>
        <price t="2021-04-13" v="9445000000"/>
        <price t="2021-04-14" v="9461000000"/>
        <price t="2021-04-15" v="9665000000"/>
        <price t="2021-04-16" v="9669000000"/>
        <price t="2021-04-19" v="9430000000"/>
        <price t="2021-04-20" v="9267000000"/>
        <price t="2021-04-21" v="9212000000"/>
        <price t="2021-04-22" v="9301000000"/>
        <price t="2021-04-23" v="9287000000"/>
        <price t="2021-04-26" v="9224000000"/>
        <price t="2021-04-27" v="9259000000"/>
        <price t="2021-04-28" v="9285000000"/>
        <price t="2021-04-29" v="9178000000"/>
        <price t="2021-04-30" v="9080000000"/>
        <price t="2021-05-03" v="9070000000"/>
        <price t="2021-05-04" v="8652000000"/>
        <price t="2021-05-05" v="8750000000"/>
        <price t="2021-05-06" v="8858000000"/>
        <price t="2021-05-07" v="8964000000"/>
        <price t="2021-05-10" v="8648000000"/>
        <price t="2021-05-11" v="8421000000"/>
        <price t="2021-05-12" v="8612000000"/>
        <price t="2021-05-13" v="8406000000"/>
        <price t="2021-05-14" v="8427000000"/>
        <price t="2021-05-17" v="8519000000"/>
        <price t="2021-05-18" v="8425000000"/>
        <price t="2021-05-19" v="8291000000"/>
        <price t="2021-05-20" v="8480000000"/>
        <price t="2021-05-21" v="8403000000"/>
        <price t="2021-05-25" v="8567000000"/>
        <price t="2021-05-26" v="8530000000"/>
        <price t="2021-05-27" v="8329000000"/>
        <price t="2021-05-28" v="8434000000"/>
        <price t="2021-05-31" v="8436000000"/>
        <price t="2021-06-01" v="8629000000"/>
        <price t="2021-06-02" v="8654000000"/>
        <price t="2021-06-03" v="8589000000"/>
        <price t="2021-06-04" v="8740000000"/>
        <price t="2021-06-07" v="8601000000"/>
        <price t="2021-06-08" v="8587000000"/>
        <price t="2021-06-09" v="8530000000"/>
        <price t="2021-06-10" v="8526000000"/>
        <price t="2021-06-11" v="8543000000"/>
        <price t="2021-06-14" v="8535000000"/>
        <price t="2021-06-15" v="8452000000"/>
        <price t="2021-06-16" v="8555000000"/>
        <price t="2021-06-17" v="8534000000"/>
        <price t="2021-06-18" v="8398000000"/>
        <price t="2021-06-21" v="8500000000"/>
        <price t="2021-06-22" v="8259000000"/>
        <price t="2021-06-23" v="8245000000"/>
        <price t="2021-06-24" v="8225000000"/>
        <price t="2021-06-25" v="8253000000"/>
        <price t="2021-06-28" v="8285000000"/>
        <price t="2021-06-29" v="8370000000"/>
        <price t="2021-06-30" v="8341000000"/>
        <price t="2021-07-01" v="8187000000"/>
        <price t="2021-07-02" v="8288000000"/>
        <price t="2021-07-05" v="7804000000"/>
        <price t="2021-07-06" v="7851000000"/>
        <price t="2021-07-07" v="8065000000"/>
        <price t="2021-07-08" v="7702000000"/>
        <price t="2021-07-09" v="7748000000"/>
        <price t="2021-07-12" v="7778000000"/>
        <price t="2021-07-13" v="7936000000"/>
        <price t="2021-07-14" v="7992000000"/>
        <price t="2021-07-15" v="8045000000"/>
        <price t="2021-07-16" v="8070000000"/>
        <price t="2021-07-19" v="8009000000"/>
        <price t="2021-07-20" v="7910000000"/>
        <price t="2021-07-21" v="8007000000"/>
        <price t="2021-07-22" v="8133000000"/>
        <price t="2021-07-23" v="7950000000"/>
        <price t="2021-07-26" v="7300000000"/>
        <price t="2021-07-27" v="6764000000"/>
        <price t="2021-07-28" v="7207000000"/>
        <price t="2021-07-29" v="7627000000"/>
        <price t="2021-07-30" v="7479000000"/>
        <price t="2021-08-02" v="7597000000"/>
        <price t="2021-08-03" v="7068000000"/>
        <price t="2021-08-04" v="7259000000"/>
        <price t="2021-08-05" v="7162000000"/>
        <price t="2021-08-06" v="7217000000"/>
        <price t="2021-08-09" v="7546000000"/>
        <price t="2021-08-10" v="7886000000"/>
        <price t="2021-08-11" v="7855000000"/>
        <price t="2021-08-12" v="7779000000"/>
        <price t="2021-08-13" v="7551000000"/>
        <price t="2021-08-16" v="7354000000"/>
        <price t="2021-08-17" v="7200000000"/>
        <price t="2021-08-18" v="7256000000"/>
        <price t="2021-08-19" v="6904000000"/>
        <price t="2021-08-20" v="6850000000"/>
        <price t="2021-08-23" v="6833000000"/>
        <price t="2021-08-24" v="7122000000"/>
        <price t="2021-08-25" v="7178000000"/>
        <price t="2021-08-26" v="7112000000"/>
        <price t="2021-08-27" v="7204000000"/>
        <price t="2021-08-30" v="7057000000"/>
        <price t="2021-08-31" v="7441000000"/>
        <price t="2021-09-01" v="7776000000"/>
        <price t="2021-09-02" v="7766000000"/>
        <price t="2021-09-03" v="7718000000"/>
        <price t="2021-09-06" v="7895000000"/>
        <price t="2021-09-07" v="7984000000"/>
        <price t="2021-09-08" v="7850000000"/>
        <price t="2021-09-09" v="7411000000"/>
        <price t="2021-09-10" v="7333000000"/>
        <price t="2021-09-13" v="7170000000"/>
        <price t="2021-09-14" v="7161000000"/>
        <price t="2021-09-15" v="6905000000"/>
        <price t="2021-09-16" v="7000000000"/>
        <price t="2021-09-17" v="6914000000"/>
        <price t="2021-09-20" v="6790000000"/>
        <price t="2021-09-21" v="6875000000"/>
        <price t="2021-09-22" v="6979000000"/>
        <price t="2021-09-23" v="7076000000"/>
        <price t="2021-09-24" v="7013000000"/>
        <price t="2021-09-27" v="7009000000"/>
        <price t="2021-09-28" v="6928000000"/>
        <price t="2021-09-29" v="6966000000"/>
        <price t="2021-09-30" v="6950000000"/>
        <price t="2021-10-01" v="6840000000"/>
        <price t="2021-10-04" v="6676000000"/>
        <price t="2021-10-05" v="6869000000"/>
        <price t="2021-10-06" v="6710000000"/>
        <price t="2021-10-07" v="7219000000"/>
        <price t="2021-10-08" v="7130000000"/>
        <price t="2021-10-11" v="7145000000"/>
        <price t="2021-10-12" v="7114000000"/>
        <price t="2021-10-13" v="7124000000"/>
        <price t="2021-10-14" v="7236000000"/>
        <price t="2021-10-15" v="7357000000"/>
        <price t="2021-10-18" v="7308000000"/>
        <price t="2021-10-19" v="7640000000"/>
        <price t="2021-10-20" v="7903000000"/>
        <price t="2021-10-21" v="7866000000"/>
        <price t="2021-10-22" v="7823000000"/>
        <price t="2021-10-25" v="7666000000"/>
        <price t="2021-10-26" v="7744000000"/>
        <price t="2021-10-27" v="7551000000"/>
        <price t="2021-10-28" v="7571000000"/>
        <price t="2021-10-29" v="7571000000"/>
        <price t="2021-11-01" v="7677000000"/>
        <price t="2021-11-02" v="7344000000"/>
        <price t="2021-11-03" v="7618000000"/>
        <price t="2021-11-04" v="7615000000"/>
        <price t="2021-11-05" v="7345000000"/>
        <price t="2021-11-08" v="7271000000"/>
        <price t="2021-11-09" v="7285000000"/>
        <price t="2021-11-10" v="7343000000"/>
        <price t="2021-11-11" v="7305000000"/>
        <price t="2021-11-12" v="7525000000"/>
        <price t="2021-11-15" v="7582000000"/>
        <price t="2021-11-16" v="7849000000"/>
        <price t="2021-11-17" v="7769000000"/>
        <price t="2021-11-18" v="7648000000"/>
        <price t="2021-11-19" v="7738000000"/>
        <price t="2021-11-22" v="7520000000"/>
        <price t="2021-11-23" v="7465000000"/>
        <price t="2021-11-24" v="7358000000"/>
        <price t="2021-11-25" v="7402000000"/>
        <price t="2021-11-26" v="7088000000"/>
        <price t="2021-11-29" v="7070000000"/>
        <price t="2021-11-30" v="7137000000"/>
        <price t="2021-12-01" v="7516000000"/>
        <price t="2021-12-02" v="7190000000"/>
        <price t="2021-12-03" v="6990000000"/>
        <price t="2021-12-06" v="7213000000"/>
        <price t="2021-12-07" v="7563000000"/>
        <price t="2021-12-08" v="7353000000"/>
        <price t="2021-12-09" v="7331000000"/>
        <price t="2021-12-10" v="7200000000"/>
        <price t="2021-12-13" v="7071000000"/>
        <price t="2021-12-14" v="6989000000"/>
        <price t="2021-12-15" v="6820000000"/>
        <price t="2021-12-16" v="7010000000"/>
        <price t="2021-12-17" v="6959000000"/>
        <price t="2021-12-20" v="6841000000"/>
        <price t="2021-12-21" v="6871000000"/>
        <price t="2021-12-22" v="7036000000"/>
        <price t="2021-12-23" v="7305000000"/>
        <price t="2021-12-27" v="7381000000"/>
        <price t="2021-12-28" v="7183000000"/>
        <price t="2021-12-29" v="7070000000"/>
        <price t="2021-12-30" v="7100000000"/>
        <price t="2022-01-03" v="7390000000"/>
        <price t="2022-01-04" v="7336000000"/>
        <price t="2022-01-05" v="7230000000"/>
        <price t="2022-01-06" v="7074000000"/>
        <price t="2022-01-07" v="7050000000"/>
        <price t="2022-01-10" v="7045000000"/>
        <price t="2022-01-11" v="7392000000"/>
        <price t="2022-01-12" v="7778000000"/>
        <price t="2022-01-13" v="7803000000"/>
        <price t="2022-01-14" v="7697000000"/>
        <price t="2022-01-17" v="7622000000"/>
        <price t="2022-01-18" v="7401000000"/>
        <price t="2022-01-19" v="7362000000"/>
        <price t="2022-01-20" v="7739000000"/>
        <price t="2022-01-21" v="7592000000"/>
        <price t="2022-01-24" v="7223000000"/>
        <price t="2022-01-25" v="6996000000"/>
        <price t="2022-01-26" v="7066000000"/>
        <price t="2022-01-27" v="7010000000"/>
        <price t="2022-01-28" v="7119000000"/>
        <price t="2022-01-31" v="7396000000"/>
        <price t="2022-02-01" v="7415000000"/>
        <price t="2022-02-02" v="7244000000"/>
        <price t="2022-02-03" v="7153000000"/>
        <price t="2022-02-04" v="7052000000"/>
        <price t="2022-02-07" v="7183000000"/>
        <price t="2022-02-08" v="7123000000"/>
        <price t="2022-02-09" v="7406000000"/>
        <price t="2022-02-10" v="7100000000"/>
        <price t="2022-02-11" v="6900000000"/>
        <price t="2022-02-14" v="6731000000"/>
        <price t="2022-02-15" v="6800000000"/>
        <price t="2022-02-16" v="6831000000"/>
        <price t="2022-02-17" v="6698000000"/>
        <price t="2022-02-18" v="6460000000"/>
        <price t="2022-02-21" v="5956000000"/>
        <price t="2022-02-22" v="5917000000"/>
        <price t="2022-02-23" v="5692000000"/>
        <price t="2022-02-24" v="5369000000"/>
        <price t="2022-02-25" v="5472000000"/>
        <price t="2022-02-28" v="5548000000"/>
        <price t="2022-03-01" v="5487000000"/>
        <price t="2022-03-02" v="5447000000"/>
        <price t="2022-03-03" v="5229000000"/>
        <price t="2022-03-04" v="4757000000"/>
        <price t="2022-03-07" v="4869000000"/>
        <price t="2022-03-08" v="5083000000"/>
        <price t="2022-03-09" v="5355000000"/>
        <price t="2022-03-10" v="5166000000"/>
        <price t="2022-03-11" v="5095000000"/>
        <price t="2022-03-14" v="4572000000"/>
        <price t="2022-03-15" v="4268000000"/>
        <price t="2022-03-16" v="5232000000"/>
        <price t="2022-03-17" v="5110000000"/>
        <price t="2022-03-18" v="5282000000"/>
        <price t="2022-03-21" v="5139000000"/>
        <price t="2022-03-22" v="5241000000"/>
        <price t="2022-03-23" v="4988000000"/>
        <price t="2022-03-24" v="4960000000"/>
        <price t="2022-03-25" v="4777500000"/>
        <price t="2022-03-28" v="4805500000"/>
        <price t="2022-03-29" v="4991500000"/>
        <price t="2022-03-30" v="4990000000"/>
        <price t="2022-03-31" v="4855500000"/>
        <price t="2022-04-01" v="5108000000"/>
        <price t="2022-04-04" v="5286000000"/>
        <price t="2022-04-05" v="5277000000"/>
        <price t="2022-04-06" v="4971000000"/>
        <price t="2022-04-07" v="4832500000"/>
        <price t="2022-04-08" v="4818500000"/>
        <price t="2022-04-11" v="4860500000"/>
        <price t="2022-04-12" v="4829000000"/>
        <price t="2022-04-13" v="4865000000"/>
        <price t="2022-04-14" v="4735000000"/>
        <price t="2022-04-19" v="4503000000"/>
        <price t="2022-04-20" v="4506000000"/>
        <price t="2022-04-21" v="4349500000"/>
        <price t="2022-04-22" v="4343500000"/>
        <price t="2022-04-25" v="4230500000"/>
        <price t="2022-04-26" v="4224500000"/>
        <price t="2022-04-27" v="4306000000"/>
        <price t="2022-04-28" v="4276500000"/>
        <price t="2022-04-29" v="4697500000"/>
        <price t="2022-05-02" v="4522500000"/>
        <price t="2022-05-03" v="4662000000"/>
        <price t="2022-05-04" v="4498000000"/>
        <price t="2022-05-05" v="4287000000"/>
        <price t="2022-05-06" v="4251000000"/>
        <price t="2022-05-09" v="4028000000"/>
        <price t="2022-05-10" v="4028000000"/>
        <price t="2022-05-11" v="4301500000"/>
        <price t="2022-05-12" v="4380000000"/>
        <price t="2022-05-13" v="4367500000"/>
        <price t="2022-05-16" v="4390500000"/>
        <price t="2022-05-17" v="4717500000"/>
        <price t="2022-05-18" v="4506500000"/>
        <price t="2022-05-19" v="4570500000"/>
        <price t="2022-05-20" v="4540000000"/>
        <price t="2022-05-23" v="4430000000"/>
        <price t="2022-05-24" v="4165500000"/>
        <price t="2022-05-25" v="4321000000"/>
        <price t="2022-05-26" v="4495000000"/>
        <price t="2022-05-27" v="4608000000"/>
        <price t="2022-05-30" v="4745000000"/>
        <price t="2022-05-31" v="4829500000"/>
        <price t="2022-06-01" v="4659000000"/>
        <price t="2022-06-02" v="4705000000"/>
        <price t="2022-06-03" v="4656500000"/>
        <price t="2022-06-06" v="4852000000"/>
        <price t="2022-06-07" v="4759000000"/>
        <price t="2022-06-08" v="5132000000"/>
        <price t="2022-06-09" v="5057000000"/>
        <price t="2022-06-10" v="4925000000"/>
        <price t="2022-06-13" v="4794000000"/>
        <price t="2022-06-14" v="4772500000"/>
        <price t="2022-06-15" v="5033000000"/>
        <price t="2022-06-16" v="4774000000"/>
        <price t="2022-06-17" v="4945000000"/>
        <price t="2022-06-20" v="4879000000"/>
        <price t="2022-06-21" v="5021000000"/>
        <price t="2022-06-22" v="4980500000"/>
        <price t="2022-06-23" v="5084000000"/>
        <price t="2022-06-24" v="5293000000"/>
        <price t="2022-06-27" v="6204000000"/>
        <price t="2022-06-28" v="6022000000"/>
        <price t="2022-06-29" v="6225000000"/>
        <price t="2022-06-30" v="6248000000"/>
        <price t="2022-07-01" v="6500000000"/>
        <price t="2022-07-04" v="6410000000"/>
        <price t="2022-07-05" v="6655000000"/>
        <price t="2022-07-06" v="6618000000"/>
        <price t="2022-07-07" v="7107000000"/>
        <price t="2022-07-08" v="6707000000"/>
        <price t="2022-07-11" v="6629000000"/>
        <price t="2022-07-12" v="6764000000"/>
        <price t="2022-07-13" v="6572000000"/>
        <price t="2022-07-14" v="6498000000"/>
        <price t="2022-07-15" v="6397000000"/>
        <price t="2022-07-18" v="6588000000"/>
        <price t="2022-07-19" v="6739000000"/>
        <price t="2022-07-20" v="6825000000"/>
        <price t="2022-07-21" v="6915000000"/>
        <price t="2022-07-22" v="6846000000"/>
        <price t="2022-07-25" v="6803000000"/>
        <price t="2022-07-26" v="6658000000"/>
        <price t="2022-07-27" v="6583000000"/>
        <price t="2022-07-28" v="6610000000"/>
        <price t="2022-07-29" v="6367000000"/>
        <price t="2022-08-01" v="6339000000"/>
        <price t="2022-08-02" v="6276000000"/>
        <price t="2022-08-03" v="6443000000"/>
        <price t="2022-08-04" v="6495000000"/>
        <price t="2022-08-05" v="6327000000"/>
        <price t="2022-08-08" v="6454000000"/>
        <price t="2022-08-09" v="6318000000"/>
        <price t="2022-08-10" v="6334000000"/>
        <price t="2022-08-11" v="6442000000"/>
        <price t="2022-08-12" v="6290000000"/>
        <price t="2022-08-15" v="6354000000"/>
        <price t="2022-08-16" v="6509000000"/>
        <price t="2022-08-17" v="6494000000"/>
        <price t="2022-08-18" v="6410000000"/>
        <price t="2022-08-19" v="6294000000"/>
        <price t="2022-08-22" v="6264000000"/>
        <price t="2022-08-23" v="6217000000"/>
        <price t="2022-08-24" v="6250000000"/>
        <price t="2022-08-25" v="6634000000"/>
        <price t="2022-08-26" v="6482000000"/>
        <price t="2022-08-29" v="6323000000"/>
        <price t="2022-08-30" v="6227000000"/>
        <price t="2022-08-31" v="6276000000"/>
        <price t="2022-09-01" v="5952000000"/>
        <price t="2022-09-02" v="6050000000"/>
        <price t="2022-09-05" v="5945000000"/>
        <price t="2022-09-06" v="5830000000"/>
        <price t="2022-09-07" v="5806000000"/>
        <price t="2022-09-08" v="5870000000"/>
        <price t="2022-09-09" v="6026000000"/>
        <price t="2022-09-12" v="6060000000"/>
        <price t="2022-09-13" v="5912000000"/>
        <price t="2022-09-14" v="5956000000"/>
        <price t="2022-09-15" v="5959000000"/>
        <price t="2022-09-16" v="5694000000"/>
        <price t="2022-09-19" v="5751000000"/>
        <price t="2022-09-20" v="5784000000"/>
        <price t="2022-09-21" v="5752000000"/>
        <price t="2022-09-22" v="5504000000"/>
        <price t="2022-09-23" v="5349000000"/>
        <price t="2022-09-26" v="5585000000"/>
        <price t="2022-09-27" v="5491000000"/>
        <price t="2022-09-28" v="5456000000"/>
        <price t="2022-09-29" v="5265000000"/>
        <price t="2022-09-30" v="5387000000"/>
        <price t="2022-10-03" v="5378000000"/>
        <price t="2022-10-04" v="5613000000"/>
        <price t="2022-10-05" v="5587000000"/>
        <price t="2022-10-06" v="5732000000"/>
        <price t="2022-10-07" v="5490000000"/>
        <price t="2022-10-10" v="5300000000"/>
        <price t="2022-10-11" v="5336000000"/>
        <price t="2022-10-12" v="5228000000"/>
        <price t="2022-10-13" v="5062000000"/>
        <price t="2022-10-14" v="5237000000"/>
        <price t="2022-10-17" v="5361000000"/>
        <price t="2022-10-18" v="5408000000"/>
        <price t="2022-10-19" v="5068000000"/>
        <price t="2022-10-20" v="5056000000"/>
        <price t="2022-10-21" v="4926500000"/>
        <price t="2022-10-24" v="4087500000"/>
        <price t="2022-10-25" v="4190500000"/>
        <price t="2022-10-26" v="4330000000"/>
        <price t="2022-10-27" v="4373500000"/>
        <price t="2022-10-28" v="4133000000"/>
        <price t="2022-10-31" v="4435500000"/>
        <price t="2022-11-01" v="4848500000"/>
        <price t="2022-11-02" v="4736000000"/>
        <price t="2022-11-03" v="4698000000"/>
        <price t="2022-11-04" v="5045000000"/>
        <price t="2022-11-07" v="5042000000"/>
        <price t="2022-11-08" v="5052000000"/>
        <price t="2022-11-09" v="4853500000"/>
        <price t="2022-11-10" v="5160000000"/>
        <price t="2022-11-11" v="5492000000"/>
        <price t="2022-11-14" v="5517000000"/>
        <price t="2022-11-15" v="5899000000"/>
        <price t="2022-11-16" v="5950000000"/>
        <price t="2022-11-17" v="6068000000"/>
        <price t="2022-11-18" v="5857000000"/>
        <price t="2022-11-21" v="5820000000"/>
        <price t="2022-11-22" v="5635000000"/>
        <price t="2022-11-23" v="5741000000"/>
        <price t="2022-11-24" v="5878000000"/>
        <price t="2022-11-25" v="5853000000"/>
        <price t="2022-11-28" v="5981000000"/>
        <price t="2022-11-29" v="6019000000"/>
        <price t="2022-11-30" v="6236000000"/>
        <price t="2022-12-01" v="6182000000"/>
        <price t="2022-12-02" v="6193000000"/>
        <price t="2022-12-05" v="6366000000"/>
        <price t="2022-12-06" v="6282000000"/>
        <price t="2022-12-07" v="6254000000"/>
        <price t="2022-12-08" v="6438000000"/>
        <price t="2022-12-09" v="6459000000"/>
        <price t="2022-12-12" v="6366000000"/>
        <price t="2022-12-13" v="6662000000"/>
        <price t="2022-12-14" v="6659000000"/>
        <price t="2022-12-15" v="6434000000"/>
        <price t="2022-12-16" v="6375000000"/>
        <price t="2022-12-19" v="6403000000"/>
        <price t="2022-12-20" v="6333000000"/>
        <price t="2022-12-21" v="6379000000"/>
        <price t="2022-12-22" v="6368000000"/>
        <price t="2022-12-23" v="6408000000"/>
        <price t="2022-12-27" v="6517000000"/>
        <price t="2022-12-28" v="6407000000"/>
        <price t="2022-12-29" v="6659000000"/>
        <price t="2022-12-30" v="6481000000"/>
        <price t="2023-01-02" v="6642000000"/>
        <price t="2023-01-03" v="6860000000"/>
        <price t="2023-01-04" v="7275000000"/>
        <price t="2023-01-05" v="7137000000"/>
        <price t="2023-01-06" v="7300000000"/>
        <price t="2023-01-09" v="7451000000"/>
        <price t="2023-01-10" v="7441000000"/>
        <price t="2023-01-11" v="7511000000"/>
        <price t="2023-01-12" v="7477000000"/>
        <price t="2023-01-13" v="7575000000"/>
        <price t="2023-01-16" v="7501000000"/>
        <price t="2023-01-17" v="7573000000"/>
        <price t="2023-01-18" v="7470000000"/>
        <price t="2023-01-19" v="7466000000"/>
        <price t="2023-01-20" v="7537000000"/>
        <price t="2023-01-23" v="7613000000"/>
        <price t="2023-01-24" v="7698000000"/>
        <price t="2023-01-25" v="7576000000"/>
        <price t="2023-01-26" v="7726000000"/>
        <price t="2023-01-27" v="7824000000"/>
        <price t="2023-01-30" v="7324000000"/>
        <price t="2023-01-31" v="7391000000"/>
        <price t="2023-02-01" v="7297000000"/>
        <price t="2023-02-02" v="7421000000"/>
        <price t="2023-02-03" v="7442000000"/>
        <price t="2023-02-06" v="7328000000"/>
        <price t="2023-02-07" v="7386000000"/>
        <price t="2023-02-08" v="7367000000"/>
        <price t="2023-02-09" v="7515000000"/>
        <price t="2023-02-10" v="7404000000"/>
        <price t="2023-02-13" v="7590000000"/>
        <price t="2023-02-14" v="7435000000"/>
        <price t="2023-02-15" v="7496000000"/>
        <price t="2023-02-16" v="7478000000"/>
        <price t="2023-02-17" v="7353000000"/>
        <price t="2023-02-20" v="7308000000"/>
        <price t="2023-02-21" v="6937000000"/>
        <price t="2023-02-22" v="6877000000"/>
        <price t="2023-02-23" v="6861000000"/>
        <price t="2023-02-24" v="6644000000"/>
        <price t="2023-02-27" v="6773000000"/>
        <price t="2023-02-28" v="6816000000"/>
        <price t="2023-03-01" v="6984000000"/>
        <price t="2023-03-02" v="6993000000"/>
        <price t="2023-03-03" v="7019000000"/>
        <price t="2023-03-06" v="6964000000"/>
        <price t="2023-03-07" v="6791000000"/>
        <price t="2023-03-08" v="6776000000"/>
        <price t="2023-03-09" v="6644000000"/>
        <price t="2023-03-10" v="6522000000"/>
        <price t="2023-03-13" v="6546000000"/>
        <price t="2023-03-14" v="6688000000"/>
        <price t="2023-03-15" v="6438000000"/>
        <price t="2023-03-16" v="6547000000"/>
        <price t="2023-03-17" v="6454000000"/>
        <price t="2023-03-20" v="6562000000"/>
        <price t="2023-03-21" v="6547000000"/>
        <price t="2023-03-22" v="6709000000"/>
        <price t="2023-03-23" v="7148000000"/>
        <price t="2023-03-24" v="7100000000"/>
        <price t="2023-03-27" v="6731000000"/>
        <price t="2023-03-28" v="6988000000"/>
        <price t="2023-03-29" v="7177000000"/>
        <price t="2023-03-30" v="7185000000"/>
        <price t="2023-03-31" v="7208000000"/>
        <price t="2023-04-03" v="7177000000"/>
        <price t="2023-04-04" v="7139000000"/>
        <price t="2023-04-05" v="6985000000"/>
        <price t="2023-04-06" v="7031000000"/>
        <price t="2023-04-11" v="6911000000"/>
        <price t="2023-04-12" v="6493000000"/>
        <price t="2023-04-13" v="6674000000"/>
        <price t="2023-04-14" v="6798000000"/>
        <price t="2023-04-17" v="7034000000"/>
        <price t="2023-04-18" v="7096000000"/>
        <price t="2023-04-19" v="6997000000"/>
        <price t="2023-04-20" v="7041000000"/>
        <price t="2023-04-21" v="6928000000"/>
        <price t="2023-04-24" v="6730000000"/>
        <price t="2023-04-25" v="6612000000"/>
        <price t="2023-04-26" v="6677000000"/>
        <price t="2023-04-27" v="6744000000"/>
        <price t="2023-04-28" v="6761000000"/>
        <price t="2023-05-02" v="6675000000"/>
        <price t="2023-05-03" v="6648000000"/>
        <price t="2023-05-04" v="6577000000"/>
        <price t="2023-05-05" v="6711000000"/>
        <price t="2023-05-08" v="6693000000"/>
        <price t="2023-05-09" v="6363000000"/>
        <price t="2023-05-10" v="6439000000"/>
        <price t="2023-05-11" v="6569000000"/>
        <price t="2023-05-12" v="6498000000"/>
        <price t="2023-05-15" v="6848000000"/>
        <price t="2023-05-16" v="6788000000"/>
        <price t="2023-05-17" v="6944000000"/>
        <price t="2023-05-18" v="6814000000"/>
        <price t="2023-05-19" v="6769000000"/>
        <price t="2023-05-22" v="6820000000"/>
        <price t="2023-05-23" v="6685000000"/>
        <price t="2023-05-24" v="6538000000"/>
        <price t="2023-05-25" v="6395000000"/>
        <price t="2023-05-26" v="6468000000"/>
        <price t="2023-05-29" v="6378000000"/>
        <price t="2023-05-30" v="6285000000"/>
        <price t="2023-05-31" v="6208000000"/>
        <price t="2023-06-01" v="6306000000"/>
        <price t="2023-06-02" v="6593000000"/>
        <price t="2023-06-05" v="6517000000"/>
        <price t="2023-06-06" v="6584000000"/>
        <price t="2023-06-07" v="6543000000"/>
        <price t="2023-06-08" v="6630000000"/>
        <price t="2023-06-09" v="6618000000"/>
        <price t="2023-06-12" v="6718000000"/>
        <price t="2023-06-13" v="6782000000"/>
        <price t="2023-06-14" v="6770000000"/>
        <price t="2023-06-15" v="6889000000"/>
        <price t="2023-06-16" v="6908000000"/>
        <price t="2023-06-19" v="6907000000"/>
        <price t="2023-06-20" v="6598000000"/>
        <price t="2023-06-21" v="6470000000"/>
        <price t="2023-06-22" v="6429000000"/>
        <price t="2023-06-23" v="6292000000"/>
        <price t="2023-06-26" v="6349000000"/>
        <price t="2023-06-27" v="6683000000"/>
        <price t="2023-06-28" v="6691000000"/>
        <price t="2023-06-29" v="6591000000"/>
        <price t="2023-06-30" v="6684000000"/>
        <price t="2023-07-03" v="6774000000"/>
        <price t="2023-07-04" v="6774000000"/>
        <price t="2023-07-05" v="6598000000"/>
        <price t="2023-07-06" v="6282000000"/>
        <price t="2023-07-07" v="6417000000"/>
        <price t="2023-07-10" v="6441000000"/>
        <price t="2023-07-11" v="6464000000"/>
        <price t="2023-07-12" v="6742000000"/>
        <price t="2023-07-13" v="6921000000"/>
        <price t="2023-07-14" v="6928000000"/>
        <price t="2023-07-17" v="6817000000"/>
        <price t="2023-07-18" v="6766000000"/>
        <price t="2023-07-19" v="6779000000"/>
        <price t="2023-07-20" v="6699000000"/>
        <price t="2023-07-21" v="6662000000"/>
        <price t="2023-07-24" v="6745000000"/>
        <price t="2023-07-25" v="6885000000"/>
        <price t="2023-07-26" v="6857000000"/>
        <price t="2023-07-27" v="6951000000"/>
        <price t="2023-07-28" v="7236000000"/>
        <price t="2023-07-31" v="7175000000"/>
        <price t="2023-08-01" v="7170000000"/>
        <price t="2023-08-02" v="6900000000"/>
        <price t="2023-08-03" v="6967000000"/>
        <price t="2023-08-04" v="6889000000"/>
        <price t="2023-08-07" v="6718000000"/>
        <price t="2023-08-08" v="6625000000"/>
        <price t="2023-08-09" v="6635000000"/>
        <price t="2023-08-10" v="6827000000"/>
        <price t="2023-08-11" v="6558000000"/>
        <price t="2023-08-14" v="6519000000"/>
        <price t="2023-08-15" v="6562000000"/>
        <price t="2023-08-16" v="6402000000"/>
        <price t="2023-08-17" v="6467000000"/>
        <price t="2023-08-18" v="6360000000"/>
        <price t="2023-08-21" v="6334000000"/>
        <price t="2023-08-22" v="6317000000"/>
        <price t="2023-08-23" v="6372000000"/>
        <price t="2023-08-24" v="6291000000"/>
        <price t="2023-08-25" v="6286000000"/>
        <price t="2023-08-28" v="6415000000"/>
        <price t="2023-08-29" v="6499000000"/>
        <price t="2023-08-30" v="6306000000"/>
        <price t="2023-08-31" v="6401000000"/>
        <price t="2023-09-01" v="6489000000"/>
        <price t="2023-09-04" v="6481000000"/>
        <price t="2023-09-05" v="6502000000"/>
        <price t="2023-09-06" v="6540000000"/>
        <price t="2023-09-07" v="6357000000"/>
        <price t="2023-09-08" v="6314000000"/>
        <price t="2023-09-11" v="6430000000"/>
        <price t="2023-09-12" v="6436000000"/>
        <price t="2023-09-13" v="6411000000"/>
        <price t="2023-09-14" v="2989500000"/>
        <price t="2023-09-15" v="2959000000"/>
        <price t="2023-09-18" v="2915000000"/>
        <price t="2023-09-19" v="2893500000"/>
        <price t="2023-09-20" v="2876500000"/>
        <price t="2023-09-21" v="2736500000"/>
        <price t="2023-09-22" v="2861000000"/>
        <price t="2023-09-25" v="2782500000"/>
        <price t="2023-09-26" v="2757000000"/>
        <price t="2023-09-27" v="2776500000"/>
        <price t="2023-09-28" v="2778000000"/>
        <price t="2023-09-29" v="2791500000"/>
        <price t="2023-10-02" v="2775000000"/>
        <price t="2023-10-03" v="2692000000"/>
        <price t="2023-10-04" v="2727000000"/>
        <price t="2023-10-05" v="2696500000"/>
        <price t="2023-10-06" v="2774500000"/>
        <price t="2023-10-09" v="2740500000"/>
        <price t="2023-10-10" v="2860000000"/>
        <price t="2023-10-11" v="2879000000"/>
        <price t="2023-10-12" v="2835500000"/>
        <price t="2023-10-13" v="2761500000"/>
        <price t="2023-10-16" v="2819000000"/>
        <price t="2023-10-17" v="2769000000"/>
        <price t="2023-10-18" v="2698500000"/>
        <price t="2023-10-19" v="2657000000"/>
        <price t="2023-10-20" v="2604500000"/>
        <price t="2023-10-23" v="2612500000"/>
        <price t="2023-10-24" v="2659500000"/>
        <price t="2023-10-25" v="2637500000"/>
        <price t="2023-10-26" v="2612000000"/>
        <price t="2023-10-27" v="2640000000"/>
        <price t="2023-10-30" v="2647500000"/>
        <price t="2023-10-31" v="2642500000"/>
        <price t="2023-11-01" v="2665500000"/>
        <price t="2023-11-02" v="2704500000"/>
        <price t="2023-11-03" v="2839000000"/>
        <price t="2023-11-06" v="2848500000"/>
        <price t="2023-11-07" v="2853500000"/>
        <price t="2023-11-08" v="2855500000"/>
        <price t="2023-11-09" v="2908500000"/>
        <price t="2023-11-10" v="2852000000"/>
        <price t="2023-11-13" v="2886000000"/>
        <price t="2023-11-14" v="2955500000"/>
        <price t="2023-11-15" v="3134000000"/>
        <price t="2023-11-16" v="3013500000"/>
        <price t="2023-11-17" v="3024000000"/>
        <price t="2023-11-20" v="3038000000"/>
        <price t="2023-11-21" v="3000500000"/>
        <price t="2023-11-22" v="3027000000"/>
        <price t="2023-11-23" v="3068000000"/>
        <price t="2023-11-24" v="3022500000"/>
        <price t="2023-11-27" v="3027500000"/>
        <price t="2023-11-28" v="3014000000"/>
        <price t="2023-11-29" v="3001500000"/>
        <price t="2023-11-30" v="3050500000"/>
        <price t="2023-12-01" v="3032000000"/>
        <price t="2023-12-04" v="3040500000"/>
        <price t="2023-12-05" v="2991500000"/>
        <price t="2023-12-06" v="3005500000"/>
        <price t="2023-12-07" v="3007000000"/>
        <price t="2023-12-08" v="2991500000"/>
        <price t="2023-12-11" v="3007500000"/>
        <price t="2023-12-12" v="2996500000"/>
        <price t="2023-12-13" v="2978000000"/>
        <price t="2023-12-14" v="3011500000"/>
        <price t="2023-12-15" v="3042000000"/>
        <price t="2023-12-18" v="2920000000"/>
        <price t="2023-12-19" v="2980500000"/>
        <price t="2023-12-20" v="2960000000"/>
        <price t="2023-12-21" v="2950000000"/>
        <price t="2023-12-22" v="2554500000"/>
        <price t="2023-12-27" v="2658000000"/>
        <price t="2023-12-28" v="2673000000"/>
        <price t="2023-12-29" v="2712500000"/>
        <price t="2024-01-02" v="2692000000"/>
        <price t="2024-01-03" v="2718000000"/>
        <price t="2024-01-04" v="2742500000"/>
        <price t="2024-01-05" v="2725500000"/>
        <price t="2024-01-08" v="2755000000"/>
        <price t="2024-01-09" v="2698000000"/>
        <price t="2024-01-10" v="2682500000"/>
        <price t="2024-01-11" v="2673000000"/>
        <price t="2024-01-12" v="2705000000"/>
        <price t="2024-01-15" v="2684000000"/>
        <price t="2024-01-16" v="2648500000"/>
        <price t="2024-01-17" v="2581000000"/>
        <price t="2024-01-18" v="2618500000"/>
        <price t="2024-01-19" v="2576000000"/>
        <price t="2024-01-22" v="2570500000"/>
        <price t="2024-01-23" v="2710000000"/>
        <price t="2024-01-24" v="2807000000"/>
        <price t="2024-01-25" v="2841000000"/>
        <price t="2024-01-26" v="2827000000"/>
        <price t="2024-01-29" v="2800000000"/>
        <price t="2024-01-30" v="2783500000"/>
        <price t="2024-01-31" v="2750000000"/>
        <price t="2024-02-01" v="2800000000"/>
        <price t="2024-02-02" v="2808500000"/>
        <price t="2024-02-05" v="2799000000"/>
        <price t="2024-02-06" v="2935500000"/>
        <price t="2024-02-07" v="2944500000"/>
        <price t="2024-02-08" v="2941500000"/>
        <price t="2024-02-09" v="2947500000"/>
        <price t="2024-02-12" v="2954000000"/>
        <price t="2024-02-13" v="2928000000"/>
        <price t="2024-02-14" v="2886500000"/>
        <price t="2024-02-15" v="2906000000"/>
        <price t="2024-02-16" v="2898000000"/>
        <price t="2024-02-19" v="2874500000"/>
        <price t="2024-02-20" v="2785000000"/>
        <price t="2024-02-21" v="2838000000"/>
        <price t="2024-02-22" v="2847000000"/>
        <price t="2024-02-23" v="2818000000"/>
        <price t="2024-02-26" v="2770000000"/>
        <price t="2024-02-27" v="2790000000"/>
        <price t="2024-02-28" v="2710000000"/>
        <price t="2024-02-29" v="2704000000"/>
        <price t="2024-03-01" v="2680500000"/>
        <price t="2024-03-04" v="2640500000"/>
        <price t="2024-03-05" v="2595000000"/>
        <price t="2024-03-06" v="2631000000"/>
        <price t="2024-03-07" v="2640000000"/>
        <price t="2024-03-08" v="2644500000"/>
        <price t="2024-03-11" v="2691500000"/>
        <price t="2024-03-12" v="2758000000"/>
        <price t="2024-03-13" v="2767500000"/>
        <price t="2024-03-14" v="2740500000"/>
        <price t="2024-03-15" v="2715500000"/>
        <price t="2024-03-18" v="2738000000"/>
        <price t="2024-03-19" v="2713500000"/>
        <price t="2024-03-20" v="2728000000"/>
        <price t="2024-03-21" v="2789500000"/>
        <price t="2024-03-22" v="2775500000"/>
        <price t="2024-03-25" v="2765500000"/>
        <price t="2024-03-26" v="2832000000"/>
        <price t="2024-03-27" v="2869000000"/>
        <price t="2024-03-28" v="2907000000"/>
        <price t="2024-04-02" v="2965000000"/>
        <price t="2024-04-03" v="2965000000"/>
        <price t="2024-04-04" v="2969500000"/>
        <price t="2024-04-05" v="2927000000"/>
        <price t="2024-04-08" v="2980000000"/>
        <price t="2024-04-09" v="2925000000"/>
        <price t="2024-04-10" v="3000000000"/>
        <price t="2024-04-11" v="2979000000"/>
        <price t="2024-04-12" v="2943000000"/>
        <price t="2024-04-15" v="2922500000"/>
        <price t="2024-04-16" v="2874000000"/>
        <price t="2024-04-17" v="2866000000"/>
        <price t="2024-04-18" v="2892500000"/>
        <price t="2024-04-19" v="2838000000"/>
        <price t="2024-04-22" v="2984500000"/>
        <price t="2024-04-23" v="3072000000"/>
        <price t="2024-04-24" v="3123500000"/>
        <price t="2024-04-25" v="3081000000"/>
        <price t="2024-04-26" v="3125000000"/>
        <price t="2024-04-29" v="3170000000"/>
        <price t="2024-04-30" v="3169000000"/>
        <price t="2024-05-02" v="3295000000"/>
        <price t="2024-05-03" v="3336000000"/>
        <price t="2024-05-06" v="3369000000"/>
        <price t="2024-05-07" v="3311500000"/>
        <price t="2024-05-08" v="3288000000"/>
        <price t="2024-05-09" v="3383500000"/>
        <price t="2024-05-10" v="3399000000"/>
        <price t="2024-05-13" v="3466000000"/>
        <price t="2024-05-14" v="3585500000"/>
        <price t="2024-05-15" v="3616500000"/>
        <price t="2024-05-16" v="3630000000"/>
        <price t="2024-05-17" v="3576000000"/>
        <price t="2024-05-20" v="3499500000"/>
        <price t="2024-05-21" v="3530500000"/>
        <price t="2024-05-22" v="3461000000"/>
        <price t="2024-05-23" v="3474000000"/>
        <price t="2024-05-24" v="3439000000"/>
        <price t="2024-05-27" v="3479000000"/>
        <price t="2024-05-28" v="3454500000"/>
        <price t="2024-05-29" v="3394000000"/>
        <price t="2024-05-30" v="3421000000"/>
        <price t="2024-05-31" v="3318000000"/>
        <price t="2024-06-03" v="3389000000"/>
        <price t="2024-06-04" v="3380500000"/>
        <price t="2024-06-05" v="3390500000"/>
        <price t="2024-06-06" v="3410000000"/>
        <price t="2024-06-07" v="3373000000"/>
        <price t="2024-06-10" v="3427000000"/>
        <price t="2024-06-11" v="3373500000"/>
        <price t="2024-06-12" v="3446500000"/>
        <price t="2024-06-13" v="3427000000"/>
        <price t="2024-06-14" v="3386000000"/>
        <price t="2024-06-17" v="3418000000"/>
        <price t="2024-06-18" v="3386000000"/>
        <price t="2024-06-19" v="3448000000"/>
        <price t="2024-06-20" v="3408500000"/>
        <price t="2024-06-21" v="3403500000"/>
        <price t="2024-06-24" v="3451500000"/>
        <price t="2024-06-25" v="3394000000"/>
        <price t="2024-06-26" v="3384000000"/>
        <price t="2024-06-27" v="3337500000"/>
        <price t="2024-06-28" v="3340500000"/>
        <price t="2024-07-01" v="3315000000"/>
        <price t="2024-07-02" v="3305000000"/>
        <price t="2024-07-03" v="3314000000"/>
        <price t="2024-07-04" v="3332000000"/>
        <price t="2024-07-05" v="3286500000"/>
        <price t="2024-07-08" v="3301000000"/>
        <price t="2024-07-09" v="3283500000"/>
        <price t="2024-07-10" v="3306500000"/>
        <price t="2024-07-11" v="3325500000"/>
        <price t="2024-07-12" v="3449000000"/>
        <price t="2024-07-15" v="3361500000"/>
        <price t="2024-07-16" v="3295000000"/>
        <price t="2024-07-17" v="3278000000"/>
        <price t="2024-07-18" v="3309500000"/>
        <price t="2024-07-19" v="3231500000"/>
        <price t="2024-07-22" v="3294500000"/>
        <price t="2024-07-23" v="3269500000"/>
        <price t="2024-07-24" v="3225000000"/>
        <price t="2024-07-25" v="3169500000"/>
        <price t="2024-07-26" v="3194000000"/>
        <price t="2024-07-29" v="3155500000"/>
        <price t="2024-07-30" v="3178500000"/>
        <price t="2024-07-31" v="3212000000"/>
        <price t="2024-08-01" v="3208500000"/>
        <price t="2024-08-02" v="3127500000"/>
        <price t="2024-08-05" v="3094500000"/>
        <price t="2024-08-06" v="3052500000"/>
        <price t="2024-08-07" v="3171500000"/>
        <price t="2024-08-08" v="3219000000"/>
        <price t="2024-08-09" v="3220000000"/>
        <price t="2024-08-12" v="3292000000"/>
        <price t="2024-08-13" v="3313500000"/>
        <price t="2024-08-14" v="3255500000"/>
        <price t="2024-08-15" v="3300500000"/>
        <price t="2024-08-16" v="3327000000"/>
        <price t="2024-08-19" v="3350000000"/>
        <price t="2024-08-20" v="3288000000"/>
        <price t="2024-08-21" v="3311000000"/>
        <price t="2024-08-22" v="3327500000"/>
        <price t="2024-08-23" v="3349500000"/>
        <price t="2024-08-26" v="3298000000"/>
        <price t="2024-08-27" v="3325000000"/>
        <price t="2024-08-28" v="3258000000"/>
        <price t="2024-08-29" v="3304000000"/>
        <price t="2024-08-30" v="3361500000"/>
        <price t="2024-09-02" v="3346500000"/>
        <price t="2024-09-03" v="3350000000"/>
        <price t="2024-09-04" v="3341000000"/>
        <price t="2024-09-05" v="3345000000"/>
        <price t="2024-09-06" v="3220500000"/>
        <price t="2024-09-09" v="3258000000"/>
        <price t="2024-09-10" v="3239000000"/>
        <price t="2024-09-11" v="3229500000"/>
        <price t="2024-09-12" v="3212000000"/>
        <price t="2024-09-13" v="3233000000"/>
        <price t="2024-09-16" v="3232000000"/>
        <price t="2024-09-17" v="3274500000"/>
        <price t="2024-09-18" v="3252000000"/>
        <price t="2024-09-19" v="3415000000"/>
        <price t="2024-09-20" v="3375500000"/>
        <price t="2024-09-23" v="3429500000"/>
        <price t="2024-09-24" v="3580000000"/>
        <price t="2024-09-25" v="3597000000"/>
        <price t="2024-09-26" v="3880500000"/>
        <price t="2024-09-27" v="3949000000"/>
        <price t="2024-09-30" v="3928500000"/>
        <price t="2024-10-01" v="3970000000"/>
        <price t="2024-10-02" v="4092000000"/>
        <price t="2024-10-03" v="4095500000"/>
        <price t="2024-10-04" v="4119500000"/>
        <price t="2024-10-07" v="4161500000"/>
      </prices>
      <latest t="2024-10-07" v="4161500000">
        <high>-1</high>
        <low>-1</low>
        <volume>-1</volume>
      </latest>
      <attributes>
        <map/>
      </attributes>
      <events/>
      <isRetired>false</isRetired>
      <updatedAt>2024-02-13T07:12:07.428685500Z</updatedAt>
    </security>
    <security>
      <uuid>2952115f-694c-4cd7-8476-152b14d6efad</uuid>
      <onlineId>b7f458d6debe41288ee029cbbdc9ed69</onlineId>
      <name>PROSUS (split)</name>
      <currencyCode>EUR</currencyCode>
      <isin>NL0013654783</isin>
      <tickerSymbol>1TY</tickerSymbol>
      <wkn>A2PRDK</wkn>
      <feed>PORTFOLIO-REPORT</feed>
      <prices>
        <price t="2019-09-12" v="3853918150"/>
        <price t="2019-09-13" v="3385024775"/>
        <price t="2019-09-16" v="3368507983"/>
        <price t="2019-09-17" v="3195540466"/>
        <price t="2019-09-18" v="3106074509"/>
        <price t="2019-09-19" v="3129014498"/>
        <price t="2019-09-20" v="3177647275"/>
        <price t="2019-09-23" v="3197834465"/>
        <price t="2019-09-24" v="3180858873"/>
        <price t="2019-09-25" v="3139566893"/>
        <price t="2019-09-26" v="3119838502"/>
        <price t="2019-09-27" v="3037254542"/>
        <price t="2019-09-30" v="3069829326"/>
        <price t="2019-10-01" v="3099192512"/>
        <price t="2019-10-02" v="3028078547"/>
        <price t="2019-10-04" v="3013396954"/>
        <price t="2019-10-07" v="3014314553"/>
        <price t="2019-10-08" v="2971187374"/>
        <price t="2019-10-09" v="2959258580"/>
        <price t="2019-10-10" v="2968434575"/>
        <price t="2019-10-11" v="3055606533"/>
        <price t="2019-10-14" v="3013855753"/>
        <price t="2019-10-15" v="3034960543"/>
        <price t="2019-10-16" v="3027160947"/>
        <price t="2019-10-17" v="3068452927"/>
        <price t="2019-10-18" v="3081758121"/>
        <price t="2019-10-21" v="3030372545"/>
        <price t="2019-10-22" v="3051936135"/>
        <price t="2019-10-23" v="2875757020"/>
        <price t="2019-10-24" v="2914755001"/>
        <price t="2019-10-25" v="2864287025"/>
        <price t="2019-10-28" v="2899614608"/>
        <price t="2019-10-29" v="2894109011"/>
        <price t="2019-10-30" v="2833547440"/>
        <price t="2019-10-31" v="2837676638"/>
        <price t="2019-11-01" v="2845017434"/>
        <price t="2019-11-04" v="2844558635"/>
        <price t="2019-11-05" v="2903743806"/>
        <price t="2019-11-06" v="2890438613"/>
        <price t="2019-11-07" v="2921636998"/>
        <price t="2019-11-08" v="2901908607"/>
        <price t="2019-11-11" v="2857863828"/>
        <price t="2019-11-12" v="2852358231"/>
        <price t="2019-11-13" v="2821618646"/>
        <price t="2019-11-14" v="2791796660"/>
        <price t="2019-11-15" v="2819783447"/>
        <price t="2019-11-18" v="2867498624"/>
        <price t="2019-11-19" v="2862910626"/>
        <price t="2019-11-20" v="2857863828"/>
        <price t="2019-11-21" v="2862910626"/>
        <price t="2019-11-22" v="2905120206"/>
        <price t="2019-11-25" v="2921178198"/>
        <price t="2019-11-26" v="2862910626"/>
        <price t="2019-11-27" v="2888144614"/>
        <price t="2019-11-28" v="2871169022"/>
        <price t="2019-11-29" v="2837217838"/>
        <price t="2019-12-02" v="2780785465"/>
        <price t="2019-12-03" v="2745457882"/>
        <price t="2019-12-04" v="2764268673"/>
        <price t="2019-12-05" v="2741787484"/>
        <price t="2019-12-06" v="2798678657"/>
        <price t="2019-12-09" v="2755092678"/>
        <price t="2019-12-10" v="2707836300"/>
        <price t="2019-12-11" v="2724811892"/>
        <price t="2019-12-12" v="2776197467"/>
        <price t="2019-12-13" v="2835382639"/>
        <price t="2019-12-16" v="2889062213"/>
        <price t="2019-12-17" v="2976234171"/>
        <price t="2019-12-18" v="3005138558"/>
        <price t="2019-12-19" v="3003303358"/>
        <price t="2019-12-20" v="3058818132"/>
        <price t="2019-12-23" v="3050559736"/>
        <price t="2019-12-27" v="3081299321"/>
        <price t="2019-12-30" v="3084510919"/>
        <price t="2020-01-02" v="3145072490"/>
        <price t="2020-01-03" v="3072123325"/>
        <price t="2020-01-06" v="3060194531"/>
        <price t="2020-01-07" v="3114332905"/>
        <price t="2020-01-08" v="3106992109"/>
        <price t="2020-01-09" v="3194622867"/>
        <price t="2020-01-10" v="3302440815"/>
        <price t="2020-01-13" v="3287759222"/>
        <price t="2020-01-14" v="3269407231"/>
        <price t="2020-01-15" v="3250596440"/>
        <price t="2020-01-16" v="3250596440"/>
        <price t="2020-01-17" v="3279500826"/>
        <price t="2020-01-20" v="3323545605"/>
        <price t="2020-01-21" v="3255184438"/>
        <price t="2020-01-22" v="3164342081"/>
        <price t="2020-01-23" v="3104239310"/>
        <price t="2020-01-24" v="3143696091"/>
        <price t="2020-01-27" v="2985410167"/>
        <price t="2020-01-29" v="3116168104"/>
        <price t="2020-01-30" v="3170306478"/>
        <price t="2020-01-31" v="3063864929"/>
        <price t="2020-02-03" v="3067994127"/>
        <price t="2020-02-04" v="3124426500"/>
        <price t="2020-02-05" v="3165718480"/>
        <price t="2020-02-06" v="3224444852"/>
        <price t="2020-02-07" v="3179941274"/>
        <price t="2020-02-10" v="3134978895"/>
        <price t="2020-02-11" v="3223068453"/>
        <price t="2020-02-12" v="3246008442"/>
        <price t="2020-02-13" v="3313910809"/>
        <price t="2020-02-14" v="3299688016"/>
        <price t="2020-02-17" v="3316204808"/>
        <price t="2020-02-18" v="3267572032"/>
        <price t="2020-02-19" v="3367590384"/>
        <price t="2020-02-20" v="3276748027"/>
        <price t="2020-02-21" v="3264360433"/>
        <price t="2020-02-24" v="3111580106"/>
        <price t="2020-02-26" v="3145072490"/>
        <price t="2020-02-27" v="3014773353"/>
        <price t="2020-02-28" v="2811983850"/>
        <price t="2020-03-02" v="2978528170"/>
        <price t="2020-03-03" v="2952835383"/>
        <price t="2020-03-04" v="2947788585"/>
        <price t="2020-03-06" v="2894567811"/>
        <price t="2020-03-09" v="2715177097"/>
        <price t="2020-03-10" v="2773444669"/>
        <price t="2020-03-11" v="2721141494"/>
        <price t="2020-03-12" v="2423380437"/>
        <price t="2020-03-13" v="2560102771"/>
        <price t="2020-03-16" v="2253853918"/>
        <price t="2020-03-17" v="2234584327"/>
        <price t="2020-03-18" v="2260506515"/>
        <price t="2020-03-19" v="2364654065"/>
        <price t="2020-03-20" v="2476601211"/>
        <price t="2020-03-23" v="2524775188"/>
        <price t="2020-03-24" v="2626628739"/>
        <price t="2020-03-26" v="2926683795"/>
        <price t="2020-03-27" v="2743622683"/>
        <price t="2020-03-30" v="2845935034"/>
        <price t="2020-03-31" v="2886309415"/>
        <price t="2020-04-01" v="2776656267"/>
        <price t="2020-04-02" v="2776656267"/>
        <price t="2020-04-03" v="2786749862"/>
        <price t="2020-04-06" v="2875757020"/>
        <price t="2020-04-07" v="2917966599"/>
        <price t="2020-04-08" v="2909708203"/>
        <price t="2020-04-09" v="2896861810"/>
        <price t="2020-04-14" v="2898697009"/>
        <price t="2020-04-15" v="2849146632"/>
        <price t="2020-04-16" v="2994127363"/>
        <price t="2020-04-17" v="3003303358"/>
        <price t="2020-04-20" v="3068452927"/>
        <price t="2020-04-21" v="2982198569"/>
        <price t="2020-04-22" v="3098733713"/>
        <price t="2020-04-23" v="3104239310"/>
        <price t="2020-04-24" v="3095980914"/>
        <price t="2020-04-27" v="3117085704"/>
        <price t="2020-04-28" v="3186823270"/>
        <price t="2020-04-29" v="3186823270"/>
        <price t="2020-04-30" v="3174894476"/>
        <price t="2020-05-04" v="3075793724"/>
        <price t="2020-05-05" v="3190493669"/>
        <price t="2020-05-06" v="3194164067"/>
        <price t="2020-05-07" v="3251972839"/>
        <price t="2020-05-08" v="3368507983"/>
        <price t="2020-05-11" v="3541016700"/>
        <price t="2020-05-12" v="3605248669"/>
        <price t="2020-05-13" v="3772251789"/>
        <price t="2020-05-14" v="3699761424"/>
        <price t="2020-05-15" v="3617177464"/>
        <price t="2020-05-18" v="3618095063"/>
        <price t="2020-05-19" v="3730042210"/>
        <price t="2020-05-20" v="3852082951"/>
        <price t="2020-05-21" v="3716278216"/>
        <price t="2020-05-22" v="3584143880"/>
        <price t="2020-05-25" v="3572215085"/>
        <price t="2020-05-26" v="3601578271"/>
        <price t="2020-05-27" v="3440080749"/>
        <price t="2020-05-28" v="3418058359"/>
        <price t="2020-05-29" v="3390530373"/>
        <price t="2020-06-02" v="3492383924"/>
        <price t="2020-06-03" v="3502477519"/>
        <price t="2020-06-04" v="3435492751"/>
        <price t="2020-06-05" v="3466691136"/>
        <price t="2020-06-08" v="3404294366"/>
        <price t="2020-06-09" v="3488713525"/>
        <price t="2020-06-10" v="3589649477"/>
        <price t="2020-06-11" v="3555698293"/>
        <price t="2020-06-12" v="3532758304"/>
        <price t="2020-06-15" v="3434575151"/>
        <price t="2020-06-16" v="3598825473"/>
        <price t="2020-06-17" v="3642870251"/>
        <price t="2020-06-18" v="3684162232"/>
        <price t="2020-06-19" v="3692420628"/>
        <price t="2020-06-22" v="3757570196"/>
        <price t="2020-06-23" v="3888786933"/>
        <price t="2020-06-24" v="3773169389"/>
        <price t="2020-06-25" v="3679574234"/>
        <price t="2020-06-26" v="3700679024"/>
        <price t="2020-06-29" v="3674986236"/>
        <price t="2020-06-30" v="3756652597"/>
        <price t="2020-07-01" v="3795191778"/>
        <price t="2020-07-02" v="3838318958"/>
        <price t="2020-07-03" v="3861258947"/>
        <price t="2020-07-06" v="3893374931"/>
        <price t="2020-07-07" v="3895210130"/>
        <price t="2020-07-08" v="3983299688"/>
        <price t="2020-07-09" v="4046614058"/>
        <price t="2020-07-10" v="3968618095"/>
        <price t="2020-07-13" v="4035602863"/>
        <price t="2020-07-14" v="3871352542"/>
        <price t="2020-07-15" v="3973206093"/>
        <price t="2020-07-16" v="3886034135"/>
        <price t="2020-07-17" v="3885116535"/>
        <price t="2020-07-20" v="3871352542"/>
        <price t="2020-07-21" v="4060378051"/>
        <price t="2020-07-22" v="3906221325"/>
        <price t="2020-07-23" v="3925490916"/>
        <price t="2020-07-24" v="3766746192"/>
        <price t="2020-07-27" v="3789686181"/>
        <price t="2020-07-28" v="3803450174"/>
        <price t="2020-07-29" v="3853918150"/>
        <price t="2020-07-30" v="3737383006"/>
        <price t="2020-07-31" v="3771334190"/>
        <price t="2020-08-03" v="3848412553"/>
        <price t="2020-08-04" v="3808038172"/>
        <price t="2020-08-05" v="3885116535"/>
        <price t="2020-08-06" v="3865846944"/>
        <price t="2020-08-07" v="3697008625"/>
        <price t="2020-08-10" v="3554780694"/>
        <price t="2020-08-11" v="3657551844"/>
        <price t="2020-08-12" v="3798862177"/>
        <price t="2020-08-13" v="3695173426"/>
        <price t="2020-08-14" v="3658469444"/>
        <price t="2020-08-17" v="3658469444"/>
        <price t="2020-08-18" v="3626353459"/>
        <price t="2020-08-19" v="3572215085"/>
        <price t="2020-08-20" v="3523582309"/>
        <price t="2020-08-21" v="3702514223"/>
        <price t="2020-08-24" v="3794274179"/>
        <price t="2020-08-25" v="3874105340"/>
        <price t="2020-08-26" v="4015415673"/>
        <price t="2020-08-27" v="4064048449"/>
        <price t="2020-08-28" v="3960359699"/>
        <price t="2020-08-31" v="3845659754"/>
        <price t="2020-09-01" v="4013580473"/>
        <price t="2020-09-02" v="3976876491"/>
        <price t="2020-09-03" v="3781427785"/>
        <price t="2020-09-04" v="3685079831"/>
        <price t="2020-09-07" v="3692420628"/>
        <price t="2020-09-08" v="3663975041"/>
        <price t="2020-09-09" v="3727289411"/>
        <price t="2020-09-10" v="3708937420"/>
        <price t="2020-09-11" v="3711690218"/>
        <price t="2020-09-14" v="3733712608"/>
        <price t="2020-09-15" v="3776839787"/>
        <price t="2020-09-16" v="3771334190"/>
        <price t="2020-09-17" v="3705267021"/>
        <price t="2020-09-18" v="3618095063"/>
        <price t="2020-09-21" v="3488713525"/>
        <price t="2020-09-22" v="3564874289"/>
        <price t="2020-09-23" v="3684162232"/>
        <price t="2020-09-24" v="3634611855"/>
        <price t="2020-09-25" v="3573132685"/>
        <price t="2020-09-28" v="3591484676"/>
        <price t="2020-09-29" v="3552027895"/>
        <price t="2020-09-30" v="3604331070"/>
        <price t="2020-10-01" v="3625435860"/>
        <price t="2020-10-02" v="3654799046"/>
        <price t="2020-10-05" v="3683244632"/>
        <price t="2020-10-06" v="3659387043"/>
        <price t="2020-10-07" v="3618095063"/>
        <price t="2020-10-08" v="3563039090"/>
        <price t="2020-10-09" v="3690585429"/>
        <price t="2020-10-12" v="3737383006"/>
        <price t="2020-10-13" v="3777757387"/>
        <price t="2020-10-14" v="3851165351"/>
        <price t="2020-10-15" v="3734630207"/>
        <price t="2020-10-16" v="3842906955"/>
        <price t="2020-10-19" v="3808955772"/>
        <price t="2020-10-20" v="3788768581"/>
        <price t="2020-10-21" v="3730042210"/>
        <price t="2020-10-22" v="3685079831"/>
        <price t="2020-10-23" v="3645623050"/>
        <price t="2020-10-26" v="3707102221"/>
        <price t="2020-10-27" v="3836483758"/>
        <price t="2020-10-28" v="3793356579"/>
        <price t="2020-10-29" v="3820884566"/>
        <price t="2020-10-30" v="3937419710"/>
        <price t="2020-11-02" v="4016333272"/>
        <price t="2020-11-03" v="3898880529"/>
        <price t="2020-11-04" v="4177830795"/>
        <price t="2020-11-05" v="4320058726"/>
        <price t="2020-11-06" v="4460451459"/>
        <price t="2020-11-09" v="4396219490"/>
        <price t="2020-11-10" v="4114516425"/>
        <price t="2020-11-11" v="4005322077"/>
        <price t="2020-11-12" v="4120939622"/>
        <price t="2020-11-13" v="4099834832"/>
        <price t="2020-11-16" v="4033767664"/>
        <price t="2020-11-17" v="4026426867"/>
        <price t="2020-11-18" v="4070471646"/>
        <price t="2020-11-19" v="4017250872"/>
        <price t="2020-11-20" v="4172325197"/>
        <price t="2020-11-23" v="4197100385"/>
        <price t="2020-11-24" v="4264085153"/>
        <price t="2020-11-25" v="4236557166"/>
        <price t="2020-11-26" v="4307212333"/>
        <price t="2020-11-27" v="4280601945"/>
        <price t="2020-11-30" v="4184253992"/>
        <price t="2020-12-01" v="4292530740"/>
        <price t="2020-12-02" v="4238392366"/>
        <price t="2020-12-03" v="4310882731"/>
        <price t="2020-12-04" v="4270508350"/>
        <price t="2020-12-07" v="4244815562"/>
        <price t="2020-12-08" v="4220040374"/>
        <price t="2020-12-09" v="4259497155"/>
        <price t="2020-12-10" v="4222793173"/>
        <price t="2020-12-11" v="4266837952"/>
        <price t="2020-12-14" v="4152138007"/>
        <price t="2020-12-15" v="4191594788"/>
        <price t="2020-12-16" v="4206276381"/>
        <price t="2020-12-17" v="4220957974"/>
        <price t="2020-12-18" v="4120022022"/>
        <price t="2020-12-21" v="4171407598"/>
        <price t="2020-12-22" v="4115434025"/>
        <price t="2020-12-23" v="4149385208"/>
        <price t="2020-12-28" v="3945678106"/>
        <price t="2020-12-29" v="4033767664"/>
        <price t="2020-12-30" v="4076894843"/>
        <price t="2021-01-04" v="4044778859"/>
        <price t="2021-01-05" v="4129198018"/>
        <price t="2021-01-06" v="4094329235"/>
        <price t="2021-01-07" v="3855753349"/>
        <price t="2021-01-08" v="3984217288"/>
        <price t="2021-01-11" v="4012662874"/>
        <price t="2021-01-12" v="4045696458"/>
        <price t="2021-01-13" v="4071389246"/>
        <price t="2021-01-14" v="4253073959"/>
        <price t="2021-01-15" v="4222793173"/>
        <price t="2021-01-18" v="4270508350"/>
        <price t="2021-01-19" v="4431088273"/>
        <price t="2021-01-20" v="4521930629"/>
        <price t="2021-01-21" v="4447605065"/>
        <price t="2021-01-22" v="4551293815"/>
        <price t="2021-01-25" v="4743989723"/>
        <price t="2021-01-26" v="4601761791"/>
        <price t="2021-01-27" v="4408148284"/>
        <price t="2021-01-28" v="4465039457"/>
        <price t="2021-01-29" v="4418241879"/>
        <price t="2021-02-01" v="4496237842"/>
        <price t="2021-02-02" v="4551293815"/>
        <price t="2021-02-03" v="4597173793"/>
        <price t="2021-02-04" v="4659111764"/>
        <price t="2021-02-05" v="4620113782"/>
        <price t="2021-02-08" v="4665993760"/>
        <price t="2021-02-09" v="4679757754"/>
        <price t="2021-02-10" v="4750871720"/>
        <price t="2021-02-11" v="4787575702"/>
        <price t="2021-02-12" v="4854101670"/>
        <price t="2021-02-15" v="4899981648"/>
        <price t="2021-02-16" v="4854101670"/>
        <price t="2021-02-17" v="5003211598"/>
        <price t="2021-02-18" v="4982565608"/>
        <price t="2021-02-19" v="4987153606"/>
        <price t="2021-02-22" v="4764635713"/>
        <price t="2021-02-23" v="4590291797"/>
        <price t="2021-02-24" v="4590291797"/>
        <price t="2021-02-25" v="4542117820"/>
        <price t="2021-02-26" v="4483391448"/>
        <price t="2021-03-01" v="4599467792"/>
        <price t="2021-03-02" v="4606349789"/>
        <price t="2021-03-03" v="4633877776"/>
        <price t="2021-03-04" v="4509084236"/>
        <price t="2021-03-05" v="4312717930"/>
        <price t="2021-03-08" v="4281519545"/>
        <price t="2021-03-09" v="4445769866"/>
        <price t="2021-03-10" v="4527436227"/>
        <price t="2021-03-11" v="4643053771"/>
        <price t="2021-03-12" v="4358597908"/>
        <price t="2021-03-15" v="4301706735"/>
        <price t="2021-03-16" v="4349421912"/>
        <price t="2021-03-17" v="4263167554"/>
        <price t="2021-03-18" v="4242062764"/>
        <price t="2021-03-19" v="4275096348"/>
        <price t="2021-03-22" v="4338410718"/>
        <price t="2021-03-23" v="4352174711"/>
        <price t="2021-03-24" v="4295283538"/>
        <price t="2021-03-25" v="4260414755"/>
        <price t="2021-03-26" v="4324646724"/>
        <price t="2021-03-29" v="4299871536"/>
        <price t="2021-03-30" v="4374197100"/>
        <price t="2021-03-31" v="4344833914"/>
        <price t="2021-04-01" v="4606349789"/>
        <price t="2021-04-06" v="4526059827"/>
        <price t="2021-04-07" v="4344833914"/>
        <price t="2021-04-08" v="4412736282"/>
        <price t="2021-04-09" v="4337034318"/>
        <price t="2021-04-12" v="4275096348"/>
        <price t="2021-04-13" v="4333363920"/>
        <price t="2021-04-14" v="4340704716"/>
        <price t="2021-04-15" v="4434299872"/>
        <price t="2021-04-16" v="4436135071"/>
        <price t="2021-04-19" v="4326481923"/>
        <price t="2021-04-20" v="4251697559"/>
        <price t="2021-04-21" v="4226463571"/>
        <price t="2021-04-22" v="4267296752"/>
        <price t="2021-04-23" v="4260873555"/>
        <price t="2021-04-26" v="4231969169"/>
        <price t="2021-04-27" v="4248027161"/>
        <price t="2021-04-28" v="4259955955"/>
        <price t="2021-04-29" v="4210864379"/>
        <price t="2021-04-30" v="4165902000"/>
        <price t="2021-05-03" v="4161314003"/>
        <price t="2021-05-04" v="3969535695"/>
        <price t="2021-05-05" v="4014498073"/>
        <price t="2021-05-06" v="4064048449"/>
        <price t="2021-05-07" v="4112681226"/>
        <price t="2021-05-10" v="3967700496"/>
        <price t="2021-05-11" v="3863552945"/>
        <price t="2021-05-12" v="3951183703"/>
        <price t="2021-05-13" v="3856670949"/>
        <price t="2021-05-14" v="3866305744"/>
        <price t="2021-05-17" v="3908515324"/>
        <price t="2021-05-18" v="3865388145"/>
        <price t="2021-05-19" v="3803908974"/>
        <price t="2021-05-20" v="3890622133"/>
        <price t="2021-05-21" v="3855294549"/>
        <price t="2021-05-25" v="3930537713"/>
        <price t="2021-05-26" v="3913562121"/>
        <price t="2021-05-27" v="3821343366"/>
        <price t="2021-05-28" v="3869517343"/>
        <price t="2021-05-31" v="3870434942"/>
        <price t="2021-06-01" v="3958983300"/>
        <price t="2021-06-02" v="3970453294"/>
        <price t="2021-06-03" v="3940631308"/>
        <price t="2021-06-04" v="4009910075"/>
        <price t="2021-06-07" v="3946136906"/>
        <price t="2021-06-08" v="3939713709"/>
        <price t="2021-06-09" v="3913562121"/>
        <price t="2021-06-10" v="3911726922"/>
        <price t="2021-06-11" v="3919526519"/>
        <price t="2021-06-14" v="3915856120"/>
        <price t="2021-06-15" v="3877775739"/>
        <price t="2021-06-16" v="3925032116"/>
        <price t="2021-06-17" v="3915397321"/>
        <price t="2021-06-18" v="3853000551"/>
        <price t="2021-06-21" v="3899798128"/>
        <price t="2021-06-22" v="3789227381"/>
        <price t="2021-06-23" v="3782804184"/>
        <price t="2021-06-24" v="3773628189"/>
        <price t="2021-06-25" v="3786474582"/>
        <price t="2021-06-28" v="3801156175"/>
        <price t="2021-06-29" v="3840154157"/>
        <price t="2021-06-30" v="3826848963"/>
        <price t="2021-07-01" v="3756193797"/>
        <price t="2021-07-02" v="3802532575"/>
        <price t="2021-07-05" v="3580473481"/>
        <price t="2021-07-06" v="3602037071"/>
        <price t="2021-07-07" v="3700220224"/>
        <price t="2021-07-08" v="3533675904"/>
        <price t="2021-07-09" v="3554780694"/>
        <price t="2021-07-12" v="3568544687"/>
        <price t="2021-07-13" v="3641035052"/>
        <price t="2021-07-14" v="3666727840"/>
        <price t="2021-07-15" v="3691044228"/>
        <price t="2021-07-16" v="3702514223"/>
        <price t="2021-07-19" v="3674527436"/>
        <price t="2021-07-20" v="3629106258"/>
        <price t="2021-07-21" v="3673609837"/>
        <price t="2021-07-22" v="3731418609"/>
        <price t="2021-07-23" v="3647458249"/>
        <price t="2021-07-26" v="3349238392"/>
        <price t="2021-07-27" v="3103321710"/>
        <price t="2021-07-28" v="3306570013"/>
        <price t="2021-07-29" v="3499265920"/>
        <price t="2021-07-30" v="3431363553"/>
        <price t="2021-08-02" v="3485501927"/>
        <price t="2021-08-03" v="3242796843"/>
        <price t="2021-08-04" v="3330427601"/>
        <price t="2021-08-05" v="3285924023"/>
        <price t="2021-08-06" v="3311158011"/>
        <price t="2021-08-09" v="3462103138"/>
        <price t="2021-08-10" v="3618095063"/>
        <price t="2021-08-11" v="3603872270"/>
        <price t="2021-08-12" v="3569003487"/>
        <price t="2021-08-13" v="3464397137"/>
        <price t="2021-08-16" v="3374013580"/>
        <price t="2021-08-17" v="3303358414"/>
        <price t="2021-08-18" v="3329051202"/>
        <price t="2021-08-19" v="3167553680"/>
        <price t="2021-08-20" v="3142778491"/>
        <price t="2021-08-23" v="3134978895"/>
        <price t="2021-08-24" v="3267572032"/>
        <price t="2021-08-25" v="3293264819"/>
        <price t="2021-08-26" v="3262984034"/>
        <price t="2021-08-27" v="3305193614"/>
        <price t="2021-08-30" v="3237750046"/>
        <price t="2021-08-31" v="3413929161"/>
        <price t="2021-09-01" v="3567627088"/>
        <price t="2021-09-02" v="3563039090"/>
        <price t="2021-09-03" v="3541016700"/>
        <price t="2021-09-06" v="3622224261"/>
        <price t="2021-09-07" v="3663057442"/>
        <price t="2021-09-08" v="3601578271"/>
        <price t="2021-09-09" v="3400165168"/>
        <price t="2021-09-10" v="3364378785"/>
        <price t="2021-09-13" v="3289594421"/>
        <price t="2021-09-14" v="3285465223"/>
        <price t="2021-09-15" v="3168012479"/>
        <price t="2021-09-16" v="3211598458"/>
        <price t="2021-09-17" v="3172141677"/>
        <price t="2021-09-20" v="3115250505"/>
        <price t="2021-09-21" v="3154248486"/>
        <price t="2021-09-22" v="3201963663"/>
        <price t="2021-09-23" v="3246467242"/>
        <price t="2021-09-24" v="3217562856"/>
        <price t="2021-09-27" v="3215727656"/>
        <price t="2021-09-28" v="3178564874"/>
        <price t="2021-09-29" v="3195999266"/>
        <price t="2021-09-30" v="3188658469"/>
        <price t="2021-10-01" v="3138190494"/>
        <price t="2021-10-04" v="3062947330"/>
        <price t="2021-10-05" v="3151495687"/>
        <price t="2021-10-06" v="3078546522"/>
        <price t="2021-10-07" v="3312075610"/>
        <price t="2021-10-08" v="3271242430"/>
        <price t="2021-10-11" v="3278124427"/>
        <price t="2021-10-12" v="3263901633"/>
        <price t="2021-10-13" v="3268489631"/>
        <price t="2021-10-14" v="3319875206"/>
        <price t="2021-10-15" v="3375389980"/>
        <price t="2021-10-18" v="3352908791"/>
        <price t="2021-10-19" v="3505230317"/>
        <price t="2021-10-20" v="3625894660"/>
        <price t="2021-10-21" v="3608919068"/>
        <price t="2021-10-22" v="3589190677"/>
        <price t="2021-10-25" v="3517159112"/>
        <price t="2021-10-26" v="3552945495"/>
        <price t="2021-10-27" v="3464397137"/>
        <price t="2021-10-28" v="3473573133"/>
        <price t="2021-10-29" v="3473573133"/>
        <price t="2021-11-01" v="3522205909"/>
        <price t="2021-11-02" v="3369425583"/>
        <price t="2021-11-03" v="3495136722"/>
        <price t="2021-11-04" v="3493760323"/>
        <price t="2021-11-05" v="3369884382"/>
        <price t="2021-11-08" v="3335933199"/>
        <price t="2021-11-09" v="3342356396"/>
        <price t="2021-11-10" v="3368966783"/>
        <price t="2021-11-11" v="3351532391"/>
        <price t="2021-11-12" v="3452468343"/>
        <price t="2021-11-15" v="3478619930"/>
        <price t="2021-11-16" v="3601119471"/>
        <price t="2021-11-17" v="3564415489"/>
        <price t="2021-11-18" v="3508900716"/>
        <price t="2021-11-19" v="3550192696"/>
        <price t="2021-11-22" v="3450174344"/>
        <price t="2021-11-23" v="3424940356"/>
        <price t="2021-11-24" v="3375848780"/>
        <price t="2021-11-25" v="3396035970"/>
        <price t="2021-11-26" v="3251972839"/>
        <price t="2021-11-29" v="3243714443"/>
        <price t="2021-11-30" v="3274454028"/>
        <price t="2021-12-01" v="3448339145"/>
        <price t="2021-12-02" v="3298770417"/>
        <price t="2021-12-03" v="3207010461"/>
        <price t="2021-12-06" v="3309322812"/>
        <price t="2021-12-07" v="3469902734"/>
        <price t="2021-12-08" v="3373554781"/>
        <price t="2021-12-09" v="3363461186"/>
        <price t="2021-12-10" v="3303358414"/>
        <price t="2021-12-13" v="3244173243"/>
        <price t="2021-12-14" v="3206551661"/>
        <price t="2021-12-15" v="3129014498"/>
        <price t="2021-12-16" v="3216186456"/>
        <price t="2021-12-17" v="3192787667"/>
        <price t="2021-12-20" v="3138649293"/>
        <price t="2021-12-21" v="3152413287"/>
        <price t="2021-12-22" v="3228115251"/>
        <price t="2021-12-23" v="3351532391"/>
        <price t="2021-12-27" v="3386401175"/>
        <price t="2021-12-28" v="3295558818"/>
        <price t="2021-12-29" v="3243714443"/>
        <price t="2021-12-30" v="3257478436"/>
        <price t="2022-01-03" v="3390530373"/>
        <price t="2022-01-04" v="3365755184"/>
        <price t="2022-01-05" v="3317122408"/>
        <price t="2022-01-06" v="3245549642"/>
        <price t="2022-01-07" v="3234538447"/>
        <price t="2022-01-10" v="3232244449"/>
        <price t="2022-01-11" v="3391447972"/>
        <price t="2022-01-12" v="3568544687"/>
        <price t="2022-01-13" v="3580014682"/>
        <price t="2022-01-14" v="3531381905"/>
        <price t="2022-01-17" v="3496971921"/>
        <price t="2022-01-18" v="3395577170"/>
        <price t="2022-01-19" v="3377683979"/>
        <price t="2022-01-20" v="3550651496"/>
        <price t="2022-01-21" v="3483207928"/>
        <price t="2022-01-24" v="3313910809"/>
        <price t="2022-01-25" v="3209763259"/>
        <price t="2022-01-26" v="3241879244"/>
        <price t="2022-01-27" v="3216186456"/>
        <price t="2022-01-28" v="3266195632"/>
        <price t="2022-01-31" v="3393283171"/>
        <price t="2022-02-01" v="3402000367"/>
        <price t="2022-02-02" v="3323545605"/>
        <price t="2022-02-03" v="3281794825"/>
        <price t="2022-02-04" v="3235456047"/>
        <price t="2022-02-07" v="3295558818"/>
        <price t="2022-02-08" v="3268030831"/>
        <price t="2022-02-09" v="3397871169"/>
        <price t="2022-02-10" v="3257478436"/>
        <price t="2022-02-11" v="3165718480"/>
        <price t="2022-02-14" v="3088181318"/>
        <price t="2022-02-15" v="3119838502"/>
        <price t="2022-02-16" v="3134061296"/>
        <price t="2022-02-17" v="3073040925"/>
        <price t="2022-02-18" v="2963846577"/>
        <price t="2022-02-21" v="2732611488"/>
        <price t="2022-02-22" v="2714718297"/>
        <price t="2022-02-23" v="2611488346"/>
        <price t="2022-02-24" v="2463296018"/>
        <price t="2022-02-25" v="2510552395"/>
        <price t="2022-02-28" v="2545421178"/>
        <price t="2022-03-01" v="2517434392"/>
        <price t="2022-03-02" v="2499082400"/>
        <price t="2022-03-03" v="2399064048"/>
        <price t="2022-03-04" v="2182510552"/>
        <price t="2022-03-07" v="2233896128"/>
        <price t="2022-03-08" v="2332079281"/>
        <price t="2022-03-09" v="2456872821"/>
        <price t="2022-03-10" v="2370159662"/>
        <price t="2022-03-11" v="2337584878"/>
        <price t="2022-03-14" v="2097632593"/>
        <price t="2022-03-15" v="1958157460"/>
        <price t="2022-03-16" v="2400440448"/>
        <price t="2022-03-17" v="2344466875"/>
        <price t="2022-03-18" v="2423380437"/>
        <price t="2022-03-21" v="2357772068"/>
        <price t="2022-03-22" v="2404569646"/>
        <price t="2022-03-23" v="2288493302"/>
        <price t="2022-03-24" v="2275646908"/>
        <price t="2022-03-25" v="2191915948"/>
        <price t="2022-03-28" v="2204762342"/>
        <price t="2022-03-29" v="2290099101"/>
        <price t="2022-03-30" v="2289410901"/>
        <price t="2022-03-31" v="2227702331"/>
        <price t="2022-04-01" v="2343549275"/>
        <price t="2022-04-04" v="2425215636"/>
        <price t="2022-04-05" v="2421086438"/>
        <price t="2022-04-06" v="2280693705"/>
        <price t="2022-04-07" v="2217149936"/>
        <price t="2022-04-08" v="2210726739"/>
        <price t="2022-04-11" v="2229996330"/>
        <price t="2022-04-12" v="2215544137"/>
        <price t="2022-04-13" v="2232060929"/>
        <price t="2022-04-14" v="2172416957"/>
        <price t="2022-04-19" v="2065975408"/>
        <price t="2022-04-20" v="2067351808"/>
        <price t="2022-04-21" v="1995549642"/>
        <price t="2022-04-22" v="1992796843"/>
        <price t="2022-04-25" v="1940952468"/>
        <price t="2022-04-26" v="1938199670"/>
        <price t="2022-04-27" v="1975591852"/>
        <price t="2022-04-28" v="1962057258"/>
        <price t="2022-04-29" v="2155211965"/>
        <price t="2022-05-02" v="2074922004"/>
        <price t="2022-05-03" v="2138924573"/>
        <price t="2022-05-04" v="2063681409"/>
        <price t="2022-05-05" v="1966874656"/>
        <price t="2022-05-06" v="1950357864"/>
        <price t="2022-05-09" v="1848045513"/>
        <price t="2022-05-10" v="1848045513"/>
        <price t="2022-05-11" v="1973527253"/>
        <price t="2022-05-12" v="2009543035"/>
        <price t="2022-05-13" v="2003808038"/>
        <price t="2022-05-16" v="2014360433"/>
        <price t="2022-05-17" v="2164387961"/>
        <price t="2022-05-18" v="2067581208"/>
        <price t="2022-05-19" v="2096944393"/>
        <price t="2022-05-20" v="2082951000"/>
        <price t="2022-05-23" v="2032483024"/>
        <price t="2022-05-24" v="1911130483"/>
        <price t="2022-05-25" v="1982473848"/>
        <price t="2022-05-26" v="2062305010"/>
        <price t="2022-05-27" v="2114149385"/>
        <price t="2022-05-30" v="2177004955"/>
        <price t="2022-05-31" v="2215773536"/>
        <price t="2022-06-01" v="2137548174"/>
        <price t="2022-06-02" v="2158652964"/>
        <price t="2022-06-03" v="2136401175"/>
        <price t="2022-06-06" v="2226096531"/>
        <price t="2022-06-07" v="2183428152"/>
        <price t="2022-06-08" v="2354560470"/>
        <price t="2022-06-09" v="2320150486"/>
        <price t="2022-06-10" v="2259588915"/>
        <price t="2022-06-13" v="2199486144"/>
        <price t="2022-06-14" v="2189621949"/>
        <price t="2022-06-15" v="2309139292"/>
        <price t="2022-06-16" v="2190310149"/>
        <price t="2022-06-17" v="2268764911"/>
        <price t="2022-06-20" v="2238484126"/>
        <price t="2022-06-21" v="2303633694"/>
        <price t="2022-06-22" v="2285052303"/>
        <price t="2022-06-23" v="2332538080"/>
        <price t="2022-06-24" v="2428427234"/>
        <price t="2022-06-27" v="2846393834"/>
        <price t="2022-06-28" v="2762892274"/>
        <price t="2022-06-29" v="2856028629"/>
        <price t="2022-06-30" v="2866581024"/>
        <price t="2022-07-01" v="2982198569"/>
        <price t="2022-07-04" v="2940906588"/>
        <price t="2022-07-05" v="3053312534"/>
        <price t="2022-07-06" v="3036336943"/>
        <price t="2022-07-07" v="3260690035"/>
        <price t="2022-07-08" v="3077170123"/>
        <price t="2022-07-11" v="3041383740"/>
        <price t="2022-07-12" v="3103321710"/>
        <price t="2022-07-13" v="3015232153"/>
        <price t="2022-07-14" v="2981280969"/>
        <price t="2022-07-15" v="2934942191"/>
        <price t="2022-07-18" v="3022572949"/>
        <price t="2022-07-19" v="3091851716"/>
        <price t="2022-07-20" v="3131308497"/>
        <price t="2022-07-21" v="3172600477"/>
        <price t="2022-07-22" v="3140943292"/>
        <price t="2022-07-25" v="3121214902"/>
        <price t="2022-07-26" v="3054688934"/>
        <price t="2022-07-27" v="3020278950"/>
        <price t="2022-07-28" v="3032666544"/>
        <price t="2022-07-29" v="2921178198"/>
        <price t="2022-08-01" v="2908331804"/>
        <price t="2022-08-02" v="2879427418"/>
        <price t="2022-08-03" v="2956046981"/>
        <price t="2022-08-04" v="2979904570"/>
        <price t="2022-08-05" v="2902826207"/>
        <price t="2022-08-08" v="2961093779"/>
        <price t="2022-08-09" v="2898697009"/>
        <price t="2022-08-10" v="2906037805"/>
        <price t="2022-08-11" v="2955588181"/>
        <price t="2022-08-12" v="2885850615"/>
        <price t="2022-08-15" v="2915213801"/>
        <price t="2022-08-16" v="2986327767"/>
        <price t="2022-08-17" v="2979445770"/>
        <price t="2022-08-18" v="2940906588"/>
        <price t="2022-08-19" v="2887685814"/>
        <price t="2022-08-22" v="2873921821"/>
        <price t="2022-08-23" v="2852358231"/>
        <price t="2022-08-24" v="2867498624"/>
        <price t="2022-08-25" v="3043677739"/>
        <price t="2022-08-26" v="2973940173"/>
        <price t="2022-08-29" v="2900991008"/>
        <price t="2022-08-30" v="2856946229"/>
        <price t="2022-08-31" v="2879427418"/>
        <price t="2022-09-01" v="2730776289"/>
        <price t="2022-09-02" v="2775738668"/>
        <price t="2022-09-05" v="2727564691"/>
        <price t="2022-09-06" v="2674802716"/>
        <price t="2022-09-07" v="2663791521"/>
        <price t="2022-09-08" v="2693154707"/>
        <price t="2022-09-09" v="2764727473"/>
        <price t="2022-09-12" v="2780326665"/>
        <price t="2022-09-13" v="2712424298"/>
        <price t="2022-09-14" v="2732611488"/>
        <price t="2022-09-15" v="2733987888"/>
        <price t="2022-09-16" v="2612405946"/>
        <price t="2022-09-19" v="2638557533"/>
        <price t="2022-09-20" v="2653697926"/>
        <price t="2022-09-21" v="2639016333"/>
        <price t="2022-09-22" v="2525233988"/>
        <price t="2022-09-23" v="2454120022"/>
        <price t="2022-09-26" v="2562396770"/>
        <price t="2022-09-27" v="2519269591"/>
        <price t="2022-09-28" v="2503211598"/>
        <price t="2022-09-29" v="2415580841"/>
        <price t="2022-09-30" v="2471554414"/>
        <price t="2022-10-03" v="2467425216"/>
        <price t="2022-10-04" v="2575243164"/>
        <price t="2022-10-05" v="2563314370"/>
        <price t="2022-10-06" v="2629840338"/>
        <price t="2022-10-07" v="2518810791"/>
        <price t="2022-10-10" v="2431638833"/>
        <price t="2022-10-11" v="2448155625"/>
        <price t="2022-10-12" v="2398605249"/>
        <price t="2022-10-13" v="2322444485"/>
        <price t="2022-10-14" v="2402734447"/>
        <price t="2022-10-17" v="2459625619"/>
        <price t="2022-10-18" v="2481189209"/>
        <price t="2022-10-19" v="2325197284"/>
        <price t="2022-10-20" v="2319691687"/>
        <price t="2022-10-21" v="2260277115"/>
        <price t="2022-10-24" v="1875344100"/>
        <price t="2022-10-25" v="1922600477"/>
        <price t="2022-10-26" v="1986603046"/>
        <price t="2022-10-27" v="2006560837"/>
        <price t="2022-10-28" v="1896219490"/>
        <price t="2022-10-31" v="2035006423"/>
        <price t="2022-11-01" v="2224490732"/>
        <price t="2022-11-02" v="2172875757"/>
        <price t="2022-11-03" v="2155441365"/>
        <price t="2022-11-04" v="2314644889"/>
        <price t="2022-11-07" v="2313268490"/>
        <price t="2022-11-08" v="2317856487"/>
        <price t="2022-11-09" v="2226784731"/>
        <price t="2022-11-10" v="2367406864"/>
        <price t="2022-11-11" v="2519728391"/>
        <price t="2022-11-14" v="2531198385"/>
        <price t="2022-11-15" v="2706459901"/>
        <price t="2022-11-16" v="2729858690"/>
        <price t="2022-11-17" v="2783997064"/>
        <price t="2022-11-18" v="2687190310"/>
        <price t="2022-11-21" v="2670214718"/>
        <price t="2022-11-22" v="2585336759"/>
        <price t="2022-11-23" v="2633969536"/>
        <price t="2022-11-24" v="2696825106"/>
        <price t="2022-11-25" v="2685355111"/>
        <price t="2022-11-28" v="2744081483"/>
        <price t="2022-11-29" v="2761515874"/>
        <price t="2022-11-30" v="2861075427"/>
        <price t="2022-12-01" v="2836300239"/>
        <price t="2022-12-02" v="2841347036"/>
        <price t="2022-12-05" v="2920719398"/>
        <price t="2022-12-06" v="2882180217"/>
        <price t="2022-12-07" v="2869333823"/>
        <price t="2022-12-08" v="2953752982"/>
        <price t="2022-12-09" v="2963387778"/>
        <price t="2022-12-12" v="2920719398"/>
        <price t="2022-12-13" v="3056524133"/>
        <price t="2022-12-14" v="3055147734"/>
        <price t="2022-12-15" v="2951917783"/>
        <price t="2022-12-16" v="2924848596"/>
        <price t="2022-12-19" v="2937694990"/>
        <price t="2022-12-20" v="2905579005"/>
        <price t="2022-12-21" v="2926683795"/>
        <price t="2022-12-22" v="2921636998"/>
        <price t="2022-12-23" v="2939988989"/>
        <price t="2022-12-27" v="2989998165"/>
        <price t="2022-12-28" v="2939530189"/>
        <price t="2022-12-29" v="3055147734"/>
        <price t="2022-12-30" v="2973481373"/>
        <price t="2023-01-02" v="3047348137"/>
        <price t="2023-01-03" v="3147366489"/>
        <price t="2023-01-04" v="3337768398"/>
        <price t="2023-01-05" v="3274454028"/>
        <price t="2023-01-06" v="3349238392"/>
        <price t="2023-01-09" v="3418517159"/>
        <price t="2023-01-10" v="3413929161"/>
        <price t="2023-01-11" v="3446045146"/>
        <price t="2023-01-12" v="3430445953"/>
        <price t="2023-01-13" v="3475408332"/>
        <price t="2023-01-16" v="3441457148"/>
        <price t="2023-01-17" v="3474490732"/>
        <price t="2023-01-18" v="3427234355"/>
        <price t="2023-01-19" v="3425399156"/>
        <price t="2023-01-20" v="3457973940"/>
        <price t="2023-01-23" v="3492842723"/>
        <price t="2023-01-24" v="3531840705"/>
        <price t="2023-01-25" v="3475867132"/>
        <price t="2023-01-26" v="3544687099"/>
        <price t="2023-01-27" v="3589649477"/>
        <price t="2023-01-30" v="3360249587"/>
        <price t="2023-01-31" v="3390989172"/>
        <price t="2023-02-01" v="3347861993"/>
        <price t="2023-02-02" v="3404753166"/>
        <price t="2023-02-03" v="3414387961"/>
        <price t="2023-02-06" v="3362084786"/>
        <price t="2023-02-07" v="3388695173"/>
        <price t="2023-02-08" v="3379977978"/>
        <price t="2023-02-09" v="3447880345"/>
        <price t="2023-02-10" v="3396953569"/>
        <price t="2023-02-13" v="3482290329"/>
        <price t="2023-02-14" v="3411176363"/>
        <price t="2023-02-15" v="3439163149"/>
        <price t="2023-02-16" v="3430904753"/>
        <price t="2023-02-17" v="3373554781"/>
        <price t="2023-02-20" v="3352908791"/>
        <price t="2023-02-21" v="3182694072"/>
        <price t="2023-02-22" v="3155166086"/>
        <price t="2023-02-23" v="3147825289"/>
        <price t="2023-02-24" v="3048265737"/>
        <price t="2023-02-27" v="3107450908"/>
        <price t="2023-02-28" v="3127179299"/>
        <price t="2023-03-01" v="3204257662"/>
        <price t="2023-03-02" v="3208386860"/>
        <price t="2023-03-03" v="3220315654"/>
        <price t="2023-03-06" v="3195081666"/>
        <price t="2023-03-07" v="3115709304"/>
        <price t="2023-03-08" v="3108827308"/>
        <price t="2023-03-09" v="3048265737"/>
        <price t="2023-03-10" v="2992292164"/>
        <price t="2023-03-13" v="3003303358"/>
        <price t="2023-03-14" v="3068452927"/>
        <price t="2023-03-15" v="2953752982"/>
        <price t="2023-03-16" v="3003762158"/>
        <price t="2023-03-17" v="2961093779"/>
        <price t="2023-03-20" v="3010644155"/>
        <price t="2023-03-21" v="3003762158"/>
        <price t="2023-03-22" v="3078087723"/>
        <price t="2023-03-23" v="3279500826"/>
        <price t="2023-03-24" v="3257478436"/>
        <price t="2023-03-27" v="3088181318"/>
        <price t="2023-03-28" v="3206092861"/>
        <price t="2023-03-29" v="3292806019"/>
        <price t="2023-03-30" v="3296476418"/>
        <price t="2023-03-31" v="3307028813"/>
        <price t="2023-04-03" v="3292806019"/>
        <price t="2023-04-04" v="3275371628"/>
        <price t="2023-04-05" v="3204716462"/>
        <price t="2023-04-06" v="3225821252"/>
        <price t="2023-04-11" v="3170765278"/>
        <price t="2023-04-12" v="2978986970"/>
        <price t="2023-04-13" v="3062029730"/>
        <price t="2023-04-14" v="3118920903"/>
        <price t="2023-04-17" v="3227197651"/>
        <price t="2023-04-18" v="3255643237"/>
        <price t="2023-04-19" v="3210222059"/>
        <price t="2023-04-20" v="3230409249"/>
        <price t="2023-04-21" v="3178564874"/>
        <price t="2023-04-24" v="3087722518"/>
        <price t="2023-04-25" v="3033584144"/>
        <price t="2023-04-26" v="3063406130"/>
        <price t="2023-04-27" v="3094145715"/>
        <price t="2023-04-28" v="3101945311"/>
        <price t="2023-05-02" v="3062488530"/>
        <price t="2023-05-03" v="3050100936"/>
        <price t="2023-05-04" v="3017526152"/>
        <price t="2023-05-05" v="3079005322"/>
        <price t="2023-05-08" v="3070746926"/>
        <price t="2023-05-09" v="2919342999"/>
        <price t="2023-05-10" v="2954211782"/>
        <price t="2023-05-11" v="3013855753"/>
        <price t="2023-05-12" v="2981280969"/>
        <price t="2023-05-15" v="3141860892"/>
        <price t="2023-05-16" v="3114332905"/>
        <price t="2023-05-17" v="3185905671"/>
        <price t="2023-05-18" v="3126261699"/>
        <price t="2023-05-19" v="3105615709"/>
        <price t="2023-05-22" v="3129014498"/>
        <price t="2023-05-23" v="3067076528"/>
        <price t="2023-05-24" v="2999632960"/>
        <price t="2023-05-25" v="2934024592"/>
        <price t="2023-05-26" v="2967516976"/>
        <price t="2023-05-29" v="2926224995"/>
        <price t="2023-05-30" v="2883556616"/>
        <price t="2023-05-31" v="2848229033"/>
        <price t="2023-06-01" v="2893191411"/>
        <price t="2023-06-02" v="3024866948"/>
        <price t="2023-06-05" v="2989998165"/>
        <price t="2023-06-06" v="3020737750"/>
        <price t="2023-06-07" v="3001926959"/>
        <price t="2023-06-08" v="3041842540"/>
        <price t="2023-06-09" v="3036336943"/>
        <price t="2023-06-12" v="3082216921"/>
        <price t="2023-06-13" v="3111580106"/>
        <price t="2023-06-14" v="3106074509"/>
        <price t="2023-06-15" v="3160671683"/>
        <price t="2023-06-16" v="3169388879"/>
        <price t="2023-06-19" v="3168930079"/>
        <price t="2023-06-20" v="3027160947"/>
        <price t="2023-06-21" v="2968434575"/>
        <price t="2023-06-22" v="2949623784"/>
        <price t="2023-06-23" v="2886768214"/>
        <price t="2023-06-26" v="2912919802"/>
        <price t="2023-06-27" v="3066158928"/>
        <price t="2023-06-28" v="3069829326"/>
        <price t="2023-06-29" v="3023949349"/>
        <price t="2023-06-30" v="3066617728"/>
        <price t="2023-07-03" v="3107909708"/>
        <price t="2023-07-04" v="3107909708"/>
        <price t="2023-07-05" v="3027160947"/>
        <price t="2023-07-06" v="2882180217"/>
        <price t="2023-07-07" v="2944118187"/>
        <price t="2023-07-10" v="2955129382"/>
        <price t="2023-07-11" v="2965681776"/>
        <price t="2023-07-12" v="3093228115"/>
        <price t="2023-07-13" v="3175353276"/>
        <price t="2023-07-14" v="3178564874"/>
        <price t="2023-07-17" v="3127638099"/>
        <price t="2023-07-18" v="3104239310"/>
        <price t="2023-07-19" v="3110203707"/>
        <price t="2023-07-20" v="3073499725"/>
        <price t="2023-07-21" v="3056524133"/>
        <price t="2023-07-24" v="3094604515"/>
        <price t="2023-07-25" v="3158836484"/>
        <price t="2023-07-26" v="3145990090"/>
        <price t="2023-07-27" v="3189117269"/>
        <price t="2023-07-28" v="3319875206"/>
        <price t="2023-07-31" v="3291888420"/>
        <price t="2023-08-01" v="3289594421"/>
        <price t="2023-08-02" v="3165718480"/>
        <price t="2023-08-03" v="3196458066"/>
        <price t="2023-08-04" v="3160671683"/>
        <price t="2023-08-07" v="3082216921"/>
        <price t="2023-08-08" v="3039548541"/>
        <price t="2023-08-09" v="3044136539"/>
        <price t="2023-08-10" v="3132226097"/>
        <price t="2023-08-11" v="3008808956"/>
        <price t="2023-08-14" v="2990915764"/>
        <price t="2023-08-15" v="3010644155"/>
        <price t="2023-08-16" v="2937236190"/>
        <price t="2023-08-17" v="2967058176"/>
        <price t="2023-08-18" v="2917966599"/>
        <price t="2023-08-21" v="2906037805"/>
        <price t="2023-08-22" v="2898238209"/>
        <price t="2023-08-23" v="2923472197"/>
        <price t="2023-08-24" v="2886309415"/>
        <price t="2023-08-25" v="2884015416"/>
        <price t="2023-08-28" v="2943200587"/>
        <price t="2023-08-29" v="2981739769"/>
        <price t="2023-08-30" v="2893191411"/>
        <price t="2023-08-31" v="2936777390"/>
        <price t="2023-09-01" v="2977151771"/>
        <price t="2023-09-04" v="2973481373"/>
        <price t="2023-09-05" v="2983116168"/>
        <price t="2023-09-06" v="3000550560"/>
        <price t="2023-09-07" v="2916590200"/>
        <price t="2023-09-08" v="2896861810"/>
        <price t="2023-09-11" v="2950082584"/>
        <price t="2023-09-12" v="2952835383"/>
        <price t="2023-09-13" v="2941365388"/>
        <price t="2023-09-14" v="2989500000"/>
        <price t="2023-09-15" v="2959000000"/>
        <price t="2023-09-18" v="2915000000"/>
        <price t="2023-09-19" v="2893500000"/>
        <price t="2023-09-20" v="2876500000"/>
        <price t="2023-09-21" v="2736500000"/>
        <price t="2023-09-22" v="2861000000"/>
        <price t="2023-09-25" v="2782500000"/>
        <price t="2023-09-26" v="2757000000"/>
        <price t="2023-09-27" v="2776500000"/>
        <price t="2023-09-28" v="2778000000"/>
        <price t="2023-09-29" v="2791500000"/>
        <price t="2023-10-02" v="2775000000"/>
        <price t="2023-10-03" v="2692000000"/>
        <price t="2023-10-04" v="2727000000"/>
        <price t="2023-10-05" v="2696500000"/>
        <price t="2023-10-06" v="2774500000"/>
        <price t="2023-10-09" v="2740500000"/>
        <price t="2023-10-10" v="2860000000"/>
        <price t="2023-10-11" v="2879000000"/>
        <price t="2023-10-12" v="2835500000"/>
        <price t="2023-10-13" v="2761500000"/>
        <price t="2023-10-16" v="2819000000"/>
        <price t="2023-10-17" v="2769000000"/>
        <price t="2023-10-18" v="2698500000"/>
        <price t="2023-10-19" v="2657000000"/>
        <price t="2023-10-20" v="2604500000"/>
        <price t="2023-10-23" v="2612500000"/>
        <price t="2023-10-24" v="2659500000"/>
        <price t="2023-10-25" v="2637500000"/>
        <price t="2023-10-26" v="2612000000"/>
        <price t="2023-10-27" v="2640000000"/>
        <price t="2023-10-30" v="2647500000"/>
        <price t="2023-10-31" v="2642500000"/>
        <price t="2023-11-01" v="2665500000"/>
        <price t="2023-11-02" v="2704500000"/>
        <price t="2023-11-03" v="2839000000"/>
        <price t="2023-11-06" v="2848500000"/>
        <price t="2023-11-07" v="2853500000"/>
        <price t="2023-11-08" v="2855500000"/>
        <price t="2023-11-09" v="2908500000"/>
        <price t="2023-11-10" v="2852000000"/>
        <price t="2023-11-13" v="2886000000"/>
        <price t="2023-11-14" v="2955500000"/>
        <price t="2023-11-15" v="3134000000"/>
        <price t="2023-11-16" v="3013500000"/>
        <price t="2023-11-17" v="3024000000"/>
        <price t="2023-11-20" v="3038000000"/>
        <price t="2023-11-21" v="3000500000"/>
        <price t="2023-11-22" v="3027000000"/>
        <price t="2023-11-23" v="3068000000"/>
        <price t="2023-11-24" v="3022500000"/>
        <price t="2023-11-27" v="3027500000"/>
        <price t="2023-11-28" v="3014000000"/>
        <price t="2023-11-29" v="3001500000"/>
        <price t="2023-11-30" v="3050500000"/>
        <price t="2023-12-01" v="3032000000"/>
        <price t="2023-12-04" v="3040500000"/>
        <price t="2023-12-05" v="2991500000"/>
        <price t="2023-12-06" v="3005500000"/>
        <price t="2023-12-07" v="3007000000"/>
        <price t="2023-12-08" v="2991500000"/>
        <price t="2023-12-11" v="3007500000"/>
        <price t="2023-12-12" v="2996500000"/>
        <price t="2023-12-13" v="2978000000"/>
        <price t="2023-12-14" v="3011500000"/>
        <price t="2023-12-15" v="3042000000"/>
        <price t="2023-12-18" v="2920000000"/>
        <price t="2023-12-19" v="2980500000"/>
        <price t="2023-12-20" v="2960000000"/>
        <price t="2023-12-21" v="2950000000"/>
        <price t="2023-12-22" v="2554500000"/>
        <price t="2023-12-27" v="2658000000"/>
        <price t="2023-12-28" v="2673000000"/>
        <price t="2023-12-29" v="2712500000"/>
        <price t="2024-01-02" v="2692000000"/>
        <price t="2024-01-03" v="2718000000"/>
        <price t="2024-01-04" v="2742500000"/>
        <price t="2024-01-05" v="2725500000"/>
        <price t="2024-01-08" v="2755000000"/>
        <price t="2024-01-09" v="2698000000"/>
        <price t="2024-01-10" v="2682500000"/>
        <price t="2024-01-11" v="2673000000"/>
        <price t="2024-01-12" v="2705000000"/>
        <price t="2024-01-15" v="2684000000"/>
        <price t="2024-01-16" v="2648500000"/>
        <price t="2024-01-17" v="2581000000"/>
        <price t="2024-01-18" v="2618500000"/>
        <price t="2024-01-19" v="2576000000"/>
        <price t="2024-01-22" v="2570500000"/>
        <price t="2024-01-23" v="2710000000"/>
        <price t="2024-01-24" v="2807000000"/>
        <price t="2024-01-25" v="2841000000"/>
        <price t="2024-01-26" v="2827000000"/>
        <price t="2024-01-29" v="2800000000"/>
        <price t="2024-01-30" v="2783500000"/>
        <price t="2024-01-31" v="2750000000"/>
        <price t="2024-02-01" v="2800000000"/>
        <price t="2024-02-02" v="2808500000"/>
        <price t="2024-02-05" v="2799000000"/>
        <price t="2024-02-06" v="2935500000"/>
        <price t="2024-02-07" v="2944500000"/>
        <price t="2024-02-08" v="2941500000"/>
        <price t="2024-02-09" v="2947500000"/>
        <price t="2024-02-12" v="2954000000"/>
        <price t="2024-02-13" v="2928000000"/>
        <price t="2024-02-14" v="2886500000"/>
        <price t="2024-02-15" v="2906000000"/>
        <price t="2024-02-16" v="2898000000"/>
        <price t="2024-02-19" v="2874500000"/>
        <price t="2024-02-20" v="2785000000"/>
        <price t="2024-02-21" v="2838000000"/>
        <price t="2024-02-22" v="2847000000"/>
        <price t="2024-02-23" v="2818000000"/>
        <price t="2024-02-26" v="2770000000"/>
        <price t="2024-02-27" v="2790000000"/>
        <price t="2024-02-28" v="2710000000"/>
        <price t="2024-02-29" v="2704000000"/>
        <price t="2024-03-01" v="2680500000"/>
        <price t="2024-03-04" v="2640500000"/>
        <price t="2024-03-05" v="2595000000"/>
        <price t="2024-03-06" v="2631000000"/>
        <price t="2024-03-07" v="2640000000"/>
        <price t="2024-03-08" v="2644500000"/>
        <price t="2024-03-11" v="2691500000"/>
        <price t="2024-03-12" v="2758000000"/>
        <price t="2024-03-13" v="2767500000"/>
        <price t="2024-03-14" v="2740500000"/>
        <price t="2024-03-15" v="2715500000"/>
        <price t="2024-03-18" v="2738000000"/>
        <price t="2024-03-19" v="2713500000"/>
        <price t="2024-03-20" v="2728000000"/>
        <price t="2024-03-21" v="2789500000"/>
        <price t="2024-03-22" v="2775500000"/>
        <price t="2024-03-25" v="2765500000"/>
        <price t="2024-03-26" v="2832000000"/>
        <price t="2024-03-27" v="2869000000"/>
        <price t="2024-03-28" v="2907000000"/>
        <price t="2024-04-02" v="2965000000"/>
        <price t="2024-04-03" v="2965000000"/>
        <price t="2024-04-04" v="2969500000"/>
        <price t="2024-04-05" v="2927000000"/>
        <price t="2024-04-08" v="2980000000"/>
        <price t="2024-04-09" v="2925000000"/>
        <price t="2024-04-10" v="3000000000"/>
        <price t="2024-04-11" v="2979000000"/>
        <price t="2024-04-12" v="2943000000"/>
        <price t="2024-04-15" v="2922500000"/>
        <price t="2024-04-16" v="2874000000"/>
        <price t="2024-04-17" v="2866000000"/>
        <price t="2024-04-18" v="2892500000"/>
        <price t="2024-04-19" v="2838000000"/>
        <price t="2024-04-22" v="2984500000"/>
        <price t="2024-04-23" v="3072000000"/>
        <price t="2024-04-24" v="3123500000"/>
        <price t="2024-04-25" v="3081000000"/>
        <price t="2024-04-26" v="3125000000"/>
        <price t="2024-04-29" v="3170000000"/>
        <price t="2024-04-30" v="3169000000"/>
        <price t="2024-05-02" v="3295000000"/>
        <price t="2024-05-03" v="3336000000"/>
        <price t="2024-05-06" v="3369000000"/>
        <price t="2024-05-07" v="3311500000"/>
        <price t="2024-05-08" v="3288000000"/>
        <price t="2024-05-09" v="3383500000"/>
        <price t="2024-05-10" v="3399000000"/>
        <price t="2024-05-13" v="3466000000"/>
        <price t="2024-05-14" v="3585500000"/>
        <price t="2024-05-15" v="3616500000"/>
        <price t="2024-05-16" v="3630000000"/>
        <price t="2024-05-17" v="3576000000"/>
        <price t="2024-05-20" v="3499500000"/>
        <price t="2024-05-21" v="3530500000"/>
        <price t="2024-05-22" v="3461000000"/>
        <price t="2024-05-23" v="3474000000"/>
        <price t="2024-05-24" v="3439000000"/>
        <price t="2024-05-27" v="3479000000"/>
        <price t="2024-05-28" v="3454500000"/>
        <price t="2024-05-29" v="3394000000"/>
        <price t="2024-05-30" v="3421000000"/>
        <price t="2024-05-31" v="3318000000"/>
        <price t="2024-06-03" v="3389000000"/>
        <price t="2024-06-04" v="3380500000"/>
        <price t="2024-06-05" v="3390500000"/>
        <price t="2024-06-06" v="3410000000"/>
        <price t="2024-06-07" v="3373000000"/>
        <price t="2024-06-10" v="3427000000"/>
        <price t="2024-06-11" v="3373500000"/>
        <price t="2024-06-12" v="3446500000"/>
        <price t="2024-06-13" v="3427000000"/>
        <price t="2024-06-14" v="3386000000"/>
        <price t="2024-06-17" v="3418000000"/>
        <price t="2024-06-18" v="3386000000"/>
        <price t="2024-06-19" v="3448000000"/>
        <price t="2024-06-20" v="3408500000"/>
        <price t="2024-06-21" v="3403500000"/>
        <price t="2024-06-24" v="3451500000"/>
        <price t="2024-06-25" v="3394000000"/>
        <price t="2024-06-26" v="3384000000"/>
        <price t="2024-06-27" v="3337500000"/>
        <price t="2024-06-28" v="3340500000"/>
        <price t="2024-07-01" v="3315000000"/>
        <price t="2024-07-02" v="3305000000"/>
        <price t="2024-07-03" v="3314000000"/>
        <price t="2024-07-04" v="3332000000"/>
        <price t="2024-07-05" v="3286500000"/>
        <price t="2024-07-08" v="3301000000"/>
        <price t="2024-07-09" v="3283500000"/>
        <price t="2024-07-10" v="3306500000"/>
        <price t="2024-07-11" v="3325500000"/>
        <price t="2024-07-12" v="3449000000"/>
        <price t="2024-07-15" v="3361500000"/>
        <price t="2024-07-16" v="3295000000"/>
        <price t="2024-07-17" v="3278000000"/>
        <price t="2024-07-18" v="3309500000"/>
        <price t="2024-07-19" v="3231500000"/>
        <price t="2024-07-22" v="3294500000"/>
        <price t="2024-07-23" v="3269500000"/>
        <price t="2024-07-24" v="3225000000"/>
        <price t="2024-07-25" v="3169500000"/>
        <price t="2024-07-26" v="3194000000"/>
        <price t="2024-07-29" v="3155500000"/>
        <price t="2024-07-30" v="3178500000"/>
        <price t="2024-07-31" v="3212000000"/>
        <price t="2024-08-01" v="3208500000"/>
        <price t="2024-08-02" v="3127500000"/>
        <price t="2024-08-05" v="3094500000"/>
        <price t="2024-08-06" v="3052500000"/>
        <price t="2024-08-07" v="3171500000"/>
        <price t="2024-08-08" v="3219000000"/>
        <price t="2024-08-09" v="3220000000"/>
        <price t="2024-08-12" v="3292000000"/>
        <price t="2024-08-13" v="3313500000"/>
        <price t="2024-08-14" v="3255500000"/>
        <price t="2024-08-15" v="3300500000"/>
        <price t="2024-08-16" v="3327000000"/>
        <price t="2024-08-19" v="3350000000"/>
        <price t="2024-08-20" v="3288000000"/>
        <price t="2024-08-21" v="3311000000"/>
        <price t="2024-08-22" v="3327500000"/>
        <price t="2024-08-23" v="3349500000"/>
        <price t="2024-08-26" v="3298000000"/>
        <price t="2024-08-27" v="3325000000"/>
        <price t="2024-08-28" v="3258000000"/>
        <price t="2024-08-29" v="3304000000"/>
        <price t="2024-08-30" v="3361500000"/>
        <price t="2024-09-02" v="3346500000"/>
        <price t="2024-09-03" v="3350000000"/>
        <price t="2024-09-04" v="3341000000"/>
        <price t="2024-09-05" v="3345000000"/>
        <price t="2024-09-06" v="3220500000"/>
        <price t="2024-09-09" v="3258000000"/>
        <price t="2024-09-10" v="3239000000"/>
        <price t="2024-09-11" v="3229500000"/>
        <price t="2024-09-12" v="3212000000"/>
        <price t="2024-09-13" v="3233000000"/>
        <price t="2024-09-16" v="3232000000"/>
        <price t="2024-09-17" v="3274500000"/>
        <price t="2024-09-18" v="3252000000"/>
        <price t="2024-09-19" v="3415000000"/>
        <price t="2024-09-20" v="3375500000"/>
        <price t="2024-09-23" v="3429500000"/>
        <price t="2024-09-24" v="3580000000"/>
        <price t="2024-09-25" v="3597000000"/>
        <price t="2024-09-26" v="3880500000"/>
        <price t="2024-09-27" v="3949000000"/>
        <price t="2024-09-30" v="3928500000"/>
        <price t="2024-10-01" v="3970000000"/>
        <price t="2024-10-02" v="4092000000"/>
        <price t="2024-10-03" v="4095500000"/>
        <price t="2024-10-04" v="4119500000"/>
        <price t="2024-10-07" v="4161500000"/>
      </prices>
      <latest t="2024-10-07" v="4161500000">
        <high>-1</high>
        <low>-1</low>
        <volume>-1</volume>
      </latest>
      <attributes>
        <map/>
      </attributes>
      <events>
        <event>
          <date>2023-09-14</date>
          <type>STOCK_SPLIT</type>
          <details>2.1796:1</details>
        </event>
      </events>
      <isRetired>false</isRetired>
      <updatedAt>2024-02-13T08:06:40.170515200Z</updatedAt>
    </security>
  </securities>
  <watchlists/>
  <accounts>
    <account>
      <uuid>a8844383-5b6c-4b59-b786-d48ccafd628b</uuid>
      <name>broker-A (EUR)</name>
      <currencyCode>EUR</currencyCode>
      <isRetired>false</isRetired>
      <transactions>
        <account-transaction>
          <uuid>8da79b94-a553-4efd-904f-78cb446b641a</uuid>
          <date>2022-01-03T00:00</date>
          <currencyCode>EUR</currencyCode>
          <amount>36950</amount>
          <security reference="../../../../../securities/security"/>
          <crossEntry class="buysell">
            <portfolio>
              <uuid>ccd0ccf0-d4cd-4c16-8316-2b8727eb514d</uuid>
              <name>broker-A</name>
              <isRetired>false</isRetired>
              <referenceAccount reference="../../../../.."/>
              <transactions>
                <portfolio-transaction>
                  <uuid>35f86c7a-3017-4790-82d8-8622cf19c970</uuid>
                  <date>2022-01-03T00:00</date>
                  <currencyCode>EUR</currencyCode>
                  <amount>36950</amount>
                  <security reference="../../../../../../../../../securities/security"/>
                  <crossEntry class="buysell" reference="../../../.."/>
                  <shares>500000000</shares>
                  <updatedAt>2024-02-13T08:05:49.082930900Z</updatedAt>
                  <type>BUY</type>
                </portfolio-transaction>
                <portfolio-transaction>
                  <uuid>f15f89e0-2f8d-4563-a551-d4a2bd010155</uuid>
                  <date>2023-01-03T00:00</date>
                  <currencyCode>EUR</currencyCode>
                  <amount>34300</amount>
                  <security reference="../../../../../../../../../securities/security"/>
                  <crossEntry class="buysell">
                    <portfolio reference="../../../.."/>
                    <portfolioTransaction reference="../.."/>
                    <account reference="../../../../../../../.."/>
                    <accountTransaction>
                      <uuid>46f75019-eeb8-41f7-87f5-b321876feb1d</uuid>
                      <date>2023-01-03T00:00</date>
                      <currencyCode>EUR</currencyCode>
                      <amount>34300</amount>
                      <security reference="../../../../../../../../../../../securities/security"/>
                      <crossEntry class="buysell" reference="../.."/>
                      <shares>0</shares>
                      <updatedAt>2024-02-13T08:06:20.894932200Z</updatedAt>
                      <type>BUY</type>
                    </accountTransaction>
                  </crossEntry>
                  <shares>500000000</shares>
                  <updatedAt>2024-02-13T08:06:20.894932200Z</updatedAt>
                  <type>BUY</type>
                </portfolio-transaction>
                <portfolio-transaction>
                  <uuid>893c4e65-95f5-418a-86bd-981d027eea8f</uuid>
                  <date>2023-01-03T00:00</date>
                  <currencyCode>EUR</currencyCode>
                  <amount>34300</amount>
                  <security reference="../../../../../../../../../securities/security[2]"/>
                  <crossEntry class="buysell">
                    <portfolio reference="../../../.."/>
                    <portfolioTransaction reference="../.."/>
                    <account reference="../../../../../../../.."/>
                    <accountTransaction>
                      <uuid>9e75ac3e-e373-4620-93d2-d772ea12d335</uuid>
                      <date>2023-01-03T00:00</date>
                      <currencyCode>EUR</currencyCode>
                      <amount>34300</amount>
                      <security reference="../../../../../../../../../../../securities/security[2]"/>
                      <crossEntry class="buysell" reference="../.."/>
                      <shares>0</shares>
                      <updatedAt>2024-02-13T08:08:01.320884600Z</updatedAt>
                      <type>BUY</type>
                    </accountTransaction>
                  </crossEntry>
                  <shares>1089800000</shares>
                  <updatedAt>2024-02-13T08:09:07.828936400Z</updatedAt>
                  <type>BUY</type>
                </portfolio-transaction>
                <portfolio-transaction>
                  <uuid>6d9fdd79-6d29-4f32-ae50-f840d97eee91</uuid>
                  <date>2023-09-14T00:00</date>
                  <currencyCode>EUR</currencyCode>
                  <amount>64110</amount>
                  <security reference="../../../../../../../../../securities/security"/>
                  <crossEntry class="buysell">
                    <portfolio reference="../../../.."/>
                    <portfolioTransaction reference="../.."/>
                    <account reference="../../../../../../../.."/>
                    <accountTransaction>
                      <uuid>a174c14b-5eeb-4798-a505-b9bf9bc59fe0</uuid>
                      <date>2023-09-14T00:00</date>
                      <currencyCode>EUR</currencyCode>
                      <amount>64110</amount>
                      <security reference="../../../../../../../../../../../securities/security"/>
                      <crossEntry class="buysell" reference="../.."/>
                      <shares>0</shares>
                      <updatedAt>2024-02-13T08:22:42.879180600Z</updatedAt>
                      <type>SELL</type>
                    </accountTransaction>
                  </crossEntry>
                  <shares>1000000000</shares>
                  <updatedAt>2024-02-13T08:22:42.879180600Z</updatedAt>
                  <type>SELL</type>
                </portfolio-transaction>
                <portfolio-transaction>
                  <uuid>8100339d-e412-42b9-acf9-85a1d8a591f7</uuid>
                  <date>2023-09-14T00:00</date>
                  <currencyCode>EUR</currencyCode>
                  <amount>64110</amount>
                  <security reference="../../../../../../../../../securities/security"/>
                  <crossEntry class="buysell">
                    <portfolio reference="../../../.."/>
                    <portfolioTransaction reference="../.."/>
                    <account reference="../../../../../../../.."/>
                    <accountTransaction>
                      <uuid>7290c538-149b-45a7-87bd-e50f11a27c0b</uuid>
                      <date>2023-09-14T00:00</date>
                      <currencyCode>EUR</currencyCode>
                      <amount>64110</amount>
                      <security reference="../../../../../../../../../../../securities/security"/>
                      <crossEntry class="buysell" reference="../.."/>
                      <shares>0</shares>
                      <updatedAt>2024-02-13T08:38:39.322993400Z</updatedAt>
                      <type>BUY</type>
                    </accountTransaction>
                  </crossEntry>
                  <shares>2179600000</shares>
                  <updatedAt>2024-02-13T08:38:39.322993400Z</updatedAt>
                  <type>BUY</type>
                </portfolio-transaction>
                <portfolio-transaction>
                  <uuid>9951730c-575c-4b3d-bd3e-1aad3438edf1</uuid>
                  <date>2022-01-03T00:00</date>
                  <currencyCode>EUR</currencyCode>
                  <amount>36950</amount>
                  <security reference="../../../../../../../../../securities/security[2]"/>
                  <crossEntry class="buysell">
                    <portfolio reference="../../../.."/>
                    <portfolioTransaction reference="../.."/>
                    <account reference="../../../../../../../.."/>
                    <accountTransaction>
                      <uuid>13072ad0-2f21-4d9f-bacc-e0d6fee2abe0</uuid>
                      <date>2022-01-03T00:00</date>
                      <currencyCode>EUR</currencyCode>
                      <amount>36950</amount>
                      <security reference="../../../../../../../../../../../securities/security[2]"/>
                      <crossEntry class="buysell" reference="../.."/>
                      <shares>0</shares>
                      <updatedAt>2024-10-08T14:13:20.476696300Z</updatedAt>
                      <type>BUY</type>
                    </accountTransaction>
                  </crossEntry>
                  <shares>1089800000</shares>
                  <updatedAt>2024-10-08T14:13:20.476696300Z</updatedAt>
                  <type>BUY</type>
                </portfolio-transaction>
              </transactions>
              <attributes>
                <map/>
              </attributes>
              <updatedAt>2023-06-07T17:57:54.777434100Z</updatedAt>
            </portfolio>
            <portfolioTransaction reference="../portfolio/transactions/portfolio-transaction"/>
            <account reference="../../../.."/>
            <accountTransaction reference="../.."/>
          </crossEntry>
          <shares>0</shares>
          <updatedAt>2024-02-13T08:05:49.082930900Z</updatedAt>
          <type>BUY</type>
        </account-transaction>
        <account-transaction reference="../account-transaction/crossEntry/portfolio/transactions/portfolio-transaction[2]/crossEntry/accountTransaction"/>
        <account-transaction reference="../account-transaction/crossEntry/portfolio/transactions/portfolio-transaction[3]/crossEntry/accountTransaction"/>
        <account-transaction reference="../account-transaction/crossEntry/portfolio/transactions/portfolio-transaction[4]/crossEntry/accountTransaction"/>
        <account-transaction reference="../account-transaction/crossEntry/portfolio/transactions/portfolio-transaction[5]/crossEntry/accountTransaction"/>
        <account-transaction reference="../account-transaction/crossEntry/portfolio/transactions/portfolio-transaction[6]/crossEntry/accountTransaction"/>
        <account-transaction>
          <uuid>db63c1b7-1b39-4311-bf5a-85b646d492b9</uuid>
          <date>2022-01-01T00:00</date>
          <currencyCode>EUR</currencyCode>
          <amount>142500</amount>
          <shares>0</shares>
          <updatedAt>2024-10-08T14:16:17.733302300Z</updatedAt>
          <type>DEPOSIT</type>
        </account-transaction>
      </transactions>
      <attributes>
        <map/>
      </attributes>
      <updatedAt>2023-06-07T17:58:03.601398500Z</updatedAt>
    </account>
  </accounts>
  <portfolios>
    <portfolio reference="../../accounts/account/transactions/account-transaction/crossEntry/portfolio"/>
    <portfolio>
      <uuid>4bf19ec7-0129-4aa7-9b16-b1053d435b81</uuid>
      <name>broker-B</name>
      <isRetired>false</isRetired>
      <referenceAccount reference="../../../accounts/account"/>
      <transactions/>
      <attributes>
        <map/>
      </attributes>
      <updatedAt>2024-01-13T10:57:11.323304300Z</updatedAt>
    </portfolio>
  </portfolios>
  <plans/>
  <taxonomies/>
  <dashboards>
    <dashboard name="Dashboard">
      <id>c27301fb-19fc-4ff6-b60c-ec0636e23c99</id>
      <configuration>
        <entry>
          <string>REPORTING_PERIOD</string>
          <string>L1Y0</string>
        </entry>
      </configuration>
      <columns>
        <column>
          <weight>1</weight>
          <widgets>
            <widget type="HEADING">
              <label>Key Indicators</label>
            </widget>
            <widget type="TTWROR">
              <label>True Time-Weighted Rate of Return (cumulative)</label>
              <configuration/>
            </widget>
            <widget type="IRR">
              <label>Internal Rate of Return (IRR)</label>
              <configuration/>
            </widget>
            <widget type="ABSOLUTE_CHANGE">
              <label>Absolute Change</label>
              <configuration/>
            </widget>
            <widget type="DELTA">
              <label>Delta (for reporting period)</label>
              <configuration/>
            </widget>
            <widget type="HEADING">
              <label>Last Day</label>
            </widget>
            <widget type="TTWROR">
              <label>True Time-Weighted Rate of Return (cumulative)</label>
              <configuration>
                <entry>
                  <string>REPORTING_PERIOD</string>
                  <string>T1</string>
                </entry>
              </configuration>
            </widget>
            <widget type="ABSOLUTE_CHANGE">
              <label>Absolute Change</label>
              <configuration>
                <entry>
                  <string>REPORTING_PERIOD</string>
                  <string>T1</string>
                </entry>
              </configuration>
            </widget>
          </widgets>
        </column>
        <column>
          <weight>1</weight>
          <widgets>
            <widget type="HEADING">
              <label>Risk Indicators</label>
            </widget>
            <widget type="MAXDRAWDOWN">
              <label>Maximum Drawdown</label>
              <configuration/>
            </widget>
            <widget type="MAXDRAWDOWNDURATION">
              <label>Max Drawdown Duration</label>
              <configuration/>
            </widget>
            <widget type="VOLATILITY">
              <label>Volatility</label>
              <configuration/>
            </widget>
            <widget type="SEMIVOLATILITY">
              <label>Semivariance</label>
              <configuration/>
            </widget>
          </widgets>
        </column>
        <column>
          <weight>1</weight>
          <widgets>
            <widget type="HEADING">
              <label>Calculation</label>
            </widget>
            <widget type="CALCULATION">
              <label>Performance Calculation</label>
              <configuration/>
            </widget>
          </widgets>
        </column>
      </columns>
    </dashboard>
  </dashboards>
  <properties>
    <entry>
      <string>security-chart-details</string>
      <string>SCALING_LINEAR,INVESTMENT,DIVIDENDS,EVENTS,SHOW_MAIN_HORIZONTAL_LINES</string>
    </entry>
  </properties>
  <settings>
    <bookmarks>
      <bookmark>
        <label>finance.yahoo.com</label>
        <pattern>http://finance.yahoo.com/quote/{tickerSymbol}</pattern>
      </bookmark>
      <bookmark>
        <label>onvista.de</label>
        <pattern>http://www.onvista.de/suche.html?SEARCH_VALUE={isin}</pattern>
      </bookmark>
      <bookmark>
        <label>finanzen.net</label>
        <pattern>http://www.finanzen.net/suchergebnis.asp?frmAktiensucheTextfeld={isin}</pattern>
      </bookmark>
      <bookmark>
        <label>ariva.de</label>
        <pattern>http://www.ariva.de/{isin}</pattern>
      </bookmark>
      <bookmark>
        <label>justetf.com  (ETF)</label>
        <pattern>https://www.justetf.com/etf-profile.html?isin={isin}</pattern>
      </bookmark>
      <bookmark>
        <label>fondsweb.com</label>
        <pattern>http://www.fondsweb.com/{isin}</pattern>
      </bookmark>
      <bookmark>
        <label>morningstar.de</label>
        <pattern>http://www.morningstar.de/de/funds/SecuritySearchResults.aspx?type=ALL&amp;search={isin}</pattern>
      </bookmark>
      <bookmark>
        <label>extraETF.com (ETF)</label>
        <pattern>https://extraetf.com/etf-profile/{isin}</pattern>
      </bookmark>
      <bookmark>
        <label>alleaktien.de (Share)</label>
        <pattern>https://www.alleaktien.de/quantitativ/{isin}/</pattern>
      </bookmark>
      <bookmark>
        <label>comdirect.de (Share)</label>
        <pattern>https://www.comdirect.de/inf/aktien/{isin}</pattern>
      </bookmark>
      <bookmark>
        <label>comdirect.de (ETF)</label>
        <pattern>https://www.comdirect.de/inf/etfs/{isin}</pattern>
      </bookmark>
      <bookmark>
        <label>divvydiary.com</label>
        <pattern>https://divvydiary.com/symbols/{isin}</pattern>
      </bookmark>
      <bookmark>
        <label>trackingdifferences.com (ETF)</label>
        <pattern>https://www.trackingdifferences.com/ETF/ISIN/{isin}</pattern>
      </bookmark>
      <bookmark>
        <label>tradingview.com</label>
        <pattern>https://www.tradingview.com/chart/?symbol=XETR:{tickerSymbolPrefix}</pattern>
      </bookmark>
      <bookmark>
        <label>cnbc.com (Share)</label>
        <pattern>https://www.cnbc.com/quotes/{tickerSymbolPrefix}</pattern>
      </bookmark>
      <bookmark>
        <label>nasdaq.com (Share)</label>
        <pattern>https://www.nasdaq.com/market-activity/stocks/{tickerSymbolPrefix}</pattern>
      </bookmark>
    </bookmarks>
    <attributeTypes>
      <attribute-type>
        <id>logo</id>
        <name>Logo</name>
        <columnLabel>Logo</columnLabel>
        <target>name.abuchen.portfolio.model.Security</target>
        <type>java.lang.String</type>
        <converterClass>name.abuchen.portfolio.model.AttributeType$ImageConverter</converterClass>
      </attribute-type>
      <attribute-type>
        <id>logo</id>
        <name>Logo</name>
        <columnLabel>Logo</columnLabel>
        <target>name.abuchen.portfolio.model.Account</target>
        <type>java.lang.String</type>
        <converterClass>name.abuchen.portfolio.model.AttributeType$ImageConverter</converterClass>
      </attribute-type>
      <attribute-type>
        <id>logo</id>
        <name>Logo</name>
        <columnLabel>Logo</columnLabel>
        <target>name.abuchen.portfolio.model.Portfolio</target>
        <type>java.lang.String</type>
        <converterClass>name.abuchen.portfolio.model.AttributeType$ImageConverter</converterClass>
      </attribute-type>
      <attribute-type>
        <id>logo</id>
        <name>Logo</name>
        <columnLabel>Logo</columnLabel>
        <target>name.abuchen.portfolio.model.InvestmentPlan</target>
        <type>java.lang.String</type>
        <converterClass>name.abuchen.portfolio.model.AttributeType$ImageConverter</converterClass>
      </attribute-type>
      <attribute-type>
        <id>ter</id>
        <name>Total Expense Ratio (TER)</name>
        <columnLabel>TER</columnLabel>
        <source>ter</source>
        <target>name.abuchen.portfolio.model.Security</target>
        <type>java.lang.Double</type>
        <converterClass>name.abuchen.portfolio.model.AttributeType$PercentConverter</converterClass>
      </attribute-type>
      <attribute-type>
        <id>aum</id>
        <name>Assets under Management</name>
        <columnLabel>AUM</columnLabel>
        <target>name.abuchen.portfolio.model.Security</target>
        <type>java.lang.Long</type>
        <converterClass>name.abuchen.portfolio.model.AttributeType$AmountPlainConverter</converterClass>
      </attribute-type>
      <attribute-type>
        <id>vendor</id>
        <name>Vendor</name>
        <columnLabel>Vendor</columnLabel>
        <source>vendor</source>
        <target>name.abuchen.portfolio.model.Security</target>
        <type>java.lang.String</type>
        <converterClass>name.abuchen.portfolio.model.AttributeType$StringConverter</converterClass>
      </attribute-type>
      <attribute-type>
        <id>acquisitionFee</id>
        <name>Acquisition Fee (percentage)</name>
        <columnLabel>Acquisition Fee</columnLabel>
        <target>name.abuchen.portfolio.model.Security</target>
        <type>java.lang.Double</type>
        <converterClass>name.abuchen.portfolio.model.AttributeType$PercentConverter</converterClass>
      </attribute-type>
      <attribute-type>
        <id>managementFee</id>
        <name>Management Fee (percentage)</name>
        <columnLabel>Management Fee</columnLabel>
        <target>name.abuchen.portfolio.model.Security</target>
        <type>java.lang.Double</type>
        <converterClass>name.abuchen.portfolio.model.AttributeType$PercentConverter</converterClass>
      </attribute-type>
    </attributeTypes>
    <configurationSets>
      <entry>
        <string>StatementOfAssetsHistoryView-PICKER</string>
        <config-set>
          <configurations>
            <config>
              <uuid>6a5bd133-1dd6-439d-a4dd-f1038913cad2</uuid>
              <name>Standard</name>
              <data>Client-totals;#000000;SOLID;false;2,Client-transferals;#808080;SOLID;false;2</data>
            </config>
          </configurations>
        </config-set>
      </entry>
      <entry>
        <string>ReturnsVolatilityChartView-PICKER</string>
        <config-set>
          <configurations>
            <config>
              <uuid>6c2d3073-1d95-4f1f-b51f-03dfac0891dd</uuid>
              <name>Standard</name>
              <data>Client-totals;#000000;SOLID;false;2</data>
            </config>
          </configurations>
        </config-set>
      </entry>
      <entry>
        <string>name.abuchen.portfolio.ui.views.SecuritiesPerformanceView</string>
        <config-set>
          <configurations>
            <config>
              <uuid>3580a087-a144-41e6-b45e-351eb5535064</uuid>
              <name>Standard</name>
              <data>{&quot;items&quot;:[{&quot;id&quot;:&quot;shares&quot;,&quot;width&quot;:81},{&quot;id&quot;:&quot;name&quot;,&quot;sortDirection&quot;:1024,&quot;width&quot;:197},{&quot;id&quot;:&quot;pv&quot;,&quot;width&quot;:120},{&quot;id&quot;:&quot;pp&quot;,&quot;width&quot;:147},{&quot;id&quot;:&quot;quote&quot;,&quot;width&quot;:103},{&quot;id&quot;:&quot;5&quot;,&quot;width&quot;:87},{&quot;id&quot;:&quot;changeonpreviousamount&quot;,&quot;width&quot;:120},{&quot;id&quot;:&quot;mv&quot;,&quot;width&quot;:138},{&quot;id&quot;:&quot;sumdiv&quot;,&quot;width&quot;:76},{&quot;id&quot;:&quot;delta&quot;,&quot;width&quot;:93},{&quot;id&quot;:&quot;izf&quot;,&quot;width&quot;:114},{&quot;id&quot;:&quot;twror&quot;,&quot;width&quot;:111}]}</data>
            </config>
          </configurations>
        </config-set>
      </entry>
      <entry>
        <string>PerformanceChartView-PICKER</string>
        <config-set>
          <configurations>
            <config>
              <uuid>7600e16d-0168-49d1-aadb-18c66a64bc8f</uuid>
              <name>Standard</name>
              <data>Client-totals;#000000;SOLID;false;2</data>
            </config>
          </configurations>
        </config-set>
      </entry>
      <entry>
        <string>name.abuchen.portfolio.ui.views.SecuritiesTable</string>
        <config-set>
          <configurations>
            <config>
              <uuid>ace4b28f-3207-4dc2-95fa-edc3936851f9</uuid>
              <name>Standard</name>
              <data>{&quot;items&quot;:[{&quot;id&quot;:&quot;0&quot;,&quot;sortDirection&quot;:128,&quot;width&quot;:400},{&quot;id&quot;:&quot;note&quot;,&quot;width&quot;:200},{&quot;id&quot;:&quot;1&quot;,&quot;width&quot;:100},{&quot;id&quot;:&quot;2&quot;,&quot;width&quot;:111},{&quot;id&quot;:&quot;7&quot;,&quot;width&quot;:97},{&quot;id&quot;:&quot;4&quot;,&quot;width&quot;:102},{&quot;id&quot;:&quot;5&quot;,&quot;width&quot;:80},{&quot;id&quot;:&quot;changeonpreviousamount&quot;,&quot;width&quot;:136},{&quot;id&quot;:&quot;9&quot;,&quot;width&quot;:164},{&quot;id&quot;:&quot;10&quot;,&quot;width&quot;:171},{&quot;id&quot;:&quot;q-date-first-historic&quot;,&quot;width&quot;:167}]}</data>
            </config>
          </configurations>
        </config-set>
      </entry>
      <entry>
        <string>reporting-periods</string>
        <config-set>
          <configurations>
            <config>
              <uuid></uuid>
              <name></name>
              <data>L1Y0</data>
            </config>
            <config>
              <uuid></uuid>
              <name></name>
              <data>L2Y0</data>
            </config>
            <config>
              <uuid></uuid>
              <name></name>
              <data>L3Y0</data>
            </config>
            <config>
              <uuid></uuid>
              <name></name>
              <data>F2022-06-12_2023-06-12</data>
            </config>
            <config>
              <uuid></uuid>
              <name></name>
              <data>F2020-06-12_2023-06-12</data>
            </config>
            <config>
              <uuid></uuid>
              <name></name>
              <data>F2021-06-12_2023-06-12</data>
            </config>
          </configurations>
        </config-set>
      </entry>
      <entry>
        <string>name.abuchen.portfolio.ui.views.StatementOfAssetsViewer</string>
        <config-set>
          <configurations>
            <config>
              <uuid>5626df9e-7f9b-47e2-b7f4-07557fdf6e55</uuid>
              <name>Standard</name>
              <data>{&quot;items&quot;:[{&quot;id&quot;:&quot;0&quot;,&quot;width&quot;:80},{&quot;id&quot;:&quot;1&quot;,&quot;width&quot;:300},{&quot;id&quot;:&quot;2&quot;,&quot;width&quot;:121},{&quot;id&quot;:&quot;4&quot;,&quot;width&quot;:112},{&quot;id&quot;:&quot;5&quot;,&quot;width&quot;:222},{&quot;id&quot;:&quot;6&quot;,&quot;width&quot;:239},{&quot;id&quot;:&quot;note&quot;,&quot;width&quot;:200},{&quot;id&quot;:&quot;7&quot;,&quot;width&quot;:128}]}</data>
            </config>
          </configurations>
        </config-set>
      </entry>
      <entry>
        <string>client-filter-definitions</string>
        <config-set>
          <configurations/>
        </config-set>
      </entry>
      <entry>
        <string>client-filter-selection</string>
        <config-set>
          <configurations>
            <config>
              <uuid>PaymentsViewModel</uuid>
              <name></name>
              <data></data>
            </config>
          </configurations>
        </config-set>
      </entry>
    </configurationSets>
  </settings>
</client>