<client>
  <version>66</version>
  <baseCurrency>EUR</baseCurrency>
  <securities>
    <security>
      <uuid>918013a9-5f0f-4cd5-baa8-74ec6fa41d57</uuid>
      <onlineId>b7f458d6debe41288ee029cbbdc9ed69</onlineId>
      <name>PROSUS sell-buy</name>
      <currencyCode>EUR</currencyCode>
      <isin>NL0013654783</isin>
      <tickerSymbol>1TY</tickerSymbol>
      <wkn>A2PRDK</wkn>
      <feed>PORTFOLIO-REPORT</feed>
      <prices>
        <price t="2019-09-12" v="8400000000"/>
        <price t="2019-09-13" v="7378000000"/>
        <price t="2019-09-16" v="7342000000"/>
        <price t="2019-09-17" v="6965000000"/>
        <price t="2019-09-18" v="6770000000"/>
        <price t="2019-09-19" v="6820000000"/>
        <price t="2019-09-20" v="6926000000"/>
        <price t="2019-09-23" v="6970000000"/>
        <price t="2019-09-24" v="6933000000"/>
        <price t="2019-09-25" v="6843000000"/>
        <price t="2019-09-26" v="6800000000"/>
        <price t="2019-09-27" v="6620000000"/>
        <price t="2019-09-30" v="6691000000"/>
        <price t="2019-10-01" v="6755000000"/>
        <price t="2019-10-02" v="6600000000"/>
        <price t="2019-10-04" v="6568000000"/>
        <price t="2019-10-07" v="6570000000"/>
        <price t="2019-10-08" v="6476000000"/>
        <price t="2019-10-09" v="6450000000"/>
        <price t="2019-10-10" v="6470000000"/>
        <price t="2019-10-11" v="6660000000"/>
        <price t="2019-10-14" v="6569000000"/>
        <price t="2019-10-15" v="6615000000"/>
        <price t="2019-10-16" v="6598000000"/>
        <price t="2019-10-17" v="6688000000"/>
        <price t="2019-10-18" v="6717000000"/>
        <price t="2019-10-21" v="6605000000"/>
        <price t="2019-10-22" v="6652000000"/>
        <price t="2019-10-23" v="6268000000"/>
        <price t="2019-10-24" v="6353000000"/>
        <price t="2019-10-25" v="6243000000"/>
        <price t="2019-10-28" v="6320000000"/>
        <price t="2019-10-29" v="6308000000"/>
        <price t="2019-10-30" v="6176000000"/>
        <price t="2019-10-31" v="6185000000"/>
        <price t="2019-11-01" v="6201000000"/>
        <price t="2019-11-04" v="6200000000"/>
        <price t="2019-11-05" v="6329000000"/>
        <price t="2019-11-06" v="6300000000"/>
        <price t="2019-11-07" v="6368000000"/>
        <price t="2019-11-08" v="6325000000"/>
        <price t="2019-11-11" v="6229000000"/>
        <price t="2019-11-12" v="6217000000"/>
        <price t="2019-11-13" v="6150000000"/>
        <price t="2019-11-14" v="6085000000"/>
        <price t="2019-11-15" v="6146000000"/>
        <price t="2019-11-18" v="6250000000"/>
        <price t="2019-11-19" v="6240000000"/>
        <price t="2019-11-20" v="6229000000"/>
        <price t="2019-11-21" v="6240000000"/>
        <price t="2019-11-22" v="6332000000"/>
        <price t="2019-11-25" v="6367000000"/>
        <price t="2019-11-26" v="6240000000"/>
        <price t="2019-11-27" v="6295000000"/>
        <price t="2019-11-28" v="6258000000"/>
        <price t="2019-11-29" v="6184000000"/>
        <price t="2019-12-02" v="6061000000"/>
        <price t="2019-12-03" v="5984000000"/>
        <price t="2019-12-04" v="6025000000"/>
        <price t="2019-12-05" v="5976000000"/>
        <price t="2019-12-06" v="6100000000"/>
        <price t="2019-12-09" v="6005000000"/>
        <price t="2019-12-10" v="5902000000"/>
        <price t="2019-12-11" v="5939000000"/>
        <price t="2019-12-12" v="6051000000"/>
        <price t="2019-12-13" v="6180000000"/>
        <price t="2019-12-16" v="6297000000"/>
        <price t="2019-12-17" v="6487000000"/>
        <price t="2019-12-18" v="6550000000"/>
        <price t="2019-12-19" v="6546000000"/>
        <price t="2019-12-20" v="6667000000"/>
        <price t="2019-12-23" v="6649000000"/>
        <price t="2019-12-27" v="6716000000"/>
        <price t="2019-12-30" v="6723000000"/>
        <price t="2020-01-02" v="6855000000"/>
        <price t="2020-01-03" v="6696000000"/>
        <price t="2020-01-06" v="6670000000"/>
        <price t="2020-01-07" v="6788000000"/>
        <price t="2020-01-08" v="6772000000"/>
        <price t="2020-01-09" v="6963000000"/>
        <price t="2020-01-10" v="7198000000"/>
        <price t="2020-01-13" v="7166000000"/>
        <price t="2020-01-14" v="7126000000"/>
        <price t="2020-01-15" v="7085000000"/>
        <price t="2020-01-16" v="7085000000"/>
        <price t="2020-01-17" v="7148000000"/>
        <price t="2020-01-20" v="7244000000"/>
        <price t="2020-01-21" v="7095000000"/>
        <price t="2020-01-22" v="6897000000"/>
        <price t="2020-01-23" v="6766000000"/>
        <price t="2020-01-24" v="6852000000"/>
        <price t="2020-01-27" v="6507000000"/>
        <price t="2020-01-29" v="6792000000"/>
        <price t="2020-01-30" v="6910000000"/>
        <price t="2020-01-31" v="6678000000"/>
        <price t="2020-02-03" v="6687000000"/>
        <price t="2020-02-04" v="6810000000"/>
        <price t="2020-02-05" v="6900000000"/>
        <price t="2020-02-06" v="7028000000"/>
        <price t="2020-02-07" v="6931000000"/>
        <price t="2020-02-10" v="6833000000"/>
        <price t="2020-02-11" v="7025000000"/>
        <price t="2020-02-12" v="7075000000"/>
        <price t="2020-02-13" v="7223000000"/>
        <price t="2020-02-14" v="7192000000"/>
        <price t="2020-02-17" v="7228000000"/>
        <price t="2020-02-18" v="7122000000"/>
        <price t="2020-02-19" v="7340000000"/>
        <price t="2020-02-20" v="7142000000"/>
        <price t="2020-02-21" v="7115000000"/>
        <price t="2020-02-24" v="6782000000"/>
        <price t="2020-02-26" v="6855000000"/>
        <price t="2020-02-27" v="6571000000"/>
        <price t="2020-02-28" v="6129000000"/>
        <price t="2020-03-02" v="6492000000"/>
        <price t="2020-03-03" v="6436000000"/>
        <price t="2020-03-04" v="6425000000"/>
        <price t="2020-03-06" v="6309000000"/>
        <price t="2020-03-09" v="5918000000"/>
        <price t="2020-03-10" v="6045000000"/>
        <price t="2020-03-11" v="5931000000"/>
        <price t="2020-03-12" v="5282000000"/>
        <price t="2020-03-13" v="5580000000"/>
        <price t="2020-03-16" v="4912500000"/>
        <price t="2020-03-17" v="4870500000"/>
        <price t="2020-03-18" v="4927000000"/>
        <price t="2020-03-19" v="5154000000"/>
        <price t="2020-03-20" v="5398000000"/>
        <price t="2020-03-23" v="5503000000"/>
        <price t="2020-03-24" v="5725000000"/>
        <price t="2020-03-26" v="6379000000"/>
        <price t="2020-03-27" v="5980000000"/>
        <price t="2020-03-30" v="6203000000"/>
        <price t="2020-03-31" v="6291000000"/>
        <price t="2020-04-01" v="6052000000"/>
        <price t="2020-04-02" v="6052000000"/>
        <price t="2020-04-03" v="6074000000"/>
        <price t="2020-04-06" v="6268000000"/>
        <price t="2020-04-07" v="6360000000"/>
        <price t="2020-04-08" v="6342000000"/>
        <price t="2020-04-09" v="6314000000"/>
        <price t="2020-04-14" v="6318000000"/>
        <price t="2020-04-15" v="6210000000"/>
        <price t="2020-04-16" v="6526000000"/>
        <price t="2020-04-17" v="6546000000"/>
        <price t="2020-04-20" v="6688000000"/>
        <price t="2020-04-21" v="6500000000"/>
        <price t="2020-04-22" v="6754000000"/>
        <price t="2020-04-23" v="6766000000"/>
        <price t="2020-04-24" v="6748000000"/>
        <price t="2020-04-27" v="6794000000"/>
        <price t="2020-04-28" v="6946000000"/>
        <price t="2020-04-29" v="6946000000"/>
        <price t="2020-04-30" v="6920000000"/>
        <price t="2020-05-04" v="6704000000"/>
        <price t="2020-05-05" v="6954000000"/>
        <price t="2020-05-06" v="6962000000"/>
        <price t="2020-05-07" v="7088000000"/>
        <price t="2020-05-08" v="7342000000"/>
        <price t="2020-05-11" v="7718000000"/>
        <price t="2020-05-12" v="7858000000"/>
        <price t="2020-05-13" v="8222000000"/>
        <price t="2020-05-14" v="8064000000"/>
        <price t="2020-05-15" v="7884000000"/>
        <price t="2020-05-18" v="7886000000"/>
        <price t="2020-05-19" v="8130000000"/>
        <price t="2020-05-20" v="8396000000"/>
        <price t="2020-05-21" v="8100000000"/>
        <price t="2020-05-22" v="7812000000"/>
        <price t="2020-05-25" v="7786000000"/>
        <price t="2020-05-26" v="7850000000"/>
        <price t="2020-05-27" v="7498000000"/>
        <price t="2020-05-28" v="7450000000"/>
        <price t="2020-05-29" v="7390000000"/>
        <price t="2020-06-02" v="7612000000"/>
        <price t="2020-06-03" v="7634000000"/>
        <price t="2020-06-04" v="7488000000"/>
        <price t="2020-06-05" v="7556000000"/>
        <price t="2020-06-08" v="7420000000"/>
        <price t="2020-06-09" v="7604000000"/>
        <price t="2020-06-10" v="7824000000"/>
        <price t="2020-06-11" v="7750000000"/>
        <price t="2020-06-12" v="7700000000"/>
        <price t="2020-06-15" v="7486000000"/>
        <price t="2020-06-16" v="7844000000"/>
        <price t="2020-06-17" v="7940000000"/>
        <price t="2020-06-18" v="8030000000"/>
        <price t="2020-06-19" v="8048000000"/>
        <price t="2020-06-22" v="8190000000"/>
        <price t="2020-06-23" v="8476000000"/>
        <price t="2020-06-24" v="8224000000"/>
        <price t="2020-06-25" v="8020000000"/>
        <price t="2020-06-26" v="8066000000"/>
        <price t="2020-06-29" v="8010000000"/>
        <price t="2020-06-30" v="8188000000"/>
        <price t="2020-07-01" v="8272000000"/>
        <price t="2020-07-02" v="8366000000"/>
        <price t="2020-07-03" v="8416000000"/>
        <price t="2020-07-06" v="8486000000"/>
        <price t="2020-07-07" v="8490000000"/>
        <price t="2020-07-08" v="8682000000"/>
        <price t="2020-07-09" v="8820000000"/>
        <price t="2020-07-10" v="8650000000"/>
        <price t="2020-07-13" v="8796000000"/>
        <price t="2020-07-14" v="8438000000"/>
        <price t="2020-07-15" v="8660000000"/>
        <price t="2020-07-16" v="8470000000"/>
        <price t="2020-07-17" v="8468000000"/>
        <price t="2020-07-20" v="8438000000"/>
        <price t="2020-07-21" v="8850000000"/>
        <price t="2020-07-22" v="8514000000"/>
        <price t="2020-07-23" v="8556000000"/>
        <price t="2020-07-24" v="8210000000"/>
        <price t="2020-07-27" v="8260000000"/>
        <price t="2020-07-28" v="8290000000"/>
        <price t="2020-07-29" v="8400000000"/>
        <price t="2020-07-30" v="8146000000"/>
        <price t="2020-07-31" v="8220000000"/>
        <price t="2020-08-03" v="8388000000"/>
        <price t="2020-08-04" v="8300000000"/>
        <price t="2020-08-05" v="8468000000"/>
        <price t="2020-08-06" v="8426000000"/>
        <price t="2020-08-07" v="8058000000"/>
        <price t="2020-08-10" v="7748000000"/>
        <price t="2020-08-11" v="7972000000"/>
        <price t="2020-08-12" v="8280000000"/>
        <price t="2020-08-13" v="8054000000"/>
        <price t="2020-08-14" v="7974000000"/>
        <price t="2020-08-17" v="7974000000"/>
        <price t="2020-08-18" v="7904000000"/>
        <price t="2020-08-19" v="7786000000"/>
        <price t="2020-08-20" v="7680000000"/>
        <price t="2020-08-21" v="8070000000"/>
        <price t="2020-08-24" v="8270000000"/>
        <price t="2020-08-25" v="8444000000"/>
        <price t="2020-08-26" v="8752000000"/>
        <price t="2020-08-27" v="8858000000"/>
        <price t="2020-08-28" v="8632000000"/>
        <price t="2020-08-31" v="8382000000"/>
        <price t="2020-09-01" v="8748000000"/>
        <price t="2020-09-02" v="8668000000"/>
        <price t="2020-09-03" v="8242000000"/>
        <price t="2020-09-04" v="8032000000"/>
        <price t="2020-09-07" v="8048000000"/>
        <price t="2020-09-08" v="7986000000"/>
        <price t="2020-09-09" v="8124000000"/>
        <price t="2020-09-10" v="8084000000"/>
        <price t="2020-09-11" v="8090000000"/>
        <price t="2020-09-14" v="8138000000"/>
        <price t="2020-09-15" v="8232000000"/>
        <price t="2020-09-16" v="8220000000"/>
        <price t="2020-09-17" v="8076000000"/>
        <price t="2020-09-18" v="7886000000"/>
        <price t="2020-09-21" v="7604000000"/>
        <price t="2020-09-22" v="7770000000"/>
        <price t="2020-09-23" v="8030000000"/>
        <price t="2020-09-24" v="7922000000"/>
        <price t="2020-09-25" v="7788000000"/>
        <price t="2020-09-28" v="7828000000"/>
        <price t="2020-09-29" v="7742000000"/>
        <price t="2020-09-30" v="7856000000"/>
        <price t="2020-10-01" v="7902000000"/>
        <price t="2020-10-02" v="7966000000"/>
        <price t="2020-10-05" v="8028000000"/>
        <price t="2020-10-06" v="7976000000"/>
        <price t="2020-10-07" v="7886000000"/>
        <price t="2020-10-08" v="7766000000"/>
        <price t="2020-10-09" v="8044000000"/>
        <price t="2020-10-12" v="8146000000"/>
        <price t="2020-10-13" v="8234000000"/>
        <price t="2020-10-14" v="8394000000"/>
        <price t="2020-10-15" v="8140000000"/>
        <price t="2020-10-16" v="8376000000"/>
        <price t="2020-10-19" v="8302000000"/>
        <price t="2020-10-20" v="8258000000"/>
        <price t="2020-10-21" v="8130000000"/>
        <price t="2020-10-22" v="8032000000"/>
        <price t="2020-10-23" v="7946000000"/>
        <price t="2020-10-26" v="8080000000"/>
        <price t="2020-10-27" v="8362000000"/>
        <price t="2020-10-28" v="8268000000"/>
        <price t="2020-10-29" v="8328000000"/>
        <price t="2020-10-30" v="8582000000"/>
        <price t="2020-11-02" v="8754000000"/>
        <price t="2020-11-03" v="8498000000"/>
        <price t="2020-11-04" v="9106000000"/>
        <price t="2020-11-05" v="9416000000"/>
        <price t="2020-11-06" v="9722000000"/>
        <price t="2020-11-09" v="9582000000"/>
        <price t="2020-11-10" v="8968000000"/>
        <price t="2020-11-11" v="8730000000"/>
        <price t="2020-11-12" v="8982000000"/>
        <price t="2020-11-13" v="8936000000"/>
        <price t="2020-11-16" v="8792000000"/>
        <price t="2020-11-17" v="8776000000"/>
        <price t="2020-11-18" v="8872000000"/>
        <price t="2020-11-19" v="8756000000"/>
        <price t="2020-11-20" v="9094000000"/>
        <price t="2020-11-23" v="9148000000"/>
        <price t="2020-11-24" v="9294000000"/>
        <price t="2020-11-25" v="9234000000"/>
        <price t="2020-11-26" v="9388000000"/>
        <price t="2020-11-27" v="9330000000"/>
        <price t="2020-11-30" v="9120000000"/>
        <price t="2020-12-01" v="9356000000"/>
        <price t="2020-12-02" v="9238000000"/>
        <price t="2020-12-03" v="9396000000"/>
        <price t="2020-12-04" v="9308000000"/>
        <price t="2020-12-07" v="9252000000"/>
        <price t="2020-12-08" v="9198000000"/>
        <price t="2020-12-09" v="9284000000"/>
        <price t="2020-12-10" v="9204000000"/>
        <price t="2020-12-11" v="9300000000"/>
        <price t="2020-12-14" v="9050000000"/>
        <price t="2020-12-15" v="9136000000"/>
        <price t="2020-12-16" v="9168000000"/>
        <price t="2020-12-17" v="9200000000"/>
        <price t="2020-12-18" v="8980000000"/>
        <price t="2020-12-21" v="9092000000"/>
        <price t="2020-12-22" v="8970000000"/>
        <price t="2020-12-23" v="9044000000"/>
        <price t="2020-12-28" v="8600000000"/>
        <price t="2020-12-29" v="8792000000"/>
        <price t="2020-12-30" v="8886000000"/>
        <price t="2021-01-04" v="8816000000"/>
        <price t="2021-01-05" v="9000000000"/>
        <price t="2021-01-06" v="8924000000"/>
        <price t="2021-01-07" v="8404000000"/>
        <price t="2021-01-08" v="8684000000"/>
        <price t="2021-01-11" v="8746000000"/>
        <price t="2021-01-12" v="8818000000"/>
        <price t="2021-01-13" v="8874000000"/>
        <price t="2021-01-14" v="9270000000"/>
        <price t="2021-01-15" v="9204000000"/>
        <price t="2021-01-18" v="9308000000"/>
        <price t="2021-01-19" v="9658000000"/>
        <price t="2021-01-20" v="9856000000"/>
        <price t="2021-01-21" v="9694000000"/>
        <price t="2021-01-22" v="9920000000"/>
        <price t="2021-01-25" v="10340000000"/>
        <price t="2021-01-26" v="10030000000"/>
        <price t="2021-01-27" v="9608000000"/>
        <price t="2021-01-28" v="9732000000"/>
        <price t="2021-01-29" v="9630000000"/>
        <price t="2021-02-01" v="9800000000"/>
        <price t="2021-02-02" v="9920000000"/>
        <price t="2021-02-03" v="10020000000"/>
        <price t="2021-02-04" v="10155000000"/>
        <price t="2021-02-05" v="10070000000"/>
        <price t="2021-02-08" v="10170000000"/>
        <price t="2021-02-09" v="10200000000"/>
        <price t="2021-02-10" v="10355000000"/>
        <price t="2021-02-11" v="10435000000"/>
        <price t="2021-02-12" v="10580000000"/>
        <price t="2021-02-15" v="10680000000"/>
        <price t="2021-02-16" v="10580000000"/>
        <price t="2021-02-17" v="10905000000"/>
        <price t="2021-02-18" v="10860000000"/>
        <price t="2021-02-19" v="10870000000"/>
        <price t="2021-02-22" v="10385000000"/>
        <price t="2021-02-23" v="10005000000"/>
        <price t="2021-02-24" v="10005000000"/>
        <price t="2021-02-25" v="9900000000"/>
        <price t="2021-02-26" v="9772000000"/>
        <price t="2021-03-01" v="10025000000"/>
        <price t="2021-03-02" v="10040000000"/>
        <price t="2021-03-03" v="10100000000"/>
        <price t="2021-03-04" v="9828000000"/>
        <price t="2021-03-05" v="9400000000"/>
        <price t="2021-03-08" v="9332000000"/>
        <price t="2021-03-09" v="9690000000"/>
        <price t="2021-03-10" v="9868000000"/>
        <price t="2021-03-11" v="10120000000"/>
        <price t="2021-03-12" v="9500000000"/>
        <price t="2021-03-15" v="9376000000"/>
        <price t="2021-03-16" v="9480000000"/>
        <price t="2021-03-17" v="9292000000"/>
        <price t="2021-03-18" v="9246000000"/>
        <price t="2021-03-19" v="9318000000"/>
        <price t="2021-03-22" v="9456000000"/>
        <price t="2021-03-23" v="9486000000"/>
        <price t="2021-03-24" v="9362000000"/>
        <price t="2021-03-25" v="9286000000"/>
        <price t="2021-03-26" v="9426000000"/>
        <price t="2021-03-29" v="9372000000"/>
        <price t="2021-03-30" v="9534000000"/>
        <price t="2021-03-31" v="9470000000"/>
        <price t="2021-04-01" v="10040000000"/>
        <price t="2021-04-06" v="9865000000"/>
        <price t="2021-04-07" v="9470000000"/>
        <price t="2021-04-08" v="9618000000"/>
        <price t="2021-04-09" v="9453000000"/>
        <price t="2021-04-12" v="9318000000"/>
        <price t="2021-04-13" v="9445000000"/>
        <price t="2021-04-14" v="9461000000"/>
        <price t="2021-04-15" v="9665000000"/>
        <price t="2021-04-16" v="9669000000"/>
        <price t="2021-04-19" v="9430000000"/>
        <price t="2021-04-20" v="9267000000"/>
        <price t="2021-04-21" v="9212000000"/>
        <price t="2021-04-22" v="9301000000"/>
        <price t="2021-04-23" v="9287000000"/>
        <price t="2021-04-26" v="9224000000"/>
        <price t="2021-04-27" v="9259000000"/>
        <price t="2021-04-28" v="9285000000"/>
        <price t="2021-04-29" v="9178000000"/>
        <price t="2021-04-30" v="9080000000"/>
        <price t="2021-05-03" v="9070000000"/>
        <price t="2021-05-04" v="8652000000"/>
        <price t="2021-05-05" v="8750000000"/>
        <price t="2021-05-06" v="8858000000"/>
        <price t="2021-05-07" v="8964000000"/>
        <price t="2021-05-10" v="8648000000"/>
        <price t="2021-05-11" v="8421000000"/>
        <price t="2021-05-12" v="8612000000"/>
        <price t="2021-05-13" v="8406000000"/>
        <price t="2021-05-14" v="8427000000"/>
        <price t="2021-05-17" v="8519000000"/>
        <price t="2021-05-18" v="8425000000"/>
        <price t="2021-05-19" v="8291000000"/>
        <price t="2021-05-20" v="8480000000"/>
        <price t="2021-05-21" v="8403000000"/>
        <price t="2021-05-25" v="8567000000"/>
        <price t="2021-05-26" v="8530000000"/>
        <price t="2021-05-27" v="8329000000"/>
        <price t="2021-05-28" v="8434000000"/>
        <price t="2021-05-31" v="8436000000"/>
        <price t="2021-06-01" v="8629000000"/>
        <price t="2021-06-02" v="8654000000"/>
        <price t="2021-06-03" v="8589000000"/>
        <price t="2021-06-04" v="8740000000"/>
        <price t="2021-06-07" v="8601000000"/>
        <price t="2021-06-08" v="8587000000"/>
        <price t="2021-06-09" v="8530000000"/>
        <price t="2021-06-10" v="8526000000"/>
        <price t="2021-06-11" v="8543000000"/>
        <price t="2021-06-14" v="8535000000"/>
        <price t="2021-06-15" v="8452000000"/>
        <price t="2021-06-16" v="8555000000"/>
        <price t="2021-06-17" v="8534000000"/>
        <price t="2021-06-18" v="8398000000"/>
        <price t="2021-06-21" v="8500000000"/>
        <price t="2021-06-22" v="8259000000"/>
        <price t="2021-06-23" v="8245000000"/>
        <price t="2021-06-24" v="8225000000"/>
        <price t="2021-06-25" v="8253000000"/>
        <price t="2021-06-28" v="8285000000"/>
        <price t="2021-06-29" v="8370000000"/>
        <price t="2021-06-30" v="8341000000"/>
        <price t="2021-07-01" v="8187000000"/>
        <price t="2021-07-02" v="8288000000"/>
        <price t="2021-07-05" v="7804000000"/>
        <price t="2021-07-06" v="7851000000"/>
        <price t="2021-07-07" v="8065000000"/>
        <price t="2021-07-08" v="7702000000"/>
        <price t="2021-07-09" v="7748000000"/>
        <price t="2021-07-12" v="7778000000"/>
        <price t="2021-07-13" v="7936000000"/>
        <price t="2021-07-14" v="7992000000"/>
        <price t="2021-07-15" v="8045000000"/>
        <price t="2021-07-16" v="8070000000"/>
        <price t="2021-07-19" v="8009000000"/>
        <price t="2021-07-20" v="7910000000"/>
        <price t="2021-07-21" v="8007000000"/>
        <price t="2021-07-22" v="8133000000"/>
        <price t="2021-07-23" v="7950000000"/>
        <price t="2021-07-26" v="7300000000"/>
        <price t="2021-07-27" v="6764000000"/>
        <price t="2021-07-28" v="7207000000"/>
        <price t="2021-07-29" v="7627000000"/>
        <price t="2021-07-30" v="7479000000"/>
        <price t="2021-08-02" v="7597000000"/>
        <price t="2021-08-03" v="7068000000"/>
        <price t="2021-08-04" v="7259000000"/>
        <price t="2021-08-05" v="7162000000"/>
        <price t="2021-08-06" v="7217000000"/>
        <price t="2021-08-09" v="7546000000"/>
        <price t="2021-08-10" v="7886000000"/>
        <price t="2021-08-11" v="7855000000"/>
        <price t="2021-08-12" v="7779000000"/>
        <price t="2021-08-13" v="7551000000"/>
        <price t="2021-08-16" v="7354000000"/>
        <price t="2021-08-17" v="7200000000"/>
        <price t="2021-08-18" v="7256000000"/>
        <price t="2021-08-19" v="6904000000"/>
        <price t="2021-08-20" v="6850000000"/>
        <price t="2021-08-23" v="6833000000"/>
        <price t="2021-08-24" v="7122000000"/>
        <price t="2021-08-25" v="7178000000"/>
        <price t="2021-08-26" v="7112000000"/>
        <price t="2021-08-27" v="7204000000"/>
        <price t="2021-08-30" v="7057000000"/>
        <price t="2021-08-31" v="7441000000"/>
        <price t="2021-09-01" v="7776000000"/>
        <price t="2021-09-02" v="7766000000"/>
        <price t="2021-09-03" v="7718000000"/>
        <price t="2021-09-06" v="7895000000"/>
        <price t="2021-09-07" v="7984000000"/>
        <price t="2021-09-08" v="7850000000"/>
        <price t="2021-09-09" v="7411000000"/>
        <price t="2021-09-10" v="7333000000"/>
        <price t="2021-09-13" v="7170000000"/>
        <price t="2021-09-14" v="7161000000"/>
        <price t="2021-09-15" v="6905000000"/>
        <price t="2021-09-16" v="7000000000"/>
        <price t="2021-09-17" v="6914000000"/>
        <price t="2021-09-20" v="6790000000"/>
        <price t="2021-09-21" v="6875000000"/>
        <price t="2021-09-22" v="6979000000"/>
        <price t="2021-09-23" v="7076000000"/>
        <price t="2021-09-24" v="7013000000"/>
        <price t="2021-09-27" v="7009000000"/>
        <price t="2021-09-28" v="6928000000"/>
        <price t="2021-09-29" v="6966000000"/>
        <price t="2021-09-30" v="6950000000"/>
        <price t="2021-10-01" v="6840000000"/>
        <price t="2021-10-04" v="6676000000"/>
        <price t="2021-10-05" v="6869000000"/>
        <price t="2021-10-06" v="6710000000"/>
        <price t="2021-10-07" v="7219000000"/>
        <price t="2021-10-08" v="7130000000"/>
        <price t="2021-10-11" v="7145000000"/>
        <price t="2021-10-12" v="7114000000"/>
        <price t="2021-10-13" v="7124000000"/>
        <price t="2021-10-14" v="7236000000"/>
        <price t="2021-10-15" v="7357000000"/>
        <price t="2021-10-18" v="7308000000"/>
        <price t="2021-10-19" v="7640000000"/>
        <price t="2021-10-20" v="7903000000"/>
        <price t="2021-10-21" v="7866000000"/>
        <price t="2021-10-22" v="7823000000"/>
        <price t="2021-10-25" v="7666000000"/>
        <price t="2021-10-26" v="7744000000"/>
        <price t="2021-10-27" v="7551000000"/>
        <price t="2021-10-28" v="7571000000"/>
        <price t="2021-10-29" v="7571000000"/>
        <price t="2021-11-01" v="7677000000"/>
        <price t="2021-11-02" v="7344000000"/>
        <price t="2021-11-03" v="7618000000"/>
        <price t="2021-11-04" v="7615000000"/>
        <price t="2021-11-05" v="7345000000"/>
        <price t="2021-11-08" v="7271000000"/>
        <price t="2021-11-09" v="7285000000"/>
        <price t="2021-11-10" v="7343000000"/>
        <price t="2021-11-11" v="7305000000"/>
        <price t="2021-11-12" v="7525000000"/>
        <price t="2021-11-15" v="7582000000"/>
        <price t="2021-11-16" v="7849000000"/>
        <price t="2021-11-17" v="7769000000"/>
        <price t="2021-11-18" v="7648000000"/>
        <price t="2021-11-19" v="7738000000"/>
        <price t="2021-11-22" v="7520000000"/>
        <price t="2021-11-23" v="7465000000"/>
        <price t="2021-11-24" v="7358000000"/>
        <price t="2021-11-25" v="7402000000"/>
        <price t="2021-11-26" v="7088000000"/>
        <price t="2021-11-29" v="7070000000"/>
        <price t="2021-11-30" v="7137000000"/>
        <price t="2021-12-01" v="7516000000"/>
        <price t="2021-12-02" v="7190000000"/>
        <price t="2021-12-03" v="6990000000"/>
        <price t="2021-12-06" v="7213000000"/>
        <price t="2021-12-07" v="7563000000"/>
        <price t="2021-12-08" v="7353000000"/>
        <price t="2021-12-09" v="7331000000"/>
        <price t="2021-12-10" v="7200000000"/>
        <price t="2021-12-13" v="7071000000"/>
        <price t="2021-12-14" v="6989000000"/>
        <price t="2021-12-15" v="6820000000"/>
        <price t="2021-12-16" v="7010000000"/>
        <price t="2021-12-17" v="6959000000"/>
        <price t="2021-12-20" v="6841000000"/>
        <price t="2021-12-21" v="6871000000"/>
        <price t="2021-12-22" v="7036000000"/>
        <price t="2021-12-23" v="7305000000"/>
        <price t="2021-12-27" v="7381000000"/>
        <price t="2021-12-28" v="7183000000"/>
        <price t="2021-12-29" v="7070000000"/>
        <price t="2021-12-30" v="7100000000"/>
        <price t="2022-01-03" v="7390000000"/>
        <price t="2022-01-04" v="7336000000"/>
        <price t="2022-01-05" v="7230000000"/>
        <price t="2022-01-06" v="7074000000"/>
        <price t="2022-01-07" v="7050000000"/>
        <price t="2022-01-10" v="7045000000"/>
        <price t="2022-01-11" v="7392000000"/>
        <price t="2022-01-12" v="7778000000"/>
        <price t="2022-01-13" v="7803000000"/>
        <price t="2022-01-14" v="7697000000"/>
        <price t="2022-01-17" v="7622000000"/>
        <price t="2022-01-18" v="7401000000"/>
        <price t="2022-01-19" v="7362000000"/>
        <price t="2022-01-20" v="7739000000"/>
        <price t="2022-01-21" v="7592000000"/>
        <price t="2022-01-24" v="7223000000"/>
        <price t="2022-01-25" v="6996000000"/>
        <price t="2022-01-26" v="7066000000"/>
        <price t="2022-01-27" v="7010000000"/>
        <price t="2022-01-28" v="7119000000"/>
        <price t="2022-01-31" v="7396000000"/>
        <price t="2022-02-01" v="7415000000"/>
        <price t="2022-02-02" v="7244000000"/>
        <price t="2022-02-03" v="7153000000"/>
        <price t="2022-02-04" v="7052000000"/>
        <price t="2022-02-07" v="7183000000"/>
        <price t="2022-02-08" v="7123000000"/>
        <price t="2022-02-09" v="7406000000"/>
        <price t="2022-02-10" v="7100000000"/>
        <price t="2022-02-11" v="6900000000"/>
        <price t="2022-02-14" v="6731000000"/>
        <price t="2022-02-15" v="6800000000"/>
        <price t="2022-02-16" v="6831000000"/>
        <price t="2022-02-17" v="6698000000"/>
        <price t="2022-02-18" v="6460000000"/>
        <price t="2022-02-21" v="5956000000"/>
        <price t="2022-02-22" v="5917000000"/>
        <price t="2022-02-23" v="5692000000"/>
        <price t="2022-02-24" v="5369000000"/>
        <price t="2022-02-25" v="5472000000"/>
        <price t="2022-02-28" v="5548000000"/>
        <price t="2022-03-01" v="5487000000"/>
        <price t="2022-03-02" v="5447000000"/>
        <price t="2022-03-03" v="5229000000"/>
        <price t="2022-03-04" v="4757000000"/>
        <price t="2022-03-07" v="4869000000"/>
        <price t="2022-03-08" v="5083000000"/>
        <price t="2022-03-09" v="5355000000"/>
        <price t="2022-03-10" v="5166000000"/>
        <price t="2022-03-11" v="5095000000"/>
        <price t="2022-03-14" v="4572000000"/>
        <price t="2022-03-15" v="4268000000"/>
        <price t="2022-03-16" v="5232000000"/>
        <price t="2022-03-17" v="5110000000"/>
        <price t="2022-03-18" v="5282000000"/>
        <price t="2022-03-21" v="5139000000"/>
        <price t="2022-03-22" v="5241000000"/>
        <price t="2022-03-23" v="4988000000"/>
        <price t="2022-03-24" v="4960000000"/>
        <price t="2022-03-25" v="4777500000"/>
        <price t="2022-03-28" v="4805500000"/>
        <price t="2022-03-29" v="4991500000"/>
        <price t="2022-03-30" v="4990000000"/>
        <price t="2022-03-31" v="4855500000"/>
        <price t="2022-04-01" v="5108000000"/>
        <price t="2022-04-04" v="5286000000"/>
        <price t="2022-04-05" v="5277000000"/>
        <price t="2022-04-06" v="4971000000"/>
        <price t="2022-04-07" v="4832500000"/>
        <price t="2022-04-08" v="4818500000"/>
        <price t="2022-04-11" v="4860500000"/>
        <price t="2022-04-12" v="4829000000"/>
        <price t="2022-04-13" v="4865000000"/>
        <price t="2022-04-14" v="4735000000"/>
        <price t="2022-04-19" v="4503000000"/>
        <price t="2022-04-20" v="4506000000"/>
        <price t="2022-04-21" v="4349500000"/>
        <price t="2022-04-22" v="4343500000"/>
        <price t="2022-04-25" v="4230500000"/>
        <price t="2022-04-26" v="4224500000"/>
        <price t="2022-04-27" v="4306000000"/>
        <price t="2022-04-28" v="4276500000"/>
        <price t="2022-04-29" v="4697500000"/>
        <price t="2022-05-02" v="4522500000"/>
        <price t="2022-05-03" v="4662000000"/>
        <price t="2022-05-04" v="4498000000"/>
        <price t="2022-05-05" v="4287000000"/>
        <price t="2022-05-06" v="4251000000"/>
        <price t="2022-05-09" v="4028000000"/>
        <price t="2022-05-10" v="4028000000"/>
        <price t="2022-05-11" v="4301500000"/>
        <price t="2022-05-12" v="4380000000"/>
        <price t="2022-05-13" v="4367500000"/>
        <price t="2022-05-16" v="4390500000"/>
        <price t="2022-05-17" v="4717500000"/>
        <price t="2022-05-18" v="4506500000"/>
        <price t="2022-05-19" v="4570500000"/>
        <price t="2022-05-20" v="4540000000"/>
        <price t="2022-05-23" v="4430000000"/>
        <price t="2022-05-24" v="4165500000"/>
        <price t="2022-05-25" v="4321000000"/>
        <price t="2022-05-26" v="4495000000"/>
        <price t="2022-05-27" v="4608000000"/>
        <price t="2022-05-30" v="4745000000"/>
        <price t="2022-05-31" v="4829500000"/>
        <price t="2022-06-01" v="4659000000"/>
        <price t="2022-06-02" v="4705000000"/>
        <price t="2022-06-03" v="4656500000"/>
        <price t="2022-06-06" v="4852000000"/>
        <price t="2022-06-07" v="4759000000"/>
        <price t="2022-06-08" v="5132000000"/>
        <price t="2022-06-09" v="5057000000"/>
        <price t="2022-06-10" v="4925000000"/>
        <price t="2022-06-13" v="4794000000"/>
        <price t="2022-06-14" v="4772500000"/>
        <price t="2022-06-15" v="5033000000"/>
        <price t="2022-06-16" v="4774000000"/>
        <price t="2022-06-17" v="4945000000"/>
        <price t="2022-06-20" v="4879000000"/>
        <price t="2022-06-21" v="5021000000"/>
        <price t="2022-06-22" v="4980500000"/>
        <price t="2022-06-23" v="5084000000"/>
        <price t="2022-06-24" v="5293000000"/>
        <price t="2022-06-27" v="6204000000"/>
        <price t="2022-06-28" v="6022000000"/>
        <price t="2022-06-29" v="6225000000"/>
        <price t="2022-06-30" v="6248000000"/>
        <price t="2022-07-01" v="6500000000"/>
        <price t="2022-07-04" v="6410000000"/>
        <price t="2022-07-05" v="6655000000"/>
        <price t="2022-07-06" v="6618000000"/>
        <price t="2022-07-07" v="7107000000"/>
        <price t="2022-07-08" v="6707000000"/>
        <price t="2022-07-11" v="6629000000"/>
        <price t="2022-07-12" v="6764000000"/>
        <price t="2022-07-13" v="6572000000"/>
        <price t="2022-07-14" v="6498000000"/>
        <price t="2022-07-15" v="6397000000"/>
        <price t="2022-07-18" v="6588000000"/>
        <price t="2022-07-19" v="6739000000"/>
        <price t="2022-07-20" v="6825000000"/>
        <price t="2022-07-21" v="6915000000"/>
        <price t="2022-07-22" v="6846000000"/>
        <price t="2022-07-25" v="6803000000"/>
        <price t="2022-07-26" v="6658000000"/>
        <price t="2022-07-27" v="6583000000"/>
        <price t="2022-07-28" v="6610000000"/>
        <price t="2022-07-29" v="6367000000"/>
        <price t="2022-08-01" v="6339000000"/>
        <price t="2022-08-02" v="6276000000"/>
        <price t="2022-08-03" v="6443000000"/>
        <price t="2022-08-04" v="6495000000"/>
        <price t="2022-08-05" v="6327000000"/>
        <price t="2022-08-08" v="6454000000"/>
        <price t="2022-08-09" v="6318000000"/>
        <price t="2022-08-10" v="6334000000"/>
        <price t="2022-08-11" v="6442000000"/>
        <price t="2022-08-12" v="6290000000"/>
        <price t="2022-08-15" v="6354000000"/>
        <price t="2022-08-16" v="6509000000"/>
        <price t="2022-08-17" v="6494000000"/>
        <price t="2022-08-18" v="6410000000"/>
        <price t="2022-08-19" v="6294000000"/>
        <price t="2022-08-22" v="6264000000"/>
        <price t="2022-08-23" v="6217000000"/>
        <price t="2022-08-24" v="6250000000"/>
        <price t="2022-08-25" v="6634000000"/>
        <price t="2022-08-26" v="6482000000"/>
        <price t="2022-08-29" v="6323000000"/>
        <price t="2022-08-30" v="6227000000"/>
        <price t="2022-08-31" v="6276000000"/>
        <price t="2022-09-01" v="5952000000"/>
        <price t="2022-09-02" v="6050000000"/>
        <price t="2022-09-05" v="5945000000"/>
        <price t="2022-09-06" v="5830000000"/>
        <price t="2022-09-07" v="5806000000"/>
        <price t="2022-09-08" v="5870000000"/>
        <price t="2022-09-09" v="6026000000"/>
        <price t="2022-09-12" v="6060000000"/>
        <price t="2022-09-13" v="5912000000"/>
        <price t="2022-09-14" v="5956000000"/>
        <price t="2022-09-15" v="5959000000"/>
        <price t="2022-09-16" v="5694000000"/>
        <price t="2022-09-19" v="5751000000"/>
        <price t="2022-09-20" v="5784000000"/>
        <price t="2022-09-21" v="5752000000"/>
        <price t="2022-09-22" v="5504000000"/>
        <price t="2022-09-23" v="5349000000"/>
        <price t="2022-09-26" v="5585000000"/>
        <price t="2022-09-27" v="5491000000"/>
        <price t="2022-09-28" v="5456000000"/>
        <price t="2022-09-29" v="5265000000"/>
        <price t="2022-09-30" v="5387000000"/>
        <price t="2022-10-03" v="5378000000"/>
        <price t="2022-10-04" v="5613000000"/>
        <price t="2022-10-05" v="5587000000"/>
        <price t="2022-10-06" v="5732000000"/>
        <price t="2022-10-07" v="5490000000"/>
        <price t="2022-10-10" v="5300000000"/>
        <price t="2022-10-11" v="5336000000"/>
        <price t="2022-10-12" v="5228000000"/>
        <price t="2022-10-13" v="5062000000"/>
        <price t="2022-10-14" v="5237000000"/>
        <price t="2022-10-17" v="5361000000"/>
        <price t="2022-10-18" v="5408000000"/>
        <price t="2022-10-19" v="5068000000"/>
        <price t="2022-10-20" v="5056000000"/>
        <price t="2022-10-21" v="4926500000"/>
        <price t="2022-10-24" v="4087500000"/>
        <price t="2022-10-25" v="4190500000"/>
        <price t="2022-10-26" v="4330000000"/>
        <price t="2022-10-27" v="4373500000"/>
        <price t="2022-10-28" v="4133000000"/>
        <price t="2022-10-31" v="4435500000"/>
        <price t="2022-11-01" v="4848500000"/>
        <price t="2022-11-02" v="4736000000"/>
        <price t="2022-11-03" v="4698000000"/>
        <price t="2022-11-04" v="5045000000"/>
        <price t="2022-11-07" v="5042000000"/>
        <price t="2022-11-08" v="5052000000"/>
        <price t="2022-11-09" v="4853500000"/>
        <price t="2022-11-10" v="5160000000"/>
        <price t="2022-11-11" v="5492000000"/>
        <price t="2022-11-14" v="5517000000"/>
        <price t="2022-11-15" v="5899000000"/>
        <price t="2022-11-16" v="5950000000"/>
        <price t="2022-11-17" v="6068000000"/>
        <price t="2022-11-18" v="5857000000"/>
        <price t="2022-11-21" v="5820000000"/>
        <price t="2022-11-22" v="5635000000"/>
        <price t="2022-11-23" v="5741000000"/>
        <price t="2022-11-24" v="5878000000"/>
        <price t="2022-11-25" v="5853000000"/>
        <price t="2022-11-28" v="5981000000"/>
        <price t="2022-11-29" v="6019000000"/>
        <price t="2022-11-30" v="6236000000"/>
        <price t="2022-12-01" v="6182000000"/>
        <price t="2022-12-02" v="6193000000"/>
        <price t="2022-12-05" v="6366000000"/>
        <price t="2022-12-06" v="6282000000"/>
        <price t="2022-12-07" v="6254000000"/>
        <price t="2022-12-08" v="6438000000"/>
        <price t="2022-12-09" v="6459000000"/>
        <price t="2022-12-12" v="6366000000"/>
        <price t="2022-12-13" v="6662000000"/>
        <price t="2022-12-14" v="6659000000"/>
        <price t="2022-12-15" v="6434000000"/>
        <price t="2022-12-16" v="6375000000"/>
        <price t="2022-12-19" v="6403000000"/>
        <price t="2022-12-20" v="6333000000"/>
        <price t="2022-12-21" v="6379000000"/>
        <price t="2022-12-22" v="6368000000"/>
        <price t="2022-12-23" v="6408000000"/>
        <price t="2022-12-27" v="6517000000"/>
        <price t="2022-12-28" v="6407000000"/>
        <price t="2022-12-29" v="6659000000"/>
        <price t="2022-12-30" v="6481000000"/>
        <price t="2023-01-02" v="6642000000"/>
        <price t="2023-01-03" v="6860000000"/>
        <price t="2023-01-04" v="7275000000"/>
        <price t="2023-01-05" v="7137000000"/>
        <price t="2023-01-06" v="7300000000"/>
        <price t="2023-01-09" v="7451000000"/>
        <price t="2023-01-10" v="7441000000"/>
        <price t="2023-01-11" v="7511000000"/>
        <price t="2023-01-12" v="7477000000"/>
        <price t="2023-01-13" v="7575000000"/>
        <price t="2023-01-16" v="7501000000"/>
        <price t="2023-01-17" v="7573000000"/>
        <price t="2023-01-18" v="7470000000"/>
        <price t="2023-01-19" v="7466000000"/>
        <price t="2023-01-20" v="7537000000"/>
        <price t="2023-01-23" v="7613000000"/>
        <price t="2023-01-24" v="7698000000"/>
        <price t="2023-01-25" v="7576000000"/>
        <price t="2023-01-26" v="7726000000"/>
        <price t="2023-01-27" v="7824000000"/>
        <price t="2023-01-30" v="7324000000"/>
        <price t="2023-01-31" v="7391000000"/>
        <price t="2023-02-01" v="7297000000"/>
        <price t="2023-02-02" v="7421000000"/>
        <price t="2023-02-03" v="7442000000"/>
        <price t="2023-02-06" v="7328000000"/>
        <price t="2023-02-07" v="7386000000"/>
        <price t="2023-02-08" v="7367000000"/>
        <price t="2023-02-09" v="7515000000"/>
        <price t="2023-02-10" v="7404000000"/>
        <price t="2023-02-13" v="7590000000"/>
        <price t="2023-02-14" v="7435000000"/>
        <price t="2023-02-15" v="7496000000"/>
        <price t="2023-02-16" v="7478000000"/>
        <price t="2023-02-17" v="7353000000"/>
        <price t="2023-02-20" v="7308000000"/>
        <price t="2023-02-21" v="6937000000"/>
        <price t="2023-02-22" v="6877000000"/>
        <price t="2023-02-23" v="6861000000"/>
        <price t="2023-02-24" v="6644000000"/>
        <price t="2023-02-27" v="6773000000"/>
        <price t="2023-02-28" v="6816000000"/>
        <price t="2023-03-01" v="6984000000"/>
        <price t="2023-03-02" v="6993000000"/>
        <price t="2023-03-03" v="7019000000"/>
        <price t="2023-03-06" v="6964000000"/>
        <price t="2023-03-07" v="6791000000"/>
        <price t="2023-03-08" v="6776000000"/>
        <price t="2023-03-09" v="6644000000"/>
        <price t="2023-03-10" v="6522000000"/>
        <price t="2023-03-13" v="6546000000"/>
        <price t="2023-03-14" v="6688000000"/>
        <price t="2023-03-15" v="6438000000"/>
        <price t="2023-03-16" v="6547000000"/>
        <price t="2023-03-17" v="6454000000"/>
        <price t="2023-03-20" v="6562000000"/>
        <price t="2023-03-21" v="6547000000"/>
        <price t="2023-03-22" v="6709000000"/>
        <price t="2023-03-23" v="7148000000"/>
        <price t="2023-03-24" v="7100000000"/>
        <price t="2023-03-27" v="6731000000"/>
        <price t="2023-03-28" v="6988000000"/>
        <price t="2023-03-29" v="7177000000"/>
        <price t="2023-03-30" v="7185000000"/>
        <price t="2023-03-31" v="7208000000"/>
        <price t="2023-04-03" v="7177000000"/>
        <price t="2023-04-04" v="7139000000"/>
        <price t="2023-04-05" v="6985000000"/>
        <price t="2023-04-06" v="7031000000"/>
        <price t="2023-04-11" v="6911000000"/>
        <price t="2023-04-12" v="6493000000"/>
        <price t="2023-04-13" v="6674000000"/>
        <price t="2023-04-14" v="6798000000"/>
        <price t="2023-04-17" v="7034000000"/>
        <price t="2023-04-18" v="7096000000"/>
        <price t="2023-04-19" v="6997000000"/>
        <price t="2023-04-20" v="7041000000"/>
        <price t="2023-04-21" v="6928000000"/>
        <price t="2023-04-24" v="6730000000"/>
        <price t="2023-04-25" v="6612000000"/>
        <price t="2023-04-26" v="6677000000"/>
        <price t="2023-04-27" v="6744000000"/>
        <price t="2023-04-28" v="6761000000"/>
        <price t="2023-05-02" v="6675000000"/>
        <price t="2023-05-03" v="6648000000"/>
        <price t="2023-05-04" v="6577000000"/>
        <price t="2023-05-05" v="6711000000"/>
        <price t="2023-05-08" v="6693000000"/>
        <price t="2023-05-09" v="6363000000"/>
        <price t="2023-05-10" v="6439000000"/>
        <price t="2023-05-11" v="6569000000"/>
        <price t="2023-05-12" v="6498000000"/>
        <price t="2023-05-15" v="6848000000"/>
        <price t="2023-05-16" v="6788000000"/>
        <price t="2023-05-17" v="6944000000"/>
        <price t="2023-05-18" v="6814000000"/>
        <price t="2023-05-19" v="6769000000"/>
        <price t="2023-05-22" v="6820000000"/>
        <price t="2023-05-23" v="6685000000"/>
        <price t="2023-05-24" v="6538000000"/>
        <price t="2023-05-25" v="6395000000"/>
        <price t="2023-05-26" v="6468000000"/>
        <price t="2023-05-29" v="6378000000"/>
        <price t="2023-05-30" v="6285000000"/>
        <price t="2023-05-31" v="6208000000"/>
        <price t="2023-06-01" v="6306000000"/>
        <price t="2023-06-02" v="6593000000"/>
        <price t="2023-06-05" v="6517000000"/>
        <price t="2023-06-06" v="6584000000"/>
        <price t="2023-06-07" v="6543000000"/>
        <price t="2023-06-08" v="6630000000"/>
        <price t="2023-06-09" v="6618000000"/>
        <price t="2023-06-12" v="6718000000"/>
        <price t="2023-06-13" v="6782000000"/>
        <price t="2023-06-14" v="6770000000"/>
        <price t="2023-06-15" v="6889000000"/>
        <price t="2023-06-16" v="6908000000"/>
        <price t="2023-06-19" v="6907000000"/>
        <price t="2023-06-20" v="6598000000"/>
        <price t="2023-06-21" v="6470000000"/>
        <price t="2023-06-22" v="6429000000"/>
        <price t="2023-06-23" v="6292000000"/>
        <price t="2023-06-26" v="6349000000"/>
        <price t="2023-06-27" v="6683000000"/>
        <price t="2023-06-28" v="6691000000"/>
        <price t="2023-06-29" v="6591000000"/>
        <price t="2023-06-30" v="6684000000"/>
        <price t="2023-07-03" v="6774000000"/>
        <price t="2023-07-04" v="6774000000"/>
        <price t="2023-07-05" v="6598000000"/>
        <price t="2023-07-06" v="6282000000"/>
        <price t="2023-07-07" v="6417000000"/>
        <price t="2023-07-10" v="6441000000"/>
        <price t="2023-07-11" v="6464000000"/>
        <price t="2023-07-12" v="6742000000"/>
        <price t="2023-07-13" v="6921000000"/>
        <price t="2023-07-14" v="6928000000"/>
        <price t="2023-07-17" v="6817000000"/>
        <price t="2023-07-18" v="6766000000"/>
        <price t="2023-07-19" v="6779000000"/>
        <price t="2023-07-20" v="6699000000"/>
        <price t="2023-07-21" v="6662000000"/>
        <price t="2023-07-24" v="6745000000"/>
        <price t="2023-07-25" v="6885000000"/>
        <price t="2023-07-26" v="6857000000"/>
        <price t="2023-07-27" v="6951000000"/>
        <price t="2023-07-28" v="7236000000"/>
        <price t="2023-07-31" v="7175000000"/>
        <price t="2023-08-01" v="7170000000"/>
        <price t="2023-08-02" v="6900000000"/>
        <price t="2023-08-03" v="6967000000"/>
        <price t="2023-08-04" v="6889000000"/>
        <price t="2023-08-07" v="6718000000"/>
        <price t="2023-08-08" v="6625000000"/>
        <price t="2023-08-09" v="6635000000"/>
        <price t="2023-08-10" v="6827000000"/>
        <price t="2023-08-11" v="6558000000"/>
        <price t="2023-08-14" v="6519000000"/>
        <price t="2023-08-15" v="6562000000"/>
        <price t="2023-08-16" v="6402000000"/>
        <price t="2023-08-17" v="6467000000"/>
        <price t="2023-08-18" v="6360000000"/>
        <price t="2023-08-21" v="6334000000"/>
        <price t="2023-08-22" v="6317000000"/>
        <price t="2023-08-23" v="6372000000"/>
        <price t="2023-08-24" v="6291000000"/>
        <price t="2023-08-25" v="6286000000"/>
        <price t="2023-08-28" v="6415000000"/>
        <price t="2023-08-29" v="6499000000"/>
        <price t="2023-08-30" v="6306000000"/>
        <price t="2023-08-31" v="6401000000"/>
        <price t="2023-09-01" v="6489000000"/>
        <price t="2023-09-04" v="6481000000"/>
        <price t="2023-09-05" v="6502000000"/>
        <price t="2023-09-06" v="6540000000"/>
        <price t="2023-09-07" v="6357000000"/>
        <price t="2023-09-08" v="6314000000"/>
        <price t="2023-09-11" v="6430000000"/>
        <price t="2023-09-12" v="6436000000"/>
        <price t="2023-09-13" v="6411000000"/>
        <price t="2023-09-14" v="2989500000"/>
        <price t="2023-09-15" v="2959000000"/>
        <price t="2023-09-18" v="2915000000"/>
        <price t="2023-09-19" v="2893500000"/>
        <price t="2023-09-20" v="2876500000"/>
        <price t="2023-09-21" v="2736500000"/>
        <price t="2023-09-22" v="2861000000"/>
        <price t="2023-09-25" v="2782500000"/>
        <price t="2023-09-26" v="2757000000"/>
        <price t="2023-09-27" v="2776500000"/>
        <price t="2023-09-28" v="2778000000"/>
        <price t="2023-09-29" v="2791500000"/>
        <price t="2023-10-02" v="2775000000"/>
        <price t="2023-10-03" v="2692000000"/>
        <price t="2023-10-04" v="2727000000"/>
        <price t="2023-10-05" v="2696500000"/>
        <price t="2023-10-06" v="2774500000"/>
        <price t="2023-10-09" v="2740500000"/>
        <price t="2023-10-10" v="2860000000"/>
        <price t="2023-10-11" v="2879000000"/>
        <price t="2023-10-12" v="2835500000"/>
        <price t="2023-10-13" v="2761500000"/>
        <price t="2023-10-16" v="2819000000"/>
        <price t="2023-10-17" v="2769000000"/>
        <price t="2023-10-18" v="2698500000"/>
        <price t="2023-10-19" v="2657000000"/>
        <price t="2023-10-20" v="2604500000"/>
        <price t="2023-10-23" v="2612500000"/>
        <price t="2023-10-24" v="2659500000"/>
        <price t="2023-10-25" v="2637500000"/>
        <price t="2023-10-26" v="2612000000"/>
        <price t="2023-10-27" v="2640000000"/>
        <price t="2023-10-30" v="2647500000"/>
        <price t="2023-10-31" v="2642500000"/>
        <price t="2023-11-01" v="2665500000"/>
        <price t="2023-11-02" v="2704500000"/>
        <price t="2023-11-03" v="2839000000"/>
        <price t="2023-11-06" v="2848500000"/>
        <price t="2023-11-07" v="2853500000"/>
        <price t="2023-11-08" v="2855500000"/>
        <price t="2023-11-09" v="2908500000"/>
        <price t="2023-11-10" v="2852000000"/>
        <price t="2023-11-13" v="2886000000"/>
        <price t="2023-11-14" v="2955500000"/>
        <price t="2023-11-15" v="3134000000"/>
        <price t="2023-11-16" v="3013500000"/>
        <price t="2023-11-17" v="3024000000"/>
        <price t="2023-11-20" v="3038000000"/>
        <price t="2023-11-21" v="3000500000"/>
        <price t="2023-11-22" v="3027000000"/>
        <price t="2023-11-23" v="3068000000"/>
        <price t="2023-11-24" v="3022500000"/>
        <price t="2023-11-27" v="3027500000"/>
        <price t="2023-11-28" v="3014000000"/>
        <price t="2023-11-29" v="3001500000"/>
        <price t="2023-11-30" v="3050500000"/>
        <price t="2023-12-01" v="3032000000"/>
        <price t="2023-12-04" v="3040500000"/>
        <price t="2023-12-05" v="2991500000"/>
        <price t="2023-12-06" v="3005500000"/>
        <price t="2023-12-07" v="3007000000"/>
        <price t="2023-12-08" v="2991500000"/>
        <price t="2023-12-11" v="3007500000"/>
        <price t="2023-12-12" v="2996500000"/>
        <price t="2023-12-13" v="2978000000"/>
        <price t="2023-12-14" v="3011500000"/>
        <price t="2023-12-15" v="3042000000"/>
        <price t="2023-12-18" v="2920000000"/>
        <price t="2023-12-19" v="2980500000"/>
        <price t="2023-12-20" v="2960000000"/>
        <price t="2023-12-21" v="2950000000"/>
        <price t="2023-12-22" v="2554500000"/>
        <price t="2023-12-27" v="2658000000"/>
        <price t="2023-12-28" v="2673000000"/>
        <price t="2023-12-29" v="2712500000"/>
        <price t="2024-01-02" v="2692000000"/>
        <price t="2024-01-03" v="2718000000"/>
        <price t="2024-01-04" v="2742500000"/>
        <price t="2024-01-05" v="2725500000"/>
        <price t="2024-01-08" v="2755000000"/>
        <price t="2024-01-09" v="2698000000"/>
        <price t="2024-01-10" v="2682500000"/>
        <price t="2024-01-11" v="2673000000"/>
        <price t="2024-01-12" v="2705000000"/>
        <price t="2024-01-15" v="2684000000"/>
        <price t="2024-01-16" v="2648500000"/>
        <price t="2024-01-17" v="2581000000"/>
        <price t="2024-01-18" v="2618500000"/>
        <price t="2024-01-19" v="2576000000"/>
        <price t="2024-01-22" v="2570500000"/>
        <price t="2024-01-23" v="2710000000"/>
        <price t="2024-01-24" v="2807000000"/>
        <price t="2024-01-25" v="2841000000"/>
        <price t="2024-01-26" v="2827000000"/>
        <price t="2024-01-29" v="2800000000"/>
        <price t="2024-01-30" v="2783500000"/>
        <price t="2024-01-31" v="2750000000"/>
        <price t="2024-02-01" v="2800000000"/>
        <price t="2024-02-02" v="2808500000"/>
        <price t="2024-02-05" v="2799000000"/>
        <price t="2024-02-06" v="2935500000"/>
        <price t="2024-02-07" v="2944500000"/>
        <price t="2024-02-08" v="2941500000"/>
        <price t="2024-02-09" v="2947500000"/>
        <price t="2024-02-12" v="2954000000"/>
        <price t="2024-02-13" v="2928000000"/>
        <price t="2024-02-14" v="2886500000"/>
        <price t="2024-02-15" v="2906000000"/>
        <price t="2024-02-16" v="2898000000"/>
        <price t="2024-02-19" v="2874500000"/>
        <price t="2024-02-20" v="2785000000"/>
        <price t="2024-02-21" v="2838000000"/>
        <price t="2024-02-22" v="2847000000"/>
        <price t="2024-02-23" v="2818000000"/>
        <price t="2024-02-26" v="2770000000"/>
        <price t="2024-02-27" v="2790000000"/>
        <price t="2024-02-28" v="2710000000"/>
        <price t="2024-02-29" v="2704000000"/>
        <price t="2024-03-01" v="2680500000"/>
        <price t="2024-03-04" v="2640500000"/>
        <price t="2024-03-05" v="2595000000"/>
        <price t="2024-03-06" v="2631000000"/>
        <price t="2024-03-07" v="2640000000"/>
        <price t="2024-03-08" v="2644500000"/>
        <price t="2024-03-11" v="2691500000"/>
        <price t="2024-03-12" v="2758000000"/>
        <price t="2024-03-13" v="2767500000"/>
        <price t="2024-03-14" v="2740500000"/>
        <price t="2024-03-15" v="2715500000"/>
        <price t="2024-03-18" v="2738000000"/>
        <price t="2024-03-19" v="2713500000"/>
        <price t="2024-03-20" v="2728000000"/>
        <price t="2024-03-21" v="2789500000"/>
        <price t="2024-03-22" v="2775500000"/>
        <price t="2024-03-25" v="2765500000"/>
        <price t="2024-03-26" v="2832000000"/>
        <price t="2024-03-27" v="2869000000"/>
        <price t="2024-03-28" v="2907000000"/>
        <price t="2024-04-02" v="2965000000"/>
        <price t="2024-04-03" v="2965000000"/>
        <price t="2024-04-04" v="2969500000"/>
        <price t="2024-04-05" v="2927000000"/>
        <price t="2024-04-08" v="2980000000"/>
        <price t="2024-04-09" v="2925000000"/>
        <price t="2024-04-10" v="3000000000"/>
        <price t="2024-04-11" v="2979000000"/>
        <price t="2024-04-12" v="2943000000"/>
        <price t="2024-04-15" v="2922500000"/>
        <price t="2024-04-16" v="2874000000"/>
        <price t="2024-04-17" v="2866000000"/>
        <price t="2024-04-18" v="2892500000"/>
        <price t="2024-04-19" v="2838000000"/>
        <price t="2024-04-22" v="2984500000"/>
        <price t="2024-04-23" v="3072000000"/>
        <price t="2024-04-24" v="3123500000"/>
        <price t="2024-04-25" v="3081000000"/>
        <price t="2024-04-26" v="3125000000"/>
        <price t="2024-04-29" v="3170000000"/>
        <price t="2024-04-30" v="3169000000"/>
        <price t="2024-05-02" v="3295000000"/>
        <price t="2024-05-03" v="3336000000"/>
        <price t="2024-05-06" v="3369000000"/>
        <price t="2024-05-07" v="3311500000"/>
        <price t="2024-05-08" v="3288000000"/>
        <price t="2024-05-09" v="3383500000"/>
        <price t="2024-05-10" v="3399000000"/>
        <price t="2024-05-13" v="3466000000"/>
        <price t="2024-05-14" v="3585500000"/>
        <price t="2024-05-15" v="3616500000"/>
        <price t="2024-05-16" v="3630000000"/>
        <price t="2024-05-17" v="3576000000"/>
        <price t="2024-05-20" v="3499500000"/>
        <price t="2024-05-21" v="3530500000"/>
        <price t="2024-05-22" v="3461000000"/>
        <price t="2024-05-23" v="3474000000"/>
        <price t="2024-05-24" v="3439000000"/>
        <price t="2024-05-27" v="3479000000"/>
        <price t="2024-05-28" v="3454500000"/>
        <price t="2024-05-29" v="3394000000"/>
        <price t="2024-05-30" v="3421000000"/>
        <price t="2024-05-31" v="3318000000"/>
        <price t="2024-06-03" v="3389000000"/>
        <price t="2024-06-04" v="3380500000"/>
        <price t="2024-06-05" v="3390500000"/>
        <price t="2024-06-06" v="3410000000"/>
        <price t="2024-06-07" v="3373000000"/>
        <price t="2024-06-10" v="3427000000"/>
        <price t="2024-06-11" v="3373500000"/>
        <price t="2024-06-12" v="3446500000"/>
        <price t="2024-06-13" v="3427000000"/>
        <price t="2024-06-14" v="3386000000"/>
        <price t="2024-06-17" v="3418000000"/>
        <price t="2024-06-18" v="3386000000"/>
        <price t="2024-06-19" v="3448000000"/>
        <price t="2024-06-20" v="3408500000"/>
        <price t="2024-06-21" v="3403500000"/>
        <price t="2024-06-24" v="3451500000"/>
        <price t="2024-06-25" v="3394000000"/>
        <price t="2024-06-26" v="3384000000"/>
        <price t="2024-06-27" v="3337500000"/>
        <price t="2024-06-28" v="3340500000"/>
        <price t="2024-07-01" v="3315000000"/>
        <price t="2024-07-02" v="3305000000"/>
        <price t="2024-07-03" v="3314000000"/>
        <price t="2024-07-04" v="3332000000"/>
        <price t="2024-07-05" v="3286500000"/>
        <price t="2024-07-08" v="3301000000"/>
        <price t="2024-07-09" v="3283500000"/>
        <price t="2024-07-10" v="3306500000"/>
        <price t="2024-07-11" v="3325500000"/>
        <price t="2024-07-12" v="3449000000"/>
        <price t="2024-07-15" v="3361500000"/>
        <price t="2024-07-16" v="3295000000"/>
        <price t="2024-07-17" v="3278000000"/>
        <price t="2024-07-18" v="3309500000"/>
        <price t="2024-07-19" v="3231500000"/>
        <price t="2024-07-22" v="3294500000"/>
        <price t="2024-07-23" v="3269500000"/>
        <price t="2024-07-24" v="3225000000"/>
        <price t="2024-07-25" v="3169500000"/>
        <price t="2024-07-26" v="3194000000"/>
        <price t="2024-07-29" v="3155500000"/>
        <price t="2024-07-30" v="3178500000"/>
        <price t="2024-07-31" v="3212000000"/>
        <price t="2024-08-01" v="3208500000"/>
        <price t="2024-08-02" v="3127500000"/>
        <price t="2024-08-05" v="3094500000"/>
        <price t="2024-08-06" v="3052500000"/>
        <price t="2024-08-07" v="3171500000"/>
        <price t="2024-08-08" v="3219000000"/>
        <price t="2024-08-09" v="3220000000"/>
        <price t="2024-08-12" v="3292000000"/>
        <price t="2024-08-13" v="3313500000"/>
        <price t="2024-08-14" v="3255500000"/>
        <price t="2024-08-15" v="3300500000"/>
        <price t="2024-08-16" v="3327000000"/>
        <price t="2024-08-19" v="3350000000"/>
        <price t="2024-08-20" v="3288000000"/>
        <price t="2024-08-21" v="3311000000"/>
        <price t="2024-08-22" v="3327500000"/>
        <price t="2024-08-23" v="3349500000"/>
        <price t="2024-08-26" v="3298000000"/>
        <price t="2024-08-27" v="3325000000"/>
        <price t="2024-08-28" v="3258000000"/>
        <price t="2024-08-29" v="3304000000"/>
        <price t="2024-08-30" v="3361500000"/>
        <price t="2024-09-02" v="3346500000"/>
        <price t="2024-09-03" v="3350000000"/>
        <price t="2024-09-04" v="3341000000"/>
        <price t="2024-09-05" v="3345000000"/>
        <price t="2024-09-06" v="3220500000"/>
        <price t="2024-09-09" v="3258000000"/>
        <price t="2024-09-10" v="3239000000"/>
        <price t="2024-09-11" v="3229500000"/>
        <price t="2024-09-12" v="3212000000"/>
        <price t="2024-09-13" v="3233000000"/>
      </prices>
      <latest t="2024-09-13" v="3233000000">
        <high>-1</high>
        <low>-1</low>
        <volume>-1</volume>
      </latest>
      <attributes>
        <map/>
      </attributes>
      <events>
        <dividendEvent>
          <date>2024-10-31</date>
          <type>DIVIDEND_PAYMENT</type>
          <source>divvydiary.com</source>
          <paymentDate>2024-11-26</paymentDate>
          <amount currency="EUR" amount="10"/>
        </dividendEvent>
        <dividendEvent>
          <date>2023-11-02</date>
          <type>DIVIDEND_PAYMENT</type>
          <source>divvydiary.com</source>
          <paymentDate>2023-11-28</paymentDate>
          <amount currency="EUR" amount="7"/>
        </dividendEvent>
        <dividendEvent>
          <date>2022-09-01</date>
          <type>DIVIDEND_PAYMENT</type>
          <source>divvydiary.com</source>
          <paymentDate>2022-09-27</paymentDate>
          <amount currency="EUR" amount="6"/>
        </dividendEvent>
        <dividendEvent>
          <date>2021-10-28</date>
          <type>DIVIDEND_PAYMENT</type>
          <source>divvydiary.com</source>
          <paymentDate>2021-11-23</paymentDate>
          <amount currency="EUR" amount="6"/>
        </dividendEvent>
        <dividendEvent>
          <date>2020-10-22</date>
          <type>DIVIDEND_PAYMENT</type>
          <source>divvydiary.com</source>
          <paymentDate>2020-11-17</paymentDate>
          <amount currency="EUR" amount="5"/>
        </dividendEvent>
      </events>
      <isRetired>false</isRetired>
      <updatedAt>2024-02-13T07:12:07.428685500Z</updatedAt>
    </security>
    <security>
      <uuid>2952115f-694c-4cd7-8476-152b14d6efad</uuid>
      <onlineId>b7f458d6debe41288ee029cbbdc9ed69</onlineId>
      <name>PROSUS split</name>
      <currencyCode>EUR</currencyCode>
      <isin>NL0013654783</isin>
      <tickerSymbol>1TY</tickerSymbol>
      <wkn>A2PRDK</wkn>
      <feed>PORTFOLIO-REPORT</feed>
      <prices>
        <price t="2019-09-12" v="3853918150"/>
        <price t="2019-09-13" v="3385024775"/>
        <price t="2019-09-16" v="3368507983"/>
        <price t="2019-09-17" v="3195540466"/>
        <price t="2019-09-18" v="3106074509"/>
        <price t="2019-09-19" v="3129014498"/>
        <price t="2019-09-20" v="3177647275"/>
        <price t="2019-09-23" v="3197834465"/>
        <price t="2019-09-24" v="3180858873"/>
        <price t="2019-09-25" v="3139566893"/>
        <price t="2019-09-26" v="3119838502"/>
        <price t="2019-09-27" v="3037254542"/>
        <price t="2019-09-30" v="3069829326"/>
        <price t="2019-10-01" v="3099192512"/>
        <price t="2019-10-02" v="3028078547"/>
        <price t="2019-10-04" v="3013396954"/>
        <price t="2019-10-07" v="3014314553"/>
        <price t="2019-10-08" v="2971187374"/>
        <price t="2019-10-09" v="2959258580"/>
        <price t="2019-10-10" v="2968434575"/>
        <price t="2019-10-11" v="3055606533"/>
        <price t="2019-10-14" v="3013855753"/>
        <price t="2019-10-15" v="3034960543"/>
        <price t="2019-10-16" v="3027160947"/>
        <price t="2019-10-17" v="3068452927"/>
        <price t="2019-10-18" v="3081758121"/>
        <price t="2019-10-21" v="3030372545"/>
        <price t="2019-10-22" v="3051936135"/>
        <price t="2019-10-23" v="2875757020"/>
        <price t="2019-10-24" v="2914755001"/>
        <price t="2019-10-25" v="2864287025"/>
        <price t="2019-10-28" v="2899614608"/>
        <price t="2019-10-29" v="2894109011"/>
        <price t="2019-10-30" v="2833547440"/>
        <price t="2019-10-31" v="2837676638"/>
        <price t="2019-11-01" v="2845017434"/>
        <price t="2019-11-04" v="2844558635"/>
        <price t="2019-11-05" v="2903743806"/>
        <price t="2019-11-06" v="2890438613"/>
        <price t="2019-11-07" v="2921636998"/>
        <price t="2019-11-08" v="2901908607"/>
        <price t="2019-11-11" v="2857863828"/>
        <price t="2019-11-12" v="2852358231"/>
        <price t="2019-11-13" v="2821618646"/>
        <price t="2019-11-14" v="2791796660"/>
        <price t="2019-11-15" v="2819783447"/>
        <price t="2019-11-18" v="2867498624"/>
        <price t="2019-11-19" v="2862910626"/>
        <price t="2019-11-20" v="2857863828"/>
        <price t="2019-11-21" v="2862910626"/>
        <price t="2019-11-22" v="2905120206"/>
        <price t="2019-11-25" v="2921178198"/>
        <price t="2019-11-26" v="2862910626"/>
        <price t="2019-11-27" v="2888144614"/>
        <price t="2019-11-28" v="2871169022"/>
        <price t="2019-11-29" v="2837217838"/>
        <price t="2019-12-02" v="2780785465"/>
        <price t="2019-12-03" v="2745457882"/>
        <price t="2019-12-04" v="2764268673"/>
        <price t="2019-12-05" v="2741787484"/>
        <price t="2019-12-06" v="2798678657"/>
        <price t="2019-12-09" v="2755092678"/>
        <price t="2019-12-10" v="2707836300"/>
        <price t="2019-12-11" v="2724811892"/>
        <price t="2019-12-12" v="2776197467"/>
        <price t="2019-12-13" v="2835382639"/>
        <price t="2019-12-16" v="2889062213"/>
        <price t="2019-12-17" v="2976234171"/>
        <price t="2019-12-18" v="3005138558"/>
        <price t="2019-12-19" v="3003303358"/>
        <price t="2019-12-20" v="3058818132"/>
        <price t="2019-12-23" v="3050559736"/>
        <price t="2019-12-27" v="3081299321"/>
        <price t="2019-12-30" v="3084510919"/>
        <price t="2020-01-02" v="3145072490"/>
        <price t="2020-01-03" v="3072123325"/>
        <price t="2020-01-06" v="3060194531"/>
        <price t="2020-01-07" v="3114332905"/>
        <price t="2020-01-08" v="3106992109"/>
        <price t="2020-01-09" v="3194622867"/>
        <price t="2020-01-10" v="3302440815"/>
        <price t="2020-01-13" v="3287759222"/>
        <price t="2020-01-14" v="3269407231"/>
        <price t="2020-01-15" v="3250596440"/>
        <price t="2020-01-16" v="3250596440"/>
        <price t="2020-01-17" v="3279500826"/>
        <price t="2020-01-20" v="3323545605"/>
        <price t="2020-01-21" v="3255184438"/>
        <price t="2020-01-22" v="3164342081"/>
        <price t="2020-01-23" v="3104239310"/>
        <price t="2020-01-24" v="3143696091"/>
        <price t="2020-01-27" v="2985410167"/>
        <price t="2020-01-29" v="3116168104"/>
        <price t="2020-01-30" v="3170306478"/>
        <price t="2020-01-31" v="3063864929"/>
        <price t="2020-02-03" v="3067994127"/>
        <price t="2020-02-04" v="3124426500"/>
        <price t="2020-02-05" v="3165718480"/>
        <price t="2020-02-06" v="3224444852"/>
        <price t="2020-02-07" v="3179941274"/>
        <price t="2020-02-10" v="3134978895"/>
        <price t="2020-02-11" v="3223068453"/>
        <price t="2020-02-12" v="3246008442"/>
        <price t="2020-02-13" v="3313910809"/>
        <price t="2020-02-14" v="3299688016"/>
        <price t="2020-02-17" v="3316204808"/>
        <price t="2020-02-18" v="3267572032"/>
        <price t="2020-02-19" v="3367590384"/>
        <price t="2020-02-20" v="3276748027"/>
        <price t="2020-02-21" v="3264360433"/>
        <price t="2020-02-24" v="3111580106"/>
        <price t="2020-02-26" v="3145072490"/>
        <price t="2020-02-27" v="3014773353"/>
        <price t="2020-02-28" v="2811983850"/>
        <price t="2020-03-02" v="2978528170"/>
        <price t="2020-03-03" v="2952835383"/>
        <price t="2020-03-04" v="2947788585"/>
        <price t="2020-03-06" v="2894567811"/>
        <price t="2020-03-09" v="2715177097"/>
        <price t="2020-03-10" v="2773444669"/>
        <price t="2020-03-11" v="2721141494"/>
        <price t="2020-03-12" v="2423380437"/>
        <price t="2020-03-13" v="2560102771"/>
        <price t="2020-03-16" v="2253853918"/>
        <price t="2020-03-17" v="2234584327"/>
        <price t="2020-03-18" v="2260506515"/>
        <price t="2020-03-19" v="2364654065"/>
        <price t="2020-03-20" v="2476601211"/>
        <price t="2020-03-23" v="2524775188"/>
        <price t="2020-03-24" v="2626628739"/>
        <price t="2020-03-26" v="2926683795"/>
        <price t="2020-03-27" v="2743622683"/>
        <price t="2020-03-30" v="2845935034"/>
        <price t="2020-03-31" v="2886309415"/>
        <price t="2020-04-01" v="2776656267"/>
        <price t="2020-04-02" v="2776656267"/>
        <price t="2020-04-03" v="2786749862"/>
        <price t="2020-04-06" v="2875757020"/>
        <price t="2020-04-07" v="2917966599"/>
        <price t="2020-04-08" v="2909708203"/>
        <price t="2020-04-09" v="2896861810"/>
        <price t="2020-04-14" v="2898697009"/>
        <price t="2020-04-15" v="2849146632"/>
        <price t="2020-04-16" v="2994127363"/>
        <price t="2020-04-17" v="3003303358"/>
        <price t="2020-04-20" v="3068452927"/>
        <price t="2020-04-21" v="2982198569"/>
        <price t="2020-04-22" v="3098733713"/>
        <price t="2020-04-23" v="3104239310"/>
        <price t="2020-04-24" v="3095980914"/>
        <price t="2020-04-27" v="3117085704"/>
        <price t="2020-04-28" v="3186823270"/>
        <price t="2020-04-29" v="3186823270"/>
        <price t="2020-04-30" v="3174894476"/>
        <price t="2020-05-04" v="3075793724"/>
        <price t="2020-05-05" v="3190493669"/>
        <price t="2020-05-06" v="3194164067"/>
        <price t="2020-05-07" v="3251972839"/>
        <price t="2020-05-08" v="3368507983"/>
        <price t="2020-05-11" v="3541016700"/>
        <price t="2020-05-12" v="3605248669"/>
        <price t="2020-05-13" v="3772251789"/>
        <price t="2020-05-14" v="3699761424"/>
        <price t="2020-05-15" v="3617177464"/>
        <price t="2020-05-18" v="3618095063"/>
        <price t="2020-05-19" v="3730042210"/>
        <price t="2020-05-20" v="3852082951"/>
        <price t="2020-05-21" v="3716278216"/>
        <price t="2020-05-22" v="3584143880"/>
        <price t="2020-05-25" v="3572215085"/>
        <price t="2020-05-26" v="3601578271"/>
        <price t="2020-05-27" v="3440080749"/>
        <price t="2020-05-28" v="3418058359"/>
        <price t="2020-05-29" v="3390530373"/>
        <price t="2020-06-02" v="3492383924"/>
        <price t="2020-06-03" v="3502477519"/>
        <price t="2020-06-04" v="3435492751"/>
        <price t="2020-06-05" v="3466691136"/>
        <price t="2020-06-08" v="3404294366"/>
        <price t="2020-06-09" v="3488713525"/>
        <price t="2020-06-10" v="3589649477"/>
        <price t="2020-06-11" v="3555698293"/>
        <price t="2020-06-12" v="3532758304"/>
        <price t="2020-06-15" v="3434575151"/>
        <price t="2020-06-16" v="3598825473"/>
        <price t="2020-06-17" v="3642870251"/>
        <price t="2020-06-18" v="3684162232"/>
        <price t="2020-06-19" v="3692420628"/>
        <price t="2020-06-22" v="3757570196"/>
        <price t="2020-06-23" v="3888786933"/>
        <price t="2020-06-24" v="3773169389"/>
        <price t="2020-06-25" v="3679574234"/>
        <price t="2020-06-26" v="3700679024"/>
        <price t="2020-06-29" v="3674986236"/>
        <price t="2020-06-30" v="3756652597"/>
        <price t="2020-07-01" v="3795191778"/>
        <price t="2020-07-02" v="3838318958"/>
        <price t="2020-07-03" v="3861258947"/>
        <price t="2020-07-06" v="3893374931"/>
        <price t="2020-07-07" v="3895210130"/>
        <price t="2020-07-08" v="3983299688"/>
        <price t="2020-07-09" v="4046614058"/>
        <price t="2020-07-10" v="3968618095"/>
        <price t="2020-07-13" v="4035602863"/>
        <price t="2020-07-14" v="3871352542"/>
        <price t="2020-07-15" v="3973206093"/>
        <price t="2020-07-16" v="3886034135"/>
        <price t="2020-07-17" v="3885116535"/>
        <price t="2020-07-20" v="3871352542"/>
        <price t="2020-07-21" v="4060378051"/>
        <price t="2020-07-22" v="3906221325"/>
        <price t="2020-07-23" v="3925490916"/>
        <price t="2020-07-24" v="3766746192"/>
        <price t="2020-07-27" v="3789686181"/>
        <price t="2020-07-28" v="3803450174"/>
        <price t="2020-07-29" v="3853918150"/>
        <price t="2020-07-30" v="3737383006"/>
        <price t="2020-07-31" v="3771334190"/>
        <price t="2020-08-03" v="3848412553"/>
        <price t="2020-08-04" v="3808038172"/>
        <price t="2020-08-05" v="3885116535"/>
        <price t="2020-08-06" v="3865846944"/>
        <price t="2020-08-07" v="3697008625"/>
        <price t="2020-08-10" v="3554780694"/>
        <price t="2020-08-11" v="3657551844"/>
        <price t="2020-08-12" v="3798862177"/>
        <price t="2020-08-13" v="3695173426"/>
        <price t="2020-08-14" v="3658469444"/>
        <price t="2020-08-17" v="3658469444"/>
        <price t="2020-08-18" v="3626353459"/>
        <price t="2020-08-19" v="3572215085"/>
        <price t="2020-08-20" v="3523582309"/>
        <price t="2020-08-21" v="3702514223"/>
        <price t="2020-08-24" v="3794274179"/>
        <price t="2020-08-25" v="3874105340"/>
        <price t="2020-08-26" v="4015415673"/>
        <price t="2020-08-27" v="4064048449"/>
        <price t="2020-08-28" v="3960359699"/>
        <price t="2020-08-31" v="3845659754"/>
        <price t="2020-09-01" v="4013580473"/>
        <price t="2020-09-02" v="3976876491"/>
        <price t="2020-09-03" v="3781427785"/>
        <price t="2020-09-04" v="3685079831"/>
        <price t="2020-09-07" v="3692420628"/>
        <price t="2020-09-08" v="3663975041"/>
        <price t="2020-09-09" v="3727289411"/>
        <price t="2020-09-10" v="3708937420"/>
        <price t="2020-09-11" v="3711690218"/>
        <price t="2020-09-14" v="3733712608"/>
        <price t="2020-09-15" v="3776839787"/>
        <price t="2020-09-16" v="3771334190"/>
        <price t="2020-09-17" v="3705267021"/>
        <price t="2020-09-18" v="3618095063"/>
        <price t="2020-09-21" v="3488713525"/>
        <price t="2020-09-22" v="3564874289"/>
        <price t="2020-09-23" v="3684162232"/>
        <price t="2020-09-24" v="3634611855"/>
        <price t="2020-09-25" v="3573132685"/>
        <price t="2020-09-28" v="3591484676"/>
        <price t="2020-09-29" v="3552027895"/>
        <price t="2020-09-30" v="3604331070"/>
        <price t="2020-10-01" v="3625435860"/>
        <price t="2020-10-02" v="3654799046"/>
        <price t="2020-10-05" v="3683244632"/>
        <price t="2020-10-06" v="3659387043"/>
        <price t="2020-10-07" v="3618095063"/>
        <price t="2020-10-08" v="3563039090"/>
        <price t="2020-10-09" v="3690585429"/>
        <price t="2020-10-12" v="3737383006"/>
        <price t="2020-10-13" v="3777757387"/>
        <price t="2020-10-14" v="3851165351"/>
        <price t="2020-10-15" v="3734630207"/>
        <price t="2020-10-16" v="3842906955"/>
        <price t="2020-10-19" v="3808955772"/>
        <price t="2020-10-20" v="3788768581"/>
        <price t="2020-10-21" v="3730042210"/>
        <price t="2020-10-22" v="3685079831"/>
        <price t="2020-10-23" v="3645623050"/>
        <price t="2020-10-26" v="3707102221"/>
        <price t="2020-10-27" v="3836483758"/>
        <price t="2020-10-28" v="3793356579"/>
        <price t="2020-10-29" v="3820884566"/>
        <price t="2020-10-30" v="3937419710"/>
        <price t="2020-11-02" v="4016333272"/>
        <price t="2020-11-03" v="3898880529"/>
        <price t="2020-11-04" v="4177830795"/>
        <price t="2020-11-05" v="4320058726"/>
        <price t="2020-11-06" v="4460451459"/>
        <price t="2020-11-09" v="4396219490"/>
        <price t="2020-11-10" v="4114516425"/>
        <price t="2020-11-11" v="4005322077"/>
        <price t="2020-11-12" v="4120939622"/>
        <price t="2020-11-13" v="4099834832"/>
        <price t="2020-11-16" v="4033767664"/>
        <price t="2020-11-17" v="4026426867"/>
        <price t="2020-11-18" v="4070471646"/>
        <price t="2020-11-19" v="4017250872"/>
        <price t="2020-11-20" v="4172325197"/>
        <price t="2020-11-23" v="4197100385"/>
        <price t="2020-11-24" v="4264085153"/>
        <price t="2020-11-25" v="4236557166"/>
        <price t="2020-11-26" v="4307212333"/>
        <price t="2020-11-27" v="4280601945"/>
        <price t="2020-11-30" v="4184253992"/>
        <price t="2020-12-01" v="4292530740"/>
        <price t="2020-12-02" v="4238392366"/>
        <price t="2020-12-03" v="4310882731"/>
        <price t="2020-12-04" v="4270508350"/>
        <price t="2020-12-07" v="4244815562"/>
        <price t="2020-12-08" v="4220040374"/>
        <price t="2020-12-09" v="4259497155"/>
        <price t="2020-12-10" v="4222793173"/>
        <price t="2020-12-11" v="4266837952"/>
        <price t="2020-12-14" v="4152138007"/>
        <price t="2020-12-15" v="4191594788"/>
        <price t="2020-12-16" v="4206276381"/>
        <price t="2020-12-17" v="4220957974"/>
        <price t="2020-12-18" v="4120022022"/>
        <price t="2020-12-21" v="4171407598"/>
        <price t="2020-12-22" v="4115434025"/>
        <price t="2020-12-23" v="4149385208"/>
        <price t="2020-12-28" v="3945678106"/>
        <price t="2020-12-29" v="4033767664"/>
        <price t="2020-12-30" v="4076894843"/>
        <price t="2021-01-04" v="4044778859"/>
        <price t="2021-01-05" v="4129198018"/>
        <price t="2021-01-06" v="4094329235"/>
        <price t="2021-01-07" v="3855753349"/>
        <price t="2021-01-08" v="3984217288"/>
        <price t="2021-01-11" v="4012662874"/>
        <price t="2021-01-12" v="4045696458"/>
        <price t="2021-01-13" v="4071389246"/>
        <price t="2021-01-14" v="4253073959"/>
        <price t="2021-01-15" v="4222793173"/>
        <price t="2021-01-18" v="4270508350"/>
        <price t="2021-01-19" v="4431088273"/>
        <price t="2021-01-20" v="4521930629"/>
        <price t="2021-01-21" v="4447605065"/>
        <price t="2021-01-22" v="4551293815"/>
        <price t="2021-01-25" v="4743989723"/>
        <price t="2021-01-26" v="4601761791"/>
        <price t="2021-01-27" v="4408148284"/>
        <price t="2021-01-28" v="4465039457"/>
        <price t="2021-01-29" v="4418241879"/>
        <price t="2021-02-01" v="4496237842"/>
        <price t="2021-02-02" v="4551293815"/>
        <price t="2021-02-03" v="4597173793"/>
        <price t="2021-02-04" v="4659111764"/>
        <price t="2021-02-05" v="4620113782"/>
        <price t="2021-02-08" v="4665993760"/>
        <price t="2021-02-09" v="4679757754"/>
        <price t="2021-02-10" v="4750871720"/>
        <price t="2021-02-11" v="4787575702"/>
        <price t="2021-02-12" v="4854101670"/>
        <price t="2021-02-15" v="4899981648"/>
        <price t="2021-02-16" v="4854101670"/>
        <price t="2021-02-17" v="5003211598"/>
        <price t="2021-02-18" v="4982565608"/>
        <price t="2021-02-19" v="4987153606"/>
        <price t="2021-02-22" v="4764635713"/>
        <price t="2021-02-23" v="4590291797"/>
        <price t="2021-02-24" v="4590291797"/>
        <price t="2021-02-25" v="4542117820"/>
        <price t="2021-02-26" v="4483391448"/>
        <price t="2021-03-01" v="4599467792"/>
        <price t="2021-03-02" v="4606349789"/>
        <price t="2021-03-03" v="4633877776"/>
        <price t="2021-03-04" v="4509084236"/>
        <price t="2021-03-05" v="4312717930"/>
        <price t="2021-03-08" v="4281519545"/>
        <price t="2021-03-09" v="4445769866"/>
        <price t="2021-03-10" v="4527436227"/>
        <price t="2021-03-11" v="4643053771"/>
        <price t="2021-03-12" v="4358597908"/>
        <price t="2021-03-15" v="4301706735"/>
        <price t="2021-03-16" v="4349421912"/>
        <price t="2021-03-17" v="4263167554"/>
        <price t="2021-03-18" v="4242062764"/>
        <price t="2021-03-19" v="4275096348"/>
        <price t="2021-03-22" v="4338410718"/>
        <price t="2021-03-23" v="4352174711"/>
        <price t="2021-03-24" v="4295283538"/>
        <price t="2021-03-25" v="4260414755"/>
        <price t="2021-03-26" v="4324646724"/>
        <price t="2021-03-29" v="4299871536"/>
        <price t="2021-03-30" v="4374197100"/>
        <price t="2021-03-31" v="4344833914"/>
        <price t="2021-04-01" v="4606349789"/>
        <price t="2021-04-06" v="4526059827"/>
        <price t="2021-04-07" v="4344833914"/>
        <price t="2021-04-08" v="4412736282"/>
        <price t="2021-04-09" v="4337034318"/>
        <price t="2021-04-12" v="4275096348"/>
        <price t="2021-04-13" v="4333363920"/>
        <price t="2021-04-14" v="4340704716"/>
        <price t="2021-04-15" v="4434299872"/>
        <price t="2021-04-16" v="4436135071"/>
        <price t="2021-04-19" v="4326481923"/>
        <price t="2021-04-20" v="4251697559"/>
        <price t="2021-04-21" v="4226463571"/>
        <price t="2021-04-22" v="4267296752"/>
        <price t="2021-04-23" v="4260873555"/>
        <price t="2021-04-26" v="4231969169"/>
        <price t="2021-04-27" v="4248027161"/>
        <price t="2021-04-28" v="4259955955"/>
        <price t="2021-04-29" v="4210864379"/>
        <price t="2021-04-30" v="4165902000"/>
        <price t="2021-05-03" v="4161314003"/>
        <price t="2021-05-04" v="3969535695"/>
        <price t="2021-05-05" v="4014498073"/>
        <price t="2021-05-06" v="4064048449"/>
        <price t="2021-05-07" v="4112681226"/>
        <price t="2021-05-10" v="3967700496"/>
        <price t="2021-05-11" v="3863552945"/>
        <price t="2021-05-12" v="3951183703"/>
        <price t="2021-05-13" v="3856670949"/>
        <price t="2021-05-14" v="3866305744"/>
        <price t="2021-05-17" v="3908515324"/>
        <price t="2021-05-18" v="3865388145"/>
        <price t="2021-05-19" v="3803908974"/>
        <price t="2021-05-20" v="3890622133"/>
        <price t="2021-05-21" v="3855294549"/>
        <price t="2021-05-25" v="3930537713"/>
        <price t="2021-05-26" v="3913562121"/>
        <price t="2021-05-27" v="3821343366"/>
        <price t="2021-05-28" v="3869517343"/>
        <price t="2021-05-31" v="3870434942"/>
        <price t="2021-06-01" v="3958983300"/>
        <price t="2021-06-02" v="3970453294"/>
        <price t="2021-06-03" v="3940631308"/>
        <price t="2021-06-04" v="4009910075"/>
        <price t="2021-06-07" v="3946136906"/>
        <price t="2021-06-08" v="3939713709"/>
        <price t="2021-06-09" v="3913562121"/>
        <price t="2021-06-10" v="3911726922"/>
        <price t="2021-06-11" v="3919526519"/>
        <price t="2021-06-14" v="3915856120"/>
        <price t="2021-06-15" v="3877775739"/>
        <price t="2021-06-16" v="3925032116"/>
        <price t="2021-06-17" v="3915397321"/>
        <price t="2021-06-18" v="3853000551"/>
        <price t="2021-06-21" v="3899798128"/>
        <price t="2021-06-22" v="3789227381"/>
        <price t="2021-06-23" v="3782804184"/>
        <price t="2021-06-24" v="3773628189"/>
        <price t="2021-06-25" v="3786474582"/>
        <price t="2021-06-28" v="3801156175"/>
        <price t="2021-06-29" v="3840154157"/>
        <price t="2021-06-30" v="3826848963"/>
        <price t="2021-07-01" v="3756193797"/>
        <price t="2021-07-02" v="3802532575"/>
        <price t="2021-07-05" v="3580473481"/>
        <price t="2021-07-06" v="3602037071"/>
        <price t="2021-07-07" v="3700220224"/>
        <price t="2021-07-08" v="3533675904"/>
        <price t="2021-07-09" v="3554780694"/>
        <price t="2021-07-12" v="3568544687"/>
        <price t="2021-07-13" v="3641035052"/>
        <price t="2021-07-14" v="3666727840"/>
        <price t="2021-07-15" v="3691044228"/>
        <price t="2021-07-16" v="3702514223"/>
        <price t="2021-07-19" v="3674527436"/>
        <price t="2021-07-20" v="3629106258"/>
        <price t="2021-07-21" v="3673609837"/>
        <price t="2021-07-22" v="3731418609"/>
        <price t="2021-07-23" v="3647458249"/>
        <price t="2021-07-26" v="3349238392"/>
        <price t="2021-07-27" v="3103321710"/>
        <price t="2021-07-28" v="3306570013"/>
        <price t="2021-07-29" v="3499265920"/>
        <price t="2021-07-30" v="3431363553"/>
        <price t="2021-08-02" v="3485501927"/>
        <price t="2021-08-03" v="3242796843"/>
        <price t="2021-08-04" v="3330427601"/>
        <price t="2021-08-05" v="3285924023"/>
        <price t="2021-08-06" v="3311158011"/>
        <price t="2021-08-09" v="3462103138"/>
        <price t="2021-08-10" v="3618095063"/>
        <price t="2021-08-11" v="3603872270"/>
        <price t="2021-08-12" v="3569003487"/>
        <price t="2021-08-13" v="3464397137"/>
        <price t="2021-08-16" v="3374013580"/>
        <price t="2021-08-17" v="3303358414"/>
        <price t="2021-08-18" v="3329051202"/>
        <price t="2021-08-19" v="3167553680"/>
        <price t="2021-08-20" v="3142778491"/>
        <price t="2021-08-23" v="3134978895"/>
        <price t="2021-08-24" v="3267572032"/>
        <price t="2021-08-25" v="3293264819"/>
        <price t="2021-08-26" v="3262984034"/>
        <price t="2021-08-27" v="3305193614"/>
        <price t="2021-08-30" v="3237750046"/>
        <price t="2021-08-31" v="3413929161"/>
        <price t="2021-09-01" v="3567627088"/>
        <price t="2021-09-02" v="3563039090"/>
        <price t="2021-09-03" v="3541016700"/>
        <price t="2021-09-06" v="3622224261"/>
        <price t="2021-09-07" v="3663057442"/>
        <price t="2021-09-08" v="3601578271"/>
        <price t="2021-09-09" v="3400165168"/>
        <price t="2021-09-10" v="3364378785"/>
        <price t="2021-09-13" v="3289594421"/>
        <price t="2021-09-14" v="3285465223"/>
        <price t="2021-09-15" v="3168012479"/>
        <price t="2021-09-16" v="3211598458"/>
        <price t="2021-09-17" v="3172141677"/>
        <price t="2021-09-20" v="3115250505"/>
        <price t="2021-09-21" v="3154248486"/>
        <price t="2021-09-22" v="3201963663"/>
        <price t="2021-09-23" v="3246467242"/>
        <price t="2021-09-24" v="3217562856"/>
        <price t="2021-09-27" v="3215727656"/>
        <price t="2021-09-28" v="3178564874"/>
        <price t="2021-09-29" v="3195999266"/>
        <price t="2021-09-30" v="3188658469"/>
        <price t="2021-10-01" v="3138190494"/>
        <price t="2021-10-04" v="3062947330"/>
        <price t="2021-10-05" v="3151495687"/>
        <price t="2021-10-06" v="3078546522"/>
        <price t="2021-10-07" v="3312075610"/>
        <price t="2021-10-08" v="3271242430"/>
        <price t="2021-10-11" v="3278124427"/>
        <price t="2021-10-12" v="3263901633"/>
        <price t="2021-10-13" v="3268489631"/>
        <price t="2021-10-14" v="3319875206"/>
        <price t="2021-10-15" v="3375389980"/>
        <price t="2021-10-18" v="3352908791"/>
        <price t="2021-10-19" v="3505230317"/>
        <price t="2021-10-20" v="3625894660"/>
        <price t="2021-10-21" v="3608919068"/>
        <price t="2021-10-22" v="3589190677"/>
        <price t="2021-10-25" v="3517159112"/>
        <price t="2021-10-26" v="3552945495"/>
        <price t="2021-10-27" v="3464397137"/>
        <price t="2021-10-28" v="3473573133"/>
        <price t="2021-10-29" v="3473573133"/>
        <price t="2021-11-01" v="3522205909"/>
        <price t="2021-11-02" v="3369425583"/>
        <price t="2021-11-03" v="3495136722"/>
        <price t="2021-11-04" v="3493760323"/>
        <price t="2021-11-05" v="3369884382"/>
        <price t="2021-11-08" v="3335933199"/>
        <price t="2021-11-09" v="3342356396"/>
        <price t="2021-11-10" v="3368966783"/>
        <price t="2021-11-11" v="3351532391"/>
        <price t="2021-11-12" v="3452468343"/>
        <price t="2021-11-15" v="3478619930"/>
        <price t="2021-11-16" v="3601119471"/>
        <price t="2021-11-17" v="3564415489"/>
        <price t="2021-11-18" v="3508900716"/>
        <price t="2021-11-19" v="3550192696"/>
        <price t="2021-11-22" v="3450174344"/>
        <price t="2021-11-23" v="3424940356"/>
        <price t="2021-11-24" v="3375848780"/>
        <price t="2021-11-25" v="3396035970"/>
        <price t="2021-11-26" v="3251972839"/>
        <price t="2021-11-29" v="3243714443"/>
        <price t="2021-11-30" v="3274454028"/>
        <price t="2021-12-01" v="3448339145"/>
        <price t="2021-12-02" v="3298770417"/>
        <price t="2021-12-03" v="3207010461"/>
        <price t="2021-12-06" v="3309322812"/>
        <price t="2021-12-07" v="3469902734"/>
        <price t="2021-12-08" v="3373554781"/>
        <price t="2021-12-09" v="3363461186"/>
        <price t="2021-12-10" v="3303358414"/>
        <price t="2021-12-13" v="3244173243"/>
        <price t="2021-12-14" v="3206551661"/>
        <price t="2021-12-15" v="3129014498"/>
        <price t="2021-12-16" v="3216186456"/>
        <price t="2021-12-17" v="3192787667"/>
        <price t="2021-12-20" v="3138649293"/>
        <price t="2021-12-21" v="3152413287"/>
        <price t="2021-12-22" v="3228115251"/>
        <price t="2021-12-23" v="3351532391"/>
        <price t="2021-12-27" v="3386401175"/>
        <price t="2021-12-28" v="3295558818"/>
        <price t="2021-12-29" v="3243714443"/>
        <price t="2021-12-30" v="3257478436"/>
        <price t="2022-01-03" v="3390530373"/>
        <price t="2022-01-04" v="3365755184"/>
        <price t="2022-01-05" v="3317122408"/>
        <price t="2022-01-06" v="3245549642"/>
        <price t="2022-01-07" v="3234538447"/>
        <price t="2022-01-10" v="3232244449"/>
        <price t="2022-01-11" v="3391447972"/>
        <price t="2022-01-12" v="3568544687"/>
        <price t="2022-01-13" v="3580014682"/>
        <price t="2022-01-14" v="3531381905"/>
        <price t="2022-01-17" v="3496971921"/>
        <price t="2022-01-18" v="3395577170"/>
        <price t="2022-01-19" v="3377683979"/>
        <price t="2022-01-20" v="3550651496"/>
        <price t="2022-01-21" v="3483207928"/>
        <price t="2022-01-24" v="3313910809"/>
        <price t="2022-01-25" v="3209763259"/>
        <price t="2022-01-26" v="3241879244"/>
        <price t="2022-01-27" v="3216186456"/>
        <price t="2022-01-28" v="3266195632"/>
        <price t="2022-01-31" v="3393283171"/>
        <price t="2022-02-01" v="3402000367"/>
        <price t="2022-02-02" v="3323545605"/>
        <price t="2022-02-03" v="3281794825"/>
        <price t="2022-02-04" v="3235456047"/>
        <price t="2022-02-07" v="3295558818"/>
        <price t="2022-02-08" v="3268030831"/>
        <price t="2022-02-09" v="3397871169"/>
        <price t="2022-02-10" v="3257478436"/>
        <price t="2022-02-11" v="3165718480"/>
        <price t="2022-02-14" v="3088181318"/>
        <price t="2022-02-15" v="3119838502"/>
        <price t="2022-02-16" v="3134061296"/>
        <price t="2022-02-17" v="3073040925"/>
        <price t="2022-02-18" v="2963846577"/>
        <price t="2022-02-21" v="2732611488"/>
        <price t="2022-02-22" v="2714718297"/>
        <price t="2022-02-23" v="2611488346"/>
        <price t="2022-02-24" v="2463296018"/>
        <price t="2022-02-25" v="2510552395"/>
        <price t="2022-02-28" v="2545421178"/>
        <price t="2022-03-01" v="2517434392"/>
        <price t="2022-03-02" v="2499082400"/>
        <price t="2022-03-03" v="2399064048"/>
        <price t="2022-03-04" v="2182510552"/>
        <price t="2022-03-07" v="2233896128"/>
        <price t="2022-03-08" v="2332079281"/>
        <price t="2022-03-09" v="2456872821"/>
        <price t="2022-03-10" v="2370159662"/>
        <price t="2022-03-11" v="2337584878"/>
        <price t="2022-03-14" v="2097632593"/>
        <price t="2022-03-15" v="1958157460"/>
        <price t="2022-03-16" v="2400440448"/>
        <price t="2022-03-17" v="2344466875"/>
        <price t="2022-03-18" v="2423380437"/>
        <price t="2022-03-21" v="2357772068"/>
        <price t="2022-03-22" v="2404569646"/>
        <price t="2022-03-23" v="2288493302"/>
        <price t="2022-03-24" v="2275646908"/>
        <price t="2022-03-25" v="2191915948"/>
        <price t="2022-03-28" v="2204762342"/>
        <price t="2022-03-29" v="2290099101"/>
        <price t="2022-03-30" v="2289410901"/>
        <price t="2022-03-31" v="2227702331"/>
        <price t="2022-04-01" v="2343549275"/>
        <price t="2022-04-04" v="2425215636"/>
        <price t="2022-04-05" v="2421086438"/>
        <price t="2022-04-06" v="2280693705"/>
        <price t="2022-04-07" v="2217149936"/>
        <price t="2022-04-08" v="2210726739"/>
        <price t="2022-04-11" v="2229996330"/>
        <price t="2022-04-12" v="2215544137"/>
        <price t="2022-04-13" v="2232060929"/>
        <price t="2022-04-14" v="2172416957"/>
        <price t="2022-04-19" v="2065975408"/>
        <price t="2022-04-20" v="2067351808"/>
        <price t="2022-04-21" v="1995549642"/>
        <price t="2022-04-22" v="1992796843"/>
        <price t="2022-04-25" v="1940952468"/>
        <price t="2022-04-26" v="1938199670"/>
        <price t="2022-04-27" v="1975591852"/>
        <price t="2022-04-28" v="1962057258"/>
        <price t="2022-04-29" v="2155211965"/>
        <price t="2022-05-02" v="2074922004"/>
        <price t="2022-05-03" v="2138924573"/>
        <price t="2022-05-04" v="2063681409"/>
        <price t="2022-05-05" v="1966874656"/>
        <price t="2022-05-06" v="1950357864"/>
        <price t="2022-05-09" v="1848045513"/>
        <price t="2022-05-10" v="1848045513"/>
        <price t="2022-05-11" v="1973527253"/>
        <price t="2022-05-12" v="2009543035"/>
        <price t="2022-05-13" v="2003808038"/>
        <price t="2022-05-16" v="2014360433"/>
        <price t="2022-05-17" v="2164387961"/>
        <price t="2022-05-18" v="2067581208"/>
        <price t="2022-05-19" v="2096944393"/>
        <price t="2022-05-20" v="2082951000"/>
        <price t="2022-05-23" v="2032483024"/>
        <price t="2022-05-24" v="1911130483"/>
        <price t="2022-05-25" v="1982473848"/>
        <price t="2022-05-26" v="2062305010"/>
        <price t="2022-05-27" v="2114149385"/>
        <price t="2022-05-30" v="2177004955"/>
        <price t="2022-05-31" v="2215773536"/>
        <price t="2022-06-01" v="2137548174"/>
        <price t="2022-06-02" v="2158652964"/>
        <price t="2022-06-03" v="2136401175"/>
        <price t="2022-06-06" v="2226096531"/>
        <price t="2022-06-07" v="2183428152"/>
        <price t="2022-06-08" v="2354560470"/>
        <price t="2022-06-09" v="2320150486"/>
        <price t="2022-06-10" v="2259588915"/>
        <price t="2022-06-13" v="2199486144"/>
        <price t="2022-06-14" v="2189621949"/>
        <price t="2022-06-15" v="2309139292"/>
        <price t="2022-06-16" v="2190310149"/>
        <price t="2022-06-17" v="2268764911"/>
        <price t="2022-06-20" v="2238484126"/>
        <price t="2022-06-21" v="2303633694"/>
        <price t="2022-06-22" v="2285052303"/>
        <price t="2022-06-23" v="2332538080"/>
        <price t="2022-06-24" v="2428427234"/>
        <price t="2022-06-27" v="2846393834"/>
        <price t="2022-06-28" v="2762892274"/>
        <price t="2022-06-29" v="2856028629"/>
        <price t="2022-06-30" v="2866581024"/>
        <price t="2022-07-01" v="2982198569"/>
        <price t="2022-07-04" v="2940906588"/>
        <price t="2022-07-05" v="3053312534"/>
        <price t="2022-07-06" v="3036336943"/>
        <price t="2022-07-07" v="3260690035"/>
        <price t="2022-07-08" v="3077170123"/>
        <price t="2022-07-11" v="3041383740"/>
        <price t="2022-07-12" v="3103321710"/>
        <price t="2022-07-13" v="3015232153"/>
        <price t="2022-07-14" v="2981280969"/>
        <price t="2022-07-15" v="2934942191"/>
        <price t="2022-07-18" v="3022572949"/>
        <price t="2022-07-19" v="3091851716"/>
        <price t="2022-07-20" v="3131308497"/>
        <price t="2022-07-21" v="3172600477"/>
        <price t="2022-07-22" v="3140943292"/>
        <price t="2022-07-25" v="3121214902"/>
        <price t="2022-07-26" v="3054688934"/>
        <price t="2022-07-27" v="3020278950"/>
        <price t="2022-07-28" v="3032666544"/>
        <price t="2022-07-29" v="2921178198"/>
        <price t="2022-08-01" v="2908331804"/>
        <price t="2022-08-02" v="2879427418"/>
        <price t="2022-08-03" v="2956046981"/>
        <price t="2022-08-04" v="2979904570"/>
        <price t="2022-08-05" v="2902826207"/>
        <price t="2022-08-08" v="2961093779"/>
        <price t="2022-08-09" v="2898697009"/>
        <price t="2022-08-10" v="2906037805"/>
        <price t="2022-08-11" v="2955588181"/>
        <price t="2022-08-12" v="2885850615"/>
        <price t="2022-08-15" v="2915213801"/>
        <price t="2022-08-16" v="2986327767"/>
        <price t="2022-08-17" v="2979445770"/>
        <price t="2022-08-18" v="2940906588"/>
        <price t="2022-08-19" v="2887685814"/>
        <price t="2022-08-22" v="2873921821"/>
        <price t="2022-08-23" v="2852358231"/>
        <price t="2022-08-24" v="2867498624"/>
        <price t="2022-08-25" v="3043677739"/>
        <price t="2022-08-26" v="2973940173"/>
        <price t="2022-08-29" v="2900991008"/>
        <price t="2022-08-30" v="2856946229"/>
        <price t="2022-08-31" v="2879427418"/>
        <price t="2022-09-01" v="2730776289"/>
        <price t="2022-09-02" v="2775738668"/>
        <price t="2022-09-05" v="2727564691"/>
        <price t="2022-09-06" v="2674802716"/>
        <price t="2022-09-07" v="2663791521"/>
        <price t="2022-09-08" v="2693154707"/>
        <price t="2022-09-09" v="2764727473"/>
        <price t="2022-09-12" v="2780326665"/>
        <price t="2022-09-13" v="2712424298"/>
        <price t="2022-09-14" v="2732611488"/>
        <price t="2022-09-15" v="2733987888"/>
        <price t="2022-09-16" v="2612405946"/>
        <price t="2022-09-19" v="2638557533"/>
        <price t="2022-09-20" v="2653697926"/>
        <price t="2022-09-21" v="2639016333"/>
        <price t="2022-09-22" v="2525233988"/>
        <price t="2022-09-23" v="2454120022"/>
        <price t="2022-09-26" v="2562396770"/>
        <price t="2022-09-27" v="2519269591"/>
        <price t="2022-09-28" v="2503211598"/>
        <price t="2022-09-29" v="2415580841"/>
        <price t="2022-09-30" v="2471554414"/>
        <price t="2022-10-03" v="2467425216"/>
        <price t="2022-10-04" v="2575243164"/>
        <price t="2022-10-05" v="2563314370"/>
        <price t="2022-10-06" v="2629840338"/>
        <price t="2022-10-07" v="2518810791"/>
        <price t="2022-10-10" v="2431638833"/>
        <price t="2022-10-11" v="2448155625"/>
        <price t="2022-10-12" v="2398605249"/>
        <price t="2022-10-13" v="2322444485"/>
        <price t="2022-10-14" v="2402734447"/>
        <price t="2022-10-17" v="2459625619"/>
        <price t="2022-10-18" v="2481189209"/>
        <price t="2022-10-19" v="2325197284"/>
        <price t="2022-10-20" v="2319691687"/>
        <price t="2022-10-21" v="2260277115"/>
        <price t="2022-10-24" v="1875344100"/>
        <price t="2022-10-25" v="1922600477"/>
        <price t="2022-10-26" v="1986603046"/>
        <price t="2022-10-27" v="2006560837"/>
        <price t="2022-10-28" v="1896219490"/>
        <price t="2022-10-31" v="2035006423"/>
        <price t="2022-11-01" v="2224490732"/>
        <price t="2022-11-02" v="2172875757"/>
        <price t="2022-11-03" v="2155441365"/>
        <price t="2022-11-04" v="2314644889"/>
        <price t="2022-11-07" v="2313268490"/>
        <price t="2022-11-08" v="2317856487"/>
        <price t="2022-11-09" v="2226784731"/>
        <price t="2022-11-10" v="2367406864"/>
        <price t="2022-11-11" v="2519728391"/>
        <price t="2022-11-14" v="2531198385"/>
        <price t="2022-11-15" v="2706459901"/>
        <price t="2022-11-16" v="2729858690"/>
        <price t="2022-11-17" v="2783997064"/>
        <price t="2022-11-18" v="2687190310"/>
        <price t="2022-11-21" v="2670214718"/>
        <price t="2022-11-22" v="2585336759"/>
        <price t="2022-11-23" v="2633969536"/>
        <price t="2022-11-24" v="2696825106"/>
        <price t="2022-11-25" v="2685355111"/>
        <price t="2022-11-28" v="2744081483"/>
        <price t="2022-11-29" v="2761515874"/>
        <price t="2022-11-30" v="2861075427"/>
        <price t="2022-12-01" v="2836300239"/>
        <price t="2022-12-02" v="2841347036"/>
        <price t="2022-12-05" v="2920719398"/>
        <price t="2022-12-06" v="2882180217"/>
        <price t="2022-12-07" v="2869333823"/>
        <price t="2022-12-08" v="2953752982"/>
        <price t="2022-12-09" v="2963387778"/>
        <price t="2022-12-12" v="2920719398"/>
        <price t="2022-12-13" v="3056524133"/>
        <price t="2022-12-14" v="3055147734"/>
        <price t="2022-12-15" v="2951917783"/>
        <price t="2022-12-16" v="2924848596"/>
        <price t="2022-12-19" v="2937694990"/>
        <price t="2022-12-20" v="2905579005"/>
        <price t="2022-12-21" v="2926683795"/>
        <price t="2022-12-22" v="2921636998"/>
        <price t="2022-12-23" v="2939988989"/>
        <price t="2022-12-27" v="2989998165"/>
        <price t="2022-12-28" v="2939530189"/>
        <price t="2022-12-29" v="3055147734"/>
        <price t="2022-12-30" v="2973481373"/>
        <price t="2023-01-02" v="3047348137"/>
        <price t="2023-01-03" v="3147366489"/>
        <price t="2023-01-04" v="3337768398"/>
        <price t="2023-01-05" v="3274454028"/>
        <price t="2023-01-06" v="3349238392"/>
        <price t="2023-01-09" v="3418517159"/>
        <price t="2023-01-10" v="3413929161"/>
        <price t="2023-01-11" v="3446045146"/>
        <price t="2023-01-12" v="3430445953"/>
        <price t="2023-01-13" v="3475408332"/>
        <price t="2023-01-16" v="3441457148"/>
        <price t="2023-01-17" v="3474490732"/>
        <price t="2023-01-18" v="3427234355"/>
        <price t="2023-01-19" v="3425399156"/>
        <price t="2023-01-20" v="3457973940"/>
        <price t="2023-01-23" v="3492842723"/>
        <price t="2023-01-24" v="3531840705"/>
        <price t="2023-01-25" v="3475867132"/>
        <price t="2023-01-26" v="3544687099"/>
        <price t="2023-01-27" v="3589649477"/>
        <price t="2023-01-30" v="3360249587"/>
        <price t="2023-01-31" v="3390989172"/>
        <price t="2023-02-01" v="3347861993"/>
        <price t="2023-02-02" v="3404753166"/>
        <price t="2023-02-03" v="3414387961"/>
        <price t="2023-02-06" v="3362084786"/>
        <price t="2023-02-07" v="3388695173"/>
        <price t="2023-02-08" v="3379977978"/>
        <price t="2023-02-09" v="3447880345"/>
        <price t="2023-02-10" v="3396953569"/>
        <price t="2023-02-13" v="3482290329"/>
        <price t="2023-02-14" v="3411176363"/>
        <price t="2023-02-15" v="3439163149"/>
        <price t="2023-02-16" v="3430904753"/>
        <price t="2023-02-17" v="3373554781"/>
        <price t="2023-02-20" v="3352908791"/>
        <price t="2023-02-21" v="3182694072"/>
        <price t="2023-02-22" v="3155166086"/>
        <price t="2023-02-23" v="3147825289"/>
        <price t="2023-02-24" v="3048265737"/>
        <price t="2023-02-27" v="3107450908"/>
        <price t="2023-02-28" v="3127179299"/>
        <price t="2023-03-01" v="3204257662"/>
        <price t="2023-03-02" v="3208386860"/>
        <price t="2023-03-03" v="3220315654"/>
        <price t="2023-03-06" v="3195081666"/>
        <price t="2023-03-07" v="3115709304"/>
        <price t="2023-03-08" v="3108827308"/>
        <price t="2023-03-09" v="3048265737"/>
        <price t="2023-03-10" v="2992292164"/>
        <price t="2023-03-13" v="3003303358"/>
        <price t="2023-03-14" v="3068452927"/>
        <price t="2023-03-15" v="2953752982"/>
        <price t="2023-03-16" v="3003762158"/>
        <price t="2023-03-17" v="2961093779"/>
        <price t="2023-03-20" v="3010644155"/>
        <price t="2023-03-21" v="3003762158"/>
        <price t="2023-03-22" v="3078087723"/>
        <price t="2023-03-23" v="3279500826"/>
        <price t="2023-03-24" v="3257478436"/>
        <price t="2023-03-27" v="3088181318"/>
        <price t="2023-03-28" v="3206092861"/>
        <price t="2023-03-29" v="3292806019"/>
        <price t="2023-03-30" v="3296476418"/>
        <price t="2023-03-31" v="3307028813"/>
        <price t="2023-04-03" v="3292806019"/>
        <price t="2023-04-04" v="3275371628"/>
        <price t="2023-04-05" v="3204716462"/>
        <price t="2023-04-06" v="3225821252"/>
        <price t="2023-04-11" v="3170765278"/>
        <price t="2023-04-12" v="2978986970"/>
        <price t="2023-04-13" v="3062029730"/>
        <price t="2023-04-14" v="3118920903"/>
        <price t="2023-04-17" v="3227197651"/>
        <price t="2023-04-18" v="3255643237"/>
        <price t="2023-04-19" v="3210222059"/>
        <price t="2023-04-20" v="3230409249"/>
        <price t="2023-04-21" v="3178564874"/>
        <price t="2023-04-24" v="3087722518"/>
        <price t="2023-04-25" v="3033584144"/>
        <price t="2023-04-26" v="3063406130"/>
        <price t="2023-04-27" v="3094145715"/>
        <price t="2023-04-28" v="3101945311"/>
        <price t="2023-05-02" v="3062488530"/>
        <price t="2023-05-03" v="3050100936"/>
        <price t="2023-05-04" v="3017526152"/>
        <price t="2023-05-05" v="3079005322"/>
        <price t="2023-05-08" v="3070746926"/>
        <price t="2023-05-09" v="2919342999"/>
        <price t="2023-05-10" v="2954211782"/>
        <price t="2023-05-11" v="3013855753"/>
        <price t="2023-05-12" v="2981280969"/>
        <price t="2023-05-15" v="3141860892"/>
        <price t="2023-05-16" v="3114332905"/>
        <price t="2023-05-17" v="3185905671"/>
        <price t="2023-05-18" v="3126261699"/>
        <price t="2023-05-19" v="3105615709"/>
        <price t="2023-05-22" v="3129014498"/>
        <price t="2023-05-23" v="3067076528"/>
        <price t="2023-05-24" v="2999632960"/>
        <price t="2023-05-25" v="2934024592"/>
        <price t="2023-05-26" v="2967516976"/>
        <price t="2023-05-29" v="2926224995"/>
        <price t="2023-05-30" v="2883556616"/>
        <price t="2023-05-31" v="2848229033"/>
        <price t="2023-06-01" v="2893191411"/>
        <price t="2023-06-02" v="3024866948"/>
        <price t="2023-06-05" v="2989998165"/>
        <price t="2023-06-06" v="3020737750"/>
        <price t="2023-06-07" v="3001926959"/>
        <price t="2023-06-08" v="3041842540"/>
        <price t="2023-06-09" v="3036336943"/>
        <price t="2023-06-12" v="3082216921"/>
        <price t="2023-06-13" v="3111580106"/>
        <price t="2023-06-14" v="3106074509"/>
        <price t="2023-06-15" v="3160671683"/>
        <price t="2023-06-16" v="3169388879"/>
        <price t="2023-06-19" v="3168930079"/>
        <price t="2023-06-20" v="3027160947"/>
        <price t="2023-06-21" v="2968434575"/>
        <price t="2023-06-22" v="2949623784"/>
        <price t="2023-06-23" v="2886768214"/>
        <price t="2023-06-26" v="2912919802"/>
        <price t="2023-06-27" v="3066158928"/>
        <price t="2023-06-28" v="3069829326"/>
        <price t="2023-06-29" v="3023949349"/>
        <price t="2023-06-30" v="3066617728"/>
        <price t="2023-07-03" v="3107909708"/>
        <price t="2023-07-04" v="3107909708"/>
        <price t="2023-07-05" v="3027160947"/>
        <price t="2023-07-06" v="2882180217"/>
        <price t="2023-07-07" v="2944118187"/>
        <price t="2023-07-10" v="2955129382"/>
        <price t="2023-07-11" v="2965681776"/>
        <price t="2023-07-12" v="3093228115"/>
        <price t="2023-07-13" v="3175353276"/>
        <price t="2023-07-14" v="3178564874"/>
        <price t="2023-07-17" v="3127638099"/>
        <price t="2023-07-18" v="3104239310"/>
        <price t="2023-07-19" v="3110203707"/>
        <price t="2023-07-20" v="3073499725"/>
        <price t="2023-07-21" v="3056524133"/>
        <price t="2023-07-24" v="3094604515"/>
        <price t="2023-07-25" v="3158836484"/>
        <price t="2023-07-26" v="3145990090"/>
        <price t="2023-07-27" v="3189117269"/>
        <price t="2023-07-28" v="3319875206"/>
        <price t="2023-07-31" v="3291888420"/>
        <price t="2023-08-01" v="3289594421"/>
        <price t="2023-08-02" v="3165718480"/>
        <price t="2023-08-03" v="3196458066"/>
        <price t="2023-08-04" v="3160671683"/>
        <price t="2023-08-07" v="3082216921"/>
        <price t="2023-08-08" v="3039548541"/>
        <price t="2023-08-09" v="3044136539"/>
        <price t="2023-08-10" v="3132226097"/>
        <price t="2023-08-11" v="3008808956"/>
        <price t="2023-08-14" v="2990915764"/>
        <price t="2023-08-15" v="3010644155"/>
        <price t="2023-08-16" v="2937236190"/>
        <price t="2023-08-17" v="2967058176"/>
        <price t="2023-08-18" v="2917966599"/>
        <price t="2023-08-21" v="2906037805"/>
        <price t="2023-08-22" v="2898238209"/>
        <price t="2023-08-23" v="2923472197"/>
        <price t="2023-08-24" v="2886309415"/>
        <price t="2023-08-25" v="2884015416"/>
        <price t="2023-08-28" v="2943200587"/>
        <price t="2023-08-29" v="2981739769"/>
        <price t="2023-08-30" v="2893191411"/>
        <price t="2023-08-31" v="2936777390"/>
        <price t="2023-09-01" v="2977151771"/>
        <price t="2023-09-04" v="2973481373"/>
        <price t="2023-09-05" v="2983116168"/>
        <price t="2023-09-06" v="3000550560"/>
        <price t="2023-09-07" v="2916590200"/>
        <price t="2023-09-08" v="2896861810"/>
        <price t="2023-09-11" v="2950082584"/>
        <price t="2023-09-12" v="2952835383"/>
        <price t="2023-09-13" v="2941365388"/>
        <price t="2023-09-14" v="2989500000"/>
        <price t="2023-09-15" v="2959000000"/>
        <price t="2023-09-18" v="2915000000"/>
        <price t="2023-09-19" v="2893500000"/>
        <price t="2023-09-20" v="2876500000"/>
        <price t="2023-09-21" v="2736500000"/>
        <price t="2023-09-22" v="2861000000"/>
        <price t="2023-09-25" v="2782500000"/>
        <price t="2023-09-26" v="2757000000"/>
        <price t="2023-09-27" v="2776500000"/>
        <price t="2023-09-28" v="2778000000"/>
        <price t="2023-09-29" v="2791500000"/>
        <price t="2023-10-02" v="2775000000"/>
        <price t="2023-10-03" v="2692000000"/>
        <price t="2023-10-04" v="2727000000"/>
        <price t="2023-10-05" v="2696500000"/>
        <price t="2023-10-06" v="2774500000"/>
        <price t="2023-10-09" v="2740500000"/>
        <price t="2023-10-10" v="2860000000"/>
        <price t="2023-10-11" v="2879000000"/>
        <price t="2023-10-12" v="2835500000"/>
        <price t="2023-10-13" v="2761500000"/>
        <price t="2023-10-16" v="2819000000"/>
        <price t="2023-10-17" v="2769000000"/>
        <price t="2023-10-18" v="2698500000"/>
        <price t="2023-10-19" v="2657000000"/>
        <price t="2023-10-20" v="2604500000"/>
        <price t="2023-10-23" v="2612500000"/>
        <price t="2023-10-24" v="2659500000"/>
        <price t="2023-10-25" v="2637500000"/>
        <price t="2023-10-26" v="2612000000"/>
        <price t="2023-10-27" v="2640000000"/>
        <price t="2023-10-30" v="2647500000"/>
        <price t="2023-10-31" v="2642500000"/>
        <price t="2023-11-01" v="2665500000"/>
        <price t="2023-11-02" v="2704500000"/>
        <price t="2023-11-03" v="2839000000"/>
        <price t="2023-11-06" v="2848500000"/>
        <price t="2023-11-07" v="2853500000"/>
        <price t="2023-11-08" v="2855500000"/>
        <price t="2023-11-09" v="2908500000"/>
        <price t="2023-11-10" v="2852000000"/>
        <price t="2023-11-13" v="2886000000"/>
        <price t="2023-11-14" v="2955500000"/>
        <price t="2023-11-15" v="3134000000"/>
        <price t="2023-11-16" v="3013500000"/>
        <price t="2023-11-17" v="3024000000"/>
        <price t="2023-11-20" v="3038000000"/>
        <price t="2023-11-21" v="3000500000"/>
        <price t="2023-11-22" v="3027000000"/>
        <price t="2023-11-23" v="3068000000"/>
        <price t="2023-11-24" v="3022500000"/>
        <price t="2023-11-27" v="3027500000"/>
        <price t="2023-11-28" v="3014000000"/>
        <price t="2023-11-29" v="3001500000"/>
        <price t="2023-11-30" v="3050500000"/>
        <price t="2023-12-01" v="3032000000"/>
        <price t="2023-12-04" v="3040500000"/>
        <price t="2023-12-05" v="2991500000"/>
        <price t="2023-12-06" v="3005500000"/>
        <price t="2023-12-07" v="3007000000"/>
        <price t="2023-12-08" v="2991500000"/>
        <price t="2023-12-11" v="3007500000"/>
        <price t="2023-12-12" v="2996500000"/>
        <price t="2023-12-13" v="2978000000"/>
        <price t="2023-12-14" v="3011500000"/>
        <price t="2023-12-15" v="3042000000"/>
        <price t="2023-12-18" v="2920000000"/>
        <price t="2023-12-19" v="2980500000"/>
        <price t="2023-12-20" v="2960000000"/>
        <price t="2023-12-21" v="2950000000"/>
        <price t="2023-12-22" v="2554500000"/>
        <price t="2023-12-27" v="2658000000"/>
        <price t="2023-12-28" v="2673000000"/>
        <price t="2023-12-29" v="2712500000"/>
        <price t="2024-01-02" v="2692000000"/>
        <price t="2024-01-03" v="2718000000"/>
        <price t="2024-01-04" v="2742500000"/>
        <price t="2024-01-05" v="2725500000"/>
        <price t="2024-01-08" v="2755000000"/>
        <price t="2024-01-09" v="2698000000"/>
        <price t="2024-01-10" v="2682500000"/>
        <price t="2024-01-11" v="2673000000"/>
        <price t="2024-01-12" v="2705000000"/>
        <price t="2024-01-15" v="2684000000"/>
        <price t="2024-01-16" v="2648500000"/>
        <price t="2024-01-17" v="2581000000"/>
        <price t="2024-01-18" v="2618500000"/>
        <price t="2024-01-19" v="2576000000"/>
        <price t="2024-01-22" v="2570500000"/>
        <price t="2024-01-23" v="2710000000"/>
        <price t="2024-01-24" v="2807000000"/>
        <price t="2024-01-25" v="2841000000"/>
        <price t="2024-01-26" v="2827000000"/>
        <price t="2024-01-29" v="2800000000"/>
        <price t="2024-01-30" v="2783500000"/>
        <price t="2024-01-31" v="2750000000"/>
        <price t="2024-02-01" v="2800000000"/>
        <price t="2024-02-02" v="2808500000"/>
        <price t="2024-02-05" v="2799000000"/>
        <price t="2024-02-06" v="2935500000"/>
        <price t="2024-02-07" v="2944500000"/>
        <price t="2024-02-08" v="2941500000"/>
        <price t="2024-02-09" v="2947500000"/>
        <price t="2024-02-12" v="2954000000"/>
        <price t="2024-02-13" v="2928000000"/>
        <price t="2024-02-14" v="2886500000"/>
        <price t="2024-02-15" v="2906000000"/>
        <price t="2024-02-16" v="2898000000"/>
        <price t="2024-02-19" v="2874500000"/>
        <price t="2024-02-20" v="2785000000"/>
        <price t="2024-02-21" v="2838000000"/>
        <price t="2024-02-22" v="2847000000"/>
        <price t="2024-02-23" v="2818000000"/>
        <price t="2024-02-26" v="2770000000"/>
        <price t="2024-02-27" v="2790000000"/>
        <price t="2024-02-28" v="2710000000"/>
        <price t="2024-02-29" v="2704000000"/>
        <price t="2024-03-01" v="2680500000"/>
        <price t="2024-03-04" v="2640500000"/>
        <price t="2024-03-05" v="2595000000"/>
        <price t="2024-03-06" v="2631000000"/>
        <price t="2024-03-07" v="2640000000"/>
        <price t="2024-03-08" v="2644500000"/>
        <price t="2024-03-11" v="2691500000"/>
        <price t="2024-03-12" v="2758000000"/>
        <price t="2024-03-13" v="2767500000"/>
        <price t="2024-03-14" v="2740500000"/>
        <price t="2024-03-15" v="2715500000"/>
        <price t="2024-03-18" v="2738000000"/>
        <price t="2024-03-19" v="2713500000"/>
        <price t="2024-03-20" v="2728000000"/>
        <price t="2024-03-21" v="2789500000"/>
        <price t="2024-03-22" v="2775500000"/>
        <price t="2024-03-25" v="2765500000"/>
        <price t="2024-03-26" v="2832000000"/>
        <price t="2024-03-27" v="2869000000"/>
        <price t="2024-03-28" v="2907000000"/>
        <price t="2024-04-02" v="2965000000"/>
        <price t="2024-04-03" v="2965000000"/>
        <price t="2024-04-04" v="2969500000"/>
        <price t="2024-04-05" v="2927000000"/>
        <price t="2024-04-08" v="2980000000"/>
        <price t="2024-04-09" v="2925000000"/>
        <price t="2024-04-10" v="3000000000"/>
        <price t="2024-04-11" v="2979000000"/>
        <price t="2024-04-12" v="2943000000"/>
        <price t="2024-04-15" v="2922500000"/>
        <price t="2024-04-16" v="2874000000"/>
        <price t="2024-04-17" v="2866000000"/>
        <price t="2024-04-18" v="2892500000"/>
        <price t="2024-04-19" v="2838000000"/>
        <price t="2024-04-22" v="2984500000"/>
        <price t="2024-04-23" v="3072000000"/>
        <price t="2024-04-24" v="3123500000"/>
        <price t="2024-04-25" v="3081000000"/>
        <price t="2024-04-26" v="3125000000"/>
        <price t="2024-04-29" v="3170000000"/>
        <price t="2024-04-30" v="3169000000"/>
        <price t="2024-05-02" v="3295000000"/>
        <price t="2024-05-03" v="3336000000"/>
        <price t="2024-05-06" v="3369000000"/>
        <price t="2024-05-07" v="3311500000"/>
        <price t="2024-05-08" v="3288000000"/>
        <price t="2024-05-09" v="3383500000"/>
        <price t="2024-05-10" v="3399000000"/>
        <price t="2024-05-13" v="3466000000"/>
        <price t="2024-05-14" v="3585500000"/>
        <price t="2024-05-15" v="3616500000"/>
        <price t="2024-05-16" v="3630000000"/>
        <price t="2024-05-17" v="3576000000"/>
        <price t="2024-05-20" v="3499500000"/>
        <price t="2024-05-21" v="3530500000"/>
        <price t="2024-05-22" v="3461000000"/>
        <price t="2024-05-23" v="3474000000"/>
        <price t="2024-05-24" v="3439000000"/>
        <price t="2024-05-27" v="3479000000"/>
        <price t="2024-05-28" v="3454500000"/>
        <price t="2024-05-29" v="3394000000"/>
        <price t="2024-05-30" v="3421000000"/>
        <price t="2024-05-31" v="3318000000"/>
        <price t="2024-06-03" v="3389000000"/>
        <price t="2024-06-04" v="3380500000"/>
        <price t="2024-06-05" v="3390500000"/>
        <price t="2024-06-06" v="3410000000"/>
        <price t="2024-06-07" v="3373000000"/>
        <price t="2024-06-10" v="3427000000"/>
        <price t="2024-06-11" v="3373500000"/>
        <price t="2024-06-12" v="3446500000"/>
        <price t="2024-06-13" v="3427000000"/>
        <price t="2024-06-14" v="3386000000"/>
        <price t="2024-06-17" v="3418000000"/>
        <price t="2024-06-18" v="3386000000"/>
        <price t="2024-06-19" v="3448000000"/>
        <price t="2024-06-20" v="3408500000"/>
        <price t="2024-06-21" v="3403500000"/>
        <price t="2024-06-24" v="3451500000"/>
        <price t="2024-06-25" v="3394000000"/>
        <price t="2024-06-26" v="3384000000"/>
        <price t="2024-06-27" v="3337500000"/>
        <price t="2024-06-28" v="3340500000"/>
        <price t="2024-07-01" v="3315000000"/>
        <price t="2024-07-02" v="3305000000"/>
        <price t="2024-07-03" v="3314000000"/>
        <price t="2024-07-04" v="3332000000"/>
        <price t="2024-07-05" v="3286500000"/>
        <price t="2024-07-08" v="3301000000"/>
        <price t="2024-07-09" v="3283500000"/>
        <price t="2024-07-10" v="3306500000"/>
        <price t="2024-07-11" v="3325500000"/>
        <price t="2024-07-12" v="3449000000"/>
        <price t="2024-07-15" v="3361500000"/>
        <price t="2024-07-16" v="3295000000"/>
        <price t="2024-07-17" v="3278000000"/>
        <price t="2024-07-18" v="3309500000"/>
        <price t="2024-07-19" v="3231500000"/>
        <price t="2024-07-22" v="3294500000"/>
        <price t="2024-07-23" v="3269500000"/>
        <price t="2024-07-24" v="3225000000"/>
        <price t="2024-07-25" v="3169500000"/>
        <price t="2024-07-26" v="3194000000"/>
        <price t="2024-07-29" v="3155500000"/>
        <price t="2024-07-30" v="3178500000"/>
        <price t="2024-07-31" v="3212000000"/>
        <price t="2024-08-01" v="3208500000"/>
        <price t="2024-08-02" v="3127500000"/>
        <price t="2024-08-05" v="3094500000"/>
        <price t="2024-08-06" v="3052500000"/>
        <price t="2024-08-07" v="3171500000"/>
        <price t="2024-08-08" v="3219000000"/>
        <price t="2024-08-09" v="3220000000"/>
        <price t="2024-08-12" v="3292000000"/>
        <price t="2024-08-13" v="3313500000"/>
        <price t="2024-08-14" v="3255500000"/>
        <price t="2024-08-15" v="3300500000"/>
        <price t="2024-08-16" v="3327000000"/>
        <price t="2024-08-19" v="3350000000"/>
        <price t="2024-08-20" v="3288000000"/>
        <price t="2024-08-21" v="3311000000"/>
        <price t="2024-08-22" v="3327500000"/>
        <price t="2024-08-23" v="3349500000"/>
        <price t="2024-08-26" v="3298000000"/>
        <price t="2024-08-27" v="3325000000"/>
        <price t="2024-08-28" v="3258000000"/>
        <price t="2024-08-29" v="3304000000"/>
        <price t="2024-08-30" v="3361500000"/>
        <price t="2024-09-02" v="3346500000"/>
        <price t="2024-09-03" v="3350000000"/>
        <price t="2024-09-04" v="3341000000"/>
        <price t="2024-09-05" v="3345000000"/>
        <price t="2024-09-06" v="3220500000"/>
        <price t="2024-09-09" v="3258000000"/>
        <price t="2024-09-10" v="3239000000"/>
        <price t="2024-09-11" v="3229500000"/>
        <price t="2024-09-12" v="3212000000"/>
        <price t="2024-09-13" v="3233000000"/>
      </prices>
      <latest t="2024-09-13" v="3233000000">
        <high>-1</high>
        <low>-1</low>
        <volume>-1</volume>
      </latest>
      <attributes>
        <map/>
      </attributes>
      <events>
        <event>
          <date>2023-09-14</date>
          <type>STOCK_SPLIT</type>
          <details>2.1796:1</details>
        </event>
        <dividendEvent>
          <date>2024-10-31</date>
          <type>DIVIDEND_PAYMENT</type>
          <source>divvydiary.com</source>
          <paymentDate>2024-11-26</paymentDate>
          <amount currency="EUR" amount="10"/>
        </dividendEvent>
        <dividendEvent>
          <date>2023-11-02</date>
          <type>DIVIDEND_PAYMENT</type>
          <source>divvydiary.com</source>
          <paymentDate>2023-11-28</paymentDate>
          <amount currency="EUR" amount="7"/>
        </dividendEvent>
        <dividendEvent>
          <date>2022-09-01</date>
          <type>DIVIDEND_PAYMENT</type>
          <source>divvydiary.com</source>
          <paymentDate>2022-09-27</paymentDate>
          <amount currency="EUR" amount="6"/>
        </dividendEvent>
        <dividendEvent>
          <date>2021-10-28</date>
          <type>DIVIDEND_PAYMENT</type>
          <source>divvydiary.com</source>
          <paymentDate>2021-11-23</paymentDate>
          <amount currency="EUR" amount="6"/>
        </dividendEvent>
        <dividendEvent>
          <date>2020-10-22</date>
          <type>DIVIDEND_PAYMENT</type>
          <source>divvydiary.com</source>
          <paymentDate>2020-11-17</paymentDate>
          <amount currency="EUR" amount="5"/>
        </dividendEvent>
      </events>
      <isRetired>false</isRetired>
      <updatedAt>2024-02-13T08:06:40.170515200Z</updatedAt>
    </security>
    <security>
      <uuid>c8566c0c-ec34-495b-b7f3-36c8de4f0202</uuid>
      <onlineId>8761e2dd873a4f1c99c565939819eed9</onlineId>
      <name>Amazon.com Inc.</name>
      <currencyCode>USD</currencyCode>
      <isin>US0231351067</isin>
      <tickerSymbol></tickerSymbol>
      <wkn>906866</wkn>
      <feed>PORTFOLIO-REPORT</feed>
      <prices>
        <price t="2000-01-03" v="7880290000"/>
        <price t="2000-01-04" v="8048205000"/>
        <price t="2000-01-05" v="7363353600"/>
        <price t="2000-01-06" v="6752200000"/>
        <price t="2000-01-07" v="6890280000"/>
        <price t="2000-01-10" v="6679537000"/>
        <price t="2000-01-11" v="6871520000"/>
        <price t="2000-01-12" v="6700200000"/>
        <price t="2000-01-13" v="6679400000"/>
        <price t="2000-01-14" v="6646250000"/>
        <price t="2000-01-17" v="6561100000"/>
        <price t="2000-01-18" v="6560450000"/>
        <price t="2000-01-19" v="6568250000"/>
        <price t="2000-01-20" v="6557850000"/>
        <price t="2000-01-21" v="6401498000"/>
        <price t="2000-01-24" v="7023913500"/>
        <price t="2000-01-25" v="7010604000"/>
        <price t="2000-01-26" v="6722749000"/>
        <price t="2000-01-27" v="6693896000"/>
        <price t="2000-01-28" v="6302720000"/>
        <price t="2000-01-31" v="6266240000"/>
        <price t="2000-02-01" v="6797971000"/>
        <price t="2000-02-02" v="6913645500"/>
        <price t="2000-02-03" v="7994334800"/>
        <price t="2000-02-04" v="8065683500"/>
        <price t="2000-02-07" v="8009916700"/>
        <price t="2000-02-08" v="8065993500"/>
        <price t="2000-02-09" v="8106144000"/>
        <price t="2000-02-10" v="7746380000"/>
        <price t="2000-02-11" v="7742790000"/>
        <price t="2000-02-14" v="7586736300"/>
        <price t="2000-02-15" v="7518304200"/>
        <price t="2000-02-16" v="7538295600"/>
        <price t="2000-02-17" v="6938340500"/>
        <price t="2000-02-18" v="6894971500"/>
        <price t="2000-02-21" v="6411978500"/>
        <price t="2000-02-22" v="6509289000"/>
        <price t="2000-02-23" v="6844226400"/>
        <price t="2000-02-24" v="6582170000"/>
        <price t="2000-02-25" v="6525645000"/>
        <price t="2000-02-28" v="6628740300"/>
        <price t="2000-02-29" v="6680317800"/>
        <price t="2000-03-01" v="6621895000"/>
        <price t="2000-03-02" v="6661625000"/>
        <price t="2000-03-03" v="6616415000"/>
        <price t="2000-03-06" v="6603400000"/>
        <price t="2000-03-07" v="6571205000"/>
        <price t="2000-03-08" v="6155235000"/>
        <price t="2000-03-09" v="6202320000"/>
        <price t="2000-03-10" v="6584905000"/>
        <price t="2000-03-13" v="6655460000"/>
        <price t="2000-03-14" v="6589700000"/>
        <price t="2000-03-15" v="6608195000"/>
        <price t="2000-03-16" v="6164994000"/>
        <price t="2000-03-17" v="6451224000"/>
        <price t="2000-03-20" v="6479905000"/>
        <price t="2000-03-21" v="6470567000"/>
        <price t="2000-03-22" v="7355898000"/>
        <price t="2000-03-23" v="7396496000"/>
        <price t="2000-03-24" v="7441690000"/>
        <price t="2000-03-27" v="7356840000"/>
        <price t="2000-03-28" v="7307602500"/>
        <price t="2000-03-29" v="7247760000"/>
        <price t="2000-03-30" v="7237912500"/>
        <price t="2000-03-31" v="7236397500"/>
        <price t="2000-04-03" v="7244730000"/>
        <price t="2000-04-04" v="7225035000"/>
        <price t="2000-04-05" v="7327297500"/>
        <price t="2000-04-06" v="7290937500"/>
        <price t="2000-04-07" v="7244730000"/>
        <price t="2000-04-10" v="7264425000"/>
        <price t="2000-04-11" v="7267455000"/>
        <price t="2000-04-12" v="7253820000"/>
        <price t="2000-04-13" v="7224277500"/>
        <price t="2000-04-14" v="4207140000"/>
        <price t="2000-04-17" v="4221693000"/>
        <price t="2000-04-18" v="5223350000"/>
        <price t="2000-04-19" v="5203550000"/>
        <price t="2000-04-20" v="5156800000"/>
        <price t="2000-04-21" v="5156800000"/>
        <price t="2000-04-24" v="5156800000"/>
        <price t="2000-04-25" v="5116100000"/>
        <price t="2000-04-26" v="5561765000"/>
        <price t="2000-04-27" v="5543615000"/>
        <price t="2000-04-28" v="5496425000"/>
        <price t="2000-05-01" v="5496425000"/>
        <price t="2000-05-02" v="5515180000"/>
        <price t="2000-05-03" v="5517147000"/>
        <price t="2000-05-04" v="5538193000"/>
        <price t="2000-05-05" v="5561096000"/>
        <price t="2000-05-08" v="5541288000"/>
        <price t="2000-05-09" v="5557382000"/>
        <price t="2000-05-10" v="5637233000"/>
        <price t="2000-05-11" v="5456479000"/>
        <price t="2000-05-12" v="5426429000"/>
        <price t="2000-05-15" v="5497347000"/>
        <price t="2000-05-16" v="5710950000"/>
        <price t="2000-05-17" v="5790378000"/>
        <price t="2000-05-18" v="5803358000"/>
        <price t="2000-05-19" v="5759875000"/>
        <price t="2000-05-22" v="5841000000"/>
        <price t="2000-05-23" v="5913039000"/>
        <price t="2000-05-24" v="4503510000"/>
        <price t="2000-05-25" v="4445595000"/>
        <price t="2000-05-26" v="4571500000"/>
        <price t="2000-05-29" v="4631000000"/>
        <price t="2000-05-30" v="4679500000"/>
        <price t="2000-05-31" v="5163165000"/>
        <price t="2000-06-01" v="5178150000"/>
        <price t="2000-06-02" v="5192025000"/>
        <price t="2000-06-05" v="5235315000"/>
        <price t="2000-06-06" v="5264175000"/>
        <price t="2000-06-07" v="5302470000"/>
        <price t="2000-06-08" v="5365740000"/>
        <price t="2000-06-09" v="5266950000"/>
        <price t="2000-06-12" v="4859722700"/>
        <price t="2000-06-13" v="4888288300"/>
        <price t="2000-06-14" v="4915323600"/>
        <price t="2000-06-15" v="4858192400"/>
        <price t="2000-06-16" v="4879106500"/>
        <price t="2000-06-19" v="4917364000"/>
        <price t="2000-06-20" v="4865333800"/>
        <price t="2000-06-21" v="4830647000"/>
        <price t="2000-06-22" v="4466434500"/>
        <price t="2000-06-23" v="3386797400"/>
        <price t="2000-06-26" v="3355854600"/>
        <price t="2000-06-27" v="3501872500"/>
        <price t="2000-06-28" v="3766000000"/>
        <price t="2000-06-29" v="3801600000"/>
        <price t="2000-06-30" v="3822400000"/>
        <price t="2000-07-03" v="3797200000"/>
        <price t="2000-07-04" v="3794800000"/>
        <price t="2000-07-05" v="3814800000"/>
        <price t="2000-07-06" v="3816800000"/>
        <price t="2000-07-07" v="3793200000"/>
        <price t="2000-07-10" v="3809200000"/>
        <price t="2000-07-11" v="3810800000"/>
        <price t="2000-07-12" v="3799600000"/>
        <price t="2000-07-13" v="3739600000"/>
        <price t="2000-07-14" v="4158080000"/>
        <price t="2000-07-17" v="4161640000"/>
        <price t="2000-07-18" v="4162085000"/>
        <price t="2000-07-19" v="4101120000"/>
        <price t="2000-07-20" v="4102900000"/>
        <price t="2000-07-21" v="4166535000"/>
        <price t="2000-07-24" v="4152740000"/>
        <price t="2000-07-25" v="4187450000"/>
        <price t="2000-07-26" v="4178550000"/>
        <price t="2000-07-27" v="4178105000"/>
        <price t="2000-07-28" v="4127820000"/>
        <price t="2000-07-31" v="4113135000"/>
        <price t="2000-08-01" v="4122480000"/>
        <price t="2000-08-02" v="4068190000"/>
        <price t="2000-08-03" v="4017460000"/>
        <price t="2000-08-04" v="3174396500"/>
        <price t="2000-08-07" v="3292950000"/>
        <price t="2000-08-08" v="3337438300"/>
        <price t="2000-08-09" v="3310139700"/>
        <price t="2000-08-10" v="3331535900"/>
        <price t="2000-08-11" v="3368794800"/>
        <price t="2000-08-14" v="3469235000"/>
        <price t="2000-08-15" v="3510430000"/>
        <price t="2000-08-16" v="3764880000"/>
        <price t="2000-08-17" v="3793100000"/>
        <price t="2000-08-18" v="3787705000"/>
        <price t="2000-08-21" v="3744545000"/>
        <price t="2000-08-22" v="3723380000"/>
        <price t="2000-08-23" v="3700970000"/>
        <price t="2000-08-24" v="3739980000"/>
        <price t="2000-08-25" v="3743715000"/>
        <price t="2000-08-28" v="3737905000"/>
        <price t="2000-08-29" v="3720475000"/>
        <price t="2000-08-30" v="3697235000"/>
        <price t="2000-08-31" v="3695990000"/>
        <price t="2000-09-01" v="4210646000"/>
        <price t="2000-09-04" v="4095000000"/>
        <price t="2000-09-05" v="4398570000"/>
        <price t="2000-09-06" v="4806691800"/>
        <price t="2000-09-07" v="4407408000"/>
        <price t="2000-09-08" v="4454850000"/>
        <price t="2000-09-11" v="4468071000"/>
        <price t="2000-09-12" v="4358684000"/>
        <price t="2000-09-13" v="4153920000"/>
        <price t="2000-09-14" v="4650755000"/>
        <price t="2000-09-15" v="4428110000"/>
        <price t="2000-09-18" v="4292841000"/>
        <price t="2000-09-19" v="4014270000"/>
        <price t="2000-09-20" v="3924388000"/>
        <price t="2000-09-21" v="3963660000"/>
        <price t="2000-09-22" v="3938270000"/>
        <price t="2000-09-25" v="4148210000"/>
        <price t="2000-09-26" v="4019463000"/>
        <price t="2000-09-27" v="3757064000"/>
        <price t="2000-09-28" v="3753600000"/>
        <price t="2000-09-29" v="3856600000"/>
        <price t="2000-10-02" v="3666913200"/>
        <price t="2000-10-04" v="3265020000"/>
        <price t="2000-10-05" v="3602260000"/>
        <price t="2000-10-06" v="3133080000"/>
        <price t="2000-10-09" v="2956300000"/>
        <price t="2000-10-10" v="3200607000"/>
        <price t="2000-10-11" v="2934280000"/>
        <price t="2000-10-12" v="2672232000"/>
        <price t="2000-10-13" v="2743386000"/>
        <price t="2000-10-16" v="2604366000"/>
        <price t="2000-10-17" v="2153736000"/>
        <price t="2000-10-18" v="2472250000"/>
        <price t="2000-10-19" v="2565355000"/>
        <price t="2000-10-20" v="2949748000"/>
        <price t="2000-10-23" v="2806295000"/>
        <price t="2000-10-24" v="3220224000"/>
        <price t="2000-10-25" v="3530475000"/>
        <price t="2000-10-26" v="3218280000"/>
        <price t="2000-10-27" v="3496080000"/>
        <price t="2000-10-30" v="3291016000"/>
        <price t="2000-10-31" v="3480429500"/>
        <price t="2000-11-01" v="3712436000"/>
        <price t="2000-11-02" v="3890700000"/>
        <price t="2000-11-03" v="4094370000"/>
        <price t="2000-11-06" v="3809146500"/>
        <price t="2000-11-07" v="3945726500"/>
        <price t="2000-11-08" v="3509190000"/>
        <price t="2000-11-09" v="3028505000"/>
        <price t="2000-11-10" v="2992185000"/>
        <price t="2000-11-13" v="2930800000"/>
        <price t="2000-11-14" v="2935386000"/>
        <price t="2000-11-15" v="2922640000"/>
        <price t="2000-11-16" v="2990581000"/>
        <price t="2000-11-17" v="2765340000"/>
        <price t="2000-11-20" v="2673720000"/>
        <price t="2000-11-21" v="2542200000"/>
        <price t="2000-11-22" v="2528700000"/>
        <price t="2000-11-23" v="2654505000"/>
        <price t="2000-11-24" v="2885112000"/>
        <price t="2000-11-27" v="2858040000"/>
        <price t="2000-11-28" v="2593983000"/>
        <price t="2000-11-29" v="2508500000"/>
        <price t="2000-11-30" v="2301260000"/>
        <price t="2000-12-01" v="2611765000"/>
        <price t="2000-12-04" v="2592228000"/>
        <price t="2000-12-05" v="2598950000"/>
        <price t="2000-12-06" v="2435645200"/>
        <price t="2000-12-07" v="2137377000"/>
        <price t="2000-12-08" v="2366070000"/>
        <price t="2000-12-11" v="2509140000"/>
        <price t="2000-12-12" v="2564344000"/>
        <price t="2000-12-13" v="2458188000"/>
        <price t="2000-12-14" v="2333496000"/>
        <price t="2000-12-15" v="2344824000"/>
        <price t="2000-12-18" v="2003901000"/>
        <price t="2000-12-19" v="2003175000"/>
        <price t="2000-12-20" v="1630620000"/>
        <price t="2000-12-21" v="1574941200"/>
        <price t="2000-12-22" v="1644720000"/>
        <price t="2000-12-25" v="1644720000"/>
        <price t="2000-12-26" v="1644720000"/>
        <price t="2000-12-27" v="1592010000"/>
        <price t="2000-12-28" v="1671300000"/>
        <price t="2000-12-29" v="1538116500"/>
        <price t="2001-01-01" v="1538116500"/>
        <price t="2001-01-02" v="1375758000"/>
        <price t="2001-01-03" v="1677280000"/>
        <price t="2001-01-04" v="1702440000"/>
        <price t="2001-01-05" v="1426977500"/>
        <price t="2001-01-08" v="1472035000"/>
        <price t="2001-01-09" v="1513561000"/>
        <price t="2001-01-10" v="1536979600"/>
        <price t="2001-01-11" v="1685571000"/>
        <price t="2001-01-12" v="1889910000"/>
        <price t="2001-01-15" v="1791320000"/>
        <price t="2001-01-16" v="1741220000"/>
        <price t="2001-01-17" v="1944972000"/>
        <price t="2001-01-18" v="1795223600"/>
        <price t="2001-01-19" v="1794460000"/>
        <price t="2001-01-22" v="1918385000"/>
        <price t="2001-01-23" v="1900214000"/>
        <price t="2001-01-24" v="2060479800"/>
        <price t="2001-01-25" v="2012120000"/>
        <price t="2001-01-26" v="2016318000"/>
        <price t="2001-01-29" v="2056474100"/>
        <price t="2001-01-30" v="1932289700"/>
        <price t="2001-01-31" v="1765670000"/>
        <price t="2001-02-01" v="1646050000"/>
        <price t="2001-02-02" v="1505120000"/>
        <price t="2001-02-05" v="1451450000"/>
        <price t="2001-02-06" v="1532536800"/>
        <price t="2001-02-07" v="1492000000"/>
        <price t="2001-02-08" v="1498250000"/>
        <price t="2001-02-09" v="1384050000"/>
        <price t="2001-02-12" v="1465646400"/>
        <price t="2001-02-13" v="1504405000"/>
        <price t="2001-02-14" v="1413412000"/>
        <price t="2001-02-15" v="1377135000"/>
        <price t="2001-02-16" v="1335054500"/>
        <price t="2001-02-19" v="1411431600"/>
        <price t="2001-02-20" v="1333290000"/>
        <price t="2001-02-21" v="1210930400"/>
        <price t="2001-02-22" v="1121132800"/>
        <price t="2001-02-23" v="1122123200"/>
        <price t="2001-02-26" v="1165440000"/>
        <price t="2001-02-27" v="1172864000"/>
        <price t="2001-02-28" v="1049648000"/>
        <price t="2001-03-01" v="1013101700"/>
        <price t="2001-03-02" v="1062700500"/>
        <price t="2001-03-05" v="1287812000"/>
        <price t="2001-03-06" v="1373292000"/>
        <price t="2001-03-07" v="1198741600"/>
        <price t="2001-03-08" v="1164931200"/>
        <price t="2001-03-09" v="1169625000"/>
        <price t="2001-03-12" v="1075552000"/>
        <price t="2001-03-13" v="1052708800"/>
        <price t="2001-03-14" v="1065112000"/>
        <price t="2001-03-15" v="1105808000"/>
        <price t="2001-03-16" v="1073640000"/>
        <price t="2001-03-19" v="1034540000"/>
        <price t="2001-03-20" v="1099538000"/>
        <price t="2001-03-21" v="1015870000"/>
        <price t="2001-03-22" v="1004457000"/>
        <price t="2001-03-23" v="1052796000"/>
        <price t="2001-03-26" v="1072200000"/>
        <price t="2001-03-27" v="1074240000"/>
        <price t="2001-03-28" v="1114588000"/>
        <price t="2001-03-29" v="1052844000"/>
        <price t="2001-03-30" v="1020096000"/>
        <price t="2001-04-02" v="877200000"/>
        <price t="2001-04-03" v="874770500"/>
        <price t="2001-04-04" v="853524000"/>
        <price t="2001-04-05" v="886666000"/>
        <price t="2001-04-06" v="913668000"/>
        <price t="2001-04-09" v="1073142000"/>
        <price t="2001-04-10" v="1228148500"/>
        <price t="2001-04-11" v="1343680000"/>
        <price t="2001-04-12" v="1446811500"/>
        <price t="2001-04-13" v="1446811500"/>
        <price t="2001-04-16" v="1446811500"/>
        <price t="2001-04-17" v="1430295700"/>
        <price t="2001-04-18" v="1755600000"/>
        <price t="2001-04-19" v="1662124100"/>
        <price t="2001-04-20" v="1488578400"/>
        <price t="2001-04-23" v="1490731200"/>
        <price t="2001-04-24" v="1686026700"/>
        <price t="2001-04-25" v="1520990000"/>
        <price t="2001-04-26" v="1649379000"/>
        <price t="2001-04-27" v="1561881300"/>
        <price t="2001-04-30" v="1659812000"/>
        <price t="2001-05-01" v="1659812000"/>
        <price t="2001-05-02" v="1701237000"/>
        <price t="2001-05-03" v="1639932600"/>
        <price t="2001-05-04" v="1631367500"/>
        <price t="2001-05-07" v="1640204100"/>
        <price t="2001-05-08" v="1607405800"/>
        <price t="2001-05-09" v="1588860000"/>
        <price t="2001-05-10" v="1508040000"/>
        <price t="2001-05-11" v="1465091000"/>
        <price t="2001-05-14" v="1355475000"/>
        <price t="2001-05-15" v="1361670400"/>
        <price t="2001-05-16" v="1383404400"/>
        <price t="2001-05-17" v="1506483500"/>
        <price t="2001-05-18" v="1492090000"/>
        <price t="2001-05-21" v="1522320600"/>
        <price t="2001-05-22" v="1630174500"/>
        <price t="2001-05-23" v="1571055000"/>
        <price t="2001-05-24" v="1574532000"/>
        <price t="2001-05-25" v="1643458300"/>
        <price t="2001-05-28" v="1715941600"/>
        <price t="2001-05-29" v="1753160000"/>
        <price t="2001-05-30" v="1677368000"/>
        <price t="2001-05-31" v="1662080000"/>
        <price t="2001-06-01" v="1636254000"/>
        <price t="2001-06-04" v="1734098100"/>
        <price t="2001-06-05" v="1693000000"/>
        <price t="2001-06-06" v="1615481300"/>
        <price t="2001-06-07" v="1591608000"/>
        <price t="2001-06-08" v="1625856000"/>
        <price t="2001-06-11" v="1492395800"/>
        <price t="2001-06-12" v="1464307200"/>
        <price t="2001-06-13" v="1499121000"/>
        <price t="2001-06-14" v="1401180000"/>
        <price t="2001-06-15" v="1316624000"/>
        <price t="2001-06-18" v="1269988000"/>
        <price t="2001-06-19" v="1181694000"/>
        <price t="2001-06-20" v="1218210300"/>
        <price t="2001-06-21" v="1282800000"/>
        <price t="2001-06-22" v="1279200000"/>
        <price t="2001-06-25" v="1273836000"/>
        <price t="2001-06-26" v="1192623500"/>
        <price t="2001-06-27" v="1379520000"/>
        <price t="2001-06-28" v="1475807400"/>
        <price t="2001-06-29" v="1422944000"/>
        <price t="2001-07-02" v="1396766000"/>
        <price t="2001-07-03" v="1481876800"/>
        <price t="2001-07-04" v="1352480000"/>
        <price t="2001-07-05" v="1499116000"/>
        <price t="2001-07-06" v="1521696000"/>
        <price t="2001-07-09" v="1537000300"/>
        <price t="2001-07-10" v="1623550000"/>
        <price t="2001-07-11" v="1535341300"/>
        <price t="2001-07-12" v="1625635200"/>
        <price t="2001-07-13" v="1622410000"/>
        <price t="2001-07-16" v="1630770000"/>
        <price t="2001-07-17" v="1572053600"/>
        <price t="2001-07-18" v="1593098000"/>
        <price t="2001-07-19" v="1651263900"/>
        <price t="2001-07-20" v="1661296800"/>
        <price t="2001-07-23" v="1621544400"/>
        <price t="2001-07-24" v="1236536000"/>
        <price t="2001-07-25" v="1151003700"/>
        <price t="2001-07-26" v="1191904000"/>
        <price t="2001-07-27" v="1218752000"/>
        <price t="2001-07-30" v="1229515500"/>
        <price t="2001-07-31" v="1243210000"/>
        <price t="2001-08-01" v="1274056500"/>
        <price t="2001-08-02" v="1233835200"/>
        <price t="2001-08-03" v="1245168400"/>
        <price t="2001-08-06" v="1245027000"/>
        <price t="2001-08-07" v="1174912000"/>
        <price t="2001-08-08" v="1165479000"/>
        <price t="2001-08-09" v="1106625000"/>
        <price t="2001-08-10" v="1023172000"/>
        <price t="2001-08-13" v="989010000"/>
        <price t="2001-08-14" v="1056430400"/>
        <price t="2001-08-15" v="1075452000"/>
        <price t="2001-08-16" v="1028700000"/>
        <price t="2001-08-17" v="968628000"/>
        <price t="2001-08-20" v="1033837000"/>
        <price t="2001-08-21" v="1086232000"/>
        <price t="2001-08-22" v="1004544000"/>
        <price t="2001-08-23" v="984096000"/>
        <price t="2001-08-24" v="988218000"/>
        <price t="2001-08-27" v="1028079000"/>
        <price t="2001-08-28" v="985578000"/>
        <price t="2001-08-29" v="962371000"/>
        <price t="2001-08-30" v="875848500"/>
        <price t="2001-08-31" v="934116000"/>
        <price t="2001-09-03" v="907200000"/>
        <price t="2001-09-04" v="929292000"/>
        <price t="2001-09-05" v="761958700"/>
        <price t="2001-09-06" v="758873500"/>
        <price t="2001-09-07" v="768976800"/>
        <price t="2001-09-10" v="844085100"/>
        <price t="2001-09-11" v="672300000"/>
        <price t="2001-09-12" v="678900000"/>
        <price t="2001-09-13" v="679500000"/>
        <price t="2001-09-14" v="691425000"/>
        <price t="2001-09-17" v="783230500"/>
        <price t="2001-09-18" v="758992000"/>
        <price t="2001-09-19" v="691572600"/>
        <price t="2001-09-20" v="720350200"/>
        <price t="2001-09-21" v="759000000"/>
        <price t="2001-09-24" v="766110400"/>
        <price t="2001-09-25" v="715728000"/>
        <price t="2001-09-26" v="719082000"/>
        <price t="2001-09-27" v="596484000"/>
        <price t="2001-09-28" v="610863900"/>
        <price t="2001-10-01" v="580350000"/>
        <price t="2001-10-02" v="619338600"/>
        <price t="2001-10-03" v="718302000"/>
        <price t="2001-10-04" v="765828000"/>
        <price t="2001-10-05" v="681628200"/>
        <price t="2001-10-08" v="713163600"/>
        <price t="2001-10-09" v="711538200"/>
        <price t="2001-10-10" v="707126400"/>
        <price t="2001-10-11" v="761208000"/>
        <price t="2001-10-12" v="767496000"/>
        <price t="2001-10-15" v="877860500"/>
        <price t="2001-10-16" v="946839200"/>
        <price t="2001-10-17" v="902200000"/>
        <price t="2001-10-18" v="869203800"/>
        <price t="2001-10-19" v="783783000"/>
        <price t="2001-10-22" v="862817800"/>
        <price t="2001-10-23" v="923359300"/>
        <price t="2001-10-24" v="772212200"/>
        <price t="2001-10-25" v="751120500"/>
        <price t="2001-10-26" v="768128200"/>
        <price t="2001-10-29" v="751917500"/>
        <price t="2001-10-30" v="647169600"/>
        <price t="2001-10-31" v="681766800"/>
        <price t="2001-11-01" v="702288400"/>
        <price t="2001-11-02" v="681011200"/>
        <price t="2001-11-05" v="711503400"/>
        <price t="2001-11-06" v="698958000"/>
        <price t="2001-11-07" v="757176000"/>
        <price t="2001-11-08" v="744676000"/>
        <price t="2001-11-09" v="726009000"/>
        <price t="2001-11-12" v="714411900"/>
        <price t="2001-11-13" v="744496400"/>
        <price t="2001-11-14" v="893504500"/>
        <price t="2001-11-15" v="925742500"/>
        <price t="2001-11-16" v="884500000"/>
        <price t="2001-11-19" v="910075500"/>
        <price t="2001-11-20" v="893871200"/>
        <price t="2001-11-21" v="852727000"/>
        <price t="2001-11-22" v="893600400"/>
        <price t="2001-11-23" v="909403000"/>
        <price t="2001-11-26" v="1084614000"/>
        <price t="2001-11-27" v="1208350000"/>
        <price t="2001-11-28" v="1223093500"/>
        <price t="2001-11-29" v="1103765400"/>
        <price t="2001-11-30" v="1107801000"/>
        <price t="2001-12-03" v="1094205000"/>
        <price t="2001-12-04" v="1112750000"/>
        <price t="2001-12-05" v="1229038200"/>
        <price t="2001-12-06" v="1200903900"/>
        <price t="2001-12-07" v="1196747300"/>
        <price t="2001-12-10" v="1177050000"/>
        <price t="2001-12-11" v="1229304000"/>
        <price t="2001-12-12" v="1173559400"/>
        <price t="2001-12-13" v="1117387500"/>
        <price t="2001-12-14" v="1052167200"/>
        <price t="2001-12-17" v="1069591800"/>
        <price t="2001-12-18" v="1078736400"/>
        <price t="2001-12-19" v="1092332800"/>
        <price t="2001-12-20" v="1042662600"/>
        <price t="2001-12-21" v="1055274000"/>
        <price t="2001-12-24" v="1038164000"/>
        <price t="2001-12-25" v="1038164000"/>
        <price t="2001-12-26" v="1038164000"/>
        <price t="2001-12-27" v="1080817500"/>
        <price t="2001-12-28" v="1081355100"/>
        <price t="2001-12-31" v="1081355100"/>
        <price t="2002-01-01" v="1081355100"/>
        <price t="2002-01-02" v="1055638400"/>
        <price t="2002-01-03" v="1174680000"/>
        <price t="2002-01-04" v="1208790000"/>
        <price t="2002-01-07" v="1219985000"/>
        <price t="2002-01-08" v="1214296700"/>
        <price t="2002-01-09" v="1146348500"/>
        <price t="2002-01-10" v="1138570200"/>
        <price t="2002-01-11" v="1105064100"/>
        <price t="2002-01-14" v="1026605000"/>
        <price t="2002-01-15" v="1034952000"/>
        <price t="2002-01-16" v="964579800"/>
        <price t="2002-01-17" v="959507200"/>
        <price t="2002-01-18" v="1030770000"/>
        <price t="2002-01-21" v="1049308000"/>
        <price t="2002-01-22" v="1245030000"/>
        <price t="2002-01-23" v="1265522400"/>
        <price t="2002-01-24" v="1357131600"/>
        <price t="2002-01-25" v="1512559800"/>
        <price t="2002-01-28" v="1490856400"/>
        <price t="2002-01-29" v="1398812800"/>
        <price t="2002-01-30" v="1370621200"/>
        <price t="2002-01-31" v="1391420700"/>
        <price t="2002-02-01" v="1370761600"/>
        <price t="2002-02-04" v="1279312000"/>
        <price t="2002-02-05" v="1211278500"/>
        <price t="2002-02-06" v="1163575200"/>
        <price t="2002-02-07" v="1182636000"/>
        <price t="2002-02-08" v="1162420000"/>
        <price t="2002-02-11" v="1327894000"/>
        <price t="2002-02-12" v="1314700600"/>
        <price t="2002-02-13" v="1318381000"/>
        <price t="2002-02-14" v="1377840500"/>
        <price t="2002-02-15" v="1348404500"/>
        <price t="2002-02-18" v="1330780500"/>
        <price t="2002-02-19" v="1299454000"/>
        <price t="2002-02-20" v="1240631700"/>
        <price t="2002-02-21" v="1350395200"/>
        <price t="2002-02-22" v="1312924700"/>
        <price t="2002-02-25" v="1339134000"/>
        <price t="2002-02-26" v="1412561400"/>
        <price t="2002-02-27" v="1438328700"/>
        <price t="2002-02-28" v="1403192200"/>
        <price t="2002-03-01" v="1498863300"/>
        <price t="2002-03-04" v="1587091500"/>
        <price t="2002-03-05" v="1595751600"/>
        <price t="2002-03-06" v="1576000800"/>
        <price t="2002-03-07" v="1548598800"/>
        <price t="2002-03-08" v="1645039000"/>
        <price t="2002-03-11" v="1620581400"/>
        <price t="2002-03-12" v="1633071000"/>
        <price t="2002-03-13" v="1607056000"/>
        <price t="2002-03-14" v="1476263100"/>
        <price t="2002-03-15" v="1389035700"/>
        <price t="2002-03-18" v="1494640000"/>
        <price t="2002-03-19" v="1522119600"/>
        <price t="2002-03-20" v="1450784400"/>
        <price t="2002-03-21" v="1486546200"/>
        <price t="2002-03-22" v="1548799500"/>
        <price t="2002-03-25" v="1507423900"/>
        <price t="2002-03-26" v="1509753600"/>
        <price t="2002-03-27" v="1409855200"/>
        <price t="2002-03-28" v="1439460000"/>
        <price t="2002-03-29" v="1439460000"/>
        <price t="2002-04-01" v="1439460000"/>
        <price t="2002-04-02" v="1449690000"/>
        <price t="2002-04-03" v="1396155800"/>
        <price t="2002-04-04" v="1357972000"/>
        <price t="2002-04-05" v="1338107800"/>
        <price t="2002-04-08" v="1372879200"/>
        <price t="2002-04-09" v="1393317000"/>
        <price t="2002-04-10" v="1343454600"/>
        <price t="2002-04-11" v="1268094800"/>
        <price t="2002-04-12" v="1326612100"/>
        <price t="2002-04-15" v="1377513000"/>
        <price t="2002-04-16" v="1373268000"/>
        <price t="2002-04-17" v="1456320000"/>
        <price t="2002-04-18" v="1432095000"/>
        <price t="2002-04-19" v="1448418000"/>
        <price t="2002-04-22" v="1430890200"/>
        <price t="2002-04-23" v="1414196800"/>
        <price t="2002-04-24" v="1637017200"/>
        <price t="2002-04-25" v="1678099900"/>
        <price t="2002-04-26" v="1648869800"/>
        <price t="2002-04-29" v="1601533600"/>
        <price t="2002-04-30" v="1663777600"/>
        <price t="2002-05-01" v="1663777600"/>
        <price t="2002-05-02" v="1620340800"/>
        <price t="2002-05-03" v="1571359000"/>
        <price t="2002-05-06" v="1631289600"/>
        <price t="2002-05-07" v="1625162500"/>
        <price t="2002-05-08" v="1698547200"/>
        <price t="2002-05-09" v="1775956000"/>
        <price t="2002-05-10" v="1690477200"/>
        <price t="2002-05-13" v="1728772800"/>
        <price t="2002-05-14" v="1896676600"/>
        <price t="2002-05-15" v="1973958000"/>
        <price t="2002-05-16" v="1953448400"/>
        <price t="2002-05-17" v="1886227200"/>
        <price t="2002-05-20" v="1943462400"/>
        <price t="2002-05-21" v="1892350200"/>
        <price t="2002-05-22" v="1834406000"/>
        <price t="2002-05-23" v="1897878000"/>
        <price t="2002-05-24" v="1945099600"/>
        <price t="2002-05-27" v="1957470000"/>
        <price t="2002-05-28" v="1903753500"/>
        <price t="2002-05-29" v="1907804000"/>
        <price t="2002-05-30" v="1835625000"/>
        <price t="2002-05-31" v="1886787000"/>
        <price t="2002-06-03" v="1786233400"/>
        <price t="2002-06-04" v="1750192500"/>
        <price t="2002-06-05" v="1761748000"/>
        <price t="2002-06-06" v="1816191000"/>
        <price t="2002-06-07" v="1814784000"/>
        <price t="2002-06-10" v="1727213400"/>
        <price t="2002-06-11" v="1739319900"/>
        <price t="2002-06-12" v="1694743600"/>
        <price t="2002-06-13" v="1725194400"/>
        <price t="2002-06-14" v="1653911000"/>
        <price t="2002-06-17" v="1805079000"/>
        <price t="2002-06-18" v="1868348000"/>
        <price t="2002-06-19" v="1868219400"/>
        <price t="2002-06-20" v="1783152800"/>
        <price t="2002-06-21" v="1744116000"/>
        <price t="2002-06-24" v="1732215100"/>
        <price t="2002-06-25" v="1555862400"/>
        <price t="2002-06-26" v="1552010500"/>
        <price t="2002-06-27" v="1540403200"/>
        <price t="2002-06-28" v="1617945000"/>
        <price t="2002-07-01" v="1442341500"/>
        <price t="2002-07-02" v="1341903200"/>
        <price t="2002-07-03" v="1407342000"/>
        <price t="2002-07-04" v="1396054000"/>
        <price t="2002-07-05" v="1501540000"/>
        <price t="2002-07-08" v="1525305600"/>
        <price t="2002-07-09" v="1578870000"/>
        <price t="2002-07-10" v="1583680000"/>
        <price t="2002-07-11" v="1462613200"/>
        <price t="2002-07-12" v="1582641900"/>
        <price t="2002-07-15" v="1537681600"/>
        <price t="2002-07-16" v="1705386800"/>
        <price t="2002-07-17" v="1588099200"/>
        <price t="2002-07-18" v="1625372800"/>
        <price t="2002-07-19" v="1509724800"/>
        <price t="2002-07-22" v="1540132200"/>
        <price t="2002-07-23" v="1490464000"/>
        <price t="2002-07-24" v="1387108500"/>
        <price t="2002-07-25" v="1292807400"/>
        <price t="2002-07-26" v="1307044800"/>
        <price t="2002-07-29" v="1433866000"/>
        <price t="2002-07-30" v="1475250000"/>
        <price t="2002-07-31" v="1424404800"/>
        <price t="2002-08-01" v="1406416000"/>
        <price t="2002-08-02" v="1365435900"/>
        <price t="2002-08-05" v="1283598000"/>
        <price t="2002-08-06" v="1360335600"/>
        <price t="2002-08-07" v="1341233400"/>
        <price t="2002-08-08" v="1381366200"/>
        <price t="2002-08-09" v="1439892000"/>
        <price t="2002-08-12" v="1426902000"/>
        <price t="2002-08-13" v="1450252000"/>
        <price t="2002-08-14" v="1343509100"/>
        <price t="2002-08-15" v="1431352800"/>
        <price t="2002-08-16" v="1488487500"/>
        <price t="2002-08-19" v="1517865100"/>
        <price t="2002-08-20" v="1578470400"/>
        <price t="2002-08-21" v="1540443600"/>
        <price t="2002-08-22" v="1561246000"/>
        <price t="2002-08-23" v="1527277500"/>
        <price t="2002-08-26" v="1500744700"/>
        <price t="2002-08-27" v="1466100000"/>
        <price t="2002-08-28" v="1464074000"/>
        <price t="2002-08-29" v="1495151700"/>
        <price t="2002-08-30" v="1527064900"/>
        <price t="2002-09-02" v="1490827800"/>
        <price t="2002-09-03" v="1464698000"/>
        <price t="2002-09-04" v="1457235500"/>
        <price t="2002-09-05" v="1468320000"/>
        <price t="2002-09-06" v="1516462200"/>
        <price t="2002-09-09" v="1554307800"/>
        <price t="2002-09-10" v="1701168000"/>
        <price t="2002-09-11" v="1710949500"/>
        <price t="2002-09-12" v="1698693700"/>
        <price t="2002-09-13" v="1672605000"/>
        <price t="2002-09-16" v="1675159000"/>
        <price t="2002-09-17" v="1752258400"/>
        <price t="2002-09-18" v="1724242500"/>
        <price t="2002-09-19" v="1753761800"/>
        <price t="2002-09-20" v="1662342000"/>
        <price t="2002-09-23" v="1605402300"/>
        <price t="2002-09-24" v="1611792000"/>
        <price t="2002-09-25" v="1562382900"/>
        <price t="2002-09-26" v="1632013600"/>
        <price t="2002-09-27" v="1703501800"/>
        <price t="2002-09-30" v="1619012000"/>
        <price t="2002-10-01" v="1660592400"/>
        <price t="2002-10-02" v="1745712500"/>
        <price t="2002-10-03" v="1686245000"/>
        <price t="2002-10-04" v="1664225500"/>
        <price t="2002-10-07" v="1677168000"/>
        <price t="2002-10-08" v="1693440000"/>
        <price t="2002-10-09" v="1667398600"/>
        <price t="2002-10-10" v="1757750000"/>
        <price t="2002-10-11" v="1848187500"/>
        <price t="2002-10-14" v="1887717600"/>
        <price t="2002-10-15" v="1957095000"/>
        <price t="2002-10-16" v="1924325700"/>
        <price t="2002-10-17" v="1913548000"/>
        <price t="2002-10-18" v="1909033500"/>
        <price t="2002-10-21" v="1946675600"/>
        <price t="2002-10-22" v="1938948000"/>
        <price t="2002-10-23" v="1972595000"/>
        <price t="2002-10-24" v="2001159000"/>
        <price t="2002-10-25" v="1907690200"/>
        <price t="2002-10-28" v="1872014500"/>
        <price t="2002-10-29" v="1872674000"/>
        <price t="2002-10-30" v="1896225000"/>
        <price t="2002-10-31" v="1926439200"/>
        <price t="2002-11-01" v="1969865000"/>
        <price t="2002-11-04" v="1934108000"/>
        <price t="2002-11-05" v="1839404000"/>
        <price t="2002-11-06" v="1850634500"/>
        <price t="2002-11-07" v="1901468700"/>
        <price t="2002-11-08" v="1906180200"/>
        <price t="2002-11-11" v="1904700600"/>
        <price t="2002-11-12" v="1977892200"/>
        <price t="2002-11-13" v="2077028400"/>
        <price t="2002-11-14" v="2146197000"/>
        <price t="2002-11-15" v="2207382900"/>
        <price t="2002-11-18" v="2335080000"/>
        <price t="2002-11-19" v="2177887500"/>
        <price t="2002-11-20" v="2284332000"/>
        <price t="2002-11-21" v="2347956000"/>
        <price t="2002-11-22" v="2400748000"/>
        <price t="2002-11-25" v="2387105000"/>
        <price t="2002-11-26" v="2351643000"/>
        <price t="2002-11-27" v="2417224500"/>
        <price t="2002-11-28" v="2394094000"/>
        <price t="2002-11-29" v="2348728200"/>
        <price t="2002-12-02" v="2398653000"/>
        <price t="2002-12-03" v="2361182300"/>
        <price t="2002-12-04" v="2312154400"/>
        <price t="2002-12-05" v="2246975900"/>
        <price t="2002-12-06" v="2190313400"/>
        <price t="2002-12-09" v="2193208900"/>
        <price t="2002-12-10" v="2171842800"/>
        <price t="2002-12-11" v="2206686400"/>
        <price t="2002-12-12" v="2186586800"/>
        <price t="2002-12-13" v="2207736000"/>
        <price t="2002-12-16" v="2245618800"/>
        <price t="2002-12-17" v="2229404100"/>
        <price t="2002-12-18" v="2201600000"/>
        <price t="2002-12-19" v="2206640400"/>
        <price t="2002-12-20" v="2175085500"/>
        <price t="2002-12-23" v="2234278600"/>
        <price t="2002-12-24" v="2237320800"/>
        <price t="2002-12-25" v="2237320800"/>
        <price t="2002-12-26" v="2237320800"/>
        <price t="2002-12-27" v="1895695200"/>
        <price t="2002-12-30" v="1875960000"/>
        <price t="2002-12-31" v="1887660000"/>
        <price t="2003-01-02" v="1950268200"/>
        <price t="2003-01-03" v="1982793600"/>
        <price t="2003-01-06" v="2080819200"/>
        <price t="2003-01-07" v="2123572500"/>
        <price t="2003-01-08" v="2072286900"/>
        <price t="2003-01-09" v="2141326600"/>
        <price t="2003-01-10" v="2110052700"/>
        <price t="2003-01-13" v="2130898000"/>
        <price t="2003-01-14" v="2178862000"/>
        <price t="2003-01-15" v="2226249000"/>
        <price t="2003-01-16" v="2139210000"/>
        <price t="2003-01-17" v="2138921600"/>
        <price t="2003-01-20" v="2190256800"/>
        <price t="2003-01-21" v="2089053300"/>
        <price t="2003-01-22" v="2136097400"/>
        <price t="2003-01-23" v="2185822400"/>
        <price t="2003-01-24" v="2230131200"/>
        <price t="2003-01-27" v="2206610000"/>
        <price t="2003-01-28" v="2173488800"/>
        <price t="2003-01-29" v="2182294400"/>
        <price t="2003-01-30" v="2181844000"/>
        <price t="2003-01-31" v="2232422400"/>
        <price t="2003-02-03" v="2216611400"/>
        <price t="2003-02-04" v="2153578000"/>
        <price t="2003-02-05" v="2266007000"/>
        <price t="2003-02-06" v="2191795100"/>
        <price t="2003-02-07" v="2216060600"/>
        <price t="2003-02-10" v="2130256800"/>
        <price t="2003-02-11" v="2117646800"/>
        <price t="2003-02-12" v="2108641500"/>
        <price t="2003-02-13" v="2011746000"/>
        <price t="2003-02-14" v="1979436200"/>
        <price t="2003-02-17" v="2042469600"/>
        <price t="2003-02-18" v="2118157800"/>
        <price t="2003-02-19" v="2097316900"/>
        <price t="2003-02-20" v="2104166500"/>
        <price t="2003-02-21" v="2107991000"/>
        <price t="2003-02-24" v="2165642000"/>
        <price t="2003-02-25" v="2147258200"/>
        <price t="2003-02-26" v="2174256600"/>
        <price t="2003-02-27" v="2160071200"/>
        <price t="2003-02-28" v="2190902400"/>
        <price t="2003-03-03" v="2210760000"/>
        <price t="2003-03-04" v="2214373200"/>
        <price t="2003-03-05" v="2240353800"/>
        <price t="2003-03-06" v="2239740900"/>
        <price t="2003-03-07" v="2248644300"/>
        <price t="2003-03-10" v="2264714200"/>
        <price t="2003-03-11" v="2263644000"/>
        <price t="2003-03-12" v="2288310000"/>
        <price t="2003-03-13" v="2408548800"/>
        <price t="2003-03-14" v="2486870000"/>
        <price t="2003-03-17" v="2618162400"/>
        <price t="2003-03-18" v="2616859200"/>
        <price t="2003-03-19" v="2653070000"/>
        <price t="2003-03-20" v="2696723200"/>
        <price t="2003-03-21" v="2755063200"/>
        <price t="2003-03-24" v="2629788200"/>
        <price t="2003-03-25" v="2715514000"/>
        <price t="2003-03-26" v="2738218900"/>
        <price t="2003-03-27" v="2787980000"/>
        <price t="2003-03-28" v="2712544000"/>
        <price t="2003-03-31" v="2614800000"/>
        <price t="2003-04-01" v="2532157500"/>
        <price t="2003-04-02" v="2640354000"/>
        <price t="2003-04-03" v="2612358200"/>
        <price t="2003-04-04" v="2615680000"/>
        <price t="2003-04-07" v="2740738000"/>
        <price t="2003-04-08" v="2646878000"/>
        <price t="2003-04-09" v="2521147400"/>
        <price t="2003-04-10" v="2544577500"/>
        <price t="2003-04-11" v="2603237500"/>
        <price t="2003-04-14" v="2499573600"/>
        <price t="2003-04-15" v="2528848000"/>
        <price t="2003-04-16" v="2422929600"/>
        <price t="2003-04-17" v="2496312000"/>
        <price t="2003-04-22" v="2528815500"/>
        <price t="2003-04-23" v="2575123200"/>
        <price t="2003-04-24" v="2530739200"/>
        <price t="2003-04-25" v="2857369200"/>
        <price t="2003-04-28" v="2907292500"/>
        <price t="2003-04-29" v="2850751200"/>
        <price t="2003-04-30" v="2864006300"/>
        <price t="2003-05-02" v="2906405400"/>
        <price t="2003-05-05" v="2931263400"/>
        <price t="2003-05-06" v="3060611200"/>
        <price t="2003-05-07" v="3083004600"/>
        <price t="2003-05-08" v="3034849000"/>
        <price t="2003-05-09" v="3052249200"/>
        <price t="2003-05-12" v="3160182500"/>
        <price t="2003-05-13" v="3337916400"/>
        <price t="2003-05-14" v="3251917200"/>
        <price t="2003-05-15" v="3254072000"/>
        <price t="2003-05-16" v="3269474000"/>
        <price t="2003-05-19" v="3174004800"/>
        <price t="2003-05-20" v="3143880000"/>
        <price t="2003-05-21" v="3120963000"/>
        <price t="2003-05-22" v="3224172000"/>
        <price t="2003-05-23" v="3288231000"/>
        <price t="2003-05-26" v="3224949000"/>
        <price t="2003-05-27" v="3445339500"/>
        <price t="2003-05-28" v="3494402600"/>
        <price t="2003-05-29" v="3503288000"/>
        <price t="2003-05-30" v="3514680600"/>
        <price t="2003-06-02" v="3618320000"/>
        <price t="2003-06-03" v="3492281700"/>
        <price t="2003-06-04" v="3514314600"/>
        <price t="2003-06-05" v="3520725000"/>
        <price t="2003-06-06" v="3528543100"/>
        <price t="2003-06-09" v="3284452600"/>
        <price t="2003-06-10" v="3306137400"/>
        <price t="2003-06-11" v="3371676000"/>
        <price t="2003-06-12" v="3504945800"/>
        <price t="2003-06-13" v="3406614900"/>
        <price t="2003-06-16" v="3551458400"/>
        <price t="2003-06-17" v="3583928600"/>
        <price t="2003-06-18" v="3693374300"/>
        <price t="2003-06-19" v="3631698000"/>
        <price t="2003-06-20" v="3539623500"/>
        <price t="2003-06-23" v="3496317000"/>
        <price t="2003-06-24" v="3499569000"/>
        <price t="2003-06-25" v="3610842600"/>
        <price t="2003-06-26" v="3633089600"/>
        <price t="2003-06-27" v="3596236300"/>
        <price t="2003-06-30" v="3612074700"/>
        <price t="2003-07-01" v="3540238100"/>
        <price t="2003-07-02" v="3737340000"/>
        <price t="2003-07-03" v="3740710500"/>
        <price t="2003-07-04" v="3755115000"/>
        <price t="2003-07-07" v="3852176000"/>
        <price t="2003-07-08" v="4026393000"/>
        <price t="2003-07-09" v="4012857000"/>
        <price t="2003-07-10" v="3839267000"/>
        <price t="2003-07-11" v="3790525000"/>
        <price t="2003-07-14" v="3929792200"/>
        <price t="2003-07-15" v="3939012000"/>
        <price t="2003-07-16" v="3776895800"/>
        <price t="2003-07-17" v="3593920000"/>
        <price t="2003-07-18" v="3474670500"/>
        <price t="2003-07-21" v="3542047600"/>
        <price t="2003-07-22" v="3502718400"/>
        <price t="2003-07-23" v="3864939000"/>
        <price t="2003-07-24" v="4163667700"/>
        <price t="2003-07-25" v="4039904000"/>
        <price t="2003-07-28" v="4144082300"/>
        <price t="2003-07-29" v="4154975000"/>
        <price t="2003-07-30" v="4126046000"/>
        <price t="2003-07-31" v="4188791800"/>
        <price t="2003-08-01" v="4053230100"/>
        <price t="2003-08-04" v="3954057900"/>
        <price t="2003-08-05" v="3916684800"/>
        <price t="2003-08-06" v="3826572800"/>
        <price t="2003-08-07" v="3887267200"/>
        <price t="2003-08-08" v="3906337400"/>
        <price t="2003-08-11" v="3868537500"/>
        <price t="2003-08-12" v="3868704000"/>
        <price t="2003-08-13" v="3979653300"/>
        <price t="2003-08-14" v="4008739000"/>
        <price t="2003-08-15" v="3992685000"/>
        <price t="2003-08-18" v="4227945200"/>
        <price t="2003-08-19" v="4300965500"/>
        <price t="2003-08-20" v="4388055000"/>
        <price t="2003-08-21" v="4415709900"/>
        <price t="2003-08-22" v="4559139000"/>
        <price t="2003-08-25" v="4518520000"/>
        <price t="2003-08-26" v="4542720000"/>
        <price t="2003-08-27" v="4534039900"/>
        <price t="2003-08-28" v="4541263200"/>
        <price t="2003-08-29" v="4572949500"/>
        <price t="2003-09-01" v="4702888500"/>
        <price t="2003-09-02" v="4674834100"/>
        <price t="2003-09-03" v="4756381300"/>
        <price t="2003-09-04" v="4684194000"/>
        <price t="2003-09-05" v="4664121000"/>
        <price t="2003-09-08" v="4676390400"/>
        <price t="2003-09-09" v="4653316500"/>
        <price t="2003-09-10" v="4676599200"/>
        <price t="2003-09-11" v="4524937800"/>
        <price t="2003-09-12" v="4453159200"/>
        <price t="2003-09-15" v="4540602500"/>
        <price t="2003-09-16" v="4567027500"/>
        <price t="2003-09-17" v="4552072000"/>
        <price t="2003-09-18" v="4753090000"/>
        <price t="2003-09-19" v="4718235200"/>
        <price t="2003-09-22" v="4743164800"/>
        <price t="2003-09-23" v="5006328800"/>
        <price t="2003-09-24" v="4990003200"/>
        <price t="2003-09-25" v="5051173500"/>
        <price t="2003-09-26" v="4963532700"/>
        <price t="2003-09-29" v="4866503200"/>
        <price t="2003-09-30" v="4992882000"/>
        <price t="2003-10-01" v="4834128200"/>
        <price t="2003-10-02" v="4941039200"/>
        <price t="2003-10-03" v="5328816000"/>
        <price t="2003-10-06" v="5274234500"/>
        <price t="2003-10-07" v="5558026400"/>
        <price t="2003-10-08" v="5575947300"/>
        <price t="2003-10-09" v="5929364000"/>
        <price t="2003-10-10" v="5763153200"/>
        <price t="2003-10-13" v="5754002400"/>
        <price t="2003-10-14" v="5897274600"/>
        <price t="2003-10-15" v="5961692100"/>
        <price t="2003-10-16" v="5871382500"/>
        <price t="2003-10-17" v="5890237300"/>
        <price t="2003-10-20" v="5923812600"/>
        <price t="2003-10-21" v="6046284600"/>
        <price t="2003-10-22" v="5431863000"/>
        <price t="2003-10-23" v="5421560000"/>
        <price t="2003-10-24" v="5277888000"/>
        <price t="2003-10-27" v="5498064000"/>
        <price t="2003-10-28" v="5521329000"/>
        <price t="2003-10-29" v="5678424000"/>
        <price t="2003-10-30" v="5717779200"/>
        <price t="2003-10-31" v="5496043800"/>
        <price t="2003-11-03" v="5563878900"/>
        <price t="2003-11-04" v="5659458000"/>
        <price t="2003-11-05" v="5634390300"/>
        <price t="2003-11-06" v="5589401800"/>
        <price t="2003-11-07" v="5389843200"/>
        <price t="2003-11-10" v="5282180000"/>
        <price t="2003-11-11" v="5087422500"/>
        <price t="2003-11-12" v="5203760000"/>
        <price t="2003-11-13" v="5406672000"/>
        <price t="2003-11-14" v="5337780500"/>
        <price t="2003-11-17" v="5054796600"/>
        <price t="2003-11-18" v="4743000600"/>
        <price t="2003-11-19" v="4942650000"/>
        <price t="2003-11-20" v="4942235000"/>
        <price t="2003-11-21" v="4848842500"/>
        <price t="2003-11-24" v="5053150200"/>
        <price t="2003-11-25" v="5266461600"/>
        <price t="2003-11-26" v="5180664000"/>
        <price t="2003-11-27" v="5260684000"/>
        <price t="2003-11-28" v="5304946200"/>
        <price t="2003-12-01" v="5421770900"/>
        <price t="2003-12-02" v="5439045000"/>
        <price t="2003-12-03" v="5264370000"/>
        <price t="2003-12-04" v="5191820000"/>
        <price t="2003-12-05" v="5197410000"/>
        <price t="2003-12-08" v="5041146800"/>
        <price t="2003-12-09" v="5098102200"/>
        <price t="2003-12-10" v="4951899400"/>
        <price t="2003-12-11" v="4977170800"/>
        <price t="2003-12-12" v="4999632000"/>
        <price t="2003-12-15" v="5197750000"/>
        <price t="2003-12-16" v="4960278000"/>
        <price t="2003-12-17" v="4831169200"/>
        <price t="2003-12-18" v="4776395300"/>
        <price t="2003-12-19" v="4855438000"/>
        <price t="2003-12-22" v="4966139600"/>
        <price t="2003-12-23" v="5189769600"/>
        <price t="2003-12-29" v="5273328100"/>
        <price t="2003-12-30" v="5360784000"/>
        <price t="2004-01-02" v="5286121600"/>
        <price t="2004-01-05" v="5146336200"/>
        <price t="2004-01-06" v="5279708400"/>
        <price t="2004-01-07" v="5137530800"/>
        <price t="2004-01-08" v="5015698000"/>
        <price t="2004-01-09" v="5017104300"/>
        <price t="2004-01-12" v="5108109600"/>
        <price t="2004-01-13" v="5354580000"/>
        <price t="2004-01-14" v="5493097600"/>
        <price t="2004-01-15" v="5539184000"/>
        <price t="2004-01-16" v="5609357000"/>
        <price t="2004-01-19" v="5518358000"/>
        <price t="2004-01-20" v="5601084800"/>
        <price t="2004-01-21" v="5583640300"/>
        <price t="2004-01-22" v="5691538000"/>
        <price t="2004-01-23" v="5710130800"/>
        <price t="2004-01-26" v="5633600000"/>
        <price t="2004-01-27" v="5611371100"/>
        <price t="2004-01-28" v="5376964000"/>
        <price t="2004-01-29" v="5111880000"/>
        <price t="2004-01-30" v="5053910400"/>
        <price t="2004-02-02" v="4922095000"/>
        <price t="2004-02-03" v="4694205000"/>
        <price t="2004-02-04" v="4476077600"/>
        <price t="2004-02-05" v="4673326200"/>
        <price t="2004-02-06" v="4541762500"/>
        <price t="2004-02-09" v="4604648600"/>
        <price t="2004-02-10" v="4620568000"/>
        <price t="2004-02-11" v="4590160000"/>
        <price t="2004-02-12" v="4717537000"/>
        <price t="2004-02-13" v="4679121600"/>
        <price t="2004-02-16" v="4624983000"/>
        <price t="2004-02-17" v="4515729600"/>
        <price t="2004-02-18" v="4496094400"/>
        <price t="2004-02-19" v="4585729600"/>
        <price t="2004-02-20" v="4508028000"/>
        <price t="2004-02-23" v="4402857600"/>
        <price t="2004-02-24" v="4308749500"/>
        <price t="2004-02-25" v="4322906700"/>
        <price t="2004-02-26" v="4367844000"/>
        <price t="2004-02-27" v="4296628000"/>
        <price t="2004-03-01" v="4319464000"/>
        <price t="2004-03-02" v="4340700000"/>
        <price t="2004-03-03" v="4234264100"/>
        <price t="2004-03-04" v="4364417100"/>
        <price t="2004-03-05" v="4369612800"/>
        <price t="2004-03-08" v="4477814400"/>
        <price t="2004-03-09" v="4357252500"/>
        <price t="2004-03-10" v="4304650000"/>
        <price t="2004-03-11" v="4181747200"/>
        <price t="2004-03-12" v="4196605000"/>
        <price t="2004-03-15" v="4137686000"/>
        <price t="2004-03-16" v="4180475000"/>
        <price t="2004-03-17" v="4312352000"/>
        <price t="2004-03-18" v="4290123900"/>
        <price t="2004-03-19" v="4283368000"/>
        <price t="2004-03-22" v="4096254800"/>
        <price t="2004-03-23" v="3990927600"/>
        <price t="2004-03-24" v="3957602000"/>
        <price t="2004-03-25" v="4064220000"/>
        <price t="2004-03-26" v="4198467700"/>
        <price t="2004-03-29" v="4220699400"/>
        <price t="2004-03-30" v="4241076000"/>
        <price t="2004-03-31" v="4327296000"/>
        <price t="2004-04-01" v="4303376000"/>
        <price t="2004-04-02" v="4638958800"/>
        <price t="2004-04-05" v="4672475000"/>
        <price t="2004-04-06" v="4609917000"/>
        <price t="2004-04-07" v="4553606300"/>
        <price t="2004-04-08" v="4722278400"/>
        <price t="2004-04-13" v="4778025000"/>
        <price t="2004-04-14" v="4603856400"/>
        <price t="2004-04-15" v="4650444800"/>
        <price t="2004-04-16" v="4677344000"/>
        <price t="2004-04-19" v="4516500000"/>
        <price t="2004-04-20" v="4720310800"/>
        <price t="2004-04-21" v="4550942000"/>
        <price t="2004-04-22" v="4765822200"/>
        <price t="2004-04-23" v="4606626000"/>
        <price t="2004-04-26" v="4728549000"/>
        <price t="2004-04-27" v="4707252000"/>
        <price t="2004-04-28" v="4736604600"/>
        <price t="2004-04-29" v="4635792000"/>
        <price t="2004-04-30" v="4520744800"/>
        <price t="2004-05-03" v="4445320700"/>
        <price t="2004-05-04" v="4408295500"/>
        <price t="2004-05-05" v="4473281400"/>
        <price t="2004-05-06" v="4378722400"/>
        <price t="2004-05-07" v="4400608500"/>
        <price t="2004-05-10" v="4058596100"/>
        <price t="2004-05-11" v="4249440000"/>
        <price t="2004-05-12" v="4185521000"/>
        <price t="2004-05-13" v="4238545500"/>
        <price t="2004-05-14" v="4274684400"/>
        <price t="2004-05-17" v="4170778700"/>
        <price t="2004-05-18" v="4210826200"/>
        <price t="2004-05-19" v="4220128000"/>
        <price t="2004-05-20" v="4110705600"/>
        <price t="2004-05-21" v="4124226800"/>
        <price t="2004-05-24" v="4112204800"/>
        <price t="2004-05-25" v="4166560200"/>
        <price t="2004-05-26" v="4440480800"/>
        <price t="2004-05-27" v="4532679000"/>
        <price t="2004-05-28" v="4757571000"/>
        <price t="2004-05-31" v="4738923000"/>
        <price t="2004-06-01" v="4892400000"/>
        <price t="2004-06-02" v="5015973600"/>
        <price t="2004-06-03" v="4956420400"/>
        <price t="2004-06-04" v="5053262300"/>
        <price t="2004-06-07" v="5124704000"/>
        <price t="2004-06-08" v="5151186000"/>
        <price t="2004-06-09" v="5141195300"/>
        <price t="2004-06-10" v="4969039600"/>
        <price t="2004-06-11" v="4876837200"/>
        <price t="2004-06-14" v="4934811200"/>
        <price t="2004-06-15" v="4966217100"/>
        <price t="2004-06-16" v="5005275800"/>
        <price t="2004-06-17" v="5045650500"/>
        <price t="2004-06-18" v="4966120800"/>
        <price t="2004-06-21" v="4996200000"/>
        <price t="2004-06-22" v="4934337100"/>
        <price t="2004-06-23" v="4895235000"/>
        <price t="2004-06-24" v="5109423000"/>
        <price t="2004-06-25" v="5158650000"/>
        <price t="2004-06-28" v="5314142400"/>
        <price t="2004-06-29" v="5325154400"/>
        <price t="2004-06-30" v="5355493000"/>
        <price t="2004-07-01" v="5353920000"/>
        <price t="2004-07-02" v="5211492000"/>
        <price t="2004-07-05" v="5282611200"/>
        <price t="2004-07-06" v="5221477800"/>
        <price t="2004-07-07" v="5041656000"/>
        <price t="2004-07-08" v="4933026000"/>
        <price t="2004-07-09" v="5006948400"/>
        <price t="2004-07-12" v="4955080900"/>
        <price t="2004-07-13" v="4857247200"/>
        <price t="2004-07-14" v="4927638000"/>
        <price t="2004-07-15" v="4815960800"/>
        <price t="2004-07-16" v="4780611000"/>
        <price t="2004-07-19" v="4592440000"/>
        <price t="2004-07-20" v="4643136500"/>
        <price t="2004-07-21" v="4733960000"/>
        <price t="2004-07-22" v="4416480000"/>
        <price t="2004-07-23" v="4205895000"/>
        <price t="2004-07-26" v="3900674100"/>
        <price t="2004-07-27" v="3978936000"/>
        <price t="2004-07-28" v="3862914000"/>
        <price t="2004-07-29" v="3764138000"/>
        <price t="2004-07-30" v="3891004800"/>
        <price t="2004-08-02" v="3862422000"/>
        <price t="2004-08-03" v="3808569600"/>
        <price t="2004-08-04" v="3656013300"/>
        <price t="2004-08-05" v="3686056200"/>
        <price t="2004-08-06" v="3589040000"/>
        <price t="2004-08-09" v="3593269800"/>
        <price t="2004-08-10" v="3605114400"/>
        <price t="2004-08-11" v="3600171900"/>
        <price t="2004-08-12" v="3606940800"/>
        <price t="2004-08-13" v="3626599200"/>
        <price t="2004-08-16" v="3577730000"/>
        <price t="2004-08-17" v="3898808000"/>
        <price t="2004-08-18" v="3843572700"/>
        <price t="2004-08-19" v="4043864800"/>
        <price t="2004-08-20" v="3872295000"/>
        <price t="2004-08-23" v="3987375000"/>
        <price t="2004-08-24" v="3933036000"/>
        <price t="2004-08-25" v="3835717500"/>
        <price t="2004-08-26" v="4023250000"/>
        <price t="2004-08-27" v="4002552000"/>
        <price t="2004-08-30" v="3987557000"/>
        <price t="2004-08-31" v="3796798500"/>
        <price t="2004-09-01" v="3915662400"/>
        <price t="2004-09-02" v="3834180000"/>
        <price t="2004-09-03" v="3994617500"/>
        <price t="2004-09-06" v="3838578000"/>
        <price t="2004-09-07" v="3865280000"/>
        <price t="2004-09-08" v="3798304500"/>
        <price t="2004-09-09" v="3764580800"/>
        <price t="2004-09-10" v="3795221400"/>
        <price t="2004-09-13" v="3939992000"/>
        <price t="2004-09-14" v="4132434900"/>
        <price t="2004-09-15" v="4278404800"/>
        <price t="2004-09-16" v="4361074600"/>
        <price t="2004-09-17" v="4286061000"/>
        <price t="2004-09-20" v="4312926000"/>
        <price t="2004-09-21" v="4296600000"/>
        <price t="2004-09-22" v="4249015000"/>
        <price t="2004-09-23" v="4100895000"/>
        <price t="2004-09-24" v="4143209400"/>
        <price t="2004-09-27" v="3994804000"/>
        <price t="2004-09-28" v="4021210000"/>
        <price t="2004-09-29" v="3976632100"/>
        <price t="2004-09-30" v="4009347900"/>
        <price t="2004-10-01" v="4010640300"/>
        <price t="2004-10-04" v="4119714000"/>
        <price t="2004-10-05" v="4081236800"/>
        <price t="2004-10-06" v="4126752000"/>
        <price t="2004-10-07" v="4182340000"/>
        <price t="2004-10-08" v="3977745000"/>
        <price t="2004-10-11" v="3961722400"/>
        <price t="2004-10-12" v="3936146400"/>
        <price t="2004-10-13" v="4109445000"/>
        <price t="2004-10-14" v="3881427200"/>
        <price t="2004-10-15" v="3853305600"/>
        <price t="2004-10-18" v="3866940000"/>
        <price t="2004-10-19" v="3917818800"/>
        <price t="2004-10-20" v="3943188000"/>
        <price t="2004-10-21" v="3907860000"/>
        <price t="2004-10-22" v="3530940600"/>
        <price t="2004-10-25" v="3414184800"/>
        <price t="2004-10-26" v="3374976000"/>
        <price t="2004-10-27" v="3392438400"/>
        <price t="2004-10-28" v="3438325500"/>
        <price t="2004-10-29" v="3426253000"/>
        <price t="2004-11-01" v="3444509600"/>
        <price t="2004-11-02" v="3557400000"/>
        <price t="2004-11-03" v="3669325800"/>
        <price t="2004-11-04" v="3600857800"/>
        <price t="2004-11-05" v="3602251200"/>
        <price t="2004-11-08" v="3699428800"/>
        <price t="2004-11-09" v="3687381600"/>
        <price t="2004-11-10" v="3847680500"/>
        <price t="2004-11-11" v="3833486000"/>
        <price t="2004-11-12" v="3978375900"/>
        <price t="2004-11-15" v="4093780000"/>
        <price t="2004-11-16" v="4031386800"/>
        <price t="2004-11-17" v="4019823600"/>
        <price t="2004-11-18" v="4064790400"/>
        <price t="2004-11-19" v="3906000000"/>
        <price t="2004-11-22" v="3833005300"/>
        <price t="2004-11-23" v="3795810000"/>
        <price t="2004-11-24" v="3824171400"/>
        <price t="2004-11-25" v="3851589500"/>
        <price t="2004-11-26" v="3869467400"/>
        <price t="2004-11-29" v="3803213700"/>
        <price t="2004-11-30" v="3915377500"/>
        <price t="2004-12-01" v="3981553000"/>
        <price t="2004-12-02" v="4064764200"/>
        <price t="2004-12-03" v="3990000000"/>
        <price t="2004-12-06" v="3917646000"/>
        <price t="2004-12-07" v="3930497600"/>
        <price t="2004-12-08" v="3829070000"/>
        <price t="2004-12-09" v="3894373500"/>
        <price t="2004-12-10" v="3919046100"/>
        <price t="2004-12-13" v="3896811600"/>
        <price t="2004-12-14" v="4015075500"/>
        <price t="2004-12-15" v="4065755400"/>
        <price t="2004-12-16" v="4100706000"/>
        <price t="2004-12-17" v="4005728000"/>
        <price t="2004-12-20" v="3965239200"/>
        <price t="2004-12-21" v="3915066200"/>
        <price t="2004-12-22" v="3893405600"/>
        <price t="2004-12-23" v="3927806400"/>
        <price t="2004-12-27" v="4077037800"/>
        <price t="2004-12-28" v="4362560000"/>
        <price t="2004-12-29" v="4536907200"/>
        <price t="2004-12-30" v="4573664800"/>
        <price t="2005-01-03" v="4455959300"/>
        <price t="2005-01-04" v="4276800000"/>
        <price t="2005-01-05" v="4250193600"/>
        <price t="2005-01-06" v="4123642400"/>
        <price t="2005-01-07" v="4197600000"/>
        <price t="2005-01-10" v="4262405900"/>
        <price t="2005-01-11" v="4203131400"/>
        <price t="2005-01-12" v="4096740200"/>
        <price t="2005-01-13" v="4348035200"/>
        <price t="2005-01-14" v="4313484500"/>
        <price t="2005-01-17" v="4422730000"/>
        <price t="2005-01-18" v="4473050000"/>
        <price t="2005-01-19" v="4422054000"/>
        <price t="2005-01-20" v="4217136000"/>
        <price t="2005-01-21" v="4206493500"/>
        <price t="2005-01-24" v="4095877500"/>
        <price t="2005-01-25" v="4122412500"/>
        <price t="2005-01-26" v="4099176000"/>
        <price t="2005-01-27" v="4142268000"/>
        <price t="2005-01-28" v="4257231000"/>
        <price t="2005-01-31" v="4288515000"/>
        <price t="2005-02-01" v="4306726200"/>
        <price t="2005-02-02" v="4220009100"/>
        <price t="2005-02-03" v="3507669800"/>
        <price t="2005-02-04" v="3563450000"/>
        <price t="2005-02-07" v="3579622800"/>
        <price t="2005-02-08" v="3635187200"/>
        <price t="2005-02-09" v="3639722400"/>
        <price t="2005-02-10" v="3523896600"/>
        <price t="2005-02-11" v="3550551000"/>
        <price t="2005-02-14" v="3621683100"/>
        <price t="2005-02-15" v="3654892800"/>
        <price t="2005-02-16" v="3631640000"/>
        <price t="2005-02-17" v="3524982300"/>
        <price t="2005-02-18" v="3511402700"/>
        <price t="2005-02-21" v="3507878500"/>
        <price t="2005-02-22" v="3496145000"/>
        <price t="2005-02-23" v="3409014600"/>
        <price t="2005-02-24" v="3402516000"/>
        <price t="2005-02-25" v="3480826000"/>
        <price t="2005-02-28" v="3499848000"/>
        <price t="2005-03-01" v="3500918400"/>
        <price t="2005-03-02" v="3571332600"/>
        <price t="2005-03-03" v="3567281600"/>
        <price t="2005-03-04" v="3548919000"/>
        <price t="2005-03-07" v="3619937100"/>
        <price t="2005-03-08" v="3608210400"/>
        <price t="2005-03-09" v="3532686200"/>
        <price t="2005-03-10" v="3478294600"/>
        <price t="2005-03-11" v="3414372000"/>
        <price t="2005-03-14" v="3423232000"/>
        <price t="2005-03-15" v="3446122500"/>
        <price t="2005-03-16" v="3357960300"/>
        <price t="2005-03-17" v="3399349800"/>
        <price t="2005-03-18" v="3370210200"/>
        <price t="2005-03-21" v="3388183300"/>
        <price t="2005-03-22" v="3349085000"/>
        <price t="2005-03-23" v="3326445000"/>
        <price t="2005-03-24" v="3328584800"/>
        <price t="2005-03-29" v="3400830600"/>
        <price t="2005-03-30" v="3382005900"/>
        <price t="2005-03-31" v="3412124800"/>
        <price t="2005-04-01" v="3440614500"/>
        <price t="2005-04-04" v="3447490800"/>
        <price t="2005-04-05" v="3499692000"/>
        <price t="2005-04-06" v="3487632000"/>
        <price t="2005-04-07" v="3462071700"/>
        <price t="2005-04-08" v="3459848100"/>
        <price t="2005-04-11" v="3463257000"/>
        <price t="2005-04-12" v="3437129500"/>
        <price t="2005-04-13" v="3450174000"/>
        <price t="2005-04-14" v="3425504000"/>
        <price t="2005-04-15" v="3348253600"/>
        <price t="2005-04-18" v="3333815700"/>
        <price t="2005-04-19" v="3216510000"/>
        <price t="2005-04-20" v="3373166500"/>
        <price t="2005-04-21" v="3303674000"/>
        <price t="2005-04-22" v="3325481100"/>
        <price t="2005-04-25" v="3324482400"/>
        <price t="2005-04-26" v="3369867600"/>
        <price t="2005-04-27" v="3100800000"/>
        <price t="2005-04-28" v="3246898000"/>
        <price t="2005-04-29" v="3192604800"/>
        <price t="2005-05-02" v="3309649900"/>
        <price t="2005-05-03" v="3303992000"/>
        <price t="2005-05-04" v="3362598800"/>
        <price t="2005-05-05" v="3387471000"/>
        <price t="2005-05-06" v="3490511200"/>
        <price t="2005-05-09" v="3440679200"/>
        <price t="2005-05-10" v="3417878600"/>
        <price t="2005-05-11" v="3422747400"/>
        <price t="2005-05-12" v="3406025700"/>
        <price t="2005-05-13" v="3401342000"/>
        <price t="2005-05-16" v="3447952800"/>
        <price t="2005-05-17" v="3462264000"/>
        <price t="2005-05-18" v="3498541200"/>
        <price t="2005-05-19" v="3552402000"/>
        <price t="2005-05-20" v="3529960000"/>
        <price t="2005-05-23" v="3561122400"/>
        <price t="2005-05-24" v="3551685500"/>
        <price t="2005-05-25" v="3510381600"/>
        <price t="2005-05-26" v="3537747500"/>
        <price t="2005-05-27" v="3528086100"/>
        <price t="2005-05-30" v="3479688000"/>
        <price t="2005-05-31" v="3575990000"/>
        <price t="2005-06-01" v="3643944000"/>
        <price t="2005-06-02" v="3616358700"/>
        <price t="2005-06-03" v="3612966000"/>
        <price t="2005-06-06" v="3578515200"/>
        <price t="2005-06-07" v="3598276500"/>
        <price t="2005-06-08" v="3496318800"/>
        <price t="2005-06-09" v="3455069700"/>
        <price t="2005-06-10" v="3506054300"/>
        <price t="2005-06-13" v="3534166000"/>
        <price t="2005-06-14" v="3520377000"/>
        <price t="2005-06-15" v="3475872000"/>
        <price t="2005-06-16" v="3549695000"/>
        <price t="2005-06-17" v="3548377800"/>
        <price t="2005-06-20" v="3542121000"/>
        <price t="2005-06-21" v="3535700800"/>
        <price t="2005-06-22" v="3517034400"/>
        <price t="2005-06-23" v="3520858800"/>
        <price t="2005-06-24" v="3515862000"/>
        <price t="2005-06-27" v="3480120400"/>
        <price t="2005-06-28" v="3372086000"/>
        <price t="2005-06-29" v="3435390000"/>
        <price t="2005-06-30" v="3327718400"/>
        <price t="2005-07-01" v="3323925000"/>
        <price t="2005-07-04" v="3237546800"/>
        <price t="2005-07-05" v="3394973100"/>
        <price t="2005-07-06" v="3403544100"/>
        <price t="2005-07-07" v="3447203100"/>
        <price t="2005-07-08" v="3420019200"/>
        <price t="2005-07-11" v="3577788000"/>
        <price t="2005-07-12" v="3586536800"/>
        <price t="2005-07-13" v="3672257600"/>
        <price t="2005-07-14" v="3691295300"/>
        <price t="2005-07-15" v="3712447500"/>
        <price t="2005-07-18" v="3688524000"/>
        <price t="2005-07-19" v="3745045000"/>
        <price t="2005-07-20" v="3773306400"/>
        <price t="2005-07-21" v="3957118900"/>
        <price t="2005-07-22" v="3767972900"/>
        <price t="2005-07-25" v="3864419500"/>
        <price t="2005-07-26" v="3792686800"/>
        <price t="2005-07-27" v="4225276000"/>
        <price t="2005-07-28" v="4429810000"/>
        <price t="2005-07-29" v="4490130900"/>
        <price t="2005-08-01" v="4467266400"/>
        <price t="2005-08-02" v="4651011900"/>
        <price t="2005-08-03" v="4595807200"/>
        <price t="2005-08-04" v="4535855800"/>
        <price t="2005-08-05" v="4570434000"/>
        <price t="2005-08-08" v="4552160000"/>
        <price t="2005-08-09" v="4604234100"/>
        <price t="2005-08-10" v="4507703400"/>
        <price t="2005-08-11" v="4488129000"/>
        <price t="2005-08-12" v="4487011400"/>
        <price t="2005-08-15" v="4390295200"/>
        <price t="2005-08-16" v="4522564900"/>
        <price t="2005-08-17" v="4410575200"/>
        <price t="2005-08-18" v="4380803100"/>
        <price t="2005-08-19" v="4359077400"/>
        <price t="2005-08-22" v="4361574600"/>
        <price t="2005-08-23" v="4391647000"/>
        <price t="2005-08-24" v="4305598600"/>
        <price t="2005-08-25" v="4255929600"/>
        <price t="2005-08-26" v="4237300100"/>
        <price t="2005-08-29" v="4281487600"/>
        <price t="2005-08-30" v="4180519200"/>
        <price t="2005-08-31" v="4207090200"/>
        <price t="2005-09-01" v="4239173600"/>
        <price t="2005-09-02" v="4172390700"/>
        <price t="2005-09-05" v="4162616000"/>
        <price t="2005-09-06" v="4244220000"/>
        <price t="2005-09-07" v="4420105000"/>
        <price t="2005-09-08" v="4338849200"/>
        <price t="2005-09-09" v="4301797500"/>
        <price t="2005-09-12" v="4400666200"/>
        <price t="2005-09-13" v="4413222000"/>
        <price t="2005-09-14" v="4424420200"/>
        <price t="2005-09-15" v="4307385200"/>
        <price t="2005-09-16" v="4248321000"/>
        <price t="2005-09-19" v="4286280900"/>
        <price t="2005-09-20" v="4253900000"/>
        <price t="2005-09-21" v="4207845000"/>
        <price t="2005-09-22" v="4184275200"/>
        <price t="2005-09-23" v="4177074600"/>
        <price t="2005-09-26" v="4297473200"/>
        <price t="2005-09-27" v="4306193500"/>
        <price t="2005-09-28" v="4344153300"/>
        <price t="2005-09-29" v="4328204400"/>
        <price t="2005-09-30" v="4545855000"/>
        <price t="2005-10-03" v="4558406000"/>
        <price t="2005-10-04" v="4512564000"/>
        <price t="2005-10-05" v="4464593900"/>
        <price t="2005-10-06" v="4454127300"/>
        <price t="2005-10-07" v="4387627200"/>
        <price t="2005-10-10" v="4415746400"/>
        <price t="2005-10-11" v="4353166200"/>
        <price t="2005-10-12" v="4272446400"/>
        <price t="2005-10-13" v="4234930000"/>
        <price t="2005-10-14" v="4290842400"/>
        <price t="2005-10-17" v="4448140000"/>
        <price t="2005-10-18" v="4483537200"/>
        <price t="2005-10-19" v="4541000000"/>
        <price t="2005-10-20" v="4558874200"/>
        <price t="2005-10-21" v="4588584000"/>
        <price t="2005-10-24" v="4658160000"/>
        <price t="2005-10-25" v="4621738200"/>
        <price t="2005-10-26" v="4056647600"/>
        <price t="2005-10-27" v="3936185000"/>
        <price t="2005-10-28" v="3914505000"/>
        <price t="2005-10-31" v="4049346400"/>
        <price t="2005-11-01" v="4073113600"/>
        <price t="2005-11-02" v="4036507200"/>
        <price t="2005-11-03" v="4154145000"/>
        <price t="2005-11-04" v="4141944300"/>
        <price t="2005-11-07" v="4092286400"/>
        <price t="2005-11-08" v="4161010400"/>
        <price t="2005-11-09" v="4157599600"/>
        <price t="2005-11-10" v="4121404800"/>
        <price t="2005-11-11" v="4278762600"/>
        <price t="2005-11-14" v="4267045900"/>
        <price t="2005-11-15" v="4494128400"/>
        <price t="2005-11-16" v="4521334400"/>
        <price t="2005-11-17" v="4597294400"/>
        <price t="2005-11-18" v="4706637000"/>
        <price t="2005-11-21" v="4797628200"/>
        <price t="2005-11-22" v="4728374100"/>
        <price t="2005-11-23" v="4839936000"/>
        <price t="2005-11-24" v="4820425300"/>
        <price t="2005-11-25" v="4791069900"/>
        <price t="2005-11-28" v="4790071000"/>
        <price t="2005-11-29" v="4876405500"/>
        <price t="2005-11-30" v="4793513700"/>
        <price t="2005-12-01" v="4908235500"/>
        <price t="2005-12-02" v="4947831000"/>
        <price t="2005-12-05" v="4913899200"/>
        <price t="2005-12-06" v="4941790200"/>
        <price t="2005-12-07" v="4887754000"/>
        <price t="2005-12-08" v="4850297200"/>
        <price t="2005-12-09" v="4835385500"/>
        <price t="2005-12-12" v="4889250000"/>
        <price t="2005-12-13" v="4874940000"/>
        <price t="2005-12-14" v="4883726000"/>
        <price t="2005-12-15" v="4990384100"/>
        <price t="2005-12-16" v="4875882700"/>
        <price t="2005-12-19" v="4946501000"/>
        <price t="2005-12-20" v="4834602000"/>
        <price t="2005-12-21" v="4849712000"/>
        <price t="2005-12-22" v="4855295400"/>
        <price t="2005-12-23" v="4920299100"/>
        <price t="2005-12-27" v="4869986800"/>
        <price t="2005-12-28" v="4798573200"/>
        <price t="2005-12-29" v="4808045000"/>
        <price t="2005-12-30" v="4749472200"/>
        <price t="2006-01-02" v="4730400000"/>
        <price t="2006-01-03" v="4615812500"/>
        <price t="2006-01-04" v="4726869600"/>
        <price t="2006-01-05" v="4726408000"/>
        <price t="2006-01-06" v="4745293200"/>
        <price t="2006-01-09" v="4693510800"/>
        <price t="2006-01-10" v="4586732800"/>
        <price t="2006-01-11" v="4474977600"/>
        <price t="2006-01-12" v="4476964800"/>
        <price t="2006-01-13" v="4395438900"/>
        <price t="2006-01-16" v="4408768000"/>
        <price t="2006-01-17" v="4403752500"/>
        <price t="2006-01-18" v="4369850000"/>
        <price t="2006-01-19" v="4452522400"/>
        <price t="2006-01-20" v="4352927600"/>
        <price t="2006-01-23" v="4365701200"/>
        <price t="2006-01-24" v="4372513600"/>
        <price t="2006-01-25" v="4364370000"/>
        <price t="2006-01-26" v="4415116200"/>
        <price t="2006-01-27" v="4501205600"/>
        <price t="2006-01-30" v="4515043400"/>
        <price t="2006-01-31" v="4457000400"/>
        <price t="2006-02-01" v="4396651200"/>
        <price t="2006-02-02" v="4355826000"/>
        <price t="2006-02-03" v="3776299100"/>
        <price t="2006-02-06" v="3790788400"/>
        <price t="2006-02-07" v="3783468000"/>
        <price t="2006-02-08" v="3733750000"/>
        <price t="2006-02-09" v="3860970000"/>
        <price t="2006-02-10" v="3798081000"/>
        <price t="2006-02-13" v="3758985600"/>
        <price t="2006-02-14" v="3769286400"/>
        <price t="2006-02-15" v="3859276800"/>
        <price t="2006-02-16" v="3887052400"/>
        <price t="2006-02-17" v="3887505100"/>
        <price t="2006-02-20" v="3895798000"/>
        <price t="2006-02-21" v="3863497000"/>
        <price t="2006-02-22" v="3816625000"/>
        <price t="2006-02-23" v="3848958300"/>
        <price t="2006-02-24" v="3819805600"/>
        <price t="2006-02-27" v="3823455200"/>
        <price t="2006-02-28" v="3722812500"/>
        <price t="2006-03-01" v="3709326200"/>
        <price t="2006-03-02" v="3601334100"/>
        <price t="2006-03-03" v="3716584000"/>
        <price t="2006-03-06" v="3715656400"/>
        <price t="2006-03-07" v="3703751700"/>
        <price t="2006-03-08" v="3683808800"/>
        <price t="2006-03-09" v="3646328000"/>
        <price t="2006-03-10" v="3628143600"/>
        <price t="2006-03-13" v="3646939800"/>
        <price t="2006-03-14" v="3622633600"/>
        <price t="2006-03-15" v="3669132600"/>
        <price t="2006-03-16" v="3666562200"/>
        <price t="2006-03-17" v="3655500000"/>
        <price t="2006-03-20" v="3688722000"/>
        <price t="2006-03-21" v="3590980800"/>
        <price t="2006-03-22" v="3596562000"/>
        <price t="2006-03-23" v="3588773500"/>
        <price t="2006-03-24" v="3560777500"/>
        <price t="2006-03-27" v="3532945000"/>
        <price t="2006-03-28" v="3521277600"/>
        <price t="2006-03-29" v="3603600000"/>
        <price t="2006-03-30" v="3628800000"/>
        <price t="2006-03-31" v="3651776800"/>
        <price t="2006-04-03" v="3691278000"/>
        <price t="2006-04-04" v="3656548100"/>
        <price t="2006-04-05" v="3663885600"/>
        <price t="2006-04-06" v="3849962400"/>
        <price t="2006-04-07" v="3781579500"/>
        <price t="2006-04-10" v="3664787100"/>
        <price t="2006-04-11" v="3578238000"/>
        <price t="2006-04-12" v="3626587500"/>
        <price t="2006-04-13" v="3567730000"/>
        <price t="2006-04-18" v="3521224800"/>
        <price t="2006-04-19" v="3674169600"/>
        <price t="2006-04-20" v="3703800000"/>
        <price t="2006-04-21" v="3667407000"/>
        <price t="2006-04-24" v="3536390000"/>
        <price t="2006-04-25" v="3562247500"/>
        <price t="2006-04-26" v="3551065000"/>
        <price t="2006-04-27" v="3516886200"/>
        <price t="2006-04-28" v="3558000600"/>
        <price t="2006-05-02" v="3431310200"/>
        <price t="2006-05-03" v="3387744800"/>
        <price t="2006-05-04" v="3432579200"/>
        <price t="2006-05-05" v="3425760000"/>
        <price t="2006-05-08" v="3473458800"/>
        <price t="2006-05-09" v="3466281000"/>
        <price t="2006-05-10" v="3468220600"/>
        <price t="2006-05-11" v="3335406800"/>
        <price t="2006-05-12" v="3357640000"/>
        <price t="2006-05-15" v="3244978000"/>
        <price t="2006-05-16" v="3228602300"/>
        <price t="2006-05-17" v="3241111200"/>
        <price t="2006-05-18" v="3205270000"/>
        <price t="2006-05-19" v="3235157800"/>
        <price t="2006-05-22" v="3331083600"/>
        <price t="2006-05-23" v="3474774600"/>
        <price t="2006-05-24" v="3438927600"/>
        <price t="2006-05-25" v="3469360000"/>
        <price t="2006-05-26" v="3618991600"/>
        <price t="2006-05-29" v="3591377000"/>
        <price t="2006-05-30" v="3466530000"/>
        <price t="2006-05-31" v="3384284000"/>
        <price t="2006-06-01" v="3431078400"/>
        <price t="2006-06-02" v="3434420000"/>
        <price t="2006-06-05" v="3406658200"/>
        <price t="2006-06-06" v="3306817800"/>
        <price t="2006-06-07" v="3375017100"/>
        <price t="2006-06-08" v="3336570000"/>
        <price t="2006-06-09" v="3417930000"/>
        <price t="2006-06-12" v="3363010000"/>
        <price t="2006-06-13" v="3321258200"/>
        <price t="2006-06-14" v="3324169800"/>
        <price t="2006-06-15" v="3376958000"/>
        <price t="2006-06-16" v="3508122300"/>
        <price t="2006-06-19" v="3510370800"/>
        <price t="2006-06-20" v="3499079400"/>
        <price t="2006-06-21" v="3568540000"/>
        <price t="2006-06-22" v="3653812800"/>
        <price t="2006-06-23" v="3625580000"/>
        <price t="2006-06-26" v="3671580300"/>
        <price t="2006-06-27" v="3624322800"/>
        <price t="2006-06-28" v="3633987000"/>
        <price t="2006-06-29" v="3721113000"/>
        <price t="2006-06-30" v="3807543500"/>
        <price t="2006-07-03" v="3860022000"/>
        <price t="2006-07-04" v="3856486500"/>
        <price t="2006-07-05" v="3757597800"/>
        <price t="2006-07-06" v="3737722500"/>
        <price t="2006-07-07" v="3608507200"/>
        <price t="2006-07-10" v="3662374400"/>
        <price t="2006-07-11" v="3553344000"/>
        <price t="2006-07-12" v="3574882000"/>
        <price t="2006-07-13" v="3436993600"/>
        <price t="2006-07-14" v="3299493000"/>
        <price t="2006-07-17" v="3317094500"/>
        <price t="2006-07-18" v="3350789400"/>
        <price t="2006-07-19" v="3381373800"/>
        <price t="2006-07-20" v="3397174100"/>
        <price t="2006-07-21" v="3337376000"/>
        <price t="2006-07-24" v="3284580000"/>
        <price t="2006-07-25" v="3370021200"/>
        <price t="2006-07-26" v="2731379000"/>
        <price t="2006-07-27" v="2653117100"/>
        <price t="2006-07-28" v="2658173600"/>
        <price t="2006-07-31" v="2705327300"/>
        <price t="2006-08-01" v="2628354000"/>
        <price t="2006-08-02" v="2624869800"/>
        <price t="2006-08-03" v="2629051700"/>
        <price t="2006-08-04" v="2728533600"/>
        <price t="2006-08-07" v="2708780000"/>
        <price t="2006-08-08" v="2687202700"/>
        <price t="2006-08-09" v="2635043400"/>
        <price t="2006-08-10" v="2643399200"/>
        <price t="2006-08-11" v="2599712500"/>
        <price t="2006-08-14" v="2677139000"/>
        <price t="2006-08-15" v="2670977500"/>
        <price t="2006-08-16" v="2776081000"/>
        <price t="2006-08-17" v="2824364700"/>
        <price t="2006-08-18" v="2876609400"/>
        <price t="2006-08-21" v="2873185600"/>
        <price t="2006-08-22" v="2867325600"/>
        <price t="2006-08-23" v="2818640000"/>
        <price t="2006-08-24" v="2780477700"/>
        <price t="2006-08-25" v="2783392200"/>
        <price t="2006-08-28" v="2873600000"/>
        <price t="2006-08-29" v="2892046400"/>
        <price t="2006-08-30" v="3019920800"/>
        <price t="2006-08-31" v="3070103900"/>
        <price t="2006-09-01" v="3136319900"/>
        <price t="2006-09-04" v="3187296000"/>
        <price t="2006-09-05" v="3138450000"/>
        <price t="2006-09-06" v="3181619100"/>
        <price t="2006-09-07" v="3004516000"/>
        <price t="2006-09-08" v="3012981000"/>
        <price t="2006-09-11" v="3011709700"/>
        <price t="2006-09-12" v="3134039400"/>
        <price t="2006-09-13" v="3167982300"/>
        <price t="2006-09-14" v="3168027000"/>
        <price t="2006-09-15" v="3211845000"/>
        <price t="2006-09-18" v="3228308500"/>
        <price t="2006-09-19" v="3188808000"/>
        <price t="2006-09-20" v="3231112400"/>
        <price t="2006-09-21" v="3217123700"/>
        <price t="2006-09-22" v="3050446000"/>
        <price t="2006-09-25" v="3079641600"/>
        <price t="2006-09-26" v="3211835000"/>
        <price t="2006-09-27" v="3216662400"/>
        <price t="2006-09-28" v="3166808300"/>
        <price t="2006-09-29" v="3204246000"/>
        <price t="2006-10-02" v="3145880000"/>
        <price t="2006-10-03" v="3110375400"/>
        <price t="2006-10-04" v="3239493600"/>
        <price t="2006-10-05" v="3269297000"/>
        <price t="2006-10-06" v="3302771200"/>
        <price t="2006-10-09" v="3286862400"/>
        <price t="2006-10-10" v="3342630800"/>
        <price t="2006-10-11" v="3272468700"/>
        <price t="2006-10-12" v="3328233600"/>
        <price t="2006-10-13" v="3343320000"/>
        <price t="2006-10-16" v="3272672500"/>
        <price t="2006-10-17" v="3199882000"/>
        <price t="2006-10-18" v="3254908500"/>
        <price t="2006-10-19" v="3247018500"/>
        <price t="2006-10-20" v="3260491200"/>
        <price t="2006-10-23" v="3226892000"/>
        <price t="2006-10-24" v="3333397800"/>
        <price t="2006-10-25" v="3748840000"/>
        <price t="2006-10-26" v="3764267500"/>
        <price t="2006-10-27" v="3807436600"/>
        <price t="2006-10-30" v="3816371700"/>
        <price t="2006-10-31" v="3789756000"/>
        <price t="2006-11-01" v="3767142100"/>
        <price t="2006-11-02" v="3762434900"/>
        <price t="2006-11-03" v="3728472000"/>
        <price t="2006-11-06" v="3809329800"/>
        <price t="2006-11-07" v="3826500000"/>
        <price t="2006-11-08" v="3880071200"/>
        <price t="2006-11-09" v="3925812800"/>
        <price t="2006-11-10" v="3923520000"/>
        <price t="2006-11-13" v="3976017000"/>
        <price t="2006-11-14" v="3992111200"/>
        <price t="2006-11-15" v="4243106400"/>
        <price t="2006-11-16" v="4254769200"/>
        <price t="2006-11-17" v="4210310400"/>
        <price t="2006-11-20" v="4202859300"/>
        <price t="2006-11-21" v="4301659800"/>
        <price t="2006-11-22" v="4227896600"/>
        <price t="2006-11-23" v="4301691300"/>
        <price t="2006-11-24" v="4245118800"/>
        <price t="2006-11-27" v="4130910000"/>
        <price t="2006-11-28" v="4026926100"/>
        <price t="2006-11-29" v="4086564200"/>
        <price t="2006-11-30" v="3973200000"/>
        <price t="2006-12-01" v="3895060400"/>
        <price t="2006-12-04" v="3926155000"/>
        <price t="2006-12-05" v="3885986500"/>
        <price t="2006-12-06" v="3878662800"/>
        <price t="2006-12-07" v="3837514200"/>
        <price t="2006-12-08" v="3810212000"/>
        <price t="2006-12-11" v="3821330000"/>
        <price t="2006-12-12" v="3810298800"/>
        <price t="2006-12-13" v="3803075500"/>
        <price t="2006-12-14" v="3914066400"/>
        <price t="2006-12-15" v="4014367800"/>
        <price t="2006-12-18" v="4017546000"/>
        <price t="2006-12-19" v="3848715000"/>
        <price t="2006-12-20" v="4020313500"/>
        <price t="2006-12-21" v="4010065400"/>
        <price t="2006-12-22" v="4009048800"/>
        <price t="2006-12-27" v="3987177000"/>
        <price t="2006-12-28" v="4066505100"/>
        <price t="2006-12-29" v="3972072000"/>
        <price t="2007-01-02" v="3934555000"/>
        <price t="2007-01-03" v="3903145000"/>
        <price t="2007-01-04" v="3854474600"/>
        <price t="2007-01-05" v="3871555600"/>
        <price t="2007-01-08" v="3758734000"/>
        <price t="2007-01-09" v="3758296600"/>
        <price t="2007-01-10" v="3724958400"/>
        <price t="2007-01-11" v="3765360000"/>
        <price t="2007-01-12" v="3747995100"/>
        <price t="2007-01-15" v="3805948100"/>
        <price t="2007-01-16" v="3809477300"/>
        <price t="2007-01-17" v="3796536900"/>
        <price t="2007-01-18" v="3800360200"/>
        <price t="2007-01-19" v="3810947800"/>
        <price t="2007-01-22" v="3804477600"/>
        <price t="2007-01-23" v="3835064000"/>
        <price t="2007-01-24" v="3824770500"/>
        <price t="2007-01-25" v="3816829800"/>
        <price t="2007-01-26" v="3794184100"/>
        <price t="2007-01-29" v="3800066100"/>
        <price t="2007-01-30" v="3815065200"/>
        <price t="2007-01-31" v="3809771400"/>
        <price t="2007-02-01" v="3829182000"/>
        <price t="2007-02-02" v="3829182000"/>
        <price t="2007-02-05" v="3801242500"/>
        <price t="2007-02-06" v="3810065500"/>
        <price t="2007-02-07" v="3819476700"/>
        <price t="2007-02-08" v="3820653100"/>
        <price t="2007-02-09" v="3825358700"/>
        <price t="2007-02-12" v="3810359600"/>
        <price t="2007-02-13" v="3829770200"/>
        <price t="2007-02-14" v="3847416200"/>
        <price t="2007-02-15" v="3863591700"/>
        <price t="2007-02-16" v="4007854500"/>
        <price t="2007-02-19" v="4019705200"/>
        <price t="2007-02-20" v="4124901000"/>
        <price t="2007-02-21" v="4086780500"/>
        <price t="2007-02-22" v="4111352200"/>
        <price t="2007-02-23" v="4084674000"/>
        <price t="2007-02-26" v="4105920000"/>
        <price t="2007-02-27" v="4025889000"/>
        <price t="2007-02-28" v="3922345900"/>
        <price t="2007-03-01" v="3855087500"/>
        <price t="2007-03-02" v="3794892900"/>
        <price t="2007-03-05" v="3754821000"/>
        <price t="2007-03-06" v="3754460000"/>
        <price t="2007-03-07" v="3844614500"/>
        <price t="2007-03-08" v="3895622400"/>
        <price t="2007-03-09" v="3828105000"/>
        <price t="2007-03-12" v="3799452800"/>
        <price t="2007-03-13" v="3875517600"/>
        <price t="2007-03-14" v="3742653700"/>
        <price t="2007-03-15" v="3790571600"/>
        <price t="2007-03-16" v="3784300000"/>
        <price t="2007-03-19" v="3798006500"/>
        <price t="2007-03-20" v="3837225600"/>
        <price t="2007-03-21" v="3817749600"/>
        <price t="2007-03-22" v="3910507900"/>
        <price t="2007-03-23" v="3935463100"/>
        <price t="2007-03-26" v="3836238000"/>
        <price t="2007-03-27" v="3859952400"/>
        <price t="2007-03-28" v="3898950800"/>
        <price t="2007-03-29" v="3950856800"/>
        <price t="2007-03-30" v="3954114200"/>
        <price t="2007-04-02" v="3973711800"/>
        <price t="2007-04-03" v="4123614600"/>
        <price t="2007-04-04" v="4107075200"/>
        <price t="2007-04-05" v="4144292700"/>
        <price t="2007-04-10" v="4179513800"/>
        <price t="2007-04-11" v="4159580000"/>
        <price t="2007-04-12" v="4137062400"/>
        <price t="2007-04-13" v="4203039200"/>
        <price t="2007-04-16" v="4443045000"/>
        <price t="2007-04-17" v="4483364100"/>
        <price t="2007-04-18" v="4480410000"/>
        <price t="2007-04-19" v="4442086600"/>
        <price t="2007-04-20" v="4489980000"/>
        <price t="2007-04-23" v="4453474500"/>
        <price t="2007-04-24" v="4446746800"/>
        <price t="2007-04-25" v="5473249000"/>
        <price t="2007-04-26" v="5685847200"/>
        <price t="2007-04-27" v="6166636000"/>
        <price t="2007-04-30" v="6103203000"/>
        <price t="2007-05-02" v="6160799200"/>
        <price t="2007-05-03" v="6232031400"/>
        <price t="2007-05-04" v="6307221100"/>
        <price t="2007-05-07" v="6279238000"/>
        <price t="2007-05-08" v="6068560800"/>
        <price t="2007-05-09" v="6167899500"/>
        <price t="2007-05-10" v="6257590200"/>
        <price t="2007-05-11" v="6052516800"/>
        <price t="2007-05-14" v="6072661800"/>
        <price t="2007-05-15" v="6106991800"/>
        <price t="2007-05-16" v="6025498600"/>
        <price t="2007-05-17" v="6295752800"/>
        <price t="2007-05-18" v="6239851000"/>
        <price t="2007-05-21" v="6599659600"/>
        <price t="2007-05-22" v="6786197600"/>
        <price t="2007-05-23" v="7002659000"/>
        <price t="2007-05-24" v="6858480000"/>
        <price t="2007-05-25" v="6854910000"/>
        <price t="2007-05-29" v="6950380500"/>
        <price t="2007-05-30" v="6884460000"/>
        <price t="2007-05-31" v="6936366800"/>
        <price t="2007-06-01" v="6869826800"/>
        <price t="2007-06-04" v="6804365400"/>
        <price t="2007-06-05" v="7258564800"/>
        <price t="2007-06-06" v="7283507000"/>
        <price t="2007-06-07" v="7435440000"/>
        <price t="2007-06-08" v="7184431800"/>
        <price t="2007-06-11" v="7155742550"/>
        <price t="2007-06-12" v="7060839500"/>
        <price t="2007-06-13" v="6986437470"/>
        <price t="2007-06-14" v="7129613600"/>
        <price t="2007-06-15" v="7162932000"/>
        <price t="2007-06-18" v="7218054000"/>
        <price t="2007-06-19" v="7118333300"/>
        <price t="2007-06-20" v="6951157900"/>
        <price t="2007-06-21" v="6894096200"/>
        <price t="2007-06-22" v="6923459100"/>
        <price t="2007-06-25" v="6871975110"/>
        <price t="2007-06-26" v="6790570000"/>
        <price t="2007-06-27" v="6735125600"/>
        <price t="2007-06-28" v="6957052200"/>
        <price t="2007-06-29" v="6818674500"/>
        <price t="2007-07-02" v="6807588000"/>
        <price t="2007-07-03" v="6925629200"/>
        <price t="2007-07-04" v="6886758780"/>
        <price t="2007-07-05" v="6901840000"/>
        <price t="2007-07-06" v="6787123200"/>
        <price t="2007-07-09" v="7027073900"/>
        <price t="2007-07-10" v="7002458400"/>
        <price t="2007-07-11" v="7135056400"/>
        <price t="2007-07-12" v="7307640000"/>
        <price t="2007-07-13" v="7303219620"/>
        <price t="2007-07-16" v="7434849500"/>
        <price t="2007-07-17" v="7381256000"/>
        <price t="2007-07-18" v="7307003700"/>
        <price t="2007-07-19" v="7356386000"/>
        <price t="2007-07-20" v="7118345130"/>
        <price t="2007-07-23" v="7166188500"/>
        <price t="2007-07-24" v="7088029200"/>
        <price t="2007-07-25" v="8530280100"/>
        <price t="2007-07-26" v="8701120200"/>
        <price t="2007-07-27" v="8329840200"/>
        <price t="2007-07-30" v="8192668200"/>
        <price t="2007-07-31" v="7970620500"/>
        <price t="2007-08-01" v="7608924700"/>
        <price t="2007-08-02" v="7739289600"/>
        <price t="2007-08-03" v="7953338260"/>
        <price t="2007-08-06" v="7758807000"/>
        <price t="2007-08-07" v="7920376860"/>
        <price t="2007-08-08" v="7960517400"/>
        <price t="2007-08-09" v="7674511000"/>
        <price t="2007-08-10" v="7330050000"/>
        <price t="2007-08-13" v="7606337200"/>
        <price t="2007-08-14" v="7394863100"/>
        <price t="2007-08-15" v="7471229160"/>
        <price t="2007-08-16" v="7124757500"/>
        <price t="2007-08-17" v="7399700000"/>
        <price t="2007-08-20" v="7506132000"/>
        <price t="2007-08-21" v="7780743080"/>
        <price t="2007-08-22" v="7843480900"/>
        <price t="2007-08-23" v="7818759740"/>
        <price t="2007-08-24" v="7855855000"/>
        <price t="2007-08-27" v="7938166180"/>
        <price t="2007-08-28" v="7806379840"/>
        <price t="2007-08-29" v="7675616100"/>
        <price t="2007-08-30" v="7828472000"/>
        <price t="2007-08-31" v="8058540000"/>
        <price t="2007-09-03" v="8021068800"/>
        <price t="2007-09-04" v="8198246000"/>
        <price t="2007-09-05" v="8370208000"/>
        <price t="2007-09-06" v="8403701200"/>
        <price t="2007-09-07" v="8354560000"/>
        <price t="2007-09-10" v="8290795000"/>
        <price t="2007-09-11" v="8508672000"/>
        <price t="2007-09-12" v="8789205000"/>
        <price t="2007-09-13" v="8699522000"/>
        <price t="2007-09-14" v="8731800000"/>
        <price t="2007-09-17" v="8648146400"/>
        <price t="2007-09-18" v="8805545000"/>
        <price t="2007-09-19" v="8878317500"/>
        <price t="2007-09-20" v="8966573000"/>
        <price t="2007-09-21" v="8980120800"/>
        <price t="2007-09-24" v="9356919000"/>
        <price t="2007-09-25" v="9132224400"/>
        <price t="2007-09-26" v="9288502500"/>
        <price t="2007-09-27" v="9419774000"/>
        <price t="2007-09-28" v="9180902500"/>
        <price t="2007-10-01" v="9321960000"/>
        <price t="2007-10-02" v="9207250000"/>
        <price t="2007-10-03" v="9267915500"/>
        <price t="2007-10-04" v="9172260900"/>
        <price t="2007-10-05" v="9280284000"/>
        <price t="2007-10-08" v="9481897000"/>
        <price t="2007-10-09" v="9522700800"/>
        <price t="2007-10-10" v="9506112000"/>
        <price t="2007-10-11" v="9557204910"/>
        <price t="2007-10-12" v="9213867300"/>
        <price t="2007-10-15" v="9067652400"/>
        <price t="2007-10-16" v="8828185000"/>
        <price t="2007-10-17" v="9221480000"/>
        <price t="2007-10-18" v="8984061700"/>
        <price t="2007-10-19" v="8975721600"/>
        <price t="2007-10-22" v="9067656600"/>
        <price t="2007-10-23" v="9491738600"/>
        <price t="2007-10-24" v="8370086000"/>
        <price t="2007-10-25" v="8725628200"/>
        <price t="2007-10-26" v="8831776000"/>
        <price t="2007-10-29" v="9040426200"/>
        <price t="2007-10-30" v="8946747000"/>
        <price t="2007-10-31" v="8766439600"/>
        <price t="2007-11-01" v="8828318300"/>
        <price t="2007-11-02" v="8571568000"/>
        <price t="2007-11-05" v="8518799120"/>
        <price t="2007-11-06" v="8518723200"/>
        <price t="2007-11-07" v="8842033200"/>
        <price t="2007-11-08" v="8400684800"/>
        <price t="2007-11-09" v="8044815700"/>
        <price t="2007-11-12" v="7916397000"/>
        <price t="2007-11-13" v="7927218900"/>
        <price t="2007-11-14" v="8065890000"/>
        <price t="2007-11-15" v="7801123100"/>
        <price t="2007-11-16" v="7804587700"/>
        <price t="2007-11-19" v="7798858800"/>
        <price t="2007-11-20" v="8133228500"/>
        <price t="2007-11-21" v="7888455000"/>
        <price t="2007-11-22" v="8007660000"/>
        <price t="2007-11-23" v="8026478000"/>
        <price t="2007-11-26" v="8378518000"/>
        <price t="2007-11-27" v="8438020200"/>
        <price t="2007-11-28" v="8857195670"/>
        <price t="2007-11-29" v="9007865600"/>
        <price t="2007-11-30" v="8942213800"/>
        <price t="2007-12-03" v="8969725600"/>
        <price t="2007-12-04" v="9015595600"/>
        <price t="2007-12-05" v="9294208000"/>
        <price t="2007-12-06" v="9374231400"/>
        <price t="2007-12-07" v="9338737500"/>
        <price t="2007-12-10" v="9272340000"/>
        <price t="2007-12-11" v="9536800000"/>
        <price t="2007-12-12" v="9233510000"/>
        <price t="2007-12-13" v="9165128600"/>
        <price t="2007-12-14" v="9131964600"/>
        <price t="2007-12-17" v="8674661100"/>
        <price t="2007-12-18" v="8552868640"/>
        <price t="2007-12-19" v="8807935500"/>
        <price t="2007-12-20" v="9039870000"/>
        <price t="2007-12-21" v="9165812000"/>
        <price t="2007-12-27" v="9362820000"/>
        <price t="2007-12-28" v="9476340000"/>
        <price t="2008-01-02" v="9547200000"/>
        <price t="2008-01-03" v="9611579500"/>
        <price t="2008-01-04" v="8971688400"/>
        <price t="2008-01-07" v="8889747400"/>
        <price t="2008-01-08" v="9122982000"/>
        <price t="2008-01-09" v="8323560000"/>
        <price t="2008-01-10" v="8311887800"/>
        <price t="2008-01-11" v="8284999200"/>
        <price t="2008-01-14" v="8117775000"/>
        <price t="2008-01-15" v="7904466000"/>
        <price t="2008-01-16" v="8021701600"/>
        <price t="2008-01-17" v="8033038800"/>
        <price t="2008-01-18" v="8213037800"/>
        <price t="2008-01-21" v="7604498200"/>
        <price t="2008-01-22" v="7764435800"/>
        <price t="2008-01-23" v="7246192800"/>
        <price t="2008-01-24" v="7467865900"/>
        <price t="2008-01-25" v="7749535000"/>
        <price t="2008-01-28" v="7666698000"/>
        <price t="2008-01-29" v="7367295100"/>
        <price t="2008-01-30" v="7553100000"/>
        <price t="2008-01-31" v="7435000000"/>
        <price t="2008-02-01" v="7499589300"/>
        <price t="2008-02-04" v="7533132000"/>
        <price t="2008-02-05" v="7307280000"/>
        <price t="2008-02-06" v="7140896400"/>
        <price t="2008-02-07" v="6920275000"/>
        <price t="2008-02-08" v="7314552000"/>
        <price t="2008-02-11" v="7423691000"/>
        <price t="2008-02-12" v="7577205600"/>
        <price t="2008-02-13" v="7581802800"/>
        <price t="2008-02-14" v="7554329000"/>
        <price t="2008-02-15" v="7322326000"/>
        <price t="2008-02-18" v="7288728000"/>
        <price t="2008-02-19" v="7334145000"/>
        <price t="2008-02-20" v="7313344000"/>
        <price t="2008-02-21" v="7269268800"/>
        <price t="2008-02-22" v="7127040000"/>
        <price t="2008-02-25" v="7180318200"/>
        <price t="2008-02-26" v="7051763400"/>
        <price t="2008-02-27" v="7063007560"/>
        <price t="2008-02-28" v="6828643600"/>
        <price t="2008-02-29" v="6570344400"/>
        <price t="2008-03-03" v="6309245000"/>
        <price t="2008-03-04" v="6158430000"/>
        <price t="2008-03-05" v="6572270000"/>
        <price t="2008-03-06" v="6461554200"/>
        <price t="2008-03-07" v="6419638800"/>
        <price t="2008-03-10" v="6382974000"/>
        <price t="2008-03-11" v="6528385500"/>
        <price t="2008-03-12" v="6735590400"/>
        <price t="2008-03-13" v="6561032400"/>
        <price t="2008-03-14" v="6769035000"/>
        <price t="2008-03-17" v="6610784000"/>
        <price t="2008-03-18" v="6925046100"/>
        <price t="2008-03-19" v="7353271200"/>
        <price t="2008-03-20" v="6994330500"/>
        <price t="2008-03-25" v="7518270100"/>
        <price t="2008-03-26" v="7437114000"/>
        <price t="2008-03-27" v="7253667000"/>
        <price t="2008-03-28" v="7158747200"/>
        <price t="2008-03-31" v="6973092000"/>
        <price t="2008-04-01" v="7487046000"/>
        <price t="2008-04-02" v="7851953600"/>
        <price t="2008-04-03" v="7513031400"/>
        <price t="2008-04-04" v="7493105200"/>
        <price t="2008-04-07" v="7766465700"/>
        <price t="2008-04-08" v="7741850200"/>
        <price t="2008-04-09" v="7499729400"/>
        <price t="2008-04-10" v="7415212500"/>
        <price t="2008-04-11" v="7362345000"/>
        <price t="2008-04-14" v="7326717300"/>
        <price t="2008-04-15" v="7280880000"/>
        <price t="2008-04-16" v="7318916000"/>
        <price t="2008-04-17" v="7415398400"/>
        <price t="2008-04-18" v="7970478000"/>
        <price t="2008-04-21" v="8080953400"/>
        <price t="2008-04-22" v="7844424400"/>
        <price t="2008-04-23" v="8097520000"/>
        <price t="2008-04-24" v="7884500000"/>
        <price t="2008-04-25" v="7838549600"/>
        <price t="2008-04-28" v="8137499600"/>
        <price t="2008-04-29" v="8193460200"/>
        <price t="2008-04-30" v="8079246000"/>
        <price t="2008-05-02" v="7840297600"/>
        <price t="2008-05-05" v="7714694600"/>
        <price t="2008-05-06" v="7549713600"/>
        <price t="2008-05-07" v="7576130000"/>
        <price t="2008-05-08" v="7182396000"/>
        <price t="2008-05-09" v="7279172200"/>
        <price t="2008-05-12" v="7272159000"/>
        <price t="2008-05-13" v="7380621000"/>
        <price t="2008-05-14" v="7538863700"/>
        <price t="2008-05-15" v="7388835000"/>
        <price t="2008-05-16" v="7566123600"/>
        <price t="2008-05-19" v="8302541000"/>
        <price t="2008-05-20" v="8097874200"/>
        <price t="2008-05-21" v="7966292100"/>
        <price t="2008-05-22" v="7861745000"/>
        <price t="2008-05-23" v="7776548000"/>
        <price t="2008-05-26" v="7863162900"/>
        <price t="2008-05-27" v="7958800000"/>
        <price t="2008-05-28" v="8062840000"/>
        <price t="2008-05-29" v="8014985400"/>
        <price t="2008-05-30" v="8081218800"/>
        <price t="2008-06-02" v="8146972900"/>
        <price t="2008-06-03" v="8106800700"/>
        <price t="2008-06-04" v="8166048000"/>
        <price t="2008-06-05" v="8329401600"/>
        <price t="2008-06-06" v="8196223500"/>
        <price t="2008-06-09" v="8105084000"/>
        <price t="2008-06-10" v="7943101600"/>
        <price t="2008-06-11" v="7794736000"/>
        <price t="2008-06-12" v="7723917000"/>
        <price t="2008-06-13" v="7976253600"/>
        <price t="2008-06-16" v="8108245500"/>
        <price t="2008-06-17" v="8349841500"/>
        <price t="2008-06-18" v="8166360300"/>
        <price t="2008-06-19" v="8194093300"/>
        <price t="2008-06-20" v="8159347000"/>
        <price t="2008-06-23" v="8080387810"/>
        <price t="2008-06-24" v="7794897600"/>
        <price t="2008-06-25" v="8244071500"/>
        <price t="2008-06-26" v="7863926900"/>
        <price t="2008-06-27" v="7385812000"/>
        <price t="2008-06-30" v="7557261600"/>
        <price t="2008-07-01" v="7171315000"/>
        <price t="2008-07-02" v="7329242200"/>
        <price t="2008-07-03" v="7167312000"/>
        <price t="2008-07-04" v="7216495500"/>
        <price t="2008-07-07" v="7243439310"/>
        <price t="2008-07-08" v="7365046500"/>
        <price t="2008-07-09" v="7543200000"/>
        <price t="2008-07-10" v="6950790000"/>
        <price t="2008-07-11" v="6775796500"/>
        <price t="2008-07-14" v="7051915000"/>
        <price t="2008-07-15" v="6450366000"/>
        <price t="2008-07-16" v="7263993600"/>
        <price t="2008-07-17" v="6899069700"/>
        <price t="2008-07-18" v="6940060800"/>
        <price t="2008-07-21" v="6866514000"/>
        <price t="2008-07-22" v="6754431700"/>
        <price t="2008-07-23" v="6957522000"/>
        <price t="2008-07-24" v="7920177170"/>
        <price t="2008-07-25" v="7867000000"/>
        <price t="2008-07-28" v="7643108400"/>
        <price t="2008-07-29" v="7673463000"/>
        <price t="2008-07-30" v="7638765890"/>
        <price t="2008-07-31" v="7769594700"/>
        <price t="2008-08-01" v="7505110600"/>
        <price t="2008-08-04" v="7610217400"/>
        <price t="2008-08-05" v="7703233800"/>
        <price t="2008-08-06" v="7692566000"/>
        <price t="2008-08-07" v="7717089510"/>
        <price t="2008-08-08" v="7858076200"/>
        <price t="2008-08-11" v="8706960000"/>
        <price t="2008-08-12" v="8810037000"/>
        <price t="2008-08-13" v="8654172100"/>
        <price t="2008-08-14" v="8787676500"/>
        <price t="2008-08-15" v="8852129000"/>
        <price t="2008-08-18" v="8557728000"/>
        <price t="2008-08-19" v="8176556700"/>
        <price t="2008-08-20" v="8273141000"/>
        <price t="2008-08-21" v="8208437400"/>
        <price t="2008-08-22" v="8462772000"/>
        <price t="2008-08-25" v="8454107500"/>
        <price t="2008-08-26" v="8233272000"/>
        <price t="2008-08-27" v="8217835500"/>
        <price t="2008-08-28" v="8274714200"/>
        <price t="2008-08-29" v="8213289000"/>
        <price t="2008-09-01" v="8092723500"/>
        <price t="2008-09-02" v="8324926000"/>
        <price t="2008-09-03" v="8159165000"/>
        <price t="2008-09-04" v="7990132000"/>
        <price t="2008-09-05" v="7797383100"/>
        <price t="2008-09-08" v="8244120000"/>
        <price t="2008-09-09" v="8202105600"/>
        <price t="2008-09-10" v="7901096400"/>
        <price t="2008-09-11" v="7698535000"/>
        <price t="2008-09-12" v="7816476200"/>
        <price t="2008-09-15" v="7920314700"/>
        <price t="2008-09-16" v="7928171900"/>
        <price t="2008-09-17" v="7417816000"/>
        <price t="2008-09-18" v="7303207200"/>
        <price t="2008-09-19" v="7889591200"/>
        <price t="2008-09-22" v="7992193500"/>
        <price t="2008-09-23" v="7442101200"/>
        <price t="2008-09-24" v="7121712000"/>
        <price t="2008-09-25" v="7188300000"/>
        <price t="2008-09-26" v="7302432000"/>
        <price t="2008-09-29" v="6557493000"/>
        <price t="2008-09-30" v="6936955000"/>
        <price t="2008-10-01" v="7234817800"/>
        <price t="2008-10-02" v="6617828000"/>
        <price t="2008-10-03" v="6869964400"/>
        <price t="2008-10-06" v="6150297400"/>
        <price t="2008-10-07" v="6270720000"/>
        <price t="2008-10-08" v="5808213000"/>
        <price t="2008-10-09" v="6236255600"/>
        <price t="2008-10-10" v="5669232500"/>
        <price t="2008-10-13" v="5907050900"/>
        <price t="2008-10-14" v="5942239200"/>
        <price t="2008-10-15" v="5177500000"/>
        <price t="2008-10-16" v="4531463430"/>
        <price t="2008-10-17" v="5165901600"/>
        <price t="2008-10-20" v="5185691200"/>
        <price t="2008-10-21" v="5247232000"/>
        <price t="2008-10-22" v="4957398000"/>
        <price t="2008-10-23" v="4227300000"/>
        <price t="2008-10-24" v="5071149600"/>
        <price t="2008-10-27" v="4984000000"/>
        <price t="2008-10-28" v="5202173060"/>
        <price t="2008-10-29" v="5626462000"/>
        <price t="2008-10-30" v="5754952500"/>
        <price t="2008-10-31" v="5572257600"/>
        <price t="2008-11-03" v="5669888400"/>
        <price t="2008-11-04" v="5608750000"/>
        <price t="2008-11-05" v="5644782000"/>
        <price t="2008-11-06" v="5059474000"/>
        <price t="2008-11-07" v="4773295200"/>
        <price t="2008-11-10" v="4774826400"/>
        <price t="2008-11-11" v="4823337330"/>
        <price t="2008-11-12" v="4416825000"/>
        <price t="2008-11-13" v="4108200000"/>
        <price t="2008-11-14" v="4289220000"/>
        <price t="2008-11-17" v="4028412000"/>
        <price t="2008-11-18" v="3962919600"/>
        <price t="2008-11-19" v="3853370000"/>
        <price t="2008-11-20" v="3696127400"/>
        <price t="2008-11-21" v="3737753200"/>
        <price t="2008-11-24" v="4020940400"/>
        <price t="2008-11-25" v="4243003200"/>
        <price t="2008-11-26" v="4049948500"/>
        <price t="2008-11-27" v="4254420000"/>
        <price t="2008-11-28" v="4390815000"/>
        <price t="2008-12-01" v="4193420800"/>
        <price t="2008-12-02" v="4031297500"/>
        <price t="2008-12-03" v="4262787100"/>
        <price t="2008-12-04" v="4862359800"/>
        <price t="2008-12-05" v="4641722500"/>
        <price t="2008-12-08" v="4941077600"/>
        <price t="2008-12-09" v="5200673800"/>
        <price t="2008-12-10" v="5212652500"/>
        <price t="2008-12-11" v="4820832000"/>
        <price t="2008-12-12" v="4894446000"/>
        <price t="2008-12-15" v="5140555000"/>
        <price t="2008-12-16" v="5035182000"/>
        <price t="2008-12-17" v="5097793400"/>
        <price t="2008-12-18" v="5422536000"/>
        <price t="2008-12-19" v="5213560000"/>
        <price t="2008-12-22" v="5203825000"/>
        <price t="2008-12-23" v="5032080000"/>
        <price t="2008-12-29" v="5101525000"/>
        <price t="2008-12-30" v="5061182000"/>
        <price t="2009-01-02" v="5262147000"/>
        <price t="2009-01-05" v="5280681600"/>
        <price t="2009-01-06" v="5376795600"/>
        <price t="2009-01-07" v="5655520000"/>
        <price t="2009-01-08" v="5582970000"/>
        <price t="2009-01-09" v="5676123200"/>
        <price t="2009-01-12" v="5625480000"/>
        <price t="2009-01-13" v="5225228000"/>
        <price t="2009-01-14" v="4963586400"/>
        <price t="2009-01-15" v="4851918000"/>
        <price t="2009-01-16" v="5169992000"/>
        <price t="2009-01-19" v="5167344000"/>
        <price t="2009-01-20" v="4856637300"/>
        <price t="2009-01-21" v="4892890000"/>
        <price t="2009-01-22" v="4849524000"/>
        <price t="2009-01-23" v="4922236500"/>
        <price t="2009-01-26" v="4988160000"/>
        <price t="2009-01-27" v="4946837000"/>
        <price t="2009-01-28" v="5018910000"/>
        <price t="2009-01-29" v="5128892090"/>
        <price t="2009-01-30" v="5835124800"/>
        <price t="2009-02-02" v="5971680000"/>
        <price t="2009-02-03" v="6100705200"/>
        <price t="2009-02-04" v="6174430600"/>
        <price t="2009-02-05" v="6043870190"/>
        <price t="2009-02-06" v="6518282400"/>
        <price t="2009-02-09" v="6613267200"/>
        <price t="2009-02-10" v="6637807300"/>
        <price t="2009-02-11" v="6347382800"/>
        <price t="2009-02-12" v="6323974070"/>
        <price t="2009-02-13" v="6334562000"/>
        <price t="2009-02-16" v="6267615000"/>
        <price t="2009-02-17" v="6224771800"/>
        <price t="2009-02-18" v="6298000000"/>
        <price t="2009-02-19" v="6352500000"/>
        <price t="2009-02-20" v="6175885500"/>
        <price t="2009-02-23" v="6429715200"/>
        <price t="2009-02-24" v="6304922000"/>
        <price t="2009-02-25" v="6480667500"/>
        <price t="2009-02-26" v="6480474000"/>
        <price t="2009-02-27" v="6297976400"/>
        <price t="2009-03-02" v="6428998400"/>
        <price t="2009-03-03" v="6310023000"/>
        <price t="2009-03-04" v="6369151500"/>
        <price t="2009-03-05" v="6541155000"/>
        <price t="2009-03-06" v="6323936800"/>
        <price t="2009-03-09" v="6365429000"/>
        <price t="2009-03-10" v="6218929500"/>
        <price t="2009-03-11" v="6665341800"/>
        <price t="2009-03-12" v="6847317400"/>
        <price t="2009-03-13" v="6860298000"/>
        <price t="2009-03-16" v="6781840000"/>
        <price t="2009-03-17" v="6881261400"/>
        <price t="2009-03-18" v="7112521000"/>
        <price t="2009-03-19" v="6959906100"/>
        <price t="2009-03-20" v="7021091800"/>
        <price t="2009-03-23" v="7321320000"/>
        <price t="2009-03-24" v="7407238800"/>
        <price t="2009-03-25" v="7169362200"/>
        <price t="2009-03-26" v="7415815000"/>
        <price t="2009-03-27" v="7176641000"/>
        <price t="2009-03-30" v="7058255000"/>
        <price t="2009-03-31" v="7319400000"/>
        <price t="2009-04-01" v="7388618800"/>
        <price t="2009-04-02" v="7467379200"/>
        <price t="2009-04-03" v="7575727500"/>
        <price t="2009-04-06" v="7749403200"/>
        <price t="2009-04-07" v="7646809500"/>
        <price t="2009-04-08" v="7541670000"/>
        <price t="2009-04-09" v="7937254000"/>
        <price t="2009-04-14" v="7832840000"/>
        <price t="2009-04-15" v="7437475800"/>
        <price t="2009-04-16" v="7608813600"/>
        <price t="2009-04-17" v="7675492400"/>
        <price t="2009-04-20" v="7854802800"/>
        <price t="2009-04-21" v="7813514400"/>
        <price t="2009-04-22" v="8058342270"/>
        <price t="2009-04-23" v="8135370000"/>
        <price t="2009-04-24" v="8542579200"/>
        <price t="2009-04-27" v="8360625000"/>
        <price t="2009-04-28" v="8392832000"/>
        <price t="2009-04-29" v="8272677600"/>
        <price t="2009-04-30" v="8230500000"/>
        <price t="2009-05-04" v="7960246000"/>
        <price t="2009-05-05" v="8122218000"/>
        <price t="2009-05-06" v="8302270400"/>
        <price t="2009-05-07" v="7953523970"/>
        <price t="2009-05-08" v="7625400000"/>
        <price t="2009-05-11" v="7729035600"/>
        <price t="2009-05-12" v="7799310000"/>
        <price t="2009-05-13" v="7568938800"/>
        <price t="2009-05-14" v="7348433400"/>
        <price t="2009-05-15" v="7443145980"/>
        <price t="2009-05-18" v="7320495000"/>
        <price t="2009-05-19" v="7690780000"/>
        <price t="2009-05-20" v="7915558000"/>
        <price t="2009-05-21" v="7649790500"/>
        <price t="2009-05-22" v="7611945600"/>
        <price t="2009-05-25" v="7496891100"/>
        <price t="2009-05-26" v="7714767600"/>
        <price t="2009-05-27" v="7915229400"/>
        <price t="2009-05-28" v="7591702400"/>
        <price t="2009-05-29" v="7753900000"/>
        <price t="2009-06-01" v="8206362000"/>
        <price t="2009-06-02" v="8327806200"/>
        <price t="2009-06-03" v="8495786000"/>
        <price t="2009-06-04" v="8469685500"/>
        <price t="2009-06-05" v="8666400100"/>
        <price t="2009-06-08" v="8570574600"/>
        <price t="2009-06-09" v="8639225100"/>
        <price t="2009-06-10" v="8637475000"/>
        <price t="2009-06-11" v="8571378400"/>
        <price t="2009-06-12" v="8402400000"/>
        <price t="2009-06-15" v="8217205000"/>
        <price t="2009-06-16" v="8292330000"/>
        <price t="2009-06-17" v="8165600000"/>
        <price t="2009-06-18" v="8212800000"/>
        <price t="2009-06-19" v="8310438000"/>
        <price t="2009-06-22" v="8105544200"/>
        <price t="2009-06-23" v="7636181400"/>
        <price t="2009-06-24" v="7836599400"/>
        <price t="2009-06-25" v="8125626000"/>
        <price t="2009-06-26" v="8313820800"/>
        <price t="2009-06-29" v="8291408400"/>
        <price t="2009-06-30" v="8456372200"/>
        <price t="2009-07-01" v="8330736000"/>
        <price t="2009-07-02" v="8078175000"/>
        <price t="2009-07-03" v="7678332900"/>
        <price t="2009-07-06" v="7824011000"/>
        <price t="2009-07-07" v="7738488000"/>
        <price t="2009-07-08" v="7742857000"/>
        <price t="2009-07-09" v="7862380000"/>
        <price t="2009-07-10" v="7645550000"/>
        <price t="2009-07-13" v="7993700000"/>
        <price t="2009-07-14" v="8169344900"/>
        <price t="2009-07-15" v="8354777000"/>
        <price t="2009-07-16" v="8407350000"/>
        <price t="2009-07-17" v="8608990000"/>
        <price t="2009-07-20" v="8672370000"/>
        <price t="2009-07-21" v="8818260000"/>
        <price t="2009-07-22" v="8840993000"/>
        <price t="2009-07-23" v="9324405990"/>
        <price t="2009-07-24" v="8648593300"/>
        <price t="2009-07-27" v="8501470200"/>
        <price t="2009-07-28" v="8407916100"/>
        <price t="2009-07-29" v="8434192000"/>
        <price t="2009-07-30" v="8579356500"/>
        <price t="2009-07-31" v="8553490000"/>
        <price t="2009-08-03" v="8779181400"/>
        <price t="2009-08-04" v="8698004800"/>
        <price t="2009-08-05" v="8431291000"/>
        <price t="2009-08-06" v="8318793000"/>
        <price t="2009-08-07" v="8625685600"/>
        <price t="2009-08-10" v="8538100380"/>
        <price t="2009-08-11" v="8397604800"/>
        <price t="2009-08-12" v="8360300000"/>
        <price t="2009-08-13" v="8504335000"/>
        <price t="2009-08-14" v="8483489000"/>
        <price t="2009-08-17" v="8023854400"/>
        <price t="2009-08-18" v="8167299200"/>
        <price t="2009-08-19" v="8079120000"/>
        <price t="2009-08-20" v="8303811430"/>
        <price t="2009-08-21" v="8454700000"/>
        <price t="2009-08-24" v="8550831000"/>
        <price t="2009-08-25" v="8594400000"/>
        <price t="2009-08-26" v="8419300000"/>
        <price t="2009-08-27" v="8382450000"/>
        <price t="2009-08-28" v="8441722800"/>
        <price t="2009-08-31" v="8092224000"/>
        <price t="2009-09-01" v="8087410000"/>
        <price t="2009-09-02" v="7941870000"/>
        <price t="2009-09-03" v="7814008500"/>
        <price t="2009-09-04" v="7779921000"/>
        <price t="2009-09-07" v="7895830000"/>
        <price t="2009-09-08" v="7952913500"/>
        <price t="2009-09-09" v="8097467200"/>
        <price t="2009-09-10" v="8305195000"/>
        <price t="2009-09-11" v="8465979400"/>
        <price t="2009-09-14" v="8305594400"/>
        <price t="2009-09-15" v="8415936000"/>
        <price t="2009-09-16" v="8790863200"/>
        <price t="2009-09-17" v="8927241600"/>
        <price t="2009-09-18" v="9058280000"/>
        <price t="2009-09-21" v="8982422400"/>
        <price t="2009-09-22" v="9281840000"/>
        <price t="2009-09-23" v="9328073000"/>
        <price t="2009-09-24" v="9104472000"/>
        <price t="2009-09-25" v="9139410000"/>
        <price t="2009-09-28" v="9280775000"/>
        <price t="2009-09-29" v="9065481900"/>
        <price t="2009-09-30" v="9214839900"/>
        <price t="2009-10-01" v="9107229600"/>
        <price t="2009-10-02" v="9092893500"/>
        <price t="2009-10-05" v="9053150400"/>
        <price t="2009-10-06" v="8840561000"/>
        <price t="2009-10-07" v="9430609200"/>
        <price t="2009-10-08" v="9595950000"/>
        <price t="2009-10-09" v="9553575000"/>
        <price t="2009-10-12" v="9501277500"/>
        <price t="2009-10-13" v="9472827200"/>
        <price t="2009-10-14" v="9730685900"/>
        <price t="2009-10-15" v="9483232000"/>
        <price t="2009-10-16" v="9452223300"/>
        <price t="2009-10-19" v="9483372600"/>
        <price t="2009-10-20" v="9536527000"/>
        <price t="2009-10-21" v="9574805700"/>
        <price t="2009-10-22" v="9169500000"/>
        <price t="2009-10-23" v="11538364000"/>
        <price t="2009-10-26" v="12393678800"/>
        <price t="2009-10-27" v="12199654800"/>
        <price t="2009-10-28" v="12145877500"/>
        <price t="2009-10-29" v="12111372000"/>
        <price t="2009-10-30" v="12313600000"/>
        <price t="2009-11-02" v="11876688000"/>
        <price t="2009-11-03" v="11697084000"/>
        <price t="2009-11-04" v="11757136500"/>
        <price t="2009-11-05" v="12042270000"/>
        <price t="2009-11-06" v="12591086400"/>
        <price t="2009-11-09" v="12773860000"/>
        <price t="2009-11-10" v="12721100000"/>
        <price t="2009-11-11" v="13022042000"/>
        <price t="2009-11-12" v="13174633800"/>
        <price t="2009-11-13" v="13082353200"/>
        <price t="2009-11-16" v="13410136500"/>
        <price t="2009-11-17" v="13015625000"/>
        <price t="2009-11-18" v="13020068500"/>
        <price t="2009-11-19" v="12856495000"/>
        <price t="2009-11-20" v="12838679000"/>
        <price t="2009-11-23" v="13240692800"/>
        <price t="2009-11-24" v="13380639410"/>
        <price t="2009-11-25" v="13265498500"/>
        <price t="2009-11-26" v="13025865300"/>
        <price t="2009-11-27" v="13226298800"/>
        <price t="2009-11-30" v="13380986100"/>
        <price t="2009-12-01" v="13828887600"/>
        <price t="2009-12-02" v="14231379000"/>
        <price t="2009-12-03" v="14519887200"/>
        <price t="2009-12-04" v="14138153720"/>
        <price t="2009-12-07" v="13709027700"/>
        <price t="2009-12-08" v="13419224200"/>
        <price t="2009-12-09" v="13100692800"/>
        <price t="2009-12-10" v="13055199000"/>
        <price t="2009-12-11" v="13532169000"/>
        <price t="2009-12-14" v="13062048130"/>
        <price t="2009-12-15" v="13232310000"/>
        <price t="2009-12-16" v="12990432000"/>
        <price t="2009-12-17" v="12862802400"/>
        <price t="2009-12-18" v="12648101400"/>
        <price t="2009-12-21" v="13297584000"/>
        <price t="2009-12-22" v="13556482600"/>
        <price t="2009-12-23" v="13636435200"/>
        <price t="2009-12-28" v="14160115000"/>
        <price t="2009-12-29" v="14101041000"/>
        <price t="2009-12-30" v="13836313380"/>
        <price t="2010-01-04" v="13345797500"/>
        <price t="2010-01-05" v="13504714200"/>
        <price t="2010-01-06" v="13278055000"/>
        <price t="2010-01-07" v="13010918400"/>
        <price t="2010-01-08" v="13058367700"/>
        <price t="2010-01-11" v="12945900800"/>
        <price t="2010-01-12" v="12765001500"/>
        <price t="2010-01-13" v="12777576200"/>
        <price t="2010-01-14" v="12783895000"/>
        <price t="2010-01-15" v="12868898460"/>
        <price t="2010-01-18" v="12667710400"/>
        <price t="2010-01-19" v="12566947900"/>
        <price t="2010-01-20" v="12617049600"/>
        <price t="2010-01-21" v="12545088000"/>
        <price t="2010-01-22" v="12580150000"/>
        <price t="2010-01-25" v="11886840000"/>
        <price t="2010-01-26" v="12145354650"/>
        <price t="2010-01-27" v="12283448800"/>
        <price t="2010-01-28" v="12473109000"/>
        <price t="2010-01-29" v="12915756800"/>
        <price t="2010-02-01" v="11625702800"/>
        <price t="2010-02-02" v="11498025000"/>
        <price t="2010-02-03" v="11964710400"/>
        <price t="2010-02-04" v="11751948900"/>
        <price t="2010-02-05" v="11696221300"/>
        <price t="2010-02-08" v="11905455000"/>
        <price t="2010-02-09" v="11767552000"/>
        <price t="2010-02-10" v="11843880000"/>
        <price t="2010-02-11" v="11923685600"/>
        <price t="2010-02-12" v="11848356000"/>
        <price t="2010-02-15" v="11951028100"/>
        <price t="2010-02-16" v="11792736000"/>
        <price t="2010-02-17" v="11658864400"/>
        <price t="2010-02-18" v="11485822200"/>
        <price t="2010-02-19" v="11775049000"/>
        <price t="2010-02-22" v="11820555000"/>
        <price t="2010-02-23" v="11764470500"/>
        <price t="2010-02-24" v="11831949800"/>
        <price t="2010-02-25" v="11551979600"/>
        <price t="2010-02-26" v="11738050000"/>
        <price t="2010-03-01" v="12037250000"/>
        <price t="2010-03-02" v="12667380000"/>
        <price t="2010-03-03" v="12527894400"/>
        <price t="2010-03-04" v="12827418000"/>
        <price t="2010-03-05" v="12796960400"/>
        <price t="2010-03-08" v="12917421000"/>
        <price t="2010-03-09" v="12980827500"/>
        <price t="2010-03-10" v="13027492000"/>
        <price t="2010-03-11" v="13243192900"/>
        <price t="2010-03-12" v="13203388000"/>
        <price t="2010-03-15" v="13017009000"/>
        <price t="2010-03-16" v="13196036800"/>
        <price t="2010-03-17" v="13274540000"/>
        <price t="2010-03-18" v="13259762000"/>
        <price t="2010-03-19" v="13103625600"/>
        <price t="2010-03-22" v="12902523800"/>
        <price t="2010-03-23" v="12883607000"/>
        <price t="2010-03-24" v="12756463200"/>
        <price t="2010-03-25" v="13589730000"/>
        <price t="2010-03-26" v="13493206500"/>
        <price t="2010-03-29" v="13497942000"/>
        <price t="2010-03-30" v="13805568000"/>
        <price t="2010-03-31" v="13505958000"/>
        <price t="2010-04-01" v="13326586000"/>
        <price t="2010-04-06" v="13563450000"/>
        <price t="2010-04-07" v="13573450000"/>
        <price t="2010-04-08" v="13867728000"/>
        <price t="2010-04-09" v="13905976000"/>
        <price t="2010-04-12" v="14209910000"/>
        <price t="2010-04-13" v="14038030500"/>
        <price t="2010-04-14" v="14357017500"/>
        <price t="2010-04-15" v="14539484000"/>
        <price t="2010-04-16" v="14482450000"/>
        <price t="2010-04-19" v="14056588000"/>
        <price t="2010-04-20" v="14315389000"/>
        <price t="2010-04-21" v="14469586000"/>
        <price t="2010-04-22" v="14746264500"/>
        <price t="2010-04-23" v="14262736500"/>
        <price t="2010-04-26" v="14633118500"/>
        <price t="2010-04-27" v="14333265000"/>
        <price t="2010-04-28" v="14112547500"/>
        <price t="2010-04-29" v="14064748560"/>
        <price t="2010-04-30" v="13854257500"/>
        <price t="2010-05-03" v="13721319380"/>
        <price t="2010-05-04" v="13291879500"/>
        <price t="2010-05-05" v="13117860000"/>
        <price t="2010-05-06" v="13025957230"/>
        <price t="2010-05-07" v="12822476000"/>
        <price t="2010-05-10" v="13267287000"/>
        <price t="2010-05-11" v="13040846000"/>
        <price t="2010-05-12" v="13003150000"/>
        <price t="2010-05-13" v="13568786000"/>
        <price t="2010-05-14" v="13060386000"/>
        <price t="2010-05-17" v="12830611000"/>
        <price t="2010-05-18" v="12956190000"/>
        <price t="2010-05-19" v="12527670000"/>
        <price t="2010-05-20" v="12272330000"/>
        <price t="2010-05-21" v="12255807900"/>
        <price t="2010-05-24" v="12298200000"/>
        <price t="2010-05-25" v="12156995800"/>
        <price t="2010-05-26" v="12512098500"/>
        <price t="2010-05-27" v="12420442500"/>
        <price t="2010-05-28" v="12761588160"/>
        <price t="2010-05-31" v="12553140000"/>
        <price t="2010-06-01" v="12379867500"/>
        <price t="2010-06-02" v="12260763000"/>
        <price t="2010-06-03" v="12685112000"/>
        <price t="2010-06-04" v="12801690000"/>
        <price t="2010-06-07" v="12419421500"/>
        <price t="2010-06-08" v="11780783000"/>
        <price t="2010-06-09" v="12034020000"/>
        <price t="2010-06-10" v="12117270000"/>
        <price t="2010-06-11" v="12242206500"/>
        <price t="2010-06-14" v="12457233000"/>
        <price t="2010-06-15" v="12454128000"/>
        <price t="2010-06-16" v="12663725500"/>
        <price t="2010-06-17" v="12560808000"/>
        <price t="2010-06-18" v="12712230000"/>
        <price t="2010-06-21" v="12620233500"/>
        <price t="2010-06-22" v="12398967000"/>
        <price t="2010-06-23" v="12148290000"/>
        <price t="2010-06-24" v="11716341000"/>
        <price t="2010-06-25" v="12039514200"/>
        <price t="2010-06-28" v="11956491000"/>
        <price t="2010-06-29" v="11186785800"/>
        <price t="2010-06-30" v="11181335200"/>
        <price t="2010-07-01" v="10803026400"/>
        <price t="2010-07-02" v="10891664000"/>
        <price t="2010-07-05" v="10876908000"/>
        <price t="2010-07-06" v="11207889000"/>
        <price t="2010-07-07" v="11077810500"/>
        <price t="2010-07-08" v="11567442000"/>
        <price t="2010-07-09" v="11598238600"/>
        <price t="2010-07-12" v="11767392000"/>
        <price t="2010-07-13" v="12160507500"/>
        <price t="2010-07-14" v="12290152500"/>
        <price t="2010-07-15" v="11999311200"/>
        <price t="2010-07-16" v="12043200000"/>
        <price t="2010-07-19" v="11781800100"/>
        <price t="2010-07-20" v="11777948000"/>
        <price t="2010-07-21" v="11868542000"/>
        <price t="2010-07-22" v="11821871500"/>
        <price t="2010-07-23" v="11246184000"/>
        <price t="2010-07-26" v="11618503500"/>
        <price t="2010-07-27" v="11579820500"/>
        <price t="2010-07-28" v="11679808000"/>
        <price t="2010-07-29" v="11624875500"/>
        <price t="2010-07-30" v="11653546000"/>
        <price t="2010-08-02" v="11765700000"/>
        <price t="2010-08-03" v="12229425000"/>
        <price t="2010-08-04" v="12611862060"/>
        <price t="2010-08-05" v="12617088000"/>
        <price t="2010-08-06" v="12497436000"/>
        <price t="2010-08-09" v="12881916000"/>
        <price t="2010-08-10" v="12857338330"/>
        <price t="2010-08-11" v="12678885600"/>
        <price t="2010-08-12" v="12540595000"/>
        <price t="2010-08-13" v="12466226000"/>
        <price t="2010-08-16" v="12627700000"/>
        <price t="2010-08-17" v="12692820000"/>
        <price t="2010-08-18" v="12925080000"/>
        <price t="2010-08-19" v="12701222000"/>
        <price t="2010-08-20" v="12676680300"/>
        <price t="2010-08-23" v="12704000000"/>
        <price t="2010-08-24" v="12365085500"/>
        <price t="2010-08-25" v="12513357300"/>
        <price t="2010-08-26" v="12635881500"/>
        <price t="2010-08-27" v="12490522500"/>
        <price t="2010-08-30" v="12528550000"/>
        <price t="2010-08-31" v="12432740000"/>
        <price t="2010-09-01" v="13062272000"/>
        <price t="2010-09-02" v="13420446000"/>
        <price t="2010-09-03" v="13732380000"/>
        <price t="2010-09-06" v="13903791260"/>
        <price t="2010-09-07" v="13801752000"/>
        <price t="2010-09-08" v="13757199500"/>
        <price t="2010-09-09" v="13986500000"/>
        <price t="2010-09-10" v="14182012500"/>
        <price t="2010-09-13" v="14490732000"/>
        <price t="2010-09-14" v="14411275000"/>
        <price t="2010-09-15" v="14352715110"/>
        <price t="2010-09-16" v="14673516000"/>
        <price t="2010-09-17" v="14725150000"/>
        <price t="2010-09-20" v="15035100000"/>
        <price t="2010-09-21" v="15219200000"/>
        <price t="2010-09-22" v="15041182000"/>
        <price t="2010-09-23" v="15527956500"/>
        <price t="2010-09-24" v="15819319880"/>
        <price t="2010-09-27" v="15997333770"/>
        <price t="2010-09-28" v="15775120000"/>
        <price t="2010-09-29" v="16067785500"/>
        <price t="2010-09-30" v="15715672000"/>
        <price t="2010-10-01" v="15249586000"/>
        <price t="2010-10-04" v="15472945000"/>
        <price t="2010-10-05" v="15805660000"/>
        <price t="2010-10-06" v="15844197440"/>
        <price t="2010-10-07" v="15646400000"/>
        <price t="2010-10-08" v="15254463000"/>
        <price t="2010-10-11" v="15538640000"/>
        <price t="2010-10-12" v="15430711500"/>
        <price t="2010-10-13" v="15507198420"/>
        <price t="2010-10-14" v="15567504000"/>
        <price t="2010-10-15" v="15962977890"/>
        <price t="2010-10-18" v="16466760000"/>
        <price t="2010-10-19" v="16159594000"/>
        <price t="2010-10-20" v="15635346610"/>
        <price t="2010-10-21" v="16587936000"/>
        <price t="2010-10-22" v="16790470000"/>
        <price t="2010-10-25" v="17005431690"/>
        <price t="2010-10-26" v="16979596000"/>
        <price t="2010-10-27" v="16756842000"/>
        <price t="2010-10-28" v="16545258000"/>
        <price t="2010-10-29" v="16725399000"/>
        <price t="2010-11-01" v="16321272000"/>
        <price t="2010-11-02" v="16359006000"/>
        <price t="2010-11-03" v="16263247000"/>
        <price t="2010-11-04" v="17071434000"/>
        <price t="2010-11-05" v="17126144000"/>
        <price t="2010-11-08" v="17187495000"/>
        <price t="2010-11-09" v="17284827500"/>
        <price t="2010-11-10" v="17212500000"/>
        <price t="2010-11-11" v="17022250000"/>
        <price t="2010-11-12" v="16912518500"/>
        <price t="2010-11-15" v="16126371000"/>
        <price t="2010-11-16" v="15857980000"/>
        <price t="2010-11-17" v="15921061000"/>
        <price t="2010-11-18" v="16465105500"/>
        <price t="2010-11-19" v="16408800000"/>
        <price t="2010-11-22" v="16894986000"/>
        <price t="2010-11-23" v="16640568000"/>
        <price t="2010-11-24" v="17607613390"/>
        <price t="2010-11-25" v="17916611790"/>
        <price t="2010-11-26" v="17708275000"/>
        <price t="2010-11-29" v="18056031000"/>
        <price t="2010-11-30" v="17631787000"/>
        <price t="2010-12-01" v="17947877500"/>
        <price t="2010-12-02" v="17529037500"/>
        <price t="2010-12-03" v="17378752000"/>
        <price t="2010-12-06" v="17542880000"/>
        <price t="2010-12-07" v="18013324000"/>
        <price t="2010-12-08" v="17615400000"/>
        <price t="2010-12-09" v="17548192000"/>
        <price t="2010-12-10" v="17535056000"/>
        <price t="2010-12-13" v="17605309000"/>
        <price t="2010-12-14" v="17505805000"/>
        <price t="2010-12-15" v="17815560000"/>
        <price t="2010-12-16" v="17858062000"/>
        <price t="2010-12-17" v="17947277400"/>
        <price t="2010-12-20" v="17985096000"/>
        <price t="2010-12-21" v="18338070000"/>
        <price t="2010-12-22" v="18461696000"/>
        <price t="2010-12-23" v="18211216000"/>
        <price t="2010-12-27" v="18075136000"/>
        <price t="2010-12-28" v="18215697500"/>
        <price t="2010-12-29" v="18140816000"/>
        <price t="2010-12-30" v="18167040000"/>
        <price t="2011-01-03" v="18520350000"/>
        <price t="2011-01-04" v="18614927000"/>
        <price t="2011-01-05" v="18709608000"/>
        <price t="2011-01-06" v="18720130000"/>
        <price t="2011-01-07" v="18501827500"/>
        <price t="2011-01-10" v="18244842000"/>
        <price t="2011-01-11" v="18399108000"/>
        <price t="2011-01-12" v="18278957000"/>
        <price t="2011-01-13" v="18386207000"/>
        <price t="2011-01-14" v="18762019500"/>
        <price t="2011-01-17" v="18901620000"/>
        <price t="2011-01-18" v="19006876500"/>
        <price t="2011-01-19" v="18773340000"/>
        <price t="2011-01-20" v="18274768000"/>
        <price t="2011-01-21" v="18003211500"/>
        <price t="2011-01-24" v="17479448000"/>
        <price t="2011-01-25" v="17470860000"/>
        <price t="2011-01-26" v="17504839500"/>
        <price t="2011-01-27" v="17913096000"/>
        <price t="2011-01-28" v="17075805000"/>
        <price t="2011-01-31" v="16964388000"/>
        <price t="2011-02-01" v="17179995000"/>
        <price t="2011-02-02" v="17295159000"/>
        <price t="2011-02-03" v="17387425000"/>
        <price t="2011-02-04" v="17652145000"/>
        <price t="2011-02-07" v="17605347000"/>
        <price t="2011-02-08" v="17800492500"/>
        <price t="2011-02-09" v="18368862000"/>
        <price t="2011-02-10" v="18617074000"/>
        <price t="2011-02-11" v="18649596000"/>
        <price t="2011-02-14" v="18997440000"/>
        <price t="2011-02-15" v="18981550000"/>
        <price t="2011-02-16" v="18704595000"/>
        <price t="2011-02-17" v="18726360000"/>
        <price t="2011-02-18" v="18791633000"/>
        <price t="2011-02-21" v="18520140000"/>
        <price t="2011-02-22" v="18300113000"/>
        <price t="2011-02-23" v="17630604000"/>
        <price t="2011-02-24" v="17767170000"/>
        <price t="2011-02-25" v="17890600000"/>
        <price t="2011-02-28" v="17382421000"/>
        <price t="2011-03-01" v="17101525000"/>
        <price t="2011-03-02" v="17164587000"/>
        <price t="2011-03-03" v="17264025000"/>
        <price t="2011-03-04" v="17118260500"/>
        <price t="2011-03-07" v="16917768000"/>
        <price t="2011-03-08" v="16879121000"/>
        <price t="2011-03-09" v="16748420000"/>
        <price t="2011-03-10" v="16746204000"/>
        <price t="2011-03-11" v="16644670500"/>
        <price t="2011-03-14" v="16437718000"/>
        <price t="2011-03-15" v="16521960000"/>
        <price t="2011-03-16" v="16552861500"/>
        <price t="2011-03-17" v="16454700000"/>
        <price t="2011-03-18" v="16108200000"/>
        <price t="2011-03-21" v="16450846000"/>
        <price t="2011-03-22" v="16314228000"/>
        <price t="2011-03-23" v="16291740000"/>
        <price t="2011-03-24" v="16974792000"/>
        <price t="2011-03-25" v="17262645000"/>
        <price t="2011-03-28" v="16936624000"/>
        <price t="2011-03-29" v="17357444000"/>
        <price t="2011-03-30" v="17887255000"/>
        <price t="2011-03-31" v="18071304000"/>
        <price t="2011-04-01" v="18256031000"/>
        <price t="2011-04-04" v="18163120000"/>
        <price t="2011-04-05" v="18458298000"/>
        <price t="2011-04-06" v="18346900000"/>
        <price t="2011-04-07" v="18310806000"/>
        <price t="2011-04-08" v="18519686000"/>
        <price t="2011-04-11" v="18461086000"/>
        <price t="2011-04-12" v="18326255000"/>
        <price t="2011-04-13" v="18246687000"/>
        <price t="2011-04-14" v="17907643500"/>
        <price t="2011-04-15" v="18120300000"/>
        <price t="2011-04-18" v="17736687500"/>
        <price t="2011-04-19" v="17648668000"/>
        <price t="2011-04-20" v="18426792500"/>
        <price t="2011-04-21" v="18441468000"/>
        <price t="2011-04-26" v="18461271000"/>
        <price t="2011-04-27" v="19039064000"/>
        <price t="2011-04-28" v="19624241000"/>
        <price t="2011-04-29" v="19615200000"/>
        <price t="2011-05-02" v="19844487500"/>
        <price t="2011-05-03" v="19842150000"/>
        <price t="2011-05-04" v="19659122000"/>
        <price t="2011-05-05" v="20243331000"/>
        <price t="2011-05-06" v="19902622500"/>
        <price t="2011-05-09" v="20227785000"/>
        <price t="2011-05-10" v="20273496000"/>
        <price t="2011-05-11" v="20544867000"/>
        <price t="2011-05-12" v="20288325500"/>
        <price t="2011-05-13" v="20527500000"/>
        <price t="2011-05-16" v="19665841500"/>
        <price t="2011-05-17" v="19378842500"/>
        <price t="2011-05-18" v="19526557500"/>
        <price t="2011-05-19" v="19856880000"/>
        <price t="2011-05-20" v="19867733500"/>
        <price t="2011-05-23" v="19480790000"/>
        <price t="2011-05-24" v="19506220500"/>
        <price t="2011-05-25" v="19133840000"/>
        <price t="2011-05-26" v="19445580000"/>
        <price t="2011-05-27" v="19528785000"/>
        <price t="2011-05-30" v="19281472000"/>
        <price t="2011-05-31" v="19592370000"/>
        <price t="2011-06-01" v="19522840000"/>
        <price t="2011-06-02" v="19390860000"/>
        <price t="2011-06-03" v="19131404000"/>
        <price t="2011-06-06" v="18741264000"/>
        <price t="2011-06-07" v="18945036000"/>
        <price t="2011-06-08" v="18844320000"/>
        <price t="2011-06-09" v="19049349000"/>
        <price t="2011-06-10" v="19143249000"/>
        <price t="2011-06-13" v="18681731000"/>
        <price t="2011-06-14" v="18897984000"/>
        <price t="2011-06-15" v="19072674000"/>
        <price t="2011-06-16" v="18462324000"/>
        <price t="2011-06-17" v="18536730000"/>
        <price t="2011-06-20" v="18633615000"/>
        <price t="2011-06-21" v="19338871500"/>
        <price t="2011-06-22" v="19284781500"/>
        <price t="2011-06-23" v="19065398000"/>
        <price t="2011-06-24" v="19431630000"/>
        <price t="2011-06-27" v="19851487500"/>
        <price t="2011-06-28" v="19986791500"/>
        <price t="2011-06-29" v="20562837500"/>
        <price t="2011-06-30" v="20183614500"/>
        <price t="2011-07-01" v="20638156000"/>
        <price t="2011-07-04" v="20880000000"/>
        <price t="2011-07-05" v="21199826000"/>
        <price t="2011-07-06" v="21298025000"/>
        <price t="2011-07-07" v="21626946000"/>
        <price t="2011-07-08" v="21505420000"/>
        <price t="2011-07-11" v="21266728000"/>
        <price t="2011-07-12" v="21332837500"/>
        <price t="2011-07-13" v="21454288500"/>
        <price t="2011-07-14" v="21345606000"/>
        <price t="2011-07-15" v="21056321000"/>
        <price t="2011-07-18" v="20990252500"/>
        <price t="2011-07-19" v="21671880000"/>
        <price t="2011-07-20" v="21658571500"/>
        <price t="2011-07-21" v="21169447000"/>
        <price t="2011-07-22" v="21291628410"/>
        <price t="2011-07-25" v="21419010000"/>
        <price t="2011-07-26" v="21207250500"/>
        <price t="2011-07-27" v="22550206000"/>
        <price t="2011-07-28" v="22388200000"/>
        <price t="2011-07-29" v="22266990000"/>
        <price t="2011-08-01" v="22545060000"/>
        <price t="2011-08-02" v="22147710000"/>
        <price t="2011-08-03" v="21021000000"/>
        <price t="2011-08-04" v="20653393500"/>
        <price t="2011-08-05" v="20029325000"/>
        <price t="2011-08-08" v="19815425000"/>
        <price t="2011-08-09" v="19916732000"/>
        <price t="2011-08-10" v="20221552500"/>
        <price t="2011-08-11" v="19573912000"/>
        <price t="2011-08-12" v="20199375000"/>
        <price t="2011-08-15" v="19689184000"/>
        <price t="2011-08-16" v="19816800000"/>
        <price t="2011-08-17" v="19891398000"/>
        <price t="2011-08-18" v="18837759000"/>
        <price t="2011-08-19" v="18621382500"/>
        <price t="2011-08-22" v="17922565500"/>
        <price t="2011-08-23" v="18518591000"/>
        <price t="2011-08-24" v="19354653000"/>
        <price t="2011-08-25" v="19378644000"/>
        <price t="2011-08-26" v="19579519000"/>
        <price t="2011-08-29" v="20448400500"/>
        <price t="2011-08-30" v="20695674000"/>
        <price t="2011-08-31" v="21559544500"/>
        <price t="2011-09-01" v="21670345000"/>
        <price t="2011-09-02" v="21033252500"/>
        <price t="2011-09-05" v="20503889000"/>
        <price t="2011-09-06" v="21085054500"/>
        <price t="2011-09-07" v="21664566000"/>
        <price t="2011-09-08" v="22028014000"/>
        <price t="2011-09-09" v="21830860000"/>
        <price t="2011-09-12" v="21521856000"/>
        <price t="2011-09-13" v="21613680000"/>
        <price t="2011-09-14" v="22138012500"/>
        <price t="2011-09-15" v="22216847500"/>
        <price t="2011-09-16" v="23116800000"/>
        <price t="2011-09-19" v="23796724500"/>
        <price t="2011-09-20" v="23759430000"/>
        <price t="2011-09-21" v="23508464000"/>
        <price t="2011-09-22" v="22579057520"/>
        <price t="2011-09-23" v="22173064300"/>
        <price t="2011-09-26" v="22605750000"/>
        <price t="2011-09-27" v="22629403500"/>
        <price t="2011-09-28" v="23172700000"/>
        <price t="2011-09-29" v="22491980000"/>
        <price t="2011-09-30" v="22300204500"/>
        <price t="2011-10-03" v="21809635500"/>
        <price t="2011-10-04" v="20568950500"/>
        <price t="2011-10-05" v="21292520500"/>
        <price t="2011-10-06" v="21681546000"/>
        <price t="2011-10-07" v="21897420000"/>
        <price t="2011-10-10" v="22999356000"/>
        <price t="2011-10-11" v="23472075000"/>
        <price t="2011-10-12" v="23932191000"/>
        <price t="2011-10-13" v="23782027500"/>
        <price t="2011-10-14" v="24058697500"/>
        <price t="2011-10-17" v="24404046240"/>
        <price t="2011-10-18" v="23850944000"/>
        <price t="2011-10-19" v="23791074000"/>
        <price t="2011-10-20" v="23326926500"/>
        <price t="2011-10-21" v="23408307000"/>
        <price t="2011-10-24" v="23763040000"/>
        <price t="2011-10-25" v="23110839000"/>
        <price t="2011-10-26" v="20235931000"/>
        <price t="2011-10-27" v="20088378000"/>
        <price t="2011-10-28" v="21374378400"/>
        <price t="2011-10-31" v="21491535000"/>
        <price t="2011-11-01" v="20931072000"/>
        <price t="2011-11-02" v="21486804000"/>
        <price t="2011-11-03" v="21575404500"/>
        <price t="2011-11-04" v="21534085500"/>
        <price t="2011-11-07" v="21471875000"/>
        <price t="2011-11-08" v="21585251880"/>
        <price t="2011-11-09" v="21492424500"/>
        <price t="2011-11-10" v="21166072000"/>
        <price t="2011-11-11" v="21444150000"/>
        <price t="2011-11-14" v="21915865500"/>
        <price t="2011-11-15" v="21603838000"/>
        <price t="2011-11-16" v="21533948000"/>
        <price t="2011-11-17" v="20597440000"/>
        <price t="2011-11-18" v="20214664000"/>
        <price t="2011-11-21" v="18592227000"/>
        <price t="2011-11-22" v="18563252500"/>
        <price t="2011-11-23" v="19056394500"/>
        <price t="2011-11-24" v="18708827000"/>
        <price t="2011-11-25" v="18467684000"/>
        <price t="2011-11-28" v="19267838000"/>
        <price t="2011-11-29" v="18957124000"/>
        <price t="2011-11-30" v="19100523000"/>
        <price t="2011-12-01" v="19698320000"/>
        <price t="2011-12-02" v="20009791000"/>
        <price t="2011-12-05" v="19652204000"/>
        <price t="2011-12-06" v="19300754000"/>
        <price t="2011-12-07" v="19517043000"/>
        <price t="2011-12-08" v="19464615000"/>
        <price t="2011-12-09" v="19239500000"/>
        <price t="2011-12-12" v="19021810500"/>
        <price t="2011-12-13" v="18321590000"/>
        <price t="2011-12-14" v="17105284500"/>
        <price t="2011-12-15" v="18115938500"/>
        <price t="2011-12-16" v="18367984000"/>
        <price t="2011-12-19" v="18163327000"/>
        <price t="2011-12-20" v="18120564000"/>
        <price t="2011-12-21" v="17701224000"/>
        <price t="2011-12-22" v="17887437000"/>
        <price t="2011-12-23" v="17757520000"/>
        <price t="2011-12-27" v="17708495000"/>
        <price t="2011-12-28" v="17564919000"/>
        <price t="2011-12-29" v="17116592000"/>
        <price t="2011-12-30" v="17467650000"/>
        <price t="2012-01-02" v="17591600000"/>
        <price t="2012-01-03" v="17601435000"/>
        <price t="2012-01-04" v="17790552000"/>
        <price t="2012-01-05" v="17656832000"/>
        <price t="2012-01-06" v="18454932000"/>
        <price t="2012-01-09" v="17736468000"/>
        <price t="2012-01-10" v="17918392000"/>
        <price t="2012-01-11" v="17995970000"/>
        <price t="2012-01-12" v="17613888000"/>
        <price t="2012-01-13" v="17745304500"/>
        <price t="2012-01-16" v="17869624500"/>
        <price t="2012-01-17" v="18232145000"/>
        <price t="2012-01-18" v="18675520500"/>
        <price t="2012-01-19" v="19437510500"/>
        <price t="2012-01-20" v="18978842000"/>
        <price t="2012-01-23" v="18679395000"/>
        <price t="2012-01-24" v="18685311000"/>
        <price t="2012-01-25" v="18507060000"/>
        <price t="2012-01-26" v="19303432500"/>
        <price t="2012-01-27" v="19434882500"/>
        <price t="2012-01-30" v="19173375000"/>
        <price t="2012-01-31" v="19177668000"/>
        <price t="2012-02-01" v="17667675000"/>
        <price t="2012-02-02" v="17689994000"/>
        <price t="2012-02-03" v="18483220000"/>
        <price t="2012-02-06" v="18284884000"/>
        <price t="2012-02-07" v="18240183000"/>
        <price t="2012-02-08" v="18364579000"/>
        <price t="2012-02-09" v="18271000000"/>
        <price t="2012-02-10" v="18655840500"/>
        <price t="2012-02-13" v="19079133000"/>
        <price t="2012-02-14" v="19055543000"/>
        <price t="2012-02-15" v="19068498000"/>
        <price t="2012-02-16" v="17525700000"/>
        <price t="2012-02-17" v="18113363500"/>
        <price t="2012-02-20" v="18373410000"/>
        <price t="2012-02-21" v="18173639000"/>
        <price t="2012-02-22" v="18065565000"/>
        <price t="2012-02-23" v="17981600000"/>
        <price t="2012-02-24" v="17938550000"/>
        <price t="2012-02-27" v="17765876000"/>
        <price t="2012-02-28" v="18223443000"/>
        <price t="2012-02-29" v="18141328500"/>
        <price t="2012-03-01" v="17878016000"/>
        <price t="2012-03-02" v="18087464500"/>
        <price t="2012-03-05" v="17952760000"/>
        <price t="2012-03-06" v="18052492500"/>
        <price t="2012-03-07" v="18308960000"/>
        <price t="2012-03-08" v="18585147000"/>
        <price t="2012-03-09" v="18572928000"/>
        <price t="2012-03-12" v="18274767000"/>
        <price t="2012-03-13" v="18279800000"/>
        <price t="2012-03-14" v="18241083000"/>
        <price t="2012-03-15" v="18247157500"/>
        <price t="2012-03-16" v="18257472000"/>
        <price t="2012-03-19" v="18344250000"/>
        <price t="2012-03-20" v="18675170000"/>
        <price t="2012-03-21" v="19354787500"/>
        <price t="2012-03-22" v="19230403500"/>
        <price t="2012-03-23" v="19459119000"/>
        <price t="2012-03-26" v="19648480000"/>
        <price t="2012-03-27" v="20739481500"/>
        <price t="2012-03-28" v="20305582500"/>
        <price t="2012-03-29" v="20564964000"/>
        <price t="2012-03-30" v="20407968000"/>
        <price t="2012-04-02" v="20218108810"/>
        <price t="2012-04-03" v="20059047500"/>
        <price t="2012-04-04" v="19410734000"/>
        <price t="2012-04-05" v="19503990000"/>
        <price t="2012-04-10" v="19100541000"/>
        <price t="2012-04-11" v="19105605000"/>
        <price t="2012-04-12" v="19052120500"/>
        <price t="2012-04-13" v="18762196000"/>
        <price t="2012-04-16" v="18487568000"/>
        <price t="2012-04-17" v="18910080000"/>
        <price t="2012-04-18" v="19069954500"/>
        <price t="2012-04-19" v="19341108000"/>
        <price t="2012-04-20" v="19167976000"/>
        <price t="2012-04-23" v="18757633500"/>
        <price t="2012-04-24" v="18938679000"/>
        <price t="2012-04-25" v="19379805000"/>
        <price t="2012-04-26" v="19346760000"/>
        <price t="2012-04-27" v="22489300000"/>
        <price t="2012-04-30" v="22939504000"/>
        <price t="2012-05-02" v="23038339500"/>
        <price t="2012-05-03" v="23096480000"/>
        <price t="2012-05-04" v="22823416000"/>
        <price t="2012-05-07" v="22416760000"/>
        <price t="2012-05-08" v="21934100000"/>
        <price t="2012-05-09" v="22248100000"/>
        <price t="2012-05-10" v="22364205500"/>
        <price t="2012-05-11" v="22736136000"/>
        <price t="2012-05-14" v="22619585500"/>
        <price t="2012-05-15" v="23046763500"/>
        <price t="2012-05-16" v="22641795000"/>
        <price t="2012-05-17" v="22130090000"/>
        <price t="2012-05-18" v="21880120000"/>
        <price t="2012-05-21" v="21547500000"/>
        <price t="2012-05-22" v="21705600000"/>
        <price t="2012-05-23" v="21532959000"/>
        <price t="2012-05-24" v="21428520500"/>
        <price t="2012-05-25" v="21453660000"/>
        <price t="2012-05-28" v="21456445000"/>
        <price t="2012-05-29" v="21508252500"/>
        <price t="2012-05-30" v="21132037620"/>
        <price t="2012-05-31" v="20886652000"/>
        <price t="2012-06-01" v="20762570000"/>
        <price t="2012-06-04" v="20975000500"/>
        <price t="2012-06-05" v="21179016000"/>
        <price t="2012-06-06" v="21755112500"/>
        <price t="2012-06-07" v="21883812500"/>
        <price t="2012-06-08" v="22037190000"/>
        <price t="2012-06-11" v="21676032000"/>
        <price t="2012-06-12" v="21736080000"/>
        <price t="2012-06-13" v="21439407000"/>
        <price t="2012-06-14" v="21556342500"/>
        <price t="2012-06-15" v="21444690000"/>
        <price t="2012-06-18" v="22270770000"/>
        <price t="2012-06-19" v="22076940500"/>
        <price t="2012-06-20" v="22365392000"/>
        <price t="2012-06-21" v="22527260000"/>
        <price t="2012-06-22" v="21980867000"/>
        <price t="2012-06-25" v="21854000000"/>
        <price t="2012-06-26" v="22274112500"/>
        <price t="2012-06-27" v="22734916000"/>
        <price t="2012-06-28" v="22172339000"/>
        <price t="2012-06-29" v="22743835000"/>
        <price t="2012-07-02" v="22787033500"/>
        <price t="2012-07-03" v="22760750000"/>
        <price t="2012-07-04" v="23236000000"/>
        <price t="2012-07-05" v="23037804000"/>
        <price t="2012-07-06" v="22897450000"/>
        <price t="2012-07-09" v="22496190000"/>
        <price t="2012-07-10" v="22352557500"/>
        <price t="2012-07-11" v="21841190000"/>
        <price t="2012-07-12" v="21274966000"/>
        <price t="2012-07-13" v="21469970000"/>
        <price t="2012-07-16" v="21839449500"/>
        <price t="2012-07-17" v="21583980310"/>
        <price t="2012-07-18" v="21617478000"/>
        <price t="2012-07-19" v="22546645000"/>
        <price t="2012-07-20" v="22972600000"/>
        <price t="2012-07-23" v="22236885000"/>
        <price t="2012-07-24" v="22231671000"/>
        <price t="2012-07-25" v="21774463000"/>
        <price t="2012-07-26" v="21583730000"/>
        <price t="2012-07-27" v="23242179000"/>
        <price t="2012-07-30" v="23824593000"/>
        <price t="2012-07-31" v="23437872000"/>
        <price t="2012-08-01" v="23280114000"/>
        <price t="2012-08-02" v="23185788000"/>
        <price t="2012-08-03" v="23394072500"/>
        <price t="2012-08-06" v="23408689000"/>
        <price t="2012-08-07" v="24001480000"/>
        <price t="2012-08-08" v="23524752000"/>
        <price t="2012-08-09" v="23402652500"/>
        <price t="2012-08-10" v="23328455000"/>
        <price t="2012-08-13" v="23147964000"/>
        <price t="2012-08-14" v="23499680000"/>
        <price t="2012-08-15" v="23539230000"/>
        <price t="2012-08-16" v="23790562500"/>
        <price t="2012-08-17" v="24155846000"/>
        <price t="2012-08-20" v="23812800000"/>
        <price t="2012-08-21" v="23954970000"/>
        <price t="2012-08-22" v="23925056000"/>
        <price t="2012-08-23" v="24200256000"/>
        <price t="2012-08-24" v="24544987500"/>
        <price t="2012-08-27" v="24452169700"/>
        <price t="2012-08-28" v="24343120000"/>
        <price t="2012-08-29" v="24519202500"/>
        <price t="2012-08-30" v="24743040000"/>
        <price t="2012-08-31" v="24875197500"/>
        <price t="2012-09-03" v="24991342320"/>
        <price t="2012-09-04" v="24591945000"/>
        <price t="2012-09-05" v="24671747000"/>
        <price t="2012-09-06" v="25149620000"/>
        <price t="2012-09-07" v="25729522940"/>
        <price t="2012-09-10" v="26063040000"/>
        <price t="2012-09-11" v="25350227500"/>
        <price t="2012-09-12" v="25353536000"/>
        <price t="2012-09-13" v="25529525000"/>
        <price t="2012-09-17" v="25884108000"/>
        <price t="2012-09-18" v="26101473000"/>
        <price t="2012-09-19" v="26004000000"/>
        <price t="2012-09-20" v="26167080000"/>
        <price t="2012-09-21" v="25995482000"/>
        <price t="2012-09-24" v="25509100000"/>
        <price t="2012-09-25" v="25663554000"/>
        <price t="2012-09-26" v="24970680000"/>
        <price t="2012-09-27" v="25406839000"/>
        <price t="2012-09-28" v="25549680000"/>
        <price t="2012-10-01" v="25290428000"/>
        <price t="2012-10-02" v="25071270000"/>
        <price t="2012-10-03" v="25304744000"/>
        <price t="2012-10-04" v="25727161500"/>
        <price t="2012-10-05" v="25932489000"/>
        <price t="2012-10-08" v="25605008000"/>
        <price t="2012-10-09" v="25459121500"/>
        <price t="2012-10-10" v="25011104500"/>
        <price t="2012-10-11" v="24460233000"/>
        <price t="2012-10-12" v="24338205000"/>
        <price t="2012-10-15" v="24210371500"/>
        <price t="2012-10-16" v="24474165540"/>
        <price t="2012-10-17" v="24593440000"/>
        <price t="2012-10-18" v="24858610000"/>
        <price t="2012-10-19" v="24271039650"/>
        <price t="2012-10-22" v="23461148000"/>
        <price t="2012-10-23" v="23389492500"/>
        <price t="2012-10-24" v="22920282000"/>
        <price t="2012-10-25" v="22822204500"/>
        <price t="2012-10-26" v="22963332000"/>
        <price t="2012-10-29" v="23700075000"/>
        <price t="2012-10-30" v="23850080000"/>
        <price t="2012-10-31" v="23276959500"/>
        <price t="2012-11-01" v="23303100000"/>
        <price t="2012-11-02" v="23444825000"/>
        <price t="2012-11-05" v="23318025000"/>
        <price t="2012-11-06" v="23590400000"/>
        <price t="2012-11-07" v="22993784000"/>
        <price t="2012-11-08" v="23033056000"/>
        <price t="2012-11-09" v="22823685060"/>
        <price t="2012-11-12" v="22782915000"/>
        <price t="2012-11-13" v="22617924000"/>
        <price t="2012-11-14" v="22537746000"/>
        <price t="2012-11-15" v="22323000000"/>
        <price t="2012-11-16" v="22208162500"/>
        <price t="2012-11-19" v="23054553000"/>
        <price t="2012-11-20" v="23318656410"/>
        <price t="2012-11-21" v="23497175000"/>
        <price t="2012-11-22" v="23980980000"/>
        <price t="2012-11-23" v="23765469000"/>
        <price t="2012-11-26" v="24113040000"/>
        <price t="2012-11-27" v="24561095000"/>
        <price t="2012-11-28" v="24428445000"/>
        <price t="2012-11-29" v="25084917000"/>
        <price t="2012-11-30" v="24842218000"/>
        <price t="2012-12-03" v="25200010000"/>
        <price t="2012-12-04" v="25084272000"/>
        <price t="2012-12-05" v="25241580000"/>
        <price t="2012-12-06" v="25693016000"/>
        <price t="2012-12-07" v="25448660000"/>
        <price t="2012-12-10" v="25161780000"/>
        <price t="2012-12-11" v="25316860500"/>
        <price t="2012-12-12" v="25199800000"/>
        <price t="2012-12-13" v="25310402730"/>
        <price t="2012-12-14" v="24808116500"/>
        <price t="2012-12-17" v="25201400000"/>
        <price t="2012-12-18" v="26019961000"/>
        <price t="2012-12-19" v="26078571000"/>
        <price t="2012-12-20" v="25968783000"/>
        <price t="2012-12-21" v="25711450590"/>
        <price t="2012-12-27" v="24727824000"/>
        <price t="2012-12-28" v="24915870000"/>
        <price t="2013-01-02" v="25569136000"/>
        <price t="2013-01-03" v="25883001000"/>
        <price t="2013-01-04" v="25809302000"/>
        <price t="2013-01-07" v="26664755000"/>
        <price t="2013-01-08" v="26505693000"/>
        <price t="2013-01-09" v="26817024000"/>
        <price t="2013-01-10" v="26121096000"/>
        <price t="2013-01-11" v="26541363000"/>
        <price t="2013-01-14" v="27349050000"/>
        <price t="2013-01-15" v="27093657730"/>
        <price t="2013-01-16" v="27018695000"/>
        <price t="2013-01-17" v="27183828000"/>
        <price t="2013-01-18" v="27267566000"/>
        <price t="2013-01-21" v="27405277770"/>
        <price t="2013-01-22" v="27046827000"/>
        <price t="2013-01-23" v="26806630000"/>
        <price t="2013-01-24" v="27592383000"/>
        <price t="2013-01-25" v="27725936500"/>
        <price t="2013-01-28" v="27795470000"/>
        <price t="2013-01-29" v="26805551500"/>
        <price t="2013-01-30" v="27583017000"/>
        <price t="2013-01-31" v="27208400000"/>
        <price t="2013-02-01" v="26305632000"/>
        <price t="2013-02-04" v="26148584000"/>
        <price t="2013-02-05" v="26613742000"/>
        <price t="2013-02-06" v="26391942500"/>
        <price t="2013-02-07" v="26170872000"/>
        <price t="2013-02-08" v="26360154000"/>
        <price t="2013-02-11" v="25770979500"/>
        <price t="2013-02-12" v="25908329620"/>
        <price t="2013-02-13" v="26690265200"/>
        <price t="2013-02-14" v="26853905000"/>
        <price t="2013-02-15" v="26556725000"/>
        <price t="2013-02-18" v="26470340000"/>
        <price t="2013-02-19" v="26724698000"/>
        <price t="2013-02-20" v="27107675000"/>
        <price t="2013-02-21" v="26866343140"/>
        <price t="2013-02-22" v="26273105000"/>
        <price t="2013-02-25" v="26874080000"/>
        <price t="2013-02-26" v="25702843500"/>
        <price t="2013-02-27" v="26305324500"/>
        <price t="2013-02-28" v="26514015500"/>
        <price t="2013-03-01" v="26442000000"/>
        <price t="2013-03-04" v="26917986500"/>
        <price t="2013-03-05" v="27299713000"/>
        <price t="2013-03-06" v="27353947500"/>
        <price t="2013-03-07" v="27268960000"/>
        <price t="2013-03-08" v="27475910000"/>
        <price t="2013-03-11" v="27183448000"/>
        <price t="2013-03-12" v="27372141000"/>
        <price t="2013-03-13" v="27344476500"/>
        <price t="2013-03-14" v="26811932500"/>
        <price t="2013-03-15" v="26394462000"/>
        <price t="2013-03-18" v="25715781000"/>
        <price t="2013-03-19" v="25706784000"/>
        <price t="2013-03-20" v="25624627500"/>
        <price t="2013-03-21" v="25561800000"/>
        <price t="2013-03-22" v="25313340000"/>
        <price t="2013-03-25" v="25663040000"/>
        <price t="2013-03-26" v="26043525000"/>
        <price t="2013-03-27" v="26455296000"/>
        <price t="2013-03-28" v="26467935000"/>
        <price t="2013-04-02" v="26572380000"/>
        <price t="2013-04-03" v="26079324000"/>
        <price t="2013-04-04" v="25783407000"/>
        <price t="2013-04-05" v="25370240000"/>
        <price t="2013-04-08" v="25752982500"/>
        <price t="2013-04-09" v="25851800000"/>
        <price t="2013-04-10" v="26387919000"/>
        <price t="2013-04-11" v="26907069000"/>
        <price t="2013-04-12" v="26880594000"/>
        <price t="2013-04-15" v="27208480000"/>
        <price t="2013-04-16" v="27144207500"/>
        <price t="2013-04-17" v="26815982500"/>
        <price t="2013-04-18" v="26142180000"/>
        <price t="2013-04-19" v="26131637500"/>
        <price t="2013-04-22" v="26067481500"/>
        <price t="2013-04-23" v="26791875000"/>
        <price t="2013-04-24" v="26941929000"/>
        <price t="2013-04-25" v="27422220000"/>
        <price t="2013-04-26" v="25575532500"/>
        <price t="2013-04-29" v="25406437500"/>
        <price t="2013-04-30" v="25268176000"/>
        <price t="2013-05-02" v="25194810000"/>
        <price t="2013-05-03" v="25873922000"/>
        <price t="2013-05-06" v="25552096500"/>
        <price t="2013-05-07" v="25729041000"/>
        <price t="2013-05-08" v="25829977500"/>
        <price t="2013-05-09" v="25942308000"/>
        <price t="2013-05-10" v="26222772000"/>
        <price t="2013-05-13" v="26406541500"/>
        <price t="2013-05-14" v="26784528000"/>
        <price t="2013-05-15" v="26892192000"/>
        <price t="2013-05-16" v="26514730000"/>
        <price t="2013-05-17" v="26851168500"/>
        <price t="2013-05-20" v="26714960500"/>
        <price t="2013-05-21" v="26658352000"/>
        <price t="2013-05-22" v="26718302500"/>
        <price t="2013-05-23" v="26098200000"/>
        <price t="2013-05-24" v="26026798500"/>
        <price t="2013-05-27" v="26104432500"/>
        <price t="2013-05-28" v="27072765000"/>
        <price t="2013-05-29" v="26616360000"/>
        <price t="2013-05-30" v="26535200000"/>
        <price t="2013-05-31" v="27195546000"/>
        <price t="2013-06-03" v="26276160000"/>
        <price t="2013-06-04" v="26714226000"/>
        <price t="2013-06-05" v="26754682500"/>
        <price t="2013-06-06" v="26478683000"/>
        <price t="2013-06-07" v="27660360000"/>
        <price t="2013-06-10" v="27989871000"/>
        <price t="2013-06-11" v="27760479500"/>
        <price t="2013-06-12" v="27363897000"/>
        <price t="2013-06-13" v="27269120000"/>
        <price t="2013-06-14" v="27444089000"/>
        <price t="2013-06-17" v="27967689000"/>
        <price t="2013-06-18" v="28058652000"/>
        <price t="2013-06-19" v="28300066000"/>
        <price t="2013-06-20" v="27568200000"/>
        <price t="2013-06-21" v="27210110000"/>
        <price t="2013-06-24" v="26701983000"/>
        <price t="2013-06-25" v="27193947000"/>
        <price t="2013-06-26" v="27819264000"/>
        <price t="2013-06-27" v="27732096000"/>
        <price t="2013-06-28" v="27965040000"/>
        <price t="2013-07-01" v="27996957500"/>
        <price t="2013-07-02" v="28338009000"/>
        <price t="2013-07-03" v="28270058500"/>
        <price t="2013-07-04" v="28434960000"/>
        <price t="2013-07-05" v="28445664000"/>
        <price t="2013-07-08" v="28912500000"/>
        <price t="2013-07-09" v="29198247000"/>
        <price t="2013-07-10" v="28970193000"/>
        <price t="2013-07-11" v="29707710000"/>
        <price t="2013-07-12" v="30297533000"/>
        <price t="2013-07-15" v="30506634000"/>
        <price t="2013-07-16" v="30761710000"/>
        <price t="2013-07-17" v="30652856000"/>
        <price t="2013-07-18" v="30572155000"/>
        <price t="2013-07-19" v="30471606000"/>
        <price t="2013-07-22" v="30163306000"/>
        <price t="2013-07-23" v="30076760000"/>
        <price t="2013-07-24" v="30114781000"/>
        <price t="2013-07-25" v="29862924000"/>
        <price t="2013-07-26" v="30696900000"/>
        <price t="2013-07-29" v="30846115000"/>
        <price t="2013-07-30" v="30672756000"/>
        <price t="2013-07-31" v="30267000000"/>
        <price t="2013-08-01" v="30025866000"/>
        <price t="2013-08-02" v="30162253500"/>
        <price t="2013-08-05" v="29993962500"/>
        <price t="2013-08-06" v="29946400000"/>
        <price t="2013-08-07" v="29650192500"/>
        <price t="2013-08-08" v="29465480000"/>
        <price t="2013-08-09" v="29828476500"/>
        <price t="2013-08-12" v="29680800000"/>
        <price t="2013-08-13" v="29344320000"/>
        <price t="2013-08-14" v="29280273000"/>
        <price t="2013-08-15" v="28821247500"/>
        <price t="2013-08-16" v="28667660000"/>
        <price t="2013-08-19" v="28823040000"/>
        <price t="2013-08-20" v="28786104000"/>
        <price t="2013-08-21" v="28715372000"/>
        <price t="2013-08-22" v="28717726500"/>
        <price t="2013-08-23" v="28846800000"/>
        <price t="2013-08-26" v="28859760000"/>
        <price t="2013-08-27" v="28049814000"/>
        <price t="2013-08-28" v="28128802500"/>
        <price t="2013-08-29" v="28555065000"/>
        <price t="2013-08-30" v="28210402500"/>
        <price t="2013-09-02" v="28309204500"/>
        <price t="2013-09-03" v="28905954000"/>
        <price t="2013-09-04" v="29048640500"/>
        <price t="2013-09-05" v="29605485000"/>
        <price t="2013-09-06" v="29441106500"/>
        <price t="2013-09-09" v="29673306000"/>
        <price t="2013-09-10" v="29942260000"/>
        <price t="2013-09-11" v="29839732000"/>
        <price t="2013-09-12" v="30075270000"/>
        <price t="2013-09-13" v="29814037500"/>
        <price t="2013-09-16" v="29786110000"/>
        <price t="2013-09-17" v="30184560000"/>
        <price t="2013-09-18" v="30515996000"/>
        <price t="2013-09-19" v="31282177500"/>
        <price t="2013-09-20" v="31805199000"/>
        <price t="2013-09-23" v="30940074000"/>
        <price t="2013-09-24" v="31675023000"/>
        <price t="2013-09-25" v="31477824000"/>
        <price t="2013-09-26" v="31763147000"/>
        <price t="2013-09-27" v="31493830500"/>
        <price t="2013-09-30" v="31270827500"/>
        <price t="2013-10-01" v="31824792000"/>
        <price t="2013-10-02" v="31746735000"/>
        <price t="2013-10-03" v="31952697000"/>
        <price t="2013-10-04" v="31420219500"/>
        <price t="2013-10-07" v="31317390000"/>
        <price t="2013-10-08" v="30281268000"/>
        <price t="2013-10-09" v="29733000000"/>
        <price t="2013-10-10" v="30379340000"/>
        <price t="2013-10-11" v="30889782000"/>
        <price t="2013-10-14" v="30736024000"/>
        <price t="2013-10-15" v="30865237500"/>
        <price t="2013-10-16" v="31061470500"/>
        <price t="2013-10-17" v="30978585000"/>
        <price t="2013-10-18" v="32478974000"/>
        <price t="2013-10-21" v="32520626500"/>
        <price t="2013-10-22" v="32619327000"/>
        <price t="2013-10-23" v="32468472000"/>
        <price t="2013-10-24" v="33180317500"/>
        <price t="2013-10-25" v="35723761000"/>
        <price t="2013-10-28" v="36058944000"/>
        <price t="2013-10-29" v="36251144000"/>
        <price t="2013-10-30" v="36106875000"/>
        <price t="2013-10-31" v="36728392500"/>
        <price t="2013-11-01" v="35930052500"/>
        <price t="2013-11-04" v="35662593000"/>
        <price t="2013-11-05" v="35799582000"/>
        <price t="2013-11-06" v="35752465000"/>
        <price t="2013-11-07" v="34642080000"/>
        <price t="2013-11-08" v="34947462000"/>
        <price t="2013-11-11" v="35273099000"/>
        <price t="2013-11-12" v="35010508000"/>
        <price t="2013-11-13" v="34979612500"/>
        <price t="2013-11-14" v="36505612000"/>
        <price t="2013-11-15" v="36866940000"/>
        <price t="2013-11-18" v="36894651500"/>
        <price t="2013-11-19" v="36711938000"/>
        <price t="2013-11-20" v="36827257500"/>
        <price t="2013-11-21" v="36765088000"/>
        <price t="2013-11-22" v="37147464000"/>
        <price t="2013-11-25" v="37555406000"/>
        <price t="2013-11-26" v="37775809500"/>
        <price t="2013-11-27" v="38667024000"/>
        <price t="2013-11-28" v="38873120000"/>
        <price t="2013-11-29" v="39220096500"/>
        <price t="2013-12-02" v="39051360000"/>
        <price t="2013-12-03" v="38256015000"/>
        <price t="2013-12-04" v="38621668000"/>
        <price t="2013-12-05" v="38110779000"/>
        <price t="2013-12-06" v="38483037000"/>
        <price t="2013-12-09" v="38490210000"/>
        <price t="2013-12-10" v="38671875000"/>
        <price t="2013-12-11" v="38623318500"/>
        <price t="2013-12-12" v="38163637500"/>
        <price t="2013-12-13" v="38723867000"/>
        <price t="2013-12-16" v="38992968000"/>
        <price t="2013-12-17" v="38669062500"/>
        <price t="2013-12-18" v="38682811500"/>
        <price t="2013-12-19" v="39634300000"/>
        <price t="2013-12-20" v="40268595000"/>
        <price t="2013-12-23" v="40338688000"/>
        <price t="2013-12-27" v="40164205000"/>
        <price t="2013-12-30" v="39970700000"/>
        <price t="2014-01-02" v="39656003000"/>
        <price t="2014-01-03" v="40022607000"/>
        <price t="2014-01-06" v="38976531000"/>
        <price t="2014-01-07" v="39906745500"/>
        <price t="2014-01-08" v="40041127000"/>
        <price t="2014-01-09" v="40107758000"/>
        <price t="2014-01-10" v="39429474000"/>
        <price t="2014-01-13" v="39890161000"/>
        <price t="2014-01-14" v="39456629000"/>
        <price t="2014-01-15" v="39436991000"/>
        <price t="2014-01-16" v="39499285000"/>
        <price t="2014-01-17" v="40208640000"/>
        <price t="2014-01-20" v="39884040000"/>
        <price t="2014-01-21" v="40212798000"/>
        <price t="2014-01-22" v="40345284000"/>
        <price t="2014-01-23" v="40153216000"/>
        <price t="2014-01-24" v="39281690000"/>
        <price t="2014-01-27" v="38549705000"/>
        <price t="2014-01-28" v="39008842000"/>
        <price t="2014-01-29" v="38830428000"/>
        <price t="2014-01-30" v="39853264000"/>
        <price t="2014-01-31" v="36668908000"/>
        <price t="2014-02-03" v="34804593000"/>
        <price t="2014-02-04" v="35108843000"/>
        <price t="2014-02-05" v="34453392000"/>
        <price t="2014-02-06" v="34904817500"/>
        <price t="2014-02-07" v="35353483000"/>
        <price t="2014-02-10" v="36133881000"/>
        <price t="2014-02-11" v="35694360000"/>
        <price t="2014-02-12" v="34936902000"/>
        <price t="2014-02-13" v="35445600000"/>
        <price t="2014-02-14" v="35453155500"/>
        <price t="2014-02-17" v="35555754500"/>
        <price t="2014-02-18" v="35110167000"/>
        <price t="2014-02-19" v="34637400000"/>
        <price t="2014-02-20" v="34888623000"/>
        <price t="2014-02-21" v="35117334000"/>
        <price t="2014-02-24" v="35106660000"/>
        <price t="2014-02-25" v="36056111000"/>
        <price t="2014-02-26" v="36545475000"/>
        <price t="2014-02-27" v="35491944000"/>
        <price t="2014-02-28" v="36549198000"/>
        <price t="2014-03-03" v="35796800000"/>
        <price t="2014-03-04" v="36498968000"/>
        <price t="2014-03-05" v="36980276000"/>
        <price t="2014-03-06" v="36919070000"/>
        <price t="2014-03-07" v="37048351000"/>
        <price t="2014-03-10" v="36965103000"/>
        <price t="2014-03-11" v="37014125000"/>
        <price t="2014-03-12" v="36849154500"/>
        <price t="2014-03-13" v="37552777000"/>
        <price t="2014-03-14" v="37306308000"/>
        <price t="2014-03-17" v="37657448000"/>
        <price t="2014-03-18" v="37639665000"/>
        <price t="2014-03-19" v="37718143000"/>
        <price t="2014-03-20" v="36889041000"/>
        <price t="2014-03-21" v="36592790000"/>
        <price t="2014-03-24" v="34972186000"/>
        <price t="2014-03-25" v="35120583000"/>
        <price t="2014-03-26" v="35049826500"/>
        <price t="2014-03-27" v="34002897000"/>
        <price t="2014-03-28" v="34404379500"/>
        <price t="2014-03-31" v="33980526000"/>
        <price t="2014-04-01" v="34137145000"/>
        <price t="2014-04-02" v="34604757500"/>
        <price t="2014-04-03" v="33601240000"/>
        <price t="2014-04-04" v="32332000000"/>
        <price t="2014-04-07" v="31974590000"/>
        <price t="2014-04-08" v="32630606000"/>
        <price t="2014-04-09" v="32388312000"/>
        <price t="2014-04-10" v="32122905500"/>
        <price t="2014-04-11" v="31385400000"/>
        <price t="2014-04-14" v="31898889000"/>
        <price t="2014-04-15" v="30987735000"/>
        <price t="2014-04-16" v="31783560000"/>
        <price t="2014-04-17" v="32628525000"/>
        <price t="2014-04-22" v="33374963500"/>
        <price t="2014-04-23" v="32724327000"/>
        <price t="2014-04-24" v="33347660000"/>
        <price t="2014-04-25" v="30621834000"/>
        <price t="2014-04-28" v="29142752500"/>
        <price t="2014-04-29" v="29553075000"/>
        <price t="2014-04-30" v="30096050000"/>
        <price t="2014-05-02" v="30565710000"/>
        <price t="2014-05-05" v="30772532000"/>
        <price t="2014-05-06" v="30407072500"/>
        <price t="2014-05-07" v="29044758500"/>
        <price t="2014-05-08" v="29678031000"/>
        <price t="2014-05-09" v="28795399500"/>
        <price t="2014-05-12" v="30007700000"/>
        <price t="2014-05-13" v="30420660000"/>
        <price t="2014-05-14" v="29982874500"/>
        <price t="2014-05-15" v="29168794500"/>
        <price t="2014-05-16" v="29562816000"/>
        <price t="2014-05-19" v="29898700000"/>
        <price t="2014-05-20" v="30233463000"/>
        <price t="2014-05-21" v="30442776000"/>
        <price t="2014-05-22" v="30841842000"/>
        <price t="2014-05-23" v="30742465000"/>
        <price t="2014-05-26" v="31503667500"/>
        <price t="2014-05-27" v="30958260000"/>
        <price t="2014-05-28" v="31271184000"/>
        <price t="2014-05-29" v="31464138000"/>
        <price t="2014-05-30" v="30813051500"/>
        <price t="2014-06-02" v="30992247000"/>
        <price t="2014-06-03" v="30680782500"/>
        <price t="2014-06-04" v="30762952500"/>
        <price t="2014-06-05" v="31651811000"/>
        <price t="2014-06-06" v="32986356000"/>
        <price t="2014-06-09" v="32863320000"/>
        <price t="2014-06-10" v="33447543000"/>
        <price t="2014-06-11" v="33894594000"/>
        <price t="2014-06-12" v="32947444000"/>
        <price t="2014-06-13" v="32745513000"/>
        <price t="2014-06-16" v="32314416000"/>
        <price t="2014-06-17" v="32590336000"/>
        <price t="2014-06-18" v="32686830000"/>
        <price t="2014-06-19" v="33035310000"/>
        <price t="2014-06-20" v="32223942000"/>
        <price t="2014-06-23" v="32399268000"/>
        <price t="2014-06-24" v="32914706000"/>
        <price t="2014-06-25" v="32444545000"/>
        <price t="2014-06-26" v="32511537000"/>
        <price t="2014-06-27" v="32381550000"/>
        <price t="2014-06-30" v="32369460000"/>
        <price t="2014-07-01" v="33063364000"/>
        <price t="2014-07-02" v="33354780000"/>
        <price t="2014-07-03" v="33773850000"/>
        <price t="2014-07-04" v="33766180000"/>
        <price t="2014-07-07" v="33273216000"/>
        <price t="2014-07-08" v="32219519000"/>
        <price t="2014-07-09" v="32871649500"/>
        <price t="2014-07-10" v="32826452000"/>
        <price t="2014-07-11" v="34116652500"/>
        <price t="2014-07-14" v="35430200000"/>
        <price t="2014-07-15" v="35421026000"/>
        <price t="2014-07-16" v="35582394000"/>
        <price t="2014-07-17" v="35165000000"/>
        <price t="2014-07-18" v="35543700000"/>
        <price t="2014-07-21" v="35971398000"/>
        <price t="2014-07-22" v="36196485000"/>
        <price t="2014-07-23" v="35722645000"/>
        <price t="2014-07-24" v="36003920000"/>
        <price t="2014-07-25" v="31846080000"/>
        <price t="2014-07-28" v="31856359500"/>
        <price t="2014-07-29" v="32128882500"/>
        <price t="2014-07-30" v="32041791000"/>
        <price t="2014-07-31" v="31427271000"/>
        <price t="2014-08-01" v="30734827500"/>
        <price t="2014-08-04" v="31326948000"/>
        <price t="2014-08-05" v="31367408000"/>
        <price t="2014-08-06" v="31467510000"/>
        <price t="2014-08-07" v="31214280000"/>
        <price t="2014-08-08" v="31414942000"/>
        <price t="2014-08-11" v="31865373000"/>
        <price t="2014-08-12" v="31850229000"/>
        <price t="2014-08-13" v="33045960000"/>
        <price t="2014-08-14" v="33051369500"/>
        <price t="2014-08-15" v="32974644000"/>
        <price t="2014-08-18" v="33557872500"/>
        <price t="2014-08-19" v="33498509000"/>
        <price t="2014-08-20" v="33595236000"/>
        <price t="2014-08-21" v="33300882000"/>
        <price t="2014-08-22" v="33154233000"/>
        <price t="2014-08-25" v="33508200000"/>
        <price t="2014-08-26" v="34279412000"/>
        <price t="2014-08-27" v="34418324000"/>
        <price t="2014-08-28" v="34032185000"/>
        <price t="2014-08-29" v="33893160000"/>
        <price t="2014-09-01" v="34040736000"/>
        <price t="2014-09-02" v="33954735000"/>
        <price t="2014-09-03" v="33975608500"/>
        <price t="2014-09-04" v="34769572500"/>
        <price t="2014-09-05" v="34351044000"/>
        <price t="2014-09-08" v="34413126000"/>
        <price t="2014-09-09" v="33564553000"/>
        <price t="2014-09-10" v="33253388000"/>
        <price t="2014-09-11" v="32966400000"/>
        <price t="2014-09-12" v="33180946000"/>
        <price t="2014-09-15" v="32161301000"/>
        <price t="2014-09-16" v="32430770500"/>
        <price t="2014-09-17" v="32448302000"/>
        <price t="2014-09-18" v="32553288000"/>
        <price t="2014-09-19" v="33074622000"/>
        <price t="2014-09-22" v="32273062500"/>
        <price t="2014-09-23" v="32532962000"/>
        <price t="2014-09-24" v="32648583000"/>
        <price t="2014-09-25" v="32218564000"/>
        <price t="2014-09-26" v="31874562000"/>
        <price t="2014-09-29" v="32209736000"/>
        <price t="2014-09-30" v="32092941500"/>
        <price t="2014-10-01" v="31822575000"/>
        <price t="2014-10-02" v="31337511000"/>
        <price t="2014-10-06" v="32109857500"/>
        <price t="2014-10-07" v="31857889000"/>
        <price t="2014-10-08" v="31814820000"/>
        <price t="2014-10-09" v="32315916000"/>
        <price t="2014-10-10" v="31525491000"/>
        <price t="2014-10-13" v="30911402000"/>
        <price t="2014-10-14" v="31109160000"/>
        <price t="2014-10-15" v="30145080000"/>
        <price t="2014-10-16" v="30227879000"/>
        <price t="2014-10-17" v="30852138000"/>
        <price t="2014-10-20" v="30393353500"/>
        <price t="2014-10-21" v="31279662000"/>
        <price t="2014-10-22" v="31884816000"/>
        <price t="2014-10-23" v="31482465000"/>
        <price t="2014-10-24" v="28938474000"/>
        <price t="2014-10-27" v="28641861000"/>
        <price t="2014-10-28" v="29639100000"/>
        <price t="2014-10-29" v="29664473000"/>
        <price t="2014-10-30" v="29706084000"/>
        <price t="2014-10-31" v="30295556000"/>
        <price t="2014-11-03" v="30676561500"/>
        <price t="2014-11-04" v="30002315000"/>
        <price t="2014-11-05" v="29995680000"/>
        <price t="2014-11-06" v="29865562000"/>
        <price t="2014-11-07" v="29823754500"/>
        <price t="2014-11-10" v="30553242000"/>
        <price t="2014-11-11" v="30904700000"/>
        <price t="2014-11-12" v="31024129500"/>
        <price t="2014-11-13" v="31482540000"/>
        <price t="2014-11-14" v="32737770000"/>
        <price t="2014-11-17" v="31952272000"/>
        <price t="2014-11-18" v="32630255000"/>
        <price t="2014-11-19" v="32603535000"/>
        <price t="2014-11-20" v="33228350000"/>
        <price t="2014-11-21" v="33446235000"/>
        <price t="2014-11-24" v="33507000000"/>
        <price t="2014-11-25" v="33116172000"/>
        <price t="2014-11-26" v="33283300000"/>
        <price t="2014-11-27" v="33415200000"/>
        <price t="2014-11-28" v="34141005000"/>
        <price t="2014-12-01" v="32899456500"/>
        <price t="2014-12-02" v="32519820000"/>
        <price t="2014-12-03" v="31585856500"/>
        <price t="2014-12-04" v="31165296500"/>
        <price t="2014-12-05" v="31393299000"/>
        <price t="2014-12-08" v="31006611000"/>
        <price t="2014-12-09" v="30718411500"/>
        <price t="2014-12-10" v="30843688000"/>
        <price t="2014-12-11" v="31231564000"/>
        <price t="2014-12-12" v="30751500000"/>
        <price t="2014-12-15" v="30375357000"/>
        <price t="2014-12-16" v="30182827500"/>
        <price t="2014-12-17" v="29651136000"/>
        <price t="2014-12-18" v="29484000000"/>
        <price t="2014-12-19" v="29739738000"/>
        <price t="2014-12-22" v="30592334500"/>
        <price t="2014-12-23" v="30465328500"/>
        <price t="2014-12-29" v="31419472000"/>
        <price t="2014-12-30" v="30819520000"/>
        <price t="2015-01-02" v="30902338000"/>
        <price t="2015-01-05" v="30401122500"/>
        <price t="2015-01-06" v="29606290000"/>
        <price t="2015-01-07" v="30062571000"/>
        <price t="2015-01-08" v="29973096000"/>
        <price t="2015-01-09" v="29774666500"/>
        <price t="2015-01-12" v="29191292000"/>
        <price t="2015-01-13" v="30114792000"/>
        <price t="2015-01-14" v="28619137500"/>
        <price t="2015-01-15" v="29340248000"/>
        <price t="2015-01-16" v="28958412000"/>
        <price t="2015-01-19" v="28931265000"/>
        <price t="2015-01-20" v="28820131000"/>
        <price t="2015-01-21" v="29741841500"/>
        <price t="2015-01-22" v="31322128000"/>
        <price t="2015-01-23" v="31024059000"/>
        <price t="2015-01-26" v="30718608000"/>
        <price t="2015-01-27" v="30526200000"/>
        <price t="2015-01-28" v="30583424000"/>
        <price t="2015-01-29" v="30352487500"/>
        <price t="2015-01-30" v="34706350000"/>
        <price t="2015-02-02" v="35977110000"/>
        <price t="2015-02-03" v="36152928000"/>
        <price t="2015-02-04" v="36718768000"/>
        <price t="2015-02-05" v="37635885000"/>
        <price t="2015-02-06" v="37832335000"/>
        <price t="2015-02-09" v="36756500000"/>
        <price t="2015-02-10" v="37144536000"/>
        <price t="2015-02-11" v="37579451000"/>
        <price t="2015-02-12" v="37325760000"/>
        <price t="2015-02-13" v="37938563500"/>
        <price t="2015-02-16" v="38022864000"/>
        <price t="2015-02-17" v="37412662500"/>
        <price t="2015-02-18" v="37550344000"/>
        <price t="2015-02-19" v="37975645000"/>
        <price t="2015-02-20" v="37548903000"/>
        <price t="2015-02-23" v="37763565000"/>
        <price t="2015-02-24" v="37886496000"/>
        <price t="2015-02-25" v="38519670000"/>
        <price t="2015-02-26" v="38953114000"/>
        <price t="2015-02-27" v="38513860000"/>
        <price t="2015-03-02" v="38648947500"/>
        <price t="2015-03-03" v="38283904000"/>
        <price t="2015-03-04" v="38655900000"/>
        <price t="2015-03-05" v="38763638000"/>
        <price t="2015-03-06" v="38633612000"/>
        <price t="2015-03-09" v="37662480000"/>
        <price t="2015-03-10" v="37169587000"/>
        <price t="2015-03-11" v="37075890000"/>
        <price t="2015-03-12" v="37299388500"/>
        <price t="2015-03-13" v="37028430000"/>
        <price t="2015-03-16" v="37023399000"/>
        <price t="2015-03-17" v="37397977500"/>
        <price t="2015-03-18" v="36552992000"/>
        <price t="2015-03-19" v="37492285500"/>
        <price t="2015-03-20" v="37753716000"/>
        <price t="2015-03-23" v="37750064000"/>
        <price t="2015-03-24" v="37465425000"/>
        <price t="2015-03-25" v="37447865000"/>
        <price t="2015-03-26" v="36968037000"/>
        <price t="2015-03-27" v="37018960000"/>
        <price t="2015-03-30" v="37431517500"/>
        <price t="2015-03-31" v="37764090000"/>
        <price t="2015-04-01" v="37088617500"/>
        <price t="2015-04-02" v="36811170000"/>
        <price t="2015-04-07" v="37698748500"/>
        <price t="2015-04-08" v="38359153000"/>
        <price t="2015-04-09" v="38253087000"/>
        <price t="2015-04-10" v="38416665000"/>
        <price t="2015-04-13" v="38103272000"/>
        <price t="2015-04-14" v="37988144000"/>
        <price t="2015-04-15" v="38264243000"/>
        <price t="2015-04-16" v="38602444000"/>
        <price t="2015-04-17" v="38022024000"/>
        <price t="2015-04-20" v="38093457500"/>
        <price t="2015-04-21" v="38744700000"/>
        <price t="2015-04-22" v="39276408000"/>
        <price t="2015-04-23" v="38660708000"/>
        <price t="2015-04-24" v="44535348000"/>
        <price t="2015-04-27" v="44013074000"/>
        <price t="2015-04-28" v="43276383500"/>
        <price t="2015-04-29" v="42665756000"/>
        <price t="2015-04-30" v="42975880000"/>
        <price t="2015-05-04" v="42533728000"/>
        <price t="2015-05-05" v="42105637500"/>
        <price t="2015-05-06" v="41545385000"/>
        <price t="2015-05-07" v="42682027500"/>
        <price t="2015-05-08" v="43397217500"/>
        <price t="2015-05-11" v="43292241000"/>
        <price t="2015-05-12" v="43202716000"/>
        <price t="2015-05-13" v="42420990500"/>
        <price t="2015-05-14" v="43352233500"/>
        <price t="2015-05-15" v="42310080000"/>
        <price t="2015-05-18" v="42657499500"/>
        <price t="2015-05-19" v="42444870000"/>
        <price t="2015-05-20" v="42442965000"/>
        <price t="2015-05-21" v="43535596500"/>
        <price t="2015-05-22" v="43467034000"/>
        <price t="2015-05-26" v="42480288000"/>
        <price t="2015-05-27" v="42865398000"/>
        <price t="2015-05-28" v="42668736000"/>
        <price t="2015-05-29" v="42958520000"/>
        <price t="2015-06-01" v="43141248000"/>
        <price t="2015-06-02" v="42511280500"/>
        <price t="2015-06-03" v="43172085000"/>
        <price t="2015-06-04" v="43496889500"/>
        <price t="2015-06-05" v="43183691000"/>
        <price t="2015-06-08" v="42348628000"/>
        <price t="2015-06-09" v="42273742000"/>
        <price t="2015-06-10" v="42927874000"/>
        <price t="2015-06-11" v="43810416000"/>
        <price t="2015-06-12" v="42720150000"/>
        <price t="2015-06-15" v="42404040000"/>
        <price t="2015-06-16" v="42448775000"/>
        <price t="2015-06-17" v="42786886500"/>
        <price t="2015-06-18" v="43506260000"/>
        <price t="2015-06-19" v="43484201500"/>
        <price t="2015-06-22" v="43581817500"/>
        <price t="2015-06-23" v="44205382000"/>
        <price t="2015-06-24" v="44420299500"/>
        <price t="2015-06-25" v="44207670000"/>
        <price t="2015-06-26" v="44001456000"/>
        <price t="2015-06-29" v="43424266500"/>
        <price t="2015-06-30" v="43581155000"/>
        <price t="2015-07-01" v="43956000000"/>
        <price t="2015-07-02" v="43312324000"/>
        <price t="2015-07-03" v="43496320000"/>
        <price t="2015-07-06" v="43487104000"/>
        <price t="2015-07-07" v="42745675500"/>
        <price t="2015-07-08" v="42899896000"/>
        <price t="2015-07-09" v="43729624000"/>
        <price t="2015-07-10" v="44152787500"/>
        <price t="2015-07-13" v="45527404500"/>
        <price t="2015-07-14" v="46633552500"/>
        <price t="2015-07-15" v="46557061000"/>
        <price t="2015-07-16" v="46787868500"/>
        <price t="2015-07-17" v="48494161500"/>
        <price t="2015-07-20" v="48980502000"/>
        <price t="2015-07-21" v="48086475000"/>
        <price t="2015-07-22" v="48890019000"/>
        <price t="2015-07-23" v="48428597000"/>
        <price t="2015-07-24" v="55914698500"/>
        <price t="2015-07-27" v="53548365000"/>
        <price t="2015-07-28" v="52798725000"/>
        <price t="2015-07-29" v="52773035000"/>
        <price t="2015-07-30" v="53515175000"/>
        <price t="2015-07-31" v="53518960000"/>
        <price t="2015-08-03" v="53577767500"/>
        <price t="2015-08-04" v="53487888500"/>
        <price t="2015-08-05" v="53789227500"/>
        <price t="2015-08-06" v="53167782500"/>
        <price t="2015-08-07" v="52062748500"/>
        <price t="2015-08-10" v="52339480000"/>
        <price t="2015-08-11" v="52356480000"/>
        <price t="2015-08-12" v="51608607500"/>
        <price t="2015-08-13" v="53084356500"/>
        <price t="2015-08-14" v="53430893000"/>
        <price t="2015-08-17" v="53440950000"/>
        <price t="2015-08-18" v="53961740000"/>
        <price t="2015-08-19" v="52891910500"/>
        <price t="2015-08-20" v="52012133000"/>
        <price t="2015-08-21" v="50206090500"/>
        <price t="2015-08-24" v="46988239000"/>
        <price t="2015-08-25" v="48825711000"/>
        <price t="2015-08-26" v="48544015000"/>
        <price t="2015-08-27" v="51669436000"/>
        <price t="2015-08-28" v="52441272000"/>
        <price t="2015-08-31" v="51538532500"/>
        <price t="2015-09-01" v="50539528000"/>
        <price t="2015-09-02" v="50456165000"/>
        <price t="2015-09-03" v="51849907500"/>
        <price t="2015-09-04" v="50132138000"/>
        <price t="2015-09-07" v="50391066000"/>
        <price t="2015-09-08" v="51406591000"/>
        <price t="2015-09-09" v="52464690000"/>
        <price t="2015-09-10" v="51797735000"/>
        <price t="2015-09-11" v="52272252000"/>
        <price t="2015-09-14" v="51884297500"/>
        <price t="2015-09-15" v="52615360000"/>
        <price t="2015-09-16" v="51963184000"/>
        <price t="2015-09-17" v="53279520000"/>
        <price t="2015-09-18" v="54571401000"/>
        <price t="2015-09-21" v="54990000000"/>
        <price t="2015-09-22" v="53544000000"/>
        <price t="2015-09-23" v="53676100000"/>
        <price t="2015-09-24" v="52315614000"/>
        <price t="2015-09-25" v="53563828500"/>
        <price t="2015-09-28" v="50371115000"/>
        <price t="2015-09-29" v="50300358000"/>
        <price t="2015-09-30" v="51068875500"/>
        <price t="2015-10-01" v="51270341000"/>
        <price t="2015-10-02" v="51302520000"/>
        <price t="2015-10-05" v="54309206000"/>
        <price t="2015-10-06" v="54071620000"/>
        <price t="2015-10-07" v="53350143000"/>
        <price t="2015-10-08" v="52893800000"/>
        <price t="2015-10-09" v="53924052000"/>
        <price t="2015-10-12" v="54857665500"/>
        <price t="2015-10-13" v="54896611000"/>
        <price t="2015-10-14" v="54505570000"/>
        <price t="2015-10-15" v="55278967500"/>
        <price t="2015-10-16" v="56663680000"/>
        <price t="2015-10-19" v="57792633500"/>
        <price t="2015-10-20" v="56233798500"/>
        <price t="2015-10-21" v="55997928000"/>
        <price t="2015-10-22" v="57520948500"/>
        <price t="2015-10-23" v="60817908000"/>
        <price t="2015-10-26" v="60120060000"/>
        <price t="2015-10-27" v="61327714500"/>
        <price t="2015-10-28" v="61538377500"/>
        <price t="2015-10-29" v="62333790000"/>
        <price t="2015-10-30" v="62785883000"/>
        <price t="2015-11-02" v="62341832000"/>
        <price t="2015-11-03" v="62530272000"/>
        <price t="2015-11-04" v="64051762500"/>
        <price t="2015-11-05" v="65330649000"/>
        <price t="2015-11-06" v="66509408000"/>
        <price t="2015-11-09" v="65006220000"/>
        <price t="2015-11-10" v="65663785500"/>
        <price t="2015-11-11" v="67033938000"/>
        <price t="2015-11-12" v="66785439000"/>
        <price t="2015-11-13" v="65412828000"/>
        <price t="2015-11-16" v="62654489000"/>
        <price t="2015-11-17" v="64446800000"/>
        <price t="2015-11-18" v="65835885000"/>
        <price t="2015-11-19" v="66163217000"/>
        <price t="2015-11-20" v="66719840000"/>
        <price t="2015-11-23" v="68107501500"/>
        <price t="2015-11-24" v="67079998000"/>
        <price t="2015-11-25" v="67236979000"/>
        <price t="2015-11-26" v="68075980000"/>
        <price t="2015-11-27" v="67622070000"/>
        <price t="2015-11-30" v="66848701000"/>
        <price t="2015-12-01" v="67310000000"/>
        <price t="2015-12-02" v="68235160000"/>
        <price t="2015-12-03" v="66458988000"/>
        <price t="2015-12-04" v="67270791000"/>
        <price t="2015-12-07" v="65837619000"/>
        <price t="2015-12-08" v="67093312500"/>
        <price t="2015-12-09" v="66931567500"/>
        <price t="2015-12-10" v="66330994500"/>
        <price t="2015-12-11" v="64659750000"/>
        <price t="2015-12-14" v="63783772500"/>
        <price t="2015-12-15" v="67280780000"/>
        <price t="2015-12-16" v="66292245500"/>
        <price t="2015-12-17" v="67837557500"/>
        <price t="2015-12-18" v="66971898000"/>
        <price t="2015-12-21" v="65931985000"/>
        <price t="2015-12-22" v="66330788000"/>
        <price t="2015-12-23" v="66014510000"/>
        <price t="2015-12-28" v="66511935000"/>
        <price t="2015-12-29" v="69435680000"/>
        <price t="2015-12-30" v="68740929000"/>
        <price t="2016-01-04" v="64614242000"/>
        <price t="2016-01-05" v="63444384000"/>
        <price t="2016-01-06" v="63549672000"/>
        <price t="2016-01-07" v="62599680000"/>
        <price t="2016-01-08" v="60984515000"/>
        <price t="2016-01-11" v="60787704000"/>
        <price t="2016-01-12" v="62101116000"/>
        <price t="2016-01-13" v="60255936000"/>
        <price t="2016-01-14" v="59377743000"/>
        <price t="2016-01-15" v="56998365000"/>
        <price t="2016-01-18" v="57242906000"/>
        <price t="2016-01-19" v="57502588000"/>
        <price t="2016-01-20" v="55014798930"/>
        <price t="2016-01-21" v="58533535500"/>
        <price t="2016-01-22" v="59195416000"/>
        <price t="2016-01-25" v="60023250000"/>
        <price t="2016-01-26" v="59121253500"/>
        <price t="2016-01-27" v="59481144000"/>
        <price t="2016-01-28" v="60936867000"/>
        <price t="2016-01-29" v="58716840000"/>
        <price t="2016-02-01" v="57777714000"/>
        <price t="2016-02-02" v="56123660000"/>
        <price t="2016-02-03" v="52653328000"/>
        <price t="2016-02-04" v="53161264000"/>
        <price t="2016-02-05" v="50974701000"/>
        <price t="2016-02-08" v="47806456500"/>
        <price t="2016-02-09" v="48528284000"/>
        <price t="2016-02-10" v="50014851000"/>
        <price t="2016-02-11" v="49382144000"/>
        <price t="2016-02-12" v="51774800000"/>
        <price t="2016-02-15" v="52076440000"/>
        <price t="2016-02-16" v="51525507000"/>
        <price t="2016-02-17" v="53218944000"/>
        <price t="2016-02-18" v="53369460000"/>
        <price t="2016-02-19" v="52839152000"/>
        <price t="2016-02-22" v="55984515000"/>
        <price t="2016-02-23" v="54696443000"/>
        <price t="2016-02-24" v="53285302500"/>
        <price t="2016-02-25" v="54919973500"/>
        <price t="2016-02-26" v="56163618000"/>
        <price t="2016-02-29" v="56029648000"/>
        <price t="2016-03-01" v="56876868000"/>
        <price t="2016-03-02" v="58025320000"/>
        <price t="2016-03-03" v="57268403500"/>
        <price t="2016-03-04" v="57740595000"/>
        <price t="2016-03-07" v="56172460500"/>
        <price t="2016-03-08" v="56336538000"/>
        <price t="2016-03-09" v="55084569730"/>
        <price t="2016-03-10" v="54176430000"/>
        <price t="2016-03-11" v="56320565000"/>
        <price t="2016-03-14" v="57507468000"/>
        <price t="2016-03-15" v="57416866500"/>
        <price t="2016-03-16" v="57416628000"/>
        <price t="2016-03-17" v="55774541000"/>
        <price t="2016-03-18" v="55306576500"/>
        <price t="2016-03-21" v="54489536790"/>
        <price t="2016-03-22" v="55818942000"/>
        <price t="2016-03-23" v="56737509000"/>
        <price t="2016-03-24" v="57738681000"/>
        <price t="2016-03-29" v="58880440000"/>
        <price t="2016-03-30" v="59666156000"/>
        <price t="2016-03-31" v="59606167500"/>
        <price t="2016-04-01" v="59977988000"/>
        <price t="2016-04-04" v="59318250000"/>
        <price t="2016-04-05" v="58881060000"/>
        <price t="2016-04-06" v="59230600000"/>
        <price t="2016-04-07" v="58956432000"/>
        <price t="2016-04-08" v="58973970000"/>
        <price t="2016-04-11" v="59706380000"/>
        <price t="2016-04-12" v="60028430000"/>
        <price t="2016-04-13" v="61495014000"/>
        <price t="2016-04-14" v="61953512000"/>
        <price t="2016-04-15" v="62310248000"/>
        <price t="2016-04-18" v="62895278000"/>
        <price t="2016-04-19" v="62817534000"/>
        <price t="2016-04-20" v="63807628710"/>
        <price t="2016-04-21" v="63877552500"/>
        <price t="2016-04-22" v="61462191000"/>
        <price t="2016-04-25" v="61952000000"/>
        <price t="2016-04-26" v="61655237500"/>
        <price t="2016-04-27" v="60471050000"/>
        <price t="2016-04-28" v="62344062000"/>
        <price t="2016-04-29" v="65647071000"/>
        <price t="2016-05-02" v="67486896000"/>
        <price t="2016-05-03" v="67881107500"/>
        <price t="2016-05-04" v="66867060000"/>
        <price t="2016-05-05" v="67038259500"/>
        <price t="2016-05-06" v="66322308000"/>
        <price t="2016-05-09" v="67709090000"/>
        <price t="2016-05-10" v="69711687500"/>
        <price t="2016-05-11" v="71038138500"/>
        <price t="2016-05-12" v="71431808000"/>
        <price t="2016-05-13" v="71492400000"/>
        <price t="2016-05-17" v="70511140000"/>
        <price t="2016-05-18" v="69788812500"/>
        <price t="2016-05-19" v="69107884000"/>
        <price t="2016-05-20" v="70679700000"/>
        <price t="2016-05-23" v="69953562500"/>
        <price t="2016-05-24" v="70665520000"/>
        <price t="2016-05-25" v="70721370000"/>
        <price t="2016-05-26" v="71363520000"/>
        <price t="2016-05-27" v="71698560000"/>
        <price t="2016-05-30" v="71512380000"/>
        <price t="2016-05-31" v="72439653000"/>
        <price t="2016-06-01" v="72245497000"/>
        <price t="2016-06-02" v="72184976000"/>
        <price t="2016-06-03" v="70939440000"/>
        <price t="2016-06-06" v="72792486000"/>
        <price t="2016-06-07" v="72513720000"/>
        <price t="2016-06-08" v="72517683000"/>
        <price t="2016-06-09" v="72708630000"/>
        <price t="2016-06-10" v="71949960000"/>
        <price t="2016-06-13" v="71771526000"/>
        <price t="2016-06-14" v="71587437500"/>
        <price t="2016-06-15" v="71566768600"/>
        <price t="2016-06-16" v="70899030000"/>
        <price t="2016-06-17" v="70585088000"/>
        <price t="2016-06-20" v="72190506000"/>
        <price t="2016-06-21" v="71651562000"/>
        <price t="2016-06-22" v="71178805500"/>
        <price t="2016-06-23" v="72046814000"/>
        <price t="2016-06-24" v="70136308000"/>
        <price t="2016-06-27" v="68753997000"/>
        <price t="2016-06-28" v="70606984500"/>
        <price t="2016-06-29" v="71663580000"/>
        <price t="2016-06-30" v="71846593000"/>
        <price t="2016-07-01" v="72483282500"/>
        <price t="2016-07-04" v="72953900000"/>
        <price t="2016-07-05" v="72471292000"/>
        <price t="2016-07-06" v="73332125000"/>
        <price t="2016-07-07" v="73427160000"/>
        <price t="2016-07-08" v="74556450000"/>
        <price t="2016-07-11" v="75564111000"/>
        <price t="2016-07-12" v="75320226000"/>
        <price t="2016-07-13" v="74520096000"/>
        <price t="2016-07-14" v="74807685000"/>
        <price t="2016-07-15" v="74112480000"/>
        <price t="2016-07-18" v="73701404000"/>
        <price t="2016-07-19" v="74469697500"/>
        <price t="2016-07-20" v="74519574630"/>
        <price t="2016-07-21" v="74731267500"/>
        <price t="2016-07-22" v="75143015000"/>
        <price t="2016-07-25" v="74232829000"/>
        <price t="2016-07-26" v="73756879000"/>
        <price t="2016-07-27" v="73870511000"/>
        <price t="2016-07-28" v="74929585000"/>
        <price t="2016-07-29" v="76112937000"/>
        <price t="2016-08-01" v="76735754000"/>
        <price t="2016-08-02" v="75714936570"/>
        <price t="2016-08-03" v="75544000000"/>
        <price t="2016-08-04" v="75696960000"/>
        <price t="2016-08-05" v="77333280440"/>
        <price t="2016-08-08" v="76389430000"/>
        <price t="2016-08-09" v="76903476000"/>
        <price t="2016-08-10" v="76884408000"/>
        <price t="2016-08-11" v="76911088000"/>
        <price t="2016-08-12" v="77034832000"/>
        <price t="2016-08-15" v="76806600000"/>
        <price t="2016-08-16" v="76653517500"/>
        <price t="2016-08-17" v="76039706000"/>
        <price t="2016-08-18" v="76229953500"/>
        <price t="2016-08-19" v="75963595260"/>
        <price t="2016-08-22" v="75671058000"/>
        <price t="2016-08-23" v="76464546500"/>
        <price t="2016-08-24" v="76177201320"/>
        <price t="2016-08-25" v="75738965000"/>
        <price t="2016-08-26" v="77048605000"/>
        <price t="2016-08-29" v="77201455000"/>
        <price t="2016-08-30" v="76807920000"/>
        <price t="2016-08-31" v="76504670000"/>
        <price t="2016-09-01" v="76522863000"/>
        <price t="2016-09-02" v="77651437500"/>
        <price t="2016-09-05" v="77366748440"/>
        <price t="2016-09-06" v="77655481000"/>
        <price t="2016-09-07" v="78507300500"/>
        <price t="2016-09-08" v="78467664000"/>
        <price t="2016-09-09" v="77850612000"/>
        <price t="2016-09-12" v="76802679000"/>
        <price t="2016-09-13" v="76142190000"/>
        <price t="2016-09-14" v="76024386000"/>
        <price t="2016-09-15" v="76831058000"/>
        <price t="2016-09-16" v="78475353000"/>
        <price t="2016-09-19" v="77446022500"/>
        <price t="2016-09-20" v="77851824000"/>
        <price t="2016-09-21" v="78256275000"/>
        <price t="2016-09-22" v="79975227000"/>
        <price t="2016-09-23" v="80443629000"/>
        <price t="2016-09-26" v="80185440000"/>
        <price t="2016-09-27" v="81406710000"/>
        <price t="2016-09-28" v="82425175000"/>
        <price t="2016-09-29" v="82738043500"/>
        <price t="2016-09-30" v="83171772000"/>
        <price t="2016-10-04" v="83512182500"/>
        <price t="2016-10-05" v="84110415390"/>
        <price t="2016-10-06" v="84480305000"/>
        <price t="2016-10-07" v="84045730000"/>
        <price t="2016-10-10" v="84425400000"/>
        <price t="2016-10-11" v="83369475000"/>
        <price t="2016-10-12" v="83597720000"/>
        <price t="2016-10-13" v="82531126000"/>
        <price t="2016-10-14" v="82949579000"/>
        <price t="2016-10-17" v="81476534000"/>
        <price t="2016-10-18" v="81864871000"/>
        <price t="2016-10-19" v="81744144500"/>
        <price t="2016-10-20" v="81438660000"/>
        <price t="2016-10-21" v="81568798000"/>
        <price t="2016-10-24" v="83310704500"/>
        <price t="2016-10-25" v="84165588000"/>
        <price t="2016-10-26" v="82953525000"/>
        <price t="2016-10-27" v="82471532500"/>
        <price t="2016-10-28" v="78163293000"/>
        <price t="2016-10-31" v="79221675000"/>
        <price t="2016-11-01" v="78564150000"/>
        <price t="2016-11-02" v="77287770000"/>
        <price t="2016-11-03" v="76513092000"/>
        <price t="2016-11-04" v="75870573500"/>
        <price t="2016-11-07" v="78363208000"/>
        <price t="2016-11-08" v="78656788000"/>
        <price t="2016-11-09" v="77589369000"/>
        <price t="2016-11-10" v="74815965000"/>
        <price t="2016-11-11" v="73803724000"/>
        <price t="2016-11-14" v="72372943500"/>
        <price t="2016-11-15" v="74111642500"/>
        <price t="2016-11-16" v="74967510000"/>
        <price t="2016-11-17" v="75795982500"/>
        <price t="2016-11-18" v="76332163500"/>
        <price t="2016-11-21" v="77622246500"/>
        <price t="2016-11-22" v="78040258500"/>
        <price t="2016-11-23" v="77834583000"/>
        <price t="2016-11-24" v="77902254000"/>
        <price t="2016-11-25" v="77872384000"/>
        <price t="2016-11-28" v="77186520000"/>
        <price t="2016-11-29" v="76242384000"/>
        <price t="2016-11-30" v="76311442500"/>
        <price t="2016-12-01" v="74389000000"/>
        <price t="2016-12-02" v="74201345000"/>
        <price t="2016-12-05" v="75770160000"/>
        <price t="2016-12-06" v="76597824000"/>
        <price t="2016-12-07" v="76188365000"/>
        <price t="2016-12-08" v="77992214000"/>
        <price t="2016-12-09" v="76806166000"/>
        <price t="2016-12-12" v="76058088000"/>
        <price t="2016-12-13" v="77750080000"/>
        <price t="2016-12-14" v="77153034000"/>
        <price t="2016-12-15" v="76996410000"/>
        <price t="2016-12-16" v="75380019000"/>
        <price t="2016-12-19" v="76601700000"/>
        <price t="2016-12-20" v="77315440000"/>
        <price t="2016-12-21" v="76526613500"/>
        <price t="2016-12-22" v="76465746000"/>
        <price t="2016-12-23" v="75566364000"/>
        <price t="2016-12-27" v="77188550000"/>
        <price t="2016-12-28" v="77492650500"/>
        <price t="2016-12-29" v="76270314500"/>
        <price t="2016-12-30" v="76717398000"/>
        <price t="2017-01-02" v="76195665000"/>
        <price t="2017-01-03" v="74984892500"/>
        <price t="2017-01-04" v="75302955000"/>
        <price t="2017-01-05" v="76835817000"/>
        <price t="2017-01-06" v="79311610000"/>
        <price t="2017-01-09" v="79306414000"/>
        <price t="2017-01-10" v="79928788000"/>
        <price t="2017-01-11" v="79239883500"/>
        <price t="2017-01-12" v="80519660000"/>
        <price t="2017-01-13" v="82228293000"/>
        <price t="2017-01-16" v="81679740000"/>
        <price t="2017-01-17" v="81064743160"/>
        <price t="2017-01-18" v="80491872000"/>
        <price t="2017-01-19" v="81748884000"/>
        <price t="2017-01-20" v="80851044000"/>
        <price t="2017-01-23" v="80946467500"/>
        <price t="2017-01-24" v="82243696000"/>
        <price t="2017-01-25" v="83344194000"/>
        <price t="2017-01-26" v="84176900000"/>
        <price t="2017-01-27" v="83504058000"/>
        <price t="2017-01-30" v="82031816300"/>
        <price t="2017-01-31" v="81748755000"/>
        <price t="2017-02-01" v="82964310000"/>
        <price t="2017-02-02" v="84226744000"/>
        <price t="2017-02-03" v="80820654500"/>
        <price t="2017-02-06" v="80506036000"/>
        <price t="2017-02-07" v="81210062500"/>
        <price t="2017-02-08" v="81619245000"/>
        <price t="2017-02-09" v="82622430000"/>
        <price t="2017-02-10" v="82587330000"/>
        <price t="2017-02-13" v="84388945500"/>
        <price t="2017-02-14" v="83863273500"/>
        <price t="2017-02-15" v="83727537500"/>
        <price t="2017-02-16" v="84001672000"/>
        <price t="2017-02-17" v="84795300000"/>
        <price t="2017-02-20" v="84800501840"/>
        <price t="2017-02-21" v="85560440000"/>
        <price t="2017-02-22" v="85491716000"/>
        <price t="2017-02-23" v="85117936500"/>
        <price t="2017-02-24" v="84415813000"/>
        <price t="2017-02-27" v="84696000000"/>
        <price t="2017-02-28" v="84760104500"/>
        <price t="2017-03-01" v="84917046000"/>
        <price t="2017-03-02" v="84853237000"/>
        <price t="2017-03-03" v="85069380000"/>
        <price t="2017-03-06" v="84254064000"/>
        <price t="2017-03-07" v="84523392000"/>
        <price t="2017-03-08" v="85097194000"/>
        <price t="2017-03-09" v="85262631000"/>
        <price t="2017-03-10" v="84975272000"/>
        <price t="2017-03-13" v="85442619000"/>
        <price t="2017-03-14" v="84872588500"/>
        <price t="2017-03-15" v="84901646000"/>
        <price t="2017-03-16" v="85180529000"/>
        <price t="2017-03-17" v="85122936000"/>
        <price t="2017-03-20" v="85682688000"/>
        <price t="2017-03-21" v="84903720000"/>
        <price t="2017-03-22" v="84743090500"/>
        <price t="2017-03-23" v="84982894000"/>
        <price t="2017-03-24" v="84948910000"/>
        <price t="2017-03-27" v="84455084000"/>
        <price t="2017-03-28" v="85373458000"/>
        <price t="2017-03-29" v="86811596000"/>
        <price t="2017-03-30" v="87415285500"/>
        <price t="2017-03-31" v="88842210000"/>
        <price t="2017-04-03" v="88875426500"/>
        <price t="2017-04-04" v="89931718500"/>
        <price t="2017-04-05" v="91990970000"/>
        <price t="2017-04-06" v="90399683000"/>
        <price t="2017-04-07" v="89408930000"/>
        <price t="2017-04-10" v="90373143000"/>
        <price t="2017-04-11" v="89869748000"/>
        <price t="2017-04-12" v="90004635000"/>
        <price t="2017-04-13" v="89281370000"/>
        <price t="2017-04-18" v="90262900000"/>
        <price t="2017-04-19" v="90937275000"/>
        <price t="2017-04-20" v="89983895050"/>
        <price t="2017-04-21" v="89889945000"/>
        <price t="2017-04-24" v="90662160000"/>
        <price t="2017-04-25" v="90340845000"/>
        <price t="2017-04-26" v="91190749500"/>
        <price t="2017-04-27" v="92189272500"/>
        <price t="2017-04-28" v="93784865000"/>
        <price t="2017-05-02" v="94502070000"/>
        <price t="2017-05-03" v="93745074500"/>
        <price t="2017-05-04" v="93469558000"/>
        <price t="2017-05-05" v="93004085000"/>
        <price t="2017-05-08" v="94143366000"/>
        <price t="2017-05-09" v="95449652000"/>
        <price t="2017-05-10" v="95097798000"/>
        <price t="2017-05-11" v="94313670000"/>
        <price t="2017-05-12" v="95349892000"/>
        <price t="2017-05-15" v="95878822000"/>
        <price t="2017-05-16" v="96473186500"/>
        <price t="2017-05-17" v="95178195500"/>
        <price t="2017-05-18" v="95698271000"/>
        <price t="2017-05-19" v="96569791500"/>
        <price t="2017-05-22" v="97027090000"/>
        <price t="2017-05-23" v="97049002500"/>
        <price t="2017-05-24" v="97474240500"/>
        <price t="2017-05-25" v="99675639000"/>
        <price t="2017-05-26" v="99622008000"/>
        <price t="2017-05-29" v="100356360000"/>
        <price t="2017-05-30" v="99769303500"/>
        <price t="2017-05-31" v="99014104000"/>
        <price t="2017-06-01" v="99563015500"/>
        <price t="2017-06-02" v="99724738500"/>
        <price t="2017-06-06" v="100922341000"/>
        <price t="2017-06-07" v="100246329000"/>
        <price t="2017-06-08" v="101061000000"/>
        <price t="2017-06-09" v="100477828000"/>
        <price t="2017-06-12" v="97347785500"/>
        <price t="2017-06-13" v="97296258000"/>
        <price t="2017-06-14" v="97908618500"/>
        <price t="2017-06-15" v="96144843000"/>
        <price t="2017-06-16" v="99246712500"/>
        <price t="2017-06-19" v="100091062500"/>
        <price t="2017-06-20" v="100219926000"/>
        <price t="2017-06-21" v="99375505000"/>
        <price t="2017-06-22" v="100521000000"/>
        <price t="2017-06-23" v="99864274000"/>
        <price t="2017-06-26" v="99351747000"/>
        <price t="2017-06-27" v="99065952000"/>
        <price t="2017-06-28" v="98382375000"/>
        <price t="2017-06-29" v="97096097500"/>
        <price t="2017-06-30" v="97800840000"/>
        <price t="2017-07-03" v="95971413500"/>
        <price t="2017-07-04" v="95365200000"/>
        <price t="2017-07-05" v="96528744500"/>
        <price t="2017-07-06" v="96231712500"/>
        <price t="2017-07-07" v="97755192000"/>
        <price t="2017-07-10" v="99419897000"/>
        <price t="2017-07-11" v="98938375000"/>
        <price t="2017-07-12" v="100590914000"/>
        <price t="2017-07-13" v="100258385500"/>
        <price t="2017-07-14" v="99732855000"/>
        <price t="2017-07-17" v="101031799000"/>
        <price t="2017-07-18" v="101759107500"/>
        <price t="2017-07-19" v="102989690000"/>
        <price t="2017-07-20" v="101538885000"/>
        <price t="2017-07-21" v="102286612000"/>
        <price t="2017-07-24" v="103276992000"/>
        <price t="2017-07-25" v="103994742000"/>
        <price t="2017-07-26" v="105098744000"/>
        <price t="2017-07-27" v="108257205000"/>
        <price t="2017-07-28" v="101227134500"/>
        <price t="2017-07-31" v="99104877000"/>
        <price t="2017-08-01" v="100029922000"/>
        <price t="2017-08-02" v="98245759500"/>
        <price t="2017-08-03" v="98574390000"/>
        <price t="2017-08-04" v="99887022000"/>
        <price t="2017-08-07" v="99389725000"/>
        <price t="2017-08-08" v="99757416000"/>
        <price t="2017-08-09" v="98235394000"/>
        <price t="2017-08-10" v="96325586000"/>
        <price t="2017-08-11" v="96420057500"/>
        <price t="2017-08-14" v="98481356000"/>
        <price t="2017-08-15" v="98626112000"/>
        <price t="2017-08-16" v="98264465000"/>
        <price t="2017-08-17" v="96389128500"/>
        <price t="2017-08-18" v="96403010000"/>
        <price t="2017-08-21" v="94687811000"/>
        <price t="2017-08-22" v="96551627500"/>
        <price t="2017-08-23" v="95990764500"/>
        <price t="2017-08-24" v="94211880000"/>
        <price t="2017-08-25" v="94399056000"/>
        <price t="2017-08-28" v="95280750000"/>
        <price t="2017-08-29" v="95269560000"/>
        <price t="2017-08-30" v="96174036000"/>
        <price t="2017-08-31" v="97307925000"/>
        <price t="2017-09-01" v="98340000000"/>
        <price t="2017-09-04" v="97918625000"/>
        <price t="2017-09-05" v="96737040000"/>
        <price t="2017-09-06" v="96301066500"/>
        <price t="2017-09-07" v="97342186500"/>
        <price t="2017-09-08" v="97679970000"/>
        <price t="2017-09-11" v="97931511000"/>
        <price t="2017-09-12" v="97975896500"/>
        <price t="2017-09-13" v="99575437500"/>
        <price t="2017-09-14" v="99186267500"/>
        <price t="2017-09-15" v="99370659500"/>
        <price t="2017-09-18" v="98535156000"/>
        <price t="2017-09-19" v="97314402000"/>
        <price t="2017-09-20" v="96866472500"/>
        <price t="2017-09-21" v="96579312500"/>
        <price t="2017-09-22" v="95711922000"/>
        <price t="2017-09-25" v="94324849500"/>
        <price t="2017-09-26" v="93606460500"/>
        <price t="2017-09-27" v="94485697500"/>
        <price t="2017-09-28" v="95660916000"/>
        <price t="2017-09-29" v="96301542000"/>
        <price t="2017-10-02" v="95913248000"/>
        <price t="2017-10-04" v="96871459500"/>
        <price t="2017-10-05" v="97699311000"/>
        <price t="2017-10-06" v="98713424000"/>
        <price t="2017-10-09" v="99159732000"/>
        <price t="2017-10-10" v="98410574000"/>
        <price t="2017-10-11" v="98886970000"/>
        <price t="2017-10-12" v="100521096000"/>
        <price t="2017-10-13" v="100255090000"/>
        <price t="2017-10-16" v="100384515000"/>
        <price t="2017-10-17" v="100821666000"/>
        <price t="2017-10-18" v="100559691000"/>
        <price t="2017-10-19" v="98553552000"/>
        <price t="2017-10-20" v="99336199000"/>
        <price t="2017-10-23" v="97342210000"/>
        <price t="2017-10-24" v="97775073500"/>
        <price t="2017-10-25" v="96937517500"/>
        <price t="2017-10-26" v="97773207000"/>
        <price t="2017-10-27" v="108907122500"/>
        <price t="2017-10-30" v="110592688000"/>
        <price t="2017-11-01" v="110093372000"/>
        <price t="2017-11-02" v="109195165000"/>
        <price t="2017-11-03" v="109925510000"/>
        <price t="2017-11-06" v="111988375000"/>
        <price t="2017-11-07" v="112029999000"/>
        <price t="2017-11-08" v="112567875000"/>
        <price t="2017-11-09" v="112223685000"/>
        <price t="2017-11-10" v="112560159000"/>
        <price t="2017-11-13" v="113616860000"/>
        <price t="2017-11-14" v="113280525000"/>
        <price t="2017-11-15" v="113184480000"/>
        <price t="2017-11-16" v="113566608000"/>
        <price t="2017-11-17" v="113762775000"/>
        <price t="2017-11-20" v="113032804500"/>
        <price t="2017-11-21" v="113588433000"/>
        <price t="2017-11-22" v="114382389500"/>
        <price t="2017-11-23" v="115784580000"/>
        <price t="2017-11-24" v="116905311000"/>
        <price t="2017-11-27" v="119962224000"/>
        <price t="2017-11-28" v="120074744000"/>
        <price t="2017-11-29" v="115301423000"/>
        <price t="2017-11-30" v="116724499000"/>
        <price t="2017-12-01" v="115599452500"/>
        <price t="2017-12-04" v="114343005000"/>
        <price t="2017-12-05" v="115614873000"/>
        <price t="2017-12-06" v="115203933000"/>
        <price t="2017-12-07" v="115874059000"/>
        <price t="2017-12-08" v="116715480000"/>
        <price t="2017-12-11" v="116220090000"/>
        <price t="2017-12-12" v="117660000000"/>
        <price t="2017-12-13" v="116198136000"/>
        <price t="2017-12-14" v="117632695000"/>
        <price t="2017-12-15" v="118030485000"/>
        <price t="2017-12-18" v="118598725000"/>
        <price t="2017-12-19" v="118750212000"/>
        <price t="2017-12-20" v="117502400000"/>
        <price t="2017-12-21" v="117777658500"/>
        <price t="2017-12-22" v="117113566500"/>
        <price t="2017-12-27" v="118313617500"/>
        <price t="2017-12-28" v="118415115000"/>
        <price t="2017-12-29" v="118748689500"/>
        <price t="2018-01-02" v="118598950000"/>
        <price t="2018-01-03" v="119989540000"/>
        <price t="2018-01-04" v="120891300000"/>
        <price t="2018-01-05" v="121895400000"/>
        <price t="2018-01-08" v="124758660000"/>
        <price t="2018-01-09" v="124570080000"/>
        <price t="2018-01-10" v="125196480000"/>
        <price t="2018-01-11" v="125457480000"/>
        <price t="2018-01-12" v="130351380000"/>
        <price t="2018-01-15" v="131609440000"/>
        <price t="2018-01-16" v="132817800000"/>
        <price t="2018-01-17" v="128863680000"/>
        <price t="2018-01-18" v="130180400000"/>
        <price t="2018-01-19" v="129903000000"/>
        <price t="2018-01-22" v="131446860000"/>
        <price t="2018-01-23" v="134983980000"/>
        <price t="2018-01-24" v="135130880000"/>
        <price t="2018-01-25" v="135980720000"/>
        <price t="2018-01-26" v="139780640000"/>
        <price t="2018-01-29" v="142110920000"/>
        <price t="2018-01-30" v="142724742600"/>
        <price t="2018-01-31" v="146363521500"/>
        <price t="2018-02-01" v="143278500000"/>
        <price t="2018-02-02" v="147155760000"/>
        <price t="2018-02-05" v="145299200000"/>
        <price t="2018-02-06" v="138332612900"/>
        <price t="2018-02-07" v="146575440000"/>
        <price t="2018-02-08" v="139384878000"/>
        <price t="2018-02-09" v="133039320000"/>
        <price t="2018-02-12" v="137836120000"/>
        <price t="2018-02-13" v="139868553000"/>
        <price t="2018-02-14" v="142742880000"/>
        <price t="2018-02-15" v="145918240000"/>
        <price t="2018-02-16" v="145828800000"/>
        <price t="2018-02-19" v="145693400000"/>
        <price t="2018-02-20" v="147427214000"/>
        <price t="2018-02-21" v="149800104000"/>
        <price t="2018-02-22" v="148607118000"/>
        <price t="2018-02-23" v="149304940400"/>
        <price t="2018-02-26" v="152026336000"/>
        <price t="2018-02-27" v="152778420000"/>
        <price t="2018-02-28" v="151815134400"/>
        <price t="2018-03-01" v="150158495400"/>
        <price t="2018-03-02" v="147784629600"/>
        <price t="2018-03-05" v="151011812800"/>
        <price t="2018-03-06" v="153243581400"/>
        <price t="2018-03-07" v="153897539700"/>
        <price t="2018-03-08" v="156326979700"/>
        <price t="2018-03-09" v="156307105200"/>
        <price t="2018-03-12" v="159980128800"/>
        <price t="2018-03-13" v="158339376000"/>
        <price t="2018-03-14" v="159788926500"/>
        <price t="2018-03-15" v="158803988000"/>
        <price t="2018-03-16" v="157562278900"/>
        <price t="2018-03-19" v="153660632400"/>
        <price t="2018-03-20" v="157876725600"/>
        <price t="2018-03-21" v="158930467400"/>
        <price t="2018-03-22" v="155115093600"/>
        <price t="2018-03-23" v="152002717400"/>
        <price t="2018-03-26" v="151126264800"/>
        <price t="2018-03-27" v="156808870400"/>
        <price t="2018-03-28" v="141132633000"/>
        <price t="2018-03-29" v="142038952200"/>
        <price t="2018-04-03" v="138834240000"/>
        <price t="2018-04-04" v="138206890800"/>
        <price t="2018-04-05" v="145605890000"/>
        <price t="2018-04-06" v="143019130200"/>
        <price t="2018-04-09" v="142972480000"/>
        <price t="2018-04-10" v="143387600000"/>
        <price t="2018-04-11" v="143964000000"/>
        <price t="2018-04-12" v="144861794200"/>
        <price t="2018-04-13" v="144293655000"/>
        <price t="2018-04-16" v="143423965000"/>
        <price t="2018-04-17" v="147944182500"/>
        <price t="2018-04-18" v="152807218800"/>
        <price t="2018-04-19" v="155586021000"/>
        <price t="2018-04-20" v="154896456000"/>
        <price t="2018-04-23" v="154064182000"/>
        <price t="2018-04-24" v="148202312400"/>
        <price t="2018-04-25" v="146268740000"/>
        <price t="2018-04-26" v="150810192000"/>
        <price t="2018-04-27" v="159052425000"/>
        <price t="2018-04-30" v="158385887500"/>
        <price t="2018-05-02" v="158324302000"/>
        <price t="2018-05-03" v="155698132000"/>
        <price t="2018-05-04" v="158397746000"/>
        <price t="2018-05-07" v="159956929000"/>
        <price t="2018-05-08" v="159152960000"/>
        <price t="2018-05-09" v="160003002600"/>
        <price t="2018-05-10" v="160584621000"/>
        <price t="2018-05-11" v="160629253200"/>
        <price t="2018-05-14" v="160790248800"/>
        <price t="2018-05-15" v="157212090000"/>
        <price t="2018-05-16" v="158428809600"/>
        <price t="2018-05-17" v="159178620000"/>
        <price t="2018-05-18" v="158181130800"/>
        <price t="2018-05-22" v="158109184600"/>
        <price t="2018-05-23" v="157671636000"/>
        <price t="2018-05-24" v="159512528000"/>
        <price t="2018-05-25" v="161341495000"/>
        <price t="2018-05-28" v="161899340400"/>
        <price t="2018-05-29" v="161926424200"/>
        <price t="2018-05-30" v="162091920000"/>
        <price t="2018-05-31" v="163500544400"/>
        <price t="2018-06-01" v="164517730300"/>
        <price t="2018-06-04" v="165889584300"/>
        <price t="2018-06-05" v="168115330000"/>
        <price t="2018-06-06" v="170473673500"/>
        <price t="2018-06-07" v="168852376000"/>
        <price t="2018-06-08" v="168349015800"/>
        <price t="2018-06-11" v="168547482000"/>
        <price t="2018-06-12" v="169526764400"/>
        <price t="2018-06-13" v="171100321600"/>
        <price t="2018-06-14" v="173157087000"/>
        <price t="2018-06-15" v="171211461200"/>
        <price t="2018-06-18" v="172328790900"/>
        <price t="2018-06-19" v="170620155200"/>
        <price t="2018-06-20" v="175233030000"/>
        <price t="2018-06-21" v="173170380600"/>
        <price t="2018-06-22" v="172905241600"/>
        <price t="2018-06-25" v="166791690000"/>
        <price t="2018-06-26" v="167950742400"/>
        <price t="2018-06-27" v="170023392000"/>
        <price t="2018-06-28" v="168593460750"/>
        <price t="2018-06-29" v="171113792400"/>
        <price t="2018-07-02" v="169939875100"/>
        <price t="2018-07-03" v="170884667750"/>
        <price t="2018-07-04" v="169508684200"/>
        <price t="2018-07-05" v="169757667450"/>
        <price t="2018-07-06" v="170801094000"/>
        <price t="2018-07-09" v="173576520400"/>
        <price t="2018-07-10" v="174140099250"/>
        <price t="2018-07-11" v="174728282500"/>
        <price t="2018-07-12" v="177975691200"/>
        <price t="2018-07-13" v="180829761600"/>
        <price t="2018-07-16" v="182863644000"/>
        <price t="2018-07-17" v="184363006700"/>
        <price t="2018-07-18" v="184309530700"/>
        <price t="2018-07-19" v="183118211200"/>
        <price t="2018-07-20" v="182431275000"/>
        <price t="2018-07-23" v="180686495200"/>
        <price t="2018-07-24" v="182969462400"/>
        <price t="2018-07-25" v="183893052000"/>
        <price t="2018-07-26" v="183587376800"/>
        <price t="2018-07-27" v="184000500000"/>
        <price t="2018-07-30" v="179327200400"/>
        <price t="2018-07-31" v="178215854400"/>
        <price t="2018-08-01" v="178831840000"/>
        <price t="2018-08-02" v="180992860000"/>
        <price t="2018-08-03" v="182714948800"/>
        <price t="2018-08-06" v="182577939600"/>
        <price t="2018-08-07" v="185597194000"/>
        <price t="2018-08-08" v="188192612100"/>
        <price t="2018-08-09" v="190208669600"/>
        <price t="2018-08-10" v="190144396800"/>
        <price t="2018-08-13" v="190457467200"/>
        <price t="2018-08-14" v="191904809400"/>
        <price t="2018-08-15" v="189667505600"/>
        <price t="2018-08-16" v="189608394000"/>
        <price t="2018-08-17" v="186772531500"/>
        <price t="2018-08-20" v="187514116000"/>
        <price t="2018-08-21" v="188826033600"/>
        <price t="2018-08-22" v="190195737600"/>
        <price t="2018-08-23" v="190808025200"/>
        <price t="2018-08-24" v="190860154000"/>
        <price t="2018-08-27" v="191191844900"/>
        <price t="2018-08-28" v="193595575000"/>
        <price t="2018-08-29" v="197287200000"/>
        <price t="2018-08-30" v="201718568400"/>
        <price t="2018-08-31" v="201919985700"/>
        <price t="2018-09-03" v="203505770000"/>
        <price t="2018-09-04" v="204952636800"/>
        <price t="2018-09-05" v="199680629200"/>
        <price t="2018-09-06" v="196805397600"/>
        <price t="2018-09-07" v="198062464500"/>
        <price t="2018-09-10" v="193772594400"/>
        <price t="2018-09-11" v="196409622600"/>
        <price t="2018-09-12" v="198195021500"/>
        <price t="2018-09-13" v="198992500000"/>
        <price t="2018-09-14" v="198089976300"/>
        <price t="2018-09-17" v="192192192500"/>
        <price t="2018-09-18" v="195748125300"/>
        <price t="2018-09-19" v="191828814000"/>
        <price t="2018-09-20" v="195320677800"/>
        <price t="2018-09-21" v="193822421100"/>
        <price t="2018-09-24" v="192052949000"/>
        <price t="2018-09-25" v="195069517200"/>
        <price t="2018-09-26" v="198466801500"/>
        <price t="2018-09-27" v="201272597500"/>
        <price t="2018-09-28" v="201076277600"/>
        <price t="2018-10-01" v="203084109200"/>
        <price t="2018-10-02" v="200842428500"/>
        <price t="2018-10-04" v="191495647800"/>
        <price t="2018-10-05" v="188812309400"/>
        <price t="2018-10-08" v="185484480000"/>
        <price t="2018-10-09" v="188017700500"/>
        <price t="2018-10-10" v="179745000000"/>
        <price t="2018-10-11" v="170681477500"/>
        <price t="2018-10-12" v="178591449600"/>
        <price t="2018-10-15" v="176994739200"/>
        <price t="2018-10-16" v="178788568700"/>
        <price t="2018-10-17" v="182583315000"/>
        <price t="2018-10-18" v="178911954000"/>
        <price t="2018-10-19" v="178636074000"/>
        <price t="2018-10-22" v="179984546000"/>
        <price t="2018-10-23" v="173561133600"/>
        <price t="2018-10-24" v="173563804400"/>
        <price t="2018-10-25" v="175583788000"/>
        <price t="2018-10-26" v="163881928500"/>
        <price t="2018-10-29" v="156364697100"/>
        <price t="2018-10-30" v="152349546800"/>
        <price t="2018-10-31" v="159672080400"/>
        <price t="2018-11-01" v="162643050100"/>
        <price t="2018-11-02" v="167735138900"/>
        <price t="2018-11-05" v="159969078000"/>
        <price t="2018-11-06" v="164166648400"/>
        <price t="2018-11-07" v="172074111300"/>
        <price t="2018-11-08" v="176828668800"/>
        <price t="2018-11-09" v="172113147000"/>
        <price t="2018-11-12" v="164134429500"/>
        <price t="2018-11-13" v="165784442000"/>
        <price t="2018-11-14" v="162375481600"/>
        <price t="2018-11-15" v="157867542000"/>
        <price t="2018-11-16" v="157964685000"/>
        <price t="2018-11-19" v="153819989700"/>
        <price t="2018-11-20" v="151991810100"/>
        <price t="2018-11-21" v="153514940400"/>
        <price t="2018-11-22" v="149721390000"/>
        <price t="2018-11-23" v="152048688000"/>
        <price t="2018-11-26" v="156099212500"/>
        <price t="2018-11-27" v="160378425600"/>
        <price t="2018-11-28" v="161062174000"/>
        <price t="2018-11-29" v="166964164900"/>
        <price t="2018-11-30" v="169128694600"/>
        <price t="2018-12-03" v="176932182000"/>
        <price t="2018-12-04" v="175664373000"/>
        <price t="2018-12-05" v="168833980000"/>
        <price t="2018-12-06" v="164093461300"/>
        <price t="2018-12-07" v="165661824800"/>
        <price t="2018-12-10" v="162123035000"/>
        <price t="2018-12-11" v="165848925000"/>
        <price t="2018-12-12" v="169125745200"/>
        <price t="2018-12-13" v="166059809800"/>
        <price t="2018-12-14" v="162759041000"/>
        <price t="2018-12-17" v="156825616200"/>
        <price t="2018-12-18" v="153931947700"/>
        <price t="2018-12-19" v="155893804500"/>
        <price t="2018-12-20" v="146023152000"/>
        <price t="2018-12-21" v="142145390400"/>
        <price t="2018-12-27" v="142259145700"/>
        <price t="2018-12-28" v="147195354000"/>
        <price t="2019-01-02" v="152730057300"/>
        <price t="2019-01-03" v="151596797200"/>
        <price t="2019-01-04" v="156167505900"/>
        <price t="2019-01-07" v="161757907500"/>
        <price t="2019-01-08" v="164019856000"/>
        <price t="2019-01-09" v="164633551000"/>
        <price t="2019-01-10" v="165917133000"/>
        <price t="2019-01-11" v="165491630200"/>
        <price t="2019-01-14" v="164371418100"/>
        <price t="2019-01-15" v="165741676800"/>
        <price t="2019-01-16" v="169410236100"/>
        <price t="2019-01-17" v="168957096000"/>
        <price t="2019-01-18" v="171733503400"/>
        <price t="2019-01-21" v="169975520000"/>
        <price t="2019-01-22" v="166212341400"/>
        <price t="2019-01-23" v="163228983300"/>
        <price t="2019-01-24" v="163777649200"/>
        <price t="2019-01-25" v="166604664000"/>
        <price t="2019-01-28" v="161759947800"/>
        <price t="2019-01-29" v="159636156400"/>
        <price t="2019-01-30" v="164333019400"/>
        <price t="2019-01-31" v="171776617600"/>
        <price t="2019-02-01" v="164669646300"/>
        <price t="2019-02-04" v="164842335000"/>
        <price t="2019-02-05" v="165771718300"/>
        <price t="2019-02-06" v="164267298000"/>
        <price t="2019-02-07" v="159914582000"/>
        <price t="2019-02-08" v="157965819600"/>
        <price t="2019-02-11" v="159365297100"/>
        <price t="2019-02-12" v="162496348800"/>
        <price t="2019-02-13" v="164797507000"/>
        <price t="2019-02-14" v="161172964800"/>
        <price t="2019-02-15" v="160760146000"/>
        <price t="2019-02-18" v="161988134400"/>
        <price t="2019-02-19" v="161750409200"/>
        <price t="2019-02-20" v="162845033400"/>
        <price t="2019-02-21" v="161595805000"/>
        <price t="2019-02-22" v="163195515000"/>
        <price t="2019-02-25" v="164202384000"/>
        <price t="2019-02-26" v="162603176400"/>
        <price t="2019-02-27" v="162904056400"/>
        <price t="2019-02-28" v="165068510400"/>
        <price t="2019-03-01" v="165678426700"/>
        <price t="2019-03-04" v="169695617100"/>
        <price t="2019-03-05" v="170618138700"/>
        <price t="2019-03-06" v="167730024000"/>
        <price t="2019-03-07" v="165937297500"/>
        <price t="2019-03-08" v="160813504400"/>
        <price t="2019-03-11" v="165883856400"/>
        <price t="2019-03-12" v="167804697500"/>
        <price t="2019-03-13" v="169394670100"/>
        <price t="2019-03-14" v="169576353000"/>
        <price t="2019-03-15" v="170400252000"/>
        <price t="2019-03-18" v="174072096900"/>
        <price t="2019-03-19" v="178304698800"/>
        <price t="2019-03-20" v="177633330000"/>
        <price t="2019-03-21" v="181076074000"/>
        <price t="2019-03-22" v="178498137000"/>
        <price t="2019-03-25" v="177004087500"/>
        <price t="2019-03-26" v="179176879000"/>
        <price t="2019-03-27" v="175894567800"/>
        <price t="2019-03-28" v="176165228400"/>
        <price t="2019-03-29" v="178449999000"/>
        <price t="2019-04-01" v="180704093600"/>
        <price t="2019-04-02" v="181648320000"/>
        <price t="2019-04-03" v="182910118400"/>
        <price t="2019-04-04" v="181374207300"/>
        <price t="2019-04-05" v="183248422200"/>
        <price t="2019-04-08" v="182922937600"/>
        <price t="2019-04-09" v="184717260000"/>
        <price t="2019-04-10" v="184434208000"/>
        <price t="2019-04-11" v="184594432000"/>
        <price t="2019-04-12" v="184577584000"/>
        <price t="2019-04-15" v="183044340000"/>
        <price t="2019-04-16" v="186125520000"/>
        <price t="2019-04-17" v="186466500000"/>
        <price t="2019-04-18" v="186547500000"/>
        <price t="2019-04-23" v="192761790000"/>
        <price t="2019-04-24" v="192391276000"/>
        <price t="2019-04-25" v="191315600000"/>
        <price t="2019-04-26" v="191064546000"/>
        <price t="2019-04-29" v="194166100000"/>
        <price t="2019-04-30" v="191423952000"/>
        <price t="2019-05-02" v="190671272000"/>
        <price t="2019-05-03" v="195034020000"/>
        <price t="2019-05-06" v="195108978000"/>
        <price t="2019-05-07" v="192538590000"/>
        <price t="2019-05-08" v="192584784000"/>
        <price t="2019-05-09" v="187952856000"/>
        <price t="2019-05-10" v="185811580000"/>
        <price t="2019-05-13" v="182843700000"/>
        <price t="2019-05-14" v="185161644000"/>
        <price t="2019-05-15" v="185458872000"/>
        <price t="2019-05-16" v="191795360000"/>
        <price t="2019-05-17" v="190348536000"/>
        <price t="2019-05-20" v="185416868000"/>
        <price t="2019-05-21" v="185272600000"/>
        <price t="2019-05-22" v="186734436000"/>
        <price t="2019-05-23" v="182167206000"/>
        <price t="2019-05-24" v="182258604000"/>
        <price t="2019-05-27" v="183154488000"/>
        <price t="2019-05-28" v="184354624000"/>
        <price t="2019-05-29" v="181998984000"/>
        <price t="2019-05-30" v="181617808000"/>
        <price t="2019-05-31" v="179285778000"/>
        <price t="2019-06-03" v="171555530000"/>
        <price t="2019-06-04" v="171965736000"/>
        <price t="2019-06-05" v="173537912000"/>
        <price t="2019-06-06" v="173518932000"/>
        <price t="2019-06-07" v="178406498000"/>
        <price t="2019-06-11" v="186553600000"/>
        <price t="2019-06-12" v="185583970000"/>
        <price t="2019-06-13" v="187194198000"/>
        <price t="2019-06-14" v="187674900000"/>
        <price t="2019-06-17" v="188618860000"/>
        <price t="2019-06-18" v="191655684000"/>
        <price t="2019-06-19" v="189913822000"/>
        <price t="2019-06-20" v="191857176000"/>
        <price t="2019-06-21" v="192100416000"/>
        <price t="2019-06-24" v="190849500000"/>
        <price t="2019-06-25" v="188995248000"/>
        <price t="2019-06-26" v="188859164000"/>
        <price t="2019-06-27" v="189879000000"/>
        <price t="2019-06-28" v="190296360000"/>
        <price t="2019-07-01" v="192910302000"/>
        <price t="2019-07-02" v="190896492000"/>
        <price t="2019-07-03" v="194013740000"/>
        <price t="2019-07-04" v="194040720000"/>
        <price t="2019-07-05" v="194122400000"/>
        <price t="2019-07-08" v="194580250000"/>
        <price t="2019-07-09" v="197364870000"/>
        <price t="2019-07-10" v="200591160000"/>
        <price t="2019-07-11" v="203558830000"/>
        <price t="2019-07-12" v="201113616000"/>
        <price t="2019-07-15" v="200700890000"/>
        <price t="2019-07-16" v="202014000000"/>
        <price t="2019-07-17" v="199694290000"/>
        <price t="2019-07-18" v="196347296000"/>
        <price t="2019-07-19" v="198947172000"/>
        <price t="2019-07-22" v="196374650000"/>
        <price t="2019-07-23" v="198633594000"/>
        <price t="2019-07-24" v="198849000000"/>
        <price t="2019-07-25" v="198469440000"/>
        <price t="2019-07-26" v="194402652000"/>
        <price t="2019-07-29" v="189356570000"/>
        <price t="2019-07-30" v="190131084000"/>
        <price t="2019-07-31" v="189143262000"/>
        <price t="2019-08-01" v="188622330000"/>
        <price t="2019-08-02" v="181360980000"/>
        <price t="2019-08-05" v="177570160000"/>
        <price t="2019-08-06" v="175635900000"/>
        <price t="2019-08-07" v="176924388000"/>
        <price t="2019-08-08" v="181841478000"/>
        <price t="2019-08-09" v="180399780000"/>
        <price t="2019-08-12" v="178745792000"/>
        <price t="2019-08-13" v="181841288000"/>
        <price t="2019-08-14" v="178045832000"/>
        <price t="2019-08-15" v="178199300000"/>
        <price t="2019-08-16" v="179231832000"/>
        <price t="2019-08-19" v="182466702000"/>
        <price t="2019-08-20" v="181225512000"/>
        <price t="2019-08-21" v="182571968000"/>
        <price t="2019-08-22" v="181007556000"/>
        <price t="2019-08-23" v="176132670000"/>
        <price t="2019-08-26" v="176144136000"/>
        <price t="2019-08-27" v="176287104000"/>
        <price t="2019-08-28" v="176507858000"/>
        <price t="2019-08-29" v="179676416000"/>
        <price t="2019-08-30" v="177878248000"/>
        <price t="2019-09-02" v="176935776000"/>
        <price t="2019-09-03" v="179344926000"/>
        <price t="2019-09-04" v="180078192000"/>
        <price t="2019-09-05" v="183629148000"/>
        <price t="2019-09-06" v="183268740000"/>
        <price t="2019-09-09" v="184427628000"/>
        <price t="2019-09-10" v="181166400000"/>
        <price t="2019-09-11" v="183045908000"/>
        <price t="2019-09-12" v="183257508000"/>
        <price t="2019-09-13" v="184593056000"/>
        <price t="2019-09-16" v="180908400000"/>
        <price t="2019-09-17" v="181024868000"/>
        <price t="2019-09-18" v="181092352000"/>
        <price t="2019-09-19" v="183380190000"/>
        <price t="2019-09-20" v="180252260000"/>
        <price t="2019-09-23" v="177891090000"/>
        <price t="2019-09-24" v="176818210000"/>
        <price t="2019-09-25" v="174613800000"/>
        <price t="2019-09-26" v="173848572000"/>
        <price t="2019-09-27" v="173975850000"/>
        <price t="2019-09-30" v="172830208000"/>
        <price t="2019-10-01" v="173103832000"/>
        <price t="2019-10-02" v="170277050000"/>
        <price t="2019-10-04" v="173072956000"/>
        <price t="2019-10-07" v="174414938000"/>
        <price t="2019-10-08" v="172150620000"/>
        <price t="2019-10-09" v="172379738000"/>
        <price t="2019-10-10" v="173634260000"/>
        <price t="2019-10-11" v="174457314000"/>
        <price t="2019-10-14" v="172877832000"/>
        <price t="2019-10-15" v="174945258000"/>
        <price t="2019-10-16" v="177171750000"/>
        <price t="2019-10-17" v="178652588000"/>
        <price t="2019-10-18" v="176922144000"/>
        <price t="2019-10-21" v="178432810000"/>
        <price t="2019-10-22" v="177100560000"/>
        <price t="2019-10-23" v="176877946000"/>
        <price t="2019-10-24" v="178915984000"/>
        <price t="2019-10-25" v="175201818000"/>
        <price t="2019-10-28" v="176992868000"/>
        <price t="2019-10-29" v="176232980000"/>
        <price t="2019-10-30" v="176496552000"/>
        <price t="2019-10-31" v="177750144000"/>
        <price t="2019-11-01" v="178446780000"/>
        <price t="2019-11-04" v="181205920000"/>
        <price t="2019-11-05" v="180965610000"/>
        <price t="2019-11-06" v="179924160000"/>
        <price t="2019-11-07" v="180754486000"/>
        <price t="2019-11-08" v="178243236000"/>
        <price t="2019-11-11" v="177230132000"/>
        <price t="2019-11-12" v="178443000000"/>
        <price t="2019-11-13" v="176272096000"/>
        <price t="2019-11-14" v="175182210000"/>
        <price t="2019-11-15" v="174491676000"/>
        <price t="2019-11-18" v="174454092000"/>
        <price t="2019-11-19" v="174662136000"/>
        <price t="2019-11-20" v="175152442000"/>
        <price t="2019-11-21" v="173973426000"/>
        <price t="2019-11-22" v="173787528000"/>
        <price t="2019-11-25" v="177228800000"/>
        <price t="2019-11-26" v="179185200000"/>
        <price t="2019-11-27" v="182154914000"/>
        <price t="2019-11-28" v="182132750000"/>
        <price t="2019-11-29" v="179907124000"/>
        <price t="2019-12-02" v="175971172000"/>
        <price t="2019-12-03" v="174678238000"/>
        <price t="2019-12-04" v="177207352000"/>
        <price t="2019-12-05" v="174530808000"/>
        <price t="2019-12-06" v="175285200000"/>
        <price t="2019-12-09" v="175959600000"/>
        <price t="2019-12-10" v="174063978000"/>
        <price t="2019-12-11" v="173589550000"/>
        <price t="2019-12-12" v="175808682000"/>
        <price t="2019-12-13" v="176839724000"/>
        <price t="2019-12-16" v="176218260000"/>
        <price t="2019-12-17" v="178301788000"/>
        <price t="2019-12-18" v="179284950000"/>
        <price t="2019-12-19" v="178894764000"/>
        <price t="2019-12-20" v="179926758000"/>
        <price t="2019-12-23" v="178750500000"/>
        <price t="2019-12-27" v="189422552000"/>
        <price t="2019-12-30" v="187124836000"/>
        <price t="2020-01-02" v="186811170000"/>
        <price t="2020-01-03" v="186957484000"/>
        <price t="2020-01-06" v="189715912000"/>
        <price t="2020-01-07" v="190683696000"/>
        <price t="2020-01-08" v="190133190000"/>
        <price t="2020-01-09" v="191003120000"/>
        <price t="2020-01-10" v="189323370000"/>
        <price t="2020-01-13" v="188630204000"/>
        <price t="2020-01-14" v="187198830000"/>
        <price t="2020-01-15" v="186138252000"/>
        <price t="2020-01-16" v="187706214000"/>
        <price t="2020-01-17" v="186925424000"/>
        <price t="2020-01-20" v="186427530000"/>
        <price t="2020-01-21" v="187821270000"/>
        <price t="2020-01-22" v="189006048000"/>
        <price t="2020-01-23" v="188879730000"/>
        <price t="2020-01-24" v="188190890000"/>
        <price t="2020-01-27" v="183301650000"/>
        <price t="2020-01-28" v="184906010000"/>
        <price t="2020-01-29" v="186268932000"/>
        <price t="2020-01-30" v="185618070000"/>
        <price t="2020-01-31" v="203003136000"/>
        <price t="2020-02-03" v="202485668000"/>
        <price t="2020-02-04" v="203150624000"/>
        <price t="2020-02-05" v="204653018000"/>
        <price t="2020-02-06" v="204897866000"/>
        <price t="2020-02-07" v="209332396000"/>
        <price t="2020-02-10" v="212624616000"/>
        <price t="2020-02-11" v="217300534000"/>
        <price t="2020-02-12" v="217559676000"/>
        <price t="2020-02-13" v="216275034000"/>
        <price t="2020-02-14" v="214541496000"/>
        <price t="2020-02-17" v="214966400000"/>
        <price t="2020-02-18" v="213616000000"/>
        <price t="2020-02-19" v="218052000000"/>
        <price t="2020-02-20" v="213857800000"/>
        <price t="2020-02-21" v="210878724000"/>
        <price t="2020-02-24" v="199419012000"/>
        <price t="2020-02-25" v="197808320000"/>
        <price t="2020-02-26" v="200100000000"/>
        <price t="2020-02-27" v="192352416000"/>
        <price t="2020-02-28" v="185818656000"/>
        <price t="2020-03-02" v="190964740000"/>
        <price t="2020-03-03" v="193924948000"/>
        <price t="2020-03-04" v="193864250000"/>
        <price t="2020-03-05" v="195101280000"/>
        <price t="2020-03-06" v="190240752000"/>
        <price t="2020-03-09" v="183570944000"/>
        <price t="2020-03-10" v="184153520000"/>
        <price t="2020-03-11" v="185547648000"/>
        <price t="2020-03-12" v="172399120000"/>
        <price t="2020-03-13" v="171090432000"/>
        <price t="2020-03-16" v="173268210000"/>
        <price t="2020-03-17" v="181093180000"/>
        <price t="2020-03-18" v="182051100000"/>
        <price t="2020-03-19" v="191652944000"/>
        <price t="2020-03-20" v="187715124000"/>
        <price t="2020-03-23" v="186912522000"/>
        <price t="2020-03-24" v="194501734000"/>
        <price t="2020-03-25" v="190533546000"/>
        <price t="2020-03-26" v="191135286000"/>
        <price t="2020-03-27" v="189858192000"/>
        <price t="2020-03-30" v="196405200000"/>
        <price t="2020-03-31" v="197492856000"/>
        <price t="2020-04-01" v="192823552000"/>
        <price t="2020-04-02" v="192229156000"/>
        <price t="2020-04-03" v="190312110000"/>
        <price t="2020-04-06" v="195532920000"/>
        <price t="2020-04-07" v="201416040000"/>
        <price t="2020-04-08" v="202287568000"/>
        <price t="2020-04-09" v="201582850000"/>
        <price t="2020-04-14" v="225508910000"/>
        <price t="2020-04-15" v="229290090000"/>
        <price t="2020-04-16" v="243673440000"/>
        <price t="2020-04-17" v="234521700000"/>
        <price t="2020-04-20" v="242123700000"/>
        <price t="2020-04-21" v="230232065000"/>
        <price t="2020-04-22" v="237009270000"/>
        <price t="2020-04-23" v="239677000000"/>
        <price t="2020-04-24" v="239544000000"/>
        <price t="2020-04-27" v="241945340000"/>
        <price t="2020-04-28" v="233637960000"/>
        <price t="2020-04-29" v="235434030000"/>
        <price t="2020-04-30" v="241175300000"/>
        <price t="2020-05-04" v="232353370000"/>
        <price t="2020-05-05" v="233124500000"/>
        <price t="2020-05-06" v="233917515000"/>
        <price t="2020-05-07" v="235177230000"/>
        <price t="2020-05-08" v="237407485000"/>
        <price t="2020-05-11" v="241158720000"/>
        <price t="2020-05-12" v="240396120000"/>
        <price t="2020-05-13" v="238706250000"/>
        <price t="2020-05-14" v="236560640000"/>
        <price t="2020-05-15" v="235990290000"/>
        <price t="2020-05-18" v="241228640000"/>
        <price t="2020-05-19" v="248236500000"/>
        <price t="2020-05-20" v="247705590000"/>
        <price t="2020-05-21" v="247610000000"/>
        <price t="2020-05-22" v="245176440000"/>
        <price t="2020-05-25" v="246456900000"/>
        <price t="2020-05-26" v="242547500000"/>
        <price t="2020-05-27" v="236746140000"/>
        <price t="2020-05-28" v="240534360000"/>
        <price t="2020-05-29" v="241428480000"/>
        <price t="2020-06-02" v="245325170000"/>
        <price t="2020-06-03" v="245932180000"/>
        <price t="2020-06-04" v="245587500000"/>
        <price t="2020-06-05" v="246937350000"/>
        <price t="2020-06-08" v="250809125000"/>
        <price t="2020-06-09" v="257277320000"/>
        <price t="2020-06-10" v="266686875000"/>
        <price t="2020-06-11" v="264692100000"/>
        <price t="2020-06-12" v="255979080000"/>
        <price t="2020-06-15" v="253192500000"/>
        <price t="2020-06-16" v="261893280000"/>
        <price t="2020-06-17" v="264625920000"/>
        <price t="2020-06-18" v="264614760000"/>
        <price t="2020-06-19" v="268759750000"/>
        <price t="2020-06-22" v="267990700000"/>
        <price t="2020-06-23" v="277743720000"/>
        <price t="2020-06-24" v="275062800000"/>
        <price t="2020-06-25" v="272832000000"/>
        <price t="2020-06-26" v="274606370000"/>
        <price t="2020-06-29" v="268559200000"/>
        <price t="2020-06-30" v="271775460000"/>
        <price t="2020-07-01" v="277816000000"/>
        <price t="2020-07-02" v="289147320000"/>
        <price t="2020-07-03" v="290645480000"/>
        <price t="2020-07-06" v="302660625000"/>
        <price t="2020-07-07" v="306579950000"/>
        <price t="2020-07-08" v="301674780000"/>
        <price t="2020-07-09" v="310827510000"/>
        <price t="2020-07-10" v="317419400000"/>
        <price t="2020-07-13" v="331939700000"/>
        <price t="2020-07-14" v="305361875000"/>
        <price t="2020-07-15" v="301949940000"/>
        <price t="2020-07-16" v="293625150000"/>
        <price t="2020-07-17" v="297985100000"/>
        <price t="2020-07-20" v="310698720000"/>
        <price t="2020-07-21" v="311993395000"/>
        <price t="2020-07-22" v="309595720000"/>
        <price t="2020-07-23" v="305248065000"/>
        <price t="2020-07-24" v="301866040000"/>
        <price t="2020-07-27" v="302055600000"/>
        <price t="2020-07-28" v="305227850000"/>
        <price t="2020-07-29" v="301273875000"/>
        <price t="2020-07-30" v="302029960000"/>
        <price t="2020-07-31" v="319955240000"/>
        <price t="2020-08-03" v="313084200000"/>
        <price t="2020-08-04" v="311713675000"/>
        <price t="2020-08-05" v="317153770000"/>
        <price t="2020-08-06" v="319228065000"/>
        <price t="2020-08-07" v="321186060000"/>
        <price t="2020-08-10" v="314483805000"/>
        <price t="2020-08-11" v="316078975000"/>
        <price t="2020-08-12" v="314756540000"/>
        <price t="2020-08-13" v="320674300000"/>
        <price t="2020-08-14" v="314225800000"/>
        <price t="2020-08-17" v="315763920000"/>
        <price t="2020-08-18" v="327534060000"/>
        <price t="2020-08-19" v="330544100000"/>
        <price t="2020-08-20" v="328185750000"/>
        <price t="2020-08-21" v="328355100000"/>
        <price t="2020-08-24" v="330768240000"/>
        <price t="2020-08-25" v="334454340000"/>
        <price t="2020-08-26" v="338639025000"/>
        <price t="2020-08-27" v="344144900000"/>
        <price t="2020-08-28" v="342198800000"/>
        <price t="2020-08-31" v="345603300000"/>
        <price t="2020-09-01" v="350559815000"/>
        <price t="2020-09-02" v="351441430000"/>
        <price t="2020-09-03" v="335371070000"/>
        <price t="2020-09-04" v="321865560000"/>
        <price t="2020-09-07" v="325751200000"/>
        <price t="2020-09-08" v="318843175000"/>
        <price t="2020-09-09" v="324758205000"/>
        <price t="2020-09-10" v="329876160000"/>
        <price t="2020-09-11" v="316027640000"/>
        <price t="2020-09-14" v="317623620000"/>
        <price t="2020-09-15" v="314424480000"/>
        <price t="2020-09-16" v="315834090000"/>
        <price t="2020-09-17" v="299761770000"/>
        <price t="2020-09-18" v="294819195000"/>
        <price t="2020-09-21" v="289960200000"/>
        <price t="2020-09-22" v="304476900000"/>
        <price t="2020-09-23" v="306973460000"/>
        <price t="2020-09-24" v="305448350000"/>
        <price t="2020-09-25" v="305043480000"/>
        <price t="2020-09-28" v="315323400000"/>
        <price t="2020-09-29" v="316071020000"/>
        <price t="2020-09-30" v="319452780000"/>
        <price t="2020-10-01" v="320477040000"/>
        <price t="2020-10-02" v="316064850000"/>
        <price t="2020-10-05" v="317853680000"/>
        <price t="2020-10-06" v="314395725000"/>
        <price t="2020-10-07" v="316495300000"/>
        <price t="2020-10-08" v="319184450000"/>
        <price t="2020-10-09" v="324716350000"/>
        <price t="2020-10-12" v="344176830000"/>
        <price t="2020-10-13" v="349838160000"/>
        <price t="2020-10-14" v="340045000000"/>
        <price t="2020-10-15" v="331228870000"/>
        <price t="2020-10-16" v="336907995000"/>
        <price t="2020-10-19" v="324971375000"/>
        <price t="2020-10-20" v="320228150000"/>
        <price t="2020-10-21" v="318285460000"/>
        <price t="2020-10-22" v="314143075000"/>
        <price t="2020-10-23" v="316436640000"/>
        <price t="2020-10-26" v="320413090000"/>
        <price t="2020-10-27" v="325261680000"/>
        <price t="2020-10-28" v="318212145000"/>
        <price t="2020-10-29" v="321274800000"/>
        <price t="2020-10-30" v="307598910000"/>
        <price t="2020-11-02" v="299398140000"/>
        <price t="2020-11-03" v="305305180000"/>
        <price t="2020-11-04" v="324027045000"/>
        <price t="2020-11-05" v="335022300000"/>
        <price t="2020-11-06" v="328324200000"/>
        <price t="2020-11-09" v="326663670000"/>
        <price t="2020-11-10" v="303760800000"/>
        <price t="2020-11-11" v="311093040000"/>
        <price t="2020-11-12" v="311577175000"/>
        <price t="2020-11-13" v="309730225000"/>
        <price t="2020-11-16" v="311306450000"/>
        <price t="2020-11-17" v="315110640000"/>
        <price t="2020-11-18" v="312009720000"/>
        <price t="2020-11-19" v="311359080000"/>
        <price t="2020-11-20" v="312293475000"/>
        <price t="2020-11-23" v="309842535000"/>
        <price t="2020-11-24" v="310329075000"/>
        <price t="2020-11-25" v="318116950000"/>
        <price t="2020-11-26" v="322073500000"/>
        <price t="2020-11-27" v="319748040000"/>
        <price t="2020-11-30" v="315014100000"/>
        <price t="2020-12-01" v="316314240000"/>
        <price t="2020-12-02" v="320533290000"/>
        <price t="2020-12-03" v="320361115000"/>
        <price t="2020-12-04" v="317410695000"/>
        <price t="2020-12-07" v="315570560000"/>
        <price t="2020-12-08" v="313752600000"/>
        <price t="2020-12-09" v="315863265000"/>
        <price t="2020-12-10" v="313051600000"/>
        <price t="2020-12-11" v="309238500000"/>
        <price t="2020-12-14" v="318279540000"/>
        <price t="2020-12-15" v="313697600000"/>
        <price t="2020-12-16" v="322764720000"/>
        <price t="2020-12-17" v="323661780000"/>
        <price t="2020-12-18" v="321185800000"/>
        <price t="2020-12-21" v="318750005000"/>
        <price t="2020-12-22" v="320355825000"/>
        <price t="2020-12-23" v="318445050000"/>
        <price t="2020-12-28" v="324231165000"/>
        <price t="2020-12-29" v="331789835000"/>
        <price t="2020-12-30" v="333858985000"/>
        <price t="2021-01-04" v="319265640000"/>
        <price t="2021-01-05" v="319168710000"/>
        <price t="2021-01-06" v="319862650000"/>
        <price t="2021-01-07" v="319298760000"/>
        <price t="2021-01-08" v="315498750000"/>
        <price t="2021-01-11" v="314839255000"/>
        <price t="2021-01-12" v="310895965000"/>
        <price t="2021-01-13" v="318566710000"/>
        <price t="2021-01-14" v="314678420000"/>
        <price t="2021-01-15" v="311621715000"/>
        <price t="2021-01-18" v="311552800000"/>
        <price t="2021-01-19" v="310700520000"/>
        <price t="2021-01-20" v="322915185000"/>
        <price t="2021-01-21" v="334709740000"/>
        <price t="2021-01-22" v="329360220000"/>
        <price t="2021-01-25" v="328468560000"/>
        <price t="2021-01-26" v="331200325000"/>
        <price t="2021-01-27" v="327865410000"/>
        <price t="2021-01-28" v="327001095000"/>
        <price t="2021-01-29" v="320511760000"/>
        <price t="2021-02-01" v="331403700000"/>
        <price t="2021-02-02" v="338797720000"/>
        <price t="2021-02-03" v="336776425000"/>
        <price t="2021-02-04" v="331869340000"/>
        <price t="2021-02-05" v="331270035000"/>
        <price t="2021-02-08" v="330627375000"/>
        <price t="2021-02-09" v="331770640000"/>
        <price t="2021-02-10" v="327065190000"/>
        <price t="2021-02-11" v="328333410000"/>
        <price t="2021-02-12" v="325523580000"/>
        <price t="2021-02-15" v="328817190000"/>
        <price t="2021-02-16" v="328043145000"/>
        <price t="2021-02-17" v="330082200000"/>
        <price t="2021-02-18" v="332007900000"/>
        <price t="2021-02-19" v="331334005000"/>
        <price t="2021-02-22" v="319158565000"/>
        <price t="2021-02-23" v="314503700000"/>
        <price t="2021-02-24" v="316949870000"/>
        <price t="2021-02-25" v="313265625000"/>
        <price t="2021-02-26" v="309933970000"/>
        <price t="2021-03-01" v="311389255000"/>
        <price t="2021-03-02" v="311886040000"/>
        <price t="2021-03-03" v="305356560000"/>
        <price t="2021-03-04" v="303738160000"/>
        <price t="2021-03-05" v="291287200000"/>
        <price t="2021-03-08" v="301218410000"/>
        <price t="2021-03-09" v="305200040000"/>
        <price t="2021-03-10" v="305386560000"/>
        <price t="2021-03-11" v="311732605000"/>
        <price t="2021-03-12" v="305544465000"/>
        <price t="2021-03-15" v="305092400000"/>
        <price t="2021-03-16" v="310254890000"/>
        <price t="2021-03-17" v="309224790000"/>
        <price t="2021-03-18" v="308163440000"/>
        <price t="2021-03-19" v="304766330000"/>
        <price t="2021-03-22" v="311566750000"/>
        <price t="2021-03-23" v="317038440000"/>
        <price t="2021-03-24" v="313362500000"/>
        <price t="2021-03-25" v="308740320000"/>
        <price t="2021-03-26" v="303563230000"/>
        <price t="2021-03-29" v="306619680000"/>
        <price t="2021-03-30" v="306557510000"/>
        <price t="2021-03-31" v="310126250000"/>
        <price t="2021-04-01" v="312091220000"/>
        <price t="2021-04-06" v="322585720000"/>
        <price t="2021-04-07" v="328176660000"/>
        <price t="2021-04-08" v="330544320000"/>
        <price t="2021-04-09" v="333696160000"/>
        <price t="2021-04-12" v="336585600000"/>
        <price t="2021-04-13" v="341355720000"/>
        <price t="2021-04-14" v="335410740000"/>
        <price t="2021-04-15" v="336716100000"/>
        <price t="2021-04-16" v="339683240000"/>
        <price t="2021-04-19" v="337822450000"/>
        <price t="2021-04-20" v="332246070000"/>
        <price t="2021-04-21" v="334995300000"/>
        <price t="2021-04-22" v="336806160000"/>
        <price t="2021-04-23" v="334529850000"/>
        <price t="2021-04-26" v="334331525000"/>
        <price t="2021-04-27" v="342150840000"/>
        <price t="2021-04-28" v="346771100000"/>
        <price t="2021-04-29" v="347677785000"/>
        <price t="2021-04-30" v="351646610000"/>
        <price t="2021-05-03" v="340483880000"/>
        <price t="2021-05-04" v="330337080000"/>
        <price t="2021-05-05" v="331217950000"/>
        <price t="2021-05-06" v="329660100000"/>
        <price t="2021-05-07" v="329994535000"/>
        <price t="2021-05-10" v="321504980000"/>
        <price t="2021-05-11" v="322018200000"/>
        <price t="2021-05-12" v="316582750000"/>
        <price t="2021-05-13" v="315857745000"/>
        <price t="2021-05-14" v="321501960000"/>
        <price t="2021-05-17" v="326221695000"/>
        <price t="2021-05-18" v="329566230000"/>
        <price t="2021-05-19" v="321480900000"/>
        <price t="2021-05-20" v="324538785000"/>
        <price t="2021-05-21" v="321092860000"/>
        <price t="2021-05-25" v="323524320000"/>
        <price t="2021-05-26" v="329204680000"/>
        <price t="2021-05-27" v="325076700000"/>
        <price t="2021-05-28" v="322673650000"/>
        <price t="2021-05-31" v="322594440000"/>
        <price t="2021-06-01" v="322128750000"/>
        <price t="2021-06-02" v="321832260000"/>
        <price t="2021-06-03" v="321736800000"/>
        <price t="2021-06-04" v="319949385000"/>
        <price t="2021-06-07" v="318461970000"/>
        <price t="2021-06-08" v="325137580000"/>
        <price t="2021-06-09" v="328960125000"/>
        <price t="2021-06-10" v="333384990000"/>
        <price t="2021-06-11" v="335923125000"/>
        <price t="2021-06-14" v="336168560000"/>
        <price t="2021-06-15" v="335997000000"/>
        <price t="2021-06-16" v="340502540000"/>
        <price t="2021-06-17" v="346650480000"/>
        <price t="2021-06-18" v="349325280000"/>
        <price t="2021-06-21" v="345671370000"/>
        <price t="2021-06-22" v="349564660000"/>
        <price t="2021-06-23" v="348491160000"/>
        <price t="2021-06-24" v="349008640000"/>
        <price t="2021-06-25" v="341112750000"/>
        <price t="2021-06-28" v="342650700000"/>
        <price t="2021-06-29" v="342849920000"/>
        <price t="2021-06-30" v="346893960000"/>
        <price t="2021-07-01" v="342912820000"/>
        <price t="2021-07-02" v="343458150000"/>
        <price t="2021-07-05" v="349928340000"/>
        <price t="2021-07-06" v="363722550000"/>
        <price t="2021-07-07" v="369896215000"/>
        <price t="2021-07-08" v="365261490000"/>
        <price t="2021-07-09" v="373289840000"/>
        <price t="2021-07-12" v="371086120000"/>
        <price t="2021-07-13" v="377172180000"/>
        <price t="2021-07-14" v="367353200000"/>
        <price t="2021-07-15" v="365252370000"/>
        <price t="2021-07-16" v="358131690000"/>
        <price t="2021-07-19" v="353509470000"/>
        <price t="2021-07-20" v="356370375000"/>
        <price t="2021-07-21" v="355808700000"/>
        <price t="2021-07-22" v="361904625000"/>
        <price t="2021-07-23" v="364600495000"/>
        <price t="2021-07-26" v="369404580000"/>
        <price t="2021-07-27" v="359083050000"/>
        <price t="2021-07-28" v="363183320000"/>
        <price t="2021-07-29" v="360583010000"/>
        <price t="2021-07-30" v="335088380000"/>
        <price t="2021-08-02" v="333580590000"/>
        <price t="2021-08-03" v="332542300000"/>
        <price t="2021-08-04" v="335903520000"/>
        <price t="2021-08-05" v="337962000000"/>
        <price t="2021-08-06" v="334905555000"/>
        <price t="2021-08-09" v="334718060000"/>
        <price t="2021-08-10" v="332553140000"/>
        <price t="2021-08-11" v="329041440000"/>
        <price t="2021-08-12" v="330335460000"/>
        <price t="2021-08-13" v="327949375000"/>
        <price t="2021-08-16" v="322847100000"/>
        <price t="2021-08-17" v="326828425000"/>
        <price t="2021-08-18" v="323672030000"/>
        <price t="2021-08-19" v="323043520000"/>
        <price t="2021-08-20" v="318735010000"/>
        <price t="2021-08-23" v="325291680000"/>
        <price t="2021-08-24" v="329894000000"/>
        <price t="2021-08-25" v="328960080000"/>
        <price t="2021-08-26" v="332417750000"/>
        <price t="2021-08-27" v="331895420000"/>
        <price t="2021-08-30" v="343291090000"/>
        <price t="2021-08-31" v="345316120000"/>
        <price t="2021-09-01" v="351437580000"/>
        <price t="2021-09-02" v="349457000000"/>
        <price t="2021-09-03" v="346306240000"/>
        <price t="2021-09-06" v="348979560000"/>
        <price t="2021-09-07" v="351589700000"/>
        <price t="2021-09-08" v="351202765000"/>
        <price t="2021-09-09" v="352417260000"/>
        <price t="2021-09-10" v="348362220000"/>
        <price t="2021-09-13" v="345743000000"/>
        <price t="2021-09-14" v="346563690000"/>
        <price t="2021-09-15" v="341536240000"/>
        <price t="2021-09-16" v="345302865000"/>
        <price t="2021-09-17" v="348216800000"/>
        <price t="2021-09-20" v="335637260000"/>
        <price t="2021-09-21" v="338054400000"/>
        <price t="2021-09-22" v="336856880000"/>
        <price t="2021-09-23" v="340613625000"/>
        <price t="2021-09-24" v="339733810000"/>
        <price t="2021-09-27" v="337428810000"/>
        <price t="2021-09-28" v="330837740000"/>
        <price t="2021-09-29" v="333537480000"/>
        <price t="2021-09-30" v="330927820000"/>
        <price t="2021-10-01" v="328106000000"/>
        <price t="2021-10-04" v="319291840000"/>
        <price t="2021-10-05" v="324914010000"/>
        <price t="2021-10-06" v="323637680000"/>
        <price t="2021-10-07" v="331713780000"/>
        <price t="2021-10-08" v="330237105000"/>
        <price t="2021-10-11" v="327659940000"/>
        <price t="2021-10-12" v="325099925000"/>
        <price t="2021-10-13" v="326164020000"/>
        <price t="2021-10-14" v="330889040000"/>
        <price t="2021-10-15" v="337734220000"/>
        <price t="2021-10-18" v="341621760000"/>
        <price t="2021-10-19" v="343822500000"/>
        <price t="2021-10-20" v="341890545000"/>
        <price t="2021-10-21" v="342767835000"/>
        <price t="2021-10-22" v="335292900000"/>
        <price t="2021-10-25" v="329815275000"/>
        <price t="2021-10-26" v="340116950000"/>
        <price t="2021-10-27" v="339681080000"/>
        <price t="2021-10-28" v="341413850000"/>
        <price t="2021-10-29" v="337122750000"/>
        <price t="2021-11-01" v="332346490000"/>
        <price t="2021-11-02" v="330337410000"/>
        <price t="2021-11-03" v="333156950000"/>
        <price t="2021-11-04" v="346954310000"/>
        <price t="2021-11-05" v="354842795000"/>
        <price t="2021-11-08" v="351654230000"/>
        <price t="2021-11-09" v="353908890000"/>
        <price t="2021-11-10" v="360609600000"/>
        <price t="2021-11-11" v="351363600000"/>
        <price t="2021-11-12" v="352140480000"/>
        <price t="2021-11-15" v="355908400000"/>
        <price t="2021-11-16" v="356841520000"/>
        <price t="2021-11-17" v="356340840000"/>
        <price t="2021-11-18" v="365082100000"/>
        <price t="2021-11-19" v="373351875000"/>
        <price t="2021-11-22" v="362249360000"/>
        <price t="2021-11-23" v="355615515000"/>
        <price t="2021-11-24" v="360216870000"/>
        <price t="2021-11-25" v="359697150000"/>
        <price t="2021-11-26" v="352730840000"/>
        <price t="2021-11-29" v="357392820000"/>
        <price t="2021-11-30" v="354809675000"/>
        <price t="2021-12-01" v="354071630000"/>
        <price t="2021-12-02" v="344875685000"/>
        <price t="2021-12-03" v="339012275000"/>
        <price t="2021-12-06" v="341093140000"/>
        <price t="2021-12-07" v="353550960000"/>
        <price t="2021-12-08" v="349817040000"/>
        <price t="2021-12-09" v="352563870000"/>
        <price t="2021-12-10" v="340050045000"/>
        <price t="2021-12-13" v="339298630000"/>
        <price t="2021-12-14" v="335029125000"/>
        <price t="2021-12-15" v="331384350000"/>
        <price t="2021-12-16" v="341553680000"/>
        <price t="2021-12-17" v="339333500000"/>
        <price t="2021-12-20" v="331538930000"/>
        <price t="2021-12-21" v="335969775000"/>
        <price t="2021-12-22" v="342702825000"/>
        <price t="2021-12-23" v="342862650000"/>
        <price t="2021-12-27" v="340604320000"/>
        <price t="2021-12-28" v="342876060000"/>
        <price t="2021-12-29" v="337111975000"/>
        <price t="2021-12-30" v="339056610000"/>
        <price t="2022-01-03" v="342126150000"/>
        <price t="2022-01-04" v="333294450000"/>
        <price t="2022-01-05" v="332891790000"/>
        <price t="2022-01-06" v="327060075000"/>
        <price t="2022-01-07" v="324252600000"/>
        <price t="2022-01-10" v="316564460000"/>
        <price t="2022-01-11" v="329537520000"/>
        <price t="2022-01-12" v="328649850000"/>
        <price t="2022-01-13" v="328529580000"/>
        <price t="2022-01-14" v="322233050000"/>
        <price t="2022-01-17" v="323104005000"/>
        <price t="2022-01-18" v="317025630000"/>
        <price t="2022-01-19" v="314653575000"/>
        <price t="2022-01-20" v="313892530000"/>
        <price t="2022-01-21" v="297147380000"/>
        <price t="2022-01-24" v="278247960000"/>
        <price t="2022-01-25" v="278826660000"/>
        <price t="2022-01-26" v="283447395000"/>
        <price t="2022-01-27" v="286923600000"/>
        <price t="2022-01-28" v="281178810000"/>
        <price t="2022-01-31" v="294016380000"/>
        <price t="2022-02-01" v="299797500000"/>
        <price t="2022-02-02" v="300682265000"/>
        <price t="2022-02-03" v="278087040000"/>
        <price t="2022-02-04" v="311992760000"/>
        <price t="2022-02-07" v="318970655000"/>
        <price t="2022-02-08" v="317883920000"/>
        <price t="2022-02-09" v="323496150000"/>
        <price t="2022-02-10" v="318461760000"/>
        <price t="2022-02-11" v="313739160000"/>
        <price t="2022-02-14" v="315094020000"/>
        <price t="2022-02-15" v="311590425000"/>
        <price t="2022-02-16" v="314776960000"/>
        <price t="2022-02-17" v="315972300000"/>
        <price t="2022-02-18" v="304571050000"/>
        <price t="2022-02-21" v="297962640000"/>
        <price t="2022-02-22" v="299995900000"/>
        <price t="2022-02-23" v="296078400000"/>
        <price t="2022-02-24" v="291912450000"/>
        <price t="2022-02-25" v="305636000000"/>
        <price t="2022-02-28" v="307244565000"/>
        <price t="2022-03-01" v="305727180000"/>
        <price t="2022-03-02" v="303471450000"/>
        <price t="2022-03-03" v="300270360000"/>
        <price t="2022-03-04" v="289509210000"/>
        <price t="2022-03-07" v="281799175000"/>
        <price t="2022-03-08" v="270611740000"/>
        <price t="2022-03-09" v="274879965000"/>
        <price t="2022-03-10" v="293836840000"/>
        <price t="2022-03-11" v="295850800000"/>
        <price t="2022-03-14" v="284795600000"/>
        <price t="2022-03-15" v="293734475000"/>
        <price t="2022-03-16" v="299201710000"/>
        <price t="2022-03-17" v="308599175000"/>
        <price t="2022-03-18" v="316700160000"/>
        <price t="2022-03-21" v="322916690000"/>
        <price t="2022-03-22" v="329231760000"/>
        <price t="2022-03-23" v="330538650000"/>
        <price t="2022-03-24" v="323631440000"/>
        <price t="2022-03-25" v="327089460000"/>
        <price t="2022-03-28" v="332708440000"/>
        <price t="2022-03-29" v="338258775000"/>
        <price t="2022-03-30" v="331610430000"/>
        <price t="2022-03-31" v="330199245000"/>
        <price t="2022-04-01" v="329515380000"/>
        <price t="2022-04-04" v="333506525000"/>
        <price t="2022-04-05" v="331976785000"/>
        <price t="2022-04-06" v="318077760000"/>
        <price t="2022-04-07" v="315363240000"/>
        <price t="2022-04-08" v="311765005000"/>
        <price t="2022-04-11" v="304273500000"/>
        <price t="2022-04-12" v="309049755000"/>
        <price t="2022-04-13" v="305780370000"/>
        <price t="2022-04-14" v="308935200000"/>
        <price t="2022-04-19" v="314151240000"/>
        <price t="2022-04-20" v="308221800000"/>
        <price t="2022-04-21" v="306958965000"/>
        <price t="2022-04-22" v="295844950000"/>
        <price t="2022-04-25" v="287992800000"/>
        <price t="2022-04-26" v="279925650000"/>
        <price t="2022-04-27" v="279920350000"/>
        <price t="2022-04-28" v="283042575000"/>
        <price t="2022-04-29" v="253908600000"/>
        <price t="2022-05-02" v="241946760000"/>
        <price t="2022-05-03" v="250282760000"/>
        <price t="2022-05-04" v="238685115000"/>
        <price t="2022-05-05" v="235190840000"/>
        <price t="2022-05-06" v="233966950000"/>
        <price t="2022-05-09" v="222108565000"/>
        <price t="2022-05-10" v="216726390000"/>
        <price t="2022-05-11" v="217180740000"/>
        <price t="2022-05-12" v="217735360000"/>
        <price t="2022-05-13" v="221771675000"/>
        <price t="2022-05-16" v="222301260000"/>
        <price t="2022-05-17" v="225155760000"/>
        <price t="2022-05-18" v="218773170000"/>
        <price t="2022-05-19" v="217025500000"/>
        <price t="2022-05-20" v="216352535000"/>
        <price t="2022-05-23" v="211474560000"/>
        <price t="2022-05-24" v="206016960000"/>
        <price t="2022-05-25" v="212160960000"/>
        <price t="2022-05-26" v="220465170000"/>
        <price t="2022-05-27" v="226984740000"/>
        <price t="2022-05-30" v="233094420000"/>
        <price t="2022-05-31" v="234828960000"/>
        <price t="2022-06-01" v="243483760000"/>
        <price t="2022-06-02" v="243563760000"/>
        <price t="2022-06-03" v="244375750000"/>
        <price t="2022-06-06" v="12660970400"/>
        <price t="2022-06-07" v="12165342000"/>
        <price t="2022-06-08" v="12289711600"/>
        <price t="2022-06-09" v="12137441400"/>
        <price t="2022-06-10" v="11064588000"/>
        <price t="2022-06-13" v="10373451000"/>
        <price t="2022-06-14" v="10376745600"/>
        <price t="2022-06-15" v="10645878600"/>
        <price t="2022-06-16" v="10216960000"/>
        <price t="2022-06-17" v="10544721600"/>
        <price t="2022-06-20" v="10691582200"/>
        <price t="2022-06-21" v="10906590000"/>
        <price t="2022-06-22" v="10969194600"/>
        <price t="2022-06-23" v="11059622000"/>
        <price t="2022-06-24" v="11420644800"/>
        <price t="2022-06-27" v="11428332000"/>
        <price t="2022-06-28" v="10981327800"/>
        <price t="2022-06-29" v="11013402400"/>
        <price t="2022-06-30" v="10519953600"/>
        <price t="2022-07-01" v="10854510000"/>
        <price t="2022-07-04" v="10977750000"/>
        <price t="2022-07-05" v="11094678000"/>
        <price t="2022-07-06" v="11304611600"/>
        <price t="2022-07-07" v="11544120000"/>
        <price t="2022-07-08" v="11624439400"/>
        <price t="2022-07-11" v="11267348400"/>
        <price t="2022-07-12" v="11064275600"/>
        <price t="2022-07-13" v="11045512400"/>
        <price t="2022-07-14" v="10873434000"/>
        <price t="2022-07-15" v="11406906000"/>
        <price t="2022-07-18" v="11632414200"/>
        <price t="2022-07-19" v="11642418000"/>
        <price t="2022-07-20" v="12251038800"/>
        <price t="2022-07-21" v="12324471600"/>
        <price t="2022-07-22" v="12228000000"/>
        <price t="2022-07-25" v="12203359200"/>
        <price t="2022-07-26" v="11589955200"/>
        <price t="2022-07-27" v="11961086400"/>
        <price t="2022-07-28" v="12059350800"/>
        <price t="2022-07-29" v="13483795600"/>
        <price t="2022-08-01" v="13722453000"/>
        <price t="2022-08-02" v="13612233600"/>
        <price t="2022-08-03" v="13916848800"/>
        <price t="2022-08-04" v="14033490400"/>
        <price t="2022-08-05" v="14094934200"/>
        <price t="2022-08-08" v="14086858800"/>
        <price t="2022-08-09" v="13781104400"/>
        <price t="2022-08-10" v="14112903200"/>
        <price t="2022-08-11" v="14231290800"/>
        <price t="2022-08-12" v="14187129000"/>
        <price t="2022-08-15" v="14236298000"/>
        <price t="2022-08-16" v="14298893400"/>
        <price t="2022-08-17" v="14113730400"/>
        <price t="2022-08-18" v="14306196800"/>
        <price t="2022-08-19" v="13860444400"/>
        <price t="2022-08-22" v="13447344600"/>
        <price t="2022-08-23" v="13302180000"/>
        <price t="2022-08-24" v="13412886800"/>
        <price t="2022-08-25" v="13595092000"/>
        <price t="2022-08-26" v="13339331000"/>
        <price t="2022-08-29" v="12917889600"/>
        <price t="2022-08-30" v="12825458800"/>
        <price t="2022-08-31" v="12732000000"/>
        <price t="2022-09-01" v="12507000800"/>
        <price t="2022-09-02" v="13022877600"/>
        <price t="2022-09-05" v="12753152000"/>
        <price t="2022-09-06" v="12703868800"/>
        <price t="2022-09-07" v="12635007000"/>
        <price t="2022-09-08" v="13049734200"/>
        <price t="2022-09-09" v="13216444800"/>
        <price t="2022-09-12" v="13628010000"/>
        <price t="2022-09-13" v="13080980000"/>
        <price t="2022-09-14" v="12763224000"/>
        <price t="2022-09-15" v="12717817600"/>
        <price t="2022-09-16" v="12177723600"/>
        <price t="2022-09-19" v="12309678000"/>
        <price t="2022-09-20" v="12380642800"/>
        <price t="2022-09-21" v="12291364800"/>
        <price t="2022-09-22" v="11742192000"/>
        <price t="2022-09-23" v="11519474000"/>
        <price t="2022-09-26" v="11594492000"/>
        <price t="2022-09-27" v="11518793600"/>
        <price t="2022-09-28" v="11556433000"/>
        <price t="2022-09-29" v="11350196400"/>
        <price t="2022-09-30" v="11588422400"/>
        <price t="2022-10-03" v="11416068800"/>
        <price t="2022-10-04" v="12146148000"/>
        <price t="2022-10-05" v="11947575000"/>
        <price t="2022-10-06" v="12141604000"/>
        <price t="2022-10-07" v="11582013400"/>
        <price t="2022-10-10" v="11407550800"/>
        <price t="2022-10-11" v="11280624600"/>
        <price t="2022-10-12" v="11251195200"/>
        <price t="2022-10-13" v="11102460000"/>
        <price t="2022-10-14" v="10984096800"/>
        <price t="2022-10-17" v="11199850000"/>
        <price t="2022-10-18" v="11544323000"/>
        <price t="2022-10-19" v="11506750400"/>
        <price t="2022-10-20" v="11737880400"/>
        <price t="2022-10-21" v="11553402000"/>
        <price t="2022-10-24" v="11846812600"/>
        <price t="2022-10-25" v="11931810000"/>
        <price t="2022-10-26" v="11829144600"/>
        <price t="2022-10-27" v="11349839600"/>
        <price t="2022-10-28" v="10016676600"/>
        <price t="2022-10-31" v="10197540400"/>
        <price t="2022-11-01" v="9779890400"/>
        <price t="2022-11-02" v="9479974400"/>
        <price t="2022-11-03" v="9013722600"/>
        <price t="2022-11-04" v="8959827200"/>
        <price t="2022-11-07" v="9019681800"/>
        <price t="2022-11-08" v="9098359200"/>
        <price t="2022-11-09" v="8726902700"/>
        <price t="2022-11-10" v="9476208000"/>
        <price t="2022-11-11" v="9893618400"/>
        <price t="2022-11-14" v="9823688000"/>
        <price t="2022-11-15" v="10091880000"/>
        <price t="2022-11-16" v="9787280000"/>
        <price t="2022-11-17" v="9585319100"/>
        <price t="2022-11-18" v="9420620800"/>
        <price t="2022-11-21" v="9162997800"/>
        <price t="2022-11-22" v="9256874000"/>
        <price t="2022-11-23" v="9381295000"/>
        <price t="2022-11-24" v="9526853700"/>
        <price t="2022-11-25" v="9330237500"/>
        <price t="2022-11-28" v="9525515200"/>
        <price t="2022-11-29" v="9222630200"/>
        <price t="2022-11-30" v="9286520000"/>
        <price t="2022-12-01" v="9600953600"/>
        <price t="2022-12-02" v="9479984800"/>
        <price t="2022-12-05" v="9269977200"/>
        <price t="2022-12-06" v="8953322400"/>
        <price t="2022-12-07" v="8809614300"/>
        <price t="2022-12-08" v="8928527200"/>
        <price t="2022-12-09" v="8986764900"/>
        <price t="2022-12-12" v="8891091600"/>
        <price t="2022-12-13" v="9272218500"/>
        <price t="2022-12-14" v="9289122700"/>
        <price t="2022-12-15" v="8766573400"/>
        <price t="2022-12-16" v="8768108300"/>
        <price t="2022-12-19" v="8505954800"/>
        <price t="2022-12-20" v="8469660900"/>
        <price t="2022-12-21" v="8678976000"/>
        <price t="2022-12-22" v="8433032300"/>
        <price t="2022-12-23" v="8434930200"/>
        <price t="2022-12-27" v="8404646400"/>
        <price t="2022-12-28" v="8236424000"/>
        <price t="2022-12-29" v="8370114000"/>
        <price t="2022-12-30" v="8320546600"/>
        <price t="2023-01-02" v="8616907800"/>
        <price t="2023-01-03" v="8475016500"/>
        <price t="2023-01-04" v="8566111800"/>
        <price t="2023-01-05" v="8427795000"/>
        <price t="2023-01-06" v="8329650000"/>
        <price t="2023-01-09" v="8884097600"/>
        <price t="2023-01-10" v="8910813000"/>
        <price t="2023-01-11" v="9342367100"/>
        <price t="2023-01-12" v="9416882400"/>
        <price t="2023-01-13" v="9614727400"/>
        <price t="2023-01-16" v="9860544000"/>
        <price t="2023-01-17" v="9671956000"/>
        <price t="2023-01-18" v="9681394800"/>
        <price t="2023-01-19" v="9317122500"/>
        <price t="2023-01-20" v="9563688400"/>
        <price t="2023-01-23" v="9738241800"/>
        <price t="2023-01-24" v="9664705800"/>
        <price t="2023-01-25" v="9468211200"/>
        <price t="2023-01-26" v="9795694500"/>
        <price t="2023-01-27" v="10180505000"/>
        <price t="2023-01-30" v="10090726500"/>
        <price t="2023-01-31" v="10228518600"/>
        <price t="2023-02-01" v="10174996000"/>
        <price t="2023-02-02" v="11227538400"/>
        <price t="2023-02-03" v="10908563800"/>
        <price t="2023-02-06" v="10260907200"/>
        <price t="2023-02-07" v="9998080000"/>
        <price t="2023-02-08" v="9924507500"/>
        <price t="2023-02-09" v="9971791800"/>
        <price t="2023-02-10" v="9767453000"/>
        <price t="2023-02-13" v="9866383800"/>
        <price t="2023-02-14" v="9826194700"/>
        <price t="2023-02-15" v="9977750000"/>
        <price t="2023-02-16" v="10029110000"/>
        <price t="2023-02-17" v="9549750000"/>
        <price t="2023-02-20" v="9732553200"/>
        <price t="2023-02-21" v="9449370400"/>
        <price t="2023-02-22" v="9663687600"/>
        <price t="2023-02-23" v="9480088000"/>
        <price t="2023-02-24" v="9302657000"/>
        <price t="2023-02-27" v="9330791400"/>
        <price t="2023-02-28" v="9347905700"/>
        <price t="2023-03-01" v="9254480800"/>
        <price t="2023-03-02" v="9081061500"/>
        <price t="2023-03-03" v="9417628000"/>
        <price t="2023-03-06" v="9586723000"/>
        <price t="2023-03-07" v="9472653000"/>
        <price t="2023-03-08" v="9294363000"/>
        <price t="2023-03-09" v="9507043200"/>
        <price t="2023-03-10" v="9290273600"/>
        <price t="2023-03-13" v="9257478200"/>
        <price t="2023-03-14" v="9447486300"/>
        <price t="2023-03-15" v="9495154900"/>
        <price t="2023-03-16" v="9976252000"/>
        <price t="2023-03-17" v="9817776600"/>
        <price t="2023-03-20" v="9636726400"/>
        <price t="2023-03-21" v="9968877600"/>
        <price t="2023-03-22" v="9991224000"/>
        <price t="2023-03-23" v="10038053300"/>
        <price t="2023-03-24" v="9721001500"/>
        <price t="2023-03-27" v="9775420200"/>
        <price t="2023-03-28" v="9754731800"/>
        <price t="2023-03-29" v="9995510500"/>
        <price t="2023-03-30" v="10207802200"/>
        <price t="2023-03-31" v="10327987500"/>
        <price t="2023-04-03" v="10213452000"/>
        <price t="2023-04-04" v="10209876600"/>
        <price t="2023-04-05" v="10168730000"/>
        <price t="2023-04-06" v="10095283500"/>
        <price t="2023-04-11" v="9907192500"/>
        <price t="2023-04-12" v="9822154600"/>
        <price t="2023-04-13" v="10037969500"/>
        <price t="2023-04-14" v="10228830700"/>
        <price t="2023-04-17" v="10269431200"/>
        <price t="2023-04-18" v="10237973200"/>
        <price t="2023-04-19" v="10324031900"/>
        <price t="2023-04-20" v="10354118400"/>
        <price t="2023-04-21" v="10718919200"/>
        <price t="2023-04-24" v="10519012200"/>
        <price t="2023-04-25" v="10451060400"/>
        <price t="2023-04-26" v="10574258100"/>
        <price t="2023-04-27" v="10938205200"/>
        <price t="2023-04-28" v="10481364500"/>
        <price t="2023-05-02" v="10267626000"/>
        <price t="2023-05-03" v="10453303800"/>
        <price t="2023-05-04" v="10529159200"/>
        <price t="2023-05-05" v="10507356000"/>
        <price t="2023-05-08" v="10537023900"/>
        <price t="2023-05-09" v="10654339800"/>
        <price t="2023-05-10" v="10963140000"/>
        <price t="2023-05-11" v="11284132000"/>
        <price t="2023-05-12" v="11085877600"/>
        <price t="2023-05-15" v="11056541600"/>
        <price t="2023-05-16" v="11357587800"/>
        <price t="2023-05-17" v="11491734800"/>
        <price t="2023-05-18" v="11818609000"/>
        <price t="2023-05-19" v="11655347200"/>
        <price t="2023-05-22" v="11477813200"/>
        <price t="2023-05-23" v="11652099000"/>
        <price t="2023-05-24" v="11656428000"/>
        <price t="2023-05-25" v="11510067000"/>
        <price t="2023-05-26" v="12142179400"/>
        <price t="2023-05-29" v="12118665000"/>
        <price t="2023-05-30" v="12157910400"/>
        <price t="2023-05-31" v="11964960000"/>
        <price t="2023-06-01" v="12132537400"/>
        <price t="2023-06-02" v="12521674200"/>
        <price t="2023-06-05" v="12541508000"/>
        <price t="2023-06-06" v="12625169400"/>
        <price t="2023-06-07" v="12363131200"/>
        <price t="2023-06-08" v="12439888200"/>
        <price t="2023-06-09" v="12397000000"/>
        <price t="2023-06-12" v="12543378000"/>
        <price t="2023-06-13" v="12711995400"/>
        <price t="2023-06-14" v="12601132200"/>
        <price t="2023-06-15" v="12489453600"/>
        <price t="2023-06-16" v="12672309600"/>
        <price t="2023-06-19" v="12494768000"/>
        <price t="2023-06-20" v="12612308800"/>
        <price t="2023-06-21" v="12417266400"/>
        <price t="2023-06-22" v="12946921000"/>
        <price t="2023-06-23" v="12947606400"/>
        <price t="2023-06-26" v="13001154400"/>
        <price t="2023-06-27" v="12838952400"/>
        <price t="2023-06-28" v="13070910000"/>
        <price t="2023-06-29" v="12854337600"/>
        <price t="2023-06-30" v="12958791600"/>
        <price t="2023-07-03" v="13054822200"/>
        <price t="2023-07-04" v="12973766000"/>
        <price t="2023-07-05" v="12982998600"/>
        <price t="2023-07-06" v="12823763400"/>
        <price t="2023-07-07" v="12880504000"/>
        <price t="2023-07-10" v="12713342400"/>
        <price t="2023-07-11" v="12835152000"/>
        <price t="2023-07-12" v="12867082800"/>
        <price t="2023-07-13" v="13313289200"/>
        <price t="2023-07-14" v="13606584600"/>
        <price t="2023-07-17" v="13395144000"/>
        <price t="2023-07-18" v="13233629000"/>
        <price t="2023-07-19" v="13551687200"/>
        <price t="2023-07-20" v="13304275400"/>
        <price t="2023-07-21" v="13029482200"/>
        <price t="2023-07-24" v="12955689600"/>
        <price t="2023-07-25" v="12892096600"/>
        <price t="2023-07-26" v="12777568600"/>
        <price t="2023-07-27" v="13385600000"/>
        <price t="2023-07-28" v="13185576000"/>
        <price t="2023-07-31" v="13317988600"/>
        <price t="2023-08-01" v="13273700000"/>
        <price t="2023-08-02" v="12909572000"/>
        <price t="2023-08-03" v="12873523200"/>
        <price t="2023-08-04" v="14148799600"/>
        <price t="2023-08-07" v="13951876800"/>
        <price t="2023-08-08" v="13907635200"/>
        <price t="2023-08-09" v="13731936000"/>
        <price t="2023-08-10" v="13958869200"/>
        <price t="2023-08-11" v="13851835200"/>
        <price t="2023-08-14" v="14001330000"/>
        <price t="2023-08-15" v="13830130800"/>
        <price t="2023-08-16" v="13666832000"/>
        <price t="2023-08-17" v="13513820000"/>
        <price t="2023-08-18" v="13222965600"/>
        <price t="2023-08-21" v="13340484000"/>
        <price t="2023-08-22" v="13563024600"/>
        <price t="2023-08-23" v="13419810000"/>
        <price t="2023-08-24" v="13283336000"/>
        <price t="2023-08-25" v="13190083200"/>
        <price t="2023-08-28" v="13226830400"/>
        <price t="2023-08-29" v="13415165400"/>
        <price t="2023-08-30" v="13444210000"/>
        <price t="2023-08-31" v="13811054400"/>
        <price t="2023-09-01" v="13845619200"/>
        <price t="2023-09-04" v="13825280000"/>
        <price t="2023-09-05" v="13673440200"/>
        <price t="2023-09-06" v="13628958000"/>
        <price t="2023-09-07" v="13629546000"/>
        <price t="2023-09-08" v="13853116800"/>
        <price t="2023-09-11" v="14129942400"/>
        <price t="2023-09-12" v="14100450600"/>
        <price t="2023-09-13" v="14392953000"/>
        <price t="2023-09-14" v="14579924000"/>
        <price t="2023-09-15" v="14087744400"/>
        <price t="2023-09-18" v="13962132200"/>
        <price t="2023-09-19" v="13637649000"/>
        <price t="2023-09-20" v="13668594400"/>
        <price t="2023-09-21" v="13078923000"/>
        <price t="2023-09-22" v="13129880400"/>
        <price t="2023-09-25" v="13153021000"/>
        <price t="2023-09-26" v="12764178000"/>
        <price t="2023-09-27" v="12510446400"/>
        <price t="2023-09-28" v="12537194400"/>
        <price t="2023-09-29" v="12778482800"/>
        <price t="2023-10-02" v="13010868000"/>
        <price t="2023-10-03" v="12502079800"/>
        <price t="2023-10-04" v="12598499400"/>
        <price t="2023-10-05" v="12464889200"/>
        <price t="2023-10-06" v="12629122800"/>
        <price t="2023-10-09" v="12601394600"/>
        <price t="2023-10-10" v="13022209200"/>
        <price t="2023-10-11" v="13002624800"/>
        <price t="2023-10-12" v="13443654000"/>
        <price t="2023-10-13" v="13093960800"/>
        <price t="2023-10-16" v="13193576000"/>
        <price t="2023-10-17" v="13179543000"/>
        <price t="2023-10-18" v="12969594000"/>
        <price t="2023-10-19" v="13009567600"/>
        <price t="2023-10-20" v="12552453200"/>
        <price t="2023-10-23" v="12563803200"/>
        <price t="2023-10-24" v="12813686400"/>
        <price t="2023-10-25" v="12340076800"/>
        <price t="2023-10-26" v="12009276000"/>
        <price t="2023-10-27" v="12876885600"/>
        <price t="2023-10-30" v="13182015000"/>
        <price t="2023-10-31" v="13297111800"/>
        <price t="2023-11-01" v="13556904200"/>
        <price t="2023-11-02" v="13801730600"/>
        <price t="2023-11-03" v="13848388000"/>
        <price t="2023-11-06" v="14001967600"/>
        <price t="2023-11-07" v="14282907600"/>
        <price t="2023-11-08" v="14139075000"/>
        <price t="2023-11-09" v="14169851400"/>
        <price t="2023-11-10" v="14225482800"/>
        <price t="2023-11-13" v="14259388000"/>
        <price t="2023-11-14" v="14453807200"/>
        <price t="2023-11-15" v="14428356800"/>
        <price t="2023-11-16" v="14218699400"/>
        <price t="2023-11-17" v="14422795200"/>
        <price t="2023-11-20" v="14595436800"/>
        <price t="2023-11-21" v="14278747000"/>
        <price t="2023-11-22" v="14745125400"/>
        <price t="2023-11-23" v="14595100000"/>
        <price t="2023-11-24" v="14636172800"/>
        <price t="2023-11-27" v="14899930600"/>
        <price t="2023-11-28" v="14693558000"/>
        <price t="2023-11-29" v="14645202000"/>
        <price t="2023-11-30" v="14544788600"/>
        <price t="2023-12-01" v="14652975000"/>
        <price t="2023-12-04" v="14489217600"/>
        <price t="2023-12-05" v="14711120000"/>
        <price t="2023-12-06" v="14515810400"/>
        <price t="2023-12-07" v="14678718800"/>
        <price t="2023-12-08" v="14710605000"/>
        <price t="2023-12-11" v="14481073400"/>
        <price t="2023-12-12" v="14639420000"/>
        <price t="2023-12-13" v="14765245600"/>
        <price t="2023-12-14" v="14690422600"/>
        <price t="2023-12-15" v="14958803600"/>
        <price t="2023-12-18" v="15289567200"/>
        <price t="2023-12-19" v="15351184800"/>
        <price t="2023-12-20" v="15424473600"/>
        <price t="2023-12-21" v="15288336000"/>
        <price t="2023-12-22" v="15350629800"/>
        <price t="2023-12-27" v="15294043000"/>
        <price t="2023-12-28" v="15375107600"/>
        <price t="2023-12-29" v="15313090000"/>
        <price t="2024-01-02" v="15025058400"/>
        <price t="2024-01-03" v="14983051800"/>
        <price t="2024-01-04" v="14670448200"/>
        <price t="2024-01-05" v="14516193200"/>
        <price t="2024-01-08" v="14720180800"/>
        <price t="2024-01-09" v="15090636000"/>
        <price t="2024-01-10" v="15291562000"/>
        <price t="2024-01-11" v="15482880400"/>
        <price t="2024-01-12" v="15450104000"/>
        <price t="2024-01-15" v="15421505000"/>
        <price t="2024-01-16" v="15330561600"/>
        <price t="2024-01-17" v="15208221400"/>
        <price t="2024-01-18" v="15381600000"/>
        <price t="2024-01-19" v="15363734400"/>
        <price t="2024-01-22" v="15498648000"/>
        <price t="2024-01-23" v="15507820800"/>
        <price t="2024-01-24" v="15740277000"/>
        <price t="2024-01-25" v="15919030200"/>
        <price t="2024-01-26" v="15941234400"/>
        <price t="2024-01-29" v="15950937400"/>
        <price t="2024-01-30" v="16034726400"/>
        <price t="2024-01-31" v="15607447400"/>
        <price t="2024-02-01" v="15688951200"/>
        <price t="2024-02-02" v="17256084800"/>
        <price t="2024-02-05" v="16886264400"/>
        <price t="2024-02-06" v="16840726800"/>
        <price t="2024-02-07" v="17008838400"/>
        <price t="2024-02-08" v="17092310400"/>
        <price t="2024-02-09" v="17282596800"/>
        <price t="2024-02-12" v="17338066200"/>
        <price t="2024-02-13" v="17106905000"/>
        <price t="2024-02-14" v="16922254800"/>
        <price t="2024-02-15" v="16804200600"/>
        <price t="2024-02-16" v="16981136000"/>
        <price t="2024-02-19" v="16931251200"/>
        <price t="2024-02-20" v="16661004800"/>
        <price t="2024-02-21" v="16829613000"/>
        <price t="2024-02-22" v="17300517600"/>
        <price t="2024-02-23" v="17440573200"/>
        <price t="2024-02-26" v="17504276000"/>
        <price t="2024-02-27" v="17413024000"/>
        <price t="2024-02-28" v="17329547200"/>
        <price t="2024-02-29" v="17455842400"/>
        <price t="2024-03-01" v="17748458200"/>
        <price t="2024-03-04" v="17854685200"/>
        <price t="2024-03-05" v="17425663800"/>
        <price t="2024-03-06" v="17431022000"/>
        <price t="2024-03-07" v="17538771000"/>
        <price t="2024-03-08" v="17703280800"/>
        <price t="2024-03-11" v="17243413200"/>
        <price t="2024-03-12" v="17555111200"/>
        <price t="2024-03-13" v="17666485000"/>
        <price t="2024-03-14" v="17862375000"/>
        <price t="2024-03-15" v="17429378400"/>
        <price t="2024-03-18" v="17512157600"/>
        <price t="2024-03-19" v="17548747200"/>
        <price t="2024-03-20" v="17471852800"/>
        <price t="2024-03-21" v="18061992000"/>
        <price t="2024-03-22" v="17879596000"/>
        <price t="2024-03-25" v="17936259000"/>
        <price t="2024-03-26" v="17997590000"/>
        <price t="2024-03-27" v="17863705600"/>
        <price t="2024-03-28" v="18004639400"/>
        <price t="2024-04-02" v="17946530400"/>
        <price t="2024-04-03" v="18184451200"/>
        <price t="2024-04-04" v="18420184800"/>
        <price t="2024-04-05" v="18512091600"/>
        <price t="2024-04-08" v="18570103400"/>
        <price t="2024-04-09" v="18528235000"/>
        <price t="2024-04-10" v="18692232000"/>
        <price t="2024-04-11" v="18687772200"/>
        <price t="2024-04-12" v="18758172000"/>
        <price t="2024-04-15" v="18733248000"/>
        <price t="2024-04-16" v="18427538800"/>
        <price t="2024-04-17" v="18193107600"/>
        <price t="2024-04-18" v="18252546800"/>
        <price t="2024-04-19" v="17628584400"/>
        <price t="2024-04-22" v="17519409600"/>
        <price t="2024-04-23" v="17791423200"/>
        <price t="2024-04-24" v="17721662400"/>
        <price t="2024-04-25" v="17147712000"/>
        <price t="2024-04-26" v="17926664800"/>
        <price t="2024-04-29" v="17973152000"/>
        <price t="2024-04-30" v="18023388800"/>
        <price t="2024-05-02" v="18143808000"/>
        <price t="2024-05-03" v="18572078400"/>
        <price t="2024-05-06" v="18711446400"/>
        <price t="2024-05-07" v="18885717200"/>
        <price t="2024-05-08" v="18763723800"/>
        <price t="2024-05-09" v="19027836000"/>
        <price t="2024-05-10" v="18783485400"/>
        <price t="2024-05-13" v="18582513000"/>
        <price t="2024-05-14" v="18512980800"/>
        <price t="2024-05-15" v="18520553600"/>
        <price t="2024-05-16" v="18602592000"/>
        <price t="2024-05-17" v="18410943200"/>
        <price t="2024-05-20" v="18520177200"/>
        <price t="2024-05-21" v="18164608000"/>
        <price t="2024-05-22" v="18447822000"/>
        <price t="2024-05-23" v="18440946000"/>
        <price t="2024-05-24" v="18172176000"/>
        <price t="2024-05-27" v="18077449600"/>
        <price t="2024-05-28" v="18105471600"/>
        <price t="2024-05-29" v="18426500400"/>
        <price t="2024-05-30" v="18000486000"/>
        <price t="2024-05-31" v="17478231200"/>
        <price t="2024-06-03" v="17678965200"/>
        <price t="2024-06-04" v="17790351000"/>
        <price t="2024-06-05" v="18084484800"/>
        <price t="2024-06-06" v="18350985000"/>
        <price t="2024-06-07" v="18731482400"/>
        <price t="2024-06-10" v="18642299200"/>
        <price t="2024-06-11" v="18601528000"/>
        <price t="2024-06-12" v="18651439000"/>
        <price t="2024-06-13" v="18485932800"/>
        <price t="2024-06-14" v="18268785600"/>
        <price t="2024-06-17" v="18152555200"/>
        <price t="2024-06-18" v="18136209000"/>
        <price t="2024-06-19" v="18284049000"/>
        <price t="2024-06-20" v="18531007200"/>
        <price t="2024-06-21" v="18753164800"/>
        <price t="2024-06-24" v="18809690000"/>
        <price t="2024-06-25" v="18865211200"/>
        <price t="2024-06-26" v="19107656400"/>
        <price t="2024-06-27" v="19496668800"/>
        <price t="2024-06-28" v="19598714000"/>
        <price t="2024-07-01" v="19622519000"/>
        <price t="2024-07-02" v="19747797400"/>
        <price t="2024-07-03" v="19684988400"/>
        <price t="2024-07-04" v="19856880000"/>
        <price t="2024-07-05" v="20000587200"/>
        <price t="2024-07-08" v="19992742000"/>
        <price t="2024-07-09" v="20018876800"/>
        <price t="2024-07-10" v="19872535000"/>
        <price t="2024-07-11" v="19426108000"/>
        <price t="2024-07-12" v="19508346000"/>
        <price t="2024-07-15" v="19425367000"/>
        <price t="2024-07-16" v="19403379600"/>
        <price t="2024-07-17" v="18773678000"/>
        <price t="2024-07-18" v="18312122000"/>
        <price t="2024-07-19" v="18299556000"/>
        <price t="2024-07-22" v="18335392000"/>
        <price t="2024-07-23" v="18883368000"/>
        <price t="2024-07-24" v="18278880000"/>
        <price t="2024-07-25" v="18155893200"/>
        <price t="2024-07-26" v="18149232000"/>
        <price t="2024-07-29" v="18269913000"/>
        <price t="2024-07-30" v="18249264000"/>
        <price t="2024-07-31" v="18691293600"/>
        <price t="2024-08-01" v="18587289200"/>
        <price t="2024-08-02" v="16555880000"/>
        <price t="2024-08-05" v="16188009200"/>
        <price t="2024-08-06" v="16193494000"/>
        <price t="2024-08-07" v="16612362000"/>
        <price t="2024-08-08" v="16493370000"/>
        <price t="2024-08-09" v="16751044800"/>
        <price t="2024-08-12" v="16673735000"/>
        <price t="2024-08-13" v="16761595400"/>
        <price t="2024-08-14" v="17022151200"/>
        <price t="2024-08-15" v="17721103400"/>
        <price t="2024-08-16" v="17753111200"/>
        <price t="2024-08-19" v="17672224600"/>
        <price t="2024-08-20" v="17754351200"/>
        <price t="2024-08-21" v="17921215200"/>
        <price t="2024-08-22" v="17862767000"/>
        <price t="2024-08-23" v="17653475400"/>
        <price t="2024-08-26" v="17579492400"/>
        <price t="2024-08-27" v="17281008400"/>
        <price t="2024-08-28" v="17044584400"/>
        <price t="2024-08-29" v="17390419200"/>
        <price t="2024-08-30" v="17592851600"/>
        <price t="2024-09-02" v="17775027000"/>
        <price t="2024-09-03" v="17671449000"/>
        <price t="2024-09-04" v="17445740000"/>
        <price t="2024-09-05" v="17721909000"/>
        <price t="2024-09-06" v="17289591600"/>
        <price t="2024-09-09" v="17465608800"/>
        <price t="2024-09-10" v="17892282000"/>
        <price t="2024-09-11" v="17777021400"/>
        <price t="2024-09-12" v="18427564800"/>
        <price t="2024-09-13" v="18749052000"/>
      </prices>
      <latestFeed>MANUAL</latestFeed>
      <latest t="2024-09-13" v="18749052000">
        <high>-1</high>
        <low>-1</low>
        <volume>-1</volume>
      </latest>
      <attributes>
        <map/>
      </attributes>
      <events/>
      <isRetired>false</isRetired>
      <updatedAt>2024-09-16T08:13:23.085692500Z</updatedAt>
    </security>
    <security>
      <uuid>bd555509-86a2-4add-8090-909d6268ef3d</uuid>
      <name>Apple Inc.</name>
      <currencyCode>EUR</currencyCode>
      <tickerSymbol>AAPL</tickerSymbol>
      <feed>YAHOO</feed>
      <prices>
        <price t="2014-09-15" v="2540750000"/>
        <price t="2014-09-16" v="2521500000"/>
        <price t="2014-09-17" v="2539500000"/>
        <price t="2014-09-18" v="2544750000"/>
        <price t="2014-09-19" v="2524000000"/>
        <price t="2014-09-22" v="2526500000"/>
        <price t="2014-09-23" v="2566000000"/>
        <price t="2014-09-24" v="2543750000"/>
        <price t="2014-09-25" v="2446750000"/>
        <price t="2014-09-26" v="2518750000"/>
        <price t="2014-09-29" v="2502750000"/>
        <price t="2014-09-30" v="2518750000"/>
        <price t="2014-10-01" v="2479500000"/>
        <price t="2014-10-02" v="2497500000"/>
        <price t="2014-10-03" v="2490500000"/>
        <price t="2014-10-06" v="2490500000"/>
        <price t="2014-10-07" v="2468750000"/>
        <price t="2014-10-08" v="2520000000"/>
        <price t="2014-10-09" v="2525500000"/>
        <price t="2014-10-10" v="2518250000"/>
        <price t="2014-10-13" v="2495250000"/>
        <price t="2014-10-14" v="2468750000"/>
        <price t="2014-10-15" v="2438500000"/>
        <price t="2014-10-16" v="2406500000"/>
        <price t="2014-10-17" v="2441750000"/>
        <price t="2014-10-20" v="2494000000"/>
        <price t="2014-10-21" v="2561750000"/>
        <price t="2014-10-22" v="2574750000"/>
        <price t="2014-10-23" v="2620750000"/>
        <price t="2014-10-24" v="2630500000"/>
        <price t="2014-10-27" v="2627750000"/>
        <price t="2014-10-28" v="2668500000"/>
        <price t="2014-10-29" v="2683500000"/>
        <price t="2014-10-30" v="2674500000"/>
        <price t="2014-10-31" v="2700000000"/>
        <price t="2014-11-03" v="2735000000"/>
        <price t="2014-11-04" v="2715000000"/>
        <price t="2014-11-05" v="2721500000"/>
        <price t="2014-11-06" v="2717500000"/>
        <price t="2014-11-07" v="2725250000"/>
        <price t="2014-11-10" v="2720750000"/>
        <price t="2014-11-11" v="2742500000"/>
        <price t="2014-11-12" v="2781250000"/>
        <price t="2014-11-13" v="2820500000"/>
        <price t="2014-11-14" v="2854500000"/>
        <price t="2014-11-17" v="2849750000"/>
        <price t="2014-11-18" v="2886750000"/>
        <price t="2014-11-19" v="2866750000"/>
        <price t="2014-11-20" v="2907750000"/>
        <price t="2014-11-21" v="2911750000"/>
        <price t="2014-11-24" v="2965750000"/>
        <price t="2014-11-25" v="2940000000"/>
        <price t="2014-11-26" v="2975000000"/>
        <price t="2014-11-28" v="2973250000"/>
        <price t="2014-12-01" v="2876750000"/>
        <price t="2014-12-02" v="2865750000"/>
        <price t="2014-12-03" v="2898250000"/>
        <price t="2014-12-04" v="2887250000"/>
        <price t="2014-12-05" v="2875000000"/>
        <price t="2014-12-08" v="2810000000"/>
        <price t="2014-12-09" v="2853000000"/>
        <price t="2014-12-10" v="2798750000"/>
        <price t="2014-12-11" v="2790500000"/>
        <price t="2014-12-12" v="2743250000"/>
        <price t="2014-12-15" v="2705750000"/>
        <price t="2014-12-16" v="2668750000"/>
        <price t="2014-12-17" v="2735250000"/>
        <price t="2014-12-18" v="2816250000"/>
        <price t="2014-12-19" v="2794500000"/>
        <price t="2014-12-22" v="2823500000"/>
        <price t="2014-12-23" v="2813500000"/>
        <price t="2014-12-24" v="2800250000"/>
        <price t="2014-12-26" v="2849750000"/>
        <price t="2014-12-29" v="2847750000"/>
        <price t="2014-12-30" v="2813000000"/>
        <price t="2014-12-31" v="2759500000"/>
        <price t="2015-01-02" v="2733250000"/>
        <price t="2015-01-05" v="2656250000"/>
        <price t="2015-01-06" v="2656500000"/>
        <price t="2015-01-07" v="2693750000"/>
        <price t="2015-01-08" v="2797250000"/>
        <price t="2015-01-09" v="2800250000"/>
        <price t="2015-01-12" v="2731250000"/>
        <price t="2015-01-13" v="2755500000"/>
        <price t="2015-01-14" v="2745000000"/>
        <price t="2015-01-15" v="2670500000"/>
        <price t="2015-01-16" v="2649750000"/>
        <price t="2015-01-20" v="2718000000"/>
        <price t="2015-01-21" v="2738750000"/>
        <price t="2015-01-22" v="2810000000"/>
        <price t="2015-01-23" v="2824500000"/>
        <price t="2015-01-26" v="2827500000"/>
        <price t="2015-01-27" v="2728500000"/>
        <price t="2015-01-28" v="2882750000"/>
        <price t="2015-01-29" v="2972500000"/>
        <price t="2015-01-30" v="2929000000"/>
        <price t="2015-02-02" v="2965750000"/>
        <price t="2015-02-03" v="2966250000"/>
        <price t="2015-02-04" v="2989000000"/>
        <price t="2015-02-05" v="2998500000"/>
        <price t="2015-02-06" v="2973250000"/>
        <price t="2015-02-09" v="2993000000"/>
        <price t="2015-02-10" v="3050500000"/>
        <price t="2015-02-11" v="3122000000"/>
        <price t="2015-02-12" v="3161500000"/>
        <price t="2015-02-13" v="3177000000"/>
        <price t="2015-02-17" v="3195750000"/>
        <price t="2015-02-18" v="3218000000"/>
        <price t="2015-02-19" v="3211250000"/>
        <price t="2015-02-20" v="3237500000"/>
        <price t="2015-02-23" v="3325000000"/>
        <price t="2015-02-24" v="3304250000"/>
        <price t="2015-02-25" v="3219750000"/>
        <price t="2015-02-26" v="3260500000"/>
        <price t="2015-02-27" v="3211500000"/>
        <price t="2015-03-02" v="3227250000"/>
        <price t="2015-03-03" v="3234000000"/>
        <price t="2015-03-04" v="3213500000"/>
        <price t="2015-03-05" v="3160250000"/>
        <price t="2015-03-06" v="3165000000"/>
        <price t="2015-03-09" v="3178500000"/>
        <price t="2015-03-10" v="3112750000"/>
        <price t="2015-03-11" v="3056000000"/>
        <price t="2015-03-12" v="3111250000"/>
        <price t="2015-03-13" v="3089750000"/>
        <price t="2015-03-16" v="3123750000"/>
        <price t="2015-03-17" v="3176000000"/>
        <price t="2015-03-18" v="3211750000"/>
        <price t="2015-03-19" v="3187500000"/>
        <price t="2015-03-20" v="3147500000"/>
        <price t="2015-03-23" v="3180250000"/>
        <price t="2015-03-24" v="3167250000"/>
        <price t="2015-03-25" v="3084500000"/>
        <price t="2015-03-26" v="3106000000"/>
        <price t="2015-03-27" v="3081250000"/>
        <price t="2015-03-30" v="3159250000"/>
        <price t="2015-03-31" v="3110750000"/>
        <price t="2015-04-01" v="3106250000"/>
        <price t="2015-04-02" v="3133000000"/>
        <price t="2015-04-06" v="3183750000"/>
        <price t="2015-04-07" v="3150250000"/>
        <price t="2015-04-08" v="3140000000"/>
        <price t="2015-04-09" v="3164000000"/>
        <price t="2015-04-10" v="3177500000"/>
        <price t="2015-04-13" v="3171250000"/>
        <price t="2015-04-14" v="3157500000"/>
        <price t="2015-04-15" v="3169500000"/>
        <price t="2015-04-16" v="3154250000"/>
        <price t="2015-04-17" v="3118750000"/>
        <price t="2015-04-20" v="3190000000"/>
        <price t="2015-04-21" v="3172750000"/>
        <price t="2015-04-22" v="3215500000"/>
        <price t="2015-04-23" v="3241750000"/>
        <price t="2015-04-24" v="3257000000"/>
        <price t="2015-04-27" v="3316250000"/>
        <price t="2015-04-28" v="3264000000"/>
        <price t="2015-04-29" v="3216000000"/>
        <price t="2015-04-30" v="3128750000"/>
        <price t="2015-05-01" v="3223750000"/>
        <price t="2015-05-04" v="3217500000"/>
        <price t="2015-05-05" v="3145000000"/>
        <price t="2015-05-06" v="3125250000"/>
        <price t="2015-05-07" v="3131500000"/>
        <price t="2015-05-08" v="3190500000"/>
        <price t="2015-05-11" v="3158000000"/>
        <price t="2015-05-12" v="3146750000"/>
        <price t="2015-05-13" v="3150250000"/>
        <price t="2015-05-14" v="3223750000"/>
        <price t="2015-05-15" v="3219250000"/>
        <price t="2015-05-18" v="3254750000"/>
        <price t="2015-05-19" v="3251750000"/>
        <price t="2015-05-20" v="3251500000"/>
        <price t="2015-05-21" v="3284750000"/>
        <price t="2015-05-22" v="3313500000"/>
        <price t="2015-05-26" v="3240500000"/>
        <price t="2015-05-27" v="3301000000"/>
        <price t="2015-05-28" v="3294500000"/>
        <price t="2015-05-29" v="3257000000"/>
        <price t="2015-06-01" v="3263500000"/>
        <price t="2015-06-02" v="3249000000"/>
        <price t="2015-06-03" v="3253000000"/>
        <price t="2015-06-04" v="3234000000"/>
        <price t="2015-06-05" v="3216250000"/>
        <price t="2015-06-08" v="3195000000"/>
        <price t="2015-06-09" v="3185500000"/>
        <price t="2015-06-10" v="3222000000"/>
        <price t="2015-06-11" v="3214750000"/>
        <price t="2015-06-12" v="3179250000"/>
        <price t="2015-06-15" v="3173000000"/>
        <price t="2015-06-16" v="3190000000"/>
        <price t="2015-06-17" v="3182500000"/>
        <price t="2015-06-18" v="3197000000"/>
        <price t="2015-06-19" v="3165000000"/>
        <price t="2015-06-22" v="3190250000"/>
        <price t="2015-06-23" v="3175750000"/>
        <price t="2015-06-24" v="3202750000"/>
        <price t="2015-06-25" v="3187500000"/>
        <price t="2015-06-26" v="3168750000"/>
        <price t="2015-06-29" v="3113250000"/>
        <price t="2015-06-30" v="3135750000"/>
        <price t="2015-07-01" v="3165000000"/>
        <price t="2015-07-02" v="3161000000"/>
        <price t="2015-07-06" v="3150000000"/>
        <price t="2015-07-07" v="3142250000"/>
        <price t="2015-07-08" v="3064250000"/>
        <price t="2015-07-09" v="3001750000"/>
        <price t="2015-07-10" v="3082000000"/>
        <price t="2015-07-13" v="3141500000"/>
        <price t="2015-07-14" v="3140250000"/>
        <price t="2015-07-15" v="3170500000"/>
        <price t="2015-07-16" v="3212750000"/>
        <price t="2015-07-17" v="3240500000"/>
        <price t="2015-07-20" v="3301750000"/>
        <price t="2015-07-21" v="3268750000"/>
        <price t="2015-07-22" v="3130500000"/>
        <price t="2015-07-23" v="3129000000"/>
        <price t="2015-07-24" v="3112500000"/>
        <price t="2015-07-27" v="3069250000"/>
        <price t="2015-07-28" v="3084500000"/>
        <price t="2015-07-29" v="3074750000"/>
        <price t="2015-07-30" v="3059250000"/>
        <price t="2015-07-31" v="3032500000"/>
        <price t="2015-08-03" v="2961000000"/>
        <price t="2015-08-04" v="2866000000"/>
        <price t="2015-08-05" v="2885000000"/>
        <price t="2015-08-06" v="2878250000"/>
        <price t="2015-08-07" v="2888000000"/>
        <price t="2015-08-10" v="2993000000"/>
        <price t="2015-08-11" v="2837250000"/>
        <price t="2015-08-12" v="2881000000"/>
        <price t="2015-08-13" v="2878750000"/>
        <price t="2015-08-14" v="2899000000"/>
        <price t="2015-08-17" v="2929000000"/>
        <price t="2015-08-18" v="2912500000"/>
        <price t="2015-08-19" v="2875250000"/>
        <price t="2015-08-20" v="2816250000"/>
        <price t="2015-08-21" v="2644000000"/>
        <price t="2015-08-24" v="2578000000"/>
        <price t="2015-08-25" v="2593500000"/>
        <price t="2015-08-26" v="2742250000"/>
        <price t="2015-08-27" v="2823000000"/>
        <price t="2015-08-28" v="2832250000"/>
        <price t="2015-08-31" v="2819000000"/>
        <price t="2015-09-01" v="2693000000"/>
        <price t="2015-09-02" v="2808500000"/>
        <price t="2015-09-03" v="2759250000"/>
        <price t="2015-09-04" v="2731750000"/>
        <price t="2015-09-08" v="2807750000"/>
        <price t="2015-09-09" v="2753750000"/>
        <price t="2015-09-10" v="2814250000"/>
        <price t="2015-09-11" v="2855250000"/>
        <price t="2015-09-14" v="2882750000"/>
        <price t="2015-09-15" v="2907000000"/>
        <price t="2015-09-16" v="2910250000"/>
        <price t="2015-09-17" v="2848000000"/>
        <price t="2015-09-18" v="2836250000"/>
        <price t="2015-09-21" v="2880250000"/>
        <price t="2015-09-22" v="2835000000"/>
        <price t="2015-09-23" v="2858000000"/>
        <price t="2015-09-24" v="2875000000"/>
        <price t="2015-09-25" v="2867750000"/>
        <price t="2015-09-28" v="2811000000"/>
        <price t="2015-09-29" v="2726500000"/>
        <price t="2015-09-30" v="2757500000"/>
        <price t="2015-10-01" v="2739500000"/>
        <price t="2015-10-02" v="2759500000"/>
        <price t="2015-10-05" v="2769500000"/>
        <price t="2015-10-06" v="2782750000"/>
        <price t="2015-10-07" v="2769500000"/>
        <price t="2015-10-08" v="2737500000"/>
        <price t="2015-10-09" v="2803000000"/>
        <price t="2015-10-12" v="2790000000"/>
        <price t="2015-10-13" v="2794750000"/>
        <price t="2015-10-14" v="2755250000"/>
        <price t="2015-10-15" v="2796500000"/>
        <price t="2015-10-16" v="2776000000"/>
        <price t="2015-10-19" v="2793250000"/>
        <price t="2015-10-20" v="2844250000"/>
        <price t="2015-10-21" v="2844000000"/>
        <price t="2015-10-22" v="2887500000"/>
        <price t="2015-10-23" v="2977000000"/>
        <price t="2015-10-26" v="2882000000"/>
        <price t="2015-10-27" v="2863750000"/>
        <price t="2015-10-28" v="2981750000"/>
        <price t="2015-10-29" v="3013250000"/>
        <price t="2015-10-30" v="2987500000"/>
        <price t="2015-11-02" v="3029500000"/>
        <price t="2015-11-03" v="3064250000"/>
        <price t="2015-11-04" v="3050000000"/>
        <price t="2015-11-05" v="3023000000"/>
        <price t="2015-11-06" v="3026500000"/>
        <price t="2015-11-09" v="3014250000"/>
        <price t="2015-11-10" v="2919250000"/>
        <price t="2015-11-11" v="2902750000"/>
        <price t="2015-11-12" v="2893000000"/>
        <price t="2015-11-13" v="2808500000"/>
        <price t="2015-11-16" v="2854500000"/>
        <price t="2015-11-17" v="2842250000"/>
        <price t="2015-11-18" v="2932250000"/>
        <price t="2015-11-19" v="2969500000"/>
        <price t="2015-11-20" v="2982500000"/>
        <price t="2015-11-23" v="2943750000"/>
        <price t="2015-11-24" v="2972000000"/>
        <price t="2015-11-25" v="2950750000"/>
        <price t="2015-11-27" v="2945250000"/>
        <price t="2015-11-30" v="2957500000"/>
        <price t="2015-12-01" v="2933500000"/>
        <price t="2015-12-02" v="2907000000"/>
        <price t="2015-12-03" v="2880000000"/>
        <price t="2015-12-04" v="2975750000"/>
        <price t="2015-12-07" v="2957000000"/>
        <price t="2015-12-08" v="2955750000"/>
        <price t="2015-12-09" v="2890500000"/>
        <price t="2015-12-10" v="2904250000"/>
        <price t="2015-12-11" v="2829500000"/>
        <price t="2015-12-14" v="2812000000"/>
        <price t="2015-12-15" v="2762250000"/>
        <price t="2015-12-16" v="2783500000"/>
        <price t="2015-12-17" v="2724500000"/>
        <price t="2015-12-18" v="2650750000"/>
        <price t="2015-12-21" v="2683250000"/>
        <price t="2015-12-22" v="2680750000"/>
        <price t="2015-12-23" v="2715250000"/>
        <price t="2015-12-24" v="2700750000"/>
        <price t="2015-12-28" v="2670500000"/>
        <price t="2015-12-29" v="2718500000"/>
        <price t="2015-12-30" v="2683000000"/>
        <price t="2015-12-31" v="2631500000"/>
        <price t="2016-01-04" v="2633750000"/>
        <price t="2016-01-05" v="2567750000"/>
        <price t="2016-01-06" v="2517500000"/>
        <price t="2016-01-07" v="2411250000"/>
        <price t="2016-01-08" v="2424000000"/>
        <price t="2016-01-11" v="2463250000"/>
        <price t="2016-01-12" v="2499000000"/>
        <price t="2016-01-13" v="2434750000"/>
        <price t="2016-01-14" v="2488000000"/>
        <price t="2016-01-15" v="2428250000"/>
        <price t="2016-01-19" v="2416500000"/>
        <price t="2016-01-20" v="2419750000"/>
        <price t="2016-01-21" v="2407500000"/>
        <price t="2016-01-22" v="2535500000"/>
        <price t="2016-01-25" v="2486000000"/>
        <price t="2016-01-26" v="2499750000"/>
        <price t="2016-01-27" v="2335500000"/>
        <price t="2016-01-28" v="2352250000"/>
        <price t="2016-01-29" v="2433500000"/>
        <price t="2016-02-01" v="2410750000"/>
        <price t="2016-02-02" v="2362000000"/>
        <price t="2016-02-03" v="2408750000"/>
        <price t="2016-02-04" v="2415000000"/>
        <price t="2016-02-05" v="2350500000"/>
        <price t="2016-02-08" v="2375250000"/>
        <price t="2016-02-09" v="2374750000"/>
        <price t="2016-02-10" v="2356750000"/>
        <price t="2016-02-11" v="2342500000"/>
        <price t="2016-02-12" v="2349750000"/>
        <price t="2016-02-16" v="2416000000"/>
        <price t="2016-02-17" v="2453000000"/>
        <price t="2016-02-18" v="2406500000"/>
        <price t="2016-02-19" v="2401000000"/>
        <price t="2016-02-22" v="2422000000"/>
        <price t="2016-02-23" v="2367250000"/>
        <price t="2016-02-24" v="2402500000"/>
        <price t="2016-02-25" v="2419000000"/>
        <price t="2016-02-26" v="2422750000"/>
        <price t="2016-02-29" v="2417250000"/>
        <price t="2016-03-01" v="2513250000"/>
        <price t="2016-03-02" v="2518750000"/>
        <price t="2016-03-03" v="2537500000"/>
        <price t="2016-03-04" v="2575250000"/>
        <price t="2016-03-07" v="2546750000"/>
        <price t="2016-03-08" v="2525750000"/>
        <price t="2016-03-09" v="2528000000"/>
        <price t="2016-03-10" v="2529250000"/>
        <price t="2016-03-11" v="2556500000"/>
        <price t="2016-03-14" v="2563000000"/>
        <price t="2016-03-15" v="2614500000"/>
        <price t="2016-03-16" v="2649250000"/>
        <price t="2016-03-17" v="2645000000"/>
        <price t="2016-03-18" v="2648000000"/>
        <price t="2016-03-21" v="2647750000"/>
        <price t="2016-03-22" v="2668000000"/>
        <price t="2016-03-23" v="2653250000"/>
        <price t="2016-03-24" v="2641750000"/>
        <price t="2016-03-28" v="2629750000"/>
        <price t="2016-03-29" v="2692000000"/>
        <price t="2016-03-30" v="2739000000"/>
        <price t="2016-03-31" v="2724750000"/>
        <price t="2016-04-01" v="2749750000"/>
        <price t="2016-04-04" v="2778000000"/>
        <price t="2016-04-05" v="2745250000"/>
        <price t="2016-04-06" v="2774000000"/>
        <price t="2016-04-07" v="2713500000"/>
        <price t="2016-04-08" v="2716500000"/>
        <price t="2016-04-11" v="2725500000"/>
        <price t="2016-04-12" v="2761000000"/>
        <price t="2016-04-13" v="2801000000"/>
        <price t="2016-04-14" v="2802500000"/>
        <price t="2016-04-15" v="2746250000"/>
        <price t="2016-04-18" v="2687000000"/>
        <price t="2016-04-19" v="2672750000"/>
        <price t="2016-04-20" v="2678250000"/>
        <price t="2016-04-21" v="2649250000"/>
        <price t="2016-04-22" v="2642000000"/>
        <price t="2016-04-25" v="2627000000"/>
        <price t="2016-04-26" v="2608750000"/>
        <price t="2016-04-27" v="2445500000"/>
        <price t="2016-04-28" v="2370750000"/>
        <price t="2016-04-29" v="2343500000"/>
        <price t="2016-05-02" v="2341000000"/>
        <price t="2016-05-03" v="2379500000"/>
        <price t="2016-05-04" v="2354750000"/>
        <price t="2016-05-05" v="2331000000"/>
        <price t="2016-05-06" v="2318000000"/>
        <price t="2016-05-09" v="2319750000"/>
        <price t="2016-05-10" v="2335500000"/>
        <price t="2016-05-11" v="2312750000"/>
        <price t="2016-05-12" v="2258500000"/>
        <price t="2016-05-13" v="2263000000"/>
        <price t="2016-05-16" v="2347000000"/>
        <price t="2016-05-17" v="2337250000"/>
        <price t="2016-05-18" v="2364000000"/>
        <price t="2016-05-19" v="2355000000"/>
        <price t="2016-05-20" v="2380500000"/>
        <price t="2016-05-23" v="2410750000"/>
        <price t="2016-05-24" v="2447500000"/>
        <price t="2016-05-25" v="2490500000"/>
        <price t="2016-05-26" v="2510250000"/>
        <price t="2016-05-27" v="2508750000"/>
        <price t="2016-05-31" v="2496500000"/>
        <price t="2016-06-01" v="2461500000"/>
        <price t="2016-06-02" v="2443000000"/>
        <price t="2016-06-03" v="2448000000"/>
        <price t="2016-06-06" v="2465750000"/>
        <price t="2016-06-07" v="2475750000"/>
        <price t="2016-06-08" v="2473500000"/>
        <price t="2016-06-09" v="2491250000"/>
        <price t="2016-06-10" v="2470750000"/>
        <price t="2016-06-13" v="2433500000"/>
        <price t="2016-06-14" v="2436500000"/>
        <price t="2016-06-15" v="2428500000"/>
        <price t="2016-06-16" v="2438750000"/>
        <price t="2016-06-17" v="2383250000"/>
        <price t="2016-06-20" v="2377500000"/>
        <price t="2016-06-21" v="2397750000"/>
        <price t="2016-06-22" v="2388750000"/>
        <price t="2016-06-23" v="2402500000"/>
        <price t="2016-06-24" v="2335000000"/>
        <price t="2016-06-27" v="2301000000"/>
        <price t="2016-06-28" v="2339750000"/>
        <price t="2016-06-29" v="2360000000"/>
        <price t="2016-06-30" v="2390000000"/>
        <price t="2016-07-01" v="2397250000"/>
        <price t="2016-07-05" v="2374750000"/>
        <price t="2016-07-06" v="2388250000"/>
        <price t="2016-07-07" v="2398500000"/>
        <price t="2016-07-08" v="2417000000"/>
        <price t="2016-07-11" v="2424500000"/>
        <price t="2016-07-12" v="2435500000"/>
        <price t="2016-07-13" v="2421750000"/>
        <price t="2016-07-14" v="2469750000"/>
        <price t="2016-07-15" v="2469500000"/>
        <price t="2016-07-18" v="2495750000"/>
        <price t="2016-07-19" v="2496750000"/>
        <price t="2016-07-20" v="2499000000"/>
        <price t="2016-07-21" v="2485750000"/>
        <price t="2016-07-22" v="2466500000"/>
        <price t="2016-07-25" v="2433500000"/>
        <price t="2016-07-26" v="2416750000"/>
        <price t="2016-07-27" v="2573750000"/>
        <price t="2016-07-28" v="2608500000"/>
        <price t="2016-07-29" v="2605250000"/>
        <price t="2016-08-01" v="2651250000"/>
        <price t="2016-08-02" v="2612000000"/>
        <price t="2016-08-03" v="2644750000"/>
        <price t="2016-08-04" v="2646750000"/>
        <price t="2016-08-05" v="2687000000"/>
        <price t="2016-08-08" v="2709250000"/>
        <price t="2016-08-09" v="2720250000"/>
        <price t="2016-08-10" v="2700000000"/>
        <price t="2016-08-11" v="2698250000"/>
        <price t="2016-08-12" v="2704500000"/>
        <price t="2016-08-15" v="2737000000"/>
        <price t="2016-08-16" v="2734500000"/>
        <price t="2016-08-17" v="2730500000"/>
        <price t="2016-08-18" v="2727000000"/>
        <price t="2016-08-19" v="2734000000"/>
        <price t="2016-08-22" v="2712750000"/>
        <price t="2016-08-23" v="2721250000"/>
        <price t="2016-08-24" v="2700750000"/>
        <price t="2016-08-25" v="2689250000"/>
        <price t="2016-08-26" v="2673500000"/>
        <price t="2016-08-29" v="2670500000"/>
        <price t="2016-08-30" v="2650000000"/>
        <price t="2016-08-31" v="2652500000"/>
        <price t="2016-09-01" v="2668250000"/>
        <price t="2016-09-02" v="2693250000"/>
        <price t="2016-09-06" v="2692500000"/>
        <price t="2016-09-07" v="2709000000"/>
        <price t="2016-09-08" v="2638000000"/>
        <price t="2016-09-09" v="2578250000"/>
        <price t="2016-09-12" v="2636000000"/>
        <price t="2016-09-13" v="2698750000"/>
        <price t="2016-09-14" v="2794250000"/>
        <price t="2016-09-15" v="2889250000"/>
        <price t="2016-09-16" v="2873000000"/>
        <price t="2016-09-19" v="2839500000"/>
        <price t="2016-09-20" v="2839250000"/>
        <price t="2016-09-21" v="2838750000"/>
        <price t="2016-09-22" v="2865500000"/>
        <price t="2016-09-23" v="2817750000"/>
        <price t="2016-09-26" v="2822000000"/>
        <price t="2016-09-27" v="2827250000"/>
        <price t="2016-09-28" v="2848750000"/>
        <price t="2016-09-29" v="2804500000"/>
        <price t="2016-09-30" v="2826250000"/>
        <price t="2016-10-03" v="2813000000"/>
        <price t="2016-10-04" v="2825000000"/>
        <price t="2016-10-05" v="2826250000"/>
        <price t="2016-10-06" v="2847250000"/>
        <price t="2016-10-07" v="2851500000"/>
        <price t="2016-10-10" v="2901250000"/>
        <price t="2016-10-11" v="2907500000"/>
        <price t="2016-10-12" v="2933500000"/>
        <price t="2016-10-13" v="2924500000"/>
        <price t="2016-10-14" v="2940750000"/>
        <price t="2016-10-17" v="2938750000"/>
        <price t="2016-10-18" v="2936750000"/>
        <price t="2016-10-19" v="2928000000"/>
        <price t="2016-10-20" v="2926500000"/>
        <price t="2016-10-21" v="2915000000"/>
        <price t="2016-10-24" v="2941250000"/>
        <price t="2016-10-25" v="2956250000"/>
        <price t="2016-10-26" v="2889750000"/>
        <price t="2016-10-27" v="2862000000"/>
        <price t="2016-10-28" v="2843000000"/>
        <price t="2016-10-31" v="2838500000"/>
        <price t="2016-11-01" v="2787250000"/>
        <price t="2016-11-02" v="2789750000"/>
        <price t="2016-11-03" v="2745750000"/>
        <price t="2016-11-04" v="2721000000"/>
        <price t="2016-11-07" v="2760250000"/>
        <price t="2016-11-08" v="2776500000"/>
        <price t="2016-11-09" v="2772000000"/>
        <price t="2016-11-10" v="2694750000"/>
        <price t="2016-11-11" v="2710750000"/>
        <price t="2016-11-14" v="2642750000"/>
        <price t="2016-11-15" v="2677750000"/>
        <price t="2016-11-16" v="2749750000"/>
        <price t="2016-11-17" v="2748750000"/>
        <price t="2016-11-18" v="2751500000"/>
        <price t="2016-11-21" v="2793250000"/>
        <price t="2016-11-22" v="2795000000"/>
        <price t="2016-11-23" v="2780750000"/>
        <price t="2016-11-25" v="2794750000"/>
        <price t="2016-11-28" v="2789250000"/>
        <price t="2016-11-29" v="2786500000"/>
        <price t="2016-11-30" v="2763000000"/>
        <price t="2016-12-01" v="2737250000"/>
        <price t="2016-12-02" v="2747500000"/>
        <price t="2016-12-05" v="2727750000"/>
        <price t="2016-12-06" v="2748750000"/>
        <price t="2016-12-07" v="2775750000"/>
        <price t="2016-12-08" v="2803000000"/>
        <price t="2016-12-09" v="2848750000"/>
        <price t="2016-12-12" v="2832500000"/>
        <price t="2016-12-13" v="2879750000"/>
        <price t="2016-12-14" v="2879750000"/>
        <price t="2016-12-15" v="2895500000"/>
        <price t="2016-12-16" v="2899250000"/>
        <price t="2016-12-19" v="2916000000"/>
        <price t="2016-12-20" v="2923750000"/>
        <price t="2016-12-21" v="2926500000"/>
        <price t="2016-12-22" v="2907250000"/>
        <price t="2016-12-23" v="2913000000"/>
        <price t="2016-12-27" v="2931500000"/>
        <price t="2016-12-28" v="2919000000"/>
        <price t="2016-12-29" v="2918250000"/>
        <price t="2016-12-30" v="2895500000"/>
        <price t="2017-01-03" v="2903750000"/>
        <price t="2017-01-04" v="2900500000"/>
        <price t="2017-01-05" v="2915250000"/>
        <price t="2017-01-06" v="2947750000"/>
        <price t="2017-01-09" v="2974750000"/>
        <price t="2017-01-10" v="2977750000"/>
        <price t="2017-01-11" v="2993750000"/>
        <price t="2017-01-12" v="2981250000"/>
        <price t="2017-01-13" v="2976000000"/>
        <price t="2017-01-17" v="3000000000"/>
        <price t="2017-01-18" v="2999750000"/>
        <price t="2017-01-19" v="2994500000"/>
        <price t="2017-01-20" v="3000000000"/>
        <price t="2017-01-23" v="3002000000"/>
        <price t="2017-01-24" v="2999250000"/>
        <price t="2017-01-25" v="3047000000"/>
        <price t="2017-01-26" v="3048500000"/>
        <price t="2017-01-27" v="3048750000"/>
        <price t="2017-01-30" v="3040750000"/>
        <price t="2017-01-31" v="3033750000"/>
        <price t="2017-02-01" v="3218750000"/>
        <price t="2017-02-02" v="3213250000"/>
        <price t="2017-02-03" v="3227000000"/>
        <price t="2017-02-06" v="3257250000"/>
        <price t="2017-02-07" v="3288250000"/>
        <price t="2017-02-08" v="3301000000"/>
        <price t="2017-02-09" v="3310500000"/>
        <price t="2017-02-10" v="3303000000"/>
        <price t="2017-02-13" v="3332250000"/>
        <price t="2017-02-14" v="3375500000"/>
        <price t="2017-02-15" v="3387750000"/>
        <price t="2017-02-16" v="3383750000"/>
        <price t="2017-02-17" v="3393000000"/>
        <price t="2017-02-21" v="3417500000"/>
        <price t="2017-02-22" v="3427750000"/>
        <price t="2017-02-23" v="3413250000"/>
        <price t="2017-02-24" v="3416500000"/>
        <price t="2017-02-27" v="3423250000"/>
        <price t="2017-02-28" v="3424750000"/>
        <price t="2017-03-01" v="3494750000"/>
        <price t="2017-03-02" v="3474000000"/>
        <price t="2017-03-03" v="3494500000"/>
        <price t="2017-03-06" v="3483500000"/>
        <price t="2017-03-07" v="3488000000"/>
        <price t="2017-03-08" v="3475000000"/>
        <price t="2017-03-09" v="3467000000"/>
        <price t="2017-03-10" v="3478500000"/>
        <price t="2017-03-13" v="3480000000"/>
        <price t="2017-03-14" v="3474750000"/>
        <price t="2017-03-15" v="3511500000"/>
        <price t="2017-03-16" v="3517250000"/>
        <price t="2017-03-17" v="3499750000"/>
        <price t="2017-03-20" v="3536500000"/>
        <price t="2017-03-21" v="3496000000"/>
        <price t="2017-03-22" v="3535500000"/>
        <price t="2017-03-23" v="3523000000"/>
        <price t="2017-03-24" v="3516000000"/>
        <price t="2017-03-27" v="3522000000"/>
        <price t="2017-03-28" v="3595000000"/>
        <price t="2017-03-29" v="3603000000"/>
        <price t="2017-03-30" v="3598250000"/>
        <price t="2017-03-31" v="3591500000"/>
        <price t="2017-04-03" v="3592500000"/>
        <price t="2017-04-04" v="3619250000"/>
        <price t="2017-04-05" v="3600500000"/>
        <price t="2017-04-06" v="3591500000"/>
        <price t="2017-04-07" v="3583500000"/>
        <price t="2017-04-10" v="3579250000"/>
        <price t="2017-04-11" v="3540750000"/>
        <price t="2017-04-12" v="3545000000"/>
        <price t="2017-04-13" v="3526250000"/>
        <price t="2017-04-17" v="3545750000"/>
        <price t="2017-04-18" v="3530000000"/>
        <price t="2017-04-19" v="3517000000"/>
        <price t="2017-04-20" v="3561000000"/>
        <price t="2017-04-21" v="3556750000"/>
        <price t="2017-04-24" v="3591000000"/>
        <price t="2017-04-25" v="3613250000"/>
        <price t="2017-04-26" v="3592000000"/>
        <price t="2017-04-27" v="3594750000"/>
        <price t="2017-04-28" v="3591250000"/>
        <price t="2017-05-01" v="3664500000"/>
        <price t="2017-05-02" v="3687750000"/>
        <price t="2017-05-03" v="3676500000"/>
        <price t="2017-05-04" v="3663250000"/>
        <price t="2017-05-05" v="3724000000"/>
        <price t="2017-05-08" v="3825250000"/>
        <price t="2017-05-09" v="3849750000"/>
        <price t="2017-05-10" v="3831500000"/>
        <price t="2017-05-11" v="3848750000"/>
        <price t="2017-05-12" v="3902500000"/>
        <price t="2017-05-15" v="3892500000"/>
        <price t="2017-05-16" v="3886750000"/>
        <price t="2017-05-17" v="3756250000"/>
        <price t="2017-05-18" v="3813500000"/>
        <price t="2017-05-19" v="3826500000"/>
        <price t="2017-05-22" v="3849750000"/>
        <price t="2017-05-23" v="3845000000"/>
        <price t="2017-05-24" v="3833500000"/>
        <price t="2017-05-25" v="3846750000"/>
        <price t="2017-05-26" v="3840250000"/>
        <price t="2017-05-30" v="3841750000"/>
        <price t="2017-05-31" v="3819000000"/>
        <price t="2017-06-01" v="3829500000"/>
        <price t="2017-06-02" v="3886250000"/>
        <price t="2017-06-05" v="3848250000"/>
        <price t="2017-06-06" v="3861250000"/>
        <price t="2017-06-07" v="3884250000"/>
        <price t="2017-06-08" v="3874750000"/>
        <price t="2017-06-09" v="3724500000"/>
        <price t="2017-06-12" v="3635500000"/>
        <price t="2017-06-13" v="3664750000"/>
        <price t="2017-06-14" v="3629000000"/>
        <price t="2017-06-15" v="3607250000"/>
        <price t="2017-06-16" v="3556750000"/>
        <price t="2017-06-19" v="3658500000"/>
        <price t="2017-06-20" v="3625250000"/>
        <price t="2017-06-21" v="3646750000"/>
        <price t="2017-06-22" v="3640750000"/>
        <price t="2017-06-23" v="3657000000"/>
        <price t="2017-06-26" v="3645500000"/>
        <price t="2017-06-27" v="3593250000"/>
        <price t="2017-06-28" v="3645750000"/>
        <price t="2017-06-29" v="3592000000"/>
        <price t="2017-06-30" v="3600500000"/>
        <price t="2017-07-03" v="3587500000"/>
        <price t="2017-07-05" v="3602250000"/>
        <price t="2017-07-06" v="3568250000"/>
        <price t="2017-07-07" v="3604500000"/>
        <price t="2017-07-10" v="3626500000"/>
        <price t="2017-07-11" v="3638250000"/>
        <price t="2017-07-12" v="3643500000"/>
        <price t="2017-07-13" v="3694250000"/>
        <price t="2017-07-14" v="3726000000"/>
        <price t="2017-07-17" v="3739000000"/>
        <price t="2017-07-18" v="3752000000"/>
        <price t="2017-07-19" v="3775500000"/>
        <price t="2017-07-20" v="3758500000"/>
        <price t="2017-07-21" v="3756750000"/>
        <price t="2017-07-24" v="3802250000"/>
        <price t="2017-07-25" v="3818500000"/>
        <price t="2017-07-26" v="3836500000"/>
        <price t="2017-07-27" v="3764000000"/>
        <price t="2017-07-28" v="3737500000"/>
        <price t="2017-07-31" v="3718250000"/>
        <price t="2017-08-01" v="3751250000"/>
        <price t="2017-08-02" v="3928500000"/>
        <price t="2017-08-03" v="3889250000"/>
        <price t="2017-08-04" v="3909750000"/>
        <price t="2017-08-07" v="3970250000"/>
        <price t="2017-08-08" v="4002000000"/>
        <price t="2017-08-09" v="4026500000"/>
        <price t="2017-08-10" v="3883000000"/>
        <price t="2017-08-11" v="3937000000"/>
        <price t="2017-08-14" v="3996250000"/>
        <price t="2017-08-15" v="4040000000"/>
        <price t="2017-08-16" v="4023750000"/>
        <price t="2017-08-17" v="3946500000"/>
        <price t="2017-08-18" v="3937500000"/>
        <price t="2017-08-21" v="3930250000"/>
        <price t="2017-08-22" v="3994500000"/>
        <price t="2017-08-23" v="3999500000"/>
        <price t="2017-08-24" v="3981750000"/>
        <price t="2017-08-25" v="3996500000"/>
        <price t="2017-08-28" v="4036750000"/>
        <price t="2017-08-29" v="4072750000"/>
        <price t="2017-08-30" v="4083750000"/>
        <price t="2017-08-31" v="4100000000"/>
        <price t="2017-09-01" v="4101250000"/>
        <price t="2017-09-05" v="4052000000"/>
        <price t="2017-09-06" v="4047750000"/>
        <price t="2017-09-07" v="4031500000"/>
        <price t="2017-09-08" v="3965750000"/>
        <price t="2017-09-11" v="4037500000"/>
        <price t="2017-09-12" v="4021500000"/>
        <price t="2017-09-13" v="3991250000"/>
        <price t="2017-09-14" v="3957000000"/>
        <price t="2017-09-15" v="3997000000"/>
        <price t="2017-09-18" v="3966750000"/>
        <price t="2017-09-19" v="3968250000"/>
        <price t="2017-09-20" v="3901750000"/>
        <price t="2017-09-21" v="3834750000"/>
        <price t="2017-09-22" v="3797250000"/>
        <price t="2017-09-25" v="3763750000"/>
        <price t="2017-09-26" v="3828500000"/>
        <price t="2017-09-27" v="3855750000"/>
        <price t="2017-09-28" v="3832000000"/>
        <price t="2017-09-29" v="3853000000"/>
        <price t="2017-10-02" v="3845250000"/>
        <price t="2017-10-03" v="3862000000"/>
        <price t="2017-10-04" v="3837000000"/>
        <price t="2017-10-05" v="3884750000"/>
        <price t="2017-10-06" v="3882500000"/>
        <price t="2017-10-09" v="3896000000"/>
        <price t="2017-10-10" v="3897500000"/>
        <price t="2017-10-11" v="3913750000"/>
        <price t="2017-10-12" v="3900000000"/>
        <price t="2017-10-13" v="3924750000"/>
        <price t="2017-10-16" v="3997000000"/>
        <price t="2017-10-17" v="4011750000"/>
        <price t="2017-10-18" v="3994000000"/>
        <price t="2017-10-19" v="3899500000"/>
        <price t="2017-10-20" v="3906250000"/>
        <price t="2017-10-23" v="3904250000"/>
        <price t="2017-10-24" v="3927500000"/>
        <price t="2017-10-25" v="3910250000"/>
        <price t="2017-10-26" v="3935250000"/>
        <price t="2017-10-27" v="4076250000"/>
        <price t="2017-10-30" v="4168000000"/>
        <price t="2017-10-31" v="4226000000"/>
        <price t="2017-11-01" v="4172250000"/>
        <price t="2017-11-02" v="4202750000"/>
        <price t="2017-11-03" v="4312500000"/>
        <price t="2017-11-06" v="4356250000"/>
        <price t="2017-11-07" v="4370250000"/>
        <price t="2017-11-08" v="4406000000"/>
        <price t="2017-11-09" v="4397000000"/>
        <price t="2017-11-10" v="4366750000"/>
        <price t="2017-11-13" v="4349250000"/>
        <price t="2017-11-14" v="4283500000"/>
        <price t="2017-11-15" v="4227000000"/>
        <price t="2017-11-16" v="4277500000"/>
        <price t="2017-11-17" v="4253750000"/>
        <price t="2017-11-20" v="4249500000"/>
        <price t="2017-11-21" v="4328500000"/>
        <price t="2017-11-22" v="4374000000"/>
        <price t="2017-11-24" v="4374250000"/>
        <price t="2017-11-27" v="4352250000"/>
        <price t="2017-11-28" v="4326750000"/>
        <price t="2017-11-29" v="4237000000"/>
        <price t="2017-11-30" v="4296250000"/>
        <price t="2017-12-01" v="4276250000"/>
        <price t="2017-12-04" v="4245000000"/>
        <price t="2017-12-05" v="4241000000"/>
        <price t="2017-12-06" v="4225250000"/>
        <price t="2017-12-07" v="4233000000"/>
        <price t="2017-12-08" v="4234250000"/>
        <price t="2017-12-11" v="4316750000"/>
        <price t="2017-12-12" v="4292500000"/>
        <price t="2017-12-13" v="4306750000"/>
        <price t="2017-12-14" v="4305500000"/>
        <price t="2017-12-15" v="4349250000"/>
        <price t="2017-12-18" v="4410500000"/>
        <price t="2017-12-19" v="4363500000"/>
        <price t="2017-12-20" v="4358750000"/>
        <price t="2017-12-21" v="4375250000"/>
        <price t="2017-12-22" v="4375250000"/>
        <price t="2017-12-26" v="4264250000"/>
        <price t="2017-12-27" v="4265000000"/>
        <price t="2017-12-28" v="4277000000"/>
        <price t="2017-12-29" v="4230750000"/>
        <price t="2018-01-02" v="4306500000"/>
        <price t="2018-01-03" v="4305750000"/>
        <price t="2018-01-04" v="4325750000"/>
        <price t="2018-01-05" v="4375000000"/>
        <price t="2018-01-08" v="4358750000"/>
        <price t="2018-01-09" v="4358250000"/>
        <price t="2018-01-10" v="4357250000"/>
        <price t="2018-01-11" v="4382000000"/>
        <price t="2018-01-12" v="4427250000"/>
        <price t="2018-01-16" v="4404750000"/>
        <price t="2018-01-17" v="4477500000"/>
        <price t="2018-01-18" v="4481500000"/>
        <price t="2018-01-19" v="4461500000"/>
        <price t="2018-01-22" v="4425000000"/>
        <price t="2018-01-23" v="4426000000"/>
        <price t="2018-01-24" v="4355500000"/>
        <price t="2018-01-25" v="4277750000"/>
        <price t="2018-01-26" v="4287750000"/>
        <price t="2018-01-29" v="4199000000"/>
        <price t="2018-01-30" v="4174250000"/>
        <price t="2018-01-31" v="4185750000"/>
        <price t="2018-02-01" v="4194500000"/>
        <price t="2018-02-02" v="4012500000"/>
        <price t="2018-02-05" v="3912250000"/>
        <price t="2018-02-06" v="4075750000"/>
        <price t="2018-02-07" v="3988500000"/>
        <price t="2018-02-08" v="3878750000"/>
        <price t="2018-02-09" v="3910250000"/>
        <price t="2018-02-12" v="4067750000"/>
        <price t="2018-02-13" v="4108500000"/>
        <price t="2018-02-14" v="4184250000"/>
        <price t="2018-02-15" v="4324750000"/>
        <price t="2018-02-16" v="4310750000"/>
        <price t="2018-02-20" v="4296250000"/>
        <price t="2018-02-21" v="4276750000"/>
        <price t="2018-02-22" v="4312500000"/>
        <price t="2018-02-23" v="4387500000"/>
        <price t="2018-02-26" v="4474250000"/>
        <price t="2018-02-27" v="4459750000"/>
        <price t="2018-02-28" v="4453000000"/>
        <price t="2018-03-01" v="4375000000"/>
        <price t="2018-03-02" v="4405250000"/>
        <price t="2018-03-05" v="4420500000"/>
        <price t="2018-03-06" v="4416750000"/>
        <price t="2018-03-07" v="4375750000"/>
        <price t="2018-03-08" v="4423500000"/>
        <price t="2018-03-09" v="4499500000"/>
        <price t="2018-03-12" v="4543000000"/>
        <price t="2018-03-13" v="4499250000"/>
        <price t="2018-03-14" v="4461000000"/>
        <price t="2018-03-15" v="4466250000"/>
        <price t="2018-03-16" v="4450500000"/>
        <price t="2018-03-19" v="4382500000"/>
        <price t="2018-03-20" v="4381000000"/>
        <price t="2018-03-21" v="4281750000"/>
        <price t="2018-03-22" v="4221250000"/>
        <price t="2018-03-23" v="4123500000"/>
        <price t="2018-03-26" v="4319250000"/>
        <price t="2018-03-27" v="4208500000"/>
        <price t="2018-03-28" v="4162000000"/>
        <price t="2018-03-29" v="4194500000"/>
        <price t="2018-04-02" v="4167000000"/>
        <price t="2018-04-03" v="4209750000"/>
        <price t="2018-04-04" v="4290250000"/>
        <price t="2018-04-05" v="4320000000"/>
        <price t="2018-04-06" v="4209500000"/>
        <price t="2018-04-09" v="4251250000"/>
        <price t="2018-04-10" v="4331250000"/>
        <price t="2018-04-11" v="4311000000"/>
        <price t="2018-04-12" v="4353500000"/>
        <price t="2018-04-13" v="4368250000"/>
        <price t="2018-04-16" v="4395500000"/>
        <price t="2018-04-17" v="4456000000"/>
        <price t="2018-04-18" v="4446000000"/>
        <price t="2018-04-19" v="4320000000"/>
        <price t="2018-04-20" v="4143000000"/>
        <price t="2018-04-23" v="4131000000"/>
        <price t="2018-04-24" v="4073500000"/>
        <price t="2018-04-25" v="4091250000"/>
        <price t="2018-04-26" v="4105500000"/>
        <price t="2018-04-27" v="4058000000"/>
        <price t="2018-04-30" v="4131500000"/>
        <price t="2018-05-01" v="4227500000"/>
        <price t="2018-05-02" v="4414250000"/>
        <price t="2018-05-03" v="4422250000"/>
        <price t="2018-05-04" v="4595750000"/>
        <price t="2018-05-07" v="4629000000"/>
        <price t="2018-05-08" v="4651250000"/>
        <price t="2018-05-09" v="4684000000"/>
        <price t="2018-05-10" v="4751000000"/>
        <price t="2018-05-11" v="4714750000"/>
        <price t="2018-05-14" v="4703750000"/>
        <price t="2018-05-15" v="4661000000"/>
        <price t="2018-05-16" v="4704500000"/>
        <price t="2018-05-17" v="4674750000"/>
        <price t="2018-05-18" v="4657750000"/>
        <price t="2018-05-21" v="4690750000"/>
        <price t="2018-05-22" v="4679000000"/>
        <price t="2018-05-23" v="4709000000"/>
        <price t="2018-05-24" v="4703750000"/>
        <price t="2018-05-25" v="4714500000"/>
        <price t="2018-05-29" v="4697500000"/>
        <price t="2018-05-30" v="4687500000"/>
        <price t="2018-05-31" v="4671750000"/>
        <price t="2018-06-01" v="4756000000"/>
        <price t="2018-06-04" v="4795750000"/>
        <price t="2018-06-05" v="4832750000"/>
        <price t="2018-06-06" v="4849500000"/>
        <price t="2018-06-07" v="4836500000"/>
        <price t="2018-06-08" v="4792500000"/>
        <price t="2018-06-11" v="4780750000"/>
        <price t="2018-06-12" v="4807000000"/>
        <price t="2018-06-13" v="4767500000"/>
        <price t="2018-06-14" v="4770000000"/>
        <price t="2018-06-15" v="4721000000"/>
        <price t="2018-06-18" v="4718500000"/>
        <price t="2018-06-19" v="4642250000"/>
        <price t="2018-06-20" v="4662500000"/>
        <price t="2018-06-21" v="4636500000"/>
        <price t="2018-06-22" v="4623000000"/>
        <price t="2018-06-25" v="4554250000"/>
        <price t="2018-06-26" v="4610750000"/>
        <price t="2018-06-27" v="4604000000"/>
        <price t="2018-06-28" v="4637500000"/>
        <price t="2018-06-29" v="4627750000"/>
        <price t="2018-07-02" v="4679500000"/>
        <price t="2018-07-03" v="4598000000"/>
        <price t="2018-07-05" v="4635000000"/>
        <price t="2018-07-06" v="4699250000"/>
        <price t="2018-07-09" v="4764500000"/>
        <price t="2018-07-10" v="4758750000"/>
        <price t="2018-07-11" v="4697000000"/>
        <price t="2018-07-12" v="4775750000"/>
        <price t="2018-07-13" v="4783250000"/>
        <price t="2018-07-16" v="4772750000"/>
        <price t="2018-07-17" v="4786250000"/>
        <price t="2018-07-18" v="4760000000"/>
        <price t="2018-07-19" v="4797000000"/>
        <price t="2018-07-20" v="4786000000"/>
        <price t="2018-07-23" v="4790250000"/>
        <price t="2018-07-24" v="4825000000"/>
        <price t="2018-07-25" v="4870500000"/>
        <price t="2018-07-26" v="4855250000"/>
        <price t="2018-07-27" v="4774500000"/>
        <price t="2018-07-30" v="4747750000"/>
        <price t="2018-07-31" v="4757250000"/>
        <price t="2018-08-01" v="5037500000"/>
        <price t="2018-08-02" v="5184750000"/>
        <price t="2018-08-03" v="5199750000"/>
        <price t="2018-08-06" v="5226750000"/>
        <price t="2018-08-07" v="5177750000"/>
        <price t="2018-08-08" v="5181250000"/>
        <price t="2018-08-09" v="5222000000"/>
        <price t="2018-08-10" v="5188250000"/>
        <price t="2018-08-13" v="5221750000"/>
        <price t="2018-08-14" v="5243750000"/>
        <price t="2018-08-15" v="5256000000"/>
        <price t="2018-08-16" v="5333000000"/>
        <price t="2018-08-17" v="5439500000"/>
        <price t="2018-08-20" v="5386500000"/>
        <price t="2018-08-21" v="5376000000"/>
        <price t="2018-08-22" v="5376250000"/>
        <price t="2018-08-23" v="5387250000"/>
        <price t="2018-08-24" v="5404000000"/>
        <price t="2018-08-27" v="5448500000"/>
        <price t="2018-08-28" v="5492500000"/>
        <price t="2018-08-29" v="5574500000"/>
        <price t="2018-08-30" v="5625750000"/>
        <price t="2018-08-31" v="5690750000"/>
        <price t="2018-09-04" v="5709000000"/>
        <price t="2018-09-05" v="5671750000"/>
        <price t="2018-09-06" v="5577500000"/>
        <price t="2018-09-07" v="5532500000"/>
        <price t="2018-09-10" v="5458250000"/>
        <price t="2018-09-11" v="5596250000"/>
        <price t="2018-09-12" v="5526750000"/>
        <price t="2018-09-13" v="5660250000"/>
        <price t="2018-09-14" v="5596000000"/>
        <price t="2018-09-17" v="5447000000"/>
        <price t="2018-09-18" v="5456000000"/>
        <price t="2018-09-19" v="5459250000"/>
        <price t="2018-09-20" v="5500750000"/>
        <price t="2018-09-21" v="5441500000"/>
        <price t="2018-09-24" v="5519750000"/>
        <price t="2018-09-25" v="5554750000"/>
        <price t="2018-09-26" v="5510500000"/>
        <price t="2018-09-27" v="5623750000"/>
        <price t="2018-09-28" v="5643500000"/>
        <price t="2018-10-01" v="5681500000"/>
        <price t="2018-10-02" v="5732000000"/>
        <price t="2018-10-03" v="5801750000"/>
        <price t="2018-10-04" v="5699750000"/>
        <price t="2018-10-05" v="5607250000"/>
        <price t="2018-10-08" v="5594250000"/>
        <price t="2018-10-09" v="5671750000"/>
        <price t="2018-10-10" v="5409000000"/>
        <price t="2018-10-11" v="5361250000"/>
        <price t="2018-10-12" v="5552750000"/>
        <price t="2018-10-15" v="5434000000"/>
        <price t="2018-10-16" v="5553750000"/>
        <price t="2018-10-17" v="5529750000"/>
        <price t="2018-10-18" v="5400500000"/>
        <price t="2018-10-19" v="5482750000"/>
        <price t="2018-10-22" v="5516250000"/>
        <price t="2018-10-23" v="5568250000"/>
        <price t="2018-10-24" v="5377250000"/>
        <price t="2018-10-25" v="5495000000"/>
        <price t="2018-10-26" v="5407500000"/>
        <price t="2018-10-29" v="5306000000"/>
        <price t="2018-10-30" v="5332500000"/>
        <price t="2018-10-31" v="5471500000"/>
        <price t="2018-11-01" v="5555500000"/>
        <price t="2018-11-02" v="5187000000"/>
        <price t="2018-11-05" v="5039750000"/>
        <price t="2018-11-06" v="5094250000"/>
        <price t="2018-11-07" v="5248750000"/>
        <price t="2018-11-08" v="5212250000"/>
        <price t="2018-11-09" v="5111750000"/>
        <price t="2018-11-12" v="4854250000"/>
        <price t="2018-11-13" v="4805750000"/>
        <price t="2018-11-14" v="4670000000"/>
        <price t="2018-11-15" v="4785250000"/>
        <price t="2018-11-16" v="4838250000"/>
        <price t="2018-11-19" v="4646500000"/>
        <price t="2018-11-20" v="4424500000"/>
        <price t="2018-11-21" v="4419500000"/>
        <price t="2018-11-23" v="4307250000"/>
        <price t="2018-11-26" v="4365500000"/>
        <price t="2018-11-27" v="4356000000"/>
        <price t="2018-11-28" v="4523500000"/>
        <price t="2018-11-29" v="4488750000"/>
        <price t="2018-11-30" v="4464500000"/>
        <price t="2018-12-03" v="4620500000"/>
        <price t="2018-12-04" v="4417250000"/>
        <price t="2018-12-06" v="4368000000"/>
        <price t="2018-12-07" v="4212250000"/>
        <price t="2018-12-10" v="4240000000"/>
        <price t="2018-12-11" v="4215750000"/>
        <price t="2018-12-12" v="4227500000"/>
        <price t="2018-12-13" v="4273750000"/>
        <price t="2018-12-14" v="4137000000"/>
        <price t="2018-12-17" v="4098500000"/>
        <price t="2018-12-18" v="4151750000"/>
        <price t="2018-12-19" v="4022250000"/>
        <price t="2018-12-20" v="3920750000"/>
        <price t="2018-12-21" v="3768250000"/>
        <price t="2018-12-24" v="3670750000"/>
        <price t="2018-12-26" v="3929250000"/>
        <price t="2018-12-27" v="3903750000"/>
        <price t="2018-12-28" v="3905750000"/>
        <price t="2018-12-31" v="3943500000"/>
        <price t="2019-01-02" v="3948000000"/>
        <price t="2019-01-03" v="3554750000"/>
        <price t="2019-01-04" v="3706500000"/>
        <price t="2019-01-07" v="3698250000"/>
        <price t="2019-01-08" v="3768750000"/>
        <price t="2019-01-09" v="3832750000"/>
        <price t="2019-01-10" v="3845000000"/>
        <price t="2019-01-11" v="3807250000"/>
        <price t="2019-01-14" v="3750000000"/>
        <price t="2019-01-15" v="3826750000"/>
        <price t="2019-01-16" v="3873500000"/>
        <price t="2019-01-17" v="3896500000"/>
        <price t="2019-01-18" v="3920500000"/>
        <price t="2019-01-22" v="3832500000"/>
        <price t="2019-01-23" v="3848000000"/>
        <price t="2019-01-24" v="3817500000"/>
        <price t="2019-01-25" v="3944000000"/>
        <price t="2019-01-28" v="3907500000"/>
        <price t="2019-01-29" v="3867000000"/>
        <price t="2019-01-30" v="4131250000"/>
        <price t="2019-01-31" v="4161000000"/>
        <price t="2019-02-01" v="4163000000"/>
        <price t="2019-02-04" v="4281250000"/>
        <price t="2019-02-05" v="4354500000"/>
        <price t="2019-02-06" v="4356000000"/>
        <price t="2019-02-07" v="4273500000"/>
        <price t="2019-02-08" v="4260250000"/>
        <price t="2019-02-11" v="4235750000"/>
        <price t="2019-02-12" v="4272250000"/>
        <price t="2019-02-13" v="4254500000"/>
        <price t="2019-02-14" v="4270000000"/>
        <price t="2019-02-15" v="4260500000"/>
        <price t="2019-02-19" v="4273250000"/>
        <price t="2019-02-20" v="4300750000"/>
        <price t="2019-02-21" v="4276500000"/>
        <price t="2019-02-22" v="4324250000"/>
        <price t="2019-02-25" v="4355750000"/>
        <price t="2019-02-26" v="4358250000"/>
        <price t="2019-02-27" v="4371750000"/>
        <price t="2019-02-28" v="4328750000"/>
        <price t="2019-03-01" v="4374250000"/>
        <price t="2019-03-04" v="4396250000"/>
        <price t="2019-03-05" v="4388250000"/>
        <price t="2019-03-06" v="4363000000"/>
        <price t="2019-03-07" v="4312500000"/>
        <price t="2019-03-08" v="4322750000"/>
        <price t="2019-03-11" v="4472500000"/>
        <price t="2019-03-12" v="4522750000"/>
        <price t="2019-03-13" v="4542750000"/>
        <price t="2019-03-14" v="4593250000"/>
        <price t="2019-03-15" v="4653000000"/>
        <price t="2019-03-18" v="4700500000"/>
        <price t="2019-03-19" v="4663250000"/>
        <price t="2019-03-20" v="4704000000"/>
        <price t="2019-03-21" v="4877250000"/>
        <price t="2019-03-22" v="4776250000"/>
        <price t="2019-03-25" v="4718500000"/>
        <price t="2019-03-26" v="4669750000"/>
        <price t="2019-03-27" v="4711750000"/>
        <price t="2019-03-28" v="4718000000"/>
        <price t="2019-03-29" v="4748750000"/>
        <price t="2019-04-01" v="4781000000"/>
        <price t="2019-04-02" v="4850500000"/>
        <price t="2019-04-03" v="4883750000"/>
        <price t="2019-04-04" v="4892250000"/>
        <price t="2019-04-05" v="4925000000"/>
        <price t="2019-04-08" v="5002500000"/>
        <price t="2019-04-09" v="4987500000"/>
        <price t="2019-04-10" v="5015500000"/>
        <price t="2019-04-11" v="4973750000"/>
        <price t="2019-04-12" v="4971750000"/>
        <price t="2019-04-15" v="4980750000"/>
        <price t="2019-04-16" v="4981250000"/>
        <price t="2019-04-17" v="5078250000"/>
        <price t="2019-04-18" v="5096500000"/>
        <price t="2019-04-22" v="5113250000"/>
        <price t="2019-04-23" v="5187000000"/>
        <price t="2019-04-24" v="5179000000"/>
        <price t="2019-04-25" v="5132000000"/>
        <price t="2019-04-26" v="5107500000"/>
        <price t="2019-04-29" v="5115250000"/>
        <price t="2019-04-30" v="5016750000"/>
        <price t="2019-05-01" v="5263000000"/>
        <price t="2019-05-02" v="5228750000"/>
        <price t="2019-05-03" v="5293750000"/>
        <price t="2019-05-06" v="5212000000"/>
        <price t="2019-05-07" v="5071500000"/>
        <price t="2019-05-08" v="5072500000"/>
        <price t="2019-05-09" v="5018000000"/>
        <price t="2019-05-10" v="4929500000"/>
        <price t="2019-05-13" v="4643000000"/>
        <price t="2019-05-14" v="4716500000"/>
        <price t="2019-05-15" v="4773000000"/>
        <price t="2019-05-16" v="4752000000"/>
        <price t="2019-05-17" v="4725000000"/>
        <price t="2019-05-20" v="4577250000"/>
        <price t="2019-05-21" v="4665000000"/>
        <price t="2019-05-22" v="4569500000"/>
        <price t="2019-05-23" v="4491500000"/>
        <price t="2019-05-24" v="4474250000"/>
        <price t="2019-05-28" v="4455750000"/>
        <price t="2019-05-29" v="4434500000"/>
        <price t="2019-05-30" v="4457500000"/>
        <price t="2019-05-31" v="4376750000"/>
        <price t="2019-06-03" v="4332500000"/>
        <price t="2019-06-04" v="4491000000"/>
        <price t="2019-06-05" v="4563500000"/>
        <price t="2019-06-06" v="4630500000"/>
        <price t="2019-06-07" v="4753750000"/>
        <price t="2019-06-10" v="4814500000"/>
        <price t="2019-06-11" v="4870250000"/>
        <price t="2019-06-12" v="4854750000"/>
        <price t="2019-06-13" v="4853750000"/>
        <price t="2019-06-14" v="4818500000"/>
        <price t="2019-06-17" v="4847250000"/>
        <price t="2019-06-18" v="4961250000"/>
        <price t="2019-06-19" v="4946750000"/>
        <price t="2019-06-20" v="4986500000"/>
        <price t="2019-06-21" v="4969500000"/>
        <price t="2019-06-24" v="4964500000"/>
        <price t="2019-06-25" v="4889250000"/>
        <price t="2019-06-26" v="4995000000"/>
        <price t="2019-06-27" v="4993500000"/>
        <price t="2019-06-28" v="4948000000"/>
        <price t="2019-07-01" v="5038750000"/>
        <price t="2019-07-02" v="5068250000"/>
        <price t="2019-07-03" v="5110250000"/>
        <price t="2019-07-05" v="5105750000"/>
        <price t="2019-07-08" v="5000500000"/>
        <price t="2019-07-09" v="5031000000"/>
        <price t="2019-07-10" v="5080750000"/>
        <price t="2019-07-11" v="5043750000"/>
        <price t="2019-07-12" v="5082500000"/>
        <price t="2019-07-15" v="5130250000"/>
        <price t="2019-07-16" v="5112500000"/>
        <price t="2019-07-17" v="5083750000"/>
        <price t="2019-07-18" v="5141500000"/>
        <price t="2019-07-19" v="5064750000"/>
        <price t="2019-07-22" v="5180500000"/>
        <price t="2019-07-23" v="5221000000"/>
        <price t="2019-07-24" v="5216750000"/>
        <price t="2019-07-25" v="5175500000"/>
        <price t="2019-07-26" v="5193500000"/>
        <price t="2019-07-29" v="5242000000"/>
        <price t="2019-07-30" v="5219500000"/>
        <price t="2019-07-31" v="5326000000"/>
        <price t="2019-08-01" v="5210750000"/>
        <price t="2019-08-02" v="5100500000"/>
        <price t="2019-08-05" v="4833500000"/>
        <price t="2019-08-06" v="4925000000"/>
        <price t="2019-08-07" v="4976000000"/>
        <price t="2019-08-08" v="5085750000"/>
        <price t="2019-08-09" v="5024750000"/>
        <price t="2019-08-12" v="5012000000"/>
        <price t="2019-08-13" v="5224250000"/>
        <price t="2019-08-14" v="5068750000"/>
        <price t="2019-08-15" v="5043500000"/>
        <price t="2019-08-16" v="5162500000"/>
        <price t="2019-08-19" v="5258750000"/>
        <price t="2019-08-20" v="5259000000"/>
        <price t="2019-08-21" v="5316000000"/>
        <price t="2019-08-22" v="5311500000"/>
        <price t="2019-08-23" v="5066000000"/>
        <price t="2019-08-26" v="5162250000"/>
        <price t="2019-08-27" v="5104000000"/>
        <price t="2019-08-28" v="5138250000"/>
        <price t="2019-08-29" v="5225250000"/>
        <price t="2019-08-30" v="5218500000"/>
        <price t="2019-09-03" v="5142500000"/>
        <price t="2019-09-04" v="5229750000"/>
        <price t="2019-09-05" v="5332000000"/>
        <price t="2019-09-06" v="5331500000"/>
        <price t="2019-09-09" v="5354250000"/>
        <price t="2019-09-10" v="5417500000"/>
        <price t="2019-09-11" v="5589750000"/>
        <price t="2019-09-12" v="5577250000"/>
        <price t="2019-09-13" v="5468750000"/>
        <price t="2019-09-16" v="5497500000"/>
        <price t="2019-09-17" v="5517500000"/>
        <price t="2019-09-18" v="5569250000"/>
        <price t="2019-09-19" v="5524000000"/>
        <price t="2019-09-20" v="5443250000"/>
        <price t="2019-09-23" v="5468000000"/>
        <price t="2019-09-24" v="5442000000"/>
        <price t="2019-09-25" v="5525750000"/>
        <price t="2019-09-26" v="5497250000"/>
        <price t="2019-09-27" v="5470500000"/>
        <price t="2019-09-30" v="5599250000"/>
        <price t="2019-10-01" v="5614750000"/>
        <price t="2019-10-02" v="5474000000"/>
        <price t="2019-10-03" v="5520500000"/>
        <price t="2019-10-04" v="5675250000"/>
        <price t="2019-10-07" v="5676500000"/>
        <price t="2019-10-08" v="5610000000"/>
        <price t="2019-10-09" v="5675750000"/>
        <price t="2019-10-10" v="5752250000"/>
        <price t="2019-10-11" v="5905250000"/>
        <price t="2019-10-14" v="5896750000"/>
        <price t="2019-10-15" v="5883000000"/>
        <price t="2019-10-16" v="5859250000"/>
        <price t="2019-10-17" v="5882000000"/>
        <price t="2019-10-18" v="5910250000"/>
        <price t="2019-10-21" v="6012750000"/>
        <price t="2019-10-22" v="5999000000"/>
        <price t="2019-10-23" v="6079500000"/>
        <price t="2019-10-24" v="6089500000"/>
        <price t="2019-10-25" v="6164500000"/>
        <price t="2019-10-28" v="6226250000"/>
        <price t="2019-10-29" v="6082250000"/>
        <price t="2019-10-30" v="6081500000"/>
        <price t="2019-10-31" v="6219000000"/>
        <price t="2019-11-01" v="6395500000"/>
        <price t="2019-11-04" v="6437500000"/>
        <price t="2019-11-05" v="6428250000"/>
        <price t="2019-11-06" v="6431000000"/>
        <price t="2019-11-07" v="6485750000"/>
        <price t="2019-11-08" v="6503500000"/>
        <price t="2019-11-11" v="6555000000"/>
        <price t="2019-11-12" v="6549000000"/>
        <price t="2019-11-13" v="6611750000"/>
        <price t="2019-11-14" v="6566000000"/>
        <price t="2019-11-15" v="6644000000"/>
        <price t="2019-11-18" v="6677500000"/>
        <price t="2019-11-19" v="6657250000"/>
        <price t="2019-11-20" v="6579750000"/>
        <price t="2019-11-21" v="6550250000"/>
        <price t="2019-11-22" v="6544500000"/>
        <price t="2019-11-25" v="6659250000"/>
        <price t="2019-11-26" v="6607250000"/>
        <price t="2019-11-27" v="6696000000"/>
        <price t="2019-11-29" v="6681250000"/>
        <price t="2019-12-02" v="6604000000"/>
        <price t="2019-12-03" v="6486250000"/>
        <price t="2019-12-04" v="6543500000"/>
        <price t="2019-12-05" v="6639500000"/>
        <price t="2019-12-06" v="6767750000"/>
        <price t="2019-12-09" v="6673000000"/>
        <price t="2019-12-10" v="6712000000"/>
        <price t="2019-12-11" v="6769250000"/>
        <price t="2019-12-12" v="6786500000"/>
        <price t="2019-12-13" v="6878750000"/>
        <price t="2019-12-16" v="6996500000"/>
        <price t="2019-12-17" v="7010250000"/>
        <price t="2019-12-18" v="6993500000"/>
        <price t="2019-12-19" v="7000500000"/>
        <price t="2019-12-20" v="6986000000"/>
        <price t="2019-12-23" v="7100000000"/>
        <price t="2019-12-24" v="7106750000"/>
        <price t="2019-12-26" v="7247750000"/>
        <price t="2019-12-27" v="7245000000"/>
        <price t="2019-12-30" v="7288000000"/>
        <price t="2019-12-31" v="7341250000"/>
        <price t="2020-01-02" v="7508750000"/>
        <price t="2020-01-03" v="7435750000"/>
        <price t="2020-01-06" v="7495000000"/>
        <price t="2020-01-07" v="7459750000"/>
        <price t="2020-01-08" v="7579750000"/>
        <price t="2020-01-09" v="7740750000"/>
        <price t="2020-01-10" v="7758250000"/>
        <price t="2020-01-13" v="7924000000"/>
        <price t="2020-01-14" v="7817000000"/>
        <price t="2020-01-15" v="7783500000"/>
        <price t="2020-01-16" v="7881000000"/>
        <price t="2020-01-17" v="7968250000"/>
        <price t="2020-01-21" v="7914250000"/>
        <price t="2020-01-22" v="7942500000"/>
        <price t="2020-01-23" v="7980750000"/>
        <price t="2020-01-24" v="7957750000"/>
        <price t="2020-01-27" v="7723750000"/>
        <price t="2020-01-28" v="7942250000"/>
        <price t="2020-01-29" v="8108500000"/>
        <price t="2020-01-30" v="8096750000"/>
        <price t="2020-01-31" v="7737750000"/>
        <price t="2020-02-03" v="7716500000"/>
        <price t="2020-02-04" v="7971250000"/>
        <price t="2020-02-05" v="8036250000"/>
        <price t="2020-02-06" v="8130250000"/>
        <price t="2020-02-07" v="8000750000"/>
        <price t="2020-02-10" v="8038750000"/>
        <price t="2020-02-11" v="7990250000"/>
        <price t="2020-02-12" v="8180000000"/>
        <price t="2020-02-13" v="8121750000"/>
        <price t="2020-02-14" v="8123750000"/>
        <price t="2020-02-18" v="7975000000"/>
        <price t="2020-02-19" v="8090500000"/>
        <price t="2020-02-20" v="8007500000"/>
        <price t="2020-02-21" v="7826250000"/>
        <price t="2020-02-24" v="7454500000"/>
        <price t="2020-02-25" v="7202000000"/>
        <price t="2020-02-26" v="7316250000"/>
        <price t="2020-02-27" v="6838000000"/>
        <price t="2020-02-28" v="6834000000"/>
        <price t="2020-03-02" v="7470250000"/>
        <price t="2020-03-03" v="7233000000"/>
        <price t="2020-03-04" v="7568500000"/>
        <price t="2020-03-05" v="7323000000"/>
        <price t="2020-03-06" v="7225750000"/>
        <price t="2020-03-09" v="6654250000"/>
        <price t="2020-03-10" v="7133500000"/>
        <price t="2020-03-11" v="6885750000"/>
        <price t="2020-03-12" v="6205750000"/>
        <price t="2020-03-13" v="6949250000"/>
        <price t="2020-03-16" v="6055250000"/>
        <price t="2020-03-17" v="6321500000"/>
        <price t="2020-03-18" v="6166750000"/>
        <price t="2020-03-19" v="6119500000"/>
        <price t="2020-03-20" v="5731000000"/>
        <price t="2020-03-23" v="5609250000"/>
        <price t="2020-03-24" v="6172000000"/>
        <price t="2020-03-25" v="6138000000"/>
        <price t="2020-03-26" v="6461000000"/>
        <price t="2020-03-27" v="6193500000"/>
        <price t="2020-03-30" v="6370250000"/>
        <price t="2020-03-31" v="6357250000"/>
        <price t="2020-04-01" v="6022750000"/>
        <price t="2020-04-02" v="6123250000"/>
        <price t="2020-04-03" v="6035250000"/>
        <price t="2020-04-06" v="6561750000"/>
        <price t="2020-04-07" v="6485750000"/>
        <price t="2020-04-08" v="6651750000"/>
        <price t="2020-04-09" v="6699750000"/>
        <price t="2020-04-13" v="6831250000"/>
        <price t="2020-04-14" v="7176250000"/>
        <price t="2020-04-15" v="7110750000"/>
        <price t="2020-04-16" v="7167250000"/>
        <price t="2020-04-17" v="7070000000"/>
        <price t="2020-04-20" v="6923250000"/>
        <price t="2020-04-21" v="6709250000"/>
        <price t="2020-04-22" v="6902500000"/>
        <price t="2020-04-23" v="6875750000"/>
        <price t="2020-04-24" v="7074250000"/>
        <price t="2020-04-27" v="7079250000"/>
        <price t="2020-04-28" v="6964500000"/>
        <price t="2020-04-29" v="7193250000"/>
        <price t="2020-04-30" v="7345000000"/>
        <price t="2020-05-01" v="7226750000"/>
        <price t="2020-05-04" v="7329000000"/>
        <price t="2020-05-05" v="7439000000"/>
        <price t="2020-05-06" v="7515750000"/>
        <price t="2020-05-07" v="7593500000"/>
        <price t="2020-05-08" v="7753250000"/>
        <price t="2020-05-11" v="7875250000"/>
        <price t="2020-05-12" v="7785250000"/>
        <price t="2020-05-13" v="7691250000"/>
        <price t="2020-05-14" v="7738500000"/>
        <price t="2020-05-15" v="7692750000"/>
        <price t="2020-05-18" v="7874000000"/>
        <price t="2020-05-19" v="7828500000"/>
        <price t="2020-05-20" v="7980750000"/>
        <price t="2020-05-21" v="7921250000"/>
        <price t="2020-05-22" v="7972250000"/>
        <price t="2020-05-26" v="7918250000"/>
        <price t="2020-05-27" v="7952750000"/>
        <price t="2020-05-28" v="7956250000"/>
        <price t="2020-05-29" v="7948500000"/>
        <price t="2020-06-01" v="8046250000"/>
        <price t="2020-06-02" v="8083500000"/>
        <price t="2020-06-03" v="8128000000"/>
        <price t="2020-06-04" v="8058000000"/>
        <price t="2020-06-05" v="8287500000"/>
        <price t="2020-06-08" v="8336500000"/>
        <price t="2020-06-09" v="8599750000"/>
        <price t="2020-06-10" v="8821000000"/>
        <price t="2020-06-11" v="8397500000"/>
        <price t="2020-06-12" v="8470000000"/>
        <price t="2020-06-15" v="8574750000"/>
        <price t="2020-06-16" v="8802000000"/>
        <price t="2020-06-17" v="8789750000"/>
        <price t="2020-06-18" v="8793250000"/>
        <price t="2020-06-19" v="8743000000"/>
        <price t="2020-06-22" v="8971750000"/>
        <price t="2020-06-23" v="9163250000"/>
        <price t="2020-06-24" v="9001500000"/>
        <price t="2020-06-25" v="9121000000"/>
        <price t="2020-06-26" v="8840750000"/>
        <price t="2020-06-29" v="9044500000"/>
        <price t="2020-06-30" v="9120000000"/>
        <price t="2020-07-01" v="9102750000"/>
        <price t="2020-07-02" v="9102750000"/>
        <price t="2020-07-06" v="9346250000"/>
        <price t="2020-07-07" v="9317250000"/>
        <price t="2020-07-08" v="9534250000"/>
        <price t="2020-07-09" v="9575250000"/>
        <price t="2020-07-10" v="9592000000"/>
        <price t="2020-07-13" v="9547750000"/>
        <price t="2020-07-14" v="9705750000"/>
        <price t="2020-07-15" v="9772500000"/>
        <price t="2020-07-16" v="9652250000"/>
        <price t="2020-07-17" v="9632750000"/>
        <price t="2020-07-20" v="9835750000"/>
        <price t="2020-07-21" v="9700000000"/>
        <price t="2020-07-22" v="9727250000"/>
        <price t="2020-07-23" v="9284500000"/>
        <price t="2020-07-24" v="9261500000"/>
        <price t="2020-07-27" v="9481000000"/>
        <price t="2020-07-28" v="9325250000"/>
        <price t="2020-07-29" v="9504000000"/>
        <price t="2020-07-30" v="9619000000"/>
        <price t="2020-07-31" v="10626000000"/>
        <price t="2020-08-03" v="10893750000"/>
        <price t="2020-08-04" v="10966500000"/>
        <price t="2020-08-05" v="11006250000"/>
        <price t="2020-08-06" v="11390250000"/>
        <price t="2020-08-07" v="11111250000"/>
        <price t="2020-08-10" v="11272750000"/>
        <price t="2020-08-11" v="10937500000"/>
        <price t="2020-08-12" v="11301000000"/>
        <price t="2020-08-13" v="11501000000"/>
        <price t="2020-08-14" v="11490750000"/>
        <price t="2020-08-17" v="11460750000"/>
        <price t="2020-08-18" v="11556250000"/>
        <price t="2020-08-19" v="11570750000"/>
        <price t="2020-08-20" v="11827500000"/>
        <price t="2020-08-21" v="12437000000"/>
        <price t="2020-08-24" v="12585750000"/>
        <price t="2020-08-25" v="12482500000"/>
        <price t="2020-08-26" v="12652250000"/>
        <price t="2020-08-27" v="12501000000"/>
        <price t="2020-08-28" v="12480750000"/>
        <price t="2020-08-31" v="12904000000"/>
        <price t="2020-09-01" v="13418000000"/>
        <price t="2020-09-02" v="13140000000"/>
        <price t="2020-09-03" v="12088000000"/>
        <price t="2020-09-04" v="12096000000"/>
        <price t="2020-09-08" v="11282000000"/>
        <price t="2020-09-09" v="11732000000"/>
        <price t="2020-09-10" v="11349000000"/>
        <price t="2020-09-11" v="11200000000"/>
        <price t="2020-09-14" v="11536000000"/>
        <price t="2020-09-15" v="11554000000"/>
        <price t="2020-09-16" v="11213000000"/>
        <price t="2020-09-17" v="11034000000"/>
        <price t="2020-09-18" v="10684000000"/>
        <price t="2020-09-21" v="11008000000"/>
        <price t="2020-09-22" v="11181000000"/>
        <price t="2020-09-23" v="10712000000"/>
        <price t="2020-09-24" v="10822000000"/>
        <price t="2020-09-25" v="11228000000"/>
        <price t="2020-09-28" v="11496000000"/>
        <price t="2020-09-29" v="11409000000"/>
        <price t="2020-09-30" v="11581000000"/>
        <price t="2020-10-01" v="11679000000"/>
        <price t="2020-10-02" v="11302000000"/>
        <price t="2020-10-05" v="11650000000"/>
        <price t="2020-10-06" v="11316000000"/>
        <price t="2020-10-07" v="11508000000"/>
        <price t="2020-10-08" v="11497000000"/>
        <price t="2020-10-09" v="11697000000"/>
        <price t="2020-10-12" v="12440000000"/>
        <price t="2020-10-13" v="12110000000"/>
        <price t="2020-10-14" v="12119000000"/>
        <price t="2020-10-15" v="12071000000"/>
        <price t="2020-10-16" v="11902000000"/>
        <price t="2020-10-19" v="11598000000"/>
        <price t="2020-10-20" v="11751000000"/>
        <price t="2020-10-21" v="11687000000"/>
        <price t="2020-10-22" v="11575000000"/>
        <price t="2020-10-23" v="11504000000"/>
        <price t="2020-10-26" v="11505000000"/>
        <price t="2020-10-27" v="11660000000"/>
        <price t="2020-10-28" v="11120000000"/>
        <price t="2020-10-29" v="11532000000"/>
        <price t="2020-10-30" v="10886000000"/>
        <price t="2020-11-02" v="10877000000"/>
        <price t="2020-11-03" v="11044000000"/>
        <price t="2020-11-04" v="11495000000"/>
        <price t="2020-11-05" v="11903000000"/>
        <price t="2020-11-06" v="11869000000"/>
        <price t="2020-11-09" v="11632000000"/>
        <price t="2020-11-10" v="11597000000"/>
        <price t="2020-11-11" v="11949000000"/>
        <price t="2020-11-12" v="11921000000"/>
        <price t="2020-11-13" v="11926000000"/>
        <price t="2020-11-16" v="12030000000"/>
        <price t="2020-11-17" v="11939000000"/>
        <price t="2020-11-18" v="11803000000"/>
        <price t="2020-11-19" v="11864000000"/>
        <price t="2020-11-20" v="11734000000"/>
        <price t="2020-11-23" v="11385000000"/>
        <price t="2020-11-24" v="11517000000"/>
        <price t="2020-11-25" v="11603000000"/>
        <price t="2020-11-27" v="11659000000"/>
        <price t="2020-11-30" v="11905000000"/>
        <price t="2020-12-01" v="12272000000"/>
        <price t="2020-12-02" v="12308000000"/>
        <price t="2020-12-03" v="12294000000"/>
        <price t="2020-12-04" v="12225000000"/>
        <price t="2020-12-07" v="12375000000"/>
        <price t="2020-12-08" v="12438000000"/>
        <price t="2020-12-09" v="12178000000"/>
        <price t="2020-12-10" v="12324000000"/>
        <price t="2020-12-11" v="12241000000"/>
        <price t="2020-12-14" v="12178000000"/>
        <price t="2020-12-15" v="12788000000"/>
        <price t="2020-12-16" v="12781000000"/>
        <price t="2020-12-17" v="12870000000"/>
        <price t="2020-12-18" v="12666000000"/>
        <price t="2020-12-21" v="12823000000"/>
        <price t="2020-12-22" v="13188000000"/>
        <price t="2020-12-23" v="13096000000"/>
        <price t="2020-12-24" v="13197000000"/>
        <price t="2020-12-28" v="13669000000"/>
        <price t="2020-12-29" v="13487000000"/>
        <price t="2020-12-30" v="13372000000"/>
        <price t="2020-12-31" v="13269000000"/>
        <price t="2021-01-04" v="12941000000"/>
        <price t="2021-01-05" v="13101000000"/>
        <price t="2021-01-06" v="12660000000"/>
        <price t="2021-01-07" v="13092000000"/>
        <price t="2021-01-08" v="13205000000"/>
        <price t="2021-01-11" v="12898000000"/>
        <price t="2021-01-12" v="12880000000"/>
        <price t="2021-01-13" v="13089000000"/>
        <price t="2021-01-14" v="12891000000"/>
        <price t="2021-01-15" v="12714000000"/>
        <price t="2021-01-19" v="12783000000"/>
        <price t="2021-01-20" v="13203000000"/>
        <price t="2021-01-21" v="13687000000"/>
        <price t="2021-01-22" v="13907000000"/>
        <price t="2021-01-25" v="14292000000"/>
        <price t="2021-01-26" v="14316000000"/>
        <price t="2021-01-27" v="14206000000"/>
        <price t="2021-01-28" v="13709000000"/>
        <price t="2021-01-29" v="13196000000"/>
        <price t="2021-02-01" v="13414000000"/>
        <price t="2021-02-02" v="13499000000"/>
        <price t="2021-02-03" v="13394000000"/>
        <price t="2021-02-04" v="13739000000"/>
        <price t="2021-02-05" v="13676000000"/>
        <price t="2021-02-08" v="13691000000"/>
        <price t="2021-02-09" v="13601000000"/>
        <price t="2021-02-10" v="13539000000"/>
        <price t="2021-02-11" v="13513000000"/>
        <price t="2021-02-12" v="13537000000"/>
        <price t="2021-02-16" v="13319000000"/>
        <price t="2021-02-17" v="13084000000"/>
        <price t="2021-02-18" v="12971000000"/>
        <price t="2021-02-19" v="12987000000"/>
        <price t="2021-02-22" v="12600000000"/>
        <price t="2021-02-23" v="12586000000"/>
        <price t="2021-02-24" v="12535000000"/>
        <price t="2021-02-25" v="12099000000"/>
        <price t="2021-02-26" v="12126000000"/>
        <price t="2021-03-01" v="12779000000"/>
        <price t="2021-03-02" v="12512000000"/>
        <price t="2021-03-03" v="12206000000"/>
        <price t="2021-03-04" v="12013000000"/>
        <price t="2021-03-05" v="12142000000"/>
        <price t="2021-03-08" v="11636000000"/>
        <price t="2021-03-09" v="12109000000"/>
        <price t="2021-03-10" v="11998000000"/>
        <price t="2021-03-11" v="12196000000"/>
        <price t="2021-03-12" v="12103000000"/>
        <price t="2021-03-15" v="12399000000"/>
        <price t="2021-03-16" v="12557000000"/>
        <price t="2021-03-17" v="12476000000"/>
        <price t="2021-03-18" v="12053000000"/>
        <price t="2021-03-19" v="11999000000"/>
        <price t="2021-03-22" v="12339000000"/>
        <price t="2021-03-23" v="12254000000"/>
        <price t="2021-03-24" v="12009000000"/>
        <price t="2021-03-25" v="12059000000"/>
        <price t="2021-03-26" v="12121000000"/>
        <price t="2021-03-29" v="12139000000"/>
        <price t="2021-03-30" v="11990000000"/>
        <price t="2021-03-31" v="12215000000"/>
        <price t="2021-04-01" v="12300000000"/>
        <price t="2021-04-05" v="12590000000"/>
        <price t="2021-04-06" v="12621000000"/>
        <price t="2021-04-07" v="12790000000"/>
        <price t="2021-04-08" v="13036000000"/>
        <price t="2021-04-09" v="13300000000"/>
        <price t="2021-04-12" v="13124000000"/>
        <price t="2021-04-13" v="13443000000"/>
        <price t="2021-04-14" v="13203000000"/>
        <price t="2021-04-15" v="13450000000"/>
        <price t="2021-04-16" v="13416000000"/>
        <price t="2021-04-19" v="13484000000"/>
        <price t="2021-04-20" v="13311000000"/>
        <price t="2021-04-21" v="13350000000"/>
        <price t="2021-04-22" v="13194000000"/>
        <price t="2021-04-23" v="13432000000"/>
        <price t="2021-04-26" v="13472000000"/>
        <price t="2021-04-27" v="13439000000"/>
        <price t="2021-04-28" v="13358000000"/>
        <price t="2021-04-29" v="13348000000"/>
        <price t="2021-04-30" v="13146000000"/>
        <price t="2021-05-03" v="13254000000"/>
        <price t="2021-05-04" v="12785000000"/>
        <price t="2021-05-05" v="12810000000"/>
        <price t="2021-05-06" v="12974000000"/>
        <price t="2021-05-07" v="13021000000"/>
        <price t="2021-05-10" v="12685000000"/>
        <price t="2021-05-11" v="12591000000"/>
        <price t="2021-05-12" v="12277000000"/>
        <price t="2021-05-13" v="12497000000"/>
        <price t="2021-05-14" v="12745000000"/>
        <price t="2021-05-17" v="12627000000"/>
        <price t="2021-05-18" v="12485000000"/>
        <price t="2021-05-19" v="12469000000"/>
        <price t="2021-05-20" v="12731000000"/>
        <price t="2021-05-21" v="12543000000"/>
        <price t="2021-05-24" v="12710000000"/>
        <price t="2021-05-25" v="12690000000"/>
        <price t="2021-05-26" v="12685000000"/>
        <price t="2021-05-27" v="12528000000"/>
        <price t="2021-05-28" v="12461000000"/>
        <price t="2021-06-01" v="12428000000"/>
        <price t="2021-06-02" v="12506000000"/>
        <price t="2021-06-03" v="12354000000"/>
        <price t="2021-06-04" v="12589000000"/>
        <price t="2021-06-07" v="12590000000"/>
        <price t="2021-06-08" v="12674000000"/>
        <price t="2021-06-09" v="12713000000"/>
        <price t="2021-06-10" v="12611000000"/>
        <price t="2021-06-11" v="12735000000"/>
        <price t="2021-06-14" v="13048000000"/>
        <price t="2021-06-15" v="12964000000"/>
        <price t="2021-06-16" v="13015000000"/>
        <price t="2021-06-17" v="13179000000"/>
        <price t="2021-06-18" v="13046000000"/>
        <price t="2021-06-21" v="13230000000"/>
        <price t="2021-06-22" v="13398000000"/>
        <price t="2021-06-23" v="13370000000"/>
        <price t="2021-06-24" v="13341000000"/>
        <price t="2021-06-25" v="13311000000"/>
        <price t="2021-06-28" v="13478000000"/>
        <price t="2021-06-29" v="13633000000"/>
        <price t="2021-06-30" v="13696000000"/>
        <price t="2021-07-01" v="13727000000"/>
        <price t="2021-07-02" v="13996000000"/>
        <price t="2021-07-06" v="14202000000"/>
        <price t="2021-07-07" v="14457000000"/>
        <price t="2021-07-08" v="14324000000"/>
        <price t="2021-07-09" v="14511000000"/>
        <price t="2021-07-12" v="14450000000"/>
        <price t="2021-07-13" v="14564000000"/>
        <price t="2021-07-14" v="14915000000"/>
        <price t="2021-07-15" v="14848000000"/>
        <price t="2021-07-16" v="14639000000"/>
        <price t="2021-07-19" v="14245000000"/>
        <price t="2021-07-20" v="14615000000"/>
        <price t="2021-07-21" v="14540000000"/>
        <price t="2021-07-22" v="14680000000"/>
        <price t="2021-07-23" v="14856000000"/>
        <price t="2021-07-26" v="14899000000"/>
        <price t="2021-07-27" v="14677000000"/>
        <price t="2021-07-28" v="14498000000"/>
        <price t="2021-07-29" v="14564000000"/>
        <price t="2021-07-30" v="14586000000"/>
        <price t="2021-08-02" v="14552000000"/>
        <price t="2021-08-03" v="14736000000"/>
        <price t="2021-08-04" v="14695000000"/>
        <price t="2021-08-05" v="14706000000"/>
        <price t="2021-08-06" v="14614000000"/>
        <price t="2021-08-09" v="14609000000"/>
        <price t="2021-08-10" v="14560000000"/>
        <price t="2021-08-11" v="14586000000"/>
        <price t="2021-08-12" v="14889000000"/>
        <price t="2021-08-13" v="14910000000"/>
        <price t="2021-08-16" v="15112000000"/>
        <price t="2021-08-17" v="15019000000"/>
        <price t="2021-08-18" v="14636000000"/>
        <price t="2021-08-19" v="14670000000"/>
        <price t="2021-08-20" v="14819000000"/>
        <price t="2021-08-23" v="14971000000"/>
        <price t="2021-08-24" v="14962000000"/>
        <price t="2021-08-25" v="14836000000"/>
        <price t="2021-08-26" v="14754000000"/>
        <price t="2021-08-27" v="14860000000"/>
        <price t="2021-08-30" v="15312000000"/>
        <price t="2021-08-31" v="15183000000"/>
        <price t="2021-09-01" v="15251000000"/>
        <price t="2021-09-02" v="15365000000"/>
        <price t="2021-09-03" v="15430000000"/>
        <price t="2021-09-07" v="15669000000"/>
        <price t="2021-09-08" v="15511000000"/>
        <price t="2021-09-09" v="15407000000"/>
        <price t="2021-09-10" v="14897000000"/>
        <price t="2021-09-13" v="14955000000"/>
        <price t="2021-09-14" v="14812000000"/>
        <price t="2021-09-15" v="14903000000"/>
        <price t="2021-09-16" v="14879000000"/>
        <price t="2021-09-17" v="14606000000"/>
        <price t="2021-09-20" v="14294000000"/>
        <price t="2021-09-21" v="14343000000"/>
        <price t="2021-09-22" v="14585000000"/>
        <price t="2021-09-23" v="14683000000"/>
        <price t="2021-09-24" v="14692000000"/>
        <price t="2021-09-27" v="14537000000"/>
        <price t="2021-09-28" v="14191000000"/>
        <price t="2021-09-29" v="14283000000"/>
        <price t="2021-09-30" v="14150000000"/>
        <price t="2021-10-01" v="14265000000"/>
        <price t="2021-10-04" v="13914000000"/>
        <price t="2021-10-05" v="14111000000"/>
        <price t="2021-10-06" v="14200000000"/>
        <price t="2021-10-07" v="14329000000"/>
        <price t="2021-10-08" v="14290000000"/>
        <price t="2021-10-11" v="14281000000"/>
        <price t="2021-10-12" v="14151000000"/>
        <price t="2021-10-13" v="14091000000"/>
        <price t="2021-10-14" v="14376000000"/>
        <price t="2021-10-15" v="14484000000"/>
        <price t="2021-10-18" v="14655000000"/>
        <price t="2021-10-19" v="14876000000"/>
        <price t="2021-10-20" v="14926000000"/>
        <price t="2021-10-21" v="14948000000"/>
        <price t="2021-10-22" v="14869000000"/>
        <price t="2021-10-25" v="14864000000"/>
        <price t="2021-10-26" v="14932000000"/>
        <price t="2021-10-27" v="14885000000"/>
        <price t="2021-10-28" v="15257000000"/>
        <price t="2021-10-29" v="14980000000"/>
        <price t="2021-11-01" v="14896000000"/>
        <price t="2021-11-02" v="15002000000"/>
        <price t="2021-11-03" v="15149000000"/>
        <price t="2021-11-04" v="15096000000"/>
        <price t="2021-11-05" v="15128000000"/>
        <price t="2021-11-08" v="15044000000"/>
        <price t="2021-11-09" v="15081000000"/>
        <price t="2021-11-10" v="14792000000"/>
        <price t="2021-11-11" v="14787000000"/>
        <price t="2021-11-12" v="14999000000"/>
        <price t="2021-11-15" v="15000000000"/>
        <price t="2021-11-16" v="15100000000"/>
        <price t="2021-11-17" v="15349000000"/>
        <price t="2021-11-18" v="15787000000"/>
        <price t="2021-11-19" v="16055000000"/>
        <price t="2021-11-22" v="16102000000"/>
        <price t="2021-11-23" v="16141000000"/>
        <price t="2021-11-24" v="16194000000"/>
        <price t="2021-11-26" v="15681000000"/>
        <price t="2021-11-29" v="16024000000"/>
        <price t="2021-11-30" v="16530000000"/>
        <price t="2021-12-01" v="16477000000"/>
        <price t="2021-12-02" v="16376000000"/>
        <price t="2021-12-03" v="16184000000"/>
        <price t="2021-12-06" v="16532000000"/>
        <price t="2021-12-07" v="17118000000"/>
        <price t="2021-12-08" v="17508000000"/>
        <price t="2021-12-09" v="17456000000"/>
        <price t="2021-12-10" v="17945000000"/>
        <price t="2021-12-13" v="17574000000"/>
        <price t="2021-12-14" v="17433000000"/>
        <price t="2021-12-15" v="17930000000"/>
        <price t="2021-12-16" v="17226000000"/>
        <price t="2021-12-17" v="17114000000"/>
        <price t="2021-12-20" v="16975000000"/>
        <price t="2021-12-21" v="17299000000"/>
        <price t="2021-12-22" v="17564000000"/>
        <price t="2021-12-23" v="17628000000"/>
        <price t="2021-12-27" v="18033000000"/>
        <price t="2021-12-28" v="17929000000"/>
        <price t="2021-12-29" v="17938000000"/>
        <price t="2021-12-30" v="17820000000"/>
        <price t="2021-12-31" v="17757000000"/>
        <price t="2022-01-03" v="18201000000"/>
        <price t="2022-01-04" v="17970000000"/>
        <price t="2022-01-05" v="17492000000"/>
        <price t="2022-01-06" v="17200000000"/>
        <price t="2022-01-07" v="17217000000"/>
        <price t="2022-01-10" v="17219000000"/>
        <price t="2022-01-11" v="17508000000"/>
        <price t="2022-01-12" v="17553000000"/>
        <price t="2022-01-13" v="17219000000"/>
        <price t="2022-01-14" v="17307000000"/>
        <price t="2022-01-18" v="16980000000"/>
        <price t="2022-01-19" v="16623000000"/>
        <price t="2022-01-20" v="16451000000"/>
        <price t="2022-01-21" v="16241000000"/>
        <price t="2022-01-24" v="16162000000"/>
        <price t="2022-01-25" v="15978000000"/>
        <price t="2022-01-26" v="15969000000"/>
        <price t="2022-01-27" v="15922000000"/>
        <price t="2022-01-28" v="17033000000"/>
        <price t="2022-01-31" v="17478000000"/>
        <price t="2022-02-01" v="17461000000"/>
        <price t="2022-02-02" v="17584000000"/>
        <price t="2022-02-03" v="17290000000"/>
        <price t="2022-02-04" v="17239000000"/>
        <price t="2022-02-07" v="17166000000"/>
        <price t="2022-02-08" v="17483000000"/>
        <price t="2022-02-09" v="17628000000"/>
        <price t="2022-02-10" v="17212000000"/>
        <price t="2022-02-11" v="16864000000"/>
        <price t="2022-02-14" v="16888000000"/>
        <price t="2022-02-15" v="17279000000"/>
        <price t="2022-02-16" v="17255000000"/>
        <price t="2022-02-17" v="16888000000"/>
        <price t="2022-02-18" v="16730000000"/>
        <price t="2022-02-22" v="16432000000"/>
        <price t="2022-02-23" v="16007000000"/>
        <price t="2022-02-24" v="16274000000"/>
        <price t="2022-02-25" v="16485000000"/>
        <price t="2022-02-28" v="16512000000"/>
        <price t="2022-03-01" v="16320000000"/>
        <price t="2022-03-02" v="16656000000"/>
        <price t="2022-03-03" v="16623000000"/>
        <price t="2022-03-04" v="16317000000"/>
        <price t="2022-03-07" v="15930000000"/>
        <price t="2022-03-08" v="15744000000"/>
        <price t="2022-03-09" v="16295000000"/>
        <price t="2022-03-10" v="15852000000"/>
        <price t="2022-03-11" v="15473000000"/>
        <price t="2022-03-14" v="15062000000"/>
        <price t="2022-03-15" v="15509000000"/>
        <price t="2022-03-16" v="15959000000"/>
        <price t="2022-03-17" v="16062000000"/>
        <price t="2022-03-18" v="16398000000"/>
        <price t="2022-03-21" v="16538000000"/>
        <price t="2022-03-22" v="16882000000"/>
        <price t="2022-03-23" v="17021000000"/>
        <price t="2022-03-24" v="17407000000"/>
        <price t="2022-03-25" v="17472000000"/>
        <price t="2022-03-28" v="17560000000"/>
        <price t="2022-03-29" v="17896000000"/>
        <price t="2022-03-30" v="17777000000"/>
        <price t="2022-03-31" v="17461000000"/>
        <price t="2022-04-01" v="17431000000"/>
        <price t="2022-04-04" v="17844000000"/>
        <price t="2022-04-05" v="17506000000"/>
        <price t="2022-04-06" v="17183000000"/>
        <price t="2022-04-07" v="17214000000"/>
        <price t="2022-04-08" v="17009000000"/>
        <price t="2022-04-11" v="16575000000"/>
        <price t="2022-04-12" v="16766000000"/>
        <price t="2022-04-13" v="17040000000"/>
        <price t="2022-04-14" v="16529000000"/>
        <price t="2022-04-18" v="16507000000"/>
        <price t="2022-04-19" v="16740000000"/>
        <price t="2022-04-20" v="16723000000"/>
        <price t="2022-04-21" v="16642000000"/>
        <price t="2022-04-22" v="16179000000"/>
        <price t="2022-04-25" v="16288000000"/>
        <price t="2022-04-26" v="15680000000"/>
        <price t="2022-04-27" v="15657000000"/>
        <price t="2022-04-28" v="16364000000"/>
        <price t="2022-04-29" v="15765000000"/>
        <price t="2022-05-02" v="15796000000"/>
        <price t="2022-05-03" v="15948000000"/>
        <price t="2022-05-04" v="16602000000"/>
        <price t="2022-05-05" v="15677000000"/>
        <price t="2022-05-06" v="15728000000"/>
        <price t="2022-05-09" v="15206000000"/>
        <price t="2022-05-10" v="15451000000"/>
        <price t="2022-05-11" v="14650000000"/>
        <price t="2022-05-12" v="14256000000"/>
        <price t="2022-05-13" v="14711000000"/>
        <price t="2022-05-16" v="14554000000"/>
        <price t="2022-05-17" v="14924000000"/>
        <price t="2022-05-18" v="14082000000"/>
        <price t="2022-05-19" v="13735000000"/>
        <price t="2022-05-20" v="13759000000"/>
        <price t="2022-05-23" v="14311000000"/>
        <price t="2022-05-24" v="14036000000"/>
        <price t="2022-05-25" v="14052000000"/>
        <price t="2022-05-26" v="14378000000"/>
        <price t="2022-05-27" v="14964000000"/>
        <price t="2022-05-31" v="14884000000"/>
        <price t="2022-06-01" v="14871000000"/>
        <price t="2022-06-02" v="15121000000"/>
        <price t="2022-06-03" v="14538000000"/>
        <price t="2022-06-06" v="14614000000"/>
        <price t="2022-06-07" v="14871000000"/>
        <price t="2022-06-08" v="14796000000"/>
        <price t="2022-06-09" v="14264000000"/>
        <price t="2022-06-10" v="13713000000"/>
        <price t="2022-06-13" v="13188000000"/>
        <price t="2022-06-14" v="13276000000"/>
        <price t="2022-06-15" v="13543000000"/>
        <price t="2022-06-16" v="13006000000"/>
        <price t="2022-06-17" v="13156000000"/>
        <price t="2022-06-21" v="13587000000"/>
        <price t="2022-06-22" v="13535000000"/>
        <price t="2022-06-23" v="13827000000"/>
        <price t="2022-06-24" v="14166000000"/>
        <price t="2022-06-27" v="14166000000"/>
        <price t="2022-06-28" v="13744000000"/>
        <price t="2022-06-29" v="13923000000"/>
        <price t="2022-06-30" v="13672000000"/>
        <price t="2022-07-01" v="13893000000"/>
        <price t="2022-07-05" v="14156000000"/>
        <price t="2022-07-06" v="14292000000"/>
        <price t="2022-07-07" v="14635000000"/>
        <price t="2022-07-08" v="14704000000"/>
        <price t="2022-07-11" v="14487000000"/>
        <price t="2022-07-12" v="14586000000"/>
        <price t="2022-07-13" v="14549000000"/>
        <price t="2022-07-14" v="14847000000"/>
        <price t="2022-07-15" v="15017000000"/>
        <price t="2022-07-18" v="14707000000"/>
        <price t="2022-07-19" v="15100000000"/>
        <price t="2022-07-20" v="15304000000"/>
        <price t="2022-07-21" v="15535000000"/>
        <price t="2022-07-22" v="15409000000"/>
        <price t="2022-07-25" v="15295000000"/>
        <price t="2022-07-26" v="15160000000"/>
        <price t="2022-07-27" v="15679000000"/>
        <price t="2022-07-28" v="15735000000"/>
        <price t="2022-07-29" v="16251000000"/>
        <price t="2022-08-01" v="16151000000"/>
        <price t="2022-08-02" v="16001000000"/>
        <price t="2022-08-03" v="16613000000"/>
        <price t="2022-08-04" v="16581000000"/>
        <price t="2022-08-05" v="16535000000"/>
        <price t="2022-08-08" v="16487000000"/>
        <price t="2022-08-09" v="16492000000"/>
        <price t="2022-08-10" v="16924000000"/>
        <price t="2022-08-11" v="16849000000"/>
        <price t="2022-08-12" v="17210000000"/>
        <price t="2022-08-15" v="17319000000"/>
        <price t="2022-08-16" v="17303000000"/>
        <price t="2022-08-17" v="17455000000"/>
        <price t="2022-08-18" v="17415000000"/>
        <price t="2022-08-19" v="17152000000"/>
        <price t="2022-08-22" v="16757000000"/>
        <price t="2022-08-23" v="16723000000"/>
        <price t="2022-08-24" v="16753000000"/>
        <price t="2022-08-25" v="17003000000"/>
        <price t="2022-08-26" v="16362000000"/>
        <price t="2022-08-29" v="16138000000"/>
        <price t="2022-08-30" v="15891000000"/>
        <price t="2022-08-31" v="15722000000"/>
        <price t="2022-09-01" v="15796000000"/>
        <price t="2022-09-02" v="15581000000"/>
        <price t="2022-09-06" v="15453000000"/>
        <price t="2022-09-07" v="15596000000"/>
        <price t="2022-09-08" v="15446000000"/>
        <price t="2022-09-09" v="15737000000"/>
        <price t="2022-09-12" v="16343000000"/>
        <price t="2022-09-13" v="15384000000"/>
        <price t="2022-09-14" v="15531000000"/>
        <price t="2022-09-15" v="15237000000"/>
        <price t="2022-09-16" v="15070000000"/>
        <price t="2022-09-19" v="15448000000"/>
        <price t="2022-09-20" v="15690000000"/>
        <price t="2022-09-21" v="15372000000"/>
        <price t="2022-09-22" v="15274000000"/>
        <price t="2022-09-23" v="15043000000"/>
        <price t="2022-09-26" v="15077000000"/>
        <price t="2022-09-27" v="15176000000"/>
        <price t="2022-09-28" v="14984000000"/>
        <price t="2022-09-29" v="14248000000"/>
        <price t="2022-09-30" v="13820000000"/>
        <price t="2022-10-03" v="14245000000"/>
        <price t="2022-10-04" v="14610000000"/>
        <price t="2022-10-05" v="14640000000"/>
        <price t="2022-10-06" v="14543000000"/>
        <price t="2022-10-07" v="14009000000"/>
        <price t="2022-10-10" v="14042000000"/>
        <price t="2022-10-11" v="13898000000"/>
        <price t="2022-10-12" v="13834000000"/>
        <price t="2022-10-13" v="14299000000"/>
        <price t="2022-10-14" v="13838000000"/>
        <price t="2022-10-17" v="14241000000"/>
        <price t="2022-10-18" v="14375000000"/>
        <price t="2022-10-19" v="14386000000"/>
        <price t="2022-10-20" v="14339000000"/>
        <price t="2022-10-21" v="14727000000"/>
        <price t="2022-10-24" v="14945000000"/>
        <price t="2022-10-25" v="15234000000"/>
        <price t="2022-10-26" v="14935000000"/>
        <price t="2022-10-27" v="14480000000"/>
        <price t="2022-10-28" v="15574000000"/>
        <price t="2022-10-31" v="15334000000"/>
        <price t="2022-11-01" v="15065000000"/>
        <price t="2022-11-02" v="14503000000"/>
        <price t="2022-11-03" v="13888000000"/>
        <price t="2022-11-04" v="13838000000"/>
        <price t="2022-11-07" v="13892000000"/>
        <price t="2022-11-08" v="13950000000"/>
        <price t="2022-11-09" v="13487000000"/>
        <price t="2022-11-10" v="14687000000"/>
        <price t="2022-11-11" v="14970000000"/>
        <price t="2022-11-14" v="14828000000"/>
        <price t="2022-11-15" v="15004000000"/>
        <price t="2022-11-16" v="14879000000"/>
        <price t="2022-11-17" v="15072000000"/>
        <price t="2022-11-18" v="15129000000"/>
        <price t="2022-11-21" v="14801000000"/>
        <price t="2022-11-22" v="15018000000"/>
        <price t="2022-11-23" v="15107000000"/>
        <price t="2022-11-25" v="14811000000"/>
        <price t="2022-11-28" v="14422000000"/>
        <price t="2022-11-29" v="14117000000"/>
        <price t="2022-11-30" v="14803000000"/>
        <price t="2022-12-01" v="14831000000"/>
        <price t="2022-12-02" v="14781000000"/>
        <price t="2022-12-05" v="14663000000"/>
        <price t="2022-12-06" v="14291000000"/>
        <price t="2022-12-07" v="14094000000"/>
        <price t="2022-12-08" v="14265000000"/>
        <price t="2022-12-09" v="14216000000"/>
        <price t="2022-12-12" v="14449000000"/>
        <price t="2022-12-13" v="14547000000"/>
        <price t="2022-12-14" v="14321000000"/>
        <price t="2022-12-15" v="13650000000"/>
        <price t="2022-12-16" v="13451000000"/>
        <price t="2022-12-19" v="13237000000"/>
        <price t="2022-12-20" v="13230000000"/>
        <price t="2022-12-21" v="13545000000"/>
        <price t="2022-12-22" v="13223000000"/>
        <price t="2022-12-23" v="13186000000"/>
        <price t="2022-12-27" v="13003000000"/>
        <price t="2022-12-28" v="12604000000"/>
        <price t="2022-12-29" v="12961000000"/>
        <price t="2022-12-30" v="12993000000"/>
        <price t="2023-01-03" v="12507000000"/>
        <price t="2023-01-04" v="12636000000"/>
        <price t="2023-01-05" v="12502000000"/>
        <price t="2023-01-06" v="12962000000"/>
        <price t="2023-01-09" v="13015000000"/>
        <price t="2023-01-10" v="13073000000"/>
        <price t="2023-01-11" v="13349000000"/>
        <price t="2023-01-12" v="13341000000"/>
        <price t="2023-01-13" v="13476000000"/>
        <price t="2023-01-17" v="13594000000"/>
        <price t="2023-01-18" v="13521000000"/>
        <price t="2023-01-19" v="13527000000"/>
        <price t="2023-01-20" v="13787000000"/>
        <price t="2023-01-23" v="14111000000"/>
        <price t="2023-01-24" v="14253000000"/>
        <price t="2023-01-25" v="14186000000"/>
        <price t="2023-01-26" v="14396000000"/>
        <price t="2023-01-27" v="14593000000"/>
        <price t="2023-01-30" v="14300000000"/>
        <price t="2023-01-31" v="14429000000"/>
        <price t="2023-02-01" v="14543000000"/>
        <price t="2023-02-02" v="15082000000"/>
        <price t="2023-02-03" v="15450000000"/>
        <price t="2023-02-06" v="15173000000"/>
        <price t="2023-02-07" v="15465000000"/>
        <price t="2023-02-08" v="15192000000"/>
        <price t="2023-02-09" v="15087000000"/>
        <price t="2023-02-10" v="15101000000"/>
        <price t="2023-02-13" v="15385000000"/>
        <price t="2023-02-14" v="15320000000"/>
        <price t="2023-02-15" v="15533000000"/>
        <price t="2023-02-16" v="15371000000"/>
        <price t="2023-02-17" v="15255000000"/>
        <price t="2023-02-21" v="14848000000"/>
        <price t="2023-02-22" v="14891000000"/>
        <price t="2023-02-23" v="14940000000"/>
        <price t="2023-02-24" v="14671000000"/>
        <price t="2023-02-27" v="14792000000"/>
        <price t="2023-02-28" v="14741000000"/>
        <price t="2023-03-01" v="14531000000"/>
        <price t="2023-03-02" v="14591000000"/>
        <price t="2023-03-03" v="15103000000"/>
        <price t="2023-03-06" v="15383000000"/>
        <price t="2023-03-07" v="15160000000"/>
        <price t="2023-03-08" v="15287000000"/>
        <price t="2023-03-09" v="15059000000"/>
        <price t="2023-03-10" v="14850000000"/>
        <price t="2023-03-13" v="15047000000"/>
        <price t="2023-03-14" v="15259000000"/>
        <price t="2023-03-15" v="15299000000"/>
        <price t="2023-03-16" v="15585000000"/>
        <price t="2023-03-17" v="15500000000"/>
        <price t="2023-03-20" v="15740000000"/>
        <price t="2023-03-21" v="15928000000"/>
        <price t="2023-03-22" v="15783000000"/>
        <price t="2023-03-23" v="15893000000"/>
        <price t="2023-03-24" v="16025000000"/>
        <price t="2023-03-27" v="15828000000"/>
        <price t="2023-03-28" v="15765000000"/>
        <price t="2023-03-29" v="16077000000"/>
        <price t="2023-03-30" v="16236000000"/>
        <price t="2023-03-31" v="16490000000"/>
        <price t="2023-04-03" v="16617000000"/>
        <price t="2023-04-04" v="16563000000"/>
        <price t="2023-04-05" v="16376000000"/>
        <price t="2023-04-06" v="16466000000"/>
        <price t="2023-04-10" v="16203000000"/>
        <price t="2023-04-11" v="16080000000"/>
        <price t="2023-04-12" v="16010000000"/>
        <price t="2023-04-13" v="16556000000"/>
        <price t="2023-04-14" v="16521000000"/>
        <price t="2023-04-17" v="16523000000"/>
        <price t="2023-04-18" v="16647000000"/>
        <price t="2023-04-19" v="16763000000"/>
        <price t="2023-04-20" v="16665000000"/>
        <price t="2023-04-21" v="16502000000"/>
        <price t="2023-04-24" v="16533000000"/>
        <price t="2023-04-25" v="16377000000"/>
        <price t="2023-04-26" v="16376000000"/>
        <price t="2023-04-27" v="16841000000"/>
        <price t="2023-04-28" v="16968000000"/>
        <price t="2023-05-01" v="16959000000"/>
        <price t="2023-05-02" v="16854000000"/>
        <price t="2023-05-03" v="16745000000"/>
        <price t="2023-05-04" v="16579000000"/>
        <price t="2023-05-05" v="17357000000"/>
        <price t="2023-05-08" v="17350000000"/>
        <price t="2023-05-09" v="17177000000"/>
        <price t="2023-05-10" v="17356000000"/>
        <price t="2023-05-11" v="17375000000"/>
        <price t="2023-05-12" v="17257000000"/>
        <price t="2023-05-15" v="17207000000"/>
        <price t="2023-05-16" v="17207000000"/>
        <price t="2023-05-17" v="17269000000"/>
        <price t="2023-05-18" v="17505000000"/>
        <price t="2023-05-19" v="17516000000"/>
        <price t="2023-05-22" v="17420000000"/>
        <price t="2023-05-23" v="17156000000"/>
        <price t="2023-05-24" v="17184000000"/>
        <price t="2023-05-25" v="17299000000"/>
        <price t="2023-05-26" v="17543000000"/>
        <price t="2023-05-30" v="17730000000"/>
        <price t="2023-05-31" v="17725000000"/>
        <price t="2023-06-01" v="18009000000"/>
        <price t="2023-06-02" v="18095000000"/>
        <price t="2023-06-05" v="17958000000"/>
        <price t="2023-06-06" v="17921000000"/>
        <price t="2023-06-07" v="17782000000"/>
        <price t="2023-06-08" v="18057000000"/>
        <price t="2023-06-09" v="18096000000"/>
        <price t="2023-06-12" v="18379000000"/>
        <price t="2023-06-13" v="18331000000"/>
        <price t="2023-06-14" v="18395000000"/>
        <price t="2023-06-15" v="18601000000"/>
        <price t="2023-06-16" v="18492000000"/>
        <price t="2023-06-20" v="18501000000"/>
        <price t="2023-06-21" v="18396000000"/>
        <price t="2023-06-22" v="18700000000"/>
        <price t="2023-06-23" v="18668000000"/>
        <price t="2023-06-26" v="18527000000"/>
        <price t="2023-06-27" v="18806000000"/>
        <price t="2023-06-28" v="18925000000"/>
        <price t="2023-06-29" v="18959000000"/>
        <price t="2023-06-30" v="19397000000"/>
        <price t="2023-07-03" v="19246000000"/>
        <price t="2023-07-05" v="19133000000"/>
        <price t="2023-07-06" v="19181000000"/>
        <price t="2023-07-07" v="19068000000"/>
        <price t="2023-07-10" v="18861000000"/>
        <price t="2023-07-11" v="18808000000"/>
        <price t="2023-07-12" v="18977000000"/>
        <price t="2023-07-13" v="19054000000"/>
        <price t="2023-07-14" v="19069000000"/>
        <price t="2023-07-17" v="19399000000"/>
        <price t="2023-07-18" v="19373000000"/>
        <price t="2023-07-19" v="19510000000"/>
        <price t="2023-07-20" v="19313000000"/>
        <price t="2023-07-21" v="19194000000"/>
        <price t="2023-07-24" v="19275000000"/>
        <price t="2023-07-25" v="19362000000"/>
        <price t="2023-07-26" v="19450000000"/>
        <price t="2023-07-27" v="19322000000"/>
        <price t="2023-07-28" v="19583000000"/>
        <price t="2023-07-31" v="19645000000"/>
        <price t="2023-08-01" v="19561000000"/>
        <price t="2023-08-02" v="19258000000"/>
        <price t="2023-08-03" v="19117000000"/>
        <price t="2023-08-04" v="18199000000"/>
        <price t="2023-08-07" v="17885000000"/>
        <price t="2023-08-08" v="17980000000"/>
        <price t="2023-08-09" v="17819000000"/>
        <price t="2023-08-10" v="17797000000"/>
        <price t="2023-08-11" v="17779000000"/>
        <price t="2023-08-14" v="17946000000"/>
        <price t="2023-08-15" v="17745000000"/>
        <price t="2023-08-16" v="17657000000"/>
        <price t="2023-08-17" v="17400000000"/>
        <price t="2023-08-18" v="17449000000"/>
        <price t="2023-08-21" v="17584000000"/>
        <price t="2023-08-22" v="17723000000"/>
        <price t="2023-08-23" v="18112000000"/>
        <price t="2023-08-24" v="17638000000"/>
        <price t="2023-08-25" v="17861000000"/>
        <price t="2023-08-28" v="18019000000"/>
        <price t="2023-08-29" v="18412000000"/>
        <price t="2023-08-30" v="18765000000"/>
        <price t="2023-08-31" v="18787000000"/>
        <price t="2023-09-01" v="18946000000"/>
        <price t="2023-09-05" v="18970000000"/>
        <price t="2023-09-06" v="18291000000"/>
        <price t="2023-09-07" v="17756000000"/>
        <price t="2023-09-08" v="17818000000"/>
        <price t="2023-09-11" v="17936000000"/>
        <price t="2023-09-12" v="17630000000"/>
        <price t="2023-09-13" v="17421000000"/>
        <price t="2023-09-14" v="17574000000"/>
        <price t="2023-09-15" v="17501000000"/>
        <price t="2023-09-18" v="17797000000"/>
        <price t="2023-09-19" v="17907000000"/>
        <price t="2023-09-20" v="17549000000"/>
        <price t="2023-09-21" v="17393000000"/>
        <price t="2023-09-22" v="17479000000"/>
        <price t="2023-09-25" v="17608000000"/>
        <price t="2023-09-26" v="17196000000"/>
        <price t="2023-09-27" v="17043000000"/>
        <price t="2023-09-28" v="17069000000"/>
        <price t="2023-09-29" v="17121000000"/>
        <price t="2023-10-02" v="17375000000"/>
        <price t="2023-10-03" v="17240000000"/>
        <price t="2023-10-04" v="17366000000"/>
        <price t="2023-10-05" v="17491000000"/>
        <price t="2023-10-06" v="17749000000"/>
        <price t="2023-10-09" v="17899000000"/>
        <price t="2023-10-10" v="17839000000"/>
        <price t="2023-10-11" v="17980000000"/>
        <price t="2023-10-12" v="18071000000"/>
        <price t="2023-10-13" v="17885000000"/>
        <price t="2023-10-16" v="17872000000"/>
        <price t="2023-10-17" v="17715000000"/>
        <price t="2023-10-18" v="17584000000"/>
        <price t="2023-10-19" v="17546000000"/>
        <price t="2023-10-20" v="17288000000"/>
        <price t="2023-10-23" v="17300000000"/>
        <price t="2023-10-24" v="17344000000"/>
        <price t="2023-10-25" v="17110000000"/>
        <price t="2023-10-26" v="16689000000"/>
        <price t="2023-10-27" v="16822000000"/>
        <price t="2023-10-30" v="17029000000"/>
        <price t="2023-10-31" v="17077000000"/>
        <price t="2023-11-01" v="17397000000"/>
        <price t="2023-11-02" v="17757000000"/>
        <price t="2023-11-03" v="17665000000"/>
        <price t="2023-11-06" v="17923000000"/>
        <price t="2023-11-07" v="18182000000"/>
        <price t="2023-11-08" v="18289000000"/>
        <price t="2023-11-09" v="18241000000"/>
        <price t="2023-11-10" v="18640000000"/>
        <price t="2023-11-13" v="18480000000"/>
        <price t="2023-11-14" v="18744000000"/>
        <price t="2023-11-15" v="18801000000"/>
        <price t="2023-11-16" v="18971000000"/>
        <price t="2023-11-17" v="18969000000"/>
        <price t="2023-11-20" v="19145000000"/>
        <price t="2023-11-21" v="19064000000"/>
        <price t="2023-11-22" v="19131000000"/>
        <price t="2023-11-24" v="18997000000"/>
        <price t="2023-11-27" v="18979000000"/>
        <price t="2023-11-28" v="19040000000"/>
        <price t="2023-11-29" v="18937000000"/>
        <price t="2023-11-30" v="18995000000"/>
        <price t="2023-12-01" v="19124000000"/>
        <price t="2023-12-04" v="18943000000"/>
        <price t="2023-12-05" v="19342000000"/>
        <price t="2023-12-06" v="19232000000"/>
        <price t="2023-12-07" v="19427000000"/>
        <price t="2023-12-08" v="19571000000"/>
        <price t="2023-12-11" v="19318000000"/>
        <price t="2023-12-12" v="19471000000"/>
        <price t="2023-12-13" v="19796000000"/>
        <price t="2023-12-14" v="19811000000"/>
        <price t="2023-12-15" v="19757000000"/>
        <price t="2023-12-18" v="19589000000"/>
        <price t="2023-12-19" v="19694000000"/>
        <price t="2023-12-20" v="19483000000"/>
        <price t="2023-12-21" v="19468000000"/>
        <price t="2023-12-22" v="19360000000"/>
        <price t="2023-12-26" v="19305000000"/>
        <price t="2023-12-27" v="19315000000"/>
        <price t="2023-12-28" v="19358000000"/>
        <price t="2023-12-29" v="19253000000"/>
        <price t="2024-01-02" v="18564000000"/>
        <price t="2024-01-03" v="18425000000"/>
        <price t="2024-01-04" v="18191000000"/>
        <price t="2024-01-05" v="18118000000"/>
        <price t="2024-01-08" v="18556000000"/>
        <price t="2024-01-09" v="18514000000"/>
        <price t="2024-01-10" v="18619000000"/>
        <price t="2024-01-11" v="18559000000"/>
        <price t="2024-01-12" v="18592000000"/>
        <price t="2024-01-16" v="18363000000"/>
        <price t="2024-01-17" v="18268000000"/>
        <price t="2024-01-18" v="18863000000"/>
        <price t="2024-01-19" v="19156000000"/>
        <price t="2024-01-22" v="19389000000"/>
        <price t="2024-01-23" v="19518000000"/>
        <price t="2024-01-24" v="19450000000"/>
        <price t="2024-01-25" v="19417000000"/>
        <price t="2024-01-26" v="19242000000"/>
        <price t="2024-01-29" v="19173000000"/>
        <price t="2024-01-30" v="18804000000"/>
        <price t="2024-01-31" v="18440000000"/>
        <price t="2024-02-01" v="18686000000"/>
        <price t="2024-02-02" v="18585000000"/>
        <price t="2024-02-05" v="18768000000"/>
        <price t="2024-02-06" v="18930000000"/>
        <price t="2024-02-07" v="18941000000"/>
        <price t="2024-02-08" v="18832000000"/>
        <price t="2024-02-09" v="18885000000"/>
        <price t="2024-02-12" v="18715000000"/>
        <price t="2024-02-13" v="18504000000"/>
        <price t="2024-02-14" v="18415000000"/>
        <price t="2024-02-15" v="18386000000"/>
        <price t="2024-02-16" v="18231000000"/>
        <price t="2024-02-20" v="18156000000"/>
        <price t="2024-02-21" v="18232000000"/>
        <price t="2024-02-22" v="18437000000"/>
        <price t="2024-02-23" v="18252000000"/>
        <price t="2024-02-26" v="18116000000"/>
        <price t="2024-02-27" v="18263000000"/>
        <price t="2024-02-28" v="18142000000"/>
        <price t="2024-02-29" v="18075000000"/>
        <price t="2024-03-01" v="17966000000"/>
        <price t="2024-03-04" v="17510000000"/>
        <price t="2024-03-05" v="17012000000"/>
        <price t="2024-03-06" v="16912000000"/>
        <price t="2024-03-07" v="16900000000"/>
        <price t="2024-03-08" v="17073000000"/>
        <price t="2024-03-11" v="17275000000"/>
        <price t="2024-03-12" v="17323000000"/>
        <price t="2024-03-13" v="17113000000"/>
        <price t="2024-03-14" v="17300000000"/>
        <price t="2024-03-15" v="17262000000"/>
        <price t="2024-03-18" v="17372000000"/>
        <price t="2024-03-19" v="17608000000"/>
        <price t="2024-03-20" v="17867000000"/>
        <price t="2024-03-21" v="17137000000"/>
        <price t="2024-03-22" v="17228000000"/>
        <price t="2024-03-25" v="17085000000"/>
        <price t="2024-03-26" v="16971000000"/>
        <price t="2024-03-27" v="17331000000"/>
        <price t="2024-03-28" v="17148000000"/>
        <price t="2024-04-01" v="17003000000"/>
        <price t="2024-04-02" v="16884000000"/>
        <price t="2024-04-03" v="16965000000"/>
        <price t="2024-04-04" v="16882000000"/>
        <price t="2024-04-05" v="16958000000"/>
        <price t="2024-04-08" v="16845000000"/>
        <price t="2024-04-09" v="16967000000"/>
        <price t="2024-04-10" v="16778000000"/>
        <price t="2024-04-11" v="17504000000"/>
        <price t="2024-04-12" v="17655000000"/>
        <price t="2024-04-15" v="17269000000"/>
        <price t="2024-04-16" v="16938000000"/>
        <price t="2024-04-17" v="16800000000"/>
        <price t="2024-04-18" v="16704000000"/>
        <price t="2024-04-19" v="16500000000"/>
        <price t="2024-04-22" v="16584000000"/>
        <price t="2024-04-23" v="16690000000"/>
        <price t="2024-04-24" v="16902000000"/>
        <price t="2024-04-25" v="16989000000"/>
        <price t="2024-04-26" v="16930000000"/>
        <price t="2024-04-29" v="17350000000"/>
        <price t="2024-04-30" v="17033000000"/>
        <price t="2024-05-01" v="16930000000"/>
        <price t="2024-05-02" v="17303000000"/>
        <price t="2024-05-03" v="18338000000"/>
        <price t="2024-05-06" v="18171000000"/>
        <price t="2024-05-07" v="18240000000"/>
        <price t="2024-05-08" v="18274000000"/>
        <price t="2024-05-09" v="18457000000"/>
        <price t="2024-05-10" v="18305000000"/>
        <price t="2024-05-13" v="18628000000"/>
        <price t="2024-05-14" v="18743000000"/>
        <price t="2024-05-15" v="18972000000"/>
        <price t="2024-05-16" v="18984000000"/>
        <price t="2024-05-17" v="18987000000"/>
        <price t="2024-05-20" v="19104000000"/>
        <price t="2024-05-21" v="19235000000"/>
        <price t="2024-05-22" v="19090000000"/>
        <price t="2024-05-23" v="18688000000"/>
        <price t="2024-05-24" v="18998000000"/>
        <price t="2024-05-28" v="18999000000"/>
        <price t="2024-05-29" v="19029000000"/>
        <price t="2024-05-30" v="19129000000"/>
        <price t="2024-05-31" v="19225000000"/>
        <price t="2024-06-03" v="19403000000"/>
        <price t="2024-06-04" v="19435000000"/>
        <price t="2024-06-05" v="19587000000"/>
        <price t="2024-06-06" v="19448000000"/>
        <price t="2024-06-07" v="19689000000"/>
        <price t="2024-06-10" v="19312000000"/>
        <price t="2024-06-11" v="20715000000"/>
        <price t="2024-06-12" v="21307000000"/>
        <price t="2024-06-13" v="21424000000"/>
        <price t="2024-06-14" v="21249000000"/>
        <price t="2024-06-17" v="21667000000"/>
        <price t="2024-06-18" v="21429000000"/>
        <price t="2024-06-20" v="20968000000"/>
        <price t="2024-06-21" v="20749000000"/>
        <price t="2024-06-24" v="20814000000"/>
        <price t="2024-06-25" v="20907000000"/>
        <price t="2024-06-26" v="21325000000"/>
        <price t="2024-06-27" v="21410000000"/>
        <price t="2024-06-28" v="21062000000"/>
        <price t="2024-07-01" v="21675000000"/>
        <price t="2024-07-02" v="22027000000"/>
        <price t="2024-07-03" v="22155000000"/>
        <price t="2024-07-05" v="22634000000"/>
        <price t="2024-07-08" v="22782000000"/>
        <price t="2024-07-09" v="22868000000"/>
        <price t="2024-07-10" v="23298000000"/>
        <price t="2024-07-11" v="22757000000"/>
        <price t="2024-07-12" v="23054000000"/>
        <price t="2024-07-15" v="23440000000"/>
        <price t="2024-07-16" v="23482000000"/>
        <price t="2024-07-17" v="22888000000"/>
        <price t="2024-07-18" v="22418000000"/>
        <price t="2024-07-19" v="22431000000"/>
        <price t="2024-07-22" v="22396000000"/>
        <price t="2024-07-23" v="22501000000"/>
        <price t="2024-07-24" v="21854000000"/>
        <price t="2024-07-25" v="21749000000"/>
        <price t="2024-07-26" v="21796000000"/>
        <price t="2024-07-29" v="21824000000"/>
        <price t="2024-07-30" v="21880000000"/>
        <price t="2024-07-31" v="22208000000"/>
        <price t="2024-08-01" v="21836000000"/>
        <price t="2024-08-02" v="21986000000"/>
        <price t="2024-08-05" v="20927000000"/>
        <price t="2024-08-06" v="20723000000"/>
        <price t="2024-08-07" v="20982000000"/>
        <price t="2024-08-08" v="21331000000"/>
        <price t="2024-08-09" v="21624000000"/>
        <price t="2024-08-12" v="21753000000"/>
        <price t="2024-08-13" v="22127000000"/>
        <price t="2024-08-14" v="22172000000"/>
        <price t="2024-08-15" v="22472000000"/>
        <price t="2024-08-16" v="22605000000"/>
        <price t="2024-08-19" v="22589000000"/>
        <price t="2024-08-20" v="22651000000"/>
        <price t="2024-08-21" v="22640000000"/>
        <price t="2024-08-22" v="22453000000"/>
        <price t="2024-08-23" v="22684000000"/>
        <price t="2024-08-26" v="22718000000"/>
        <price t="2024-08-27" v="22803000000"/>
        <price t="2024-08-28" v="22649000000"/>
        <price t="2024-08-29" v="22979000000"/>
        <price t="2024-08-30" v="22900000000"/>
        <price t="2024-09-03" v="22277000000"/>
        <price t="2024-09-04" v="22085000000"/>
        <price t="2024-09-05" v="22238000000"/>
        <price t="2024-09-06" v="22082000000"/>
        <price t="2024-09-09" v="22091000000"/>
        <price t="2024-09-10" v="22011000000"/>
        <price t="2024-09-11" v="22266000000"/>
        <price t="2024-09-12" v="22277000000"/>
        <price t="2024-09-13" v="22250000000"/>
      </prices>
      <latest t="2024-09-13" v="22250000000">
        <high>-1</high>
        <low>-1</low>
        <volume>-1</volume>
      </latest>
      <attributes>
        <map/>
      </attributes>
      <events/>
      <isRetired>false</isRetired>
      <updatedAt>2024-09-16T08:17:03.369915Z</updatedAt>
    </security>
  </securities>
  <watchlists/>
  <accounts>
    <account>
      <uuid>a8844383-5b6c-4b59-b786-d48ccafd628b</uuid>
      <name>broker-A (EUR)</name>
      <currencyCode>EUR</currencyCode>
      <isRetired>false</isRetired>
      <transactions>
        <account-transaction>
          <uuid>8da79b94-a553-4efd-904f-78cb446b641a</uuid>
          <date>2022-01-03T00:00</date>
          <currencyCode>EUR</currencyCode>
          <amount>36950</amount>
          <security reference="../../../../../securities/security"/>
          <crossEntry class="buysell">
            <portfolio>
              <uuid>ccd0ccf0-d4cd-4c16-8316-2b8727eb514d</uuid>
              <name>broker-A</name>
              <isRetired>false</isRetired>
              <referenceAccount reference="../../../../.."/>
              <transactions>
                <portfolio-transaction>
                  <uuid>35f86c7a-3017-4790-82d8-8622cf19c970</uuid>
                  <date>2022-01-03T00:00</date>
                  <currencyCode>EUR</currencyCode>
                  <amount>36950</amount>
                  <security reference="../../../../../../../../../securities/security"/>
                  <crossEntry class="buysell" reference="../../../.."/>
                  <shares>500000000</shares>
                  <updatedAt>2024-02-13T08:05:49.082930900Z</updatedAt>
                  <type>BUY</type>
                </portfolio-transaction>
                <portfolio-transaction>
                  <uuid>f15f89e0-2f8d-4563-a551-d4a2bd010155</uuid>
                  <date>2023-01-03T00:00</date>
                  <currencyCode>EUR</currencyCode>
                  <amount>34300</amount>
                  <security reference="../../../../../../../../../securities/security"/>
                  <crossEntry class="buysell">
                    <portfolio reference="../../../.."/>
                    <portfolioTransaction reference="../.."/>
                    <account reference="../../../../../../../.."/>
                    <accountTransaction>
                      <uuid>46f75019-eeb8-41f7-87f5-b321876feb1d</uuid>
                      <date>2023-01-03T00:00</date>
                      <currencyCode>EUR</currencyCode>
                      <amount>34300</amount>
                      <security reference="../../../../../../../../../../../securities/security"/>
                      <crossEntry class="buysell" reference="../.."/>
                      <shares>0</shares>
                      <updatedAt>2024-02-13T08:06:20.894932200Z</updatedAt>
                      <type>BUY</type>
                    </accountTransaction>
                  </crossEntry>
                  <shares>500000000</shares>
                  <updatedAt>2024-02-13T08:06:20.894932200Z</updatedAt>
                  <type>BUY</type>
                </portfolio-transaction>
                <portfolio-transaction>
                  <uuid>1405e802-c108-471c-81f5-927b5e6d9f7e</uuid>
                  <date>2022-01-03T00:00</date>
                  <currencyCode>EUR</currencyCode>
                  <amount>36950</amount>
                  <security reference="../../../../../../../../../securities/security[2]"/>
                  <crossEntry class="buysell">
                    <portfolio reference="../../../.."/>
                    <portfolioTransaction reference="../.."/>
                    <account reference="../../../../../../../.."/>
                    <accountTransaction>
                      <uuid>0e4a1378-8ab6-4bfe-8ceb-4a94f85d1bcd</uuid>
                      <date>2022-01-03T00:00</date>
                      <currencyCode>EUR</currencyCode>
                      <amount>36950</amount>
                      <security reference="../../../../../../../../../../../securities/security[2]"/>
                      <crossEntry class="buysell" reference="../.."/>
                      <shares>0</shares>
                      <updatedAt>2024-02-13T08:07:42.084833400Z</updatedAt>
                      <type>BUY</type>
                    </accountTransaction>
                  </crossEntry>
                  <shares>1089800000</shares>
                  <updatedAt>2024-02-13T08:09:07.828936400Z</updatedAt>
                  <type>BUY</type>
                </portfolio-transaction>
                <portfolio-transaction>
                  <uuid>893c4e65-95f5-418a-86bd-981d027eea8f</uuid>
                  <date>2023-01-03T00:00</date>
                  <currencyCode>EUR</currencyCode>
                  <amount>34300</amount>
                  <security reference="../../../../../../../../../securities/security[2]"/>
                  <crossEntry class="buysell">
                    <portfolio reference="../../../.."/>
                    <portfolioTransaction reference="../.."/>
                    <account reference="../../../../../../../.."/>
                    <accountTransaction>
                      <uuid>9e75ac3e-e373-4620-93d2-d772ea12d335</uuid>
                      <date>2023-01-03T00:00</date>
                      <currencyCode>EUR</currencyCode>
                      <amount>34300</amount>
                      <security reference="../../../../../../../../../../../securities/security[2]"/>
                      <crossEntry class="buysell" reference="../.."/>
                      <shares>0</shares>
                      <updatedAt>2024-02-13T08:08:01.320884600Z</updatedAt>
                      <type>BUY</type>
                    </accountTransaction>
                  </crossEntry>
                  <shares>1089800000</shares>
                  <updatedAt>2024-02-13T08:09:07.828936400Z</updatedAt>
                  <type>BUY</type>
                </portfolio-transaction>
                <portfolio-transaction>
                  <uuid>6d9fdd79-6d29-4f32-ae50-f840d97eee91</uuid>
                  <date>2023-09-14T00:00</date>
                  <currencyCode>EUR</currencyCode>
                  <amount>64110</amount>
                  <security reference="../../../../../../../../../securities/security"/>
                  <crossEntry class="buysell">
                    <portfolio reference="../../../.."/>
                    <portfolioTransaction reference="../.."/>
                    <account reference="../../../../../../../.."/>
                    <accountTransaction>
                      <uuid>a174c14b-5eeb-4798-a505-b9bf9bc59fe0</uuid>
                      <date>2023-09-14T00:00</date>
                      <currencyCode>EUR</currencyCode>
                      <amount>64110</amount>
                      <security reference="../../../../../../../../../../../securities/security"/>
                      <crossEntry class="buysell" reference="../.."/>
                      <shares>0</shares>
                      <updatedAt>2024-02-13T08:22:42.879180600Z</updatedAt>
                      <type>SELL</type>
                    </accountTransaction>
                  </crossEntry>
                  <shares>1000000000</shares>
                  <updatedAt>2024-02-13T08:22:42.879180600Z</updatedAt>
                  <type>SELL</type>
                </portfolio-transaction>
                <portfolio-transaction>
                  <uuid>8100339d-e412-42b9-acf9-85a1d8a591f7</uuid>
                  <date>2023-09-14T00:00</date>
                  <currencyCode>EUR</currencyCode>
                  <amount>64110</amount>
                  <security reference="../../../../../../../../../securities/security"/>
                  <crossEntry class="buysell">
                    <portfolio reference="../../../.."/>
                    <portfolioTransaction reference="../.."/>
                    <account reference="../../../../../../../.."/>
                    <accountTransaction>
                      <uuid>7290c538-149b-45a7-87bd-e50f11a27c0b</uuid>
                      <date>2023-09-14T00:00</date>
                      <currencyCode>EUR</currencyCode>
                      <amount>64110</amount>
                      <security reference="../../../../../../../../../../../securities/security"/>
                      <crossEntry class="buysell" reference="../.."/>
                      <shares>0</shares>
                      <updatedAt>2024-02-13T08:38:39.322993400Z</updatedAt>
                      <type>BUY</type>
                    </accountTransaction>
                  </crossEntry>
                  <shares>2179600000</shares>
                  <updatedAt>2024-02-13T08:38:39.322993400Z</updatedAt>
                  <type>BUY</type>
                </portfolio-transaction>
                <portfolio-transaction>
                  <uuid>d90240a1-8dcd-40b0-87ad-69d52e3d94c4</uuid>
                  <date>2023-09-14T00:00</date>
                  <currencyCode>EUR</currencyCode>
                  <amount>2341</amount>
                  <security reference="../../../../../../../../../securities/security"/>
                  <crossEntry class="buysell">
                    <portfolio reference="../../../.."/>
                    <portfolioTransaction reference="../.."/>
                    <account reference="../../../../../../../.."/>
                    <accountTransaction>
                      <uuid>c834289f-f76f-4cfd-865d-a4e1ae370637</uuid>
                      <date>2023-09-14T00:00</date>
                      <currencyCode>EUR</currencyCode>
                      <amount>2341</amount>
                      <security reference="../../../../../../../../../../../securities/security"/>
                      <crossEntry class="buysell" reference="../.."/>
                      <shares>0</shares>
                      <updatedAt>2024-02-13T08:40:46.205249800Z</updatedAt>
                      <type>SELL</type>
                    </accountTransaction>
                  </crossEntry>
                  <shares>79600000</shares>
                  <updatedAt>2024-02-13T08:40:46.205249800Z</updatedAt>
                  <type>SELL</type>
                </portfolio-transaction>
              </transactions>
              <attributes>
                <map/>
              </attributes>
              <updatedAt>2023-06-07T17:57:54.777434100Z</updatedAt>
            </portfolio>
            <portfolioTransaction reference="../portfolio/transactions/portfolio-transaction"/>
            <account reference="../../../.."/>
            <accountTransaction reference="../.."/>
          </crossEntry>
          <shares>0</shares>
          <updatedAt>2024-02-13T08:05:49.082930900Z</updatedAt>
          <type>BUY</type>
        </account-transaction>
        <account-transaction reference="../account-transaction/crossEntry/portfolio/transactions/portfolio-transaction[2]/crossEntry/accountTransaction"/>
        <account-transaction reference="../account-transaction/crossEntry/portfolio/transactions/portfolio-transaction[3]/crossEntry/accountTransaction"/>
        <account-transaction reference="../account-transaction/crossEntry/portfolio/transactions/portfolio-transaction[4]/crossEntry/accountTransaction"/>
        <account-transaction reference="../account-transaction/crossEntry/portfolio/transactions/portfolio-transaction[5]/crossEntry/accountTransaction"/>
        <account-transaction reference="../account-transaction/crossEntry/portfolio/transactions/portfolio-transaction[6]/crossEntry/accountTransaction"/>
        <account-transaction reference="../account-transaction/crossEntry/portfolio/transactions/portfolio-transaction[7]/crossEntry/accountTransaction"/>
      </transactions>
      <attributes>
        <map/>
      </attributes>
      <updatedAt>2023-06-07T17:58:03.601398500Z</updatedAt>
    </account>
    <account>
      <uuid>954059d0-d009-47fe-a8e0-4b522a88a2aa</uuid>
      <name>broker-A (USD)</name>
      <currencyCode>USD</currencyCode>
      <isRetired>false</isRetired>
      <transactions/>
      <attributes>
        <map/>
      </attributes>
      <updatedAt>2024-01-13T18:48:11.296788800Z</updatedAt>
    </account>
    <account>
      <uuid>a1ef80f1-b379-4f42-8211-89cacf9a5c21</uuid>
      <name>broker-B (EUR)</name>
      <currencyCode>EUR</currencyCode>
      <isRetired>false</isRetired>
      <transactions/>
      <attributes>
        <map/>
      </attributes>
      <updatedAt>2024-01-13T20:16:10.076875600Z</updatedAt>
    </account>
    <account>
      <uuid>6b80f960-fcef-4bae-ba8e-0163db4962a2</uuid>
      <name>broker-B (USD)</name>
      <currencyCode>USD</currencyCode>
      <isRetired>false</isRetired>
      <transactions/>
      <attributes>
        <map/>
      </attributes>
      <updatedAt>2024-01-13T20:16:30.101652600Z</updatedAt>
    </account>
  </accounts>
  <portfolios>
    <portfolio reference="../../accounts/account/transactions/account-transaction/crossEntry/portfolio"/>
    <portfolio>
      <uuid>4bf19ec7-0129-4aa7-9b16-b1053d435b81</uuid>
      <name>broker-B</name>
      <isRetired>false</isRetired>
      <referenceAccount reference="../../../accounts/account"/>
      <transactions/>
      <attributes>
        <map/>
      </attributes>
      <updatedAt>2024-01-13T10:57:11.323304300Z</updatedAt>
    </portfolio>
  </portfolios>
  <plans/>
  <taxonomies/>
  <dashboards>
    <dashboard name="Dashboard">
      <id>c27301fb-19fc-4ff6-b60c-ec0636e23c99</id>
      <configuration>
        <entry>
          <string>REPORTING_PERIOD</string>
          <string>L1Y0</string>
        </entry>
      </configuration>
      <columns>
        <column>
          <weight>1</weight>
          <widgets>
            <widget type="HEADING">
              <label>Key Indicators</label>
            </widget>
            <widget type="TTWROR">
              <label>True Time-Weighted Rate of Return (cumulative)</label>
              <configuration/>
            </widget>
            <widget type="IRR">
              <label>Internal Rate of Return (IRR)</label>
              <configuration/>
            </widget>
            <widget type="ABSOLUTE_CHANGE">
              <label>Absolute Change</label>
              <configuration/>
            </widget>
            <widget type="DELTA">
              <label>Delta (for reporting period)</label>
              <configuration/>
            </widget>
            <widget type="HEADING">
              <label>Last Day</label>
            </widget>
            <widget type="TTWROR">
              <label>True Time-Weighted Rate of Return (cumulative)</label>
              <configuration>
                <entry>
                  <string>REPORTING_PERIOD</string>
                  <string>T1</string>
                </entry>
              </configuration>
            </widget>
            <widget type="ABSOLUTE_CHANGE">
              <label>Absolute Change</label>
              <configuration>
                <entry>
                  <string>REPORTING_PERIOD</string>
                  <string>T1</string>
                </entry>
              </configuration>
            </widget>
          </widgets>
        </column>
        <column>
          <weight>1</weight>
          <widgets>
            <widget type="HEADING">
              <label>Risk Indicators</label>
            </widget>
            <widget type="MAXDRAWDOWN">
              <label>Maximum Drawdown</label>
              <configuration/>
            </widget>
            <widget type="MAXDRAWDOWNDURATION">
              <label>Max Drawdown Duration</label>
              <configuration/>
            </widget>
            <widget type="VOLATILITY">
              <label>Volatility</label>
              <configuration/>
            </widget>
            <widget type="SEMIVOLATILITY">
              <label>Semivariance</label>
              <configuration/>
            </widget>
          </widgets>
        </column>
        <column>
          <weight>1</weight>
          <widgets>
            <widget type="HEADING">
              <label>Calculation</label>
            </widget>
            <widget type="CALCULATION">
              <label>Performance Calculation</label>
              <configuration/>
            </widget>
          </widgets>
        </column>
      </columns>
    </dashboard>
  </dashboards>
  <properties>
    <entry>
      <string>security-chart-details</string>
      <string>SCALING_LINEAR,INVESTMENT,DIVIDENDS,EVENTS,SHOW_MAIN_HORIZONTAL_LINES</string>
    </entry>
  </properties>
  <settings>
    <bookmarks>
      <bookmark>
        <label>finance.yahoo.com</label>
        <pattern>http://finance.yahoo.com/quote/{tickerSymbol}</pattern>
      </bookmark>
      <bookmark>
        <label>onvista.de</label>
        <pattern>http://www.onvista.de/suche.html?SEARCH_VALUE={isin}</pattern>
      </bookmark>
      <bookmark>
        <label>finanzen.net</label>
        <pattern>http://www.finanzen.net/suchergebnis.asp?frmAktiensucheTextfeld={isin}</pattern>
      </bookmark>
      <bookmark>
        <label>ariva.de</label>
        <pattern>http://www.ariva.de/{isin}</pattern>
      </bookmark>
      <bookmark>
        <label>justetf.com  (ETF)</label>
        <pattern>https://www.justetf.com/etf-profile.html?isin={isin}</pattern>
      </bookmark>
      <bookmark>
        <label>fondsweb.com</label>
        <pattern>http://www.fondsweb.com/{isin}</pattern>
      </bookmark>
      <bookmark>
        <label>morningstar.de</label>
        <pattern>http://www.morningstar.de/de/funds/SecuritySearchResults.aspx?type=ALL&amp;search={isin}</pattern>
      </bookmark>
      <bookmark>
        <label>extraETF.com (ETF)</label>
        <pattern>https://extraetf.com/etf-profile/{isin}</pattern>
      </bookmark>
      <bookmark>
        <label>alleaktien.de (Share)</label>
        <pattern>https://www.alleaktien.de/quantitativ/{isin}/</pattern>
      </bookmark>
      <bookmark>
        <label>comdirect.de (Share)</label>
        <pattern>https://www.comdirect.de/inf/aktien/{isin}</pattern>
      </bookmark>
      <bookmark>
        <label>comdirect.de (ETF)</label>
        <pattern>https://www.comdirect.de/inf/etfs/{isin}</pattern>
      </bookmark>
      <bookmark>
        <label>divvydiary.com</label>
        <pattern>https://divvydiary.com/symbols/{isin}</pattern>
      </bookmark>
      <bookmark>
        <label>trackingdifferences.com (ETF)</label>
        <pattern>https://www.trackingdifferences.com/ETF/ISIN/{isin}</pattern>
      </bookmark>
      <bookmark>
        <label>tradingview.com</label>
        <pattern>https://www.tradingview.com/chart/?symbol=XETR:{tickerSymbolPrefix}</pattern>
      </bookmark>
      <bookmark>
        <label>cnbc.com (Share)</label>
        <pattern>https://www.cnbc.com/quotes/{tickerSymbolPrefix}</pattern>
      </bookmark>
      <bookmark>
        <label>nasdaq.com (Share)</label>
        <pattern>https://www.nasdaq.com/market-activity/stocks/{tickerSymbolPrefix}</pattern>
      </bookmark>
    </bookmarks>
    <attributeTypes>
      <attribute-type>
        <id>logo</id>
        <name>Logo</name>
        <columnLabel>Logo</columnLabel>
        <target>name.abuchen.portfolio.model.Security</target>
        <type>java.lang.String</type>
        <converterClass>name.abuchen.portfolio.model.AttributeType$ImageConverter</converterClass>
      </attribute-type>
      <attribute-type>
        <id>logo</id>
        <name>Logo</name>
        <columnLabel>Logo</columnLabel>
        <target>name.abuchen.portfolio.model.Account</target>
        <type>java.lang.String</type>
        <converterClass>name.abuchen.portfolio.model.AttributeType$ImageConverter</converterClass>
      </attribute-type>
      <attribute-type>
        <id>logo</id>
        <name>Logo</name>
        <columnLabel>Logo</columnLabel>
        <target>name.abuchen.portfolio.model.Portfolio</target>
        <type>java.lang.String</type>
        <converterClass>name.abuchen.portfolio.model.AttributeType$ImageConverter</converterClass>
      </attribute-type>
      <attribute-type>
        <id>logo</id>
        <name>Logo</name>
        <columnLabel>Logo</columnLabel>
        <target>name.abuchen.portfolio.model.InvestmentPlan</target>
        <type>java.lang.String</type>
        <converterClass>name.abuchen.portfolio.model.AttributeType$ImageConverter</converterClass>
      </attribute-type>
      <attribute-type>
        <id>ter</id>
        <name>Total Expense Ratio (TER)</name>
        <columnLabel>TER</columnLabel>
        <source>ter</source>
        <target>name.abuchen.portfolio.model.Security</target>
        <type>java.lang.Double</type>
        <converterClass>name.abuchen.portfolio.model.AttributeType$PercentConverter</converterClass>
      </attribute-type>
      <attribute-type>
        <id>aum</id>
        <name>Assets under Management</name>
        <columnLabel>AUM</columnLabel>
        <target>name.abuchen.portfolio.model.Security</target>
        <type>java.lang.Long</type>
        <converterClass>name.abuchen.portfolio.model.AttributeType$AmountPlainConverter</converterClass>
      </attribute-type>
      <attribute-type>
        <id>vendor</id>
        <name>Vendor</name>
        <columnLabel>Vendor</columnLabel>
        <source>vendor</source>
        <target>name.abuchen.portfolio.model.Security</target>
        <type>java.lang.String</type>
        <converterClass>name.abuchen.portfolio.model.AttributeType$StringConverter</converterClass>
      </attribute-type>
      <attribute-type>
        <id>acquisitionFee</id>
        <name>Acquisition Fee (percentage)</name>
        <columnLabel>Acquisition Fee</columnLabel>
        <target>name.abuchen.portfolio.model.Security</target>
        <type>java.lang.Double</type>
        <converterClass>name.abuchen.portfolio.model.AttributeType$PercentConverter</converterClass>
      </attribute-type>
      <attribute-type>
        <id>managementFee</id>
        <name>Management Fee (percentage)</name>
        <columnLabel>Management Fee</columnLabel>
        <target>name.abuchen.portfolio.model.Security</target>
        <type>java.lang.Double</type>
        <converterClass>name.abuchen.portfolio.model.AttributeType$PercentConverter</converterClass>
      </attribute-type>
    </attributeTypes>
    <configurationSets>
      <entry>
        <string>StatementOfAssetsHistoryView-PICKER</string>
        <config-set>
          <configurations>
            <config>
              <uuid>6a5bd133-1dd6-439d-a4dd-f1038913cad2</uuid>
              <name>Standard</name>
              <data>Securityd5b2f238-3652-470a-8cc2-cc4e4c28a544;#ffff80;SOLID;false;2,Security9fa48143-a7ef-4443-927b-8c1ef0e16fe6;#ff8040;SOLID;false;2</data>
            </config>
          </configurations>
        </config-set>
      </entry>
      <entry>
        <string>ReturnsVolatilityChartView-PICKER</string>
        <config-set>
          <configurations>
            <config>
              <uuid>6c2d3073-1d95-4f1f-b51f-03dfac0891dd</uuid>
              <name>Standard</name>
              <data>Client-totals;#000000;SOLID;false;2</data>
            </config>
          </configurations>
        </config-set>
      </entry>
      <entry>
        <string>name.abuchen.portfolio.ui.views.SecuritiesPerformanceView</string>
        <config-set>
          <configurations>
            <config>
              <uuid>3580a087-a144-41e6-b45e-351eb5535064</uuid>
              <name>Standard</name>
              <data>{&quot;items&quot;:[{&quot;id&quot;:&quot;shares&quot;,&quot;width&quot;:114},{&quot;id&quot;:&quot;name&quot;,&quot;sortDirection&quot;:1024,&quot;width&quot;:248},{&quot;id&quot;:&quot;pv&quot;,&quot;width&quot;:120},{&quot;id&quot;:&quot;pp&quot;,&quot;width&quot;:176},{&quot;id&quot;:&quot;quote&quot;,&quot;width&quot;:103},{&quot;id&quot;:&quot;5&quot;,&quot;width&quot;:104},{&quot;id&quot;:&quot;changeonpreviousamount&quot;,&quot;width&quot;:120},{&quot;id&quot;:&quot;mv&quot;,&quot;width&quot;:138},{&quot;id&quot;:&quot;sumdiv&quot;,&quot;width&quot;:125},{&quot;id&quot;:&quot;izf&quot;,&quot;width&quot;:114},{&quot;id&quot;:&quot;delta&quot;,&quot;width&quot;:164}]}</data>
            </config>
          </configurations>
        </config-set>
      </entry>
      <entry>
        <string>PerformanceChartView-PICKER</string>
        <config-set>
          <configurations>
            <config>
              <uuid>7600e16d-0168-49d1-aadb-18c66a64bc8f</uuid>
              <name>Standard</name>
              <data>Client-totals;#000000;SOLID;false;2</data>
            </config>
          </configurations>
        </config-set>
      </entry>
      <entry>
        <string>name.abuchen.portfolio.ui.views.SecuritiesTable</string>
        <config-set>
          <configurations>
            <config>
              <uuid>ace4b28f-3207-4dc2-95fa-edc3936851f9</uuid>
              <name>Standard</name>
              <data>{&quot;items&quot;:[{&quot;id&quot;:&quot;0&quot;,&quot;sortDirection&quot;:128,&quot;width&quot;:400},{&quot;id&quot;:&quot;note&quot;,&quot;width&quot;:200},{&quot;id&quot;:&quot;1&quot;,&quot;width&quot;:100},{&quot;id&quot;:&quot;2&quot;,&quot;width&quot;:111},{&quot;id&quot;:&quot;7&quot;,&quot;width&quot;:97},{&quot;id&quot;:&quot;4&quot;,&quot;width&quot;:102},{&quot;id&quot;:&quot;5&quot;,&quot;width&quot;:80},{&quot;id&quot;:&quot;changeonpreviousamount&quot;,&quot;width&quot;:136},{&quot;id&quot;:&quot;9&quot;,&quot;width&quot;:164},{&quot;id&quot;:&quot;10&quot;,&quot;width&quot;:171},{&quot;id&quot;:&quot;q-date-first-historic&quot;,&quot;width&quot;:167}]}</data>
            </config>
          </configurations>
        </config-set>
      </entry>
      <entry>
        <string>reporting-periods</string>
        <config-set>
          <configurations>
            <config>
              <uuid></uuid>
              <name></name>
              <data>L1Y0</data>
            </config>
            <config>
              <uuid></uuid>
              <name></name>
              <data>L2Y0</data>
            </config>
            <config>
              <uuid></uuid>
              <name></name>
              <data>L3Y0</data>
            </config>
            <config>
              <uuid></uuid>
              <name></name>
              <data>F2022-06-12_2023-06-12</data>
            </config>
            <config>
              <uuid></uuid>
              <name></name>
              <data>F2020-06-12_2023-06-12</data>
            </config>
            <config>
              <uuid></uuid>
              <name></name>
              <data>F2021-06-12_2023-06-12</data>
            </config>
          </configurations>
        </config-set>
      </entry>
      <entry>
        <string>name.abuchen.portfolio.ui.views.StatementOfAssetsViewer</string>
        <config-set>
          <configurations>
            <config>
              <uuid>5626df9e-7f9b-47e2-b7f4-07557fdf6e55</uuid>
              <name>Standard</name>
              <data>{&quot;items&quot;:[{&quot;id&quot;:&quot;0&quot;,&quot;width&quot;:80},{&quot;id&quot;:&quot;1&quot;,&quot;width&quot;:300},{&quot;id&quot;:&quot;2&quot;,&quot;width&quot;:121},{&quot;id&quot;:&quot;4&quot;,&quot;width&quot;:112},{&quot;id&quot;:&quot;5&quot;,&quot;width&quot;:222},{&quot;id&quot;:&quot;6&quot;,&quot;width&quot;:239},{&quot;id&quot;:&quot;note&quot;,&quot;width&quot;:200},{&quot;id&quot;:&quot;7&quot;,&quot;width&quot;:128}]}</data>
            </config>
          </configurations>
        </config-set>
      </entry>
      <entry>
        <string>client-filter-definitions</string>
        <config-set>
          <configurations/>
        </config-set>
      </entry>
      <entry>
        <string>client-filter-selection</string>
        <config-set>
          <configurations>
            <config>
              <uuid>PaymentsViewModel</uuid>
              <name></name>
              <data></data>
            </config>
          </configurations>
        </config-set>
      </entry>
    </configurationSets>
  </settings>
</client>